14:24:33 [TestNG-test-Test-3] INFO  verifyingGetItIn2DaysFilterFunctionality_Mobile_14-24-33 - No existing WebDriver found for current thread. Initializing a new ChromeDriver...
14:24:33 [TestNG-test-Test-3] INFO  verifyingGetItIn2DaysFilterFunctionality_Mobile_14-24-33 - WebDriverManager: chromedriver setup OK
14:24:35 [TestNG-test-Test-3] INFO  verifyingGetItIn2DaysFilterFunctionality_Mobile_14-24-33 - ChromeDriver initialized successfully for thread: 36
14:24:36 [TestNG-test-Test-3] INFO  verifyingGetItIn2DaysFilterFunctionality_Mobile_14-24-33 - [verifyingGetItIn2DaysFilterFunctionality_Mobile_14-24-33] Opening amazon Landing page
14:24:36 [TestNG-test-Test-3] INFO  verifyingGetItIn2DaysFilterFunctionality_Mobile_14-24-33 - [verifyingGetItIn2DaysFilterFunctionality_Mobile_14-24-33] Within safeFindElement method
14:24:41 [TestNG-test-Test-3] INFO  verifyingGetItIn2DaysFilterFunctionality_Mobile_14-24-33 - [verifyingGetItIn2DaysFilterFunctionality_Mobile_14-24-33]Retrying findElement for: ->By.xpath: //a[@id='nav-logo-sprites']
14:24:41 [TestNG-test-Test-3] INFO  verifyingGetItIn2DaysFilterFunctionality_Mobile_14-24-33 - [verifyingGetItIn2DaysFilterFunctionality_Mobile_14-24-33]Refrehsing the page , while trying to safely find : ->By.xpath: //a[@id='nav-logo-sprites']
14:24:47 [TestNG-test-Test-3] INFO  verifyingGetItIn2DaysFilterFunctionality_Mobile_14-24-33 - [verifyingGetItIn2DaysFilterFunctionality_Mobile_14-24-33]Retrying findElement for: ->By.xpath: //a[@id='nav-logo-sprites']
14:24:47 [TestNG-test-Test-3] INFO  verifyingGetItIn2DaysFilterFunctionality_Mobile_14-24-33 - [verifyingGetItIn2DaysFilterFunctionality_Mobile_14-24-33]Refrehsing the page , while trying to safely find : ->By.xpath: //a[@id='nav-logo-sprites']
14:24:47 [TestNG-test-Test-3] INFO  verifyingGetItIn2DaysFilterFunctionality_Mobile_14-24-33 - [verifyingGetItIn2DaysFilterFunctionality_Mobile_14-24-33] Skipping action: Element not found after 2   attemps
14:24:54 [TestNG-test-Test-3] INFO  verifyingGetItIn2DaysFilterFunctionality_Mobile_14-24-33 - [verifyingGetItIn2DaysFilterFunctionality_Mobile_14-24-33] Giving input within the search bar
14:24:54 [TestNG-test-Test-3] INFO  verifyingGetItIn2DaysFilterFunctionality_Mobile_14-24-33 - [verifyingGetItIn2DaysFilterFunctionality_Mobile_14-24-33] Within safeClick method
14:24:58 [TestNG-test-Test-3] INFO  verifyingGetItIn2DaysFilterFunctionality_Mobile_14-24-33 - [verifyingGetItIn2DaysFilterFunctionality_Mobile_14-24-33] Clicked the  [[ChromeDriver: chrome on windows (7796933d727cd493da3d0ca4994e82ac)] -> xpath: //input[@id='nav-search-submit-button']]   using safeClick
14:24:58 [TestNG-test-Test-3] INFO  verifyingGetItIn2DaysFilterFunctionality_Mobile_14-24-33 - [verifyingGetItIn2DaysFilterFunctionality_Mobile_14-24-33] Clicking on the submit in the search bar
14:24:58 [TestNG-test-Test-3] INFO  verifyingGetItIn2DaysFilterFunctionality_Mobile_14-24-33 - [verifyingGetItIn2DaysFilterFunctionality_Mobile_14-24-33] Waiting until element is visible in viewport
14:24:58 [TestNG-test-Test-3] INFO  verifyingGetItIn2DaysFilterFunctionality_Mobile_14-24-33 - [verifyingGetItIn2DaysFilterFunctionality_Mobile_14-24-33] Within validateDeliveryFilterOptionsWithResult method
14:24:58 [TestNG-test-Test-3] INFO  verifyingGetItIn2DaysFilterFunctionality_Mobile_14-24-33 - [verifyingGetItIn2DaysFilterFunctionality_Mobile_14-24-33] Within safeClick method
14:25:01 [TestNG-test-Test-3] INFO  verifyingGetItIn2DaysFilterFunctionality_Mobile_14-24-33 - [verifyingGetItIn2DaysFilterFunctionality_Mobile_14-24-33] Clicked the  [[ChromeDriver: chrome on windows (7796933d727cd493da3d0ca4994e82ac)] -> xpath: //span[@class='a-size-base a-color-base puis-bold-weight-text' and text()='Delivery Day']/parent::div/following-sibling::ul//span[@class='a-size-base a-color-base' and text()='Get It in 2 Days']]   using safeClick
14:25:01 [TestNG-test-Test-3] INFO  verifyingGetItIn2DaysFilterFunctionality_Mobile_14-24-33 - [verifyingGetItIn2DaysFilterFunctionality_Mobile_14-24-33] Within getMoreButtonByFilterTypeAndName method
14:25:01 [TestNG-test-Test-3] INFO  verifyingGetItIn2DaysFilterFunctionality_Mobile_14-24-33 - [verifyingGetItIn2DaysFilterFunctionality_Mobile_14-24-33] Clicked on By.xpath: //span[@class='a-size-base a-color-base puis-bold-weight-text' and text()='Delivery Day']/parent::div/following-sibling::ul//span[@class='a-size-base a-color-base' and text()='Get It in 2 Days']
14:25:01 [TestNG-test-Test-3] INFO  verifyingGetItIn2DaysFilterFunctionality_Mobile_14-24-33 - [verifyingGetItIn2DaysFilterFunctionality_Mobile_14-24-33] Within safeFindElements 
14:25:01 [TestNG-test-Test-3] INFO  verifyingGetItIn2DaysFilterFunctionality_Mobile_14-24-33 - [verifyingGetItIn2DaysFilterFunctionality_Mobile_14-24-33] Returning the  [[[ChromeDriver: chrome on windows (7796933d727cd493da3d0ca4994e82ac)] -> xpath: //div[@class='a-section a-spacing-small a-spacing-top-small']], [[ChromeDriver: chrome on windows (7796933d727cd493da3d0ca4994e82ac)] -> xpath: //div[@class='a-section a-spacing-small a-spacing-top-small']], [[ChromeDriver: chrome on windows (7796933d727cd493da3d0ca4994e82ac)] -> xpath: //div[@class='a-section a-spacing-small a-spacing-top-small']], [[ChromeDriver: chrome on windows (7796933d727cd493da3d0ca4994e82ac)] -> xpath: //div[@class='a-section a-spacing-small a-spacing-top-small']], [[ChromeDriver: chrome on windows (7796933d727cd493da3d0ca4994e82ac)] -> xpath: //div[@class='a-section a-spacing-small a-spacing-top-small']], [[ChromeDriver: chrome on windows (7796933d727cd493da3d0ca4994e82ac)] -> xpath: //div[@class='a-section a-spacing-small a-spacing-top-small']], [[ChromeDriver: chrome on windows (7796933d727cd493da3d0ca4994e82ac)] -> xpath: //div[@class='a-section a-spacing-small a-spacing-top-small']], [[ChromeDriver: chrome on windows (7796933d727cd493da3d0ca4994e82ac)] -> xpath: //div[@class='a-section a-spacing-small a-spacing-top-small']], [[ChromeDriver: chrome on windows (7796933d727cd493da3d0ca4994e82ac)] -> xpath: //div[@class='a-section a-spacing-small a-spacing-top-small']], [[ChromeDriver: chrome on windows (7796933d727cd493da3d0ca4994e82ac)] -> xpath: //div[@class='a-section a-spacing-small a-spacing-top-small']], [[ChromeDriver: chrome on windows (7796933d727cd493da3d0ca4994e82ac)] -> xpath: //div[@class='a-section a-spacing-small a-spacing-top-small']], [[ChromeDriver: chrome on windows (7796933d727cd493da3d0ca4994e82ac)] -> xpath: //div[@class='a-section a-spacing-small a-spacing-top-small']], [[ChromeDriver: chrome on windows (7796933d727cd493da3d0ca4994e82ac)] -> xpath: //div[@class='a-section a-spacing-small a-spacing-top-small']], [[ChromeDriver: chrome on windows (7796933d727cd493da3d0ca4994e82ac)] -> xpath: //div[@class='a-section a-spacing-small a-spacing-top-small']], [[ChromeDriver: chrome on windows (7796933d727cd493da3d0ca4994e82ac)] -> xpath: //div[@class='a-section a-spacing-small a-spacing-top-small']], [[ChromeDriver: chrome on windows (7796933d727cd493da3d0ca4994e82ac)] -> xpath: //div[@class='a-section a-spacing-small a-spacing-top-small']]] from the safeFindElements method
14:25:01 [TestNG-test-Test-3] INFO  verifyingGetItIn2DaysFilterFunctionality_Mobile_14-24-33 - [verifyingGetItIn2DaysFilterFunctionality_Mobile_14-24-33] Created hashset with required data to assert with Within validateDeliveryFilterOptions method
14:25:01 [TestNG-test-Test-3] INFO  verifyingGetItIn2DaysFilterFunctionality_Mobile_14-24-33 - [verifyingGetItIn2DaysFilterFunctionality_Mobile_14-24-33] this is the set  [Apr, Today, 04, 05, FREE delivery, Sat, Sun, Tomorrow]
14:25:01 [TestNG-test-Test-3] INFO  verifyingGetItIn2DaysFilterFunctionality_Mobile_14-24-33 - [verifyingGetItIn2DaysFilterFunctionality_Mobile_14-24-33] Within deliveryElements loop iterating over the products  Within validateDeliveryFilterOptions method
14:25:01 [TestNG-test-Test-3] INFO  verifyingGetItIn2DaysFilterFunctionality_Mobile_14-24-33 - [verifyingGetItIn2DaysFilterFunctionality_Mobile_14-24-33] Checking if the allowedDateParts have the assert text   Within validateDeliveryFilterOptions method
14:25:01 [TestNG-test-Test-3] INFO  verifyingGetItIn2DaysFilterFunctionality_Mobile_14-24-33 - [verifyingGetItIn2DaysFilterFunctionality_Mobile_14-24-33] Within deliveryElements loop iterating over the products  Within validateDeliveryFilterOptions method
14:25:01 [TestNG-test-Test-3] INFO  verifyingGetItIn2DaysFilterFunctionality_Mobile_14-24-33 - [verifyingGetItIn2DaysFilterFunctionality_Mobile_14-24-33] Checking if the allowedDateParts have the assert text   Within validateDeliveryFilterOptions method
14:25:01 [TestNG-test-Test-3] INFO  verifyingGetItIn2DaysFilterFunctionality_Mobile_14-24-33 - [verifyingGetItIn2DaysFilterFunctionality_Mobile_14-24-33] Within deliveryElements loop iterating over the products  Within validateDeliveryFilterOptions method
14:25:01 [TestNG-test-Test-3] INFO  verifyingGetItIn2DaysFilterFunctionality_Mobile_14-24-33 - [verifyingGetItIn2DaysFilterFunctionality_Mobile_14-24-33] Checking if the allowedDateParts have the assert text   Within validateDeliveryFilterOptions method
14:25:01 [TestNG-test-Test-3] INFO  verifyingGetItIn2DaysFilterFunctionality_Mobile_14-24-33 - [verifyingGetItIn2DaysFilterFunctionality_Mobile_14-24-33] Within deliveryElements loop iterating over the products  Within validateDeliveryFilterOptions method
14:25:01 [TestNG-test-Test-3] INFO  verifyingGetItIn2DaysFilterFunctionality_Mobile_14-24-33 - [verifyingGetItIn2DaysFilterFunctionality_Mobile_14-24-33] Checking if the allowedDateParts have the assert text   Within validateDeliveryFilterOptions method
14:25:01 [TestNG-test-Test-3] INFO  verifyingGetItIn2DaysFilterFunctionality_Mobile_14-24-33 - [verifyingGetItIn2DaysFilterFunctionality_Mobile_14-24-33] Within deliveryElements loop iterating over the products  Within validateDeliveryFilterOptions method
14:25:01 [TestNG-test-Test-3] INFO  verifyingGetItIn2DaysFilterFunctionality_Mobile_14-24-33 - [verifyingGetItIn2DaysFilterFunctionality_Mobile_14-24-33] Checking if the allowedDateParts have the assert text   Within validateDeliveryFilterOptions method
14:25:01 [TestNG-test-Test-3] INFO  verifyingGetItIn2DaysFilterFunctionality_Mobile_14-24-33 - [verifyingGetItIn2DaysFilterFunctionality_Mobile_14-24-33] Within deliveryElements loop iterating over the products  Within validateDeliveryFilterOptions method
14:25:01 [TestNG-test-Test-3] INFO  verifyingGetItIn2DaysFilterFunctionality_Mobile_14-24-33 - [verifyingGetItIn2DaysFilterFunctionality_Mobile_14-24-33] Checking if the allowedDateParts have the assert text   Within validateDeliveryFilterOptions method
14:25:01 [TestNG-test-Test-3] INFO  verifyingGetItIn2DaysFilterFunctionality_Mobile_14-24-33 - [verifyingGetItIn2DaysFilterFunctionality_Mobile_14-24-33] Within deliveryElements loop iterating over the products  Within validateDeliveryFilterOptions method
14:25:01 [TestNG-test-Test-3] INFO  verifyingGetItIn2DaysFilterFunctionality_Mobile_14-24-33 - [verifyingGetItIn2DaysFilterFunctionality_Mobile_14-24-33] Checking if the allowedDateParts have the assert text   Within validateDeliveryFilterOptions method
14:25:01 [TestNG-test-Test-3] INFO  verifyingGetItIn2DaysFilterFunctionality_Mobile_14-24-33 - [verifyingGetItIn2DaysFilterFunctionality_Mobile_14-24-33] Within deliveryElements loop iterating over the products  Within validateDeliveryFilterOptions method
14:25:01 [TestNG-test-Test-3] INFO  verifyingGetItIn2DaysFilterFunctionality_Mobile_14-24-33 - [verifyingGetItIn2DaysFilterFunctionality_Mobile_14-24-33] Checking if the allowedDateParts have the assert text   Within validateDeliveryFilterOptions method
14:25:01 [TestNG-test-Test-3] INFO  verifyingGetItIn2DaysFilterFunctionality_Mobile_14-24-33 - [verifyingGetItIn2DaysFilterFunctionality_Mobile_14-24-33] Within deliveryElements loop iterating over the products  Within validateDeliveryFilterOptions method
14:25:01 [TestNG-test-Test-3] INFO  verifyingGetItIn2DaysFilterFunctionality_Mobile_14-24-33 - [verifyingGetItIn2DaysFilterFunctionality_Mobile_14-24-33] Checking if the allowedDateParts have the assert text   Within validateDeliveryFilterOptions method
14:25:01 [TestNG-test-Test-3] INFO  verifyingGetItIn2DaysFilterFunctionality_Mobile_14-24-33 - [verifyingGetItIn2DaysFilterFunctionality_Mobile_14-24-33] Within deliveryElements loop iterating over the products  Within validateDeliveryFilterOptions method
14:25:01 [TestNG-test-Test-3] INFO  verifyingGetItIn2DaysFilterFunctionality_Mobile_14-24-33 - [verifyingGetItIn2DaysFilterFunctionality_Mobile_14-24-33] Checking if the allowedDateParts have the assert text   Within validateDeliveryFilterOptions method
14:25:01 [TestNG-test-Test-3] INFO  verifyingGetItIn2DaysFilterFunctionality_Mobile_14-24-33 - [verifyingGetItIn2DaysFilterFunctionality_Mobile_14-24-33] Within deliveryElements loop iterating over the products  Within validateDeliveryFilterOptions method
14:25:02 [TestNG-test-Test-3] INFO  verifyingGetItIn2DaysFilterFunctionality_Mobile_14-24-33 - [verifyingGetItIn2DaysFilterFunctionality_Mobile_14-24-33] Checking if the allowedDateParts have the assert text   Within validateDeliveryFilterOptions method
14:25:02 [TestNG-test-Test-3] INFO  verifyingGetItIn2DaysFilterFunctionality_Mobile_14-24-33 - [verifyingGetItIn2DaysFilterFunctionality_Mobile_14-24-33] Within deliveryElements loop iterating over the products  Within validateDeliveryFilterOptions method
14:25:02 [TestNG-test-Test-3] INFO  verifyingGetItIn2DaysFilterFunctionality_Mobile_14-24-33 - [verifyingGetItIn2DaysFilterFunctionality_Mobile_14-24-33] Checking if the allowedDateParts have the assert text   Within validateDeliveryFilterOptions method
14:25:02 [TestNG-test-Test-3] INFO  verifyingGetItIn2DaysFilterFunctionality_Mobile_14-24-33 - [verifyingGetItIn2DaysFilterFunctionality_Mobile_14-24-33] Within deliveryElements loop iterating over the products  Within validateDeliveryFilterOptions method
14:25:02 [TestNG-test-Test-3] INFO  verifyingGetItIn2DaysFilterFunctionality_Mobile_14-24-33 - [verifyingGetItIn2DaysFilterFunctionality_Mobile_14-24-33] Checking if the allowedDateParts have the assert text   Within validateDeliveryFilterOptions method
14:25:02 [TestNG-test-Test-3] INFO  verifyingGetItIn2DaysFilterFunctionality_Mobile_14-24-33 - [verifyingGetItIn2DaysFilterFunctionality_Mobile_14-24-33] Within deliveryElements loop iterating over the products  Within validateDeliveryFilterOptions method
14:25:02 [TestNG-test-Test-3] INFO  verifyingGetItIn2DaysFilterFunctionality_Mobile_14-24-33 - [verifyingGetItIn2DaysFilterFunctionality_Mobile_14-24-33] Checking if the allowedDateParts have the assert text   Within validateDeliveryFilterOptions method
14:25:02 [TestNG-test-Test-3] INFO  verifyingGetItIn2DaysFilterFunctionality_Mobile_14-24-33 - [verifyingGetItIn2DaysFilterFunctionality_Mobile_14-24-33] Within deliveryElements loop iterating over the products  Within validateDeliveryFilterOptions method
14:25:02 [TestNG-test-Test-3] INFO  verifyingGetItIn2DaysFilterFunctionality_Mobile_14-24-33 - [verifyingGetItIn2DaysFilterFunctionality_Mobile_14-24-33] Checking if the allowedDateParts have the assert text   Within validateDeliveryFilterOptions method
14:25:02 [TestNG-test-Test-3] INFO  verifyingGetItIn2DaysFilterFunctionality_Mobile_14-24-33 - [verifyingGetItIn2DaysFilterFunctionality_Mobile_14-24-33] Within deliveryElements loop iterating over the products  Within validateDeliveryFilterOptions method
14:25:02 [TestNG-test-Test-3] INFO  verifyingGetItIn2DaysFilterFunctionality_Mobile_14-24-33 - [verifyingGetItIn2DaysFilterFunctionality_Mobile_14-24-33] Checking if the allowedDateParts have the assert text   Within validateDeliveryFilterOptions method
14:25:02 [TestNG-test-Test-3] INFO  verifyingGetItIn2DaysFilterFunctionality_Mobile_14-24-33 - [verifyingGetItIn2DaysFilterFunctionality_Mobile_14-24-33] Returning the list with boolean values   Within validateDeliveryFilterOptions method
14:25:02 [TestNG-test-Test-3] INFO  verifyingGetItIn2DaysFilterFunctionality_Mobile_14-24-33 - [verifyingGetItIn2DaysFilterFunctionality_Mobile_14-24-33] Asserting delivery filter: isValid=true, index=-1, text=All the things are valid no errors
