20:27:42 [TestNG-test-Test-3] INFO  verifyingGetItByTomorrowFilterFunctionality_Mobile_20-27-42 - No existing WebDriver found for current thread. Initializing a new ChromeDriver...
20:27:42 [TestNG-test-Test-3] INFO  verifyingGetItByTomorrowFilterFunctionality_Mobile_20-27-42 - WebDriverManager: chromedriver setup OK
20:27:44 [TestNG-test-Test-3] INFO  verifyingGetItByTomorrowFilterFunctionality_Mobile_20-27-42 - ChromeDriver initialized successfully for thread: 36
20:27:44 [TestNG-test-Test-3] INFO  verifyingGetItByTomorrowFilterFunctionality_Mobile_20-27-42 - [verifyingGetItByTomorrowFilterFunctionality_Mobile_20-27-42] Opening amazon Landing page
20:27:44 [TestNG-test-Test-3] INFO  verifyingGetItByTomorrowFilterFunctionality_Mobile_20-27-42 - [verifyingGetItByTomorrowFilterFunctionality_Mobile_20-27-42] Within safeFindElement method
20:27:47 [TestNG-test-Test-3] INFO  verifyingGetItByTomorrowFilterFunctionality_Mobile_20-27-42 - [verifyingGetItByTomorrowFilterFunctionality_Mobile_20-27-42]Found the element returning it ,element ->[[ChromeDriver: chrome on windows (3cff5b265c0428922a48a263fe404f7b)] -> xpath: //a[@id='nav-logo-sprites']]
20:27:47 [TestNG-test-Test-3] INFO  verifyingGetItByTomorrowFilterFunctionality_Mobile_20-27-42 - [verifyingGetItByTomorrowFilterFunctionality_Mobile_20-27-42] Giving input within the search bar
20:27:47 [TestNG-test-Test-3] INFO  verifyingGetItByTomorrowFilterFunctionality_Mobile_20-27-42 - [verifyingGetItByTomorrowFilterFunctionality_Mobile_20-27-42] Within safeClick method
20:27:49 [TestNG-test-Test-3] INFO  verifyingGetItByTomorrowFilterFunctionality_Mobile_20-27-42 - [verifyingGetItByTomorrowFilterFunctionality_Mobile_20-27-42] Clicked the  [[ChromeDriver: chrome on windows (3cff5b265c0428922a48a263fe404f7b)] -> xpath: //input[@id='nav-search-submit-button']]   using safeClick
20:27:49 [TestNG-test-Test-3] INFO  verifyingGetItByTomorrowFilterFunctionality_Mobile_20-27-42 - [verifyingGetItByTomorrowFilterFunctionality_Mobile_20-27-42] Clicking on the submit in the search bar
20:27:50 [TestNG-test-Test-3] INFO  verifyingGetItByTomorrowFilterFunctionality_Mobile_20-27-42 - [verifyingGetItByTomorrowFilterFunctionality_Mobile_20-27-42] Waiting until element is visible in viewport
20:27:50 [TestNG-test-Test-3] INFO  verifyingGetItByTomorrowFilterFunctionality_Mobile_20-27-42 - [verifyingGetItByTomorrowFilterFunctionality_Mobile_20-27-42] Within validateDeliveryFilterOptionsWithResult method
20:27:50 [TestNG-test-Test-3] INFO  verifyingGetItByTomorrowFilterFunctionality_Mobile_20-27-42 - [verifyingGetItByTomorrowFilterFunctionality_Mobile_20-27-42] Within safeClick method
20:27:50 [TestNG-test-Test-3] INFO  verifyingGetItByTomorrowFilterFunctionality_Mobile_20-27-42 - [verifyingGetItByTomorrowFilterFunctionality_Mobile_20-27-42] Clicked the  [[ChromeDriver: chrome on windows (3cff5b265c0428922a48a263fe404f7b)] -> xpath: //span[@class='a-size-base a-color-base puis-bold-weight-text' and text()='Delivery Day']/parent::div/following-sibling::ul//span[@class='a-size-base a-color-base' and text()='Get It by Tomorrow']]   using safeClick
20:27:50 [TestNG-test-Test-3] INFO  verifyingGetItByTomorrowFilterFunctionality_Mobile_20-27-42 - [verifyingGetItByTomorrowFilterFunctionality_Mobile_20-27-42] Within getMoreButtonByFilterTypeAndName method
20:27:50 [TestNG-test-Test-3] INFO  verifyingGetItByTomorrowFilterFunctionality_Mobile_20-27-42 - [verifyingGetItByTomorrowFilterFunctionality_Mobile_20-27-42] Clicked on By.xpath: //span[@class='a-size-base a-color-base puis-bold-weight-text' and text()='Delivery Day']/parent::div/following-sibling::ul//span[@class='a-size-base a-color-base' and text()='Get It by Tomorrow']
20:27:50 [TestNG-test-Test-3] INFO  verifyingGetItByTomorrowFilterFunctionality_Mobile_20-27-42 - [verifyingGetItByTomorrowFilterFunctionality_Mobile_20-27-42] Within safeFindElements 
20:27:51 [TestNG-test-Test-3] INFO  verifyingGetItByTomorrowFilterFunctionality_Mobile_20-27-42 - [verifyingGetItByTomorrowFilterFunctionality_Mobile_20-27-42] Returning the  [[[ChromeDriver: chrome on windows (3cff5b265c0428922a48a263fe404f7b)] -> xpath: //div[@class='a-section a-spacing-small a-spacing-top-small']], [[ChromeDriver: chrome on windows (3cff5b265c0428922a48a263fe404f7b)] -> xpath: //div[@class='a-section a-spacing-small a-spacing-top-small']], [[ChromeDriver: chrome on windows (3cff5b265c0428922a48a263fe404f7b)] -> xpath: //div[@class='a-section a-spacing-small a-spacing-top-small']], [[ChromeDriver: chrome on windows (3cff5b265c0428922a48a263fe404f7b)] -> xpath: //div[@class='a-section a-spacing-small a-spacing-top-small']], [[ChromeDriver: chrome on windows (3cff5b265c0428922a48a263fe404f7b)] -> xpath: //div[@class='a-section a-spacing-small a-spacing-top-small']], [[ChromeDriver: chrome on windows (3cff5b265c0428922a48a263fe404f7b)] -> xpath: //div[@class='a-section a-spacing-small a-spacing-top-small']], [[ChromeDriver: chrome on windows (3cff5b265c0428922a48a263fe404f7b)] -> xpath: //div[@class='a-section a-spacing-small a-spacing-top-small']], [[ChromeDriver: chrome on windows (3cff5b265c0428922a48a263fe404f7b)] -> xpath: //div[@class='a-section a-spacing-small a-spacing-top-small']], [[ChromeDriver: chrome on windows (3cff5b265c0428922a48a263fe404f7b)] -> xpath: //div[@class='a-section a-spacing-small a-spacing-top-small']], [[ChromeDriver: chrome on windows (3cff5b265c0428922a48a263fe404f7b)] -> xpath: //div[@class='a-section a-spacing-small a-spacing-top-small']], [[ChromeDriver: chrome on windows (3cff5b265c0428922a48a263fe404f7b)] -> xpath: //div[@class='a-section a-spacing-small a-spacing-top-small']], [[ChromeDriver: chrome on windows (3cff5b265c0428922a48a263fe404f7b)] -> xpath: //div[@class='a-section a-spacing-small a-spacing-top-small']], [[ChromeDriver: chrome on windows (3cff5b265c0428922a48a263fe404f7b)] -> xpath: //div[@class='a-section a-spacing-small a-spacing-top-small']], [[ChromeDriver: chrome on windows (3cff5b265c0428922a48a263fe404f7b)] -> xpath: //div[@class='a-section a-spacing-small a-spacing-top-small']], [[ChromeDriver: chrome on windows (3cff5b265c0428922a48a263fe404f7b)] -> xpath: //div[@class='a-section a-spacing-small a-spacing-top-small']], [[ChromeDriver: chrome on windows (3cff5b265c0428922a48a263fe404f7b)] -> xpath: //div[@class='a-section a-spacing-small a-spacing-top-small']]] from the safeFindElements method
20:27:51 [TestNG-test-Test-3] INFO  verifyingGetItByTomorrowFilterFunctionality_Mobile_20-27-42 - [verifyingGetItByTomorrowFilterFunctionality_Mobile_20-27-42] Created hashset with required data to assert with Within validateDeliveryFilterOptions method
20:27:51 [TestNG-test-Test-3] INFO  verifyingGetItByTomorrowFilterFunctionality_Mobile_20-27-42 - [verifyingGetItByTomorrowFilterFunctionality_Mobile_20-27-42] this is the set  [Jun, Today, Tue, FREE delivery, Wed, 09, Tomorrow, 10]
20:27:51 [TestNG-test-Test-3] INFO  verifyingGetItByTomorrowFilterFunctionality_Mobile_20-27-42 - [verifyingGetItByTomorrowFilterFunctionality_Mobile_20-27-42] Within deliveryElements loop iterating over the products  Within validateDeliveryFilterOptions method
20:27:51 [TestNG-test-Test-3] INFO  verifyingGetItByTomorrowFilterFunctionality_Mobile_20-27-42 - [verifyingGetItByTomorrowFilterFunctionality_Mobile_20-27-42] Checking if the allowedDateParts have the assert text   Within validateDeliveryFilterOptions method
20:27:51 [TestNG-test-Test-3] INFO  verifyingGetItByTomorrowFilterFunctionality_Mobile_20-27-42 - [verifyingGetItByTomorrowFilterFunctionality_Mobile_20-27-42] Within deliveryElements loop iterating over the products  Within validateDeliveryFilterOptions method
20:27:51 [TestNG-test-Test-3] INFO  verifyingGetItByTomorrowFilterFunctionality_Mobile_20-27-42 - [verifyingGetItByTomorrowFilterFunctionality_Mobile_20-27-42] Checking if the allowedDateParts have the assert text   Within validateDeliveryFilterOptions method
20:27:51 [TestNG-test-Test-3] INFO  verifyingGetItByTomorrowFilterFunctionality_Mobile_20-27-42 - [verifyingGetItByTomorrowFilterFunctionality_Mobile_20-27-42] Within deliveryElements loop iterating over the products  Within validateDeliveryFilterOptions method
20:27:51 [TestNG-test-Test-3] INFO  verifyingGetItByTomorrowFilterFunctionality_Mobile_20-27-42 - [verifyingGetItByTomorrowFilterFunctionality_Mobile_20-27-42] Checking if the allowedDateParts have the assert text   Within validateDeliveryFilterOptions method
20:27:51 [TestNG-test-Test-3] INFO  verifyingGetItByTomorrowFilterFunctionality_Mobile_20-27-42 - [verifyingGetItByTomorrowFilterFunctionality_Mobile_20-27-42] Within deliveryElements loop iterating over the products  Within validateDeliveryFilterOptions method
20:27:51 [TestNG-test-Test-3] INFO  verifyingGetItByTomorrowFilterFunctionality_Mobile_20-27-42 - [verifyingGetItByTomorrowFilterFunctionality_Mobile_20-27-42] Checking if the allowedDateParts have the assert text   Within validateDeliveryFilterOptions method
20:27:51 [TestNG-test-Test-3] INFO  verifyingGetItByTomorrowFilterFunctionality_Mobile_20-27-42 - [verifyingGetItByTomorrowFilterFunctionality_Mobile_20-27-42] Within deliveryElements loop iterating over the products  Within validateDeliveryFilterOptions method
20:27:51 [TestNG-test-Test-3] INFO  verifyingGetItByTomorrowFilterFunctionality_Mobile_20-27-42 - [verifyingGetItByTomorrowFilterFunctionality_Mobile_20-27-42] Checking if the allowedDateParts have the assert text   Within validateDeliveryFilterOptions method
20:27:51 [TestNG-test-Test-3] INFO  verifyingGetItByTomorrowFilterFunctionality_Mobile_20-27-42 - [verifyingGetItByTomorrowFilterFunctionality_Mobile_20-27-42] Within deliveryElements loop iterating over the products  Within validateDeliveryFilterOptions method
20:27:51 [TestNG-test-Test-3] INFO  verifyingGetItByTomorrowFilterFunctionality_Mobile_20-27-42 - [verifyingGetItByTomorrowFilterFunctionality_Mobile_20-27-42] Checking if the allowedDateParts have the assert text   Within validateDeliveryFilterOptions method
20:27:51 [TestNG-test-Test-3] INFO  verifyingGetItByTomorrowFilterFunctionality_Mobile_20-27-42 - [verifyingGetItByTomorrowFilterFunctionality_Mobile_20-27-42] Within deliveryElements loop iterating over the products  Within validateDeliveryFilterOptions method
20:27:51 [TestNG-test-Test-3] INFO  verifyingGetItByTomorrowFilterFunctionality_Mobile_20-27-42 - [verifyingGetItByTomorrowFilterFunctionality_Mobile_20-27-42] Checking if the allowedDateParts have the assert text   Within validateDeliveryFilterOptions method
20:27:51 [TestNG-test-Test-3] INFO  verifyingGetItByTomorrowFilterFunctionality_Mobile_20-27-42 - [verifyingGetItByTomorrowFilterFunctionality_Mobile_20-27-42] Within deliveryElements loop iterating over the products  Within validateDeliveryFilterOptions method
20:27:51 [TestNG-test-Test-3] INFO  verifyingGetItByTomorrowFilterFunctionality_Mobile_20-27-42 - [verifyingGetItByTomorrowFilterFunctionality_Mobile_20-27-42] Checking if the allowedDateParts have the assert text   Within validateDeliveryFilterOptions method
20:27:51 [TestNG-test-Test-3] INFO  verifyingGetItByTomorrowFilterFunctionality_Mobile_20-27-42 - [verifyingGetItByTomorrowFilterFunctionality_Mobile_20-27-42] Within deliveryElements loop iterating over the products  Within validateDeliveryFilterOptions method
20:27:51 [TestNG-test-Test-3] INFO  verifyingGetItByTomorrowFilterFunctionality_Mobile_20-27-42 - [verifyingGetItByTomorrowFilterFunctionality_Mobile_20-27-42] Checking if the allowedDateParts have the assert text   Within validateDeliveryFilterOptions method
20:27:51 [TestNG-test-Test-3] INFO  verifyingGetItByTomorrowFilterFunctionality_Mobile_20-27-42 - [verifyingGetItByTomorrowFilterFunctionality_Mobile_20-27-42] Within deliveryElements loop iterating over the products  Within validateDeliveryFilterOptions method
20:27:51 [TestNG-test-Test-3] INFO  verifyingGetItByTomorrowFilterFunctionality_Mobile_20-27-42 - [verifyingGetItByTomorrowFilterFunctionality_Mobile_20-27-42] Checking if the allowedDateParts have the assert text   Within validateDeliveryFilterOptions method
20:27:51 [TestNG-test-Test-3] INFO  verifyingGetItByTomorrowFilterFunctionality_Mobile_20-27-42 - [verifyingGetItByTomorrowFilterFunctionality_Mobile_20-27-42] Within deliveryElements loop iterating over the products  Within validateDeliveryFilterOptions method
20:27:51 [TestNG-test-Test-3] INFO  verifyingGetItByTomorrowFilterFunctionality_Mobile_20-27-42 - [verifyingGetItByTomorrowFilterFunctionality_Mobile_20-27-42] Checking if the allowedDateParts have the assert text   Within validateDeliveryFilterOptions method
20:27:51 [TestNG-test-Test-3] INFO  verifyingGetItByTomorrowFilterFunctionality_Mobile_20-27-42 - [verifyingGetItByTomorrowFilterFunctionality_Mobile_20-27-42] Within deliveryElements loop iterating over the products  Within validateDeliveryFilterOptions method
20:27:52 [TestNG-test-Test-3] INFO  verifyingGetItByTomorrowFilterFunctionality_Mobile_20-27-42 - [verifyingGetItByTomorrowFilterFunctionality_Mobile_20-27-42] Checking if the allowedDateParts have the assert text   Within validateDeliveryFilterOptions method
20:27:52 [TestNG-test-Test-3] INFO  verifyingGetItByTomorrowFilterFunctionality_Mobile_20-27-42 - [verifyingGetItByTomorrowFilterFunctionality_Mobile_20-27-42] Within deliveryElements loop iterating over the products  Within validateDeliveryFilterOptions method
20:27:52 [TestNG-test-Test-3] INFO  verifyingGetItByTomorrowFilterFunctionality_Mobile_20-27-42 - [verifyingGetItByTomorrowFilterFunctionality_Mobile_20-27-42] Checking if the allowedDateParts have the assert text   Within validateDeliveryFilterOptions method
20:27:52 [TestNG-test-Test-3] INFO  verifyingGetItByTomorrowFilterFunctionality_Mobile_20-27-42 - [verifyingGetItByTomorrowFilterFunctionality_Mobile_20-27-42] Within deliveryElements loop iterating over the products  Within validateDeliveryFilterOptions method
20:27:52 [TestNG-test-Test-3] INFO  verifyingGetItByTomorrowFilterFunctionality_Mobile_20-27-42 - [verifyingGetItByTomorrowFilterFunctionality_Mobile_20-27-42] Checking if the allowedDateParts have the assert text   Within validateDeliveryFilterOptions method
20:27:52 [TestNG-test-Test-3] INFO  verifyingGetItByTomorrowFilterFunctionality_Mobile_20-27-42 - [verifyingGetItByTomorrowFilterFunctionality_Mobile_20-27-42] Within deliveryElements loop iterating over the products  Within validateDeliveryFilterOptions method
20:27:52 [TestNG-test-Test-3] INFO  verifyingGetItByTomorrowFilterFunctionality_Mobile_20-27-42 - [verifyingGetItByTomorrowFilterFunctionality_Mobile_20-27-42] Checking if the allowedDateParts have the assert text   Within validateDeliveryFilterOptions method
20:27:52 [TestNG-test-Test-3] INFO  verifyingGetItByTomorrowFilterFunctionality_Mobile_20-27-42 - [verifyingGetItByTomorrowFilterFunctionality_Mobile_20-27-42] Within deliveryElements loop iterating over the products  Within validateDeliveryFilterOptions method
20:27:52 [TestNG-test-Test-3] INFO  verifyingGetItByTomorrowFilterFunctionality_Mobile_20-27-42 - [verifyingGetItByTomorrowFilterFunctionality_Mobile_20-27-42] Checking if the allowedDateParts have the assert text   Within validateDeliveryFilterOptions method
20:27:52 [TestNG-test-Test-3] INFO  verifyingGetItByTomorrowFilterFunctionality_Mobile_20-27-42 - [verifyingGetItByTomorrowFilterFunctionality_Mobile_20-27-42] Returning the list with boolean values   Within validateDeliveryFilterOptions method
20:27:52 [TestNG-test-Test-3] INFO  verifyingGetItByTomorrowFilterFunctionality_Mobile_20-27-42 - [verifyingGetItByTomorrowFilterFunctionality_Mobile_20-27-42] Asserting delivery filter: isValid=true, index=-1, text=All the things are valid no errors
