19:45:58 [TestNG-test-Test-2] INFO  verifyingGetItIn2DaysFilterFunctionality_Mobile_19-45-58 - No existing WebDriver found for current thread. Initializing a new ChromeDriver...
19:45:58 [TestNG-test-Test-2] INFO  verifyingGetItIn2DaysFilterFunctionality_Mobile_19-45-58 - WebDriverManager: chromedriver setup OK
19:45:59 [TestNG-test-Test-2] INFO  verifyingGetItIn2DaysFilterFunctionality_Mobile_19-45-58 - ChromeDriver initialized successfully for thread: 35
19:46:00 [TestNG-test-Test-2] INFO  verifyingGetItIn2DaysFilterFunctionality_Mobile_19-45-58 - [verifyingGetItIn2DaysFilterFunctionality_Mobile_19-45-58] Opening amazon Landing page
19:46:00 [TestNG-test-Test-2] INFO  verifyingGetItIn2DaysFilterFunctionality_Mobile_19-45-58 - [verifyingGetItIn2DaysFilterFunctionality_Mobile_19-45-58] Within safeFindElement method
19:46:05 [TestNG-test-Test-2] INFO  verifyingGetItIn2DaysFilterFunctionality_Mobile_19-45-58 - [verifyingGetItIn2DaysFilterFunctionality_Mobile_19-45-58]Retrying findElement for: ->By.xpath: //a[@id='nav-logo-sprites']
19:46:06 [TestNG-test-Test-2] INFO  verifyingGetItIn2DaysFilterFunctionality_Mobile_19-45-58 - [verifyingGetItIn2DaysFilterFunctionality_Mobile_19-45-58]Refrehsing the page , while trying to safely find : ->By.xpath: //a[@id='nav-logo-sprites']
19:46:07 [TestNG-test-Test-2] INFO  verifyingGetItIn2DaysFilterFunctionality_Mobile_19-45-58 - [verifyingGetItIn2DaysFilterFunctionality_Mobile_19-45-58]Found the element returning it ,element ->[[ChromeDriver: chrome on windows (ff5ff825dda731703ea32d8adbd9338f)] -> xpath: //a[@id='nav-logo-sprites']]
19:46:07 [TestNG-test-Test-2] INFO  verifyingGetItIn2DaysFilterFunctionality_Mobile_19-45-58 - [verifyingGetItIn2DaysFilterFunctionality_Mobile_19-45-58] Giving input within the search bar
19:46:07 [TestNG-test-Test-2] INFO  verifyingGetItIn2DaysFilterFunctionality_Mobile_19-45-58 - [verifyingGetItIn2DaysFilterFunctionality_Mobile_19-45-58] Within safeClick method
19:46:09 [TestNG-test-Test-2] INFO  verifyingGetItIn2DaysFilterFunctionality_Mobile_19-45-58 - [verifyingGetItIn2DaysFilterFunctionality_Mobile_19-45-58] Clicked the  [[ChromeDriver: chrome on windows (ff5ff825dda731703ea32d8adbd9338f)] -> xpath: //input[@id='nav-search-submit-button']]   using safeClick
19:46:09 [TestNG-test-Test-2] INFO  verifyingGetItIn2DaysFilterFunctionality_Mobile_19-45-58 - [verifyingGetItIn2DaysFilterFunctionality_Mobile_19-45-58] Clicking on the submit in the search bar
19:46:10 [TestNG-test-Test-2] INFO  verifyingGetItIn2DaysFilterFunctionality_Mobile_19-45-58 - [verifyingGetItIn2DaysFilterFunctionality_Mobile_19-45-58] Waiting until element is visible in viewport
19:46:10 [TestNG-test-Test-2] INFO  verifyingGetItIn2DaysFilterFunctionality_Mobile_19-45-58 - [verifyingGetItIn2DaysFilterFunctionality_Mobile_19-45-58] Within validateDeliveryFilterOptionsWithResult method
19:46:10 [TestNG-test-Test-2] INFO  verifyingGetItIn2DaysFilterFunctionality_Mobile_19-45-58 - [verifyingGetItIn2DaysFilterFunctionality_Mobile_19-45-58] Within safeClick method
19:46:10 [TestNG-test-Test-2] INFO  verifyingGetItIn2DaysFilterFunctionality_Mobile_19-45-58 - [verifyingGetItIn2DaysFilterFunctionality_Mobile_19-45-58] Clicked the  [[ChromeDriver: chrome on windows (ff5ff825dda731703ea32d8adbd9338f)] -> xpath: //span[@class='a-size-base a-color-base puis-bold-weight-text' and text()='Delivery Day']/parent::div/following-sibling::ul//span[@class='a-size-base a-color-base' and text()='Get It in 2 Days']]   using safeClick
19:46:10 [TestNG-test-Test-2] INFO  verifyingGetItIn2DaysFilterFunctionality_Mobile_19-45-58 - [verifyingGetItIn2DaysFilterFunctionality_Mobile_19-45-58] Within getMoreButtonByFilterTypeAndName method
19:46:10 [TestNG-test-Test-2] INFO  verifyingGetItIn2DaysFilterFunctionality_Mobile_19-45-58 - [verifyingGetItIn2DaysFilterFunctionality_Mobile_19-45-58] Clicked on By.xpath: //span[@class='a-size-base a-color-base puis-bold-weight-text' and text()='Delivery Day']/parent::div/following-sibling::ul//span[@class='a-size-base a-color-base' and text()='Get It in 2 Days']
19:46:10 [TestNG-test-Test-2] INFO  verifyingGetItIn2DaysFilterFunctionality_Mobile_19-45-58 - [verifyingGetItIn2DaysFilterFunctionality_Mobile_19-45-58] Within safeFindElements 
19:46:11 [TestNG-test-Test-2] INFO  verifyingGetItIn2DaysFilterFunctionality_Mobile_19-45-58 - [verifyingGetItIn2DaysFilterFunctionality_Mobile_19-45-58] Returning the  [[[ChromeDriver: chrome on windows (ff5ff825dda731703ea32d8adbd9338f)] -> xpath: //div[@class='a-section a-spacing-small a-spacing-top-small']], [[ChromeDriver: chrome on windows (ff5ff825dda731703ea32d8adbd9338f)] -> xpath: //div[@class='a-section a-spacing-small a-spacing-top-small']], [[ChromeDriver: chrome on windows (ff5ff825dda731703ea32d8adbd9338f)] -> xpath: //div[@class='a-section a-spacing-small a-spacing-top-small']]] from the safeFindElements method
19:46:11 [TestNG-test-Test-2] INFO  verifyingGetItIn2DaysFilterFunctionality_Mobile_19-45-58 - [verifyingGetItIn2DaysFilterFunctionality_Mobile_19-45-58] Created hashset with required data to assert with Within validateDeliveryFilterOptions method
19:46:11 [TestNG-test-Test-2] INFO  verifyingGetItIn2DaysFilterFunctionality_Mobile_19-45-58 - [verifyingGetItIn2DaysFilterFunctionality_Mobile_19-45-58] this is the set  [Apr, Today, 25, 26, FREE delivery, Sat, Sun, Tomorrow]
19:46:11 [TestNG-test-Test-2] INFO  verifyingGetItIn2DaysFilterFunctionality_Mobile_19-45-58 - [verifyingGetItIn2DaysFilterFunctionality_Mobile_19-45-58] Within deliveryElements loop iterating over the products  Within validateDeliveryFilterOptions method
19:46:11 [TestNG-test-Test-2] INFO  verifyingGetItIn2DaysFilterFunctionality_Mobile_19-45-58 - [verifyingGetItIn2DaysFilterFunctionality_Mobile_19-45-58] Checking if the allowedDateParts have the assert text   Within validateDeliveryFilterOptions method
19:46:11 [TestNG-test-Test-2] INFO  verifyingGetItIn2DaysFilterFunctionality_Mobile_19-45-58 - [verifyingGetItIn2DaysFilterFunctionality_Mobile_19-45-58] Within deliveryElements loop iterating over the products  Within validateDeliveryFilterOptions method
19:46:11 [TestNG-test-Test-2] INFO  verifyingGetItIn2DaysFilterFunctionality_Mobile_19-45-58 - [verifyingGetItIn2DaysFilterFunctionality_Mobile_19-45-58] Checking if the allowedDateParts have the assert text   Within validateDeliveryFilterOptions method
19:46:11 [TestNG-test-Test-2] INFO  verifyingGetItIn2DaysFilterFunctionality_Mobile_19-45-58 - [verifyingGetItIn2DaysFilterFunctionality_Mobile_19-45-58] Within deliveryElements loop iterating over the products  Within validateDeliveryFilterOptions method
19:46:11 [TestNG-test-Test-2] INFO  verifyingGetItIn2DaysFilterFunctionality_Mobile_19-45-58 - [verifyingGetItIn2DaysFilterFunctionality_Mobile_19-45-58] Checking if the allowedDateParts have the assert text   Within validateDeliveryFilterOptions method
19:46:11 [TestNG-test-Test-2] INFO  verifyingGetItIn2DaysFilterFunctionality_Mobile_19-45-58 - [verifyingGetItIn2DaysFilterFunctionality_Mobile_19-45-58] Returning the list with boolean values   Within validateDeliveryFilterOptions method
19:46:11 [TestNG-test-Test-2] INFO  verifyingGetItIn2DaysFilterFunctionality_Mobile_19-45-58 - [verifyingGetItIn2DaysFilterFunctionality_Mobile_19-45-58] Asserting delivery filter: isValid=true, index=-1, text=All the things are valid no errors
