2026-01-21 06:54:20.736 PM [TestNG-test-Test-1] INFO  [verifyingDisplaySizeFilterFunctionality] 🔹 Starting test method: verifyingDisplaySizeFilterFunctionality
2026-01-21 06:54:20.743 PM [TestNG-test-Test-1] INFO  [verifyingDisplaySizeFilterFunctionality] No existing WebDriver found for current thread. Initializing a new ChromeDriver...
2026-01-21 06:54:20.758 PM [TestNG-test-Test-1] INFO  [verifyingDisplaySizeFilterFunctionality] WebDriverManager: chromedriver setup OK
2026-01-21 06:54:22.181 PM [TestNG-test-Test-1] INFO  [verifyingDisplaySizeFilterFunctionality] ChromeDriver initialized successfully for thread: 34
2026-01-21 06:54:22.711 PM [TestNG-test-Test-1] INFO  [verifyingDisplaySizeFilterFunctionality] [verifyingDisplaySizeFilterFunctionality] Opening amazon Landing page
2026-01-21 06:54:22.712 PM [TestNG-test-Test-1] INFO  [verifyingDisplaySizeFilterFunctionality] [verifyingDisplaySizeFilterFunctionality] Within safeFindElement method
2026-01-21 06:54:32.958 PM [TestNG-test-Test-1] INFO  [verifyingDisplaySizeFilterFunctionality] [verifyingDisplaySizeFilterFunctionality]Retrying findElement for: ->By.xpath: //a[@id='nav-logo-sprites']
2026-01-21 06:54:33.241 PM [TestNG-test-Test-1] INFO  [verifyingDisplaySizeFilterFunctionality] [verifyingDisplaySizeFilterFunctionality]Refrehsing the page , while trying to safely find : ->By.xpath: //a[@id='nav-logo-sprites']
2026-01-21 06:54:44.431 PM [TestNG-test-Test-1] INFO  [verifyingDisplaySizeFilterFunctionality] [verifyingDisplaySizeFilterFunctionality]Retrying findElement for: ->By.xpath: //a[@id='nav-logo-sprites']
2026-01-21 06:54:44.717 PM [TestNG-test-Test-1] INFO  [verifyingDisplaySizeFilterFunctionality] [verifyingDisplaySizeFilterFunctionality]Refrehsing the page , while trying to safely find : ->By.xpath: //a[@id='nav-logo-sprites']
2026-01-21 06:54:45.719 PM [TestNG-test-Test-1] INFO  [verifyingDisplaySizeFilterFunctionality] [verifyingDisplaySizeFilterFunctionality] Skipping action: Element not found after 2   attemps
2026-01-21 06:54:49.075 PM [TestNG-test-Test-1] INFO  [verifyingDisplaySizeFilterFunctionality] [verifyingDisplaySizeFilterFunctionality] Giving input within the search bar
2026-01-21 06:54:49.075 PM [TestNG-test-Test-1] INFO  [verifyingDisplaySizeFilterFunctionality] [verifyingDisplaySizeFilterFunctionality] Within safeClick method
2026-01-21 06:54:51.010 PM [TestNG-test-Test-1] INFO  [verifyingDisplaySizeFilterFunctionality] [verifyingDisplaySizeFilterFunctionality] Clicked the  [[ChromeDriver: chrome on windows (23c4fdd3eebdb834facdf75257b252f5)] -> xpath: //input[@id='nav-search-submit-button']]   using safeClick
2026-01-21 06:54:51.011 PM [TestNG-test-Test-1] INFO  [verifyingDisplaySizeFilterFunctionality] [verifyingDisplaySizeFilterFunctionality] Clicking on the submit in the search bar
2026-01-21 06:54:51.210 PM [TestNG-test-Test-1] INFO  [verifyingDisplaySizeFilterFunctionality] [verifyingDisplaySizeFilterFunctionality] Within filterCheckUnderList method
2026-01-21 06:54:51.622 PM [TestNG-test-Test-1] INFO  [verifyingDisplaySizeFilterFunctionality] [verifyingDisplaySizeFilterFunctionality] Filter option does not exist within the filter check List
2026-01-21 06:54:51.622 PM [TestNG-test-Test-1] WARN  [verifyingDisplaySizeFilterFunctionality] [verifyingDisplaySizeFilterFunctionality]  Filter option 'Display Size' does not exist in the list. Skipping the test.
2026-01-21 06:54:51.625 PM [TestNG-test-Test-1] INFO  [verifyingDisplaySizeFilterFunctionality] ✅ Finished test method: verifyingDisplaySizeFilterFunctionality
2026-01-21 06:54:51.890 PM [TestNG-test-Test-1] INFO  [verifyingDisplaySizeFilterFunctionality] 🔹 Starting test method: verifyingDisplaySizeFilterFunctionality
2026-01-21 06:54:51.890 PM [TestNG-test-Test-1] INFO  [verifyingDisplaySizeFilterFunctionality] No existing WebDriver found for current thread. Initializing a new ChromeDriver...
2026-01-21 06:54:51.904 PM [TestNG-test-Test-1] INFO  [verifyingDisplaySizeFilterFunctionality] WebDriverManager: chromedriver setup OK
2026-01-21 06:54:53.457 PM [TestNG-test-Test-1] INFO  [verifyingDisplaySizeFilterFunctionality] ChromeDriver initialized successfully for thread: 34
2026-01-21 06:54:53.929 PM [TestNG-test-Test-1] INFO  [verifyingDisplaySizeFilterFunctionality] [verifyingDisplaySizeFilterFunctionality] Opening amazon Landing page
2026-01-21 06:54:53.929 PM [TestNG-test-Test-1] INFO  [verifyingDisplaySizeFilterFunctionality] [verifyingDisplaySizeFilterFunctionality] Within safeFindElement method
2026-01-21 06:54:54.768 PM [TestNG-test-Test-1] INFO  [verifyingDisplaySizeFilterFunctionality] [verifyingDisplaySizeFilterFunctionality]Found the element returning it ,element ->[[ChromeDriver: chrome on windows (c7d6d05b2e076ce9429123b9eab3db62)] -> xpath: //a[@id='nav-logo-sprites']]
2026-01-21 06:54:55.234 PM [TestNG-test-Test-1] INFO  [verifyingDisplaySizeFilterFunctionality] [verifyingDisplaySizeFilterFunctionality] Giving input within the search bar
2026-01-21 06:54:55.235 PM [TestNG-test-Test-1] INFO  [verifyingDisplaySizeFilterFunctionality] [verifyingDisplaySizeFilterFunctionality] Within safeClick method
2026-01-21 06:54:55.349 PM [TestNG-test-Test-1] INFO  [verifyingDisplaySizeFilterFunctionality] [verifyingDisplaySizeFilterFunctionality] Clicked the  [[ChromeDriver: chrome on windows (c7d6d05b2e076ce9429123b9eab3db62)] -> xpath: //input[@id='nav-search-submit-button']]   using safeClick
2026-01-21 06:54:55.349 PM [TestNG-test-Test-1] INFO  [verifyingDisplaySizeFilterFunctionality] [verifyingDisplaySizeFilterFunctionality] Clicking on the submit in the search bar
2026-01-21 06:54:57.179 PM [TestNG-test-Test-1] INFO  [verifyingDisplaySizeFilterFunctionality] [verifyingDisplaySizeFilterFunctionality] Within filterCheckUnderList method
2026-01-21 06:54:57.285 PM [TestNG-test-Test-1] INFO  [verifyingDisplaySizeFilterFunctionality] [verifyingDisplaySizeFilterFunctionality] Found the Filter within the filter check List
2026-01-21 06:54:57.285 PM [TestNG-test-Test-1] INFO  [verifyingDisplaySizeFilterFunctionality] [verifyingDisplaySizeFilterFunctionality] Within applyFilterAndValidateProductsWithResult method
2026-01-21 06:54:57.285 PM [TestNG-test-Test-1] INFO  [verifyingDisplaySizeFilterFunctionality] [verifyingDisplaySizeFilterFunctionality] Within safeFindElements 
2026-01-21 06:54:57.298 PM [TestNG-test-Test-1] INFO  [verifyingDisplaySizeFilterFunctionality] [verifyingDisplaySizeFilterFunctionality] Returning the  [[[ChromeDriver: chrome on windows (c7d6d05b2e076ce9429123b9eab3db62)] -> xpath: //span[@class='a-size-base a-color-base puis-bold-weight-text' and text()='Display Size']/parent::div/following-sibling::ul//span[@class='a-size-base a-color-base']], [[ChromeDriver: chrome on windows (c7d6d05b2e076ce9429123b9eab3db62)] -> xpath: //span[@class='a-size-base a-color-base puis-bold-weight-text' and text()='Display Size']/parent::div/following-sibling::ul//span[@class='a-size-base a-color-base']], [[ChromeDriver: chrome on windows (c7d6d05b2e076ce9429123b9eab3db62)] -> xpath: //span[@class='a-size-base a-color-base puis-bold-weight-text' and text()='Display Size']/parent::div/following-sibling::ul//span[@class='a-size-base a-color-base']], [[ChromeDriver: chrome on windows (c7d6d05b2e076ce9429123b9eab3db62)] -> xpath: //span[@class='a-size-base a-color-base puis-bold-weight-text' and text()='Display Size']/parent::div/following-sibling::ul//span[@class='a-size-base a-color-base']]] from the safeFindElements method
2026-01-21 06:54:57.298 PM [TestNG-test-Test-1] INFO  [verifyingDisplaySizeFilterFunctionality] [verifyingDisplaySizeFilterFunctionality] Within applyFilterAndValidateProductsWithResult filterOptions size is -> 4
2026-01-21 06:54:57.298 PM [TestNG-test-Test-1] INFO  [verifyingDisplaySizeFilterFunctionality] [verifyingDisplaySizeFilterFunctionality] Execution is scheduled type /CRON Job on CI Hence refering to CI keys from UtilData
2026-01-21 06:54:57.298 PM [TestNG-test-Test-1] INFO  [verifyingDisplaySizeFilterFunctionality] [verifyingDisplaySizeFilterFunctionality] Within filterOptions loop in applyFilterAndValidateProductsWithResult
2026-01-21 06:54:57.298 PM [TestNG-test-Test-1] INFO  [verifyingDisplaySizeFilterFunctionality] [verifyingDisplaySizeFilterFunctionality] Within safeFindElements 
2026-01-21 06:54:57.307 PM [TestNG-test-Test-1] INFO  [verifyingDisplaySizeFilterFunctionality] [verifyingDisplaySizeFilterFunctionality] Returning the  [[[ChromeDriver: chrome on windows (c7d6d05b2e076ce9429123b9eab3db62)] -> xpath: //span[@class='a-size-base a-color-base puis-bold-weight-text' and text()='Display Size']/parent::div/following-sibling::ul//span[@class='a-size-base a-color-base']], [[ChromeDriver: chrome on windows (c7d6d05b2e076ce9429123b9eab3db62)] -> xpath: //span[@class='a-size-base a-color-base puis-bold-weight-text' and text()='Display Size']/parent::div/following-sibling::ul//span[@class='a-size-base a-color-base']], [[ChromeDriver: chrome on windows (c7d6d05b2e076ce9429123b9eab3db62)] -> xpath: //span[@class='a-size-base a-color-base puis-bold-weight-text' and text()='Display Size']/parent::div/following-sibling::ul//span[@class='a-size-base a-color-base']], [[ChromeDriver: chrome on windows (c7d6d05b2e076ce9429123b9eab3db62)] -> xpath: //span[@class='a-size-base a-color-base puis-bold-weight-text' and text()='Display Size']/parent::div/following-sibling::ul//span[@class='a-size-base a-color-base']]] from the safeFindElements method
2026-01-21 06:54:57.307 PM [TestNG-test-Test-1] INFO  [verifyingDisplaySizeFilterFunctionality] [verifyingDisplaySizeFilterFunctionality] Trying to read filter option 0 (attempt 1/3)
2026-01-21 06:54:57.327 PM [TestNG-test-Test-1] INFO  [verifyingDisplaySizeFilterFunctionality] [verifyingDisplaySizeFilterFunctionality] Successfully read filter option 0 = 'Up to 10"'
2026-01-21 06:54:57.327 PM [TestNG-test-Test-1] INFO  [verifyingDisplaySizeFilterFunctionality] [verifyingDisplaySizeFilterFunctionality] Within getfilterByTypeAndName method
2026-01-21 06:54:57.328 PM [TestNG-test-Test-1] INFO  [verifyingDisplaySizeFilterFunctionality] [verifyingDisplaySizeFilterFunctionality] Within safeClickBooleanWithScreenShot method
2026-01-21 06:54:57.329 PM [TestNG-test-Test-1] INFO  [verifyingDisplaySizeFilterFunctionality] [verifyingDisplaySizeFilterFunctionality] Within getAppliedfilterByTypeAndName method
2026-01-21 06:54:57.329 PM [TestNG-test-Test-1] INFO  [verifyingDisplaySizeFilterFunctionality] [verifyingDisplaySizeFilterFunctionality] Within smoothScrollToElement method
2026-01-21 06:54:57.329 PM [TestNG-test-Test-1] INFO  [verifyingDisplaySizeFilterFunctionality] [verifyingDisplaySizeFilterFunctionality] Within safeFindElement method
2026-01-21 06:54:57.345 PM [TestNG-test-Test-1] INFO  [verifyingDisplaySizeFilterFunctionality] [verifyingDisplaySizeFilterFunctionality]Found the element returning it ,element ->[[ChromeDriver: chrome on windows (c7d6d05b2e076ce9429123b9eab3db62)] -> xpath: //span[@class='a-size-base a-color-base puis-bold-weight-text' and text()='Display Size']]
2026-01-21 06:54:57.373 PM [TestNG-test-Test-1] INFO  [verifyingDisplaySizeFilterFunctionality] [verifyingDisplaySizeFilterFunctionality] Successfully scrolled to element: By.xpath: //span[@class='a-size-base a-color-base puis-bold-weight-text' and text()='Display Size']
2026-01-21 06:54:57.373 PM [TestNG-test-Test-1] INFO  [verifyingDisplaySizeFilterFunctionality] [verifyingDisplaySizeFilterFunctionality] Within getMoreButtonByFilterTypeAndName method
2026-01-21 06:54:57.373 PM [TestNG-test-Test-1] INFO  [verifyingDisplaySizeFilterFunctionality] [verifyingDisplaySizeFilterFunctionality] could not find more button
2026-01-21 06:55:07.779 PM [TestNG-test-Test-1] INFO  [verifyingDisplaySizeFilterFunctionality] [verifyingDisplaySizeFilterFunctionality] Cannot click the button, element ->By.xpath: //ul[@id='filter-p_n_g-1004194492091']//span[@class='a-size-base a-color-base' and text()='Up to 10"']
2026-01-21 06:55:10.060 PM [TestNG-test-Test-1] INFO  [verifyingDisplaySizeFilterFunctionality] [verifyingDisplaySizeFilterFunctionality] Cannot apply filter taking failed screenshot for ->Up to 10"
2026-01-21 06:55:10.060 PM [TestNG-test-Test-1] INFO  [verifyingDisplaySizeFilterFunctionality] [verifyingDisplaySizeFilterFunctionality] Within getAppliedfilterByTypeAndName method
2026-01-21 06:55:10.060 PM [TestNG-test-Test-1] INFO  [verifyingDisplaySizeFilterFunctionality] [verifyingDisplaySizeFilterFunctionality] Within smoothScrollToElement method
2026-01-21 06:55:10.060 PM [TestNG-test-Test-1] INFO  [verifyingDisplaySizeFilterFunctionality] [verifyingDisplaySizeFilterFunctionality] Within safeFindElement method
2026-01-21 06:55:10.077 PM [TestNG-test-Test-1] INFO  [verifyingDisplaySizeFilterFunctionality] [verifyingDisplaySizeFilterFunctionality]Found the element returning it ,element ->[[ChromeDriver: chrome on windows (c7d6d05b2e076ce9429123b9eab3db62)] -> xpath: //span[@class='a-size-base a-color-base puis-bold-weight-text' and text()='Display Size']]
2026-01-21 06:55:10.083 PM [TestNG-test-Test-1] INFO  [verifyingDisplaySizeFilterFunctionality] [verifyingDisplaySizeFilterFunctionality] Successfully scrolled to element: By.xpath: //span[@class='a-size-base a-color-base puis-bold-weight-text' and text()='Display Size']
2026-01-21 06:55:12.084 PM [TestNG-test-Test-1] INFO  [verifyingDisplaySizeFilterFunctionality] [verifyingDisplaySizeFilterFunctionality] Within getMoreButtonByFilterTypeAndName method
2026-01-21 06:55:12.084 PM [TestNG-test-Test-1] INFO  [verifyingDisplaySizeFilterFunctionality] [verifyingDisplaySizeFilterFunctionality] could not find more button
2026-01-21 06:55:13.085 PM [TestNG-test-Test-1] INFO  [verifyingDisplaySizeFilterFunctionality] [verifyingDisplaySizeFilterFunctionality] Capturing screenshot: failed_filter_apply_screenshot-_Filter_Applied_is_Up_to_10___2026-01-21_185513.png
2026-01-21 06:55:13.197 PM [TestNG-test-Test-1] INFO  [verifyingDisplaySizeFilterFunctionality] [verifyingDisplaySizeFilterFunctionality] Screenshot saved at: test-output/screenshots/Run_2026-01-21_18-26-34/verifyingDisplaySizeFilterFunctionality/failed_filter_apply_screenshot-_Filter_Applied_is_Up_to_10___2026-01-21_185513.png
2026-01-21 06:55:13.197 PM [TestNG-test-Test-1] INFO  [verifyingDisplaySizeFilterFunctionality] [verifyingDisplaySizeFilterFunctionality] Refrshing the page , while trying to click ->By.xpath: //ul[@id='filter-p_n_g-1004194492091']//span[@class='a-size-base a-color-base' and text()='Up to 10"']
2026-01-21 06:55:14.198 PM [TestNG-test-Test-1] INFO  [verifyingDisplaySizeFilterFunctionality] [verifyingDisplaySizeFilterFunctionality]Skipping click action: Element not clickable after1   attempts
2026-01-21 06:55:14.198 PM [TestNG-test-Test-1] INFO  [verifyingDisplaySizeFilterFunctionality] [verifyingDisplaySizeFilterFunctionality] Within filterOptions loop in applyFilterAndValidateProductsWithResult
2026-01-21 06:55:14.198 PM [TestNG-test-Test-1] INFO  [verifyingDisplaySizeFilterFunctionality] [verifyingDisplaySizeFilterFunctionality] Within safeFindElements 
2026-01-21 06:55:14.209 PM [TestNG-test-Test-1] INFO  [verifyingDisplaySizeFilterFunctionality] [verifyingDisplaySizeFilterFunctionality] Returning the  [[[ChromeDriver: chrome on windows (c7d6d05b2e076ce9429123b9eab3db62)] -> xpath: //span[@class='a-size-base a-color-base puis-bold-weight-text' and text()='Display Size']/parent::div/following-sibling::ul//span[@class='a-size-base a-color-base']], [[ChromeDriver: chrome on windows (c7d6d05b2e076ce9429123b9eab3db62)] -> xpath: //span[@class='a-size-base a-color-base puis-bold-weight-text' and text()='Display Size']/parent::div/following-sibling::ul//span[@class='a-size-base a-color-base']], [[ChromeDriver: chrome on windows (c7d6d05b2e076ce9429123b9eab3db62)] -> xpath: //span[@class='a-size-base a-color-base puis-bold-weight-text' and text()='Display Size']/parent::div/following-sibling::ul//span[@class='a-size-base a-color-base']], [[ChromeDriver: chrome on windows (c7d6d05b2e076ce9429123b9eab3db62)] -> xpath: //span[@class='a-size-base a-color-base puis-bold-weight-text' and text()='Display Size']/parent::div/following-sibling::ul//span[@class='a-size-base a-color-base']]] from the safeFindElements method
2026-01-21 06:55:14.209 PM [TestNG-test-Test-1] INFO  [verifyingDisplaySizeFilterFunctionality] [verifyingDisplaySizeFilterFunctionality] Trying to read filter option 1 (attempt 1/3)
2026-01-21 06:55:14.226 PM [TestNG-test-Test-1] INFO  [verifyingDisplaySizeFilterFunctionality] [verifyingDisplaySizeFilterFunctionality] Successfully read filter option 1 = '13" - 14"'
2026-01-21 06:55:14.226 PM [TestNG-test-Test-1] INFO  [verifyingDisplaySizeFilterFunctionality] [verifyingDisplaySizeFilterFunctionality] Within getfilterByTypeAndName method
2026-01-21 06:55:14.226 PM [TestNG-test-Test-1] INFO  [verifyingDisplaySizeFilterFunctionality] [verifyingDisplaySizeFilterFunctionality] Within safeClickBooleanWithScreenShot method
2026-01-21 06:55:14.226 PM [TestNG-test-Test-1] INFO  [verifyingDisplaySizeFilterFunctionality] [verifyingDisplaySizeFilterFunctionality] Within getAppliedfilterByTypeAndName method
2026-01-21 06:55:14.226 PM [TestNG-test-Test-1] INFO  [verifyingDisplaySizeFilterFunctionality] [verifyingDisplaySizeFilterFunctionality] Within smoothScrollToElement method
2026-01-21 06:55:14.226 PM [TestNG-test-Test-1] INFO  [verifyingDisplaySizeFilterFunctionality] [verifyingDisplaySizeFilterFunctionality] Within safeFindElement method
2026-01-21 06:55:14.235 PM [TestNG-test-Test-1] INFO  [verifyingDisplaySizeFilterFunctionality] [verifyingDisplaySizeFilterFunctionality]Found the element returning it ,element ->[[ChromeDriver: chrome on windows (c7d6d05b2e076ce9429123b9eab3db62)] -> xpath: //span[@class='a-size-base a-color-base puis-bold-weight-text' and text()='Display Size']]
2026-01-21 06:55:14.241 PM [TestNG-test-Test-1] INFO  [verifyingDisplaySizeFilterFunctionality] [verifyingDisplaySizeFilterFunctionality] Successfully scrolled to element: By.xpath: //span[@class='a-size-base a-color-base puis-bold-weight-text' and text()='Display Size']
2026-01-21 06:55:14.242 PM [TestNG-test-Test-1] INFO  [verifyingDisplaySizeFilterFunctionality] [verifyingDisplaySizeFilterFunctionality] Within getMoreButtonByFilterTypeAndName method
2026-01-21 06:55:14.242 PM [TestNG-test-Test-1] INFO  [verifyingDisplaySizeFilterFunctionality] [verifyingDisplaySizeFilterFunctionality] could not find more button
2026-01-21 06:55:24.605 PM [TestNG-test-Test-1] INFO  [verifyingDisplaySizeFilterFunctionality] [verifyingDisplaySizeFilterFunctionality] Cannot click the button, element ->By.xpath: //ul[@id='filter-p_n_g-1004194492091']//span[@class='a-size-base a-color-base' and text()='13" - 14"']
2026-01-21 06:55:26.857 PM [TestNG-test-Test-1] INFO  [verifyingDisplaySizeFilterFunctionality] [verifyingDisplaySizeFilterFunctionality] Cannot apply filter taking failed screenshot for ->13" - 14"
2026-01-21 06:55:26.857 PM [TestNG-test-Test-1] INFO  [verifyingDisplaySizeFilterFunctionality] [verifyingDisplaySizeFilterFunctionality] Within getAppliedfilterByTypeAndName method
2026-01-21 06:55:26.857 PM [TestNG-test-Test-1] INFO  [verifyingDisplaySizeFilterFunctionality] [verifyingDisplaySizeFilterFunctionality] Within smoothScrollToElement method
2026-01-21 06:55:26.857 PM [TestNG-test-Test-1] INFO  [verifyingDisplaySizeFilterFunctionality] [verifyingDisplaySizeFilterFunctionality] Within safeFindElement method
2026-01-21 06:55:26.887 PM [TestNG-test-Test-1] INFO  [verifyingDisplaySizeFilterFunctionality] [verifyingDisplaySizeFilterFunctionality]Found the element returning it ,element ->[[ChromeDriver: chrome on windows (c7d6d05b2e076ce9429123b9eab3db62)] -> xpath: //span[@class='a-size-base a-color-base puis-bold-weight-text' and text()='Display Size']]
2026-01-21 06:55:26.893 PM [TestNG-test-Test-1] INFO  [verifyingDisplaySizeFilterFunctionality] [verifyingDisplaySizeFilterFunctionality] Successfully scrolled to element: By.xpath: //span[@class='a-size-base a-color-base puis-bold-weight-text' and text()='Display Size']
2026-01-21 06:55:28.896 PM [TestNG-test-Test-1] INFO  [verifyingDisplaySizeFilterFunctionality] [verifyingDisplaySizeFilterFunctionality] Within getMoreButtonByFilterTypeAndName method
2026-01-21 06:55:28.896 PM [TestNG-test-Test-1] INFO  [verifyingDisplaySizeFilterFunctionality] [verifyingDisplaySizeFilterFunctionality] could not find more button
2026-01-21 06:55:29.897 PM [TestNG-test-Test-1] INFO  [verifyingDisplaySizeFilterFunctionality] [verifyingDisplaySizeFilterFunctionality] Capturing screenshot: failed_filter_apply_screenshot-_Filter_Applied_is_13_-_14___2026-01-21_185529.png
2026-01-21 06:55:30.000 PM [TestNG-test-Test-1] INFO  [verifyingDisplaySizeFilterFunctionality] [verifyingDisplaySizeFilterFunctionality] Screenshot saved at: test-output/screenshots/Run_2026-01-21_18-26-34/verifyingDisplaySizeFilterFunctionality/failed_filter_apply_screenshot-_Filter_Applied_is_13_-_14___2026-01-21_185529.png
2026-01-21 06:55:30.000 PM [TestNG-test-Test-1] INFO  [verifyingDisplaySizeFilterFunctionality] [verifyingDisplaySizeFilterFunctionality] Refrshing the page , while trying to click ->By.xpath: //ul[@id='filter-p_n_g-1004194492091']//span[@class='a-size-base a-color-base' and text()='13" - 14"']
2026-01-21 06:55:31.002 PM [TestNG-test-Test-1] INFO  [verifyingDisplaySizeFilterFunctionality] [verifyingDisplaySizeFilterFunctionality]Skipping click action: Element not clickable after1   attempts
2026-01-21 06:55:31.002 PM [TestNG-test-Test-1] INFO  [verifyingDisplaySizeFilterFunctionality] [verifyingDisplaySizeFilterFunctionality] Within filterOptions loop in applyFilterAndValidateProductsWithResult
2026-01-21 06:55:31.002 PM [TestNG-test-Test-1] INFO  [verifyingDisplaySizeFilterFunctionality] [verifyingDisplaySizeFilterFunctionality] Within safeFindElements 
2026-01-21 06:55:31.012 PM [TestNG-test-Test-1] INFO  [verifyingDisplaySizeFilterFunctionality] [verifyingDisplaySizeFilterFunctionality] Returning the  [[[ChromeDriver: chrome on windows (c7d6d05b2e076ce9429123b9eab3db62)] -> xpath: //span[@class='a-size-base a-color-base puis-bold-weight-text' and text()='Display Size']/parent::div/following-sibling::ul//span[@class='a-size-base a-color-base']], [[ChromeDriver: chrome on windows (c7d6d05b2e076ce9429123b9eab3db62)] -> xpath: //span[@class='a-size-base a-color-base puis-bold-weight-text' and text()='Display Size']/parent::div/following-sibling::ul//span[@class='a-size-base a-color-base']], [[ChromeDriver: chrome on windows (c7d6d05b2e076ce9429123b9eab3db62)] -> xpath: //span[@class='a-size-base a-color-base puis-bold-weight-text' and text()='Display Size']/parent::div/following-sibling::ul//span[@class='a-size-base a-color-base']], [[ChromeDriver: chrome on windows (c7d6d05b2e076ce9429123b9eab3db62)] -> xpath: //span[@class='a-size-base a-color-base puis-bold-weight-text' and text()='Display Size']/parent::div/following-sibling::ul//span[@class='a-size-base a-color-base']]] from the safeFindElements method
2026-01-21 06:55:31.012 PM [TestNG-test-Test-1] INFO  [verifyingDisplaySizeFilterFunctionality] [verifyingDisplaySizeFilterFunctionality] Trying to read filter option 2 (attempt 1/3)
2026-01-21 06:55:31.030 PM [TestNG-test-Test-1] INFO  [verifyingDisplaySizeFilterFunctionality] [verifyingDisplaySizeFilterFunctionality] Successfully read filter option 2 = '15" - 16"'
2026-01-21 06:55:31.030 PM [TestNG-test-Test-1] INFO  [verifyingDisplaySizeFilterFunctionality] [verifyingDisplaySizeFilterFunctionality] Within getfilterByTypeAndName method
2026-01-21 06:55:31.030 PM [TestNG-test-Test-1] INFO  [verifyingDisplaySizeFilterFunctionality] [verifyingDisplaySizeFilterFunctionality] Within safeClickBooleanWithScreenShot method
2026-01-21 06:55:31.030 PM [TestNG-test-Test-1] INFO  [verifyingDisplaySizeFilterFunctionality] [verifyingDisplaySizeFilterFunctionality] Within getAppliedfilterByTypeAndName method
2026-01-21 06:55:31.030 PM [TestNG-test-Test-1] INFO  [verifyingDisplaySizeFilterFunctionality] [verifyingDisplaySizeFilterFunctionality] Within smoothScrollToElement method
2026-01-21 06:55:31.030 PM [TestNG-test-Test-1] INFO  [verifyingDisplaySizeFilterFunctionality] [verifyingDisplaySizeFilterFunctionality] Within safeFindElement method
2026-01-21 06:55:31.039 PM [TestNG-test-Test-1] INFO  [verifyingDisplaySizeFilterFunctionality] [verifyingDisplaySizeFilterFunctionality]Found the element returning it ,element ->[[ChromeDriver: chrome on windows (c7d6d05b2e076ce9429123b9eab3db62)] -> xpath: //span[@class='a-size-base a-color-base puis-bold-weight-text' and text()='Display Size']]
2026-01-21 06:55:31.045 PM [TestNG-test-Test-1] INFO  [verifyingDisplaySizeFilterFunctionality] [verifyingDisplaySizeFilterFunctionality] Successfully scrolled to element: By.xpath: //span[@class='a-size-base a-color-base puis-bold-weight-text' and text()='Display Size']
2026-01-21 06:55:31.045 PM [TestNG-test-Test-1] INFO  [verifyingDisplaySizeFilterFunctionality] [verifyingDisplaySizeFilterFunctionality] Within getMoreButtonByFilterTypeAndName method
2026-01-21 06:55:31.045 PM [TestNG-test-Test-1] INFO  [verifyingDisplaySizeFilterFunctionality] [verifyingDisplaySizeFilterFunctionality] could not find more button
2026-01-21 06:55:41.268 PM [TestNG-test-Test-1] INFO  [verifyingDisplaySizeFilterFunctionality] [verifyingDisplaySizeFilterFunctionality] Cannot click the button, element ->By.xpath: //ul[@id='filter-p_n_g-1004194492091']//span[@class='a-size-base a-color-base' and text()='15" - 16"']
2026-01-21 06:55:43.823 PM [TestNG-test-Test-1] INFO  [verifyingDisplaySizeFilterFunctionality] [verifyingDisplaySizeFilterFunctionality] Cannot apply filter taking failed screenshot for ->15" - 16"
2026-01-21 06:55:43.823 PM [TestNG-test-Test-1] INFO  [verifyingDisplaySizeFilterFunctionality] [verifyingDisplaySizeFilterFunctionality] Within getAppliedfilterByTypeAndName method
2026-01-21 06:55:43.823 PM [TestNG-test-Test-1] INFO  [verifyingDisplaySizeFilterFunctionality] [verifyingDisplaySizeFilterFunctionality] Within smoothScrollToElement method
2026-01-21 06:55:43.823 PM [TestNG-test-Test-1] INFO  [verifyingDisplaySizeFilterFunctionality] [verifyingDisplaySizeFilterFunctionality] Within safeFindElement method
2026-01-21 06:55:43.840 PM [TestNG-test-Test-1] INFO  [verifyingDisplaySizeFilterFunctionality] [verifyingDisplaySizeFilterFunctionality]Found the element returning it ,element ->[[ChromeDriver: chrome on windows (c7d6d05b2e076ce9429123b9eab3db62)] -> xpath: //span[@class='a-size-base a-color-base puis-bold-weight-text' and text()='Display Size']]
2026-01-21 06:55:43.845 PM [TestNG-test-Test-1] INFO  [verifyingDisplaySizeFilterFunctionality] [verifyingDisplaySizeFilterFunctionality] Successfully scrolled to element: By.xpath: //span[@class='a-size-base a-color-base puis-bold-weight-text' and text()='Display Size']
2026-01-21 06:55:45.846 PM [TestNG-test-Test-1] INFO  [verifyingDisplaySizeFilterFunctionality] [verifyingDisplaySizeFilterFunctionality] Within getMoreButtonByFilterTypeAndName method
2026-01-21 06:55:45.846 PM [TestNG-test-Test-1] INFO  [verifyingDisplaySizeFilterFunctionality] [verifyingDisplaySizeFilterFunctionality] could not find more button
2026-01-21 06:55:46.847 PM [TestNG-test-Test-1] INFO  [verifyingDisplaySizeFilterFunctionality] [verifyingDisplaySizeFilterFunctionality] Capturing screenshot: failed_filter_apply_screenshot-_Filter_Applied_is_15_-_16___2026-01-21_185546.png
2026-01-21 06:55:46.945 PM [TestNG-test-Test-1] INFO  [verifyingDisplaySizeFilterFunctionality] [verifyingDisplaySizeFilterFunctionality] Screenshot saved at: test-output/screenshots/Run_2026-01-21_18-26-34/verifyingDisplaySizeFilterFunctionality/failed_filter_apply_screenshot-_Filter_Applied_is_15_-_16___2026-01-21_185546.png
2026-01-21 06:55:46.946 PM [TestNG-test-Test-1] INFO  [verifyingDisplaySizeFilterFunctionality] [verifyingDisplaySizeFilterFunctionality] Refrshing the page , while trying to click ->By.xpath: //ul[@id='filter-p_n_g-1004194492091']//span[@class='a-size-base a-color-base' and text()='15" - 16"']
2026-01-21 06:55:47.946 PM [TestNG-test-Test-1] INFO  [verifyingDisplaySizeFilterFunctionality] [verifyingDisplaySizeFilterFunctionality]Skipping click action: Element not clickable after1   attempts
2026-01-21 06:55:47.946 PM [TestNG-test-Test-1] INFO  [verifyingDisplaySizeFilterFunctionality] [verifyingDisplaySizeFilterFunctionality] Within filterOptions loop in applyFilterAndValidateProductsWithResult
2026-01-21 06:55:47.946 PM [TestNG-test-Test-1] INFO  [verifyingDisplaySizeFilterFunctionality] [verifyingDisplaySizeFilterFunctionality] Within safeFindElements 
2026-01-21 06:55:47.957 PM [TestNG-test-Test-1] INFO  [verifyingDisplaySizeFilterFunctionality] [verifyingDisplaySizeFilterFunctionality] Returning the  [[[ChromeDriver: chrome on windows (c7d6d05b2e076ce9429123b9eab3db62)] -> xpath: //span[@class='a-size-base a-color-base puis-bold-weight-text' and text()='Display Size']/parent::div/following-sibling::ul//span[@class='a-size-base a-color-base']], [[ChromeDriver: chrome on windows (c7d6d05b2e076ce9429123b9eab3db62)] -> xpath: //span[@class='a-size-base a-color-base puis-bold-weight-text' and text()='Display Size']/parent::div/following-sibling::ul//span[@class='a-size-base a-color-base']], [[ChromeDriver: chrome on windows (c7d6d05b2e076ce9429123b9eab3db62)] -> xpath: //span[@class='a-size-base a-color-base puis-bold-weight-text' and text()='Display Size']/parent::div/following-sibling::ul//span[@class='a-size-base a-color-base']], [[ChromeDriver: chrome on windows (c7d6d05b2e076ce9429123b9eab3db62)] -> xpath: //span[@class='a-size-base a-color-base puis-bold-weight-text' and text()='Display Size']/parent::div/following-sibling::ul//span[@class='a-size-base a-color-base']]] from the safeFindElements method
2026-01-21 06:55:47.957 PM [TestNG-test-Test-1] INFO  [verifyingDisplaySizeFilterFunctionality] [verifyingDisplaySizeFilterFunctionality] Trying to read filter option 3 (attempt 1/3)
2026-01-21 06:55:47.973 PM [TestNG-test-Test-1] INFO  [verifyingDisplaySizeFilterFunctionality] [verifyingDisplaySizeFilterFunctionality] Successfully read filter option 3 = '17" & More'
2026-01-21 06:55:47.973 PM [TestNG-test-Test-1] INFO  [verifyingDisplaySizeFilterFunctionality] [verifyingDisplaySizeFilterFunctionality] Within getfilterByTypeAndName method
2026-01-21 06:55:47.973 PM [TestNG-test-Test-1] INFO  [verifyingDisplaySizeFilterFunctionality] [verifyingDisplaySizeFilterFunctionality] Within safeClickBooleanWithScreenShot method
2026-01-21 06:55:47.973 PM [TestNG-test-Test-1] INFO  [verifyingDisplaySizeFilterFunctionality] [verifyingDisplaySizeFilterFunctionality] Within getAppliedfilterByTypeAndName method
2026-01-21 06:55:47.973 PM [TestNG-test-Test-1] INFO  [verifyingDisplaySizeFilterFunctionality] [verifyingDisplaySizeFilterFunctionality] Within smoothScrollToElement method
2026-01-21 06:55:47.973 PM [TestNG-test-Test-1] INFO  [verifyingDisplaySizeFilterFunctionality] [verifyingDisplaySizeFilterFunctionality] Within safeFindElement method
2026-01-21 06:55:47.984 PM [TestNG-test-Test-1] INFO  [verifyingDisplaySizeFilterFunctionality] [verifyingDisplaySizeFilterFunctionality]Found the element returning it ,element ->[[ChromeDriver: chrome on windows (c7d6d05b2e076ce9429123b9eab3db62)] -> xpath: //span[@class='a-size-base a-color-base puis-bold-weight-text' and text()='Display Size']]
2026-01-21 06:55:47.990 PM [TestNG-test-Test-1] INFO  [verifyingDisplaySizeFilterFunctionality] [verifyingDisplaySizeFilterFunctionality] Successfully scrolled to element: By.xpath: //span[@class='a-size-base a-color-base puis-bold-weight-text' and text()='Display Size']
2026-01-21 06:55:47.990 PM [TestNG-test-Test-1] INFO  [verifyingDisplaySizeFilterFunctionality] [verifyingDisplaySizeFilterFunctionality] Within getMoreButtonByFilterTypeAndName method
2026-01-21 06:55:47.990 PM [TestNG-test-Test-1] INFO  [verifyingDisplaySizeFilterFunctionality] [verifyingDisplaySizeFilterFunctionality] could not find more button
2026-01-21 06:55:58.272 PM [TestNG-test-Test-1] INFO  [verifyingDisplaySizeFilterFunctionality] [verifyingDisplaySizeFilterFunctionality] Cannot click the button, element ->By.xpath: //ul[@id='filter-p_n_g-1004194492091']//span[@class='a-size-base a-color-base' and text()='17" & More']
2026-01-21 06:56:00.584 PM [TestNG-test-Test-1] INFO  [verifyingDisplaySizeFilterFunctionality] [verifyingDisplaySizeFilterFunctionality] Cannot apply filter taking failed screenshot for ->17" & More
2026-01-21 06:56:00.584 PM [TestNG-test-Test-1] INFO  [verifyingDisplaySizeFilterFunctionality] [verifyingDisplaySizeFilterFunctionality] Within getAppliedfilterByTypeAndName method
2026-01-21 06:56:00.584 PM [TestNG-test-Test-1] INFO  [verifyingDisplaySizeFilterFunctionality] [verifyingDisplaySizeFilterFunctionality] Within smoothScrollToElement method
2026-01-21 06:56:00.584 PM [TestNG-test-Test-1] INFO  [verifyingDisplaySizeFilterFunctionality] [verifyingDisplaySizeFilterFunctionality] Within safeFindElement method
2026-01-21 06:56:00.607 PM [TestNG-test-Test-1] INFO  [verifyingDisplaySizeFilterFunctionality] [verifyingDisplaySizeFilterFunctionality]Found the element returning it ,element ->[[ChromeDriver: chrome on windows (c7d6d05b2e076ce9429123b9eab3db62)] -> xpath: //span[@class='a-size-base a-color-base puis-bold-weight-text' and text()='Display Size']]
2026-01-21 06:56:00.614 PM [TestNG-test-Test-1] INFO  [verifyingDisplaySizeFilterFunctionality] [verifyingDisplaySizeFilterFunctionality] Successfully scrolled to element: By.xpath: //span[@class='a-size-base a-color-base puis-bold-weight-text' and text()='Display Size']
2026-01-21 06:56:02.616 PM [TestNG-test-Test-1] INFO  [verifyingDisplaySizeFilterFunctionality] [verifyingDisplaySizeFilterFunctionality] Within getMoreButtonByFilterTypeAndName method
2026-01-21 06:56:02.616 PM [TestNG-test-Test-1] INFO  [verifyingDisplaySizeFilterFunctionality] [verifyingDisplaySizeFilterFunctionality] could not find more button
2026-01-21 06:56:03.617 PM [TestNG-test-Test-1] INFO  [verifyingDisplaySizeFilterFunctionality] [verifyingDisplaySizeFilterFunctionality] Capturing screenshot: failed_filter_apply_screenshot-_Filter_Applied_is_17_More__2026-01-21_185603.png
2026-01-21 06:56:03.736 PM [TestNG-test-Test-1] INFO  [verifyingDisplaySizeFilterFunctionality] [verifyingDisplaySizeFilterFunctionality] Screenshot saved at: test-output/screenshots/Run_2026-01-21_18-26-34/verifyingDisplaySizeFilterFunctionality/failed_filter_apply_screenshot-_Filter_Applied_is_17_More__2026-01-21_185603.png
2026-01-21 06:56:03.736 PM [TestNG-test-Test-1] INFO  [verifyingDisplaySizeFilterFunctionality] [verifyingDisplaySizeFilterFunctionality] Refrshing the page , while trying to click ->By.xpath: //ul[@id='filter-p_n_g-1004194492091']//span[@class='a-size-base a-color-base' and text()='17" & More']
2026-01-21 06:56:04.737 PM [TestNG-test-Test-1] INFO  [verifyingDisplaySizeFilterFunctionality] [verifyingDisplaySizeFilterFunctionality]Skipping click action: Element not clickable after1   attempts
2026-01-21 06:56:04.737 PM [TestNG-test-Test-1] INFO  [verifyingDisplaySizeFilterFunctionality] [verifyingDisplaySizeFilterFunctionality] returning the 'results' i.e list of Maps
2026-01-21 06:56:04.737 PM [TestNG-test-Test-1] INFO  [verifyingDisplaySizeFilterFunctionality] [verifyingDisplaySizeFilterFunctionality]  Final assertion for display size filter validation starting...
2026-01-21 06:56:04.740 PM [TestNG-test-Test-1] INFO  [verifyingDisplaySizeFilterFunctionality] ✅ Finished test method: verifyingDisplaySizeFilterFunctionality
2026-01-21 06:56:05.012 PM [TestNG-test-Test-1] INFO  [verifyingDisplaySizeFilterFunctionality] 🔹 Starting test method: verifyingDisplaySizeFilterFunctionality
2026-01-21 06:56:05.013 PM [TestNG-test-Test-1] INFO  [verifyingDisplaySizeFilterFunctionality] No existing WebDriver found for current thread. Initializing a new ChromeDriver...
2026-01-21 06:56:05.025 PM [TestNG-test-Test-1] INFO  [verifyingDisplaySizeFilterFunctionality] WebDriverManager: chromedriver setup OK
2026-01-21 06:56:06.444 PM [TestNG-test-Test-1] INFO  [verifyingDisplaySizeFilterFunctionality] ChromeDriver initialized successfully for thread: 34
2026-01-21 06:56:06.992 PM [TestNG-test-Test-1] INFO  [verifyingDisplaySizeFilterFunctionality] [verifyingDisplaySizeFilterFunctionality] Opening amazon Landing page
2026-01-21 06:56:06.992 PM [TestNG-test-Test-1] INFO  [verifyingDisplaySizeFilterFunctionality] [verifyingDisplaySizeFilterFunctionality] Within safeFindElement method
2026-01-21 06:56:17.592 PM [TestNG-test-Test-1] INFO  [verifyingDisplaySizeFilterFunctionality] [verifyingDisplaySizeFilterFunctionality]Retrying findElement for: ->By.xpath: //a[@id='nav-logo-sprites']
2026-01-21 06:56:18.255 PM [TestNG-test-Test-1] INFO  [verifyingDisplaySizeFilterFunctionality] [verifyingDisplaySizeFilterFunctionality]Refrehsing the page , while trying to safely find : ->By.xpath: //a[@id='nav-logo-sprites']
2026-01-21 06:56:29.433 PM [TestNG-test-Test-1] INFO  [verifyingDisplaySizeFilterFunctionality] [verifyingDisplaySizeFilterFunctionality]Retrying findElement for: ->By.xpath: //a[@id='nav-logo-sprites']
2026-01-21 06:56:29.584 PM [TestNG-test-Test-1] INFO  [verifyingDisplaySizeFilterFunctionality] [verifyingDisplaySizeFilterFunctionality]Refrehsing the page , while trying to safely find : ->By.xpath: //a[@id='nav-logo-sprites']
2026-01-21 06:56:30.585 PM [TestNG-test-Test-1] INFO  [verifyingDisplaySizeFilterFunctionality] [verifyingDisplaySizeFilterFunctionality] Skipping action: Element not found after 2   attemps
2026-01-21 06:56:36.635 PM [TestNG-test-Test-1] INFO  [verifyingDisplaySizeFilterFunctionality] [verifyingDisplaySizeFilterFunctionality] Giving input within the search bar
2026-01-21 06:56:36.635 PM [TestNG-test-Test-1] INFO  [verifyingDisplaySizeFilterFunctionality] [verifyingDisplaySizeFilterFunctionality] Within safeClick method
2026-01-21 06:56:39.544 PM [TestNG-test-Test-1] INFO  [verifyingDisplaySizeFilterFunctionality] [verifyingDisplaySizeFilterFunctionality] Clicked the  [[ChromeDriver: chrome on windows (f863c7989a90861da1640346305366e9)] -> xpath: //input[@id='nav-search-submit-button']]   using safeClick
2026-01-21 06:56:39.544 PM [TestNG-test-Test-1] INFO  [verifyingDisplaySizeFilterFunctionality] [verifyingDisplaySizeFilterFunctionality] Clicking on the submit in the search bar
2026-01-21 06:56:39.657 PM [TestNG-test-Test-1] INFO  [verifyingDisplaySizeFilterFunctionality] [verifyingDisplaySizeFilterFunctionality] Within filterCheckUnderList method
2026-01-21 06:56:39.828 PM [TestNG-test-Test-1] INFO  [verifyingDisplaySizeFilterFunctionality] [verifyingDisplaySizeFilterFunctionality] Filter option does not exist within the filter check List
2026-01-21 06:56:39.828 PM [TestNG-test-Test-1] WARN  [verifyingDisplaySizeFilterFunctionality] [verifyingDisplaySizeFilterFunctionality]  Filter option 'Display Size' does not exist in the list. Skipping the test.
2026-01-21 06:56:39.833 PM [TestNG-test-Test-1] INFO  [verifyingDisplaySizeFilterFunctionality] ✅ Finished test method: verifyingDisplaySizeFilterFunctionality
