2026-04-02 07:41:29.820 PM [TestNG-test-Test-1] INFO  [verifyingPriceSilderFunctionality] 🔹 Starting test method: verifyingPriceSilderFunctionality
2026-04-02 07:41:29.824 PM [TestNG-test-Test-1] INFO  [verifyingPriceSilderFunctionality] No existing WebDriver found for current thread. Initializing a new ChromeDriver...
2026-04-02 07:41:29.834 PM [TestNG-test-Test-1] INFO  [verifyingPriceSilderFunctionality] WebDriverManager: chromedriver setup OK
2026-04-02 07:41:31.247 PM [TestNG-test-Test-1] INFO  [verifyingPriceSilderFunctionality] ChromeDriver initialized successfully for thread: 34
2026-04-02 07:41:31.789 PM [TestNG-test-Test-1] INFO  [verifyingPriceSilderFunctionality] [verifyingPriceSilderFunctionality] Opening amazon Landing page
2026-04-02 07:41:31.789 PM [TestNG-test-Test-1] INFO  [verifyingPriceSilderFunctionality] [verifyingPriceSilderFunctionality] Within safeFindElement method
2026-04-02 07:41:35.326 PM [TestNG-test-Test-1] INFO  [verifyingPriceSilderFunctionality] [verifyingPriceSilderFunctionality]Found the element returning it ,element ->[[ChromeDriver: chrome on windows (acdcf590c1c6b5137c725e6bc18d8be9)] -> xpath: //a[@id='nav-logo-sprites']]
2026-04-02 07:41:36.222 PM [TestNG-test-Test-1] INFO  [verifyingPriceSilderFunctionality] [verifyingPriceSilderFunctionality] Giving input within the search bar
2026-04-02 07:41:36.222 PM [TestNG-test-Test-1] INFO  [verifyingPriceSilderFunctionality] [verifyingPriceSilderFunctionality] Within safeClick method
2026-04-02 07:41:38.183 PM [TestNG-test-Test-1] INFO  [verifyingPriceSilderFunctionality] [verifyingPriceSilderFunctionality] Clicked the  [[ChromeDriver: chrome on windows (acdcf590c1c6b5137c725e6bc18d8be9)] -> xpath: //input[@id='nav-search-submit-button']]   using safeClick
2026-04-02 07:41:38.183 PM [TestNG-test-Test-1] INFO  [verifyingPriceSilderFunctionality] [verifyingPriceSilderFunctionality] Clicking on the submit in the search bar
2026-04-02 07:41:38.312 PM [TestNG-test-Test-1] INFO  [verifyingPriceSilderFunctionality] [verifyingPriceSilderFunctionality] Within filterCheckUnderList method
2026-04-02 07:41:38.367 PM [TestNG-test-Test-1] INFO  [verifyingPriceSilderFunctionality] [verifyingPriceSilderFunctionality] Found the Filter within the filter check List
2026-04-02 07:41:38.367 PM [TestNG-test-Test-1] INFO  [verifyingPriceSilderFunctionality] [verifyingPriceSilderFunctionality] Within applyPriceSliderAndValidateWithResult method
2026-04-02 07:41:38.368 PM [TestNG-test-Test-1] INFO  [verifyingPriceSilderFunctionality] [verifyingPriceSilderFunctionality] Within smoothScrollToElement method
2026-04-02 07:41:38.368 PM [TestNG-test-Test-1] INFO  [verifyingPriceSilderFunctionality] [verifyingPriceSilderFunctionality] Within safeFindElement method
2026-04-02 07:41:38.410 PM [TestNG-test-Test-1] INFO  [verifyingPriceSilderFunctionality] [verifyingPriceSilderFunctionality]Found the element returning it ,element ->[[ChromeDriver: chrome on windows (acdcf590c1c6b5137c725e6bc18d8be9)] -> id: p_36/range-slider_slider-item_lower-bound-slider]
2026-04-02 07:41:38.417 PM [TestNG-test-Test-1] INFO  [verifyingPriceSilderFunctionality] [verifyingPriceSilderFunctionality] Successfully scrolled to element: By.id: p_36/range-slider_slider-item_lower-bound-slider
2026-04-02 07:41:38.417 PM [TestNG-test-Test-1] INFO  [verifyingPriceSilderFunctionality] [verifyingPriceSilderFunctionality] Within safeFindElement method
2026-04-02 07:41:38.531 PM [TestNG-test-Test-1] INFO  [verifyingPriceSilderFunctionality] [verifyingPriceSilderFunctionality]Found the element returning it ,element ->[[ChromeDriver: chrome on windows (acdcf590c1c6b5137c725e6bc18d8be9)] -> id: p_36/range-slider_slider-item_lower-bound-slider]
2026-04-02 07:41:38.531 PM [TestNG-test-Test-1] INFO  [verifyingPriceSilderFunctionality] [verifyingPriceSilderFunctionality] Within safeFindElement method
2026-04-02 07:41:38.609 PM [TestNG-test-Test-1] INFO  [verifyingPriceSilderFunctionality] [verifyingPriceSilderFunctionality]Found the element returning it ,element ->[[ChromeDriver: chrome on windows (acdcf590c1c6b5137c725e6bc18d8be9)] -> id: p_36/range-slider_slider-item_upper-bound-slider]
2026-04-02 07:41:38.636 PM [TestNG-test-Test-1] INFO  [verifyingPriceSilderFunctionality] [verifyingPriceSilderFunctionality] in the setSliderValue method with value 61
2026-04-02 07:41:38.646 PM [TestNG-test-Test-1] INFO  [verifyingPriceSilderFunctionality] [verifyingPriceSilderFunctionality] in the setSliderValue method with value 81
2026-04-02 07:41:38.646 PM [TestNG-test-Test-1] INFO  [verifyingPriceSilderFunctionality] [verifyingPriceSilderFunctionality] Within safeFindElement method
2026-04-02 07:41:38.701 PM [TestNG-test-Test-1] INFO  [verifyingPriceSilderFunctionality] [verifyingPriceSilderFunctionality]Found the element returning it ,element ->[[ChromeDriver: chrome on windows (acdcf590c1c6b5137c725e6bc18d8be9)] -> xpath: //label[@for='p_36/range-slider_slider-item_upper-bound-slider']]
2026-04-02 07:41:38.708 PM [TestNG-test-Test-1] INFO  [verifyingPriceSilderFunctionality] [verifyingPriceSilderFunctionality] Within safeFindElement method
2026-04-02 07:41:38.748 PM [TestNG-test-Test-1] INFO  [verifyingPriceSilderFunctionality] [verifyingPriceSilderFunctionality]Found the element returning it ,element ->[[ChromeDriver: chrome on windows (acdcf590c1c6b5137c725e6bc18d8be9)] -> xpath: //label[@for='p_36/range-slider_slider-item_lower-bound-slider']]
2026-04-02 07:41:39.287 PM [TestNG-test-Test-1] INFO  [verifyingPriceSilderFunctionality] [verifyingPriceSilderFunctionality] Within smoothScrollToElement method
2026-04-02 07:41:39.287 PM [TestNG-test-Test-1] INFO  [verifyingPriceSilderFunctionality] [verifyingPriceSilderFunctionality] Within safeFindElement method
2026-04-02 07:41:40.840 PM [TestNG-test-Test-1] INFO  [verifyingPriceSilderFunctionality] [verifyingPriceSilderFunctionality]Found the element returning it ,element ->[[ChromeDriver: chrome on windows (acdcf590c1c6b5137c725e6bc18d8be9)] -> id: p_36/range-slider_slider-item_lower-bound-slider]
2026-04-02 07:41:40.845 PM [TestNG-test-Test-1] INFO  [verifyingPriceSilderFunctionality] [verifyingPriceSilderFunctionality] Successfully scrolled to element: By.id: p_36/range-slider_slider-item_lower-bound-slider
2026-04-02 07:41:40.846 PM [TestNG-test-Test-1] INFO  [verifyingPriceSilderFunctionality] [verifyingPriceSilderFunctionality] Capturing screenshot: Filter_Applied_is_Max_Price_16_700_Min_price_8_300__2026-04-02_194140.jpg
2026-04-02 07:41:41.012 PM [TestNG-test-Test-1] INFO  [verifyingPriceSilderFunctionality] [verifyingPriceSilderFunctionality] Screenshot saved at: test-output/screenshots/Run_2026-04-02_18-37-54/verifyingPriceSilderFunctionality/Filter_Applied_is_Max_Price_16_700_Min_price_8_300__2026-04-02_194140.jpg
2026-04-02 07:41:41.012 PM [TestNG-test-Test-1] INFO  [verifyingPriceSilderFunctionality] [verifyingPriceSilderFunctionality] Adding the data 'min','max','isValid' ,'mismatches' to 'result' Map->81
2026-04-02 07:41:41.012 PM [TestNG-test-Test-1] INFO  [verifyingPriceSilderFunctionality] [verifyingPriceSilderFunctionality] Adding the 'results'  Map to the master 'allResults' i.e is List of maps->81
2026-04-02 07:41:41.031 PM [TestNG-test-Test-1] INFO  [verifyingPriceSilderFunctionality] [verifyingPriceSilderFunctionality] in the setSliderValue method with value 91
2026-04-02 07:41:41.043 PM [TestNG-test-Test-1] INFO  [verifyingPriceSilderFunctionality] [verifyingPriceSilderFunctionality] in the setSliderValue method with value 121
2026-04-02 07:41:41.043 PM [TestNG-test-Test-1] INFO  [verifyingPriceSilderFunctionality] [verifyingPriceSilderFunctionality] Within safeFindElement method
2026-04-02 07:41:41.079 PM [TestNG-test-Test-1] INFO  [verifyingPriceSilderFunctionality] [verifyingPriceSilderFunctionality]Found the element returning it ,element ->[[ChromeDriver: chrome on windows (acdcf590c1c6b5137c725e6bc18d8be9)] -> xpath: //label[@for='p_36/range-slider_slider-item_upper-bound-slider']]
2026-04-02 07:41:41.090 PM [TestNG-test-Test-1] INFO  [verifyingPriceSilderFunctionality] [verifyingPriceSilderFunctionality] Within safeFindElement method
2026-04-02 07:41:41.125 PM [TestNG-test-Test-1] INFO  [verifyingPriceSilderFunctionality] [verifyingPriceSilderFunctionality]Found the element returning it ,element ->[[ChromeDriver: chrome on windows (acdcf590c1c6b5137c725e6bc18d8be9)] -> xpath: //label[@for='p_36/range-slider_slider-item_lower-bound-slider']]
2026-04-02 07:41:41.651 PM [TestNG-test-Test-1] INFO  [verifyingPriceSilderFunctionality] [verifyingPriceSilderFunctionality] Within smoothScrollToElement method
2026-04-02 07:41:41.651 PM [TestNG-test-Test-1] INFO  [verifyingPriceSilderFunctionality] [verifyingPriceSilderFunctionality] Within safeFindElement method
2026-04-02 07:41:42.698 PM [TestNG-test-Test-1] INFO  [verifyingPriceSilderFunctionality] [verifyingPriceSilderFunctionality]Found the element returning it ,element ->[[ChromeDriver: chrome on windows (acdcf590c1c6b5137c725e6bc18d8be9)] -> id: p_36/range-slider_slider-item_lower-bound-slider]
2026-04-02 07:41:42.703 PM [TestNG-test-Test-1] INFO  [verifyingPriceSilderFunctionality] [verifyingPriceSilderFunctionality] Successfully scrolled to element: By.id: p_36/range-slider_slider-item_lower-bound-slider
2026-04-02 07:41:42.703 PM [TestNG-test-Test-1] INFO  [verifyingPriceSilderFunctionality] [verifyingPriceSilderFunctionality] Capturing screenshot: Filter_Applied_is_Max_Price_45_100_Min_price_12_100__2026-04-02_194142.jpg
2026-04-02 07:41:42.833 PM [TestNG-test-Test-1] INFO  [verifyingPriceSilderFunctionality] [verifyingPriceSilderFunctionality] Screenshot saved at: test-output/screenshots/Run_2026-04-02_18-37-54/verifyingPriceSilderFunctionality/Filter_Applied_is_Max_Price_45_100_Min_price_12_100__2026-04-02_194142.jpg
2026-04-02 07:41:42.833 PM [TestNG-test-Test-1] INFO  [verifyingPriceSilderFunctionality] [verifyingPriceSilderFunctionality] Adding the data 'min','max','isValid' ,'mismatches' to 'result' Map->121
2026-04-02 07:41:42.833 PM [TestNG-test-Test-1] INFO  [verifyingPriceSilderFunctionality] [verifyingPriceSilderFunctionality] Adding the 'results'  Map to the master 'allResults' i.e is List of maps->121
2026-04-02 07:41:42.852 PM [TestNG-test-Test-1] INFO  [verifyingPriceSilderFunctionality] [verifyingPriceSilderFunctionality] in the setSliderValue method with value 131
2026-04-02 07:41:42.858 PM [TestNG-test-Test-1] INFO  [verifyingPriceSilderFunctionality] [verifyingPriceSilderFunctionality] in the setSliderValue method with value 161
2026-04-02 07:41:42.858 PM [TestNG-test-Test-1] INFO  [verifyingPriceSilderFunctionality] [verifyingPriceSilderFunctionality] Within safeFindElement method
2026-04-02 07:41:42.898 PM [TestNG-test-Test-1] INFO  [verifyingPriceSilderFunctionality] [verifyingPriceSilderFunctionality]Found the element returning it ,element ->[[ChromeDriver: chrome on windows (acdcf590c1c6b5137c725e6bc18d8be9)] -> xpath: //label[@for='p_36/range-slider_slider-item_upper-bound-slider']]
2026-04-02 07:41:42.905 PM [TestNG-test-Test-1] INFO  [verifyingPriceSilderFunctionality] [verifyingPriceSilderFunctionality] Within safeFindElement method
2026-04-02 07:41:42.945 PM [TestNG-test-Test-1] INFO  [verifyingPriceSilderFunctionality] [verifyingPriceSilderFunctionality]Found the element returning it ,element ->[[ChromeDriver: chrome on windows (acdcf590c1c6b5137c725e6bc18d8be9)] -> xpath: //label[@for='p_36/range-slider_slider-item_lower-bound-slider']]
2026-04-02 07:41:43.473 PM [TestNG-test-Test-1] INFO  [verifyingPriceSilderFunctionality] [verifyingPriceSilderFunctionality] Within smoothScrollToElement method
2026-04-02 07:41:43.474 PM [TestNG-test-Test-1] INFO  [verifyingPriceSilderFunctionality] [verifyingPriceSilderFunctionality] Within safeFindElement method
2026-04-02 07:41:44.561 PM [TestNG-test-Test-1] INFO  [verifyingPriceSilderFunctionality] [verifyingPriceSilderFunctionality]Found the element returning it ,element ->[[ChromeDriver: chrome on windows (acdcf590c1c6b5137c725e6bc18d8be9)] -> id: p_36/range-slider_slider-item_lower-bound-slider]
2026-04-02 07:41:44.572 PM [TestNG-test-Test-1] INFO  [verifyingPriceSilderFunctionality] [verifyingPriceSilderFunctionality] Successfully scrolled to element: By.id: p_36/range-slider_slider-item_lower-bound-slider
2026-04-02 07:41:44.572 PM [TestNG-test-Test-1] INFO  [verifyingPriceSilderFunctionality] [verifyingPriceSilderFunctionality] Capturing screenshot: Filter_Applied_is_Max_Price_91_500_Min_price_36_400__2026-04-02_194144.jpg
2026-04-02 07:41:44.761 PM [TestNG-test-Test-1] INFO  [verifyingPriceSilderFunctionality] [verifyingPriceSilderFunctionality] Screenshot saved at: test-output/screenshots/Run_2026-04-02_18-37-54/verifyingPriceSilderFunctionality/Filter_Applied_is_Max_Price_91_500_Min_price_36_400__2026-04-02_194144.jpg
2026-04-02 07:41:44.762 PM [TestNG-test-Test-1] INFO  [verifyingPriceSilderFunctionality] [verifyingPriceSilderFunctionality] Adding the data 'min','max','isValid' ,'mismatches' to 'result' Map->161
2026-04-02 07:41:44.762 PM [TestNG-test-Test-1] INFO  [verifyingPriceSilderFunctionality] [verifyingPriceSilderFunctionality] Adding the 'results'  Map to the master 'allResults' i.e is List of maps->161
2026-04-02 07:41:44.762 PM [TestNG-test-Test-1] INFO  [verifyingPriceSilderFunctionality] [verifyingPriceSilderFunctionality] Returning the data here in the end
2026-04-02 07:41:44.762 PM [TestNG-test-Test-1] INFO  [verifyingPriceSilderFunctionality] [verifyingPriceSilderFunctionality]  Price range validated successfully: 61 - 81
2026-04-02 07:41:44.763 PM [TestNG-test-Test-1] INFO  [verifyingPriceSilderFunctionality] [verifyingPriceSilderFunctionality] ------------------------------------------------------------
2026-04-02 07:41:44.763 PM [TestNG-test-Test-1] INFO  [verifyingPriceSilderFunctionality] [verifyingPriceSilderFunctionality]  Price range validated successfully: 91 - 121
2026-04-02 07:41:44.763 PM [TestNG-test-Test-1] INFO  [verifyingPriceSilderFunctionality] [verifyingPriceSilderFunctionality] ------------------------------------------------------------
2026-04-02 07:41:44.763 PM [TestNG-test-Test-1] INFO  [verifyingPriceSilderFunctionality] [verifyingPriceSilderFunctionality]  Price range validated successfully: 131 - 161
2026-04-02 07:41:44.763 PM [TestNG-test-Test-1] INFO  [verifyingPriceSilderFunctionality] [verifyingPriceSilderFunctionality] ------------------------------------------------------------
2026-04-02 07:41:44.763 PM [TestNG-test-Test-1] INFO  [verifyingPriceSilderFunctionality] [verifyingPriceSilderFunctionality]  Asserting all soft assertions now...
2026-04-02 07:41:44.767 PM [TestNG-test-Test-1] INFO  [verifyingPriceSilderFunctionality] ✅ Finished test method: verifyingPriceSilderFunctionality
2026-04-02 07:41:44.998 PM [TestNG-test-Test-1] INFO  [verifyingPriceSilderFunctionality] 🔹 Starting test method: verifyingPriceSilderFunctionality
2026-04-02 07:41:44.998 PM [TestNG-test-Test-1] INFO  [verifyingPriceSilderFunctionality] No existing WebDriver found for current thread. Initializing a new ChromeDriver...
2026-04-02 07:41:45.007 PM [TestNG-test-Test-1] INFO  [verifyingPriceSilderFunctionality] WebDriverManager: chromedriver setup OK
2026-04-02 07:41:46.227 PM [TestNG-test-Test-1] INFO  [verifyingPriceSilderFunctionality] ChromeDriver initialized successfully for thread: 34
2026-04-02 07:41:46.776 PM [TestNG-test-Test-1] INFO  [verifyingPriceSilderFunctionality] [verifyingPriceSilderFunctionality] Opening amazon Landing page
2026-04-02 07:41:46.776 PM [TestNG-test-Test-1] INFO  [verifyingPriceSilderFunctionality] [verifyingPriceSilderFunctionality] Within safeFindElement method
2026-04-02 07:41:50.853 PM [TestNG-test-Test-1] INFO  [verifyingPriceSilderFunctionality] [verifyingPriceSilderFunctionality]Found the element returning it ,element ->[[ChromeDriver: chrome on windows (56dba3a5cb99039e24e9c3cfa69af2f8)] -> xpath: //a[@id='nav-logo-sprites']]
2026-04-02 07:41:51.661 PM [TestNG-test-Test-1] INFO  [verifyingPriceSilderFunctionality] [verifyingPriceSilderFunctionality] Giving input within the search bar
2026-04-02 07:41:51.662 PM [TestNG-test-Test-1] INFO  [verifyingPriceSilderFunctionality] [verifyingPriceSilderFunctionality] Within safeClick method
2026-04-02 07:41:53.888 PM [TestNG-test-Test-1] INFO  [verifyingPriceSilderFunctionality] [verifyingPriceSilderFunctionality] Clicked the  [[ChromeDriver: chrome on windows (56dba3a5cb99039e24e9c3cfa69af2f8)] -> xpath: //input[@id='nav-search-submit-button']]   using safeClick
2026-04-02 07:41:53.888 PM [TestNG-test-Test-1] INFO  [verifyingPriceSilderFunctionality] [verifyingPriceSilderFunctionality] Clicking on the submit in the search bar
2026-04-02 07:41:54.093 PM [TestNG-test-Test-1] INFO  [verifyingPriceSilderFunctionality] [verifyingPriceSilderFunctionality] Within filterCheckUnderList method
2026-04-02 07:41:54.316 PM [TestNG-test-Test-1] INFO  [verifyingPriceSilderFunctionality] [verifyingPriceSilderFunctionality] Found the Filter within the filter check List
2026-04-02 07:41:54.316 PM [TestNG-test-Test-1] INFO  [verifyingPriceSilderFunctionality] [verifyingPriceSilderFunctionality] Within applyPriceSliderAndValidateWithResult method
2026-04-02 07:41:54.318 PM [TestNG-test-Test-1] INFO  [verifyingPriceSilderFunctionality] [verifyingPriceSilderFunctionality] Within smoothScrollToElement method
2026-04-02 07:41:54.318 PM [TestNG-test-Test-1] INFO  [verifyingPriceSilderFunctionality] [verifyingPriceSilderFunctionality] Within safeFindElement method
2026-04-02 07:41:54.421 PM [TestNG-test-Test-1] INFO  [verifyingPriceSilderFunctionality] [verifyingPriceSilderFunctionality]Found the element returning it ,element ->[[ChromeDriver: chrome on windows (56dba3a5cb99039e24e9c3cfa69af2f8)] -> id: p_36/range-slider_slider-item_lower-bound-slider]
2026-04-02 07:41:54.448 PM [TestNG-test-Test-1] INFO  [verifyingPriceSilderFunctionality] [verifyingPriceSilderFunctionality] Successfully scrolled to element: By.id: p_36/range-slider_slider-item_lower-bound-slider
2026-04-02 07:41:54.448 PM [TestNG-test-Test-1] INFO  [verifyingPriceSilderFunctionality] [verifyingPriceSilderFunctionality] Within safeFindElement method
2026-04-02 07:41:54.508 PM [TestNG-test-Test-1] INFO  [verifyingPriceSilderFunctionality] [verifyingPriceSilderFunctionality]Found the element returning it ,element ->[[ChromeDriver: chrome on windows (56dba3a5cb99039e24e9c3cfa69af2f8)] -> id: p_36/range-slider_slider-item_lower-bound-slider]
2026-04-02 07:41:54.508 PM [TestNG-test-Test-1] INFO  [verifyingPriceSilderFunctionality] [verifyingPriceSilderFunctionality] Within safeFindElement method
2026-04-02 07:41:54.596 PM [TestNG-test-Test-1] INFO  [verifyingPriceSilderFunctionality] [verifyingPriceSilderFunctionality]Found the element returning it ,element ->[[ChromeDriver: chrome on windows (56dba3a5cb99039e24e9c3cfa69af2f8)] -> id: p_36/range-slider_slider-item_upper-bound-slider]
2026-04-02 07:41:54.630 PM [TestNG-test-Test-1] INFO  [verifyingPriceSilderFunctionality] [verifyingPriceSilderFunctionality] in the setSliderValue method with value 61
2026-04-02 07:41:54.638 PM [TestNG-test-Test-1] INFO  [verifyingPriceSilderFunctionality] [verifyingPriceSilderFunctionality] in the setSliderValue method with value 81
2026-04-02 07:41:54.638 PM [TestNG-test-Test-1] INFO  [verifyingPriceSilderFunctionality] [verifyingPriceSilderFunctionality] Within safeFindElement method
2026-04-02 07:41:54.711 PM [TestNG-test-Test-1] INFO  [verifyingPriceSilderFunctionality] [verifyingPriceSilderFunctionality]Found the element returning it ,element ->[[ChromeDriver: chrome on windows (56dba3a5cb99039e24e9c3cfa69af2f8)] -> xpath: //label[@for='p_36/range-slider_slider-item_upper-bound-slider']]
2026-04-02 07:41:54.723 PM [TestNG-test-Test-1] INFO  [verifyingPriceSilderFunctionality] [verifyingPriceSilderFunctionality] Within safeFindElement method
2026-04-02 07:41:54.785 PM [TestNG-test-Test-1] INFO  [verifyingPriceSilderFunctionality] [verifyingPriceSilderFunctionality]Found the element returning it ,element ->[[ChromeDriver: chrome on windows (56dba3a5cb99039e24e9c3cfa69af2f8)] -> xpath: //label[@for='p_36/range-slider_slider-item_lower-bound-slider']]
2026-04-02 07:41:55.367 PM [TestNG-test-Test-1] INFO  [verifyingPriceSilderFunctionality] [verifyingPriceSilderFunctionality] Within smoothScrollToElement method
2026-04-02 07:41:55.367 PM [TestNG-test-Test-1] INFO  [verifyingPriceSilderFunctionality] [verifyingPriceSilderFunctionality] Within safeFindElement method
2026-04-02 07:41:56.452 PM [TestNG-test-Test-1] INFO  [verifyingPriceSilderFunctionality] [verifyingPriceSilderFunctionality]Found the element returning it ,element ->[[ChromeDriver: chrome on windows (56dba3a5cb99039e24e9c3cfa69af2f8)] -> id: p_36/range-slider_slider-item_lower-bound-slider]
2026-04-02 07:41:56.460 PM [TestNG-test-Test-1] INFO  [verifyingPriceSilderFunctionality] [verifyingPriceSilderFunctionality] Successfully scrolled to element: By.id: p_36/range-slider_slider-item_lower-bound-slider
2026-04-02 07:41:56.461 PM [TestNG-test-Test-1] INFO  [verifyingPriceSilderFunctionality] [verifyingPriceSilderFunctionality] Capturing screenshot: Filter_Applied_is_Max_Price_61_000_Min_price_32_400__2026-04-02_194156.jpg
2026-04-02 07:41:56.773 PM [TestNG-test-Test-1] INFO  [verifyingPriceSilderFunctionality] [verifyingPriceSilderFunctionality] Screenshot saved at: test-output/screenshots/Run_2026-04-02_18-37-54/verifyingPriceSilderFunctionality/Filter_Applied_is_Max_Price_61_000_Min_price_32_400__2026-04-02_194156.jpg
2026-04-02 07:41:56.773 PM [TestNG-test-Test-1] INFO  [verifyingPriceSilderFunctionality] [verifyingPriceSilderFunctionality] Adding the data 'min','max','isValid' ,'mismatches' to 'result' Map->81
2026-04-02 07:41:56.773 PM [TestNG-test-Test-1] INFO  [verifyingPriceSilderFunctionality] [verifyingPriceSilderFunctionality] Adding the 'results'  Map to the master 'allResults' i.e is List of maps->81
2026-04-02 07:41:56.804 PM [TestNG-test-Test-1] INFO  [verifyingPriceSilderFunctionality] [verifyingPriceSilderFunctionality] in the setSliderValue method with value 91
2026-04-02 07:41:56.819 PM [TestNG-test-Test-1] INFO  [verifyingPriceSilderFunctionality] [verifyingPriceSilderFunctionality] in the setSliderValue method with value 121
2026-04-02 07:41:56.819 PM [TestNG-test-Test-1] INFO  [verifyingPriceSilderFunctionality] [verifyingPriceSilderFunctionality] Within safeFindElement method
2026-04-02 07:41:56.872 PM [TestNG-test-Test-1] INFO  [verifyingPriceSilderFunctionality] [verifyingPriceSilderFunctionality]Found the element returning it ,element ->[[ChromeDriver: chrome on windows (56dba3a5cb99039e24e9c3cfa69af2f8)] -> xpath: //label[@for='p_36/range-slider_slider-item_upper-bound-slider']]
2026-04-02 07:41:56.974 PM [TestNG-test-Test-1] INFO  [verifyingPriceSilderFunctionality] [verifyingPriceSilderFunctionality] Within safeFindElement method
2026-04-02 07:41:57.024 PM [TestNG-test-Test-1] INFO  [verifyingPriceSilderFunctionality] [verifyingPriceSilderFunctionality]Found the element returning it ,element ->[[ChromeDriver: chrome on windows (56dba3a5cb99039e24e9c3cfa69af2f8)] -> xpath: //label[@for='p_36/range-slider_slider-item_lower-bound-slider']]
2026-04-02 07:41:57.576 PM [TestNG-test-Test-1] INFO  [verifyingPriceSilderFunctionality] [verifyingPriceSilderFunctionality] Within smoothScrollToElement method
2026-04-02 07:41:57.576 PM [TestNG-test-Test-1] INFO  [verifyingPriceSilderFunctionality] [verifyingPriceSilderFunctionality] Within safeFindElement method
2026-04-02 07:41:58.769 PM [TestNG-test-Test-1] INFO  [verifyingPriceSilderFunctionality] [verifyingPriceSilderFunctionality]Found the element returning it ,element ->[[ChromeDriver: chrome on windows (56dba3a5cb99039e24e9c3cfa69af2f8)] -> id: p_36/range-slider_slider-item_lower-bound-slider]
2026-04-02 07:41:58.773 PM [TestNG-test-Test-1] INFO  [verifyingPriceSilderFunctionality] [verifyingPriceSilderFunctionality] Successfully scrolled to element: By.id: p_36/range-slider_slider-item_lower-bound-slider
2026-04-02 07:41:58.773 PM [TestNG-test-Test-1] INFO  [verifyingPriceSilderFunctionality] [verifyingPriceSilderFunctionality] Capturing screenshot: Filter_Applied_is_Max_Price_156_100_Min_price_45_300__2026-04-02_194158.jpg
2026-04-02 07:41:58.907 PM [TestNG-test-Test-1] INFO  [verifyingPriceSilderFunctionality] [verifyingPriceSilderFunctionality] Screenshot saved at: test-output/screenshots/Run_2026-04-02_18-37-54/verifyingPriceSilderFunctionality/Filter_Applied_is_Max_Price_156_100_Min_price_45_300__2026-04-02_194158.jpg
2026-04-02 07:41:58.908 PM [TestNG-test-Test-1] INFO  [verifyingPriceSilderFunctionality] [verifyingPriceSilderFunctionality] Adding the data 'min','max','isValid' ,'mismatches' to 'result' Map->121
2026-04-02 07:41:58.908 PM [TestNG-test-Test-1] INFO  [verifyingPriceSilderFunctionality] [verifyingPriceSilderFunctionality] Adding the 'results'  Map to the master 'allResults' i.e is List of maps->121
2026-04-02 07:41:58.930 PM [TestNG-test-Test-1] INFO  [verifyingPriceSilderFunctionality] [verifyingPriceSilderFunctionality] in the setSliderValue method with value 131
2026-04-02 07:41:58.937 PM [TestNG-test-Test-1] INFO  [verifyingPriceSilderFunctionality] [verifyingPriceSilderFunctionality] in the setSliderValue method with value 161
2026-04-02 07:41:58.937 PM [TestNG-test-Test-1] INFO  [verifyingPriceSilderFunctionality] [verifyingPriceSilderFunctionality] Within safeFindElement method
2026-04-02 07:41:58.981 PM [TestNG-test-Test-1] INFO  [verifyingPriceSilderFunctionality] [verifyingPriceSilderFunctionality]Found the element returning it ,element ->[[ChromeDriver: chrome on windows (56dba3a5cb99039e24e9c3cfa69af2f8)] -> xpath: //label[@for='p_36/range-slider_slider-item_upper-bound-slider']]
2026-04-02 07:41:58.990 PM [TestNG-test-Test-1] INFO  [verifyingPriceSilderFunctionality] [verifyingPriceSilderFunctionality] Within safeFindElement method
2026-04-02 07:41:59.032 PM [TestNG-test-Test-1] INFO  [verifyingPriceSilderFunctionality] [verifyingPriceSilderFunctionality]Found the element returning it ,element ->[[ChromeDriver: chrome on windows (56dba3a5cb99039e24e9c3cfa69af2f8)] -> xpath: //label[@for='p_36/range-slider_slider-item_lower-bound-slider']]
2026-04-02 07:41:59.562 PM [TestNG-test-Test-1] INFO  [verifyingPriceSilderFunctionality] [verifyingPriceSilderFunctionality] Within smoothScrollToElement method
2026-04-02 07:41:59.562 PM [TestNG-test-Test-1] INFO  [verifyingPriceSilderFunctionality] [verifyingPriceSilderFunctionality] Within safeFindElement method
2026-04-02 07:42:00.694 PM [TestNG-test-Test-1] INFO  [verifyingPriceSilderFunctionality] [verifyingPriceSilderFunctionality]Found the element returning it ,element ->[[ChromeDriver: chrome on windows (56dba3a5cb99039e24e9c3cfa69af2f8)] -> id: p_36/range-slider_slider-item_lower-bound-slider]
2026-04-02 07:42:00.704 PM [TestNG-test-Test-1] INFO  [verifyingPriceSilderFunctionality] [verifyingPriceSilderFunctionality] Successfully scrolled to element: By.id: p_36/range-slider_slider-item_lower-bound-slider
2026-04-02 07:42:00.706 PM [TestNG-test-Test-1] INFO  [verifyingPriceSilderFunctionality] [verifyingPriceSilderFunctionality] Capturing screenshot: Filter_Applied_is_Max_Price_310_000_Min_price_127_200__2026-04-02_194200.jpg
2026-04-02 07:42:00.919 PM [TestNG-test-Test-1] INFO  [verifyingPriceSilderFunctionality] [verifyingPriceSilderFunctionality] Screenshot saved at: test-output/screenshots/Run_2026-04-02_18-37-54/verifyingPriceSilderFunctionality/Filter_Applied_is_Max_Price_310_000_Min_price_127_200__2026-04-02_194200.jpg
2026-04-02 07:42:00.919 PM [TestNG-test-Test-1] INFO  [verifyingPriceSilderFunctionality] [verifyingPriceSilderFunctionality] Adding the data 'min','max','isValid' ,'mismatches' to 'result' Map->161
2026-04-02 07:42:00.919 PM [TestNG-test-Test-1] INFO  [verifyingPriceSilderFunctionality] [verifyingPriceSilderFunctionality] Adding the 'results'  Map to the master 'allResults' i.e is List of maps->161
2026-04-02 07:42:00.919 PM [TestNG-test-Test-1] INFO  [verifyingPriceSilderFunctionality] [verifyingPriceSilderFunctionality] Returning the data here in the end
2026-04-02 07:42:00.919 PM [TestNG-test-Test-1] INFO  [verifyingPriceSilderFunctionality] [verifyingPriceSilderFunctionality]  Price range validated successfully: 61 - 81
2026-04-02 07:42:00.919 PM [TestNG-test-Test-1] INFO  [verifyingPriceSilderFunctionality] [verifyingPriceSilderFunctionality] ------------------------------------------------------------
2026-04-02 07:42:00.919 PM [TestNG-test-Test-1] INFO  [verifyingPriceSilderFunctionality] [verifyingPriceSilderFunctionality]  Price range validated successfully: 91 - 121
2026-04-02 07:42:00.920 PM [TestNG-test-Test-1] INFO  [verifyingPriceSilderFunctionality] [verifyingPriceSilderFunctionality] ------------------------------------------------------------
2026-04-02 07:42:00.920 PM [TestNG-test-Test-1] INFO  [verifyingPriceSilderFunctionality] [verifyingPriceSilderFunctionality]  Price range validated successfully: 131 - 161
2026-04-02 07:42:00.920 PM [TestNG-test-Test-1] INFO  [verifyingPriceSilderFunctionality] [verifyingPriceSilderFunctionality] ------------------------------------------------------------
2026-04-02 07:42:00.920 PM [TestNG-test-Test-1] INFO  [verifyingPriceSilderFunctionality] [verifyingPriceSilderFunctionality]  Asserting all soft assertions now...
2026-04-02 07:42:00.924 PM [TestNG-test-Test-1] INFO  [verifyingPriceSilderFunctionality] ✅ Finished test method: verifyingPriceSilderFunctionality
2026-04-02 07:42:01.198 PM [TestNG-test-Test-1] INFO  [verifyingPriceSilderFunctionality] 🔹 Starting test method: verifyingPriceSilderFunctionality
2026-04-02 07:42:01.198 PM [TestNG-test-Test-1] INFO  [verifyingPriceSilderFunctionality] No existing WebDriver found for current thread. Initializing a new ChromeDriver...
2026-04-02 07:42:01.216 PM [TestNG-test-Test-1] INFO  [verifyingPriceSilderFunctionality] WebDriverManager: chromedriver setup OK
2026-04-02 07:42:02.559 PM [TestNG-test-Test-1] INFO  [verifyingPriceSilderFunctionality] ChromeDriver initialized successfully for thread: 34
2026-04-02 07:42:03.077 PM [TestNG-test-Test-1] INFO  [verifyingPriceSilderFunctionality] [verifyingPriceSilderFunctionality] Opening amazon Landing page
2026-04-02 07:42:03.077 PM [TestNG-test-Test-1] INFO  [verifyingPriceSilderFunctionality] [verifyingPriceSilderFunctionality] Within safeFindElement method
2026-04-02 07:42:06.147 PM [TestNG-test-Test-1] INFO  [verifyingPriceSilderFunctionality] [verifyingPriceSilderFunctionality]Found the element returning it ,element ->[[ChromeDriver: chrome on windows (ac6949483dc8351a88546acfd1675453)] -> xpath: //a[@id='nav-logo-sprites']]
2026-04-02 07:42:06.632 PM [TestNG-test-Test-1] INFO  [verifyingPriceSilderFunctionality] [verifyingPriceSilderFunctionality] Giving input within the search bar
2026-04-02 07:42:06.633 PM [TestNG-test-Test-1] INFO  [verifyingPriceSilderFunctionality] [verifyingPriceSilderFunctionality] Within safeClick method
2026-04-02 07:42:08.547 PM [TestNG-test-Test-1] INFO  [verifyingPriceSilderFunctionality] [verifyingPriceSilderFunctionality] Clicked the  [[ChromeDriver: chrome on windows (ac6949483dc8351a88546acfd1675453)] -> xpath: //input[@id='nav-search-submit-button']]   using safeClick
2026-04-02 07:42:08.547 PM [TestNG-test-Test-1] INFO  [verifyingPriceSilderFunctionality] [verifyingPriceSilderFunctionality] Clicking on the submit in the search bar
2026-04-02 07:42:08.698 PM [TestNG-test-Test-1] INFO  [verifyingPriceSilderFunctionality] [verifyingPriceSilderFunctionality] Within filterCheckUnderList method
2026-04-02 07:42:08.795 PM [TestNG-test-Test-1] INFO  [verifyingPriceSilderFunctionality] [verifyingPriceSilderFunctionality] Found the Filter within the filter check List
2026-04-02 07:42:08.795 PM [TestNG-test-Test-1] INFO  [verifyingPriceSilderFunctionality] [verifyingPriceSilderFunctionality] Within applyPriceSliderAndValidateWithResult method
2026-04-02 07:42:08.796 PM [TestNG-test-Test-1] INFO  [verifyingPriceSilderFunctionality] [verifyingPriceSilderFunctionality] Within smoothScrollToElement method
2026-04-02 07:42:08.796 PM [TestNG-test-Test-1] INFO  [verifyingPriceSilderFunctionality] [verifyingPriceSilderFunctionality] Within safeFindElement method
2026-04-02 07:42:08.872 PM [TestNG-test-Test-1] INFO  [verifyingPriceSilderFunctionality] [verifyingPriceSilderFunctionality]Found the element returning it ,element ->[[ChromeDriver: chrome on windows (ac6949483dc8351a88546acfd1675453)] -> id: p_36/range-slider_slider-item_lower-bound-slider]
2026-04-02 07:42:08.886 PM [TestNG-test-Test-1] INFO  [verifyingPriceSilderFunctionality] [verifyingPriceSilderFunctionality] Successfully scrolled to element: By.id: p_36/range-slider_slider-item_lower-bound-slider
2026-04-02 07:42:08.886 PM [TestNG-test-Test-1] INFO  [verifyingPriceSilderFunctionality] [verifyingPriceSilderFunctionality] Within safeFindElement method
2026-04-02 07:42:08.982 PM [TestNG-test-Test-1] INFO  [verifyingPriceSilderFunctionality] [verifyingPriceSilderFunctionality]Found the element returning it ,element ->[[ChromeDriver: chrome on windows (ac6949483dc8351a88546acfd1675453)] -> id: p_36/range-slider_slider-item_lower-bound-slider]
2026-04-02 07:42:08.983 PM [TestNG-test-Test-1] INFO  [verifyingPriceSilderFunctionality] [verifyingPriceSilderFunctionality] Within safeFindElement method
2026-04-02 07:42:09.057 PM [TestNG-test-Test-1] INFO  [verifyingPriceSilderFunctionality] [verifyingPriceSilderFunctionality]Found the element returning it ,element ->[[ChromeDriver: chrome on windows (ac6949483dc8351a88546acfd1675453)] -> id: p_36/range-slider_slider-item_upper-bound-slider]
2026-04-02 07:42:09.089 PM [TestNG-test-Test-1] INFO  [verifyingPriceSilderFunctionality] [verifyingPriceSilderFunctionality] in the setSliderValue method with value 61
2026-04-02 07:42:09.106 PM [TestNG-test-Test-1] INFO  [verifyingPriceSilderFunctionality] [verifyingPriceSilderFunctionality] in the setSliderValue method with value 81
2026-04-02 07:42:09.106 PM [TestNG-test-Test-1] INFO  [verifyingPriceSilderFunctionality] [verifyingPriceSilderFunctionality] Within safeFindElement method
2026-04-02 07:42:09.167 PM [TestNG-test-Test-1] INFO  [verifyingPriceSilderFunctionality] [verifyingPriceSilderFunctionality]Found the element returning it ,element ->[[ChromeDriver: chrome on windows (ac6949483dc8351a88546acfd1675453)] -> xpath: //label[@for='p_36/range-slider_slider-item_upper-bound-slider']]
2026-04-02 07:42:09.175 PM [TestNG-test-Test-1] INFO  [verifyingPriceSilderFunctionality] [verifyingPriceSilderFunctionality] Within safeFindElement method
2026-04-02 07:42:09.249 PM [TestNG-test-Test-1] INFO  [verifyingPriceSilderFunctionality] [verifyingPriceSilderFunctionality]Found the element returning it ,element ->[[ChromeDriver: chrome on windows (ac6949483dc8351a88546acfd1675453)] -> xpath: //label[@for='p_36/range-slider_slider-item_lower-bound-slider']]
2026-04-02 07:42:09.827 PM [TestNG-test-Test-1] INFO  [verifyingPriceSilderFunctionality] [verifyingPriceSilderFunctionality] Within smoothScrollToElement method
2026-04-02 07:42:09.827 PM [TestNG-test-Test-1] INFO  [verifyingPriceSilderFunctionality] [verifyingPriceSilderFunctionality] Within safeFindElement method
2026-04-02 07:42:10.936 PM [TestNG-test-Test-1] INFO  [verifyingPriceSilderFunctionality] [verifyingPriceSilderFunctionality]Found the element returning it ,element ->[[ChromeDriver: chrome on windows (ac6949483dc8351a88546acfd1675453)] -> id: p_36/range-slider_slider-item_lower-bound-slider]
2026-04-02 07:42:10.950 PM [TestNG-test-Test-1] INFO  [verifyingPriceSilderFunctionality] [verifyingPriceSilderFunctionality] Successfully scrolled to element: By.id: p_36/range-slider_slider-item_lower-bound-slider
2026-04-02 07:42:10.951 PM [TestNG-test-Test-1] INFO  [verifyingPriceSilderFunctionality] [verifyingPriceSilderFunctionality] Capturing screenshot: Filter_Applied_is_Max_Price_28_100_Min_price_14_000__2026-04-02_194210.jpg
2026-04-02 07:42:11.130 PM [TestNG-test-Test-1] INFO  [verifyingPriceSilderFunctionality] [verifyingPriceSilderFunctionality] Screenshot saved at: test-output/screenshots/Run_2026-04-02_18-37-54/verifyingPriceSilderFunctionality/Filter_Applied_is_Max_Price_28_100_Min_price_14_000__2026-04-02_194210.jpg
2026-04-02 07:42:11.130 PM [TestNG-test-Test-1] INFO  [verifyingPriceSilderFunctionality] [verifyingPriceSilderFunctionality] Adding the data 'min','max','isValid' ,'mismatches' to 'result' Map->81
2026-04-02 07:42:11.130 PM [TestNG-test-Test-1] INFO  [verifyingPriceSilderFunctionality] [verifyingPriceSilderFunctionality] Adding the 'results'  Map to the master 'allResults' i.e is List of maps->81
2026-04-02 07:42:11.148 PM [TestNG-test-Test-1] INFO  [verifyingPriceSilderFunctionality] [verifyingPriceSilderFunctionality] in the setSliderValue method with value 91
2026-04-02 07:42:11.153 PM [TestNG-test-Test-1] INFO  [verifyingPriceSilderFunctionality] [verifyingPriceSilderFunctionality] in the setSliderValue method with value 121
2026-04-02 07:42:11.153 PM [TestNG-test-Test-1] INFO  [verifyingPriceSilderFunctionality] [verifyingPriceSilderFunctionality] Within safeFindElement method
2026-04-02 07:42:11.197 PM [TestNG-test-Test-1] INFO  [verifyingPriceSilderFunctionality] [verifyingPriceSilderFunctionality]Found the element returning it ,element ->[[ChromeDriver: chrome on windows (ac6949483dc8351a88546acfd1675453)] -> xpath: //label[@for='p_36/range-slider_slider-item_upper-bound-slider']]
2026-04-02 07:42:11.203 PM [TestNG-test-Test-1] INFO  [verifyingPriceSilderFunctionality] [verifyingPriceSilderFunctionality] Within safeFindElement method
2026-04-02 07:42:11.241 PM [TestNG-test-Test-1] INFO  [verifyingPriceSilderFunctionality] [verifyingPriceSilderFunctionality]Found the element returning it ,element ->[[ChromeDriver: chrome on windows (ac6949483dc8351a88546acfd1675453)] -> xpath: //label[@for='p_36/range-slider_slider-item_lower-bound-slider']]
2026-04-02 07:42:11.770 PM [TestNG-test-Test-1] INFO  [verifyingPriceSilderFunctionality] [verifyingPriceSilderFunctionality] Within smoothScrollToElement method
2026-04-02 07:42:11.770 PM [TestNG-test-Test-1] INFO  [verifyingPriceSilderFunctionality] [verifyingPriceSilderFunctionality] Within safeFindElement method
2026-04-02 07:42:12.830 PM [TestNG-test-Test-1] INFO  [verifyingPriceSilderFunctionality] [verifyingPriceSilderFunctionality]Found the element returning it ,element ->[[ChromeDriver: chrome on windows (ac6949483dc8351a88546acfd1675453)] -> id: p_36/range-slider_slider-item_lower-bound-slider]
2026-04-02 07:42:12.844 PM [TestNG-test-Test-1] INFO  [verifyingPriceSilderFunctionality] [verifyingPriceSilderFunctionality] Successfully scrolled to element: By.id: p_36/range-slider_slider-item_lower-bound-slider
2026-04-02 07:42:12.845 PM [TestNG-test-Test-1] INFO  [verifyingPriceSilderFunctionality] [verifyingPriceSilderFunctionality] Capturing screenshot: Filter_Applied_is_Max_Price_75_600_Min_price_20_300__2026-04-02_194212.jpg
2026-04-02 07:42:12.983 PM [TestNG-test-Test-1] INFO  [verifyingPriceSilderFunctionality] [verifyingPriceSilderFunctionality] Screenshot saved at: test-output/screenshots/Run_2026-04-02_18-37-54/verifyingPriceSilderFunctionality/Filter_Applied_is_Max_Price_75_600_Min_price_20_300__2026-04-02_194212.jpg
2026-04-02 07:42:12.983 PM [TestNG-test-Test-1] INFO  [verifyingPriceSilderFunctionality] [verifyingPriceSilderFunctionality] Adding the data 'min','max','isValid' ,'mismatches' to 'result' Map->121
2026-04-02 07:42:12.983 PM [TestNG-test-Test-1] INFO  [verifyingPriceSilderFunctionality] [verifyingPriceSilderFunctionality] Adding the 'results'  Map to the master 'allResults' i.e is List of maps->121
2026-04-02 07:42:13.003 PM [TestNG-test-Test-1] INFO  [verifyingPriceSilderFunctionality] [verifyingPriceSilderFunctionality] in the setSliderValue method with value 131
2026-04-02 07:42:13.010 PM [TestNG-test-Test-1] INFO  [verifyingPriceSilderFunctionality] [verifyingPriceSilderFunctionality] in the setSliderValue method with value 161
2026-04-02 07:42:13.010 PM [TestNG-test-Test-1] INFO  [verifyingPriceSilderFunctionality] [verifyingPriceSilderFunctionality] Within safeFindElement method
2026-04-02 07:42:13.052 PM [TestNG-test-Test-1] INFO  [verifyingPriceSilderFunctionality] [verifyingPriceSilderFunctionality]Found the element returning it ,element ->[[ChromeDriver: chrome on windows (ac6949483dc8351a88546acfd1675453)] -> xpath: //label[@for='p_36/range-slider_slider-item_upper-bound-slider']]
2026-04-02 07:42:13.058 PM [TestNG-test-Test-1] INFO  [verifyingPriceSilderFunctionality] [verifyingPriceSilderFunctionality] Within safeFindElement method
2026-04-02 07:42:13.098 PM [TestNG-test-Test-1] INFO  [verifyingPriceSilderFunctionality] [verifyingPriceSilderFunctionality]Found the element returning it ,element ->[[ChromeDriver: chrome on windows (ac6949483dc8351a88546acfd1675453)] -> xpath: //label[@for='p_36/range-slider_slider-item_lower-bound-slider']]
2026-04-02 07:42:13.626 PM [TestNG-test-Test-1] INFO  [verifyingPriceSilderFunctionality] [verifyingPriceSilderFunctionality] Within smoothScrollToElement method
2026-04-02 07:42:13.626 PM [TestNG-test-Test-1] INFO  [verifyingPriceSilderFunctionality] [verifyingPriceSilderFunctionality] Within safeFindElement method
2026-04-02 07:42:14.676 PM [TestNG-test-Test-1] INFO  [verifyingPriceSilderFunctionality] [verifyingPriceSilderFunctionality]Found the element returning it ,element ->[[ChromeDriver: chrome on windows (ac6949483dc8351a88546acfd1675453)] -> id: p_36/range-slider_slider-item_lower-bound-slider]
2026-04-02 07:42:14.681 PM [TestNG-test-Test-1] INFO  [verifyingPriceSilderFunctionality] [verifyingPriceSilderFunctionality] Successfully scrolled to element: By.id: p_36/range-slider_slider-item_lower-bound-slider
2026-04-02 07:42:14.681 PM [TestNG-test-Test-1] INFO  [verifyingPriceSilderFunctionality] [verifyingPriceSilderFunctionality] Capturing screenshot: Filter_Applied_is_Max_Price_153_500_Min_price_61_100__2026-04-02_194214.jpg
2026-04-02 07:42:14.809 PM [TestNG-test-Test-1] INFO  [verifyingPriceSilderFunctionality] [verifyingPriceSilderFunctionality] Screenshot saved at: test-output/screenshots/Run_2026-04-02_18-37-54/verifyingPriceSilderFunctionality/Filter_Applied_is_Max_Price_153_500_Min_price_61_100__2026-04-02_194214.jpg
2026-04-02 07:42:14.809 PM [TestNG-test-Test-1] INFO  [verifyingPriceSilderFunctionality] [verifyingPriceSilderFunctionality] Adding the data 'min','max','isValid' ,'mismatches' to 'result' Map->161
2026-04-02 07:42:14.809 PM [TestNG-test-Test-1] INFO  [verifyingPriceSilderFunctionality] [verifyingPriceSilderFunctionality] Adding the 'results'  Map to the master 'allResults' i.e is List of maps->161
2026-04-02 07:42:14.809 PM [TestNG-test-Test-1] INFO  [verifyingPriceSilderFunctionality] [verifyingPriceSilderFunctionality] Returning the data here in the end
2026-04-02 07:42:14.809 PM [TestNG-test-Test-1] INFO  [verifyingPriceSilderFunctionality] [verifyingPriceSilderFunctionality]  Price range validated successfully: 61 - 81
2026-04-02 07:42:14.809 PM [TestNG-test-Test-1] INFO  [verifyingPriceSilderFunctionality] [verifyingPriceSilderFunctionality] ------------------------------------------------------------
2026-04-02 07:42:14.809 PM [TestNG-test-Test-1] INFO  [verifyingPriceSilderFunctionality] [verifyingPriceSilderFunctionality]  Price range validated successfully: 91 - 121
2026-04-02 07:42:14.809 PM [TestNG-test-Test-1] INFO  [verifyingPriceSilderFunctionality] [verifyingPriceSilderFunctionality] ------------------------------------------------------------
2026-04-02 07:42:14.809 PM [TestNG-test-Test-1] INFO  [verifyingPriceSilderFunctionality] [verifyingPriceSilderFunctionality]  Price range validated successfully: 131 - 161
2026-04-02 07:42:14.809 PM [TestNG-test-Test-1] INFO  [verifyingPriceSilderFunctionality] [verifyingPriceSilderFunctionality] ------------------------------------------------------------
2026-04-02 07:42:14.809 PM [TestNG-test-Test-1] INFO  [verifyingPriceSilderFunctionality] [verifyingPriceSilderFunctionality]  Asserting all soft assertions now...
2026-04-02 07:42:14.814 PM [TestNG-test-Test-1] INFO  [verifyingPriceSilderFunctionality] ✅ Finished test method: verifyingPriceSilderFunctionality
