18:00:47 [TestNG-test-Test-3] INFO  verifyingTheBrandsFilterFunctionality_Laptop_18-00-47 - No existing WebDriver found for current thread. Initializing a new ChromeDriver...
18:00:47 [TestNG-test-Test-3] INFO  verifyingTheBrandsFilterFunctionality_Laptop_18-00-47 - WebDriverManager: chromedriver setup OK
18:00:50 [TestNG-test-Test-3] INFO  verifyingTheBrandsFilterFunctionality_Laptop_18-00-47 - ChromeDriver initialized successfully for thread: 36
18:00:52 [TestNG-test-Test-3] INFO  verifyingTheBrandsFilterFunctionality_Laptop_18-00-47 - [verifyingTheBrandsFilterFunctionality_Laptop_18-00-47] Opening amazon Landing page
18:00:52 [TestNG-test-Test-3] INFO  verifyingTheBrandsFilterFunctionality_Laptop_18-00-47 - [verifyingTheBrandsFilterFunctionality_Laptop_18-00-47] Within safeFindElement method
18:00:52 [TestNG-test-Test-3] INFO  verifyingTheBrandsFilterFunctionality_Laptop_18-00-47 - [verifyingTheBrandsFilterFunctionality_Laptop_18-00-47]Found the element returning it ,element ->[[ChromeDriver: chrome on windows (79f4b52977758b0437ea4fc5d51377d1)] -> xpath: //a[@id='nav-logo-sprites']]
18:00:53 [TestNG-test-Test-3] INFO  verifyingTheBrandsFilterFunctionality_Laptop_18-00-47 - [verifyingTheBrandsFilterFunctionality_Laptop_18-00-47] Giving input within the search bar
18:00:53 [TestNG-test-Test-3] INFO  verifyingTheBrandsFilterFunctionality_Laptop_18-00-47 - [verifyingTheBrandsFilterFunctionality_Laptop_18-00-47] Within safeClick method
18:00:56 [TestNG-test-Test-3] INFO  verifyingTheBrandsFilterFunctionality_Laptop_18-00-47 - [verifyingTheBrandsFilterFunctionality_Laptop_18-00-47] Clicked the  [[ChromeDriver: chrome on windows (79f4b52977758b0437ea4fc5d51377d1)] -> xpath: //input[@id='nav-search-submit-button']]   using safeClick
18:00:56 [TestNG-test-Test-3] INFO  verifyingTheBrandsFilterFunctionality_Laptop_18-00-47 - [verifyingTheBrandsFilterFunctionality_Laptop_18-00-47] Clicking on the submit in the search bar
18:00:56 [TestNG-test-Test-3] INFO  verifyingTheBrandsFilterFunctionality_Laptop_18-00-47 - [verifyingTheBrandsFilterFunctionality_Laptop_18-00-47] Within filterCheckUnderList method
18:00:56 [TestNG-test-Test-3] INFO  verifyingTheBrandsFilterFunctionality_Laptop_18-00-47 - [verifyingTheBrandsFilterFunctionality_Laptop_18-00-47] Found the Filter within the filter check List
18:00:56 [TestNG-test-Test-3] INFO  verifyingTheBrandsFilterFunctionality_Laptop_18-00-47 - [verifyingTheBrandsFilterFunctionality_Laptop_18-00-47] Within safeFindElements 
18:01:02 [TestNG-test-Test-3] INFO  verifyingTheBrandsFilterFunctionality_Laptop_18-00-47 - [verifyingTheBrandsFilterFunctionality_Laptop_18-00-47] Retrying findElements for:By.xpath: //span[@class='a-size-base a-color-base puis-bold-weight-text' and text()='Brands']/parent::div/following-sibling::div[@class='a-section a-spacing-medium sf-navigation-searchable-content']//span[@class='a-size-base a-color-base']
18:01:04 [TestNG-test-Test-3] INFO  verifyingTheBrandsFilterFunctionality_Laptop_18-00-47 - [verifyingTheBrandsFilterFunctionality_Laptop_18-00-47] Refreshing the page while trying to find :By.xpath: //span[@class='a-size-base a-color-base puis-bold-weight-text' and text()='Brands']/parent::div/following-sibling::div[@class='a-section a-spacing-medium sf-navigation-searchable-content']//span[@class='a-size-base a-color-base']
18:01:04 [TestNG-test-Test-3] INFO  verifyingTheBrandsFilterFunctionality_Laptop_18-00-47 - [verifyingTheBrandsFilterFunctionality_Laptop_18-00-47] Skipping action Elements not found after1  Attempts
18:01:09 [TestNG-test-Test-3] INFO  verifyingTheBrandsFilterFunctionality_Laptop_18-00-47 - [verifyingTheBrandsFilterFunctionality_Laptop_18-00-47] Retrying findElements for:By.xpath: //span[@class='a-size-base a-color-base puis-bold-weight-text' and text()='Brands']/parent::div/following-sibling::div[@class='a-section a-spacing-medium sf-navigation-searchable-content']//span[@class='a-size-base a-color-base']
18:01:11 [TestNG-test-Test-3] INFO  verifyingTheBrandsFilterFunctionality_Laptop_18-00-47 - [verifyingTheBrandsFilterFunctionality_Laptop_18-00-47] Refreshing the page while trying to find :By.xpath: //span[@class='a-size-base a-color-base puis-bold-weight-text' and text()='Brands']/parent::div/following-sibling::div[@class='a-section a-spacing-medium sf-navigation-searchable-content']//span[@class='a-size-base a-color-base']
18:01:11 [TestNG-test-Test-3] INFO  verifyingTheBrandsFilterFunctionality_Laptop_18-00-47 - [verifyingTheBrandsFilterFunctionality_Laptop_18-00-47] Skipping action Elements not found after2  Attempts
18:01:11 [TestNG-test-Test-3] INFO  verifyingTheBrandsFilterFunctionality_Laptop_18-00-47 - [verifyingTheBrandsFilterFunctionality_Laptop_18-00-47] Within applyFilterAndValidateBrandsFilterWithResult method
18:01:11 [TestNG-test-Test-3] INFO  verifyingTheBrandsFilterFunctionality_Laptop_18-00-47 - [verifyingTheBrandsFilterFunctionality_Laptop_18-00-47] Scrolling to the 'More' Button under brands filter section
18:01:11 [TestNG-test-Test-3] INFO  verifyingTheBrandsFilterFunctionality_Laptop_18-00-47 - [verifyingTheBrandsFilterFunctionality_Laptop_18-00-47] Within safeFindElement method
18:01:11 [TestNG-test-Test-3] INFO  verifyingTheBrandsFilterFunctionality_Laptop_18-00-47 - [verifyingTheBrandsFilterFunctionality_Laptop_18-00-47]Found the element returning it ,element ->[[ChromeDriver: chrome on windows (79f4b52977758b0437ea4fc5d51377d1)] -> xpath: //a[@aria-label='See more, Brands']]
18:01:11 [TestNG-test-Test-3] INFO  verifyingTheBrandsFilterFunctionality_Laptop_18-00-47 - [verifyingTheBrandsFilterFunctionality_Laptop_18-00-47] Within smoothScrollToElement method
18:01:11 [TestNG-test-Test-3] INFO  verifyingTheBrandsFilterFunctionality_Laptop_18-00-47 - [verifyingTheBrandsFilterFunctionality_Laptop_18-00-47] Within safeFindElement method
18:01:11 [TestNG-test-Test-3] INFO  verifyingTheBrandsFilterFunctionality_Laptop_18-00-47 - [verifyingTheBrandsFilterFunctionality_Laptop_18-00-47]Found the element returning it ,element ->[[ChromeDriver: chrome on windows (79f4b52977758b0437ea4fc5d51377d1)] -> xpath: //a[@aria-label='See more, Brands']]
18:01:11 [TestNG-test-Test-3] INFO  verifyingTheBrandsFilterFunctionality_Laptop_18-00-47 - [verifyingTheBrandsFilterFunctionality_Laptop_18-00-47] Successfully scrolled to element: By.xpath: //a[@aria-label='See more, Brands']
18:01:11 [TestNG-test-Test-3] INFO  verifyingTheBrandsFilterFunctionality_Laptop_18-00-47 - [verifyingTheBrandsFilterFunctionality_Laptop_18-00-47] Within safeClick method
18:01:11 [TestNG-test-Test-3] INFO  verifyingTheBrandsFilterFunctionality_Laptop_18-00-47 - [verifyingTheBrandsFilterFunctionality_Laptop_18-00-47] Clicked the  [[ChromeDriver: chrome on windows (79f4b52977758b0437ea4fc5d51377d1)] -> xpath: //a[@aria-label='See more, Brands']]   using safeClick
18:01:11 [TestNG-test-Test-3] INFO  verifyingTheBrandsFilterFunctionality_Laptop_18-00-47 - [verifyingTheBrandsFilterFunctionality_Laptop_18-00-47] Clicked the 'More' Button under brands filter section
18:01:11 [TestNG-test-Test-3] INFO  verifyingTheBrandsFilterFunctionality_Laptop_18-00-47 - [verifyingTheBrandsFilterFunctionality_Laptop_18-00-47] Within safeFindElements 
18:01:11 [TestNG-test-Test-3] INFO  verifyingTheBrandsFilterFunctionality_Laptop_18-00-47 - [verifyingTheBrandsFilterFunctionality_Laptop_18-00-47] Returning the  [[[ChromeDriver: chrome on windows (79f4b52977758b0437ea4fc5d51377d1)] -> xpath: //ul[@id='filter-p_123']//span[@class='a-size-base a-color-base']], [[ChromeDriver: chrome on windows (79f4b52977758b0437ea4fc5d51377d1)] -> xpath: //ul[@id='filter-p_123']//span[@class='a-size-base a-color-base']], [[ChromeDriver: chrome on windows (79f4b52977758b0437ea4fc5d51377d1)] -> xpath: //ul[@id='filter-p_123']//span[@class='a-size-base a-color-base']], [[ChromeDriver: chrome on windows (79f4b52977758b0437ea4fc5d51377d1)] -> xpath: //ul[@id='filter-p_123']//span[@class='a-size-base a-color-base']], [[ChromeDriver: chrome on windows (79f4b52977758b0437ea4fc5d51377d1)] -> xpath: //ul[@id='filter-p_123']//span[@class='a-size-base a-color-base']], [[ChromeDriver: chrome on windows (79f4b52977758b0437ea4fc5d51377d1)] -> xpath: //ul[@id='filter-p_123']//span[@class='a-size-base a-color-base']], [[ChromeDriver: chrome on windows (79f4b52977758b0437ea4fc5d51377d1)] -> xpath: //ul[@id='filter-p_123']//span[@class='a-size-base a-color-base']], [[ChromeDriver: chrome on windows (79f4b52977758b0437ea4fc5d51377d1)] -> xpath: //ul[@id='filter-p_123']//span[@class='a-size-base a-color-base']], [[ChromeDriver: chrome on windows (79f4b52977758b0437ea4fc5d51377d1)] -> xpath: //ul[@id='filter-p_123']//span[@class='a-size-base a-color-base']], [[ChromeDriver: chrome on windows (79f4b52977758b0437ea4fc5d51377d1)] -> xpath: //ul[@id='filter-p_123']//span[@class='a-size-base a-color-base']]] from the safeFindElements method
18:01:11 [TestNG-test-Test-3] INFO  verifyingTheBrandsFilterFunctionality_Laptop_18-00-47 - [verifyingTheBrandsFilterFunctionality_Laptop_18-00-47] Within the filterOptions loop 
18:01:11 [TestNG-test-Test-3] INFO  verifyingTheBrandsFilterFunctionality_Laptop_18-00-47 - [verifyingTheBrandsFilterFunctionality_Laptop_18-00-47] Within safeFindElements 
18:01:11 [TestNG-test-Test-3] INFO  verifyingTheBrandsFilterFunctionality_Laptop_18-00-47 - [verifyingTheBrandsFilterFunctionality_Laptop_18-00-47] Returning the  [[[ChromeDriver: chrome on windows (79f4b52977758b0437ea4fc5d51377d1)] -> xpath: //ul[@id='filter-p_123']//span[@class='a-size-base a-color-base']], [[ChromeDriver: chrome on windows (79f4b52977758b0437ea4fc5d51377d1)] -> xpath: //ul[@id='filter-p_123']//span[@class='a-size-base a-color-base']], [[ChromeDriver: chrome on windows (79f4b52977758b0437ea4fc5d51377d1)] -> xpath: //ul[@id='filter-p_123']//span[@class='a-size-base a-color-base']], [[ChromeDriver: chrome on windows (79f4b52977758b0437ea4fc5d51377d1)] -> xpath: //ul[@id='filter-p_123']//span[@class='a-size-base a-color-base']], [[ChromeDriver: chrome on windows (79f4b52977758b0437ea4fc5d51377d1)] -> xpath: //ul[@id='filter-p_123']//span[@class='a-size-base a-color-base']], [[ChromeDriver: chrome on windows (79f4b52977758b0437ea4fc5d51377d1)] -> xpath: //ul[@id='filter-p_123']//span[@class='a-size-base a-color-base']], [[ChromeDriver: chrome on windows (79f4b52977758b0437ea4fc5d51377d1)] -> xpath: //ul[@id='filter-p_123']//span[@class='a-size-base a-color-base']], [[ChromeDriver: chrome on windows (79f4b52977758b0437ea4fc5d51377d1)] -> xpath: //ul[@id='filter-p_123']//span[@class='a-size-base a-color-base']], [[ChromeDriver: chrome on windows (79f4b52977758b0437ea4fc5d51377d1)] -> xpath: //ul[@id='filter-p_123']//span[@class='a-size-base a-color-base']], [[ChromeDriver: chrome on windows (79f4b52977758b0437ea4fc5d51377d1)] -> xpath: //ul[@id='filter-p_123']//span[@class='a-size-base a-color-base']]] from the safeFindElements method
18:01:11 [TestNG-test-Test-3] INFO  verifyingTheBrandsFilterFunctionality_Laptop_18-00-47 - [verifyingTheBrandsFilterFunctionality_Laptop_18-00-47] Within safeFindElement method
18:01:12 [TestNG-test-Test-3] INFO  verifyingTheBrandsFilterFunctionality_Laptop_18-00-47 - [verifyingTheBrandsFilterFunctionality_Laptop_18-00-47]Found the element returning it ,element ->[[ChromeDriver: chrome on windows (79f4b52977758b0437ea4fc5d51377d1)] -> xpath: //a[@aria-label='See more, Brands']]
18:01:12 [TestNG-test-Test-3] INFO  verifyingTheBrandsFilterFunctionality_Laptop_18-00-47 - [verifyingTheBrandsFilterFunctionality_Laptop_18-00-47] Within smoothScrollToElement method
18:01:12 [TestNG-test-Test-3] INFO  verifyingTheBrandsFilterFunctionality_Laptop_18-00-47 - [verifyingTheBrandsFilterFunctionality_Laptop_18-00-47] Within safeFindElement method
18:01:12 [TestNG-test-Test-3] INFO  verifyingTheBrandsFilterFunctionality_Laptop_18-00-47 - [verifyingTheBrandsFilterFunctionality_Laptop_18-00-47]Found the element returning it ,element ->[[ChromeDriver: chrome on windows (79f4b52977758b0437ea4fc5d51377d1)] -> xpath: //a[@aria-label='See more, Brands']]
18:01:12 [TestNG-test-Test-3] INFO  verifyingTheBrandsFilterFunctionality_Laptop_18-00-47 - [verifyingTheBrandsFilterFunctionality_Laptop_18-00-47] Successfully scrolled to element: By.xpath: //a[@aria-label='See more, Brands']
18:01:12 [TestNG-test-Test-3] INFO  verifyingTheBrandsFilterFunctionality_Laptop_18-00-47 - [verifyingTheBrandsFilterFunctionality_Laptop_18-00-47] Within safeClick method
18:01:12 [TestNG-test-Test-3] INFO  verifyingTheBrandsFilterFunctionality_Laptop_18-00-47 - [verifyingTheBrandsFilterFunctionality_Laptop_18-00-47] Clicked the  [[ChromeDriver: chrome on windows (79f4b52977758b0437ea4fc5d51377d1)] -> xpath: //a[@aria-label='See more, Brands']]   using safeClick
18:01:12 [TestNG-test-Test-3] INFO  verifyingTheBrandsFilterFunctionality_Laptop_18-00-47 - [verifyingTheBrandsFilterFunctionality_Laptop_18-00-47] Within safeFindElements 
18:01:12 [TestNG-test-Test-3] INFO  verifyingTheBrandsFilterFunctionality_Laptop_18-00-47 - [verifyingTheBrandsFilterFunctionality_Laptop_18-00-47] Returning the  [[[ChromeDriver: chrome on windows (79f4b52977758b0437ea4fc5d51377d1)] -> xpath: //ul[@id='filter-p_123']//span[@class='a-size-base a-color-base']], [[ChromeDriver: chrome on windows (79f4b52977758b0437ea4fc5d51377d1)] -> xpath: //ul[@id='filter-p_123']//span[@class='a-size-base a-color-base']], [[ChromeDriver: chrome on windows (79f4b52977758b0437ea4fc5d51377d1)] -> xpath: //ul[@id='filter-p_123']//span[@class='a-size-base a-color-base']], [[ChromeDriver: chrome on windows (79f4b52977758b0437ea4fc5d51377d1)] -> xpath: //ul[@id='filter-p_123']//span[@class='a-size-base a-color-base']], [[ChromeDriver: chrome on windows (79f4b52977758b0437ea4fc5d51377d1)] -> xpath: //ul[@id='filter-p_123']//span[@class='a-size-base a-color-base']], [[ChromeDriver: chrome on windows (79f4b52977758b0437ea4fc5d51377d1)] -> xpath: //ul[@id='filter-p_123']//span[@class='a-size-base a-color-base']], [[ChromeDriver: chrome on windows (79f4b52977758b0437ea4fc5d51377d1)] -> xpath: //ul[@id='filter-p_123']//span[@class='a-size-base a-color-base']], [[ChromeDriver: chrome on windows (79f4b52977758b0437ea4fc5d51377d1)] -> xpath: //ul[@id='filter-p_123']//span[@class='a-size-base a-color-base']], [[ChromeDriver: chrome on windows (79f4b52977758b0437ea4fc5d51377d1)] -> xpath: //ul[@id='filter-p_123']//span[@class='a-size-base a-color-base']], [[ChromeDriver: chrome on windows (79f4b52977758b0437ea4fc5d51377d1)] -> xpath: //ul[@id='filter-p_123']//span[@class='a-size-base a-color-base']]] from the safeFindElements method
18:01:12 [TestNG-test-Test-3] INFO  verifyingTheBrandsFilterFunctionality_Laptop_18-00-47 - [verifyingTheBrandsFilterFunctionality_Laptop_18-00-47] Within getfilterByTypeAndName method
18:01:12 [TestNG-test-Test-3] INFO  verifyingTheBrandsFilterFunctionality_Laptop_18-00-47 - [verifyingTheBrandsFilterFunctionality_Laptop_18-00-47] Within safeClickBooleanWithScreenShot method
18:01:12 [TestNG-test-Test-3] INFO  verifyingTheBrandsFilterFunctionality_Laptop_18-00-47 - [verifyingTheBrandsFilterFunctionality_Laptop_18-00-47] Within getAppliedfilterByTypeAndName method
18:01:12 [TestNG-test-Test-3] INFO  verifyingTheBrandsFilterFunctionality_Laptop_18-00-47 - [verifyingTheBrandsFilterFunctionality_Laptop_18-00-47] Within smoothScrollToElement method
18:01:12 [TestNG-test-Test-3] INFO  verifyingTheBrandsFilterFunctionality_Laptop_18-00-47 - [verifyingTheBrandsFilterFunctionality_Laptop_18-00-47] Within safeFindElement method
18:01:12 [TestNG-test-Test-3] INFO  verifyingTheBrandsFilterFunctionality_Laptop_18-00-47 - [verifyingTheBrandsFilterFunctionality_Laptop_18-00-47]Found the element returning it ,element ->[[ChromeDriver: chrome on windows (79f4b52977758b0437ea4fc5d51377d1)] -> xpath: //span[@class='a-size-base a-color-base puis-bold-weight-text' and text()='Brands']]
18:01:12 [TestNG-test-Test-3] INFO  verifyingTheBrandsFilterFunctionality_Laptop_18-00-47 - [verifyingTheBrandsFilterFunctionality_Laptop_18-00-47] Successfully scrolled to element: By.xpath: //span[@class='a-size-base a-color-base puis-bold-weight-text' and text()='Brands']
18:01:12 [TestNG-test-Test-3] INFO  verifyingTheBrandsFilterFunctionality_Laptop_18-00-47 - [verifyingTheBrandsFilterFunctionality_Laptop_18-00-47] Within getMoreButtonByFilterTypeAndName method
18:01:12 [TestNG-test-Test-3] INFO  verifyingTheBrandsFilterFunctionality_Laptop_18-00-47 - [verifyingTheBrandsFilterFunctionality_Laptop_18-00-47] could not find more button
18:01:12 [TestNG-test-Test-3] INFO  verifyingTheBrandsFilterFunctionality_Laptop_18-00-47 - [verifyingTheBrandsFilterFunctionality_Laptop_18-00-47] Within getAppliedfilterByTypeAndName method
18:01:12 [TestNG-test-Test-3] INFO  verifyingTheBrandsFilterFunctionality_Laptop_18-00-47 - [verifyingTheBrandsFilterFunctionality_Laptop_18-00-47] Within smoothScrollToElement method
18:01:12 [TestNG-test-Test-3] INFO  verifyingTheBrandsFilterFunctionality_Laptop_18-00-47 - [verifyingTheBrandsFilterFunctionality_Laptop_18-00-47] Within safeFindElement method
18:01:13 [TestNG-test-Test-3] INFO  verifyingTheBrandsFilterFunctionality_Laptop_18-00-47 - [verifyingTheBrandsFilterFunctionality_Laptop_18-00-47]Found the element returning it ,element ->[[ChromeDriver: chrome on windows (79f4b52977758b0437ea4fc5d51377d1)] -> xpath: //span[@class='a-size-base a-color-base puis-bold-weight-text' and text()='Brands']]
18:01:13 [TestNG-test-Test-3] INFO  verifyingTheBrandsFilterFunctionality_Laptop_18-00-47 - [verifyingTheBrandsFilterFunctionality_Laptop_18-00-47] Successfully scrolled to element: By.xpath: //span[@class='a-size-base a-color-base puis-bold-weight-text' and text()='Brands']
18:01:13 [TestNG-test-Test-3] INFO  verifyingTheBrandsFilterFunctionality_Laptop_18-00-47 - [verifyingTheBrandsFilterFunctionality_Laptop_18-00-47] Within getMoreButtonByFilterTypeAndName method
18:01:13 [TestNG-test-Test-3] INFO  verifyingTheBrandsFilterFunctionality_Laptop_18-00-47 - [verifyingTheBrandsFilterFunctionality_Laptop_18-00-47] could not find more button
18:01:13 [TestNG-test-Test-3] INFO  verifyingTheBrandsFilterFunctionality_Laptop_18-00-47 - [verifyingTheBrandsFilterFunctionality_Laptop_18-00-47] Within getfilterByTypeAndName method
18:01:13 [TestNG-test-Test-3] INFO  verifyingTheBrandsFilterFunctionality_Laptop_18-00-47 - [verifyingTheBrandsFilterFunctionality_Laptop_18-00-47] Within smoothScrollToElement method
18:01:13 [TestNG-test-Test-3] INFO  verifyingTheBrandsFilterFunctionality_Laptop_18-00-47 - [verifyingTheBrandsFilterFunctionality_Laptop_18-00-47] Within safeFindElement method
18:01:18 [TestNG-test-Test-3] INFO  verifyingTheBrandsFilterFunctionality_Laptop_18-00-47 - [verifyingTheBrandsFilterFunctionality_Laptop_18-00-47]Retrying findElement for: ->By.xpath: //ul[@id='filter-p_123']//span[@class='a-size-base a-color-base' and text()='ASUS']
18:01:20 [TestNG-test-Test-3] INFO  verifyingTheBrandsFilterFunctionality_Laptop_18-00-47 - [verifyingTheBrandsFilterFunctionality_Laptop_18-00-47]Refrehsing the page , while trying to safely find : ->By.xpath: //ul[@id='filter-p_123']//span[@class='a-size-base a-color-base' and text()='ASUS']
18:01:25 [TestNG-test-Test-3] INFO  verifyingTheBrandsFilterFunctionality_Laptop_18-00-47 - [verifyingTheBrandsFilterFunctionality_Laptop_18-00-47]Retrying findElement for: ->By.xpath: //ul[@id='filter-p_123']//span[@class='a-size-base a-color-base' and text()='ASUS']
18:01:27 [TestNG-test-Test-3] INFO  verifyingTheBrandsFilterFunctionality_Laptop_18-00-47 - [verifyingTheBrandsFilterFunctionality_Laptop_18-00-47]Refrehsing the page , while trying to safely find : ->By.xpath: //ul[@id='filter-p_123']//span[@class='a-size-base a-color-base' and text()='ASUS']
18:01:27 [TestNG-test-Test-3] INFO  verifyingTheBrandsFilterFunctionality_Laptop_18-00-47 - [verifyingTheBrandsFilterFunctionality_Laptop_18-00-47] Skipping action: Element not found after 2   attemps
18:01:27 [TestNG-test-Test-3] WARN  verifyingTheBrandsFilterFunctionality_Laptop_18-00-47 - [verifyingTheBrandsFilterFunctionality_Laptop_18-00-47] Element not found for locator: By.xpath: //ul[@id='filter-p_123']//span[@class='a-size-base a-color-base' and text()='ASUS']
18:01:27 [TestNG-test-Test-3] INFO  verifyingTheBrandsFilterFunctionality_Laptop_18-00-47 - [verifyingTheBrandsFilterFunctionality_Laptop_18-00-47] Clicked the element using safe click ,element is [[ChromeDriver: chrome on windows (79f4b52977758b0437ea4fc5d51377d1)] -> xpath: //ul[@id='filter-p_123']//span[@class='a-size-base a-color-base' and text()='ASUS']]
18:01:27 [TestNG-test-Test-3] INFO  verifyingTheBrandsFilterFunctionality_Laptop_18-00-47 - [verifyingTheBrandsFilterFunctionality_Laptop_18-00-47] Clicked on ASUSWithin the filterOptions loop
18:01:27 [TestNG-test-Test-3] INFO  verifyingTheBrandsFilterFunctionality_Laptop_18-00-47 - [verifyingTheBrandsFilterFunctionality_Laptop_18-00-47] Within safeFindElements 
18:01:27 [TestNG-test-Test-3] INFO  verifyingTheBrandsFilterFunctionality_Laptop_18-00-47 - [verifyingTheBrandsFilterFunctionality_Laptop_18-00-47] Returning the  [[[ChromeDriver: chrome on windows (79f4b52977758b0437ea4fc5d51377d1)] -> xpath: //div[@data-cy='title-recipe']], [[ChromeDriver: chrome on windows (79f4b52977758b0437ea4fc5d51377d1)] -> xpath: //div[@data-cy='title-recipe']], [[ChromeDriver: chrome on windows (79f4b52977758b0437ea4fc5d51377d1)] -> xpath: //div[@data-cy='title-recipe']], [[ChromeDriver: chrome on windows (79f4b52977758b0437ea4fc5d51377d1)] -> xpath: //div[@data-cy='title-recipe']], [[ChromeDriver: chrome on windows (79f4b52977758b0437ea4fc5d51377d1)] -> xpath: //div[@data-cy='title-recipe']], [[ChromeDriver: chrome on windows (79f4b52977758b0437ea4fc5d51377d1)] -> xpath: //div[@data-cy='title-recipe']], [[ChromeDriver: chrome on windows (79f4b52977758b0437ea4fc5d51377d1)] -> xpath: //div[@data-cy='title-recipe']], [[ChromeDriver: chrome on windows (79f4b52977758b0437ea4fc5d51377d1)] -> xpath: //div[@data-cy='title-recipe']], [[ChromeDriver: chrome on windows (79f4b52977758b0437ea4fc5d51377d1)] -> xpath: //div[@data-cy='title-recipe']], [[ChromeDriver: chrome on windows (79f4b52977758b0437ea4fc5d51377d1)] -> xpath: //div[@data-cy='title-recipe']], [[ChromeDriver: chrome on windows (79f4b52977758b0437ea4fc5d51377d1)] -> xpath: //div[@data-cy='title-recipe']], [[ChromeDriver: chrome on windows (79f4b52977758b0437ea4fc5d51377d1)] -> xpath: //div[@data-cy='title-recipe']], [[ChromeDriver: chrome on windows (79f4b52977758b0437ea4fc5d51377d1)] -> xpath: //div[@data-cy='title-recipe']], [[ChromeDriver: chrome on windows (79f4b52977758b0437ea4fc5d51377d1)] -> xpath: //div[@data-cy='title-recipe']], [[ChromeDriver: chrome on windows (79f4b52977758b0437ea4fc5d51377d1)] -> xpath: //div[@data-cy='title-recipe']], [[ChromeDriver: chrome on windows (79f4b52977758b0437ea4fc5d51377d1)] -> xpath: //div[@data-cy='title-recipe']]] from the safeFindElements method
18:01:27 [TestNG-test-Test-3] INFO  verifyingTheBrandsFilterFunctionality_Laptop_18-00-47 - [verifyingTheBrandsFilterFunctionality_Laptop_18-00-47] Within productNameListingPage loop with product index 0and filter name ASUS
18:01:27 [TestNG-test-Test-3] INFO  verifyingTheBrandsFilterFunctionality_Laptop_18-00-47 - [verifyingTheBrandsFilterFunctionality_Laptop_18-00-47] Within productNameListingPage loop with product index 1and filter name ASUS
18:01:27 [TestNG-test-Test-3] INFO  verifyingTheBrandsFilterFunctionality_Laptop_18-00-47 - [verifyingTheBrandsFilterFunctionality_Laptop_18-00-47] Within productNameListingPage loop with product index 2and filter name ASUS
18:01:27 [TestNG-test-Test-3] INFO  verifyingTheBrandsFilterFunctionality_Laptop_18-00-47 - [verifyingTheBrandsFilterFunctionality_Laptop_18-00-47] Within productNameListingPage loop with product index 3and filter name ASUS
18:01:27 [TestNG-test-Test-3] INFO  verifyingTheBrandsFilterFunctionality_Laptop_18-00-47 - [verifyingTheBrandsFilterFunctionality_Laptop_18-00-47] Within productNameListingPage loop with product index 4and filter name ASUS
18:01:27 [TestNG-test-Test-3] INFO  verifyingTheBrandsFilterFunctionality_Laptop_18-00-47 - [verifyingTheBrandsFilterFunctionality_Laptop_18-00-47] Within productNameListingPage loop with product index 5and filter name ASUS
18:01:27 [TestNG-test-Test-3] INFO  verifyingTheBrandsFilterFunctionality_Laptop_18-00-47 - [verifyingTheBrandsFilterFunctionality_Laptop_18-00-47] Within productNameListingPage loop with product index 6and filter name ASUS
18:01:27 [TestNG-test-Test-3] INFO  verifyingTheBrandsFilterFunctionality_Laptop_18-00-47 - [verifyingTheBrandsFilterFunctionality_Laptop_18-00-47] Within productNameListingPage loop with product index 7and filter name ASUS
18:01:27 [TestNG-test-Test-3] INFO  verifyingTheBrandsFilterFunctionality_Laptop_18-00-47 - [verifyingTheBrandsFilterFunctionality_Laptop_18-00-47] Within productNameListingPage loop with product index 8and filter name ASUS
18:01:27 [TestNG-test-Test-3] INFO  verifyingTheBrandsFilterFunctionality_Laptop_18-00-47 - [verifyingTheBrandsFilterFunctionality_Laptop_18-00-47] Within productNameListingPage loop with product index 9and filter name ASUS
18:01:27 [TestNG-test-Test-3] INFO  verifyingTheBrandsFilterFunctionality_Laptop_18-00-47 - [verifyingTheBrandsFilterFunctionality_Laptop_18-00-47] Within productNameListingPage loop with product index 10and filter name ASUS
18:01:27 [TestNG-test-Test-3] INFO  verifyingTheBrandsFilterFunctionality_Laptop_18-00-47 - [verifyingTheBrandsFilterFunctionality_Laptop_18-00-47] Within productNameListingPage loop with product index 11and filter name ASUS
18:01:27 [TestNG-test-Test-3] INFO  verifyingTheBrandsFilterFunctionality_Laptop_18-00-47 - [verifyingTheBrandsFilterFunctionality_Laptop_18-00-47] Within productNameListingPage loop with product index 12and filter name ASUS
18:01:27 [TestNG-test-Test-3] INFO  verifyingTheBrandsFilterFunctionality_Laptop_18-00-47 - [verifyingTheBrandsFilterFunctionality_Laptop_18-00-47] Within productNameListingPage loop with product index 13and filter name ASUS
18:01:27 [TestNG-test-Test-3] INFO  verifyingTheBrandsFilterFunctionality_Laptop_18-00-47 - [verifyingTheBrandsFilterFunctionality_Laptop_18-00-47] Within productNameListingPage loop with product index 14and filter name ASUS
18:01:27 [TestNG-test-Test-3] INFO  verifyingTheBrandsFilterFunctionality_Laptop_18-00-47 - [verifyingTheBrandsFilterFunctionality_Laptop_18-00-47] Within productNameListingPage loop with product index 15and filter name ASUS
18:01:27 [TestNG-test-Test-3] INFO  verifyingTheBrandsFilterFunctionality_Laptop_18-00-47 - [verifyingTheBrandsFilterFunctionality_Laptop_18-00-47] Creating 'result' Map for storing ,'brand','isValid','mismatches list' with map size ->3
18:01:27 [TestNG-test-Test-3] INFO  verifyingTheBrandsFilterFunctionality_Laptop_18-00-47 - [verifyingTheBrandsFilterFunctionality_Laptop_18-00-47] Adding 'result' with the data into 'allResults' i.e list of Map3
18:01:27 [TestNG-test-Test-3] INFO  verifyingTheBrandsFilterFunctionality_Laptop_18-00-47 - [verifyingTheBrandsFilterFunctionality_Laptop_18-00-47] Waiting until element is visible in viewport
18:01:27 [TestNG-test-Test-3] INFO  verifyingTheBrandsFilterFunctionality_Laptop_18-00-47 - [verifyingTheBrandsFilterFunctionality_Laptop_18-00-47] Within safeClick method
18:01:28 [TestNG-test-Test-3] INFO  verifyingTheBrandsFilterFunctionality_Laptop_18-00-47 - [verifyingTheBrandsFilterFunctionality_Laptop_18-00-47] Clicked the  [[ChromeDriver: chrome on windows (79f4b52977758b0437ea4fc5d51377d1)] -> xpath: //span[@class='a-size-base a-color-base' and text()='Clear']]   using safeClick
18:01:28 [TestNG-test-Test-3] INFO  verifyingTheBrandsFilterFunctionality_Laptop_18-00-47 - [verifyingTheBrandsFilterFunctionality_Laptop_18-00-47] Clicked clear button for the filter ->ASUS
18:01:28 [TestNG-test-Test-3] INFO  verifyingTheBrandsFilterFunctionality_Laptop_18-00-47 - [verifyingTheBrandsFilterFunctionality_Laptop_18-00-47] Within the filterOptions loop 
18:01:28 [TestNG-test-Test-3] INFO  verifyingTheBrandsFilterFunctionality_Laptop_18-00-47 - [verifyingTheBrandsFilterFunctionality_Laptop_18-00-47] Within safeFindElements 
18:01:29 [TestNG-test-Test-3] INFO  verifyingTheBrandsFilterFunctionality_Laptop_18-00-47 - [verifyingTheBrandsFilterFunctionality_Laptop_18-00-47] Returning the  [[[ChromeDriver: chrome on windows (79f4b52977758b0437ea4fc5d51377d1)] -> xpath: //ul[@id='filter-p_123']//span[@class='a-size-base a-color-base']], [[ChromeDriver: chrome on windows (79f4b52977758b0437ea4fc5d51377d1)] -> xpath: //ul[@id='filter-p_123']//span[@class='a-size-base a-color-base']], [[ChromeDriver: chrome on windows (79f4b52977758b0437ea4fc5d51377d1)] -> xpath: //ul[@id='filter-p_123']//span[@class='a-size-base a-color-base']], [[ChromeDriver: chrome on windows (79f4b52977758b0437ea4fc5d51377d1)] -> xpath: //ul[@id='filter-p_123']//span[@class='a-size-base a-color-base']], [[ChromeDriver: chrome on windows (79f4b52977758b0437ea4fc5d51377d1)] -> xpath: //ul[@id='filter-p_123']//span[@class='a-size-base a-color-base']], [[ChromeDriver: chrome on windows (79f4b52977758b0437ea4fc5d51377d1)] -> xpath: //ul[@id='filter-p_123']//span[@class='a-size-base a-color-base']], [[ChromeDriver: chrome on windows (79f4b52977758b0437ea4fc5d51377d1)] -> xpath: //ul[@id='filter-p_123']//span[@class='a-size-base a-color-base']], [[ChromeDriver: chrome on windows (79f4b52977758b0437ea4fc5d51377d1)] -> xpath: //ul[@id='filter-p_123']//span[@class='a-size-base a-color-base']], [[ChromeDriver: chrome on windows (79f4b52977758b0437ea4fc5d51377d1)] -> xpath: //ul[@id='filter-p_123']//span[@class='a-size-base a-color-base']], [[ChromeDriver: chrome on windows (79f4b52977758b0437ea4fc5d51377d1)] -> xpath: //ul[@id='filter-p_123']//span[@class='a-size-base a-color-base']]] from the safeFindElements method
18:01:29 [TestNG-test-Test-3] INFO  verifyingTheBrandsFilterFunctionality_Laptop_18-00-47 - [verifyingTheBrandsFilterFunctionality_Laptop_18-00-47] Within safeFindElement method
18:01:29 [TestNG-test-Test-3] INFO  verifyingTheBrandsFilterFunctionality_Laptop_18-00-47 - [verifyingTheBrandsFilterFunctionality_Laptop_18-00-47]Found the element returning it ,element ->[[ChromeDriver: chrome on windows (79f4b52977758b0437ea4fc5d51377d1)] -> xpath: //a[@aria-label='See more, Brands']]
18:01:29 [TestNG-test-Test-3] INFO  verifyingTheBrandsFilterFunctionality_Laptop_18-00-47 - [verifyingTheBrandsFilterFunctionality_Laptop_18-00-47] Within smoothScrollToElement method
18:01:29 [TestNG-test-Test-3] INFO  verifyingTheBrandsFilterFunctionality_Laptop_18-00-47 - [verifyingTheBrandsFilterFunctionality_Laptop_18-00-47] Within safeFindElement method
18:01:29 [TestNG-test-Test-3] INFO  verifyingTheBrandsFilterFunctionality_Laptop_18-00-47 - [verifyingTheBrandsFilterFunctionality_Laptop_18-00-47]Found the element returning it ,element ->[[ChromeDriver: chrome on windows (79f4b52977758b0437ea4fc5d51377d1)] -> xpath: //a[@aria-label='See more, Brands']]
18:01:29 [TestNG-test-Test-3] INFO  verifyingTheBrandsFilterFunctionality_Laptop_18-00-47 - [verifyingTheBrandsFilterFunctionality_Laptop_18-00-47] Successfully scrolled to element: By.xpath: //a[@aria-label='See more, Brands']
18:01:29 [TestNG-test-Test-3] INFO  verifyingTheBrandsFilterFunctionality_Laptop_18-00-47 - [verifyingTheBrandsFilterFunctionality_Laptop_18-00-47] Within safeClick method
18:01:29 [TestNG-test-Test-3] INFO  verifyingTheBrandsFilterFunctionality_Laptop_18-00-47 - [verifyingTheBrandsFilterFunctionality_Laptop_18-00-47] Clicked the  [[ChromeDriver: chrome on windows (79f4b52977758b0437ea4fc5d51377d1)] -> xpath: //a[@aria-label='See more, Brands']]   using safeClick
18:01:29 [TestNG-test-Test-3] INFO  verifyingTheBrandsFilterFunctionality_Laptop_18-00-47 - [verifyingTheBrandsFilterFunctionality_Laptop_18-00-47] Within safeFindElements 
18:01:29 [TestNG-test-Test-3] INFO  verifyingTheBrandsFilterFunctionality_Laptop_18-00-47 - [verifyingTheBrandsFilterFunctionality_Laptop_18-00-47] Returning the  [[[ChromeDriver: chrome on windows (79f4b52977758b0437ea4fc5d51377d1)] -> xpath: //ul[@id='filter-p_123']//span[@class='a-size-base a-color-base']], [[ChromeDriver: chrome on windows (79f4b52977758b0437ea4fc5d51377d1)] -> xpath: //ul[@id='filter-p_123']//span[@class='a-size-base a-color-base']], [[ChromeDriver: chrome on windows (79f4b52977758b0437ea4fc5d51377d1)] -> xpath: //ul[@id='filter-p_123']//span[@class='a-size-base a-color-base']], [[ChromeDriver: chrome on windows (79f4b52977758b0437ea4fc5d51377d1)] -> xpath: //ul[@id='filter-p_123']//span[@class='a-size-base a-color-base']], [[ChromeDriver: chrome on windows (79f4b52977758b0437ea4fc5d51377d1)] -> xpath: //ul[@id='filter-p_123']//span[@class='a-size-base a-color-base']], [[ChromeDriver: chrome on windows (79f4b52977758b0437ea4fc5d51377d1)] -> xpath: //ul[@id='filter-p_123']//span[@class='a-size-base a-color-base']], [[ChromeDriver: chrome on windows (79f4b52977758b0437ea4fc5d51377d1)] -> xpath: //ul[@id='filter-p_123']//span[@class='a-size-base a-color-base']], [[ChromeDriver: chrome on windows (79f4b52977758b0437ea4fc5d51377d1)] -> xpath: //ul[@id='filter-p_123']//span[@class='a-size-base a-color-base']], [[ChromeDriver: chrome on windows (79f4b52977758b0437ea4fc5d51377d1)] -> xpath: //ul[@id='filter-p_123']//span[@class='a-size-base a-color-base']], [[ChromeDriver: chrome on windows (79f4b52977758b0437ea4fc5d51377d1)] -> xpath: //ul[@id='filter-p_123']//span[@class='a-size-base a-color-base']]] from the safeFindElements method
18:01:29 [TestNG-test-Test-3] INFO  verifyingTheBrandsFilterFunctionality_Laptop_18-00-47 - [verifyingTheBrandsFilterFunctionality_Laptop_18-00-47] Within getfilterByTypeAndName method
18:01:29 [TestNG-test-Test-3] INFO  verifyingTheBrandsFilterFunctionality_Laptop_18-00-47 - [verifyingTheBrandsFilterFunctionality_Laptop_18-00-47] Within safeClickBooleanWithScreenShot method
18:01:29 [TestNG-test-Test-3] INFO  verifyingTheBrandsFilterFunctionality_Laptop_18-00-47 - [verifyingTheBrandsFilterFunctionality_Laptop_18-00-47] Within getAppliedfilterByTypeAndName method
18:01:29 [TestNG-test-Test-3] INFO  verifyingTheBrandsFilterFunctionality_Laptop_18-00-47 - [verifyingTheBrandsFilterFunctionality_Laptop_18-00-47] Within smoothScrollToElement method
18:01:29 [TestNG-test-Test-3] INFO  verifyingTheBrandsFilterFunctionality_Laptop_18-00-47 - [verifyingTheBrandsFilterFunctionality_Laptop_18-00-47] Within safeFindElement method
18:01:29 [TestNG-test-Test-3] INFO  verifyingTheBrandsFilterFunctionality_Laptop_18-00-47 - [verifyingTheBrandsFilterFunctionality_Laptop_18-00-47]Found the element returning it ,element ->[[ChromeDriver: chrome on windows (79f4b52977758b0437ea4fc5d51377d1)] -> xpath: //span[@class='a-size-base a-color-base puis-bold-weight-text' and text()='Brands']]
18:01:29 [TestNG-test-Test-3] INFO  verifyingTheBrandsFilterFunctionality_Laptop_18-00-47 - [verifyingTheBrandsFilterFunctionality_Laptop_18-00-47] Successfully scrolled to element: By.xpath: //span[@class='a-size-base a-color-base puis-bold-weight-text' and text()='Brands']
18:01:29 [TestNG-test-Test-3] INFO  verifyingTheBrandsFilterFunctionality_Laptop_18-00-47 - [verifyingTheBrandsFilterFunctionality_Laptop_18-00-47] Within getMoreButtonByFilterTypeAndName method
18:01:29 [TestNG-test-Test-3] INFO  verifyingTheBrandsFilterFunctionality_Laptop_18-00-47 - [verifyingTheBrandsFilterFunctionality_Laptop_18-00-47] could not find more button
18:01:30 [TestNG-test-Test-3] INFO  verifyingTheBrandsFilterFunctionality_Laptop_18-00-47 - [verifyingTheBrandsFilterFunctionality_Laptop_18-00-47] Within getAppliedfilterByTypeAndName method
18:01:30 [TestNG-test-Test-3] INFO  verifyingTheBrandsFilterFunctionality_Laptop_18-00-47 - [verifyingTheBrandsFilterFunctionality_Laptop_18-00-47] Within smoothScrollToElement method
18:01:30 [TestNG-test-Test-3] INFO  verifyingTheBrandsFilterFunctionality_Laptop_18-00-47 - [verifyingTheBrandsFilterFunctionality_Laptop_18-00-47] Within safeFindElement method
18:01:31 [TestNG-test-Test-3] INFO  verifyingTheBrandsFilterFunctionality_Laptop_18-00-47 - [verifyingTheBrandsFilterFunctionality_Laptop_18-00-47]Found the element returning it ,element ->[[ChromeDriver: chrome on windows (79f4b52977758b0437ea4fc5d51377d1)] -> xpath: //span[@class='a-size-base a-color-base puis-bold-weight-text' and text()='Brands']]
18:01:31 [TestNG-test-Test-3] INFO  verifyingTheBrandsFilterFunctionality_Laptop_18-00-47 - [verifyingTheBrandsFilterFunctionality_Laptop_18-00-47] Successfully scrolled to element: By.xpath: //span[@class='a-size-base a-color-base puis-bold-weight-text' and text()='Brands']
18:01:31 [TestNG-test-Test-3] INFO  verifyingTheBrandsFilterFunctionality_Laptop_18-00-47 - [verifyingTheBrandsFilterFunctionality_Laptop_18-00-47] Within getMoreButtonByFilterTypeAndName method
18:01:31 [TestNG-test-Test-3] INFO  verifyingTheBrandsFilterFunctionality_Laptop_18-00-47 - [verifyingTheBrandsFilterFunctionality_Laptop_18-00-47] could not find more button
18:01:31 [TestNG-test-Test-3] INFO  verifyingTheBrandsFilterFunctionality_Laptop_18-00-47 - [verifyingTheBrandsFilterFunctionality_Laptop_18-00-47] Within getfilterByTypeAndName method
18:01:31 [TestNG-test-Test-3] INFO  verifyingTheBrandsFilterFunctionality_Laptop_18-00-47 - [verifyingTheBrandsFilterFunctionality_Laptop_18-00-47] Within smoothScrollToElement method
18:01:31 [TestNG-test-Test-3] INFO  verifyingTheBrandsFilterFunctionality_Laptop_18-00-47 - [verifyingTheBrandsFilterFunctionality_Laptop_18-00-47] Within safeFindElement method
18:01:36 [TestNG-test-Test-3] INFO  verifyingTheBrandsFilterFunctionality_Laptop_18-00-47 - [verifyingTheBrandsFilterFunctionality_Laptop_18-00-47]Retrying findElement for: ->By.xpath: //ul[@id='filter-p_123']//span[@class='a-size-base a-color-base' and text()='Lenovo']
18:01:38 [TestNG-test-Test-3] INFO  verifyingTheBrandsFilterFunctionality_Laptop_18-00-47 - [verifyingTheBrandsFilterFunctionality_Laptop_18-00-47]Refrehsing the page , while trying to safely find : ->By.xpath: //ul[@id='filter-p_123']//span[@class='a-size-base a-color-base' and text()='Lenovo']
18:01:43 [TestNG-test-Test-3] INFO  verifyingTheBrandsFilterFunctionality_Laptop_18-00-47 - [verifyingTheBrandsFilterFunctionality_Laptop_18-00-47]Retrying findElement for: ->By.xpath: //ul[@id='filter-p_123']//span[@class='a-size-base a-color-base' and text()='Lenovo']
18:01:44 [TestNG-test-Test-3] INFO  verifyingTheBrandsFilterFunctionality_Laptop_18-00-47 - [verifyingTheBrandsFilterFunctionality_Laptop_18-00-47]Refrehsing the page , while trying to safely find : ->By.xpath: //ul[@id='filter-p_123']//span[@class='a-size-base a-color-base' and text()='Lenovo']
18:01:44 [TestNG-test-Test-3] INFO  verifyingTheBrandsFilterFunctionality_Laptop_18-00-47 - [verifyingTheBrandsFilterFunctionality_Laptop_18-00-47] Skipping action: Element not found after 2   attemps
18:01:44 [TestNG-test-Test-3] WARN  verifyingTheBrandsFilterFunctionality_Laptop_18-00-47 - [verifyingTheBrandsFilterFunctionality_Laptop_18-00-47] Element not found for locator: By.xpath: //ul[@id='filter-p_123']//span[@class='a-size-base a-color-base' and text()='Lenovo']
18:01:44 [TestNG-test-Test-3] INFO  verifyingTheBrandsFilterFunctionality_Laptop_18-00-47 - [verifyingTheBrandsFilterFunctionality_Laptop_18-00-47] Clicked the element using safe click ,element is [[ChromeDriver: chrome on windows (79f4b52977758b0437ea4fc5d51377d1)] -> xpath: //ul[@id='filter-p_123']//span[@class='a-size-base a-color-base' and text()='Lenovo']]
18:01:44 [TestNG-test-Test-3] INFO  verifyingTheBrandsFilterFunctionality_Laptop_18-00-47 - [verifyingTheBrandsFilterFunctionality_Laptop_18-00-47] Clicked on LenovoWithin the filterOptions loop
18:01:44 [TestNG-test-Test-3] INFO  verifyingTheBrandsFilterFunctionality_Laptop_18-00-47 - [verifyingTheBrandsFilterFunctionality_Laptop_18-00-47] Within safeFindElements 
18:01:44 [TestNG-test-Test-3] INFO  verifyingTheBrandsFilterFunctionality_Laptop_18-00-47 - [verifyingTheBrandsFilterFunctionality_Laptop_18-00-47] Returning the  [[[ChromeDriver: chrome on windows (79f4b52977758b0437ea4fc5d51377d1)] -> xpath: //div[@data-cy='title-recipe']], [[ChromeDriver: chrome on windows (79f4b52977758b0437ea4fc5d51377d1)] -> xpath: //div[@data-cy='title-recipe']], [[ChromeDriver: chrome on windows (79f4b52977758b0437ea4fc5d51377d1)] -> xpath: //div[@data-cy='title-recipe']], [[ChromeDriver: chrome on windows (79f4b52977758b0437ea4fc5d51377d1)] -> xpath: //div[@data-cy='title-recipe']], [[ChromeDriver: chrome on windows (79f4b52977758b0437ea4fc5d51377d1)] -> xpath: //div[@data-cy='title-recipe']], [[ChromeDriver: chrome on windows (79f4b52977758b0437ea4fc5d51377d1)] -> xpath: //div[@data-cy='title-recipe']], [[ChromeDriver: chrome on windows (79f4b52977758b0437ea4fc5d51377d1)] -> xpath: //div[@data-cy='title-recipe']], [[ChromeDriver: chrome on windows (79f4b52977758b0437ea4fc5d51377d1)] -> xpath: //div[@data-cy='title-recipe']], [[ChromeDriver: chrome on windows (79f4b52977758b0437ea4fc5d51377d1)] -> xpath: //div[@data-cy='title-recipe']], [[ChromeDriver: chrome on windows (79f4b52977758b0437ea4fc5d51377d1)] -> xpath: //div[@data-cy='title-recipe']], [[ChromeDriver: chrome on windows (79f4b52977758b0437ea4fc5d51377d1)] -> xpath: //div[@data-cy='title-recipe']], [[ChromeDriver: chrome on windows (79f4b52977758b0437ea4fc5d51377d1)] -> xpath: //div[@data-cy='title-recipe']], [[ChromeDriver: chrome on windows (79f4b52977758b0437ea4fc5d51377d1)] -> xpath: //div[@data-cy='title-recipe']], [[ChromeDriver: chrome on windows (79f4b52977758b0437ea4fc5d51377d1)] -> xpath: //div[@data-cy='title-recipe']], [[ChromeDriver: chrome on windows (79f4b52977758b0437ea4fc5d51377d1)] -> xpath: //div[@data-cy='title-recipe']], [[ChromeDriver: chrome on windows (79f4b52977758b0437ea4fc5d51377d1)] -> xpath: //div[@data-cy='title-recipe']]] from the safeFindElements method
18:01:44 [TestNG-test-Test-3] INFO  verifyingTheBrandsFilterFunctionality_Laptop_18-00-47 - [verifyingTheBrandsFilterFunctionality_Laptop_18-00-47] Within productNameListingPage loop with product index 0and filter name Lenovo
18:01:44 [TestNG-test-Test-3] INFO  verifyingTheBrandsFilterFunctionality_Laptop_18-00-47 - [verifyingTheBrandsFilterFunctionality_Laptop_18-00-47] Within productNameListingPage loop with product index 1and filter name Lenovo
18:01:44 [TestNG-test-Test-3] INFO  verifyingTheBrandsFilterFunctionality_Laptop_18-00-47 - [verifyingTheBrandsFilterFunctionality_Laptop_18-00-47] Within productNameListingPage loop with product index 2and filter name Lenovo
18:01:44 [TestNG-test-Test-3] INFO  verifyingTheBrandsFilterFunctionality_Laptop_18-00-47 - [verifyingTheBrandsFilterFunctionality_Laptop_18-00-47] Within productNameListingPage loop with product index 3and filter name Lenovo
18:01:44 [TestNG-test-Test-3] INFO  verifyingTheBrandsFilterFunctionality_Laptop_18-00-47 - [verifyingTheBrandsFilterFunctionality_Laptop_18-00-47] Within productNameListingPage loop with product index 4and filter name Lenovo
18:01:44 [TestNG-test-Test-3] INFO  verifyingTheBrandsFilterFunctionality_Laptop_18-00-47 - [verifyingTheBrandsFilterFunctionality_Laptop_18-00-47] Within productNameListingPage loop with product index 5and filter name Lenovo
18:01:44 [TestNG-test-Test-3] INFO  verifyingTheBrandsFilterFunctionality_Laptop_18-00-47 - [verifyingTheBrandsFilterFunctionality_Laptop_18-00-47] Within productNameListingPage loop with product index 6and filter name Lenovo
18:01:44 [TestNG-test-Test-3] INFO  verifyingTheBrandsFilterFunctionality_Laptop_18-00-47 - [verifyingTheBrandsFilterFunctionality_Laptop_18-00-47] Within productNameListingPage loop with product index 7and filter name Lenovo
18:01:44 [TestNG-test-Test-3] INFO  verifyingTheBrandsFilterFunctionality_Laptop_18-00-47 - [verifyingTheBrandsFilterFunctionality_Laptop_18-00-47] Within productNameListingPage loop with product index 8and filter name Lenovo
18:01:45 [TestNG-test-Test-3] INFO  verifyingTheBrandsFilterFunctionality_Laptop_18-00-47 - [verifyingTheBrandsFilterFunctionality_Laptop_18-00-47] Within productNameListingPage loop with product index 9and filter name Lenovo
18:01:45 [TestNG-test-Test-3] INFO  verifyingTheBrandsFilterFunctionality_Laptop_18-00-47 - [verifyingTheBrandsFilterFunctionality_Laptop_18-00-47] Within productNameListingPage loop with product index 10and filter name Lenovo
18:01:45 [TestNG-test-Test-3] INFO  verifyingTheBrandsFilterFunctionality_Laptop_18-00-47 - [verifyingTheBrandsFilterFunctionality_Laptop_18-00-47] Within productNameListingPage loop with product index 11and filter name Lenovo
18:01:45 [TestNG-test-Test-3] INFO  verifyingTheBrandsFilterFunctionality_Laptop_18-00-47 - [verifyingTheBrandsFilterFunctionality_Laptop_18-00-47] Within productNameListingPage loop with product index 12and filter name Lenovo
18:01:45 [TestNG-test-Test-3] INFO  verifyingTheBrandsFilterFunctionality_Laptop_18-00-47 - [verifyingTheBrandsFilterFunctionality_Laptop_18-00-47] Within productNameListingPage loop with product index 13and filter name Lenovo
18:01:45 [TestNG-test-Test-3] INFO  verifyingTheBrandsFilterFunctionality_Laptop_18-00-47 - [verifyingTheBrandsFilterFunctionality_Laptop_18-00-47] Within productNameListingPage loop with product index 14and filter name Lenovo
18:01:45 [TestNG-test-Test-3] INFO  verifyingTheBrandsFilterFunctionality_Laptop_18-00-47 - [verifyingTheBrandsFilterFunctionality_Laptop_18-00-47] Within productNameListingPage loop with product index 15and filter name Lenovo
18:01:45 [TestNG-test-Test-3] INFO  verifyingTheBrandsFilterFunctionality_Laptop_18-00-47 - [verifyingTheBrandsFilterFunctionality_Laptop_18-00-47] Creating 'result' Map for storing ,'brand','isValid','mismatches list' with map size ->3
18:01:45 [TestNG-test-Test-3] INFO  verifyingTheBrandsFilterFunctionality_Laptop_18-00-47 - [verifyingTheBrandsFilterFunctionality_Laptop_18-00-47] Adding 'result' with the data into 'allResults' i.e list of Map3
18:01:45 [TestNG-test-Test-3] INFO  verifyingTheBrandsFilterFunctionality_Laptop_18-00-47 - [verifyingTheBrandsFilterFunctionality_Laptop_18-00-47] Waiting until element is visible in viewport
18:01:45 [TestNG-test-Test-3] INFO  verifyingTheBrandsFilterFunctionality_Laptop_18-00-47 - [verifyingTheBrandsFilterFunctionality_Laptop_18-00-47] Within safeClick method
18:01:45 [TestNG-test-Test-3] INFO  verifyingTheBrandsFilterFunctionality_Laptop_18-00-47 - [verifyingTheBrandsFilterFunctionality_Laptop_18-00-47] Clicked the  [[ChromeDriver: chrome on windows (79f4b52977758b0437ea4fc5d51377d1)] -> xpath: //span[@class='a-size-base a-color-base' and text()='Clear']]   using safeClick
18:01:45 [TestNG-test-Test-3] INFO  verifyingTheBrandsFilterFunctionality_Laptop_18-00-47 - [verifyingTheBrandsFilterFunctionality_Laptop_18-00-47] Clicked clear button for the filter ->Lenovo
18:01:45 [TestNG-test-Test-3] INFO  verifyingTheBrandsFilterFunctionality_Laptop_18-00-47 - [verifyingTheBrandsFilterFunctionality_Laptop_18-00-47] Returning the allResults List of Maps containing the data
18:01:45 [TestNG-test-Test-3] INFO  verifyingTheBrandsFilterFunctionality_Laptop_18-00-47 - [verifyingTheBrandsFilterFunctionality_Laptop_18-00-47] All product titles matched for brand: 'ASUS'
18:01:45 [TestNG-test-Test-3] INFO  verifyingTheBrandsFilterFunctionality_Laptop_18-00-47 - [verifyingTheBrandsFilterFunctionality_Laptop_18-00-47] All product titles matched for brand: 'Lenovo'
18:01:45 [TestNG-test-Test-3] INFO  verifyingTheBrandsFilterFunctionality_Laptop_18-00-47 - [verifyingTheBrandsFilterFunctionality_Laptop_18-00-47]  Asserting all soft assertions now...
