19:42:04 [TestNG-test-Test-3] INFO  verifyingFreeDeliveryFilterFunctionality_Tablet_19-42-04 - No existing WebDriver found for current thread. Initializing a new ChromeDriver...
19:42:04 [TestNG-test-Test-3] INFO  verifyingFreeDeliveryFilterFunctionality_Tablet_19-42-04 - WebDriverManager: chromedriver setup OK
19:42:06 [TestNG-test-Test-3] INFO  verifyingFreeDeliveryFilterFunctionality_Tablet_19-42-04 - ChromeDriver initialized successfully for thread: 36
19:42:06 [TestNG-test-Test-3] INFO  verifyingFreeDeliveryFilterFunctionality_Tablet_19-42-04 - [verifyingFreeDeliveryFilterFunctionality_Tablet_19-42-04] Opening amazon Landing page
19:42:06 [TestNG-test-Test-3] INFO  verifyingFreeDeliveryFilterFunctionality_Tablet_19-42-04 - [verifyingFreeDeliveryFilterFunctionality_Tablet_19-42-04] Within safeFindElement method
19:42:09 [TestNG-test-Test-3] INFO  verifyingFreeDeliveryFilterFunctionality_Tablet_19-42-04 - [verifyingFreeDeliveryFilterFunctionality_Tablet_19-42-04]Found the element returning it ,element ->[[ChromeDriver: chrome on windows (bf7d9281e3b18a806a12f35833509e68)] -> xpath: //a[@id='nav-logo-sprites']]
19:42:09 [TestNG-test-Test-3] INFO  verifyingFreeDeliveryFilterFunctionality_Tablet_19-42-04 - [verifyingFreeDeliveryFilterFunctionality_Tablet_19-42-04] Giving input within the search bar
19:42:09 [TestNG-test-Test-3] INFO  verifyingFreeDeliveryFilterFunctionality_Tablet_19-42-04 - [verifyingFreeDeliveryFilterFunctionality_Tablet_19-42-04] Within safeClick method
19:42:12 [TestNG-test-Test-3] INFO  verifyingFreeDeliveryFilterFunctionality_Tablet_19-42-04 - [verifyingFreeDeliveryFilterFunctionality_Tablet_19-42-04] Clicked the  [[ChromeDriver: chrome on windows (bf7d9281e3b18a806a12f35833509e68)] -> xpath: //input[@id='nav-search-submit-button']]   using safeClick
19:42:12 [TestNG-test-Test-3] INFO  verifyingFreeDeliveryFilterFunctionality_Tablet_19-42-04 - [verifyingFreeDeliveryFilterFunctionality_Tablet_19-42-04] Clicking on the submit in the search bar
19:42:12 [TestNG-test-Test-3] INFO  verifyingFreeDeliveryFilterFunctionality_Tablet_19-42-04 - [verifyingFreeDeliveryFilterFunctionality_Tablet_19-42-04] Waiting until element is visible in viewport
19:42:12 [TestNG-test-Test-3] INFO  verifyingFreeDeliveryFilterFunctionality_Tablet_19-42-04 - [verifyingFreeDeliveryFilterFunctionality_Tablet_19-42-04] Within validateDeliveryFilterOptionsWithResult method
19:42:12 [TestNG-test-Test-3] INFO  verifyingFreeDeliveryFilterFunctionality_Tablet_19-42-04 - [verifyingFreeDeliveryFilterFunctionality_Tablet_19-42-04] Within safeClick method
19:42:12 [TestNG-test-Test-3] INFO  verifyingFreeDeliveryFilterFunctionality_Tablet_19-42-04 - [verifyingFreeDeliveryFilterFunctionality_Tablet_19-42-04] Clicked the  [[ChromeDriver: chrome on windows (bf7d9281e3b18a806a12f35833509e68)] -> xpath: //span[@class='a-size-base a-color-base puis-bold-weight-text' and text()='Eligible for Free Delivery']/parent::div/following-sibling::ul//span[@class='a-size-base a-color-base' and text()='Free Shipping']]   using safeClick
19:42:12 [TestNG-test-Test-3] INFO  verifyingFreeDeliveryFilterFunctionality_Tablet_19-42-04 - [verifyingFreeDeliveryFilterFunctionality_Tablet_19-42-04] Within getMoreButtonByFilterTypeAndName method
19:42:12 [TestNG-test-Test-3] INFO  verifyingFreeDeliveryFilterFunctionality_Tablet_19-42-04 - [verifyingFreeDeliveryFilterFunctionality_Tablet_19-42-04] Clicked on By.xpath: //span[@class='a-size-base a-color-base puis-bold-weight-text' and text()='Eligible for Free Delivery']/parent::div/following-sibling::ul//span[@class='a-size-base a-color-base' and text()='Free Shipping']
19:42:12 [TestNG-test-Test-3] INFO  verifyingFreeDeliveryFilterFunctionality_Tablet_19-42-04 - [verifyingFreeDeliveryFilterFunctionality_Tablet_19-42-04] Within safeFindElements 
19:42:13 [TestNG-test-Test-3] INFO  verifyingFreeDeliveryFilterFunctionality_Tablet_19-42-04 - [verifyingFreeDeliveryFilterFunctionality_Tablet_19-42-04] Returning the  [[[ChromeDriver: chrome on windows (bf7d9281e3b18a806a12f35833509e68)] -> xpath: //div[@class='a-section a-spacing-small a-spacing-top-small']], [[ChromeDriver: chrome on windows (bf7d9281e3b18a806a12f35833509e68)] -> xpath: //div[@class='a-section a-spacing-small a-spacing-top-small']], [[ChromeDriver: chrome on windows (bf7d9281e3b18a806a12f35833509e68)] -> xpath: //div[@class='a-section a-spacing-small a-spacing-top-small']], [[ChromeDriver: chrome on windows (bf7d9281e3b18a806a12f35833509e68)] -> xpath: //div[@class='a-section a-spacing-small a-spacing-top-small']], [[ChromeDriver: chrome on windows (bf7d9281e3b18a806a12f35833509e68)] -> xpath: //div[@class='a-section a-spacing-small a-spacing-top-small']], [[ChromeDriver: chrome on windows (bf7d9281e3b18a806a12f35833509e68)] -> xpath: //div[@class='a-section a-spacing-small a-spacing-top-small']], [[ChromeDriver: chrome on windows (bf7d9281e3b18a806a12f35833509e68)] -> xpath: //div[@class='a-section a-spacing-small a-spacing-top-small']], [[ChromeDriver: chrome on windows (bf7d9281e3b18a806a12f35833509e68)] -> xpath: //div[@class='a-section a-spacing-small a-spacing-top-small']], [[ChromeDriver: chrome on windows (bf7d9281e3b18a806a12f35833509e68)] -> xpath: //div[@class='a-section a-spacing-small a-spacing-top-small']], [[ChromeDriver: chrome on windows (bf7d9281e3b18a806a12f35833509e68)] -> xpath: //div[@class='a-section a-spacing-small a-spacing-top-small']], [[ChromeDriver: chrome on windows (bf7d9281e3b18a806a12f35833509e68)] -> xpath: //div[@class='a-section a-spacing-small a-spacing-top-small']], [[ChromeDriver: chrome on windows (bf7d9281e3b18a806a12f35833509e68)] -> xpath: //div[@class='a-section a-spacing-small a-spacing-top-small']], [[ChromeDriver: chrome on windows (bf7d9281e3b18a806a12f35833509e68)] -> xpath: //div[@class='a-section a-spacing-small a-spacing-top-small']], [[ChromeDriver: chrome on windows (bf7d9281e3b18a806a12f35833509e68)] -> xpath: //div[@class='a-section a-spacing-small a-spacing-top-small']], [[ChromeDriver: chrome on windows (bf7d9281e3b18a806a12f35833509e68)] -> xpath: //div[@class='a-section a-spacing-small a-spacing-top-small']], [[ChromeDriver: chrome on windows (bf7d9281e3b18a806a12f35833509e68)] -> xpath: //div[@class='a-section a-spacing-small a-spacing-top-small']]] from the safeFindElements method
19:42:13 [TestNG-test-Test-3] INFO  verifyingFreeDeliveryFilterFunctionality_Tablet_19-42-04 - [verifyingFreeDeliveryFilterFunctionality_Tablet_19-42-04] Created hashset with required data to assert with Within validateDeliveryFilterOptions method
19:42:13 [TestNG-test-Test-3] INFO  verifyingFreeDeliveryFilterFunctionality_Tablet_19-42-04 - [verifyingFreeDeliveryFilterFunctionality_Tablet_19-42-04] this is the set  [Today, May, FREE delivery, Sat, 08, 09, Fri, Tomorrow]
19:42:13 [TestNG-test-Test-3] INFO  verifyingFreeDeliveryFilterFunctionality_Tablet_19-42-04 - [verifyingFreeDeliveryFilterFunctionality_Tablet_19-42-04] Within deliveryElements loop iterating over the products  Within validateDeliveryFilterOptions method
19:42:13 [TestNG-test-Test-3] INFO  verifyingFreeDeliveryFilterFunctionality_Tablet_19-42-04 - [verifyingFreeDeliveryFilterFunctionality_Tablet_19-42-04] Checking if the allowedDateParts have the assert text   Within validateDeliveryFilterOptions method
19:42:13 [TestNG-test-Test-3] INFO  verifyingFreeDeliveryFilterFunctionality_Tablet_19-42-04 - [verifyingFreeDeliveryFilterFunctionality_Tablet_19-42-04] Within deliveryElements loop iterating over the products  Within validateDeliveryFilterOptions method
19:42:13 [TestNG-test-Test-3] INFO  verifyingFreeDeliveryFilterFunctionality_Tablet_19-42-04 - [verifyingFreeDeliveryFilterFunctionality_Tablet_19-42-04] Checking if the allowedDateParts have the assert text   Within validateDeliveryFilterOptions method
19:42:13 [TestNG-test-Test-3] INFO  verifyingFreeDeliveryFilterFunctionality_Tablet_19-42-04 - [verifyingFreeDeliveryFilterFunctionality_Tablet_19-42-04] Within deliveryElements loop iterating over the products  Within validateDeliveryFilterOptions method
19:42:13 [TestNG-test-Test-3] INFO  verifyingFreeDeliveryFilterFunctionality_Tablet_19-42-04 - [verifyingFreeDeliveryFilterFunctionality_Tablet_19-42-04] Checking if the allowedDateParts have the assert text   Within validateDeliveryFilterOptions method
19:42:13 [TestNG-test-Test-3] INFO  verifyingFreeDeliveryFilterFunctionality_Tablet_19-42-04 - [verifyingFreeDeliveryFilterFunctionality_Tablet_19-42-04] Within deliveryElements loop iterating over the products  Within validateDeliveryFilterOptions method
19:42:13 [TestNG-test-Test-3] INFO  verifyingFreeDeliveryFilterFunctionality_Tablet_19-42-04 - [verifyingFreeDeliveryFilterFunctionality_Tablet_19-42-04] Checking if the allowedDateParts have the assert text   Within validateDeliveryFilterOptions method
19:42:13 [TestNG-test-Test-3] INFO  verifyingFreeDeliveryFilterFunctionality_Tablet_19-42-04 - [verifyingFreeDeliveryFilterFunctionality_Tablet_19-42-04] Within deliveryElements loop iterating over the products  Within validateDeliveryFilterOptions method
19:42:13 [TestNG-test-Test-3] INFO  verifyingFreeDeliveryFilterFunctionality_Tablet_19-42-04 - [verifyingFreeDeliveryFilterFunctionality_Tablet_19-42-04] Checking if the allowedDateParts have the assert text   Within validateDeliveryFilterOptions method
19:42:13 [TestNG-test-Test-3] INFO  verifyingFreeDeliveryFilterFunctionality_Tablet_19-42-04 - [verifyingFreeDeliveryFilterFunctionality_Tablet_19-42-04] Within deliveryElements loop iterating over the products  Within validateDeliveryFilterOptions method
19:42:13 [TestNG-test-Test-3] INFO  verifyingFreeDeliveryFilterFunctionality_Tablet_19-42-04 - [verifyingFreeDeliveryFilterFunctionality_Tablet_19-42-04] Checking if the allowedDateParts have the assert text   Within validateDeliveryFilterOptions method
19:42:13 [TestNG-test-Test-3] INFO  verifyingFreeDeliveryFilterFunctionality_Tablet_19-42-04 - [verifyingFreeDeliveryFilterFunctionality_Tablet_19-42-04] Within deliveryElements loop iterating over the products  Within validateDeliveryFilterOptions method
19:42:13 [TestNG-test-Test-3] INFO  verifyingFreeDeliveryFilterFunctionality_Tablet_19-42-04 - [verifyingFreeDeliveryFilterFunctionality_Tablet_19-42-04] Checking if the allowedDateParts have the assert text   Within validateDeliveryFilterOptions method
19:42:13 [TestNG-test-Test-3] INFO  verifyingFreeDeliveryFilterFunctionality_Tablet_19-42-04 - [verifyingFreeDeliveryFilterFunctionality_Tablet_19-42-04] Within deliveryElements loop iterating over the products  Within validateDeliveryFilterOptions method
19:42:13 [TestNG-test-Test-3] INFO  verifyingFreeDeliveryFilterFunctionality_Tablet_19-42-04 - [verifyingFreeDeliveryFilterFunctionality_Tablet_19-42-04] Checking if the allowedDateParts have the assert text   Within validateDeliveryFilterOptions method
19:42:13 [TestNG-test-Test-3] INFO  verifyingFreeDeliveryFilterFunctionality_Tablet_19-42-04 - [verifyingFreeDeliveryFilterFunctionality_Tablet_19-42-04] Within deliveryElements loop iterating over the products  Within validateDeliveryFilterOptions method
19:42:13 [TestNG-test-Test-3] INFO  verifyingFreeDeliveryFilterFunctionality_Tablet_19-42-04 - [verifyingFreeDeliveryFilterFunctionality_Tablet_19-42-04] Checking if the allowedDateParts have the assert text   Within validateDeliveryFilterOptions method
19:42:13 [TestNG-test-Test-3] INFO  verifyingFreeDeliveryFilterFunctionality_Tablet_19-42-04 - [verifyingFreeDeliveryFilterFunctionality_Tablet_19-42-04] Within deliveryElements loop iterating over the products  Within validateDeliveryFilterOptions method
19:42:13 [TestNG-test-Test-3] INFO  verifyingFreeDeliveryFilterFunctionality_Tablet_19-42-04 - [verifyingFreeDeliveryFilterFunctionality_Tablet_19-42-04] Checking if the allowedDateParts have the assert text   Within validateDeliveryFilterOptions method
19:42:13 [TestNG-test-Test-3] INFO  verifyingFreeDeliveryFilterFunctionality_Tablet_19-42-04 - [verifyingFreeDeliveryFilterFunctionality_Tablet_19-42-04] Within deliveryElements loop iterating over the products  Within validateDeliveryFilterOptions method
19:42:14 [TestNG-test-Test-3] INFO  verifyingFreeDeliveryFilterFunctionality_Tablet_19-42-04 - [verifyingFreeDeliveryFilterFunctionality_Tablet_19-42-04] Checking if the allowedDateParts have the assert text   Within validateDeliveryFilterOptions method
19:42:14 [TestNG-test-Test-3] INFO  verifyingFreeDeliveryFilterFunctionality_Tablet_19-42-04 - [verifyingFreeDeliveryFilterFunctionality_Tablet_19-42-04] Within deliveryElements loop iterating over the products  Within validateDeliveryFilterOptions method
19:42:14 [TestNG-test-Test-3] INFO  verifyingFreeDeliveryFilterFunctionality_Tablet_19-42-04 - [verifyingFreeDeliveryFilterFunctionality_Tablet_19-42-04] Checking if the allowedDateParts have the assert text   Within validateDeliveryFilterOptions method
19:42:14 [TestNG-test-Test-3] INFO  verifyingFreeDeliveryFilterFunctionality_Tablet_19-42-04 - [verifyingFreeDeliveryFilterFunctionality_Tablet_19-42-04] Within deliveryElements loop iterating over the products  Within validateDeliveryFilterOptions method
19:42:14 [TestNG-test-Test-3] INFO  verifyingFreeDeliveryFilterFunctionality_Tablet_19-42-04 - [verifyingFreeDeliveryFilterFunctionality_Tablet_19-42-04] Checking if the allowedDateParts have the assert text   Within validateDeliveryFilterOptions method
19:42:14 [TestNG-test-Test-3] INFO  verifyingFreeDeliveryFilterFunctionality_Tablet_19-42-04 - [verifyingFreeDeliveryFilterFunctionality_Tablet_19-42-04] Within deliveryElements loop iterating over the products  Within validateDeliveryFilterOptions method
19:42:14 [TestNG-test-Test-3] INFO  verifyingFreeDeliveryFilterFunctionality_Tablet_19-42-04 - [verifyingFreeDeliveryFilterFunctionality_Tablet_19-42-04] Checking if the allowedDateParts have the assert text   Within validateDeliveryFilterOptions method
19:42:14 [TestNG-test-Test-3] INFO  verifyingFreeDeliveryFilterFunctionality_Tablet_19-42-04 - [verifyingFreeDeliveryFilterFunctionality_Tablet_19-42-04] Within deliveryElements loop iterating over the products  Within validateDeliveryFilterOptions method
19:42:14 [TestNG-test-Test-3] INFO  verifyingFreeDeliveryFilterFunctionality_Tablet_19-42-04 - [verifyingFreeDeliveryFilterFunctionality_Tablet_19-42-04] Checking if the allowedDateParts have the assert text   Within validateDeliveryFilterOptions method
19:42:14 [TestNG-test-Test-3] INFO  verifyingFreeDeliveryFilterFunctionality_Tablet_19-42-04 - [verifyingFreeDeliveryFilterFunctionality_Tablet_19-42-04] Within deliveryElements loop iterating over the products  Within validateDeliveryFilterOptions method
19:42:14 [TestNG-test-Test-3] INFO  verifyingFreeDeliveryFilterFunctionality_Tablet_19-42-04 - [verifyingFreeDeliveryFilterFunctionality_Tablet_19-42-04] Checking if the allowedDateParts have the assert text   Within validateDeliveryFilterOptions method
19:42:14 [TestNG-test-Test-3] INFO  verifyingFreeDeliveryFilterFunctionality_Tablet_19-42-04 - [verifyingFreeDeliveryFilterFunctionality_Tablet_19-42-04] Returning the list with boolean values   Within validateDeliveryFilterOptions method
19:42:14 [TestNG-test-Test-3] INFO  verifyingFreeDeliveryFilterFunctionality_Tablet_19-42-04 - [verifyingFreeDeliveryFilterFunctionality_Tablet_19-42-04] Asserting delivery filter: isValid=true, index=-1, text=All the things are valid no errors
