19:43:12 [TestNG-test-Test-3] INFO  verifyingGetItIn2DaysFilterFunctionality_Mobile_19-43-12 - No existing WebDriver found for current thread. Initializing a new ChromeDriver...
19:43:12 [TestNG-test-Test-3] INFO  verifyingGetItIn2DaysFilterFunctionality_Mobile_19-43-12 - WebDriverManager: chromedriver setup OK
19:43:14 [TestNG-test-Test-3] INFO  verifyingGetItIn2DaysFilterFunctionality_Mobile_19-43-12 - ChromeDriver initialized successfully for thread: 36
19:43:15 [TestNG-test-Test-3] INFO  verifyingGetItIn2DaysFilterFunctionality_Mobile_19-43-12 - [verifyingGetItIn2DaysFilterFunctionality_Mobile_19-43-12] Opening amazon Landing page
19:43:15 [TestNG-test-Test-3] INFO  verifyingGetItIn2DaysFilterFunctionality_Mobile_19-43-12 - [verifyingGetItIn2DaysFilterFunctionality_Mobile_19-43-12] Within safeFindElement method
19:43:20 [TestNG-test-Test-3] INFO  verifyingGetItIn2DaysFilterFunctionality_Mobile_19-43-12 - [verifyingGetItIn2DaysFilterFunctionality_Mobile_19-43-12]Retrying findElement for: ->By.xpath: //a[@id='nav-logo-sprites']
19:43:20 [TestNG-test-Test-3] INFO  verifyingGetItIn2DaysFilterFunctionality_Mobile_19-43-12 - [verifyingGetItIn2DaysFilterFunctionality_Mobile_19-43-12]Refrehsing the page , while trying to safely find : ->By.xpath: //a[@id='nav-logo-sprites']
19:43:26 [TestNG-test-Test-3] INFO  verifyingGetItIn2DaysFilterFunctionality_Mobile_19-43-12 - [verifyingGetItIn2DaysFilterFunctionality_Mobile_19-43-12]Retrying findElement for: ->By.xpath: //a[@id='nav-logo-sprites']
19:43:26 [TestNG-test-Test-3] INFO  verifyingGetItIn2DaysFilterFunctionality_Mobile_19-43-12 - [verifyingGetItIn2DaysFilterFunctionality_Mobile_19-43-12]Refrehsing the page , while trying to safely find : ->By.xpath: //a[@id='nav-logo-sprites']
19:43:26 [TestNG-test-Test-3] INFO  verifyingGetItIn2DaysFilterFunctionality_Mobile_19-43-12 - [verifyingGetItIn2DaysFilterFunctionality_Mobile_19-43-12] Skipping action: Element not found after 2   attemps
19:43:32 [TestNG-test-Test-3] INFO  verifyingGetItIn2DaysFilterFunctionality_Mobile_19-43-12 - [verifyingGetItIn2DaysFilterFunctionality_Mobile_19-43-12] Giving input within the search bar
19:43:32 [TestNG-test-Test-3] INFO  verifyingGetItIn2DaysFilterFunctionality_Mobile_19-43-12 - [verifyingGetItIn2DaysFilterFunctionality_Mobile_19-43-12] Within safeClick method
19:43:34 [TestNG-test-Test-3] INFO  verifyingGetItIn2DaysFilterFunctionality_Mobile_19-43-12 - [verifyingGetItIn2DaysFilterFunctionality_Mobile_19-43-12] Clicked the  [[ChromeDriver: chrome on windows (857896ededfaa9ad790feee4cca8fce2)] -> xpath: //input[@id='nav-search-submit-button']]   using safeClick
19:43:34 [TestNG-test-Test-3] INFO  verifyingGetItIn2DaysFilterFunctionality_Mobile_19-43-12 - [verifyingGetItIn2DaysFilterFunctionality_Mobile_19-43-12] Clicking on the submit in the search bar
19:43:34 [TestNG-test-Test-3] INFO  verifyingGetItIn2DaysFilterFunctionality_Mobile_19-43-12 - [verifyingGetItIn2DaysFilterFunctionality_Mobile_19-43-12] Waiting until element is visible in viewport
19:43:34 [TestNG-test-Test-3] INFO  verifyingGetItIn2DaysFilterFunctionality_Mobile_19-43-12 - [verifyingGetItIn2DaysFilterFunctionality_Mobile_19-43-12] Within validateDeliveryFilterOptionsWithResult method
19:43:34 [TestNG-test-Test-3] INFO  verifyingGetItIn2DaysFilterFunctionality_Mobile_19-43-12 - [verifyingGetItIn2DaysFilterFunctionality_Mobile_19-43-12] Within safeClick method
19:43:34 [TestNG-test-Test-3] INFO  verifyingGetItIn2DaysFilterFunctionality_Mobile_19-43-12 - [verifyingGetItIn2DaysFilterFunctionality_Mobile_19-43-12] Clicked the  [[ChromeDriver: chrome on windows (857896ededfaa9ad790feee4cca8fce2)] -> xpath: //span[@class='a-size-base a-color-base puis-bold-weight-text' and text()='Delivery Day']/parent::div/following-sibling::ul//span[@class='a-size-base a-color-base' and text()='Get It in 2 Days']]   using safeClick
19:43:34 [TestNG-test-Test-3] INFO  verifyingGetItIn2DaysFilterFunctionality_Mobile_19-43-12 - [verifyingGetItIn2DaysFilterFunctionality_Mobile_19-43-12] Within getMoreButtonByFilterTypeAndName method
19:43:34 [TestNG-test-Test-3] INFO  verifyingGetItIn2DaysFilterFunctionality_Mobile_19-43-12 - [verifyingGetItIn2DaysFilterFunctionality_Mobile_19-43-12] Clicked on By.xpath: //span[@class='a-size-base a-color-base puis-bold-weight-text' and text()='Delivery Day']/parent::div/following-sibling::ul//span[@class='a-size-base a-color-base' and text()='Get It in 2 Days']
19:43:34 [TestNG-test-Test-3] INFO  verifyingGetItIn2DaysFilterFunctionality_Mobile_19-43-12 - [verifyingGetItIn2DaysFilterFunctionality_Mobile_19-43-12] Within safeFindElements 
19:43:35 [TestNG-test-Test-3] INFO  verifyingGetItIn2DaysFilterFunctionality_Mobile_19-43-12 - [verifyingGetItIn2DaysFilterFunctionality_Mobile_19-43-12] Returning the  [[[ChromeDriver: chrome on windows (857896ededfaa9ad790feee4cca8fce2)] -> xpath: //div[@class='a-section a-spacing-small a-spacing-top-small']], [[ChromeDriver: chrome on windows (857896ededfaa9ad790feee4cca8fce2)] -> xpath: //div[@class='a-section a-spacing-small a-spacing-top-small']], [[ChromeDriver: chrome on windows (857896ededfaa9ad790feee4cca8fce2)] -> xpath: //div[@class='a-section a-spacing-small a-spacing-top-small']], [[ChromeDriver: chrome on windows (857896ededfaa9ad790feee4cca8fce2)] -> xpath: //div[@class='a-section a-spacing-small a-spacing-top-small']], [[ChromeDriver: chrome on windows (857896ededfaa9ad790feee4cca8fce2)] -> xpath: //div[@class='a-section a-spacing-small a-spacing-top-small']], [[ChromeDriver: chrome on windows (857896ededfaa9ad790feee4cca8fce2)] -> xpath: //div[@class='a-section a-spacing-small a-spacing-top-small']], [[ChromeDriver: chrome on windows (857896ededfaa9ad790feee4cca8fce2)] -> xpath: //div[@class='a-section a-spacing-small a-spacing-top-small']], [[ChromeDriver: chrome on windows (857896ededfaa9ad790feee4cca8fce2)] -> xpath: //div[@class='a-section a-spacing-small a-spacing-top-small']], [[ChromeDriver: chrome on windows (857896ededfaa9ad790feee4cca8fce2)] -> xpath: //div[@class='a-section a-spacing-small a-spacing-top-small']], [[ChromeDriver: chrome on windows (857896ededfaa9ad790feee4cca8fce2)] -> xpath: //div[@class='a-section a-spacing-small a-spacing-top-small']], [[ChromeDriver: chrome on windows (857896ededfaa9ad790feee4cca8fce2)] -> xpath: //div[@class='a-section a-spacing-small a-spacing-top-small']]] from the safeFindElements method
19:43:35 [TestNG-test-Test-3] INFO  verifyingGetItIn2DaysFilterFunctionality_Mobile_19-43-12 - [verifyingGetItIn2DaysFilterFunctionality_Mobile_19-43-12] Created hashset with required data to assert with Within validateDeliveryFilterOptions method
19:43:35 [TestNG-test-Test-3] INFO  verifyingGetItIn2DaysFilterFunctionality_Mobile_19-43-12 - [verifyingGetItIn2DaysFilterFunctionality_Mobile_19-43-12] this is the set  [22, Thu, 23, Apr, Today, FREE delivery, Wed, Tomorrow]
19:43:35 [TestNG-test-Test-3] INFO  verifyingGetItIn2DaysFilterFunctionality_Mobile_19-43-12 - [verifyingGetItIn2DaysFilterFunctionality_Mobile_19-43-12] Within deliveryElements loop iterating over the products  Within validateDeliveryFilterOptions method
19:43:35 [TestNG-test-Test-3] INFO  verifyingGetItIn2DaysFilterFunctionality_Mobile_19-43-12 - [verifyingGetItIn2DaysFilterFunctionality_Mobile_19-43-12] Checking if the allowedDateParts have the assert text   Within validateDeliveryFilterOptions method
19:43:35 [TestNG-test-Test-3] INFO  verifyingGetItIn2DaysFilterFunctionality_Mobile_19-43-12 - [verifyingGetItIn2DaysFilterFunctionality_Mobile_19-43-12] Within deliveryElements loop iterating over the products  Within validateDeliveryFilterOptions method
19:43:35 [TestNG-test-Test-3] INFO  verifyingGetItIn2DaysFilterFunctionality_Mobile_19-43-12 - [verifyingGetItIn2DaysFilterFunctionality_Mobile_19-43-12] Checking if the allowedDateParts have the assert text   Within validateDeliveryFilterOptions method
19:43:35 [TestNG-test-Test-3] INFO  verifyingGetItIn2DaysFilterFunctionality_Mobile_19-43-12 - [verifyingGetItIn2DaysFilterFunctionality_Mobile_19-43-12] Within deliveryElements loop iterating over the products  Within validateDeliveryFilterOptions method
19:43:35 [TestNG-test-Test-3] INFO  verifyingGetItIn2DaysFilterFunctionality_Mobile_19-43-12 - [verifyingGetItIn2DaysFilterFunctionality_Mobile_19-43-12] Checking if the allowedDateParts have the assert text   Within validateDeliveryFilterOptions method
19:43:35 [TestNG-test-Test-3] INFO  verifyingGetItIn2DaysFilterFunctionality_Mobile_19-43-12 - [verifyingGetItIn2DaysFilterFunctionality_Mobile_19-43-12] Within deliveryElements loop iterating over the products  Within validateDeliveryFilterOptions method
19:43:35 [TestNG-test-Test-3] INFO  verifyingGetItIn2DaysFilterFunctionality_Mobile_19-43-12 - [verifyingGetItIn2DaysFilterFunctionality_Mobile_19-43-12] Checking if the allowedDateParts have the assert text   Within validateDeliveryFilterOptions method
19:43:35 [TestNG-test-Test-3] INFO  verifyingGetItIn2DaysFilterFunctionality_Mobile_19-43-12 - [verifyingGetItIn2DaysFilterFunctionality_Mobile_19-43-12] Within deliveryElements loop iterating over the products  Within validateDeliveryFilterOptions method
19:43:35 [TestNG-test-Test-3] INFO  verifyingGetItIn2DaysFilterFunctionality_Mobile_19-43-12 - [verifyingGetItIn2DaysFilterFunctionality_Mobile_19-43-12] Checking if the allowedDateParts have the assert text   Within validateDeliveryFilterOptions method
19:43:35 [TestNG-test-Test-3] INFO  verifyingGetItIn2DaysFilterFunctionality_Mobile_19-43-12 - [verifyingGetItIn2DaysFilterFunctionality_Mobile_19-43-12] Within deliveryElements loop iterating over the products  Within validateDeliveryFilterOptions method
19:43:35 [TestNG-test-Test-3] INFO  verifyingGetItIn2DaysFilterFunctionality_Mobile_19-43-12 - [verifyingGetItIn2DaysFilterFunctionality_Mobile_19-43-12] Checking if the allowedDateParts have the assert text   Within validateDeliveryFilterOptions method
19:43:35 [TestNG-test-Test-3] INFO  verifyingGetItIn2DaysFilterFunctionality_Mobile_19-43-12 - [verifyingGetItIn2DaysFilterFunctionality_Mobile_19-43-12] Within deliveryElements loop iterating over the products  Within validateDeliveryFilterOptions method
19:43:35 [TestNG-test-Test-3] INFO  verifyingGetItIn2DaysFilterFunctionality_Mobile_19-43-12 - [verifyingGetItIn2DaysFilterFunctionality_Mobile_19-43-12] Checking if the allowedDateParts have the assert text   Within validateDeliveryFilterOptions method
19:43:35 [TestNG-test-Test-3] INFO  verifyingGetItIn2DaysFilterFunctionality_Mobile_19-43-12 - [verifyingGetItIn2DaysFilterFunctionality_Mobile_19-43-12] Within deliveryElements loop iterating over the products  Within validateDeliveryFilterOptions method
19:43:35 [TestNG-test-Test-3] INFO  verifyingGetItIn2DaysFilterFunctionality_Mobile_19-43-12 - [verifyingGetItIn2DaysFilterFunctionality_Mobile_19-43-12] Checking if the allowedDateParts have the assert text   Within validateDeliveryFilterOptions method
19:43:35 [TestNG-test-Test-3] INFO  verifyingGetItIn2DaysFilterFunctionality_Mobile_19-43-12 - [verifyingGetItIn2DaysFilterFunctionality_Mobile_19-43-12] Within deliveryElements loop iterating over the products  Within validateDeliveryFilterOptions method
19:43:35 [TestNG-test-Test-3] INFO  verifyingGetItIn2DaysFilterFunctionality_Mobile_19-43-12 - [verifyingGetItIn2DaysFilterFunctionality_Mobile_19-43-12] Checking if the allowedDateParts have the assert text   Within validateDeliveryFilterOptions method
19:43:35 [TestNG-test-Test-3] INFO  verifyingGetItIn2DaysFilterFunctionality_Mobile_19-43-12 - [verifyingGetItIn2DaysFilterFunctionality_Mobile_19-43-12] Within deliveryElements loop iterating over the products  Within validateDeliveryFilterOptions method
19:43:35 [TestNG-test-Test-3] INFO  verifyingGetItIn2DaysFilterFunctionality_Mobile_19-43-12 - [verifyingGetItIn2DaysFilterFunctionality_Mobile_19-43-12] Checking if the allowedDateParts have the assert text   Within validateDeliveryFilterOptions method
19:43:35 [TestNG-test-Test-3] INFO  verifyingGetItIn2DaysFilterFunctionality_Mobile_19-43-12 - [verifyingGetItIn2DaysFilterFunctionality_Mobile_19-43-12] Within deliveryElements loop iterating over the products  Within validateDeliveryFilterOptions method
19:43:35 [TestNG-test-Test-3] INFO  verifyingGetItIn2DaysFilterFunctionality_Mobile_19-43-12 - [verifyingGetItIn2DaysFilterFunctionality_Mobile_19-43-12] Checking if the allowedDateParts have the assert text   Within validateDeliveryFilterOptions method
19:43:35 [TestNG-test-Test-3] INFO  verifyingGetItIn2DaysFilterFunctionality_Mobile_19-43-12 - [verifyingGetItIn2DaysFilterFunctionality_Mobile_19-43-12] Returning the list with boolean values   Within validateDeliveryFilterOptions method
19:43:35 [TestNG-test-Test-3] INFO  verifyingGetItIn2DaysFilterFunctionality_Mobile_19-43-12 - [verifyingGetItIn2DaysFilterFunctionality_Mobile_19-43-12] Asserting delivery filter: isValid=true, index=-1, text=All the things are valid no errors
