2025-11-16 08:47:52.471 AM [TestNG-test-Test-3] INFO  [verifyingPriceSilderFunctionality] 🔹 Starting test method: verifyingPriceSilderFunctionality
2025-11-16 08:47:52.475 AM [TestNG-test-Test-3] INFO  [verifyingPriceSilderFunctionality] No existing WebDriver found for current thread. Initializing a new ChromeDriver...
2025-11-16 08:47:52.484 AM [TestNG-test-Test-3] INFO  [verifyingPriceSilderFunctionality] WebDriverManager: chromedriver setup OK
2025-11-16 08:47:54.117 AM [TestNG-test-Test-3] INFO  [verifyingPriceSilderFunctionality] ChromeDriver initialized successfully for thread: 36
2025-11-16 08:47:55.018 AM [TestNG-test-Test-3] INFO  [verifyingPriceSilderFunctionality] [verifyingPriceSilderFunctionality] Opening amazon Landing page
2025-11-16 08:48:02.579 AM [TestNG-test-Test-3] INFO  [verifyingPriceSilderFunctionality] [verifyingPriceSilderFunctionality] Capturing screenshot: search bar error capture__2025-11-16_084802.png
2025-11-16 08:48:02.717 AM [TestNG-test-Test-3] INFO  [verifyingPriceSilderFunctionality] [verifyingPriceSilderFunctionality] Screenshot saved at: test-output/screenshots/Run_2025-11-16_08-35-20/verifyingPriceSilderFunctionality/search bar error capture__2025-11-16_084802.png
2025-11-16 08:48:02.981 AM [TestNG-test-Test-3] INFO  [verifyingPriceSilderFunctionality] [verifyingPriceSilderFunctionality] Giving input within the search bar
2025-11-16 08:48:02.981 AM [TestNG-test-Test-3] INFO  [verifyingPriceSilderFunctionality] [verifyingPriceSilderFunctionality] Within safeClick method
2025-11-16 08:48:05.860 AM [TestNG-test-Test-3] INFO  [verifyingPriceSilderFunctionality] [verifyingPriceSilderFunctionality] Clicked the  [[ChromeDriver: chrome on windows (7692526e48259d5fb500a4a321596e11)] -> xpath: //input[@id='nav-search-submit-button']]   using safeClick
2025-11-16 08:48:05.860 AM [TestNG-test-Test-3] INFO  [verifyingPriceSilderFunctionality] [verifyingPriceSilderFunctionality] Clicking on the submit in the search bar
2025-11-16 08:48:06.350 AM [TestNG-test-Test-3] INFO  [verifyingPriceSilderFunctionality] [verifyingPriceSilderFunctionality] Within filterCheckUnderList method
2025-11-16 08:48:06.427 AM [TestNG-test-Test-3] INFO  [verifyingPriceSilderFunctionality] [verifyingPriceSilderFunctionality] Found the Filter within the filter check List
2025-11-16 08:48:06.427 AM [TestNG-test-Test-3] INFO  [verifyingPriceSilderFunctionality] [verifyingPriceSilderFunctionality] Within applyPriceSliderAndValidateWithResult method
2025-11-16 08:48:08.434 AM [TestNG-test-Test-3] INFO  [verifyingPriceSilderFunctionality] [verifyingPriceSilderFunctionality] Within safeFindElement method
2025-11-16 08:48:08.444 AM [TestNG-test-Test-3] INFO  [verifyingPriceSilderFunctionality] [verifyingPriceSilderFunctionality]Found the element returning it ,element ->[[ChromeDriver: chrome on windows (7692526e48259d5fb500a4a321596e11)] -> id: p_36/range-slider_slider-item_lower-bound-slider]
2025-11-16 08:48:08.444 AM [TestNG-test-Test-3] INFO  [verifyingPriceSilderFunctionality] [verifyingPriceSilderFunctionality] Within safeFindElement method
2025-11-16 08:48:08.462 AM [TestNG-test-Test-3] INFO  [verifyingPriceSilderFunctionality] [verifyingPriceSilderFunctionality]Found the element returning it ,element ->[[ChromeDriver: chrome on windows (7692526e48259d5fb500a4a321596e11)] -> id: p_36/range-slider_slider-item_upper-bound-slider]
2025-11-16 08:48:08.483 AM [TestNG-test-Test-3] INFO  [verifyingPriceSilderFunctionality] [verifyingPriceSilderFunctionality] Applying the Min filter , Min filter value->60
2025-11-16 08:48:08.564 AM [TestNG-test-Test-3] INFO  [verifyingPriceSilderFunctionality] [verifyingPriceSilderFunctionality] Applying the Max filter , Max filter value->80
2025-11-16 08:48:09.564 AM [TestNG-test-Test-3] INFO  [verifyingPriceSilderFunctionality] [verifyingPriceSilderFunctionality] Within safeFindElement method
2025-11-16 08:48:09.579 AM [TestNG-test-Test-3] INFO  [verifyingPriceSilderFunctionality] [verifyingPriceSilderFunctionality]Found the element returning it ,element ->[[ChromeDriver: chrome on windows (7692526e48259d5fb500a4a321596e11)] -> xpath: //div[@class='a-section sf-submit-range-button']]
2025-11-16 08:48:09.579 AM [TestNG-test-Test-3] INFO  [verifyingPriceSilderFunctionality] [verifyingPriceSilderFunctionality] Hitting the submit button80
2025-11-16 08:48:11.579 AM [TestNG-test-Test-3] INFO  [verifyingPriceSilderFunctionality] [verifyingPriceSilderFunctionality] Within safeFindElement method
2025-11-16 08:48:11.605 AM [TestNG-test-Test-3] INFO  [verifyingPriceSilderFunctionality] [verifyingPriceSilderFunctionality]Found the element returning it ,element ->[[ChromeDriver: chrome on windows (7692526e48259d5fb500a4a321596e11)] -> xpath: //label[@for='p_36/range-slider_slider-item_upper-bound-slider']]
2025-11-16 08:48:11.628 AM [TestNG-test-Test-3] INFO  [verifyingPriceSilderFunctionality] [verifyingPriceSilderFunctionality] Within safeFindElement method
2025-11-16 08:48:11.653 AM [TestNG-test-Test-3] INFO  [verifyingPriceSilderFunctionality] [verifyingPriceSilderFunctionality]Found the element returning it ,element ->[[ChromeDriver: chrome on windows (7692526e48259d5fb500a4a321596e11)] -> xpath: //label[@for='p_36/range-slider_slider-item_lower-bound-slider']]
2025-11-16 08:48:11.672 AM [TestNG-test-Test-3] INFO  [verifyingPriceSilderFunctionality] [verifyingPriceSilderFunctionality] Within safeFindElements 
2025-11-16 08:48:11.703 AM [TestNG-test-Test-3] INFO  [verifyingPriceSilderFunctionality] [verifyingPriceSilderFunctionality] Returning the  [[[ChromeDriver: chrome on windows (7692526e48259d5fb500a4a321596e11)] -> xpath: //span[@class='a-price-whole']], [[ChromeDriver: chrome on windows (7692526e48259d5fb500a4a321596e11)] -> xpath: //span[@class='a-price-whole']], [[ChromeDriver: chrome on windows (7692526e48259d5fb500a4a321596e11)] -> xpath: //span[@class='a-price-whole']], [[ChromeDriver: chrome on windows (7692526e48259d5fb500a4a321596e11)] -> xpath: //span[@class='a-price-whole']], [[ChromeDriver: chrome on windows (7692526e48259d5fb500a4a321596e11)] -> xpath: //span[@class='a-price-whole']], [[ChromeDriver: chrome on windows (7692526e48259d5fb500a4a321596e11)] -> xpath: //span[@class='a-price-whole']], [[ChromeDriver: chrome on windows (7692526e48259d5fb500a4a321596e11)] -> xpath: //span[@class='a-price-whole']], [[ChromeDriver: chrome on windows (7692526e48259d5fb500a4a321596e11)] -> xpath: //span[@class='a-price-whole']], [[ChromeDriver: chrome on windows (7692526e48259d5fb500a4a321596e11)] -> xpath: //span[@class='a-price-whole']], [[ChromeDriver: chrome on windows (7692526e48259d5fb500a4a321596e11)] -> xpath: //span[@class='a-price-whole']], [[ChromeDriver: chrome on windows (7692526e48259d5fb500a4a321596e11)] -> xpath: //span[@class='a-price-whole']], [[ChromeDriver: chrome on windows (7692526e48259d5fb500a4a321596e11)] -> xpath: //span[@class='a-price-whole']], [[ChromeDriver: chrome on windows (7692526e48259d5fb500a4a321596e11)] -> xpath: //span[@class='a-price-whole']], [[ChromeDriver: chrome on windows (7692526e48259d5fb500a4a321596e11)] -> xpath: //span[@class='a-price-whole']], [[ChromeDriver: chrome on windows (7692526e48259d5fb500a4a321596e11)] -> xpath: //span[@class='a-price-whole']], [[ChromeDriver: chrome on windows (7692526e48259d5fb500a4a321596e11)] -> xpath: //span[@class='a-price-whole']], [[ChromeDriver: chrome on windows (7692526e48259d5fb500a4a321596e11)] -> xpath: //span[@class='a-price-whole']], [[ChromeDriver: chrome on windows (7692526e48259d5fb500a4a321596e11)] -> xpath: //span[@class='a-price-whole']], [[ChromeDriver: chrome on windows (7692526e48259d5fb500a4a321596e11)] -> xpath: //span[@class='a-price-whole']], [[ChromeDriver: chrome on windows (7692526e48259d5fb500a4a321596e11)] -> xpath: //span[@class='a-price-whole']], [[ChromeDriver: chrome on windows (7692526e48259d5fb500a4a321596e11)] -> xpath: //span[@class='a-price-whole']], [[ChromeDriver: chrome on windows (7692526e48259d5fb500a4a321596e11)] -> xpath: //span[@class='a-price-whole']], [[ChromeDriver: chrome on windows (7692526e48259d5fb500a4a321596e11)] -> xpath: //span[@class='a-price-whole']], [[ChromeDriver: chrome on windows (7692526e48259d5fb500a4a321596e11)] -> xpath: //span[@class='a-price-whole']], [[ChromeDriver: chrome on windows (7692526e48259d5fb500a4a321596e11)] -> xpath: //span[@class='a-price-whole']], [[ChromeDriver: chrome on windows (7692526e48259d5fb500a4a321596e11)] -> xpath: //span[@class='a-price-whole']], [[ChromeDriver: chrome on windows (7692526e48259d5fb500a4a321596e11)] -> xpath: //span[@class='a-price-whole']], [[ChromeDriver: chrome on windows (7692526e48259d5fb500a4a321596e11)] -> xpath: //span[@class='a-price-whole']], [[ChromeDriver: chrome on windows (7692526e48259d5fb500a4a321596e11)] -> xpath: //span[@class='a-price-whole']]] from the safeFindElements method
2025-11-16 08:48:11.704 AM [TestNG-test-Test-3] INFO  [verifyingPriceSilderFunctionality] [verifyingPriceSilderFunctionality] Capturing screenshot: Filter Applied is Max Price=₹24,000  Min price=₹11,900__2025-11-16_084811.png
2025-11-16 08:48:11.984 AM [TestNG-test-Test-3] INFO  [verifyingPriceSilderFunctionality] [verifyingPriceSilderFunctionality] Screenshot saved at: test-output/screenshots/Run_2025-11-16_08-35-20/verifyingPriceSilderFunctionality/Filter Applied is Max Price=₹24,000  Min price=₹11,900__2025-11-16_084811.png
2025-11-16 08:48:12.015 AM [TestNG-test-Test-3] INFO  [verifyingPriceSilderFunctionality] [verifyingPriceSilderFunctionality] Product price is more then the applied filter, Product price and Max applied ->229900  80
2025-11-16 08:48:12.036 AM [TestNG-test-Test-3] INFO  [verifyingPriceSilderFunctionality] [verifyingPriceSilderFunctionality] Product price is more then the applied filter, Product price and Max applied ->51990  80
2025-11-16 08:48:12.057 AM [TestNG-test-Test-3] INFO  [verifyingPriceSilderFunctionality] [verifyingPriceSilderFunctionality] Checking if the product price is <= then the max filter applied, Product price and Max applied ->8599  80
2025-11-16 08:48:12.095 AM [TestNG-test-Test-3] INFO  [verifyingPriceSilderFunctionality] [verifyingPriceSilderFunctionality] Checking if the product price is <= then the max filter applied, Product price and Max applied ->6799  80
2025-11-16 08:48:12.195 AM [TestNG-test-Test-3] INFO  [verifyingPriceSilderFunctionality] [verifyingPriceSilderFunctionality] Checking if the product price is <= then the max filter applied, Product price and Max applied ->5599  80
2025-11-16 08:48:12.263 AM [TestNG-test-Test-3] INFO  [verifyingPriceSilderFunctionality] [verifyingPriceSilderFunctionality] Product price is more then the applied filter, Product price and Max applied ->50990  80
2025-11-16 08:48:12.332 AM [TestNG-test-Test-3] INFO  [verifyingPriceSilderFunctionality] [verifyingPriceSilderFunctionality] Product price is more then the applied filter, Product price and Max applied ->229900  80
2025-11-16 08:48:12.344 AM [TestNG-test-Test-3] INFO  [verifyingPriceSilderFunctionality] [verifyingPriceSilderFunctionality] Product price is more then the applied filter, Product price and Max applied ->66900  80
2025-11-16 08:48:12.361 AM [TestNG-test-Test-3] INFO  [verifyingPriceSilderFunctionality] ✅ Finished test method: verifyingPriceSilderFunctionality
2025-11-16 08:48:13.911 AM [TestNG-test-Test-3] INFO  [verifyingPriceSilderFunctionality] 🔹 Starting test method: verifyingPriceSilderFunctionality
2025-11-16 08:48:13.912 AM [TestNG-test-Test-3] INFO  [verifyingPriceSilderFunctionality] No existing WebDriver found for current thread. Initializing a new ChromeDriver...
2025-11-16 08:48:13.925 AM [TestNG-test-Test-3] INFO  [verifyingPriceSilderFunctionality] WebDriverManager: chromedriver setup OK
2025-11-16 08:48:15.533 AM [TestNG-test-Test-3] INFO  [verifyingPriceSilderFunctionality] ChromeDriver initialized successfully for thread: 36
2025-11-16 08:48:16.289 AM [TestNG-test-Test-3] INFO  [verifyingPriceSilderFunctionality] [verifyingPriceSilderFunctionality] Opening amazon Landing page
2025-11-16 08:48:21.976 AM [TestNG-test-Test-3] INFO  [verifyingPriceSilderFunctionality] [verifyingPriceSilderFunctionality] Capturing screenshot: search bar error capture__2025-11-16_084821.png
2025-11-16 08:48:22.166 AM [TestNG-test-Test-3] INFO  [verifyingPriceSilderFunctionality] [verifyingPriceSilderFunctionality] Screenshot saved at: test-output/screenshots/Run_2025-11-16_08-35-20/verifyingPriceSilderFunctionality/search bar error capture__2025-11-16_084821.png
2025-11-16 08:48:22.360 AM [TestNG-test-Test-3] INFO  [verifyingPriceSilderFunctionality] [verifyingPriceSilderFunctionality] Giving input within the search bar
2025-11-16 08:48:22.360 AM [TestNG-test-Test-3] INFO  [verifyingPriceSilderFunctionality] [verifyingPriceSilderFunctionality] Within safeClick method
2025-11-16 08:48:27.313 AM [TestNG-test-Test-3] INFO  [verifyingPriceSilderFunctionality] [verifyingPriceSilderFunctionality] Clicked the  [[ChromeDriver: chrome on windows (4ad5e9ba5cb7f180d03a700ad232ac0e)] -> xpath: //input[@id='nav-search-submit-button']]   using safeClick
2025-11-16 08:48:27.314 AM [TestNG-test-Test-3] INFO  [verifyingPriceSilderFunctionality] [verifyingPriceSilderFunctionality] Clicking on the submit in the search bar
2025-11-16 08:48:27.508 AM [TestNG-test-Test-3] INFO  [verifyingPriceSilderFunctionality] [verifyingPriceSilderFunctionality] Within filterCheckUnderList method
2025-11-16 08:48:27.568 AM [TestNG-test-Test-3] INFO  [verifyingPriceSilderFunctionality] [verifyingPriceSilderFunctionality] Found the Filter within the filter check List
2025-11-16 08:48:27.568 AM [TestNG-test-Test-3] INFO  [verifyingPriceSilderFunctionality] [verifyingPriceSilderFunctionality] Within applyPriceSliderAndValidateWithResult method
2025-11-16 08:48:29.736 AM [TestNG-test-Test-3] INFO  [verifyingPriceSilderFunctionality] [verifyingPriceSilderFunctionality] Within safeFindElement method
2025-11-16 08:48:29.753 AM [TestNG-test-Test-3] INFO  [verifyingPriceSilderFunctionality] [verifyingPriceSilderFunctionality]Found the element returning it ,element ->[[ChromeDriver: chrome on windows (4ad5e9ba5cb7f180d03a700ad232ac0e)] -> id: p_36/range-slider_slider-item_lower-bound-slider]
2025-11-16 08:48:29.753 AM [TestNG-test-Test-3] INFO  [verifyingPriceSilderFunctionality] [verifyingPriceSilderFunctionality] Within safeFindElement method
2025-11-16 08:48:29.763 AM [TestNG-test-Test-3] INFO  [verifyingPriceSilderFunctionality] [verifyingPriceSilderFunctionality]Found the element returning it ,element ->[[ChromeDriver: chrome on windows (4ad5e9ba5cb7f180d03a700ad232ac0e)] -> id: p_36/range-slider_slider-item_upper-bound-slider]
2025-11-16 08:48:29.780 AM [TestNG-test-Test-3] INFO  [verifyingPriceSilderFunctionality] [verifyingPriceSilderFunctionality] Applying the Min filter , Min filter value->60
2025-11-16 08:48:29.787 AM [TestNG-test-Test-3] INFO  [verifyingPriceSilderFunctionality] [verifyingPriceSilderFunctionality] Applying the Max filter , Max filter value->80
2025-11-16 08:48:30.790 AM [TestNG-test-Test-3] INFO  [verifyingPriceSilderFunctionality] [verifyingPriceSilderFunctionality] Within safeFindElement method
2025-11-16 08:48:30.802 AM [TestNG-test-Test-3] INFO  [verifyingPriceSilderFunctionality] [verifyingPriceSilderFunctionality]Found the element returning it ,element ->[[ChromeDriver: chrome on windows (4ad5e9ba5cb7f180d03a700ad232ac0e)] -> xpath: //div[@class='a-section sf-submit-range-button']]
2025-11-16 08:48:30.802 AM [TestNG-test-Test-3] INFO  [verifyingPriceSilderFunctionality] [verifyingPriceSilderFunctionality] Hitting the submit button80
2025-11-16 08:48:32.803 AM [TestNG-test-Test-3] INFO  [verifyingPriceSilderFunctionality] [verifyingPriceSilderFunctionality] Within safeFindElement method
2025-11-16 08:48:32.816 AM [TestNG-test-Test-3] INFO  [verifyingPriceSilderFunctionality] [verifyingPriceSilderFunctionality]Found the element returning it ,element ->[[ChromeDriver: chrome on windows (4ad5e9ba5cb7f180d03a700ad232ac0e)] -> xpath: //label[@for='p_36/range-slider_slider-item_upper-bound-slider']]
2025-11-16 08:48:32.825 AM [TestNG-test-Test-3] INFO  [verifyingPriceSilderFunctionality] [verifyingPriceSilderFunctionality] Within safeFindElement method
2025-11-16 08:48:32.836 AM [TestNG-test-Test-3] INFO  [verifyingPriceSilderFunctionality] [verifyingPriceSilderFunctionality]Found the element returning it ,element ->[[ChromeDriver: chrome on windows (4ad5e9ba5cb7f180d03a700ad232ac0e)] -> xpath: //label[@for='p_36/range-slider_slider-item_lower-bound-slider']]
2025-11-16 08:48:32.856 AM [TestNG-test-Test-3] INFO  [verifyingPriceSilderFunctionality] [verifyingPriceSilderFunctionality] Within safeFindElements 
2025-11-16 08:48:32.875 AM [TestNG-test-Test-3] INFO  [verifyingPriceSilderFunctionality] [verifyingPriceSilderFunctionality] Returning the  [[[ChromeDriver: chrome on windows (4ad5e9ba5cb7f180d03a700ad232ac0e)] -> xpath: //span[@class='a-price-whole']], [[ChromeDriver: chrome on windows (4ad5e9ba5cb7f180d03a700ad232ac0e)] -> xpath: //span[@class='a-price-whole']], [[ChromeDriver: chrome on windows (4ad5e9ba5cb7f180d03a700ad232ac0e)] -> xpath: //span[@class='a-price-whole']], [[ChromeDriver: chrome on windows (4ad5e9ba5cb7f180d03a700ad232ac0e)] -> xpath: //span[@class='a-price-whole']], [[ChromeDriver: chrome on windows (4ad5e9ba5cb7f180d03a700ad232ac0e)] -> xpath: //span[@class='a-price-whole']], [[ChromeDriver: chrome on windows (4ad5e9ba5cb7f180d03a700ad232ac0e)] -> xpath: //span[@class='a-price-whole']], [[ChromeDriver: chrome on windows (4ad5e9ba5cb7f180d03a700ad232ac0e)] -> xpath: //span[@class='a-price-whole']], [[ChromeDriver: chrome on windows (4ad5e9ba5cb7f180d03a700ad232ac0e)] -> xpath: //span[@class='a-price-whole']], [[ChromeDriver: chrome on windows (4ad5e9ba5cb7f180d03a700ad232ac0e)] -> xpath: //span[@class='a-price-whole']], [[ChromeDriver: chrome on windows (4ad5e9ba5cb7f180d03a700ad232ac0e)] -> xpath: //span[@class='a-price-whole']], [[ChromeDriver: chrome on windows (4ad5e9ba5cb7f180d03a700ad232ac0e)] -> xpath: //span[@class='a-price-whole']], [[ChromeDriver: chrome on windows (4ad5e9ba5cb7f180d03a700ad232ac0e)] -> xpath: //span[@class='a-price-whole']], [[ChromeDriver: chrome on windows (4ad5e9ba5cb7f180d03a700ad232ac0e)] -> xpath: //span[@class='a-price-whole']], [[ChromeDriver: chrome on windows (4ad5e9ba5cb7f180d03a700ad232ac0e)] -> xpath: //span[@class='a-price-whole']], [[ChromeDriver: chrome on windows (4ad5e9ba5cb7f180d03a700ad232ac0e)] -> xpath: //span[@class='a-price-whole']], [[ChromeDriver: chrome on windows (4ad5e9ba5cb7f180d03a700ad232ac0e)] -> xpath: //span[@class='a-price-whole']], [[ChromeDriver: chrome on windows (4ad5e9ba5cb7f180d03a700ad232ac0e)] -> xpath: //span[@class='a-price-whole']], [[ChromeDriver: chrome on windows (4ad5e9ba5cb7f180d03a700ad232ac0e)] -> xpath: //span[@class='a-price-whole']], [[ChromeDriver: chrome on windows (4ad5e9ba5cb7f180d03a700ad232ac0e)] -> xpath: //span[@class='a-price-whole']], [[ChromeDriver: chrome on windows (4ad5e9ba5cb7f180d03a700ad232ac0e)] -> xpath: //span[@class='a-price-whole']], [[ChromeDriver: chrome on windows (4ad5e9ba5cb7f180d03a700ad232ac0e)] -> xpath: //span[@class='a-price-whole']], [[ChromeDriver: chrome on windows (4ad5e9ba5cb7f180d03a700ad232ac0e)] -> xpath: //span[@class='a-price-whole']], [[ChromeDriver: chrome on windows (4ad5e9ba5cb7f180d03a700ad232ac0e)] -> xpath: //span[@class='a-price-whole']], [[ChromeDriver: chrome on windows (4ad5e9ba5cb7f180d03a700ad232ac0e)] -> xpath: //span[@class='a-price-whole']], [[ChromeDriver: chrome on windows (4ad5e9ba5cb7f180d03a700ad232ac0e)] -> xpath: //span[@class='a-price-whole']], [[ChromeDriver: chrome on windows (4ad5e9ba5cb7f180d03a700ad232ac0e)] -> xpath: //span[@class='a-price-whole']], [[ChromeDriver: chrome on windows (4ad5e9ba5cb7f180d03a700ad232ac0e)] -> xpath: //span[@class='a-price-whole']], [[ChromeDriver: chrome on windows (4ad5e9ba5cb7f180d03a700ad232ac0e)] -> xpath: //span[@class='a-price-whole']], [[ChromeDriver: chrome on windows (4ad5e9ba5cb7f180d03a700ad232ac0e)] -> xpath: //span[@class='a-price-whole']], [[ChromeDriver: chrome on windows (4ad5e9ba5cb7f180d03a700ad232ac0e)] -> xpath: //span[@class='a-price-whole']], [[ChromeDriver: chrome on windows (4ad5e9ba5cb7f180d03a700ad232ac0e)] -> xpath: //span[@class='a-price-whole']], [[ChromeDriver: chrome on windows (4ad5e9ba5cb7f180d03a700ad232ac0e)] -> xpath: //span[@class='a-price-whole']], [[ChromeDriver: chrome on windows (4ad5e9ba5cb7f180d03a700ad232ac0e)] -> xpath: //span[@class='a-price-whole']], [[ChromeDriver: chrome on windows (4ad5e9ba5cb7f180d03a700ad232ac0e)] -> xpath: //span[@class='a-price-whole']], [[ChromeDriver: chrome on windows (4ad5e9ba5cb7f180d03a700ad232ac0e)] -> xpath: //span[@class='a-price-whole']]] from the safeFindElements method
2025-11-16 08:48:32.876 AM [TestNG-test-Test-3] INFO  [verifyingPriceSilderFunctionality] [verifyingPriceSilderFunctionality] Capturing screenshot: Filter Applied is Max Price=₹12,600  Min price=₹6,200__2025-11-16_084832.png
2025-11-16 08:48:33.098 AM [TestNG-test-Test-3] INFO  [verifyingPriceSilderFunctionality] [verifyingPriceSilderFunctionality] Screenshot saved at: test-output/screenshots/Run_2025-11-16_08-35-20/verifyingPriceSilderFunctionality/Filter Applied is Max Price=₹12,600  Min price=₹6,200__2025-11-16_084832.png
2025-11-16 08:48:33.108 AM [TestNG-test-Test-3] INFO  [verifyingPriceSilderFunctionality] [verifyingPriceSilderFunctionality] Product price is more then the applied filter, Product price and Max applied ->72999  80
2025-11-16 08:48:33.127 AM [TestNG-test-Test-3] INFO  [verifyingPriceSilderFunctionality] ✅ Finished test method: verifyingPriceSilderFunctionality
