2025-12-01 06:24:31.889 PM [TestNG-test-Test-2] INFO  [verifyingGetItIn2DaysFilterFunctionality] 🔹 Starting test method: verifyingGetItIn2DaysFilterFunctionality
2025-12-01 06:24:31.893 PM [TestNG-test-Test-2] INFO  [verifyingGetItIn2DaysFilterFunctionality] No existing WebDriver found for current thread. Initializing a new ChromeDriver...
2025-12-01 06:24:31.904 PM [TestNG-test-Test-2] INFO  [verifyingGetItIn2DaysFilterFunctionality] WebDriverManager: chromedriver setup OK
2025-12-01 06:24:33.248 PM [TestNG-test-Test-2] INFO  [verifyingGetItIn2DaysFilterFunctionality] ChromeDriver initialized successfully for thread: 35
2025-12-01 06:24:33.793 PM [TestNG-test-Test-2] INFO  [verifyingGetItIn2DaysFilterFunctionality] [verifyingGetItIn2DaysFilterFunctionality] Opening amazon Landing page
2025-12-01 06:24:37.620 PM [TestNG-test-Test-2] INFO  [verifyingGetItIn2DaysFilterFunctionality] [verifyingGetItIn2DaysFilterFunctionality] Giving input within the search bar
2025-12-01 06:24:37.621 PM [TestNG-test-Test-2] INFO  [verifyingGetItIn2DaysFilterFunctionality] [verifyingGetItIn2DaysFilterFunctionality] Within safeClick method
2025-12-01 06:24:39.512 PM [TestNG-test-Test-2] INFO  [verifyingGetItIn2DaysFilterFunctionality] [verifyingGetItIn2DaysFilterFunctionality] Clicked the  [[ChromeDriver: chrome on windows (88dbfb1e15572e0c8a1e3640aacecbf4)] -> xpath: //input[@id='nav-search-submit-button']]   using safeClick
2025-12-01 06:24:39.512 PM [TestNG-test-Test-2] INFO  [verifyingGetItIn2DaysFilterFunctionality] [verifyingGetItIn2DaysFilterFunctionality] Clicking on the submit in the search bar
2025-12-01 06:24:39.653 PM [TestNG-test-Test-2] INFO  [verifyingGetItIn2DaysFilterFunctionality] [verifyingGetItIn2DaysFilterFunctionality] Waiting until element is visible in viewport
2025-12-01 06:24:39.679 PM [TestNG-test-Test-2] INFO  [verifyingGetItIn2DaysFilterFunctionality] [verifyingGetItIn2DaysFilterFunctionality] Within printFilterNamesOnly method
2025-12-01 06:24:39.679 PM [TestNG-test-Test-2] INFO  [verifyingGetItIn2DaysFilterFunctionality] [verifyingGetItIn2DaysFilterFunctionality] Within safeFindElements 
2025-12-01 06:24:39.690 PM [TestNG-test-Test-2] INFO  [verifyingGetItIn2DaysFilterFunctionality] [verifyingGetItIn2DaysFilterFunctionality] Returning the  [[[ChromeDriver: chrome on windows (88dbfb1e15572e0c8a1e3640aacecbf4)] -> xpath: //span[@class='a-size-base a-color-base puis-bold-weight-text' and text()='Delivery Day']/parent::div/following-sibling::ul//span[@class='a-size-base a-color-base' and text()='Get It in 2 Days']]] from the safeFindElements method
2025-12-01 06:24:39.712 PM [TestNG-test-Test-2] INFO  [verifyingGetItIn2DaysFilterFunctionality] [verifyingGetItIn2DaysFilterFunctionality] Within validateDeliveryFilterOptionsWithResult method
2025-12-01 06:24:39.712 PM [TestNG-test-Test-2] INFO  [verifyingGetItIn2DaysFilterFunctionality] [verifyingGetItIn2DaysFilterFunctionality] Within safeClick method
2025-12-01 06:24:39.901 PM [TestNG-test-Test-2] INFO  [verifyingGetItIn2DaysFilterFunctionality] [verifyingGetItIn2DaysFilterFunctionality] Clicked the  [[ChromeDriver: chrome on windows (88dbfb1e15572e0c8a1e3640aacecbf4)] -> xpath: //span[@class='a-size-base a-color-base puis-bold-weight-text' and text()='Delivery Day']/parent::div/following-sibling::ul//span[@class='a-size-base a-color-base' and text()='Get It in 2 Days']]   using safeClick
2025-12-01 06:24:41.902 PM [TestNG-test-Test-2] INFO  [verifyingGetItIn2DaysFilterFunctionality] [verifyingGetItIn2DaysFilterFunctionality] Within getMoreButtonByFilterTypeAndName method
2025-12-01 06:24:41.903 PM [TestNG-test-Test-2] INFO  [verifyingGetItIn2DaysFilterFunctionality] [verifyingGetItIn2DaysFilterFunctionality] Capturing screenshot: Filter Applied is Get It in 2 Days__2025-12-01_182441.png
2025-12-01 06:24:41.973 PM [TestNG-test-Test-2] INFO  [verifyingGetItIn2DaysFilterFunctionality] [verifyingGetItIn2DaysFilterFunctionality] Screenshot saved at: test-output/screenshots/Run_2025-12-01_18-06-50/verifyingGetItIn2DaysFilterFunctionality/Filter Applied is Get It in 2 Days__2025-12-01_182441.png
2025-12-01 06:24:41.973 PM [TestNG-test-Test-2] INFO  [verifyingGetItIn2DaysFilterFunctionality] [verifyingGetItIn2DaysFilterFunctionality] Clicked on By.xpath: //span[@class='a-size-base a-color-base puis-bold-weight-text' and text()='Delivery Day']/parent::div/following-sibling::ul//span[@class='a-size-base a-color-base' and text()='Get It in 2 Days']
2025-12-01 06:24:43.974 PM [TestNG-test-Test-2] INFO  [verifyingGetItIn2DaysFilterFunctionality] [verifyingGetItIn2DaysFilterFunctionality] Within safeFindElements 
2025-12-01 06:24:43.992 PM [TestNG-test-Test-2] INFO  [verifyingGetItIn2DaysFilterFunctionality] [verifyingGetItIn2DaysFilterFunctionality] Returning the  [[[ChromeDriver: chrome on windows (88dbfb1e15572e0c8a1e3640aacecbf4)] -> xpath: //div[@class='a-section a-spacing-small a-spacing-top-small']], [[ChromeDriver: chrome on windows (88dbfb1e15572e0c8a1e3640aacecbf4)] -> xpath: //div[@class='a-section a-spacing-small a-spacing-top-small']], [[ChromeDriver: chrome on windows (88dbfb1e15572e0c8a1e3640aacecbf4)] -> xpath: //div[@class='a-section a-spacing-small a-spacing-top-small']], [[ChromeDriver: chrome on windows (88dbfb1e15572e0c8a1e3640aacecbf4)] -> xpath: //div[@class='a-section a-spacing-small a-spacing-top-small']], [[ChromeDriver: chrome on windows (88dbfb1e15572e0c8a1e3640aacecbf4)] -> xpath: //div[@class='a-section a-spacing-small a-spacing-top-small']], [[ChromeDriver: chrome on windows (88dbfb1e15572e0c8a1e3640aacecbf4)] -> xpath: //div[@class='a-section a-spacing-small a-spacing-top-small']], [[ChromeDriver: chrome on windows (88dbfb1e15572e0c8a1e3640aacecbf4)] -> xpath: //div[@class='a-section a-spacing-small a-spacing-top-small']], [[ChromeDriver: chrome on windows (88dbfb1e15572e0c8a1e3640aacecbf4)] -> xpath: //div[@class='a-section a-spacing-small a-spacing-top-small']], [[ChromeDriver: chrome on windows (88dbfb1e15572e0c8a1e3640aacecbf4)] -> xpath: //div[@class='a-section a-spacing-small a-spacing-top-small']], [[ChromeDriver: chrome on windows (88dbfb1e15572e0c8a1e3640aacecbf4)] -> xpath: //div[@class='a-section a-spacing-small a-spacing-top-small']], [[ChromeDriver: chrome on windows (88dbfb1e15572e0c8a1e3640aacecbf4)] -> xpath: //div[@class='a-section a-spacing-small a-spacing-top-small']], [[ChromeDriver: chrome on windows (88dbfb1e15572e0c8a1e3640aacecbf4)] -> xpath: //div[@class='a-section a-spacing-small a-spacing-top-small']], [[ChromeDriver: chrome on windows (88dbfb1e15572e0c8a1e3640aacecbf4)] -> xpath: //div[@class='a-section a-spacing-small a-spacing-top-small']], [[ChromeDriver: chrome on windows (88dbfb1e15572e0c8a1e3640aacecbf4)] -> xpath: //div[@class='a-section a-spacing-small a-spacing-top-small']], [[ChromeDriver: chrome on windows (88dbfb1e15572e0c8a1e3640aacecbf4)] -> xpath: //div[@class='a-section a-spacing-small a-spacing-top-small']], [[ChromeDriver: chrome on windows (88dbfb1e15572e0c8a1e3640aacecbf4)] -> xpath: //div[@class='a-section a-spacing-small a-spacing-top-small']]] from the safeFindElements method
2025-12-01 06:24:44.009 PM [TestNG-test-Test-2] INFO  [verifyingGetItIn2DaysFilterFunctionality] [verifyingGetItIn2DaysFilterFunctionality] Created hashset with required data to assert with Within validateDeliveryFilterOptions method
2025-12-01 06:24:44.009 PM [TestNG-test-Test-2] INFO  [verifyingGetItIn2DaysFilterFunctionality] [verifyingGetItIn2DaysFilterFunctionality] this is the set  [01, 02, Today, Dec, Tue, Mon, Tomorrow]
2025-12-01 06:24:44.009 PM [TestNG-test-Test-2] INFO  [verifyingGetItIn2DaysFilterFunctionality] [verifyingGetItIn2DaysFilterFunctionality] Within deliveryElements loop iterating over the products  Within validateDeliveryFilterOptions method
2025-12-01 06:24:44.061 PM [TestNG-test-Test-2] INFO  [verifyingGetItIn2DaysFilterFunctionality] [verifyingGetItIn2DaysFilterFunctionality] Checking if the allowedDateParts have the assert text   Within validateDeliveryFilterOptions method
2025-12-01 06:24:44.064 PM [TestNG-test-Test-2] INFO  [verifyingGetItIn2DaysFilterFunctionality] [verifyingGetItIn2DaysFilterFunctionality] Within deliveryElements loop iterating over the products  Within validateDeliveryFilterOptions method
2025-12-01 06:24:44.116 PM [TestNG-test-Test-2] INFO  [verifyingGetItIn2DaysFilterFunctionality] [verifyingGetItIn2DaysFilterFunctionality] Checking if the allowedDateParts have the assert text   Within validateDeliveryFilterOptions method
2025-12-01 06:24:44.117 PM [TestNG-test-Test-2] INFO  [verifyingGetItIn2DaysFilterFunctionality] [verifyingGetItIn2DaysFilterFunctionality] Within deliveryElements loop iterating over the products  Within validateDeliveryFilterOptions method
2025-12-01 06:24:44.153 PM [TestNG-test-Test-2] INFO  [verifyingGetItIn2DaysFilterFunctionality] [verifyingGetItIn2DaysFilterFunctionality] Checking if the allowedDateParts have the assert text   Within validateDeliveryFilterOptions method
2025-12-01 06:24:44.153 PM [TestNG-test-Test-2] INFO  [verifyingGetItIn2DaysFilterFunctionality] [verifyingGetItIn2DaysFilterFunctionality] Within deliveryElements loop iterating over the products  Within validateDeliveryFilterOptions method
2025-12-01 06:24:44.185 PM [TestNG-test-Test-2] INFO  [verifyingGetItIn2DaysFilterFunctionality] [verifyingGetItIn2DaysFilterFunctionality] Checking if the allowedDateParts have the assert text   Within validateDeliveryFilterOptions method
2025-12-01 06:24:44.185 PM [TestNG-test-Test-2] INFO  [verifyingGetItIn2DaysFilterFunctionality] [verifyingGetItIn2DaysFilterFunctionality] Within deliveryElements loop iterating over the products  Within validateDeliveryFilterOptions method
2025-12-01 06:24:44.221 PM [TestNG-test-Test-2] INFO  [verifyingGetItIn2DaysFilterFunctionality] [verifyingGetItIn2DaysFilterFunctionality] Checking if the allowedDateParts have the assert text   Within validateDeliveryFilterOptions method
2025-12-01 06:24:44.222 PM [TestNG-test-Test-2] INFO  [verifyingGetItIn2DaysFilterFunctionality] [verifyingGetItIn2DaysFilterFunctionality] Within deliveryElements loop iterating over the products  Within validateDeliveryFilterOptions method
2025-12-01 06:24:44.249 PM [TestNG-test-Test-2] INFO  [verifyingGetItIn2DaysFilterFunctionality] [verifyingGetItIn2DaysFilterFunctionality] Checking if the allowedDateParts have the assert text   Within validateDeliveryFilterOptions method
2025-12-01 06:24:44.249 PM [TestNG-test-Test-2] INFO  [verifyingGetItIn2DaysFilterFunctionality] [verifyingGetItIn2DaysFilterFunctionality] Within deliveryElements loop iterating over the products  Within validateDeliveryFilterOptions method
2025-12-01 06:24:44.280 PM [TestNG-test-Test-2] INFO  [verifyingGetItIn2DaysFilterFunctionality] [verifyingGetItIn2DaysFilterFunctionality] Checking if the allowedDateParts have the assert text   Within validateDeliveryFilterOptions method
2025-12-01 06:24:44.280 PM [TestNG-test-Test-2] INFO  [verifyingGetItIn2DaysFilterFunctionality] [verifyingGetItIn2DaysFilterFunctionality] Within deliveryElements loop iterating over the products  Within validateDeliveryFilterOptions method
2025-12-01 06:24:44.312 PM [TestNG-test-Test-2] INFO  [verifyingGetItIn2DaysFilterFunctionality] [verifyingGetItIn2DaysFilterFunctionality] Checking if the allowedDateParts have the assert text   Within validateDeliveryFilterOptions method
2025-12-01 06:24:44.312 PM [TestNG-test-Test-2] INFO  [verifyingGetItIn2DaysFilterFunctionality] [verifyingGetItIn2DaysFilterFunctionality] Within deliveryElements loop iterating over the products  Within validateDeliveryFilterOptions method
2025-12-01 06:24:44.340 PM [TestNG-test-Test-2] INFO  [verifyingGetItIn2DaysFilterFunctionality] [verifyingGetItIn2DaysFilterFunctionality] Checking if the allowedDateParts have the assert text   Within validateDeliveryFilterOptions method
2025-12-01 06:24:44.340 PM [TestNG-test-Test-2] INFO  [verifyingGetItIn2DaysFilterFunctionality] [verifyingGetItIn2DaysFilterFunctionality] Within deliveryElements loop iterating over the products  Within validateDeliveryFilterOptions method
2025-12-01 06:24:44.379 PM [TestNG-test-Test-2] INFO  [verifyingGetItIn2DaysFilterFunctionality] [verifyingGetItIn2DaysFilterFunctionality] Checking if the allowedDateParts have the assert text   Within validateDeliveryFilterOptions method
2025-12-01 06:24:44.379 PM [TestNG-test-Test-2] INFO  [verifyingGetItIn2DaysFilterFunctionality] [verifyingGetItIn2DaysFilterFunctionality] Within deliveryElements loop iterating over the products  Within validateDeliveryFilterOptions method
2025-12-01 06:24:44.429 PM [TestNG-test-Test-2] INFO  [verifyingGetItIn2DaysFilterFunctionality] [verifyingGetItIn2DaysFilterFunctionality] Checking if the allowedDateParts have the assert text   Within validateDeliveryFilterOptions method
2025-12-01 06:24:44.429 PM [TestNG-test-Test-2] INFO  [verifyingGetItIn2DaysFilterFunctionality] [verifyingGetItIn2DaysFilterFunctionality] Within deliveryElements loop iterating over the products  Within validateDeliveryFilterOptions method
2025-12-01 06:24:44.459 PM [TestNG-test-Test-2] INFO  [verifyingGetItIn2DaysFilterFunctionality] [verifyingGetItIn2DaysFilterFunctionality] Checking if the allowedDateParts have the assert text   Within validateDeliveryFilterOptions method
2025-12-01 06:24:44.459 PM [TestNG-test-Test-2] INFO  [verifyingGetItIn2DaysFilterFunctionality] [verifyingGetItIn2DaysFilterFunctionality] Within deliveryElements loop iterating over the products  Within validateDeliveryFilterOptions method
2025-12-01 06:24:44.492 PM [TestNG-test-Test-2] INFO  [verifyingGetItIn2DaysFilterFunctionality] [verifyingGetItIn2DaysFilterFunctionality] Checking if the allowedDateParts have the assert text   Within validateDeliveryFilterOptions method
2025-12-01 06:24:44.492 PM [TestNG-test-Test-2] INFO  [verifyingGetItIn2DaysFilterFunctionality] [verifyingGetItIn2DaysFilterFunctionality] Within deliveryElements loop iterating over the products  Within validateDeliveryFilterOptions method
2025-12-01 06:24:44.517 PM [TestNG-test-Test-2] INFO  [verifyingGetItIn2DaysFilterFunctionality] [verifyingGetItIn2DaysFilterFunctionality] Checking if the allowedDateParts have the assert text   Within validateDeliveryFilterOptions method
2025-12-01 06:24:44.517 PM [TestNG-test-Test-2] INFO  [verifyingGetItIn2DaysFilterFunctionality] [verifyingGetItIn2DaysFilterFunctionality] Within deliveryElements loop iterating over the products  Within validateDeliveryFilterOptions method
2025-12-01 06:24:44.545 PM [TestNG-test-Test-2] INFO  [verifyingGetItIn2DaysFilterFunctionality] [verifyingGetItIn2DaysFilterFunctionality] Checking if the allowedDateParts have the assert text   Within validateDeliveryFilterOptions method
2025-12-01 06:24:44.545 PM [TestNG-test-Test-2] INFO  [verifyingGetItIn2DaysFilterFunctionality] [verifyingGetItIn2DaysFilterFunctionality] Within deliveryElements loop iterating over the products  Within validateDeliveryFilterOptions method
2025-12-01 06:24:44.571 PM [TestNG-test-Test-2] INFO  [verifyingGetItIn2DaysFilterFunctionality] [verifyingGetItIn2DaysFilterFunctionality] Checking if the allowedDateParts have the assert text   Within validateDeliveryFilterOptions method
2025-12-01 06:24:44.571 PM [TestNG-test-Test-2] INFO  [verifyingGetItIn2DaysFilterFunctionality] [verifyingGetItIn2DaysFilterFunctionality] Returning the list with boolean values   Within validateDeliveryFilterOptions method
2025-12-01 06:24:44.572 PM [TestNG-test-Test-2] INFO  [verifyingGetItIn2DaysFilterFunctionality] [verifyingGetItIn2DaysFilterFunctionality] Asserting delivery filter: isValid=true, index=-1, text=All the things are valid no errors
2025-12-01 06:24:44.578 PM [TestNG-test-Test-2] INFO  [verifyingGetItIn2DaysFilterFunctionality] ✅ Finished test method: verifyingGetItIn2DaysFilterFunctionality
2025-12-01 06:24:44.876 PM [TestNG-test-Test-2] INFO  [verifyingGetItIn2DaysFilterFunctionality] 🔹 Starting test method: verifyingGetItIn2DaysFilterFunctionality
2025-12-01 06:24:44.876 PM [TestNG-test-Test-2] INFO  [verifyingGetItIn2DaysFilterFunctionality] No existing WebDriver found for current thread. Initializing a new ChromeDriver...
2025-12-01 06:24:44.885 PM [TestNG-test-Test-2] INFO  [verifyingGetItIn2DaysFilterFunctionality] WebDriverManager: chromedriver setup OK
2025-12-01 06:24:46.016 PM [TestNG-test-Test-2] INFO  [verifyingGetItIn2DaysFilterFunctionality] ChromeDriver initialized successfully for thread: 35
2025-12-01 06:24:46.683 PM [TestNG-test-Test-2] INFO  [verifyingGetItIn2DaysFilterFunctionality] [verifyingGetItIn2DaysFilterFunctionality] Opening amazon Landing page
2025-12-01 06:24:49.998 PM [TestNG-test-Test-2] INFO  [verifyingGetItIn2DaysFilterFunctionality] [verifyingGetItIn2DaysFilterFunctionality] Giving input within the search bar
2025-12-01 06:24:49.999 PM [TestNG-test-Test-2] INFO  [verifyingGetItIn2DaysFilterFunctionality] [verifyingGetItIn2DaysFilterFunctionality] Within safeClick method
2025-12-01 06:24:51.967 PM [TestNG-test-Test-2] INFO  [verifyingGetItIn2DaysFilterFunctionality] [verifyingGetItIn2DaysFilterFunctionality] Clicked the  [[ChromeDriver: chrome on windows (fc98f9de65284466f5d4fc46577fbc08)] -> xpath: //input[@id='nav-search-submit-button']]   using safeClick
2025-12-01 06:24:51.967 PM [TestNG-test-Test-2] INFO  [verifyingGetItIn2DaysFilterFunctionality] [verifyingGetItIn2DaysFilterFunctionality] Clicking on the submit in the search bar
2025-12-01 06:24:52.097 PM [TestNG-test-Test-2] INFO  [verifyingGetItIn2DaysFilterFunctionality] [verifyingGetItIn2DaysFilterFunctionality] Waiting until element is visible in viewport
2025-12-01 06:25:02.406 PM [TestNG-test-Test-2] WARN  [verifyingGetItIn2DaysFilterFunctionality] [verifyingGetItIn2DaysFilterFunctionality]  Filter option 'Get It in 2 Days' does not exist. Skipping the test.
2025-12-01 06:25:02.410 PM [TestNG-test-Test-2] INFO  [verifyingGetItIn2DaysFilterFunctionality] ✅ Finished test method: verifyingGetItIn2DaysFilterFunctionality
2025-12-01 06:25:02.680 PM [TestNG-test-Test-2] INFO  [verifyingGetItIn2DaysFilterFunctionality] 🔹 Starting test method: verifyingGetItIn2DaysFilterFunctionality
2025-12-01 06:25:02.682 PM [TestNG-test-Test-2] INFO  [verifyingGetItIn2DaysFilterFunctionality] No existing WebDriver found for current thread. Initializing a new ChromeDriver...
2025-12-01 06:25:02.692 PM [TestNG-test-Test-2] INFO  [verifyingGetItIn2DaysFilterFunctionality] WebDriverManager: chromedriver setup OK
2025-12-01 06:25:03.795 PM [TestNG-test-Test-2] INFO  [verifyingGetItIn2DaysFilterFunctionality] ChromeDriver initialized successfully for thread: 35
2025-12-01 06:25:04.277 PM [TestNG-test-Test-2] INFO  [verifyingGetItIn2DaysFilterFunctionality] [verifyingGetItIn2DaysFilterFunctionality] Opening amazon Landing page
2025-12-01 06:25:08.556 PM [TestNG-test-Test-2] INFO  [verifyingGetItIn2DaysFilterFunctionality] [verifyingGetItIn2DaysFilterFunctionality] Giving input within the search bar
2025-12-01 06:25:08.556 PM [TestNG-test-Test-2] INFO  [verifyingGetItIn2DaysFilterFunctionality] [verifyingGetItIn2DaysFilterFunctionality] Within safeClick method
2025-12-01 06:25:10.330 PM [TestNG-test-Test-2] INFO  [verifyingGetItIn2DaysFilterFunctionality] [verifyingGetItIn2DaysFilterFunctionality] Clicked the  [[ChromeDriver: chrome on windows (0bdbf53ec6a339c278bd3583ec9ee0e1)] -> xpath: //input[@id='nav-search-submit-button']]   using safeClick
2025-12-01 06:25:10.330 PM [TestNG-test-Test-2] INFO  [verifyingGetItIn2DaysFilterFunctionality] [verifyingGetItIn2DaysFilterFunctionality] Clicking on the submit in the search bar
2025-12-01 06:25:10.452 PM [TestNG-test-Test-2] INFO  [verifyingGetItIn2DaysFilterFunctionality] [verifyingGetItIn2DaysFilterFunctionality] Waiting until element is visible in viewport
2025-12-01 06:25:10.482 PM [TestNG-test-Test-2] INFO  [verifyingGetItIn2DaysFilterFunctionality] [verifyingGetItIn2DaysFilterFunctionality] Within printFilterNamesOnly method
2025-12-01 06:25:10.482 PM [TestNG-test-Test-2] INFO  [verifyingGetItIn2DaysFilterFunctionality] [verifyingGetItIn2DaysFilterFunctionality] Within safeFindElements 
2025-12-01 06:25:10.493 PM [TestNG-test-Test-2] INFO  [verifyingGetItIn2DaysFilterFunctionality] [verifyingGetItIn2DaysFilterFunctionality] Returning the  [[[ChromeDriver: chrome on windows (0bdbf53ec6a339c278bd3583ec9ee0e1)] -> xpath: //span[@class='a-size-base a-color-base puis-bold-weight-text' and text()='Delivery Day']/parent::div/following-sibling::ul//span[@class='a-size-base a-color-base' and text()='Get It in 2 Days']]] from the safeFindElements method
2025-12-01 06:25:10.504 PM [TestNG-test-Test-2] INFO  [verifyingGetItIn2DaysFilterFunctionality] [verifyingGetItIn2DaysFilterFunctionality] Within validateDeliveryFilterOptionsWithResult method
2025-12-01 06:25:10.505 PM [TestNG-test-Test-2] INFO  [verifyingGetItIn2DaysFilterFunctionality] [verifyingGetItIn2DaysFilterFunctionality] Within safeClick method
2025-12-01 06:25:10.668 PM [TestNG-test-Test-2] INFO  [verifyingGetItIn2DaysFilterFunctionality] [verifyingGetItIn2DaysFilterFunctionality] Clicked the  [[ChromeDriver: chrome on windows (0bdbf53ec6a339c278bd3583ec9ee0e1)] -> xpath: //span[@class='a-size-base a-color-base puis-bold-weight-text' and text()='Delivery Day']/parent::div/following-sibling::ul//span[@class='a-size-base a-color-base' and text()='Get It in 2 Days']]   using safeClick
2025-12-01 06:25:12.670 PM [TestNG-test-Test-2] INFO  [verifyingGetItIn2DaysFilterFunctionality] [verifyingGetItIn2DaysFilterFunctionality] Within getMoreButtonByFilterTypeAndName method
2025-12-01 06:25:12.671 PM [TestNG-test-Test-2] INFO  [verifyingGetItIn2DaysFilterFunctionality] [verifyingGetItIn2DaysFilterFunctionality] Capturing screenshot: Filter Applied is Get It in 2 Days__2025-12-01_182512.png
2025-12-01 06:25:12.765 PM [TestNG-test-Test-2] INFO  [verifyingGetItIn2DaysFilterFunctionality] [verifyingGetItIn2DaysFilterFunctionality] Screenshot saved at: test-output/screenshots/Run_2025-12-01_18-06-50/verifyingGetItIn2DaysFilterFunctionality/Filter Applied is Get It in 2 Days__2025-12-01_182512.png
2025-12-01 06:25:12.765 PM [TestNG-test-Test-2] INFO  [verifyingGetItIn2DaysFilterFunctionality] [verifyingGetItIn2DaysFilterFunctionality] Clicked on By.xpath: //span[@class='a-size-base a-color-base puis-bold-weight-text' and text()='Delivery Day']/parent::div/following-sibling::ul//span[@class='a-size-base a-color-base' and text()='Get It in 2 Days']
2025-12-01 06:25:14.767 PM [TestNG-test-Test-2] INFO  [verifyingGetItIn2DaysFilterFunctionality] [verifyingGetItIn2DaysFilterFunctionality] Within safeFindElements 
2025-12-01 06:25:14.796 PM [TestNG-test-Test-2] INFO  [verifyingGetItIn2DaysFilterFunctionality] [verifyingGetItIn2DaysFilterFunctionality] Returning the  [[[ChromeDriver: chrome on windows (0bdbf53ec6a339c278bd3583ec9ee0e1)] -> xpath: //div[@class='a-section a-spacing-small a-spacing-top-small']], [[ChromeDriver: chrome on windows (0bdbf53ec6a339c278bd3583ec9ee0e1)] -> xpath: //div[@class='a-section a-spacing-small a-spacing-top-small']], [[ChromeDriver: chrome on windows (0bdbf53ec6a339c278bd3583ec9ee0e1)] -> xpath: //div[@class='a-section a-spacing-small a-spacing-top-small']], [[ChromeDriver: chrome on windows (0bdbf53ec6a339c278bd3583ec9ee0e1)] -> xpath: //div[@class='a-section a-spacing-small a-spacing-top-small']], [[ChromeDriver: chrome on windows (0bdbf53ec6a339c278bd3583ec9ee0e1)] -> xpath: //div[@class='a-section a-spacing-small a-spacing-top-small']], [[ChromeDriver: chrome on windows (0bdbf53ec6a339c278bd3583ec9ee0e1)] -> xpath: //div[@class='a-section a-spacing-small a-spacing-top-small']], [[ChromeDriver: chrome on windows (0bdbf53ec6a339c278bd3583ec9ee0e1)] -> xpath: //div[@class='a-section a-spacing-small a-spacing-top-small']], [[ChromeDriver: chrome on windows (0bdbf53ec6a339c278bd3583ec9ee0e1)] -> xpath: //div[@class='a-section a-spacing-small a-spacing-top-small']], [[ChromeDriver: chrome on windows (0bdbf53ec6a339c278bd3583ec9ee0e1)] -> xpath: //div[@class='a-section a-spacing-small a-spacing-top-small']], [[ChromeDriver: chrome on windows (0bdbf53ec6a339c278bd3583ec9ee0e1)] -> xpath: //div[@class='a-section a-spacing-small a-spacing-top-small']], [[ChromeDriver: chrome on windows (0bdbf53ec6a339c278bd3583ec9ee0e1)] -> xpath: //div[@class='a-section a-spacing-small a-spacing-top-small']], [[ChromeDriver: chrome on windows (0bdbf53ec6a339c278bd3583ec9ee0e1)] -> xpath: //div[@class='a-section a-spacing-small a-spacing-top-small']], [[ChromeDriver: chrome on windows (0bdbf53ec6a339c278bd3583ec9ee0e1)] -> xpath: //div[@class='a-section a-spacing-small a-spacing-top-small']], [[ChromeDriver: chrome on windows (0bdbf53ec6a339c278bd3583ec9ee0e1)] -> xpath: //div[@class='a-section a-spacing-small a-spacing-top-small']], [[ChromeDriver: chrome on windows (0bdbf53ec6a339c278bd3583ec9ee0e1)] -> xpath: //div[@class='a-section a-spacing-small a-spacing-top-small']], [[ChromeDriver: chrome on windows (0bdbf53ec6a339c278bd3583ec9ee0e1)] -> xpath: //div[@class='a-section a-spacing-small a-spacing-top-small']]] from the safeFindElements method
2025-12-01 06:25:14.797 PM [TestNG-test-Test-2] INFO  [verifyingGetItIn2DaysFilterFunctionality] [verifyingGetItIn2DaysFilterFunctionality] Created hashset with required data to assert with Within validateDeliveryFilterOptions method
2025-12-01 06:25:14.797 PM [TestNG-test-Test-2] INFO  [verifyingGetItIn2DaysFilterFunctionality] [verifyingGetItIn2DaysFilterFunctionality] this is the set  [01, 02, Today, Dec, Tue, Mon, Tomorrow]
2025-12-01 06:25:14.797 PM [TestNG-test-Test-2] INFO  [verifyingGetItIn2DaysFilterFunctionality] [verifyingGetItIn2DaysFilterFunctionality] Within deliveryElements loop iterating over the products  Within validateDeliveryFilterOptions method
2025-12-01 06:25:14.842 PM [TestNG-test-Test-2] INFO  [verifyingGetItIn2DaysFilterFunctionality] [verifyingGetItIn2DaysFilterFunctionality] Checking if the allowedDateParts have the assert text   Within validateDeliveryFilterOptions method
2025-12-01 06:25:14.842 PM [TestNG-test-Test-2] INFO  [verifyingGetItIn2DaysFilterFunctionality] [verifyingGetItIn2DaysFilterFunctionality] Within deliveryElements loop iterating over the products  Within validateDeliveryFilterOptions method
2025-12-01 06:25:14.925 PM [TestNG-test-Test-2] INFO  [verifyingGetItIn2DaysFilterFunctionality] [verifyingGetItIn2DaysFilterFunctionality] Checking if the allowedDateParts have the assert text   Within validateDeliveryFilterOptions method
2025-12-01 06:25:14.925 PM [TestNG-test-Test-2] INFO  [verifyingGetItIn2DaysFilterFunctionality] [verifyingGetItIn2DaysFilterFunctionality] Within deliveryElements loop iterating over the products  Within validateDeliveryFilterOptions method
2025-12-01 06:25:14.983 PM [TestNG-test-Test-2] INFO  [verifyingGetItIn2DaysFilterFunctionality] [verifyingGetItIn2DaysFilterFunctionality] Checking if the allowedDateParts have the assert text   Within validateDeliveryFilterOptions method
2025-12-01 06:25:14.983 PM [TestNG-test-Test-2] INFO  [verifyingGetItIn2DaysFilterFunctionality] [verifyingGetItIn2DaysFilterFunctionality] Within deliveryElements loop iterating over the products  Within validateDeliveryFilterOptions method
2025-12-01 06:25:15.023 PM [TestNG-test-Test-2] INFO  [verifyingGetItIn2DaysFilterFunctionality] [verifyingGetItIn2DaysFilterFunctionality] Checking if the allowedDateParts have the assert text   Within validateDeliveryFilterOptions method
2025-12-01 06:25:15.023 PM [TestNG-test-Test-2] INFO  [verifyingGetItIn2DaysFilterFunctionality] [verifyingGetItIn2DaysFilterFunctionality] Within deliveryElements loop iterating over the products  Within validateDeliveryFilterOptions method
2025-12-01 06:25:15.076 PM [TestNG-test-Test-2] INFO  [verifyingGetItIn2DaysFilterFunctionality] [verifyingGetItIn2DaysFilterFunctionality] Checking if the allowedDateParts have the assert text   Within validateDeliveryFilterOptions method
2025-12-01 06:25:15.077 PM [TestNG-test-Test-2] INFO  [verifyingGetItIn2DaysFilterFunctionality] [verifyingGetItIn2DaysFilterFunctionality] Within deliveryElements loop iterating over the products  Within validateDeliveryFilterOptions method
2025-12-01 06:25:15.117 PM [TestNG-test-Test-2] INFO  [verifyingGetItIn2DaysFilterFunctionality] [verifyingGetItIn2DaysFilterFunctionality] Checking if the allowedDateParts have the assert text   Within validateDeliveryFilterOptions method
2025-12-01 06:25:15.117 PM [TestNG-test-Test-2] INFO  [verifyingGetItIn2DaysFilterFunctionality] [verifyingGetItIn2DaysFilterFunctionality] Within deliveryElements loop iterating over the products  Within validateDeliveryFilterOptions method
2025-12-01 06:25:15.161 PM [TestNG-test-Test-2] INFO  [verifyingGetItIn2DaysFilterFunctionality] [verifyingGetItIn2DaysFilterFunctionality] Checking if the allowedDateParts have the assert text   Within validateDeliveryFilterOptions method
2025-12-01 06:25:15.162 PM [TestNG-test-Test-2] INFO  [verifyingGetItIn2DaysFilterFunctionality] [verifyingGetItIn2DaysFilterFunctionality] Within deliveryElements loop iterating over the products  Within validateDeliveryFilterOptions method
2025-12-01 06:25:15.206 PM [TestNG-test-Test-2] INFO  [verifyingGetItIn2DaysFilterFunctionality] [verifyingGetItIn2DaysFilterFunctionality] Checking if the allowedDateParts have the assert text   Within validateDeliveryFilterOptions method
2025-12-01 06:25:15.206 PM [TestNG-test-Test-2] INFO  [verifyingGetItIn2DaysFilterFunctionality] [verifyingGetItIn2DaysFilterFunctionality] Within deliveryElements loop iterating over the products  Within validateDeliveryFilterOptions method
2025-12-01 06:25:15.253 PM [TestNG-test-Test-2] INFO  [verifyingGetItIn2DaysFilterFunctionality] [verifyingGetItIn2DaysFilterFunctionality] Checking if the allowedDateParts have the assert text   Within validateDeliveryFilterOptions method
2025-12-01 06:25:15.253 PM [TestNG-test-Test-2] INFO  [verifyingGetItIn2DaysFilterFunctionality] [verifyingGetItIn2DaysFilterFunctionality] Within deliveryElements loop iterating over the products  Within validateDeliveryFilterOptions method
2025-12-01 06:25:15.295 PM [TestNG-test-Test-2] INFO  [verifyingGetItIn2DaysFilterFunctionality] [verifyingGetItIn2DaysFilterFunctionality] Checking if the allowedDateParts have the assert text   Within validateDeliveryFilterOptions method
2025-12-01 06:25:15.295 PM [TestNG-test-Test-2] INFO  [verifyingGetItIn2DaysFilterFunctionality] [verifyingGetItIn2DaysFilterFunctionality] Within deliveryElements loop iterating over the products  Within validateDeliveryFilterOptions method
2025-12-01 06:25:15.347 PM [TestNG-test-Test-2] INFO  [verifyingGetItIn2DaysFilterFunctionality] [verifyingGetItIn2DaysFilterFunctionality] Checking if the allowedDateParts have the assert text   Within validateDeliveryFilterOptions method
2025-12-01 06:25:15.347 PM [TestNG-test-Test-2] INFO  [verifyingGetItIn2DaysFilterFunctionality] [verifyingGetItIn2DaysFilterFunctionality] Within deliveryElements loop iterating over the products  Within validateDeliveryFilterOptions method
2025-12-01 06:25:15.392 PM [TestNG-test-Test-2] INFO  [verifyingGetItIn2DaysFilterFunctionality] [verifyingGetItIn2DaysFilterFunctionality] Checking if the allowedDateParts have the assert text   Within validateDeliveryFilterOptions method
2025-12-01 06:25:15.393 PM [TestNG-test-Test-2] INFO  [verifyingGetItIn2DaysFilterFunctionality] [verifyingGetItIn2DaysFilterFunctionality] Within deliveryElements loop iterating over the products  Within validateDeliveryFilterOptions method
2025-12-01 06:25:15.435 PM [TestNG-test-Test-2] INFO  [verifyingGetItIn2DaysFilterFunctionality] [verifyingGetItIn2DaysFilterFunctionality] Checking if the allowedDateParts have the assert text   Within validateDeliveryFilterOptions method
2025-12-01 06:25:15.435 PM [TestNG-test-Test-2] INFO  [verifyingGetItIn2DaysFilterFunctionality] [verifyingGetItIn2DaysFilterFunctionality] Within deliveryElements loop iterating over the products  Within validateDeliveryFilterOptions method
2025-12-01 06:25:15.478 PM [TestNG-test-Test-2] INFO  [verifyingGetItIn2DaysFilterFunctionality] [verifyingGetItIn2DaysFilterFunctionality] Checking if the allowedDateParts have the assert text   Within validateDeliveryFilterOptions method
2025-12-01 06:25:15.478 PM [TestNG-test-Test-2] INFO  [verifyingGetItIn2DaysFilterFunctionality] [verifyingGetItIn2DaysFilterFunctionality] Within deliveryElements loop iterating over the products  Within validateDeliveryFilterOptions method
2025-12-01 06:25:15.503 PM [TestNG-test-Test-2] INFO  [verifyingGetItIn2DaysFilterFunctionality] [verifyingGetItIn2DaysFilterFunctionality] Assert text not found wihtin AllowedDateParts
2025-12-01 06:25:15.504 PM [TestNG-test-Test-2] INFO  [verifyingGetItIn2DaysFilterFunctionality] [verifyingGetItIn2DaysFilterFunctionality] Asserting delivery filter: isValid=false, index=14, text=Digitek (DDUD 64G V3.0) Metal Body 64GB Storage 3.0V Dual Drive Flash Drive, USB-A & Type-C, Pen Drive, Magnetic, X-Ray & Temperature Resistant, Use with Smartphones, Tablets, Macs & USB-A Computers
3.5
(354)
400+ bought in past month
Currently unavailable.
See options
2025-12-01 06:25:15.523 PM [TestNG-test-Test-2] INFO  [verifyingGetItIn2DaysFilterFunctionality] ✅ Finished test method: verifyingGetItIn2DaysFilterFunctionality
