20:15:49 [TestNG-test-Test-3] INFO  verifyingGetItIn2DaysFilterFunctionality_Tablet_20-15-49 - No existing WebDriver found for current thread. Initializing a new ChromeDriver...
20:15:49 [TestNG-test-Test-3] INFO  verifyingGetItIn2DaysFilterFunctionality_Tablet_20-15-49 - WebDriverManager: chromedriver setup OK
20:15:50 [TestNG-test-Test-3] INFO  verifyingGetItIn2DaysFilterFunctionality_Tablet_20-15-49 - ChromeDriver initialized successfully for thread: 36
20:15:51 [TestNG-test-Test-3] INFO  verifyingGetItIn2DaysFilterFunctionality_Tablet_20-15-49 - [verifyingGetItIn2DaysFilterFunctionality_Tablet_20-15-49] Opening amazon Landing page
20:15:51 [TestNG-test-Test-3] INFO  verifyingGetItIn2DaysFilterFunctionality_Tablet_20-15-49 - [verifyingGetItIn2DaysFilterFunctionality_Tablet_20-15-49] Within safeFindElement method
20:15:56 [TestNG-test-Test-3] INFO  verifyingGetItIn2DaysFilterFunctionality_Tablet_20-15-49 - [verifyingGetItIn2DaysFilterFunctionality_Tablet_20-15-49]Retrying findElement for: ->By.xpath: //a[@id='nav-logo-sprites']
20:15:56 [TestNG-test-Test-3] INFO  verifyingGetItIn2DaysFilterFunctionality_Tablet_20-15-49 - [verifyingGetItIn2DaysFilterFunctionality_Tablet_20-15-49]Refrehsing the page , while trying to safely find : ->By.xpath: //a[@id='nav-logo-sprites']
20:16:01 [TestNG-test-Test-3] INFO  verifyingGetItIn2DaysFilterFunctionality_Tablet_20-15-49 - [verifyingGetItIn2DaysFilterFunctionality_Tablet_20-15-49]Retrying findElement for: ->By.xpath: //a[@id='nav-logo-sprites']
20:16:03 [TestNG-test-Test-3] INFO  verifyingGetItIn2DaysFilterFunctionality_Tablet_20-15-49 - [verifyingGetItIn2DaysFilterFunctionality_Tablet_20-15-49]Refrehsing the page , while trying to safely find : ->By.xpath: //a[@id='nav-logo-sprites']
20:16:03 [TestNG-test-Test-3] INFO  verifyingGetItIn2DaysFilterFunctionality_Tablet_20-15-49 - [verifyingGetItIn2DaysFilterFunctionality_Tablet_20-15-49] Skipping action: Element not found after 2   attemps
20:16:03 [TestNG-test-Test-3] INFO  verifyingGetItIn2DaysFilterFunctionality_Tablet_20-15-49 - [verifyingGetItIn2DaysFilterFunctionality_Tablet_20-15-49] Giving input within the search bar
20:16:03 [TestNG-test-Test-3] INFO  verifyingGetItIn2DaysFilterFunctionality_Tablet_20-15-49 - [verifyingGetItIn2DaysFilterFunctionality_Tablet_20-15-49] Within safeClick method
20:16:06 [TestNG-test-Test-3] INFO  verifyingGetItIn2DaysFilterFunctionality_Tablet_20-15-49 - [verifyingGetItIn2DaysFilterFunctionality_Tablet_20-15-49] Clicked the  [[ChromeDriver: chrome on windows (b745f16e5ae25ef67aa8be3ddea752a3)] -> xpath: //input[@id='nav-search-submit-button']]   using safeClick
20:16:06 [TestNG-test-Test-3] INFO  verifyingGetItIn2DaysFilterFunctionality_Tablet_20-15-49 - [verifyingGetItIn2DaysFilterFunctionality_Tablet_20-15-49] Clicking on the submit in the search bar
20:16:06 [TestNG-test-Test-3] INFO  verifyingGetItIn2DaysFilterFunctionality_Tablet_20-15-49 - [verifyingGetItIn2DaysFilterFunctionality_Tablet_20-15-49] Waiting until element is visible in viewport
20:16:06 [TestNG-test-Test-3] INFO  verifyingGetItIn2DaysFilterFunctionality_Tablet_20-15-49 - [verifyingGetItIn2DaysFilterFunctionality_Tablet_20-15-49] Within validateDeliveryFilterOptionsWithResult method
20:16:06 [TestNG-test-Test-3] INFO  verifyingGetItIn2DaysFilterFunctionality_Tablet_20-15-49 - [verifyingGetItIn2DaysFilterFunctionality_Tablet_20-15-49] Within safeClick method
20:16:06 [TestNG-test-Test-3] INFO  verifyingGetItIn2DaysFilterFunctionality_Tablet_20-15-49 - [verifyingGetItIn2DaysFilterFunctionality_Tablet_20-15-49] Clicked the  [[ChromeDriver: chrome on windows (b745f16e5ae25ef67aa8be3ddea752a3)] -> xpath: //span[@class='a-size-base a-color-base puis-bold-weight-text' and text()='Delivery Day']/parent::div/following-sibling::ul//span[@class='a-size-base a-color-base' and text()='Get It in 2 Days']]   using safeClick
20:16:06 [TestNG-test-Test-3] INFO  verifyingGetItIn2DaysFilterFunctionality_Tablet_20-15-49 - [verifyingGetItIn2DaysFilterFunctionality_Tablet_20-15-49] Within getMoreButtonByFilterTypeAndName method
20:16:06 [TestNG-test-Test-3] INFO  verifyingGetItIn2DaysFilterFunctionality_Tablet_20-15-49 - [verifyingGetItIn2DaysFilterFunctionality_Tablet_20-15-49] Clicked on By.xpath: //span[@class='a-size-base a-color-base puis-bold-weight-text' and text()='Delivery Day']/parent::div/following-sibling::ul//span[@class='a-size-base a-color-base' and text()='Get It in 2 Days']
20:16:06 [TestNG-test-Test-3] INFO  verifyingGetItIn2DaysFilterFunctionality_Tablet_20-15-49 - [verifyingGetItIn2DaysFilterFunctionality_Tablet_20-15-49] Within safeFindElements 
20:16:07 [TestNG-test-Test-3] INFO  verifyingGetItIn2DaysFilterFunctionality_Tablet_20-15-49 - [verifyingGetItIn2DaysFilterFunctionality_Tablet_20-15-49] Returning the  [[[ChromeDriver: chrome on windows (b745f16e5ae25ef67aa8be3ddea752a3)] -> xpath: //div[@class='a-section a-spacing-small a-spacing-top-small']], [[ChromeDriver: chrome on windows (b745f16e5ae25ef67aa8be3ddea752a3)] -> xpath: //div[@class='a-section a-spacing-small a-spacing-top-small']], [[ChromeDriver: chrome on windows (b745f16e5ae25ef67aa8be3ddea752a3)] -> xpath: //div[@class='a-section a-spacing-small a-spacing-top-small']], [[ChromeDriver: chrome on windows (b745f16e5ae25ef67aa8be3ddea752a3)] -> xpath: //div[@class='a-section a-spacing-small a-spacing-top-small']], [[ChromeDriver: chrome on windows (b745f16e5ae25ef67aa8be3ddea752a3)] -> xpath: //div[@class='a-section a-spacing-small a-spacing-top-small']], [[ChromeDriver: chrome on windows (b745f16e5ae25ef67aa8be3ddea752a3)] -> xpath: //div[@class='a-section a-spacing-small a-spacing-top-small']], [[ChromeDriver: chrome on windows (b745f16e5ae25ef67aa8be3ddea752a3)] -> xpath: //div[@class='a-section a-spacing-small a-spacing-top-small']], [[ChromeDriver: chrome on windows (b745f16e5ae25ef67aa8be3ddea752a3)] -> xpath: //div[@class='a-section a-spacing-small a-spacing-top-small']], [[ChromeDriver: chrome on windows (b745f16e5ae25ef67aa8be3ddea752a3)] -> xpath: //div[@class='a-section a-spacing-small a-spacing-top-small']], [[ChromeDriver: chrome on windows (b745f16e5ae25ef67aa8be3ddea752a3)] -> xpath: //div[@class='a-section a-spacing-small a-spacing-top-small']], [[ChromeDriver: chrome on windows (b745f16e5ae25ef67aa8be3ddea752a3)] -> xpath: //div[@class='a-section a-spacing-small a-spacing-top-small']], [[ChromeDriver: chrome on windows (b745f16e5ae25ef67aa8be3ddea752a3)] -> xpath: //div[@class='a-section a-spacing-small a-spacing-top-small']], [[ChromeDriver: chrome on windows (b745f16e5ae25ef67aa8be3ddea752a3)] -> xpath: //div[@class='a-section a-spacing-small a-spacing-top-small']], [[ChromeDriver: chrome on windows (b745f16e5ae25ef67aa8be3ddea752a3)] -> xpath: //div[@class='a-section a-spacing-small a-spacing-top-small']], [[ChromeDriver: chrome on windows (b745f16e5ae25ef67aa8be3ddea752a3)] -> xpath: //div[@class='a-section a-spacing-small a-spacing-top-small']], [[ChromeDriver: chrome on windows (b745f16e5ae25ef67aa8be3ddea752a3)] -> xpath: //div[@class='a-section a-spacing-small a-spacing-top-small']]] from the safeFindElements method
20:16:07 [TestNG-test-Test-3] INFO  verifyingGetItIn2DaysFilterFunctionality_Tablet_20-15-49 - [verifyingGetItIn2DaysFilterFunctionality_Tablet_20-15-49] Created hashset with required data to assert with Within validateDeliveryFilterOptions method
20:16:07 [TestNG-test-Test-3] INFO  verifyingGetItIn2DaysFilterFunctionality_Tablet_20-15-49 - [verifyingGetItIn2DaysFilterFunctionality_Tablet_20-15-49] this is the set  [Thu, 13, Today, 14, May, FREE delivery, Wed, Tomorrow]
20:16:07 [TestNG-test-Test-3] INFO  verifyingGetItIn2DaysFilterFunctionality_Tablet_20-15-49 - [verifyingGetItIn2DaysFilterFunctionality_Tablet_20-15-49] Within deliveryElements loop iterating over the products  Within validateDeliveryFilterOptions method
20:16:07 [TestNG-test-Test-3] INFO  verifyingGetItIn2DaysFilterFunctionality_Tablet_20-15-49 - [verifyingGetItIn2DaysFilterFunctionality_Tablet_20-15-49] Checking if the allowedDateParts have the assert text   Within validateDeliveryFilterOptions method
20:16:07 [TestNG-test-Test-3] INFO  verifyingGetItIn2DaysFilterFunctionality_Tablet_20-15-49 - [verifyingGetItIn2DaysFilterFunctionality_Tablet_20-15-49] Within deliveryElements loop iterating over the products  Within validateDeliveryFilterOptions method
20:16:07 [TestNG-test-Test-3] INFO  verifyingGetItIn2DaysFilterFunctionality_Tablet_20-15-49 - [verifyingGetItIn2DaysFilterFunctionality_Tablet_20-15-49] Checking if the allowedDateParts have the assert text   Within validateDeliveryFilterOptions method
20:16:07 [TestNG-test-Test-3] INFO  verifyingGetItIn2DaysFilterFunctionality_Tablet_20-15-49 - [verifyingGetItIn2DaysFilterFunctionality_Tablet_20-15-49] Within deliveryElements loop iterating over the products  Within validateDeliveryFilterOptions method
20:16:07 [TestNG-test-Test-3] INFO  verifyingGetItIn2DaysFilterFunctionality_Tablet_20-15-49 - [verifyingGetItIn2DaysFilterFunctionality_Tablet_20-15-49] Checking if the allowedDateParts have the assert text   Within validateDeliveryFilterOptions method
20:16:07 [TestNG-test-Test-3] INFO  verifyingGetItIn2DaysFilterFunctionality_Tablet_20-15-49 - [verifyingGetItIn2DaysFilterFunctionality_Tablet_20-15-49] Within deliveryElements loop iterating over the products  Within validateDeliveryFilterOptions method
20:16:07 [TestNG-test-Test-3] INFO  verifyingGetItIn2DaysFilterFunctionality_Tablet_20-15-49 - [verifyingGetItIn2DaysFilterFunctionality_Tablet_20-15-49] Checking if the allowedDateParts have the assert text   Within validateDeliveryFilterOptions method
20:16:07 [TestNG-test-Test-3] INFO  verifyingGetItIn2DaysFilterFunctionality_Tablet_20-15-49 - [verifyingGetItIn2DaysFilterFunctionality_Tablet_20-15-49] Within deliveryElements loop iterating over the products  Within validateDeliveryFilterOptions method
20:16:07 [TestNG-test-Test-3] INFO  verifyingGetItIn2DaysFilterFunctionality_Tablet_20-15-49 - [verifyingGetItIn2DaysFilterFunctionality_Tablet_20-15-49] Checking if the allowedDateParts have the assert text   Within validateDeliveryFilterOptions method
20:16:07 [TestNG-test-Test-3] INFO  verifyingGetItIn2DaysFilterFunctionality_Tablet_20-15-49 - [verifyingGetItIn2DaysFilterFunctionality_Tablet_20-15-49] Within deliveryElements loop iterating over the products  Within validateDeliveryFilterOptions method
20:16:07 [TestNG-test-Test-3] INFO  verifyingGetItIn2DaysFilterFunctionality_Tablet_20-15-49 - [verifyingGetItIn2DaysFilterFunctionality_Tablet_20-15-49] Checking if the allowedDateParts have the assert text   Within validateDeliveryFilterOptions method
20:16:07 [TestNG-test-Test-3] INFO  verifyingGetItIn2DaysFilterFunctionality_Tablet_20-15-49 - [verifyingGetItIn2DaysFilterFunctionality_Tablet_20-15-49] Within deliveryElements loop iterating over the products  Within validateDeliveryFilterOptions method
20:16:07 [TestNG-test-Test-3] INFO  verifyingGetItIn2DaysFilterFunctionality_Tablet_20-15-49 - [verifyingGetItIn2DaysFilterFunctionality_Tablet_20-15-49] Checking if the allowedDateParts have the assert text   Within validateDeliveryFilterOptions method
20:16:07 [TestNG-test-Test-3] INFO  verifyingGetItIn2DaysFilterFunctionality_Tablet_20-15-49 - [verifyingGetItIn2DaysFilterFunctionality_Tablet_20-15-49] Within deliveryElements loop iterating over the products  Within validateDeliveryFilterOptions method
20:16:07 [TestNG-test-Test-3] INFO  verifyingGetItIn2DaysFilterFunctionality_Tablet_20-15-49 - [verifyingGetItIn2DaysFilterFunctionality_Tablet_20-15-49] Checking if the allowedDateParts have the assert text   Within validateDeliveryFilterOptions method
20:16:07 [TestNG-test-Test-3] INFO  verifyingGetItIn2DaysFilterFunctionality_Tablet_20-15-49 - [verifyingGetItIn2DaysFilterFunctionality_Tablet_20-15-49] Within deliveryElements loop iterating over the products  Within validateDeliveryFilterOptions method
20:16:07 [TestNG-test-Test-3] INFO  verifyingGetItIn2DaysFilterFunctionality_Tablet_20-15-49 - [verifyingGetItIn2DaysFilterFunctionality_Tablet_20-15-49] Checking if the allowedDateParts have the assert text   Within validateDeliveryFilterOptions method
20:16:07 [TestNG-test-Test-3] INFO  verifyingGetItIn2DaysFilterFunctionality_Tablet_20-15-49 - [verifyingGetItIn2DaysFilterFunctionality_Tablet_20-15-49] Within deliveryElements loop iterating over the products  Within validateDeliveryFilterOptions method
20:16:07 [TestNG-test-Test-3] INFO  verifyingGetItIn2DaysFilterFunctionality_Tablet_20-15-49 - [verifyingGetItIn2DaysFilterFunctionality_Tablet_20-15-49] Checking if the allowedDateParts have the assert text   Within validateDeliveryFilterOptions method
20:16:07 [TestNG-test-Test-3] INFO  verifyingGetItIn2DaysFilterFunctionality_Tablet_20-15-49 - [verifyingGetItIn2DaysFilterFunctionality_Tablet_20-15-49] Within deliveryElements loop iterating over the products  Within validateDeliveryFilterOptions method
20:16:07 [TestNG-test-Test-3] INFO  verifyingGetItIn2DaysFilterFunctionality_Tablet_20-15-49 - [verifyingGetItIn2DaysFilterFunctionality_Tablet_20-15-49] Checking if the allowedDateParts have the assert text   Within validateDeliveryFilterOptions method
20:16:07 [TestNG-test-Test-3] INFO  verifyingGetItIn2DaysFilterFunctionality_Tablet_20-15-49 - [verifyingGetItIn2DaysFilterFunctionality_Tablet_20-15-49] Within deliveryElements loop iterating over the products  Within validateDeliveryFilterOptions method
20:16:07 [TestNG-test-Test-3] INFO  verifyingGetItIn2DaysFilterFunctionality_Tablet_20-15-49 - [verifyingGetItIn2DaysFilterFunctionality_Tablet_20-15-49] Checking if the allowedDateParts have the assert text   Within validateDeliveryFilterOptions method
20:16:07 [TestNG-test-Test-3] INFO  verifyingGetItIn2DaysFilterFunctionality_Tablet_20-15-49 - [verifyingGetItIn2DaysFilterFunctionality_Tablet_20-15-49] Within deliveryElements loop iterating over the products  Within validateDeliveryFilterOptions method
20:16:07 [TestNG-test-Test-3] INFO  verifyingGetItIn2DaysFilterFunctionality_Tablet_20-15-49 - [verifyingGetItIn2DaysFilterFunctionality_Tablet_20-15-49] Checking if the allowedDateParts have the assert text   Within validateDeliveryFilterOptions method
20:16:07 [TestNG-test-Test-3] INFO  verifyingGetItIn2DaysFilterFunctionality_Tablet_20-15-49 - [verifyingGetItIn2DaysFilterFunctionality_Tablet_20-15-49] Within deliveryElements loop iterating over the products  Within validateDeliveryFilterOptions method
20:16:07 [TestNG-test-Test-3] INFO  verifyingGetItIn2DaysFilterFunctionality_Tablet_20-15-49 - [verifyingGetItIn2DaysFilterFunctionality_Tablet_20-15-49] Checking if the allowedDateParts have the assert text   Within validateDeliveryFilterOptions method
20:16:07 [TestNG-test-Test-3] INFO  verifyingGetItIn2DaysFilterFunctionality_Tablet_20-15-49 - [verifyingGetItIn2DaysFilterFunctionality_Tablet_20-15-49] Within deliveryElements loop iterating over the products  Within validateDeliveryFilterOptions method
20:16:08 [TestNG-test-Test-3] INFO  verifyingGetItIn2DaysFilterFunctionality_Tablet_20-15-49 - [verifyingGetItIn2DaysFilterFunctionality_Tablet_20-15-49] Checking if the allowedDateParts have the assert text   Within validateDeliveryFilterOptions method
20:16:08 [TestNG-test-Test-3] INFO  verifyingGetItIn2DaysFilterFunctionality_Tablet_20-15-49 - [verifyingGetItIn2DaysFilterFunctionality_Tablet_20-15-49] Within deliveryElements loop iterating over the products  Within validateDeliveryFilterOptions method
20:16:08 [TestNG-test-Test-3] INFO  verifyingGetItIn2DaysFilterFunctionality_Tablet_20-15-49 - [verifyingGetItIn2DaysFilterFunctionality_Tablet_20-15-49] Checking if the allowedDateParts have the assert text   Within validateDeliveryFilterOptions method
20:16:08 [TestNG-test-Test-3] INFO  verifyingGetItIn2DaysFilterFunctionality_Tablet_20-15-49 - [verifyingGetItIn2DaysFilterFunctionality_Tablet_20-15-49] Returning the list with boolean values   Within validateDeliveryFilterOptions method
20:16:08 [TestNG-test-Test-3] INFO  verifyingGetItIn2DaysFilterFunctionality_Tablet_20-15-49 - [verifyingGetItIn2DaysFilterFunctionality_Tablet_20-15-49] Asserting delivery filter: isValid=true, index=-1, text=All the things are valid no errors
