22:02:40 [TestNG-test-Test-3] INFO  verifyingGetItByTomorrowFilterFunctionality_Mobile_22-02-40 - No existing WebDriver found for current thread. Initializing a new ChromeDriver...
22:02:40 [TestNG-test-Test-3] INFO  verifyingGetItByTomorrowFilterFunctionality_Mobile_22-02-40 - WebDriverManager: chromedriver setup OK
22:02:42 [TestNG-test-Test-3] INFO  verifyingGetItByTomorrowFilterFunctionality_Mobile_22-02-40 - ChromeDriver initialized successfully for thread: 36
22:02:43 [TestNG-test-Test-3] INFO  verifyingGetItByTomorrowFilterFunctionality_Mobile_22-02-40 - [verifyingGetItByTomorrowFilterFunctionality_Mobile_22-02-40] Opening amazon Landing page
22:02:43 [TestNG-test-Test-3] INFO  verifyingGetItByTomorrowFilterFunctionality_Mobile_22-02-40 - [verifyingGetItByTomorrowFilterFunctionality_Mobile_22-02-40] Within safeFindElement method
22:02:48 [TestNG-test-Test-3] INFO  verifyingGetItByTomorrowFilterFunctionality_Mobile_22-02-40 - [verifyingGetItByTomorrowFilterFunctionality_Mobile_22-02-40]Retrying findElement for: ->By.xpath: //a[@id='nav-logo-sprites']
22:02:49 [TestNG-test-Test-3] INFO  verifyingGetItByTomorrowFilterFunctionality_Mobile_22-02-40 - [verifyingGetItByTomorrowFilterFunctionality_Mobile_22-02-40]Refrehsing the page , while trying to safely find : ->By.xpath: //a[@id='nav-logo-sprites']
22:02:54 [TestNG-test-Test-3] INFO  verifyingGetItByTomorrowFilterFunctionality_Mobile_22-02-40 - [verifyingGetItByTomorrowFilterFunctionality_Mobile_22-02-40]Retrying findElement for: ->By.xpath: //a[@id='nav-logo-sprites']
22:02:56 [TestNG-test-Test-3] INFO  verifyingGetItByTomorrowFilterFunctionality_Mobile_22-02-40 - [verifyingGetItByTomorrowFilterFunctionality_Mobile_22-02-40]Refrehsing the page , while trying to safely find : ->By.xpath: //a[@id='nav-logo-sprites']
22:02:56 [TestNG-test-Test-3] INFO  verifyingGetItByTomorrowFilterFunctionality_Mobile_22-02-40 - [verifyingGetItByTomorrowFilterFunctionality_Mobile_22-02-40] Skipping action: Element not found after 2   attemps
22:02:57 [TestNG-test-Test-3] INFO  verifyingGetItByTomorrowFilterFunctionality_Mobile_22-02-40 - [verifyingGetItByTomorrowFilterFunctionality_Mobile_22-02-40] Giving input within the search bar
22:02:57 [TestNG-test-Test-3] INFO  verifyingGetItByTomorrowFilterFunctionality_Mobile_22-02-40 - [verifyingGetItByTomorrowFilterFunctionality_Mobile_22-02-40] Within safeClick method
22:02:59 [TestNG-test-Test-3] INFO  verifyingGetItByTomorrowFilterFunctionality_Mobile_22-02-40 - [verifyingGetItByTomorrowFilterFunctionality_Mobile_22-02-40] Clicked the  [[ChromeDriver: chrome on windows (f7ebc3fff8f6a905a0ba2abf9ef669ba)] -> xpath: //input[@id='nav-search-submit-button']]   using safeClick
22:02:59 [TestNG-test-Test-3] INFO  verifyingGetItByTomorrowFilterFunctionality_Mobile_22-02-40 - [verifyingGetItByTomorrowFilterFunctionality_Mobile_22-02-40] Clicking on the submit in the search bar
22:03:00 [TestNG-test-Test-3] INFO  verifyingGetItByTomorrowFilterFunctionality_Mobile_22-02-40 - [verifyingGetItByTomorrowFilterFunctionality_Mobile_22-02-40] Waiting until element is visible in viewport
22:03:00 [TestNG-test-Test-3] INFO  verifyingGetItByTomorrowFilterFunctionality_Mobile_22-02-40 - [verifyingGetItByTomorrowFilterFunctionality_Mobile_22-02-40] Within validateDeliveryFilterOptionsWithResult method
22:03:00 [TestNG-test-Test-3] INFO  verifyingGetItByTomorrowFilterFunctionality_Mobile_22-02-40 - [verifyingGetItByTomorrowFilterFunctionality_Mobile_22-02-40] Within safeClick method
22:03:00 [TestNG-test-Test-3] INFO  verifyingGetItByTomorrowFilterFunctionality_Mobile_22-02-40 - [verifyingGetItByTomorrowFilterFunctionality_Mobile_22-02-40] Clicked the  [[ChromeDriver: chrome on windows (f7ebc3fff8f6a905a0ba2abf9ef669ba)] -> xpath: //span[@class='a-size-base a-color-base puis-bold-weight-text' and text()='Delivery Day']/parent::div/following-sibling::ul//span[@class='a-size-base a-color-base' and text()='Get It by Tomorrow']]   using safeClick
22:03:00 [TestNG-test-Test-3] INFO  verifyingGetItByTomorrowFilterFunctionality_Mobile_22-02-40 - [verifyingGetItByTomorrowFilterFunctionality_Mobile_22-02-40] Within getMoreButtonByFilterTypeAndName method
22:03:00 [TestNG-test-Test-3] INFO  verifyingGetItByTomorrowFilterFunctionality_Mobile_22-02-40 - [verifyingGetItByTomorrowFilterFunctionality_Mobile_22-02-40] Clicked on By.xpath: //span[@class='a-size-base a-color-base puis-bold-weight-text' and text()='Delivery Day']/parent::div/following-sibling::ul//span[@class='a-size-base a-color-base' and text()='Get It by Tomorrow']
22:03:00 [TestNG-test-Test-3] INFO  verifyingGetItByTomorrowFilterFunctionality_Mobile_22-02-40 - [verifyingGetItByTomorrowFilterFunctionality_Mobile_22-02-40] Within safeFindElements 
22:03:01 [TestNG-test-Test-3] INFO  verifyingGetItByTomorrowFilterFunctionality_Mobile_22-02-40 - [verifyingGetItByTomorrowFilterFunctionality_Mobile_22-02-40] Returning the  [[[ChromeDriver: chrome on windows (f7ebc3fff8f6a905a0ba2abf9ef669ba)] -> xpath: //div[@class='a-section a-spacing-small a-spacing-top-small']], [[ChromeDriver: chrome on windows (f7ebc3fff8f6a905a0ba2abf9ef669ba)] -> xpath: //div[@class='a-section a-spacing-small a-spacing-top-small']], [[ChromeDriver: chrome on windows (f7ebc3fff8f6a905a0ba2abf9ef669ba)] -> xpath: //div[@class='a-section a-spacing-small a-spacing-top-small']], [[ChromeDriver: chrome on windows (f7ebc3fff8f6a905a0ba2abf9ef669ba)] -> xpath: //div[@class='a-section a-spacing-small a-spacing-top-small']]] from the safeFindElements method
22:03:01 [TestNG-test-Test-3] INFO  verifyingGetItByTomorrowFilterFunctionality_Mobile_22-02-40 - [verifyingGetItByTomorrowFilterFunctionality_Mobile_22-02-40] Created hashset with required data to assert with Within validateDeliveryFilterOptions method
22:03:01 [TestNG-test-Test-3] INFO  verifyingGetItByTomorrowFilterFunctionality_Mobile_22-02-40 - [verifyingGetItByTomorrowFilterFunctionality_Mobile_22-02-40] this is the set  [01, Jun, 02, Today, Tue, FREE delivery, Mon, Tomorrow]
22:03:01 [TestNG-test-Test-3] INFO  verifyingGetItByTomorrowFilterFunctionality_Mobile_22-02-40 - [verifyingGetItByTomorrowFilterFunctionality_Mobile_22-02-40] Within deliveryElements loop iterating over the products  Within validateDeliveryFilterOptions method
22:03:01 [TestNG-test-Test-3] INFO  verifyingGetItByTomorrowFilterFunctionality_Mobile_22-02-40 - [verifyingGetItByTomorrowFilterFunctionality_Mobile_22-02-40] Checking if the allowedDateParts have the assert text   Within validateDeliveryFilterOptions method
22:03:01 [TestNG-test-Test-3] INFO  verifyingGetItByTomorrowFilterFunctionality_Mobile_22-02-40 - [verifyingGetItByTomorrowFilterFunctionality_Mobile_22-02-40] Within deliveryElements loop iterating over the products  Within validateDeliveryFilterOptions method
22:03:01 [TestNG-test-Test-3] INFO  verifyingGetItByTomorrowFilterFunctionality_Mobile_22-02-40 - [verifyingGetItByTomorrowFilterFunctionality_Mobile_22-02-40] Checking if the allowedDateParts have the assert text   Within validateDeliveryFilterOptions method
22:03:01 [TestNG-test-Test-3] INFO  verifyingGetItByTomorrowFilterFunctionality_Mobile_22-02-40 - [verifyingGetItByTomorrowFilterFunctionality_Mobile_22-02-40] Within deliveryElements loop iterating over the products  Within validateDeliveryFilterOptions method
22:03:01 [TestNG-test-Test-3] INFO  verifyingGetItByTomorrowFilterFunctionality_Mobile_22-02-40 - [verifyingGetItByTomorrowFilterFunctionality_Mobile_22-02-40] Checking if the allowedDateParts have the assert text   Within validateDeliveryFilterOptions method
22:03:01 [TestNG-test-Test-3] INFO  verifyingGetItByTomorrowFilterFunctionality_Mobile_22-02-40 - [verifyingGetItByTomorrowFilterFunctionality_Mobile_22-02-40] Within deliveryElements loop iterating over the products  Within validateDeliveryFilterOptions method
22:03:01 [TestNG-test-Test-3] INFO  verifyingGetItByTomorrowFilterFunctionality_Mobile_22-02-40 - [verifyingGetItByTomorrowFilterFunctionality_Mobile_22-02-40] Checking if the allowedDateParts have the assert text   Within validateDeliveryFilterOptions method
22:03:01 [TestNG-test-Test-3] INFO  verifyingGetItByTomorrowFilterFunctionality_Mobile_22-02-40 - [verifyingGetItByTomorrowFilterFunctionality_Mobile_22-02-40] Returning the list with boolean values   Within validateDeliveryFilterOptions method
22:03:01 [TestNG-test-Test-3] INFO  verifyingGetItByTomorrowFilterFunctionality_Mobile_22-02-40 - [verifyingGetItByTomorrowFilterFunctionality_Mobile_22-02-40] Asserting delivery filter: isValid=true, index=-1, text=All the things are valid no errors
