18:13:43 [TestNG-test-Test-1] INFO  verifyingGetItByTomorrowFilterFunctionality_Mobile_18-13-43 - No existing WebDriver found for current thread. Initializing a new ChromeDriver...
18:13:43 [TestNG-test-Test-1] INFO  verifyingGetItByTomorrowFilterFunctionality_Mobile_18-13-43 - WebDriverManager: chromedriver setup OK
18:13:47 [TestNG-test-Test-1] INFO  verifyingGetItByTomorrowFilterFunctionality_Mobile_18-13-43 - ChromeDriver initialized successfully for thread: 34
18:13:51 [TestNG-test-Test-1] INFO  verifyingGetItByTomorrowFilterFunctionality_Mobile_18-13-43 - [verifyingGetItByTomorrowFilterFunctionality_Mobile_18-13-43] Opening amazon Landing page
18:13:51 [TestNG-test-Test-1] INFO  verifyingGetItByTomorrowFilterFunctionality_Mobile_18-13-43 - [verifyingGetItByTomorrowFilterFunctionality_Mobile_18-13-43] Within safeFindElement method
18:13:56 [TestNG-test-Test-1] INFO  verifyingGetItByTomorrowFilterFunctionality_Mobile_18-13-43 - [verifyingGetItByTomorrowFilterFunctionality_Mobile_18-13-43]Retrying findElement for: ->By.xpath: //a[@id='nav-logo-sprites']
18:13:56 [TestNG-test-Test-1] INFO  verifyingGetItByTomorrowFilterFunctionality_Mobile_18-13-43 - [verifyingGetItByTomorrowFilterFunctionality_Mobile_18-13-43]Refrehsing the page , while trying to safely find : ->By.xpath: //a[@id='nav-logo-sprites']
18:14:01 [TestNG-test-Test-1] INFO  verifyingGetItByTomorrowFilterFunctionality_Mobile_18-13-43 - [verifyingGetItByTomorrowFilterFunctionality_Mobile_18-13-43]Retrying findElement for: ->By.xpath: //a[@id='nav-logo-sprites']
18:14:01 [TestNG-test-Test-1] INFO  verifyingGetItByTomorrowFilterFunctionality_Mobile_18-13-43 - [verifyingGetItByTomorrowFilterFunctionality_Mobile_18-13-43]Refrehsing the page , while trying to safely find : ->By.xpath: //a[@id='nav-logo-sprites']
18:14:01 [TestNG-test-Test-1] INFO  verifyingGetItByTomorrowFilterFunctionality_Mobile_18-13-43 - [verifyingGetItByTomorrowFilterFunctionality_Mobile_18-13-43] Skipping action: Element not found after 2   attemps
18:14:14 [TestNG-test-Test-1] INFO  verifyingGetItByTomorrowFilterFunctionality_Mobile_18-13-43 - [verifyingGetItByTomorrowFilterFunctionality_Mobile_18-13-43] Giving input within the search bar
18:14:14 [TestNG-test-Test-1] INFO  verifyingGetItByTomorrowFilterFunctionality_Mobile_18-13-43 - [verifyingGetItByTomorrowFilterFunctionality_Mobile_18-13-43] Within safeClick method
18:14:19 [TestNG-test-Test-1] INFO  verifyingGetItByTomorrowFilterFunctionality_Mobile_18-13-43 - [verifyingGetItByTomorrowFilterFunctionality_Mobile_18-13-43] Clicked the  [[ChromeDriver: chrome on windows (300603d4261264c79eaf4738e641d541)] -> xpath: //input[@id='nav-search-submit-button']]   using safeClick
18:14:19 [TestNG-test-Test-1] INFO  verifyingGetItByTomorrowFilterFunctionality_Mobile_18-13-43 - [verifyingGetItByTomorrowFilterFunctionality_Mobile_18-13-43] Clicking on the submit in the search bar
18:14:19 [TestNG-test-Test-1] INFO  verifyingGetItByTomorrowFilterFunctionality_Mobile_18-13-43 - [verifyingGetItByTomorrowFilterFunctionality_Mobile_18-13-43] Waiting until element is visible in viewport
18:14:19 [TestNG-test-Test-1] INFO  verifyingGetItByTomorrowFilterFunctionality_Mobile_18-13-43 - [verifyingGetItByTomorrowFilterFunctionality_Mobile_18-13-43] Within validateDeliveryFilterOptionsWithResult method
18:14:19 [TestNG-test-Test-1] INFO  verifyingGetItByTomorrowFilterFunctionality_Mobile_18-13-43 - [verifyingGetItByTomorrowFilterFunctionality_Mobile_18-13-43] Within safeClick method
18:14:19 [TestNG-test-Test-1] INFO  verifyingGetItByTomorrowFilterFunctionality_Mobile_18-13-43 - [verifyingGetItByTomorrowFilterFunctionality_Mobile_18-13-43] Clicked the  [[ChromeDriver: chrome on windows (300603d4261264c79eaf4738e641d541)] -> xpath: //span[@class='a-size-base a-color-base puis-bold-weight-text' and text()='Delivery Day']/parent::div/following-sibling::ul//span[@class='a-size-base a-color-base' and text()='Get It by Tomorrow']]   using safeClick
18:14:19 [TestNG-test-Test-1] INFO  verifyingGetItByTomorrowFilterFunctionality_Mobile_18-13-43 - [verifyingGetItByTomorrowFilterFunctionality_Mobile_18-13-43] Within getMoreButtonByFilterTypeAndName method
18:14:20 [TestNG-test-Test-1] INFO  verifyingGetItByTomorrowFilterFunctionality_Mobile_18-13-43 - [verifyingGetItByTomorrowFilterFunctionality_Mobile_18-13-43] Clicked on By.xpath: //span[@class='a-size-base a-color-base puis-bold-weight-text' and text()='Delivery Day']/parent::div/following-sibling::ul//span[@class='a-size-base a-color-base' and text()='Get It by Tomorrow']
18:14:20 [TestNG-test-Test-1] INFO  verifyingGetItByTomorrowFilterFunctionality_Mobile_18-13-43 - [verifyingGetItByTomorrowFilterFunctionality_Mobile_18-13-43] Within safeFindElements 
18:14:20 [TestNG-test-Test-1] INFO  verifyingGetItByTomorrowFilterFunctionality_Mobile_18-13-43 - [verifyingGetItByTomorrowFilterFunctionality_Mobile_18-13-43] Returning the  [[[ChromeDriver: chrome on windows (300603d4261264c79eaf4738e641d541)] -> xpath: //div[@class='a-section a-spacing-small a-spacing-top-small']], [[ChromeDriver: chrome on windows (300603d4261264c79eaf4738e641d541)] -> xpath: //div[@class='a-section a-spacing-small a-spacing-top-small']], [[ChromeDriver: chrome on windows (300603d4261264c79eaf4738e641d541)] -> xpath: //div[@class='a-section a-spacing-small a-spacing-top-small']], [[ChromeDriver: chrome on windows (300603d4261264c79eaf4738e641d541)] -> xpath: //div[@class='a-section a-spacing-small a-spacing-top-small']], [[ChromeDriver: chrome on windows (300603d4261264c79eaf4738e641d541)] -> xpath: //div[@class='a-section a-spacing-small a-spacing-top-small']], [[ChromeDriver: chrome on windows (300603d4261264c79eaf4738e641d541)] -> xpath: //div[@class='a-section a-spacing-small a-spacing-top-small']], [[ChromeDriver: chrome on windows (300603d4261264c79eaf4738e641d541)] -> xpath: //div[@class='a-section a-spacing-small a-spacing-top-small']], [[ChromeDriver: chrome on windows (300603d4261264c79eaf4738e641d541)] -> xpath: //div[@class='a-section a-spacing-small a-spacing-top-small']], [[ChromeDriver: chrome on windows (300603d4261264c79eaf4738e641d541)] -> xpath: //div[@class='a-section a-spacing-small a-spacing-top-small']], [[ChromeDriver: chrome on windows (300603d4261264c79eaf4738e641d541)] -> xpath: //div[@class='a-section a-spacing-small a-spacing-top-small']], [[ChromeDriver: chrome on windows (300603d4261264c79eaf4738e641d541)] -> xpath: //div[@class='a-section a-spacing-small a-spacing-top-small']], [[ChromeDriver: chrome on windows (300603d4261264c79eaf4738e641d541)] -> xpath: //div[@class='a-section a-spacing-small a-spacing-top-small']], [[ChromeDriver: chrome on windows (300603d4261264c79eaf4738e641d541)] -> xpath: //div[@class='a-section a-spacing-small a-spacing-top-small']]] from the safeFindElements method
18:14:20 [TestNG-test-Test-1] INFO  verifyingGetItByTomorrowFilterFunctionality_Mobile_18-13-43 - [verifyingGetItByTomorrowFilterFunctionality_Mobile_18-13-43] Created hashset with required data to assert with Within validateDeliveryFilterOptions method
18:14:20 [TestNG-test-Test-1] INFO  verifyingGetItByTomorrowFilterFunctionality_Mobile_18-13-43 - [verifyingGetItByTomorrowFilterFunctionality_Mobile_18-13-43] this is the set  [Thu, 23, Apr, 24, Today, FREE delivery, Fri, Tomorrow]
18:14:20 [TestNG-test-Test-1] INFO  verifyingGetItByTomorrowFilterFunctionality_Mobile_18-13-43 - [verifyingGetItByTomorrowFilterFunctionality_Mobile_18-13-43] Within deliveryElements loop iterating over the products  Within validateDeliveryFilterOptions method
18:14:20 [TestNG-test-Test-1] INFO  verifyingGetItByTomorrowFilterFunctionality_Mobile_18-13-43 - [verifyingGetItByTomorrowFilterFunctionality_Mobile_18-13-43] Checking if the allowedDateParts have the assert text   Within validateDeliveryFilterOptions method
18:14:20 [TestNG-test-Test-1] INFO  verifyingGetItByTomorrowFilterFunctionality_Mobile_18-13-43 - [verifyingGetItByTomorrowFilterFunctionality_Mobile_18-13-43] Within deliveryElements loop iterating over the products  Within validateDeliveryFilterOptions method
18:14:20 [TestNG-test-Test-1] INFO  verifyingGetItByTomorrowFilterFunctionality_Mobile_18-13-43 - [verifyingGetItByTomorrowFilterFunctionality_Mobile_18-13-43] Checking if the allowedDateParts have the assert text   Within validateDeliveryFilterOptions method
18:14:20 [TestNG-test-Test-1] INFO  verifyingGetItByTomorrowFilterFunctionality_Mobile_18-13-43 - [verifyingGetItByTomorrowFilterFunctionality_Mobile_18-13-43] Within deliveryElements loop iterating over the products  Within validateDeliveryFilterOptions method
18:14:20 [TestNG-test-Test-1] INFO  verifyingGetItByTomorrowFilterFunctionality_Mobile_18-13-43 - [verifyingGetItByTomorrowFilterFunctionality_Mobile_18-13-43] Checking if the allowedDateParts have the assert text   Within validateDeliveryFilterOptions method
18:14:21 [TestNG-test-Test-1] INFO  verifyingGetItByTomorrowFilterFunctionality_Mobile_18-13-43 - [verifyingGetItByTomorrowFilterFunctionality_Mobile_18-13-43] Within deliveryElements loop iterating over the products  Within validateDeliveryFilterOptions method
18:14:21 [TestNG-test-Test-1] INFO  verifyingGetItByTomorrowFilterFunctionality_Mobile_18-13-43 - [verifyingGetItByTomorrowFilterFunctionality_Mobile_18-13-43] Checking if the allowedDateParts have the assert text   Within validateDeliveryFilterOptions method
18:14:21 [TestNG-test-Test-1] INFO  verifyingGetItByTomorrowFilterFunctionality_Mobile_18-13-43 - [verifyingGetItByTomorrowFilterFunctionality_Mobile_18-13-43] Within deliveryElements loop iterating over the products  Within validateDeliveryFilterOptions method
18:14:21 [TestNG-test-Test-1] INFO  verifyingGetItByTomorrowFilterFunctionality_Mobile_18-13-43 - [verifyingGetItByTomorrowFilterFunctionality_Mobile_18-13-43] Checking if the allowedDateParts have the assert text   Within validateDeliveryFilterOptions method
18:14:21 [TestNG-test-Test-1] INFO  verifyingGetItByTomorrowFilterFunctionality_Mobile_18-13-43 - [verifyingGetItByTomorrowFilterFunctionality_Mobile_18-13-43] Within deliveryElements loop iterating over the products  Within validateDeliveryFilterOptions method
18:14:21 [TestNG-test-Test-1] INFO  verifyingGetItByTomorrowFilterFunctionality_Mobile_18-13-43 - [verifyingGetItByTomorrowFilterFunctionality_Mobile_18-13-43] Checking if the allowedDateParts have the assert text   Within validateDeliveryFilterOptions method
18:14:21 [TestNG-test-Test-1] INFO  verifyingGetItByTomorrowFilterFunctionality_Mobile_18-13-43 - [verifyingGetItByTomorrowFilterFunctionality_Mobile_18-13-43] Within deliveryElements loop iterating over the products  Within validateDeliveryFilterOptions method
18:14:21 [TestNG-test-Test-1] INFO  verifyingGetItByTomorrowFilterFunctionality_Mobile_18-13-43 - [verifyingGetItByTomorrowFilterFunctionality_Mobile_18-13-43] Checking if the allowedDateParts have the assert text   Within validateDeliveryFilterOptions method
18:14:21 [TestNG-test-Test-1] INFO  verifyingGetItByTomorrowFilterFunctionality_Mobile_18-13-43 - [verifyingGetItByTomorrowFilterFunctionality_Mobile_18-13-43] Within deliveryElements loop iterating over the products  Within validateDeliveryFilterOptions method
18:14:21 [TestNG-test-Test-1] INFO  verifyingGetItByTomorrowFilterFunctionality_Mobile_18-13-43 - [verifyingGetItByTomorrowFilterFunctionality_Mobile_18-13-43] Checking if the allowedDateParts have the assert text   Within validateDeliveryFilterOptions method
18:14:21 [TestNG-test-Test-1] INFO  verifyingGetItByTomorrowFilterFunctionality_Mobile_18-13-43 - [verifyingGetItByTomorrowFilterFunctionality_Mobile_18-13-43] Within deliveryElements loop iterating over the products  Within validateDeliveryFilterOptions method
18:14:21 [TestNG-test-Test-1] INFO  verifyingGetItByTomorrowFilterFunctionality_Mobile_18-13-43 - [verifyingGetItByTomorrowFilterFunctionality_Mobile_18-13-43] Checking if the allowedDateParts have the assert text   Within validateDeliveryFilterOptions method
18:14:21 [TestNG-test-Test-1] INFO  verifyingGetItByTomorrowFilterFunctionality_Mobile_18-13-43 - [verifyingGetItByTomorrowFilterFunctionality_Mobile_18-13-43] Within deliveryElements loop iterating over the products  Within validateDeliveryFilterOptions method
18:14:21 [TestNG-test-Test-1] INFO  verifyingGetItByTomorrowFilterFunctionality_Mobile_18-13-43 - [verifyingGetItByTomorrowFilterFunctionality_Mobile_18-13-43] Checking if the allowedDateParts have the assert text   Within validateDeliveryFilterOptions method
18:14:21 [TestNG-test-Test-1] INFO  verifyingGetItByTomorrowFilterFunctionality_Mobile_18-13-43 - [verifyingGetItByTomorrowFilterFunctionality_Mobile_18-13-43] Within deliveryElements loop iterating over the products  Within validateDeliveryFilterOptions method
18:14:21 [TestNG-test-Test-1] INFO  verifyingGetItByTomorrowFilterFunctionality_Mobile_18-13-43 - [verifyingGetItByTomorrowFilterFunctionality_Mobile_18-13-43] Checking if the allowedDateParts have the assert text   Within validateDeliveryFilterOptions method
18:14:21 [TestNG-test-Test-1] INFO  verifyingGetItByTomorrowFilterFunctionality_Mobile_18-13-43 - [verifyingGetItByTomorrowFilterFunctionality_Mobile_18-13-43] Within deliveryElements loop iterating over the products  Within validateDeliveryFilterOptions method
18:14:21 [TestNG-test-Test-1] INFO  verifyingGetItByTomorrowFilterFunctionality_Mobile_18-13-43 - [verifyingGetItByTomorrowFilterFunctionality_Mobile_18-13-43] Checking if the allowedDateParts have the assert text   Within validateDeliveryFilterOptions method
18:14:21 [TestNG-test-Test-1] INFO  verifyingGetItByTomorrowFilterFunctionality_Mobile_18-13-43 - [verifyingGetItByTomorrowFilterFunctionality_Mobile_18-13-43] Within deliveryElements loop iterating over the products  Within validateDeliveryFilterOptions method
18:14:21 [TestNG-test-Test-1] INFO  verifyingGetItByTomorrowFilterFunctionality_Mobile_18-13-43 - [verifyingGetItByTomorrowFilterFunctionality_Mobile_18-13-43] Checking if the allowedDateParts have the assert text   Within validateDeliveryFilterOptions method
18:14:21 [TestNG-test-Test-1] INFO  verifyingGetItByTomorrowFilterFunctionality_Mobile_18-13-43 - [verifyingGetItByTomorrowFilterFunctionality_Mobile_18-13-43] Returning the list with boolean values   Within validateDeliveryFilterOptions method
18:14:21 [TestNG-test-Test-1] INFO  verifyingGetItByTomorrowFilterFunctionality_Mobile_18-13-43 - [verifyingGetItByTomorrowFilterFunctionality_Mobile_18-13-43] Asserting delivery filter: isValid=true, index=-1, text=All the things are valid no errors
