2026-02-23 01:45:39.073 PM [TestNG-test-Test-3] INFO  [verifyingGetItByTodayFilterFunctionality] 🔹 Starting test method: verifyingGetItByTodayFilterFunctionality
2026-02-23 01:45:39.078 PM [TestNG-test-Test-3] INFO  [verifyingGetItByTodayFilterFunctionality] No existing WebDriver found for current thread. Initializing a new ChromeDriver...
2026-02-23 01:45:39.090 PM [TestNG-test-Test-3] INFO  [verifyingGetItByTodayFilterFunctionality] WebDriverManager: chromedriver setup OK
2026-02-23 01:45:40.466 PM [TestNG-test-Test-3] INFO  [verifyingGetItByTodayFilterFunctionality] ChromeDriver initialized successfully for thread: 36
2026-02-23 01:45:41.007 PM [TestNG-test-Test-3] INFO  [verifyingGetItByTodayFilterFunctionality] [verifyingGetItByTodayFilterFunctionality] Opening amazon Landing page
2026-02-23 01:45:41.007 PM [TestNG-test-Test-3] INFO  [verifyingGetItByTodayFilterFunctionality] [verifyingGetItByTodayFilterFunctionality] Within safeFindElement method
2026-02-23 01:45:51.461 PM [TestNG-test-Test-3] INFO  [verifyingGetItByTodayFilterFunctionality] [verifyingGetItByTodayFilterFunctionality]Retrying findElement for: ->By.xpath: //a[@id='nav-logo-sprites']
2026-02-23 01:45:51.712 PM [TestNG-test-Test-3] INFO  [verifyingGetItByTodayFilterFunctionality] [verifyingGetItByTodayFilterFunctionality]Refrehsing the page , while trying to safely find : ->By.xpath: //a[@id='nav-logo-sprites']
2026-02-23 01:46:02.016 PM [TestNG-test-Test-3] INFO  [verifyingGetItByTodayFilterFunctionality] [verifyingGetItByTodayFilterFunctionality]Retrying findElement for: ->By.xpath: //a[@id='nav-logo-sprites']
2026-02-23 01:46:02.266 PM [TestNG-test-Test-3] INFO  [verifyingGetItByTodayFilterFunctionality] [verifyingGetItByTodayFilterFunctionality]Refrehsing the page , while trying to safely find : ->By.xpath: //a[@id='nav-logo-sprites']
2026-02-23 01:46:02.266 PM [TestNG-test-Test-3] INFO  [verifyingGetItByTodayFilterFunctionality] [verifyingGetItByTodayFilterFunctionality] Skipping action: Element not found after 2   attemps
2026-02-23 01:46:05.463 PM [TestNG-test-Test-3] INFO  [verifyingGetItByTodayFilterFunctionality] [verifyingGetItByTodayFilterFunctionality] Giving input within the search bar
2026-02-23 01:46:05.464 PM [TestNG-test-Test-3] INFO  [verifyingGetItByTodayFilterFunctionality] [verifyingGetItByTodayFilterFunctionality] Within safeClick method
2026-02-23 01:46:09.030 PM [TestNG-test-Test-3] INFO  [verifyingGetItByTodayFilterFunctionality] [verifyingGetItByTodayFilterFunctionality] Clicked the  [[ChromeDriver: chrome on windows (fac639847e43b54be48a95caf7108cbc)] -> xpath: //input[@id='nav-search-submit-button']]   using safeClick
2026-02-23 01:46:09.030 PM [TestNG-test-Test-3] INFO  [verifyingGetItByTodayFilterFunctionality] [verifyingGetItByTodayFilterFunctionality] Clicking on the submit in the search bar
2026-02-23 01:46:09.322 PM [TestNG-test-Test-3] INFO  [verifyingGetItByTodayFilterFunctionality] [verifyingGetItByTodayFilterFunctionality] Waiting until element is visible in viewport
2026-02-23 01:46:19.752 PM [TestNG-test-Test-3] WARN  [verifyingGetItByTodayFilterFunctionality] [verifyingGetItByTodayFilterFunctionality]  Filter option 'Get It Today' does not exist. Skipping the test.
2026-02-23 01:46:19.757 PM [TestNG-test-Test-3] INFO  [verifyingGetItByTodayFilterFunctionality] ✅ Finished test method: verifyingGetItByTodayFilterFunctionality
2026-02-23 01:46:20.155 PM [TestNG-test-Test-3] INFO  [verifyingGetItByTodayFilterFunctionality] 🔹 Starting test method: verifyingGetItByTodayFilterFunctionality
2026-02-23 01:46:20.156 PM [TestNG-test-Test-3] INFO  [verifyingGetItByTodayFilterFunctionality] No existing WebDriver found for current thread. Initializing a new ChromeDriver...
2026-02-23 01:46:20.168 PM [TestNG-test-Test-3] INFO  [verifyingGetItByTodayFilterFunctionality] WebDriverManager: chromedriver setup OK
2026-02-23 01:46:21.271 PM [TestNG-test-Test-3] INFO  [verifyingGetItByTodayFilterFunctionality] ChromeDriver initialized successfully for thread: 36
2026-02-23 01:46:22.340 PM [TestNG-test-Test-3] INFO  [verifyingGetItByTodayFilterFunctionality] [verifyingGetItByTodayFilterFunctionality] Opening amazon Landing page
2026-02-23 01:46:22.340 PM [TestNG-test-Test-3] INFO  [verifyingGetItByTodayFilterFunctionality] [verifyingGetItByTodayFilterFunctionality] Within safeFindElement method
2026-02-23 01:46:22.759 PM [TestNG-test-Test-3] INFO  [verifyingGetItByTodayFilterFunctionality] [verifyingGetItByTodayFilterFunctionality]Found the element returning it ,element ->[[ChromeDriver: chrome on windows (daf81da6f9007c1ab2b80c9c990d7097)] -> xpath: //a[@id='nav-logo-sprites']]
2026-02-23 01:46:23.703 PM [TestNG-test-Test-3] INFO  [verifyingGetItByTodayFilterFunctionality] [verifyingGetItByTodayFilterFunctionality] Giving input within the search bar
2026-02-23 01:46:23.703 PM [TestNG-test-Test-3] INFO  [verifyingGetItByTodayFilterFunctionality] [verifyingGetItByTodayFilterFunctionality] Within safeClick method
2026-02-23 01:46:25.648 PM [TestNG-test-Test-3] INFO  [verifyingGetItByTodayFilterFunctionality] [verifyingGetItByTodayFilterFunctionality] Clicked the  [[ChromeDriver: chrome on windows (daf81da6f9007c1ab2b80c9c990d7097)] -> xpath: //input[@id='nav-search-submit-button']]   using safeClick
2026-02-23 01:46:25.648 PM [TestNG-test-Test-3] INFO  [verifyingGetItByTodayFilterFunctionality] [verifyingGetItByTodayFilterFunctionality] Clicking on the submit in the search bar
2026-02-23 01:46:25.840 PM [TestNG-test-Test-3] INFO  [verifyingGetItByTodayFilterFunctionality] [verifyingGetItByTodayFilterFunctionality] Waiting until element is visible in viewport
2026-02-23 01:46:36.105 PM [TestNG-test-Test-3] WARN  [verifyingGetItByTodayFilterFunctionality] [verifyingGetItByTodayFilterFunctionality]  Filter option 'Get It Today' does not exist. Skipping the test.
2026-02-23 01:46:36.109 PM [TestNG-test-Test-3] INFO  [verifyingGetItByTodayFilterFunctionality] ✅ Finished test method: verifyingGetItByTodayFilterFunctionality
2026-02-23 01:46:36.644 PM [TestNG-test-Test-3] INFO  [verifyingGetItByTodayFilterFunctionality] 🔹 Starting test method: verifyingGetItByTodayFilterFunctionality
2026-02-23 01:46:36.644 PM [TestNG-test-Test-3] INFO  [verifyingGetItByTodayFilterFunctionality] No existing WebDriver found for current thread. Initializing a new ChromeDriver...
2026-02-23 01:46:36.657 PM [TestNG-test-Test-3] INFO  [verifyingGetItByTodayFilterFunctionality] WebDriverManager: chromedriver setup OK
2026-02-23 01:46:37.983 PM [TestNG-test-Test-3] INFO  [verifyingGetItByTodayFilterFunctionality] ChromeDriver initialized successfully for thread: 36
2026-02-23 01:46:38.642 PM [TestNG-test-Test-3] INFO  [verifyingGetItByTodayFilterFunctionality] [verifyingGetItByTodayFilterFunctionality] Opening amazon Landing page
2026-02-23 01:46:38.642 PM [TestNG-test-Test-3] INFO  [verifyingGetItByTodayFilterFunctionality] [verifyingGetItByTodayFilterFunctionality] Within safeFindElement method
2026-02-23 01:46:48.891 PM [TestNG-test-Test-3] INFO  [verifyingGetItByTodayFilterFunctionality] [verifyingGetItByTodayFilterFunctionality]Retrying findElement for: ->By.xpath: //a[@id='nav-logo-sprites']
2026-02-23 01:46:49.152 PM [TestNG-test-Test-3] INFO  [verifyingGetItByTodayFilterFunctionality] [verifyingGetItByTodayFilterFunctionality]Refrehsing the page , while trying to safely find : ->By.xpath: //a[@id='nav-logo-sprites']
2026-02-23 01:46:59.522 PM [TestNG-test-Test-3] INFO  [verifyingGetItByTodayFilterFunctionality] [verifyingGetItByTodayFilterFunctionality]Retrying findElement for: ->By.xpath: //a[@id='nav-logo-sprites']
2026-02-23 01:46:59.892 PM [TestNG-test-Test-3] INFO  [verifyingGetItByTodayFilterFunctionality] [verifyingGetItByTodayFilterFunctionality]Refrehsing the page , while trying to safely find : ->By.xpath: //a[@id='nav-logo-sprites']
2026-02-23 01:46:59.892 PM [TestNG-test-Test-3] INFO  [verifyingGetItByTodayFilterFunctionality] [verifyingGetItByTodayFilterFunctionality] Skipping action: Element not found after 2   attemps
2026-02-23 01:47:04.354 PM [TestNG-test-Test-3] INFO  [verifyingGetItByTodayFilterFunctionality] [verifyingGetItByTodayFilterFunctionality] Giving input within the search bar
2026-02-23 01:47:04.354 PM [TestNG-test-Test-3] INFO  [verifyingGetItByTodayFilterFunctionality] [verifyingGetItByTodayFilterFunctionality] Within safeClick method
2026-02-23 01:47:06.587 PM [TestNG-test-Test-3] INFO  [verifyingGetItByTodayFilterFunctionality] [verifyingGetItByTodayFilterFunctionality] Clicked the  [[ChromeDriver: chrome on windows (9b273e87d0c1b410f49bd9bdbc33fd9c)] -> xpath: //input[@id='nav-search-submit-button']]   using safeClick
2026-02-23 01:47:06.587 PM [TestNG-test-Test-3] INFO  [verifyingGetItByTodayFilterFunctionality] [verifyingGetItByTodayFilterFunctionality] Clicking on the submit in the search bar
2026-02-23 01:47:06.759 PM [TestNG-test-Test-3] INFO  [verifyingGetItByTodayFilterFunctionality] [verifyingGetItByTodayFilterFunctionality] Waiting until element is visible in viewport
2026-02-23 01:47:17.048 PM [TestNG-test-Test-3] WARN  [verifyingGetItByTodayFilterFunctionality] [verifyingGetItByTodayFilterFunctionality]  Filter option 'Get It Today' does not exist. Skipping the test.
2026-02-23 01:47:17.051 PM [TestNG-test-Test-3] INFO  [verifyingGetItByTodayFilterFunctionality] ✅ Finished test method: verifyingGetItByTodayFilterFunctionality
2026-02-23 01:47:18.117 PM [TestNG-test-Test-3] INFO  [verifyingGetItByTodayFilterFunctionality] 🔹 Starting test method: verifyingGetItByTodayFilterFunctionality
2026-02-23 01:47:18.117 PM [TestNG-test-Test-3] INFO  [verifyingGetItByTodayFilterFunctionality] No existing WebDriver found for current thread. Initializing a new ChromeDriver...
2026-02-23 01:47:18.128 PM [TestNG-test-Test-3] INFO  [verifyingGetItByTodayFilterFunctionality] WebDriverManager: chromedriver setup OK
2026-02-23 01:47:19.542 PM [TestNG-test-Test-3] INFO  [verifyingGetItByTodayFilterFunctionality] ChromeDriver initialized successfully for thread: 36
2026-02-23 01:47:19.739 PM [TestNG-test-Test-3] INFO  [verifyingGetItByTodayFilterFunctionality] [verifyingGetItByTodayFilterFunctionality] Opening amazon Landing page
2026-02-23 01:47:19.739 PM [TestNG-test-Test-3] INFO  [verifyingGetItByTodayFilterFunctionality] [verifyingGetItByTodayFilterFunctionality] Within safeFindElement method
2026-02-23 01:47:29.969 PM [TestNG-test-Test-3] INFO  [verifyingGetItByTodayFilterFunctionality] [verifyingGetItByTodayFilterFunctionality]Retrying findElement for: ->By.xpath: //a[@id='nav-logo-sprites']
2026-02-23 01:47:30.107 PM [TestNG-test-Test-3] INFO  [verifyingGetItByTodayFilterFunctionality] [verifyingGetItByTodayFilterFunctionality]Refrehsing the page , while trying to safely find : ->By.xpath: //a[@id='nav-logo-sprites']
2026-02-23 01:47:40.574 PM [TestNG-test-Test-3] INFO  [verifyingGetItByTodayFilterFunctionality] [verifyingGetItByTodayFilterFunctionality]Retrying findElement for: ->By.xpath: //a[@id='nav-logo-sprites']
2026-02-23 01:47:40.798 PM [TestNG-test-Test-3] INFO  [verifyingGetItByTodayFilterFunctionality] [verifyingGetItByTodayFilterFunctionality]Refrehsing the page , while trying to safely find : ->By.xpath: //a[@id='nav-logo-sprites']
2026-02-23 01:47:40.798 PM [TestNG-test-Test-3] INFO  [verifyingGetItByTodayFilterFunctionality] [verifyingGetItByTodayFilterFunctionality] Skipping action: Element not found after 2   attemps
2026-02-23 01:47:44.154 PM [TestNG-test-Test-3] INFO  [verifyingGetItByTodayFilterFunctionality] [verifyingGetItByTodayFilterFunctionality] Giving input within the search bar
2026-02-23 01:47:44.154 PM [TestNG-test-Test-3] INFO  [verifyingGetItByTodayFilterFunctionality] [verifyingGetItByTodayFilterFunctionality] Within safeClick method
2026-02-23 01:47:45.914 PM [TestNG-test-Test-3] INFO  [verifyingGetItByTodayFilterFunctionality] [verifyingGetItByTodayFilterFunctionality] Clicked the  [[ChromeDriver: chrome on windows (cc910d237ea32c1ec5baffb473231c95)] -> xpath: //input[@id='nav-search-submit-button']]   using safeClick
2026-02-23 01:47:45.914 PM [TestNG-test-Test-3] INFO  [verifyingGetItByTodayFilterFunctionality] [verifyingGetItByTodayFilterFunctionality] Clicking on the submit in the search bar
2026-02-23 01:47:46.062 PM [TestNG-test-Test-3] INFO  [verifyingGetItByTodayFilterFunctionality] [verifyingGetItByTodayFilterFunctionality] Waiting until element is visible in viewport
2026-02-23 01:47:56.564 PM [TestNG-test-Test-3] WARN  [verifyingGetItByTodayFilterFunctionality] [verifyingGetItByTodayFilterFunctionality]  Filter option 'Get It Today' does not exist. Skipping the test.
2026-02-23 01:47:56.567 PM [TestNG-test-Test-3] INFO  [verifyingGetItByTodayFilterFunctionality] ✅ Finished test method: verifyingGetItByTodayFilterFunctionality
2026-02-23 01:47:56.833 PM [TestNG-test-Test-3] INFO  [verifyingGetItByTodayFilterFunctionality] 🔹 Starting test method: verifyingGetItByTodayFilterFunctionality
2026-02-23 01:47:56.833 PM [TestNG-test-Test-3] INFO  [verifyingGetItByTodayFilterFunctionality] No existing WebDriver found for current thread. Initializing a new ChromeDriver...
2026-02-23 01:47:56.846 PM [TestNG-test-Test-3] INFO  [verifyingGetItByTodayFilterFunctionality] WebDriverManager: chromedriver setup OK
2026-02-23 01:47:58.251 PM [TestNG-test-Test-3] INFO  [verifyingGetItByTodayFilterFunctionality] ChromeDriver initialized successfully for thread: 36
2026-02-23 01:47:58.819 PM [TestNG-test-Test-3] INFO  [verifyingGetItByTodayFilterFunctionality] [verifyingGetItByTodayFilterFunctionality] Opening amazon Landing page
2026-02-23 01:47:58.819 PM [TestNG-test-Test-3] INFO  [verifyingGetItByTodayFilterFunctionality] [verifyingGetItByTodayFilterFunctionality] Within safeFindElement method
2026-02-23 01:48:09.376 PM [TestNG-test-Test-3] INFO  [verifyingGetItByTodayFilterFunctionality] [verifyingGetItByTodayFilterFunctionality]Retrying findElement for: ->By.xpath: //a[@id='nav-logo-sprites']
2026-02-23 01:48:09.671 PM [TestNG-test-Test-3] INFO  [verifyingGetItByTodayFilterFunctionality] [verifyingGetItByTodayFilterFunctionality]Refrehsing the page , while trying to safely find : ->By.xpath: //a[@id='nav-logo-sprites']
2026-02-23 01:48:19.672 PM [TestNG-test-Test-3] INFO  [verifyingGetItByTodayFilterFunctionality] [verifyingGetItByTodayFilterFunctionality]Retrying findElement for: ->By.xpath: //a[@id='nav-logo-sprites']
2026-02-23 01:48:19.890 PM [TestNG-test-Test-3] INFO  [verifyingGetItByTodayFilterFunctionality] [verifyingGetItByTodayFilterFunctionality]Refrehsing the page , while trying to safely find : ->By.xpath: //a[@id='nav-logo-sprites']
2026-02-23 01:48:19.890 PM [TestNG-test-Test-3] INFO  [verifyingGetItByTodayFilterFunctionality] [verifyingGetItByTodayFilterFunctionality] Skipping action: Element not found after 2   attemps
2026-02-23 01:48:23.427 PM [TestNG-test-Test-3] INFO  [verifyingGetItByTodayFilterFunctionality] [verifyingGetItByTodayFilterFunctionality] Giving input within the search bar
2026-02-23 01:48:23.427 PM [TestNG-test-Test-3] INFO  [verifyingGetItByTodayFilterFunctionality] [verifyingGetItByTodayFilterFunctionality] Within safeClick method
2026-02-23 01:48:25.277 PM [TestNG-test-Test-3] INFO  [verifyingGetItByTodayFilterFunctionality] [verifyingGetItByTodayFilterFunctionality] Clicked the  [[ChromeDriver: chrome on windows (fdd0c9eb8098d33f6877cb810da80244)] -> xpath: //input[@id='nav-search-submit-button']]   using safeClick
2026-02-23 01:48:25.277 PM [TestNG-test-Test-3] INFO  [verifyingGetItByTodayFilterFunctionality] [verifyingGetItByTodayFilterFunctionality] Clicking on the submit in the search bar
2026-02-23 01:48:25.418 PM [TestNG-test-Test-3] INFO  [verifyingGetItByTodayFilterFunctionality] [verifyingGetItByTodayFilterFunctionality] Waiting until element is visible in viewport
2026-02-23 01:48:35.772 PM [TestNG-test-Test-3] WARN  [verifyingGetItByTodayFilterFunctionality] [verifyingGetItByTodayFilterFunctionality]  Filter option 'Get It Today' does not exist. Skipping the test.
2026-02-23 01:48:35.775 PM [TestNG-test-Test-3] INFO  [verifyingGetItByTodayFilterFunctionality] ✅ Finished test method: verifyingGetItByTodayFilterFunctionality
