2026-02-23 02:38:15.735 PM [TestNG-test-Test-3] INFO  [verifyingGetItByTodayFilterFunctionality] 🔹 Starting test method: verifyingGetItByTodayFilterFunctionality
2026-02-23 02:38:15.739 PM [TestNG-test-Test-3] INFO  [verifyingGetItByTodayFilterFunctionality] No existing WebDriver found for current thread. Initializing a new ChromeDriver...
2026-02-23 02:38:15.751 PM [TestNG-test-Test-3] INFO  [verifyingGetItByTodayFilterFunctionality] WebDriverManager: chromedriver setup OK
2026-02-23 02:38:17.241 PM [TestNG-test-Test-3] INFO  [verifyingGetItByTodayFilterFunctionality] ChromeDriver initialized successfully for thread: 36
2026-02-23 02:38:17.479 PM [TestNG-test-Test-3] INFO  [verifyingGetItByTodayFilterFunctionality] [verifyingGetItByTodayFilterFunctionality] Opening amazon Landing page
2026-02-23 02:38:17.480 PM [TestNG-test-Test-3] INFO  [verifyingGetItByTodayFilterFunctionality] [verifyingGetItByTodayFilterFunctionality] Within safeFindElement method
2026-02-23 02:38:27.940 PM [TestNG-test-Test-3] INFO  [verifyingGetItByTodayFilterFunctionality] [verifyingGetItByTodayFilterFunctionality]Retrying findElement for: ->By.xpath: //a[@id='nav-logo-sprites']
2026-02-23 02:38:28.084 PM [TestNG-test-Test-3] INFO  [verifyingGetItByTodayFilterFunctionality] [verifyingGetItByTodayFilterFunctionality]Refrehsing the page , while trying to safely find : ->By.xpath: //a[@id='nav-logo-sprites']
2026-02-23 02:38:38.366 PM [TestNG-test-Test-3] INFO  [verifyingGetItByTodayFilterFunctionality] [verifyingGetItByTodayFilterFunctionality]Retrying findElement for: ->By.xpath: //a[@id='nav-logo-sprites']
2026-02-23 02:38:38.509 PM [TestNG-test-Test-3] INFO  [verifyingGetItByTodayFilterFunctionality] [verifyingGetItByTodayFilterFunctionality]Refrehsing the page , while trying to safely find : ->By.xpath: //a[@id='nav-logo-sprites']
2026-02-23 02:38:38.509 PM [TestNG-test-Test-3] INFO  [verifyingGetItByTodayFilterFunctionality] [verifyingGetItByTodayFilterFunctionality] Skipping action: Element not found after 2   attemps
2026-02-23 02:38:42.267 PM [TestNG-test-Test-3] INFO  [verifyingGetItByTodayFilterFunctionality] [verifyingGetItByTodayFilterFunctionality] Giving input within the search bar
2026-02-23 02:38:42.271 PM [TestNG-test-Test-3] INFO  [verifyingGetItByTodayFilterFunctionality] [verifyingGetItByTodayFilterFunctionality] Within safeClick method
2026-02-23 02:38:44.698 PM [TestNG-test-Test-3] INFO  [verifyingGetItByTodayFilterFunctionality] [verifyingGetItByTodayFilterFunctionality] Clicked the  [[ChromeDriver: chrome on windows (da0821380340c41b7a2e256b24318921)] -> xpath: //input[@id='nav-search-submit-button']]   using safeClick
2026-02-23 02:38:44.698 PM [TestNG-test-Test-3] INFO  [verifyingGetItByTodayFilterFunctionality] [verifyingGetItByTodayFilterFunctionality] Clicking on the submit in the search bar
2026-02-23 02:38:44.905 PM [TestNG-test-Test-3] INFO  [verifyingGetItByTodayFilterFunctionality] [verifyingGetItByTodayFilterFunctionality] Waiting until element is visible in viewport
2026-02-23 02:38:55.187 PM [TestNG-test-Test-3] WARN  [verifyingGetItByTodayFilterFunctionality] [verifyingGetItByTodayFilterFunctionality]  Filter option 'Get It Today' does not exist. Skipping the test.
2026-02-23 02:38:55.190 PM [TestNG-test-Test-3] INFO  [verifyingGetItByTodayFilterFunctionality] ✅ Finished test method: verifyingGetItByTodayFilterFunctionality
2026-02-23 02:38:55.457 PM [TestNG-test-Test-3] INFO  [verifyingGetItByTodayFilterFunctionality] 🔹 Starting test method: verifyingGetItByTodayFilterFunctionality
2026-02-23 02:38:55.457 PM [TestNG-test-Test-3] INFO  [verifyingGetItByTodayFilterFunctionality] No existing WebDriver found for current thread. Initializing a new ChromeDriver...
2026-02-23 02:38:55.470 PM [TestNG-test-Test-3] INFO  [verifyingGetItByTodayFilterFunctionality] WebDriverManager: chromedriver setup OK
2026-02-23 02:38:57.704 PM [TestNG-test-Test-3] INFO  [verifyingGetItByTodayFilterFunctionality] ChromeDriver initialized successfully for thread: 36
2026-02-23 02:38:58.305 PM [TestNG-test-Test-3] INFO  [verifyingGetItByTodayFilterFunctionality] [verifyingGetItByTodayFilterFunctionality] Opening amazon Landing page
2026-02-23 02:38:58.305 PM [TestNG-test-Test-3] INFO  [verifyingGetItByTodayFilterFunctionality] [verifyingGetItByTodayFilterFunctionality] Within safeFindElement method
2026-02-23 02:39:08.526 PM [TestNG-test-Test-3] INFO  [verifyingGetItByTodayFilterFunctionality] [verifyingGetItByTodayFilterFunctionality]Retrying findElement for: ->By.xpath: //a[@id='nav-logo-sprites']
2026-02-23 02:39:08.787 PM [TestNG-test-Test-3] INFO  [verifyingGetItByTodayFilterFunctionality] [verifyingGetItByTodayFilterFunctionality]Refrehsing the page , while trying to safely find : ->By.xpath: //a[@id='nav-logo-sprites']
2026-02-23 02:39:18.989 PM [TestNG-test-Test-3] INFO  [verifyingGetItByTodayFilterFunctionality] [verifyingGetItByTodayFilterFunctionality]Retrying findElement for: ->By.xpath: //a[@id='nav-logo-sprites']
2026-02-23 02:39:19.258 PM [TestNG-test-Test-3] INFO  [verifyingGetItByTodayFilterFunctionality] [verifyingGetItByTodayFilterFunctionality]Refrehsing the page , while trying to safely find : ->By.xpath: //a[@id='nav-logo-sprites']
2026-02-23 02:39:19.258 PM [TestNG-test-Test-3] INFO  [verifyingGetItByTodayFilterFunctionality] [verifyingGetItByTodayFilterFunctionality] Skipping action: Element not found after 2   attemps
2026-02-23 02:39:29.007 PM [TestNG-test-Test-3] INFO  [verifyingGetItByTodayFilterFunctionality] [verifyingGetItByTodayFilterFunctionality] Giving input within the search bar
2026-02-23 02:39:29.007 PM [TestNG-test-Test-3] INFO  [verifyingGetItByTodayFilterFunctionality] [verifyingGetItByTodayFilterFunctionality] Within safeClick method
2026-02-23 02:39:33.575 PM [TestNG-test-Test-3] INFO  [verifyingGetItByTodayFilterFunctionality] [verifyingGetItByTodayFilterFunctionality] Clicked the  [[ChromeDriver: chrome on windows (7c0e1ac4d51ea6ed17e452b8ca4b2110)] -> xpath: //input[@id='nav-search-submit-button']]   using safeClick
2026-02-23 02:39:33.575 PM [TestNG-test-Test-3] INFO  [verifyingGetItByTodayFilterFunctionality] [verifyingGetItByTodayFilterFunctionality] Clicking on the submit in the search bar
2026-02-23 02:39:33.753 PM [TestNG-test-Test-3] INFO  [verifyingGetItByTodayFilterFunctionality] [verifyingGetItByTodayFilterFunctionality] Waiting until element is visible in viewport
2026-02-23 02:39:43.889 PM [TestNG-test-Test-3] WARN  [verifyingGetItByTodayFilterFunctionality] [verifyingGetItByTodayFilterFunctionality]  Filter option 'Get It Today' does not exist. Skipping the test.
2026-02-23 02:39:43.890 PM [TestNG-test-Test-3] INFO  [verifyingGetItByTodayFilterFunctionality] ✅ Finished test method: verifyingGetItByTodayFilterFunctionality
2026-02-23 02:39:44.454 PM [TestNG-test-Test-3] INFO  [verifyingGetItByTodayFilterFunctionality] 🔹 Starting test method: verifyingGetItByTodayFilterFunctionality
2026-02-23 02:39:44.454 PM [TestNG-test-Test-3] INFO  [verifyingGetItByTodayFilterFunctionality] No existing WebDriver found for current thread. Initializing a new ChromeDriver...
2026-02-23 02:39:44.462 PM [TestNG-test-Test-3] INFO  [verifyingGetItByTodayFilterFunctionality] WebDriverManager: chromedriver setup OK
2026-02-23 02:39:46.863 PM [TestNG-test-Test-3] INFO  [verifyingGetItByTodayFilterFunctionality] ChromeDriver initialized successfully for thread: 36
2026-02-23 02:39:47.447 PM [TestNG-test-Test-3] INFO  [verifyingGetItByTodayFilterFunctionality] [verifyingGetItByTodayFilterFunctionality] Opening amazon Landing page
2026-02-23 02:39:47.448 PM [TestNG-test-Test-3] INFO  [verifyingGetItByTodayFilterFunctionality] [verifyingGetItByTodayFilterFunctionality] Within safeFindElement method
2026-02-23 02:39:57.480 PM [TestNG-test-Test-3] INFO  [verifyingGetItByTodayFilterFunctionality] [verifyingGetItByTodayFilterFunctionality]Retrying findElement for: ->By.xpath: //a[@id='nav-logo-sprites']
2026-02-23 02:39:57.923 PM [TestNG-test-Test-3] INFO  [verifyingGetItByTodayFilterFunctionality] [verifyingGetItByTodayFilterFunctionality]Refrehsing the page , while trying to safely find : ->By.xpath: //a[@id='nav-logo-sprites']
2026-02-23 02:40:08.215 PM [TestNG-test-Test-3] INFO  [verifyingGetItByTodayFilterFunctionality] [verifyingGetItByTodayFilterFunctionality]Retrying findElement for: ->By.xpath: //a[@id='nav-logo-sprites']
2026-02-23 02:40:08.460 PM [TestNG-test-Test-3] INFO  [verifyingGetItByTodayFilterFunctionality] [verifyingGetItByTodayFilterFunctionality]Refrehsing the page , while trying to safely find : ->By.xpath: //a[@id='nav-logo-sprites']
2026-02-23 02:40:08.461 PM [TestNG-test-Test-3] INFO  [verifyingGetItByTodayFilterFunctionality] [verifyingGetItByTodayFilterFunctionality] Skipping action: Element not found after 2   attemps
2026-02-23 02:40:16.782 PM [TestNG-test-Test-3] INFO  [verifyingGetItByTodayFilterFunctionality] [verifyingGetItByTodayFilterFunctionality] Giving input within the search bar
2026-02-23 02:40:16.782 PM [TestNG-test-Test-3] INFO  [verifyingGetItByTodayFilterFunctionality] [verifyingGetItByTodayFilterFunctionality] Within safeClick method
2026-02-23 02:40:19.052 PM [TestNG-test-Test-3] INFO  [verifyingGetItByTodayFilterFunctionality] [verifyingGetItByTodayFilterFunctionality] Clicked the  [[ChromeDriver: chrome on windows (55097fadff8186c39d4790d8415da61d)] -> xpath: //input[@id='nav-search-submit-button']]   using safeClick
2026-02-23 02:40:19.052 PM [TestNG-test-Test-3] INFO  [verifyingGetItByTodayFilterFunctionality] [verifyingGetItByTodayFilterFunctionality] Clicking on the submit in the search bar
2026-02-23 02:40:19.344 PM [TestNG-test-Test-3] INFO  [verifyingGetItByTodayFilterFunctionality] [verifyingGetItByTodayFilterFunctionality] Waiting until element is visible in viewport
2026-02-23 02:40:29.855 PM [TestNG-test-Test-3] WARN  [verifyingGetItByTodayFilterFunctionality] [verifyingGetItByTodayFilterFunctionality]  Filter option 'Get It Today' does not exist. Skipping the test.
2026-02-23 02:40:29.857 PM [TestNG-test-Test-3] INFO  [verifyingGetItByTodayFilterFunctionality] ✅ Finished test method: verifyingGetItByTodayFilterFunctionality
2026-02-23 02:40:30.834 PM [TestNG-test-Test-3] INFO  [verifyingGetItByTodayFilterFunctionality] 🔹 Starting test method: verifyingGetItByTodayFilterFunctionality
2026-02-23 02:40:30.834 PM [TestNG-test-Test-3] INFO  [verifyingGetItByTodayFilterFunctionality] No existing WebDriver found for current thread. Initializing a new ChromeDriver...
2026-02-23 02:40:30.847 PM [TestNG-test-Test-3] INFO  [verifyingGetItByTodayFilterFunctionality] WebDriverManager: chromedriver setup OK
2026-02-23 02:40:33.411 PM [TestNG-test-Test-3] INFO  [verifyingGetItByTodayFilterFunctionality] ChromeDriver initialized successfully for thread: 36
2026-02-23 02:40:38.266 PM [TestNG-test-Test-3] INFO  [verifyingGetItByTodayFilterFunctionality] [verifyingGetItByTodayFilterFunctionality] Opening amazon Landing page
2026-02-23 02:40:38.267 PM [TestNG-test-Test-3] INFO  [verifyingGetItByTodayFilterFunctionality] [verifyingGetItByTodayFilterFunctionality] Within safeFindElement method
2026-02-23 02:40:38.604 PM [TestNG-test-Test-3] INFO  [verifyingGetItByTodayFilterFunctionality] [verifyingGetItByTodayFilterFunctionality]Found the element returning it ,element ->[[ChromeDriver: chrome on windows (148bbf4b1061a5a122fa8f390254b0c5)] -> xpath: //a[@id='nav-logo-sprites']]
2026-02-23 02:40:39.150 PM [TestNG-test-Test-3] INFO  [verifyingGetItByTodayFilterFunctionality] [verifyingGetItByTodayFilterFunctionality] Giving input within the search bar
2026-02-23 02:40:39.150 PM [TestNG-test-Test-3] INFO  [verifyingGetItByTodayFilterFunctionality] [verifyingGetItByTodayFilterFunctionality] Within safeClick method
2026-02-23 02:40:41.079 PM [TestNG-test-Test-3] INFO  [verifyingGetItByTodayFilterFunctionality] [verifyingGetItByTodayFilterFunctionality] Clicked the  [[ChromeDriver: chrome on windows (148bbf4b1061a5a122fa8f390254b0c5)] -> xpath: //input[@id='nav-search-submit-button']]   using safeClick
2026-02-23 02:40:41.079 PM [TestNG-test-Test-3] INFO  [verifyingGetItByTodayFilterFunctionality] [verifyingGetItByTodayFilterFunctionality] Clicking on the submit in the search bar
2026-02-23 02:40:41.210 PM [TestNG-test-Test-3] INFO  [verifyingGetItByTodayFilterFunctionality] [verifyingGetItByTodayFilterFunctionality] Waiting until element is visible in viewport
2026-02-23 02:40:51.597 PM [TestNG-test-Test-3] WARN  [verifyingGetItByTodayFilterFunctionality] [verifyingGetItByTodayFilterFunctionality]  Filter option 'Get It Today' does not exist. Skipping the test.
2026-02-23 02:40:51.600 PM [TestNG-test-Test-3] INFO  [verifyingGetItByTodayFilterFunctionality] ✅ Finished test method: verifyingGetItByTodayFilterFunctionality
2026-02-23 02:40:55.624 PM [TestNG-test-Test-3] INFO  [verifyingGetItByTodayFilterFunctionality] 🔹 Starting test method: verifyingGetItByTodayFilterFunctionality
2026-02-23 02:40:55.624 PM [TestNG-test-Test-3] INFO  [verifyingGetItByTodayFilterFunctionality] No existing WebDriver found for current thread. Initializing a new ChromeDriver...
2026-02-23 02:40:55.635 PM [TestNG-test-Test-3] INFO  [verifyingGetItByTodayFilterFunctionality] WebDriverManager: chromedriver setup OK
2026-02-23 02:40:57.655 PM [TestNG-test-Test-3] INFO  [verifyingGetItByTodayFilterFunctionality] ChromeDriver initialized successfully for thread: 36
2026-02-23 02:40:58.359 PM [TestNG-test-Test-3] INFO  [verifyingGetItByTodayFilterFunctionality] [verifyingGetItByTodayFilterFunctionality] Opening amazon Landing page
2026-02-23 02:40:58.360 PM [TestNG-test-Test-3] INFO  [verifyingGetItByTodayFilterFunctionality] [verifyingGetItByTodayFilterFunctionality] Within safeFindElement method
2026-02-23 02:41:08.680 PM [TestNG-test-Test-3] INFO  [verifyingGetItByTodayFilterFunctionality] [verifyingGetItByTodayFilterFunctionality]Retrying findElement for: ->By.xpath: //a[@id='nav-logo-sprites']
2026-02-23 02:41:09.084 PM [TestNG-test-Test-3] INFO  [verifyingGetItByTodayFilterFunctionality] [verifyingGetItByTodayFilterFunctionality]Refrehsing the page , while trying to safely find : ->By.xpath: //a[@id='nav-logo-sprites']
2026-02-23 02:41:19.313 PM [TestNG-test-Test-3] INFO  [verifyingGetItByTodayFilterFunctionality] [verifyingGetItByTodayFilterFunctionality]Retrying findElement for: ->By.xpath: //a[@id='nav-logo-sprites']
2026-02-23 02:41:19.457 PM [TestNG-test-Test-3] INFO  [verifyingGetItByTodayFilterFunctionality] [verifyingGetItByTodayFilterFunctionality]Refrehsing the page , while trying to safely find : ->By.xpath: //a[@id='nav-logo-sprites']
2026-02-23 02:41:19.457 PM [TestNG-test-Test-3] INFO  [verifyingGetItByTodayFilterFunctionality] [verifyingGetItByTodayFilterFunctionality] Skipping action: Element not found after 2   attemps
2026-02-23 02:41:26.808 PM [TestNG-test-Test-3] INFO  [verifyingGetItByTodayFilterFunctionality] [verifyingGetItByTodayFilterFunctionality] Giving input within the search bar
2026-02-23 02:41:26.808 PM [TestNG-test-Test-3] INFO  [verifyingGetItByTodayFilterFunctionality] [verifyingGetItByTodayFilterFunctionality] Within safeClick method
2026-02-23 02:41:29.122 PM [TestNG-test-Test-3] INFO  [verifyingGetItByTodayFilterFunctionality] [verifyingGetItByTodayFilterFunctionality] Clicked the  [[ChromeDriver: chrome on windows (1446fa585e28ca11577c5a29b59de437)] -> xpath: //input[@id='nav-search-submit-button']]   using safeClick
2026-02-23 02:41:29.122 PM [TestNG-test-Test-3] INFO  [verifyingGetItByTodayFilterFunctionality] [verifyingGetItByTodayFilterFunctionality] Clicking on the submit in the search bar
2026-02-23 02:41:29.295 PM [TestNG-test-Test-3] INFO  [verifyingGetItByTodayFilterFunctionality] [verifyingGetItByTodayFilterFunctionality] Waiting until element is visible in viewport
2026-02-23 02:41:39.763 PM [TestNG-test-Test-3] WARN  [verifyingGetItByTodayFilterFunctionality] [verifyingGetItByTodayFilterFunctionality]  Filter option 'Get It Today' does not exist. Skipping the test.
2026-02-23 02:41:39.766 PM [TestNG-test-Test-3] INFO  [verifyingGetItByTodayFilterFunctionality] ✅ Finished test method: verifyingGetItByTodayFilterFunctionality
