2025-10-28 05:27:21.416 PM [TestNG-test-Test-1] INFO  [verifyingPriceSilderFunctionality] 🔹 Starting test method: verifyingPriceSilderFunctionality
2025-10-28 05:27:24.542 PM [TestNG-test-Test-1] INFO  [verifyingPriceSilderFunctionality] [verifyingPriceSilderFunctionality] Opening amazon Landing page
2025-10-28 05:27:24.791 PM [TestNG-test-Test-1] INFO  [verifyingPriceSilderFunctionality] [verifyingPriceSilderFunctionality] Capturing screenshot: search bar error capture__2025-10-28_172724.png
2025-10-28 05:27:24.991 PM [TestNG-test-Test-1] INFO  [verifyingPriceSilderFunctionality] [verifyingPriceSilderFunctionality] Screenshot saved at: test-output/screenshots/Run_2025-10-28_17-19-55/verifyingPriceSilderFunctionality/search bar error capture__2025-10-28_172724.png
2025-10-28 05:27:25.143 PM [TestNG-test-Test-1] INFO  [verifyingPriceSilderFunctionality] [verifyingPriceSilderFunctionality] Giving input within the search bar
2025-10-28 05:27:25.144 PM [TestNG-test-Test-1] INFO  [verifyingPriceSilderFunctionality] [verifyingPriceSilderFunctionality] Within safeClick method
2025-10-28 05:27:27.712 PM [TestNG-test-Test-1] INFO  [verifyingPriceSilderFunctionality] [verifyingPriceSilderFunctionality] Clicked the  [[ChromeDriver: chrome on windows (4dcba6e7d5d75adc1ca049564f6c1960)] -> xpath: //input[@id='nav-search-submit-button']]   using safeClick
2025-10-28 05:27:27.713 PM [TestNG-test-Test-1] INFO  [verifyingPriceSilderFunctionality] [verifyingPriceSilderFunctionality] Clicking on the submit in the search bar
2025-10-28 05:27:27.847 PM [TestNG-test-Test-1] INFO  [verifyingPriceSilderFunctionality] [verifyingPriceSilderFunctionality] Within filterCheckUnderList method
2025-10-28 05:27:27.925 PM [TestNG-test-Test-1] INFO  [verifyingPriceSilderFunctionality] [verifyingPriceSilderFunctionality] Found the Filter within the filter check List
2025-10-28 05:27:27.925 PM [TestNG-test-Test-1] INFO  [verifyingPriceSilderFunctionality] [verifyingPriceSilderFunctionality] Within applyPriceSliderAndValidateWithResult method
2025-10-28 05:27:29.934 PM [TestNG-test-Test-1] INFO  [verifyingPriceSilderFunctionality] [verifyingPriceSilderFunctionality] Within safeFindElement method
2025-10-28 05:27:29.949 PM [TestNG-test-Test-1] INFO  [verifyingPriceSilderFunctionality] [verifyingPriceSilderFunctionality]Found the element returning it ,element ->[[ChromeDriver: chrome on windows (4dcba6e7d5d75adc1ca049564f6c1960)] -> id: p_36/range-slider_slider-item_lower-bound-slider]
2025-10-28 05:27:29.949 PM [TestNG-test-Test-1] INFO  [verifyingPriceSilderFunctionality] [verifyingPriceSilderFunctionality] Within safeFindElement method
2025-10-28 05:27:29.957 PM [TestNG-test-Test-1] INFO  [verifyingPriceSilderFunctionality] [verifyingPriceSilderFunctionality]Found the element returning it ,element ->[[ChromeDriver: chrome on windows (4dcba6e7d5d75adc1ca049564f6c1960)] -> id: p_36/range-slider_slider-item_upper-bound-slider]
2025-10-28 05:27:29.969 PM [TestNG-test-Test-1] INFO  [verifyingPriceSilderFunctionality] [verifyingPriceSilderFunctionality] Applying the Min filter , Min filter value->60
2025-10-28 05:27:29.982 PM [TestNG-test-Test-1] INFO  [verifyingPriceSilderFunctionality] [verifyingPriceSilderFunctionality] Applying the Max filter , Max filter value->80
2025-10-28 05:27:30.983 PM [TestNG-test-Test-1] INFO  [verifyingPriceSilderFunctionality] [verifyingPriceSilderFunctionality] Within safeFindElement method
2025-10-28 05:27:30.994 PM [TestNG-test-Test-1] INFO  [verifyingPriceSilderFunctionality] [verifyingPriceSilderFunctionality]Found the element returning it ,element ->[[ChromeDriver: chrome on windows (4dcba6e7d5d75adc1ca049564f6c1960)] -> xpath: //div[@class='a-section sf-submit-range-button']]
2025-10-28 05:27:30.994 PM [TestNG-test-Test-1] INFO  [verifyingPriceSilderFunctionality] [verifyingPriceSilderFunctionality] Hitting the submit button80
2025-10-28 05:27:32.994 PM [TestNG-test-Test-1] INFO  [verifyingPriceSilderFunctionality] [verifyingPriceSilderFunctionality] Within safeFindElement method
2025-10-28 05:27:33.004 PM [TestNG-test-Test-1] INFO  [verifyingPriceSilderFunctionality] [verifyingPriceSilderFunctionality]Found the element returning it ,element ->[[ChromeDriver: chrome on windows (4dcba6e7d5d75adc1ca049564f6c1960)] -> xpath: //label[@for='p_36/range-slider_slider-item_upper-bound-slider']]
2025-10-28 05:27:33.011 PM [TestNG-test-Test-1] INFO  [verifyingPriceSilderFunctionality] [verifyingPriceSilderFunctionality] Within safeFindElement method
2025-10-28 05:27:33.020 PM [TestNG-test-Test-1] INFO  [verifyingPriceSilderFunctionality] [verifyingPriceSilderFunctionality]Found the element returning it ,element ->[[ChromeDriver: chrome on windows (4dcba6e7d5d75adc1ca049564f6c1960)] -> xpath: //label[@for='p_36/range-slider_slider-item_lower-bound-slider']]
2025-10-28 05:27:33.026 PM [TestNG-test-Test-1] INFO  [verifyingPriceSilderFunctionality] [verifyingPriceSilderFunctionality] Within safeFindElements 
2025-10-28 05:27:33.037 PM [TestNG-test-Test-1] INFO  [verifyingPriceSilderFunctionality] [verifyingPriceSilderFunctionality] Returning the  [[[ChromeDriver: chrome on windows (4dcba6e7d5d75adc1ca049564f6c1960)] -> xpath: //span[@class='a-price-whole']], [[ChromeDriver: chrome on windows (4dcba6e7d5d75adc1ca049564f6c1960)] -> xpath: //span[@class='a-price-whole']], [[ChromeDriver: chrome on windows (4dcba6e7d5d75adc1ca049564f6c1960)] -> xpath: //span[@class='a-price-whole']], [[ChromeDriver: chrome on windows (4dcba6e7d5d75adc1ca049564f6c1960)] -> xpath: //span[@class='a-price-whole']], [[ChromeDriver: chrome on windows (4dcba6e7d5d75adc1ca049564f6c1960)] -> xpath: //span[@class='a-price-whole']], [[ChromeDriver: chrome on windows (4dcba6e7d5d75adc1ca049564f6c1960)] -> xpath: //span[@class='a-price-whole']], [[ChromeDriver: chrome on windows (4dcba6e7d5d75adc1ca049564f6c1960)] -> xpath: //span[@class='a-price-whole']], [[ChromeDriver: chrome on windows (4dcba6e7d5d75adc1ca049564f6c1960)] -> xpath: //span[@class='a-price-whole']], [[ChromeDriver: chrome on windows (4dcba6e7d5d75adc1ca049564f6c1960)] -> xpath: //span[@class='a-price-whole']], [[ChromeDriver: chrome on windows (4dcba6e7d5d75adc1ca049564f6c1960)] -> xpath: //span[@class='a-price-whole']], [[ChromeDriver: chrome on windows (4dcba6e7d5d75adc1ca049564f6c1960)] -> xpath: //span[@class='a-price-whole']], [[ChromeDriver: chrome on windows (4dcba6e7d5d75adc1ca049564f6c1960)] -> xpath: //span[@class='a-price-whole']], [[ChromeDriver: chrome on windows (4dcba6e7d5d75adc1ca049564f6c1960)] -> xpath: //span[@class='a-price-whole']], [[ChromeDriver: chrome on windows (4dcba6e7d5d75adc1ca049564f6c1960)] -> xpath: //span[@class='a-price-whole']], [[ChromeDriver: chrome on windows (4dcba6e7d5d75adc1ca049564f6c1960)] -> xpath: //span[@class='a-price-whole']], [[ChromeDriver: chrome on windows (4dcba6e7d5d75adc1ca049564f6c1960)] -> xpath: //span[@class='a-price-whole']], [[ChromeDriver: chrome on windows (4dcba6e7d5d75adc1ca049564f6c1960)] -> xpath: //span[@class='a-price-whole']], [[ChromeDriver: chrome on windows (4dcba6e7d5d75adc1ca049564f6c1960)] -> xpath: //span[@class='a-price-whole']]] from the safeFindElements method
2025-10-28 05:27:33.037 PM [TestNG-test-Test-1] INFO  [verifyingPriceSilderFunctionality] [verifyingPriceSilderFunctionality] Capturing screenshot: Filter Applied is Max Price=₹30,300  Min price=₹14,800__2025-10-28_172733.png
2025-10-28 05:27:33.128 PM [TestNG-test-Test-1] INFO  [verifyingPriceSilderFunctionality] [verifyingPriceSilderFunctionality] Screenshot saved at: test-output/screenshots/Run_2025-10-28_17-19-55/verifyingPriceSilderFunctionality/Filter Applied is Max Price=₹30,300  Min price=₹14,800__2025-10-28_172733.png
2025-10-28 05:27:33.138 PM [TestNG-test-Test-1] INFO  [verifyingPriceSilderFunctionality] [verifyingPriceSilderFunctionality] Checking if the product price is <= then the max filter applied, Product price and Max applied ->8349  80
2025-10-28 05:27:33.144 PM [TestNG-test-Test-1] INFO  [verifyingPriceSilderFunctionality] [verifyingPriceSilderFunctionality] Checking if the product price is <= then the max filter applied, Product price and Max applied ->11199  80
2025-10-28 05:27:33.151 PM [TestNG-test-Test-1] INFO  [verifyingPriceSilderFunctionality] [verifyingPriceSilderFunctionality] Checking if the product price is <= then the max filter applied, Product price and Max applied ->7499  80
2025-10-28 05:27:33.157 PM [TestNG-test-Test-1] INFO  [verifyingPriceSilderFunctionality] [verifyingPriceSilderFunctionality] Checking if the product price is <= then the max filter applied, Product price and Max applied ->1779  80
2025-10-28 05:27:33.168 PM [TestNG-test-Test-1] INFO  [verifyingPriceSilderFunctionality] [verifyingPriceSilderFunctionality] Checking if the product price is <= then the max filter applied, Product price and Max applied ->8498  80
2025-10-28 05:27:33.174 PM [TestNG-test-Test-1] INFO  [verifyingPriceSilderFunctionality] [verifyingPriceSilderFunctionality] Checking if the product price is <= then the max filter applied, Product price and Max applied ->18499  80
2025-10-28 05:27:33.180 PM [TestNG-test-Test-1] INFO  [verifyingPriceSilderFunctionality] [verifyingPriceSilderFunctionality] Checking if the product price is <= then the max filter applied, Product price and Max applied ->6549  80
2025-10-28 05:27:33.187 PM [TestNG-test-Test-1] INFO  [verifyingPriceSilderFunctionality] [verifyingPriceSilderFunctionality] Checking if the product price is <= then the max filter applied, Product price and Max applied ->11199  80
2025-10-28 05:27:33.194 PM [TestNG-test-Test-1] INFO  [verifyingPriceSilderFunctionality] [verifyingPriceSilderFunctionality] Checking if the product price is <= then the max filter applied, Product price and Max applied ->8999  80
2025-10-28 05:27:33.200 PM [TestNG-test-Test-1] INFO  [verifyingPriceSilderFunctionality] [verifyingPriceSilderFunctionality] Checking if the product price is <= then the max filter applied, Product price and Max applied ->7400  80
2025-10-28 05:27:33.207 PM [TestNG-test-Test-1] INFO  [verifyingPriceSilderFunctionality] [verifyingPriceSilderFunctionality] Checking if the product price is <= then the max filter applied, Product price and Max applied ->8999  80
2025-10-28 05:27:33.213 PM [TestNG-test-Test-1] INFO  [verifyingPriceSilderFunctionality] [verifyingPriceSilderFunctionality] Checking if the product price is <= then the max filter applied, Product price and Max applied ->8349  80
2025-10-28 05:27:33.219 PM [TestNG-test-Test-1] INFO  [verifyingPriceSilderFunctionality] [verifyingPriceSilderFunctionality] Checking if the product price is <= then the max filter applied, Product price and Max applied ->17999  80
2025-10-28 05:27:33.225 PM [TestNG-test-Test-1] INFO  [verifyingPriceSilderFunctionality] [verifyingPriceSilderFunctionality] Checking if the product price is <= then the max filter applied, Product price and Max applied ->7499  80
2025-10-28 05:27:33.232 PM [TestNG-test-Test-1] INFO  [verifyingPriceSilderFunctionality] [verifyingPriceSilderFunctionality] Product price is more then the applied filter, Product price and Max applied ->34899  80
2025-10-28 05:27:33.241 PM [TestNG-test-Test-1] INFO  [verifyingPriceSilderFunctionality] [verifyingPriceSilderFunctionality] Checking if the product price is <= then the max filter applied, Product price and Max applied ->7499  80
2025-10-28 05:27:33.247 PM [TestNG-test-Test-1] INFO  [verifyingPriceSilderFunctionality] [verifyingPriceSilderFunctionality] Checking if the product price is <= then the max filter applied, Product price and Max applied ->25999  80
2025-10-28 05:27:33.253 PM [TestNG-test-Test-1] INFO  [verifyingPriceSilderFunctionality] [verifyingPriceSilderFunctionality] Checking if the product price is <= then the max filter applied, Product price and Max applied ->359  80
2025-10-28 05:27:33.253 PM [TestNG-test-Test-1] INFO  [verifyingPriceSilderFunctionality] [verifyingPriceSilderFunctionality] Adding the data 'min','max','isValid' ,'mismatches' to 'result' Map->80
2025-10-28 05:27:33.253 PM [TestNG-test-Test-1] INFO  [verifyingPriceSilderFunctionality] [verifyingPriceSilderFunctionality] Adding the 'results'  Map to the master 'allResults' i.e is List of maps->80
2025-10-28 05:27:35.266 PM [TestNG-test-Test-1] INFO  [verifyingPriceSilderFunctionality] [verifyingPriceSilderFunctionality] Applying the Min filter , Min filter value->90
2025-10-28 05:27:35.277 PM [TestNG-test-Test-1] INFO  [verifyingPriceSilderFunctionality] [verifyingPriceSilderFunctionality] Applying the Max filter , Max filter value->120
2025-10-28 05:27:36.278 PM [TestNG-test-Test-1] INFO  [verifyingPriceSilderFunctionality] [verifyingPriceSilderFunctionality] Within safeFindElement method
2025-10-28 05:27:36.286 PM [TestNG-test-Test-1] INFO  [verifyingPriceSilderFunctionality] [verifyingPriceSilderFunctionality]Found the element returning it ,element ->[[ChromeDriver: chrome on windows (4dcba6e7d5d75adc1ca049564f6c1960)] -> xpath: //div[@class='a-section sf-submit-range-button']]
2025-10-28 05:27:36.286 PM [TestNG-test-Test-1] INFO  [verifyingPriceSilderFunctionality] [verifyingPriceSilderFunctionality] Hitting the submit button120
2025-10-28 05:27:38.287 PM [TestNG-test-Test-1] INFO  [verifyingPriceSilderFunctionality] [verifyingPriceSilderFunctionality] Within safeFindElement method
2025-10-28 05:27:38.294 PM [TestNG-test-Test-1] INFO  [verifyingPriceSilderFunctionality] [verifyingPriceSilderFunctionality]Found the element returning it ,element ->[[ChromeDriver: chrome on windows (4dcba6e7d5d75adc1ca049564f6c1960)] -> xpath: //label[@for='p_36/range-slider_slider-item_upper-bound-slider']]
2025-10-28 05:27:38.301 PM [TestNG-test-Test-1] INFO  [verifyingPriceSilderFunctionality] [verifyingPriceSilderFunctionality] Within safeFindElement method
2025-10-28 05:27:38.307 PM [TestNG-test-Test-1] INFO  [verifyingPriceSilderFunctionality] [verifyingPriceSilderFunctionality]Found the element returning it ,element ->[[ChromeDriver: chrome on windows (4dcba6e7d5d75adc1ca049564f6c1960)] -> xpath: //label[@for='p_36/range-slider_slider-item_lower-bound-slider']]
2025-10-28 05:27:38.314 PM [TestNG-test-Test-1] INFO  [verifyingPriceSilderFunctionality] [verifyingPriceSilderFunctionality] Within safeFindElements 
2025-10-28 05:27:38.324 PM [TestNG-test-Test-1] INFO  [verifyingPriceSilderFunctionality] [verifyingPriceSilderFunctionality] Returning the  [[[ChromeDriver: chrome on windows (4dcba6e7d5d75adc1ca049564f6c1960)] -> xpath: //span[@class='a-price-whole']], [[ChromeDriver: chrome on windows (4dcba6e7d5d75adc1ca049564f6c1960)] -> xpath: //span[@class='a-price-whole']], [[ChromeDriver: chrome on windows (4dcba6e7d5d75adc1ca049564f6c1960)] -> xpath: //span[@class='a-price-whole']], [[ChromeDriver: chrome on windows (4dcba6e7d5d75adc1ca049564f6c1960)] -> xpath: //span[@class='a-price-whole']], [[ChromeDriver: chrome on windows (4dcba6e7d5d75adc1ca049564f6c1960)] -> xpath: //span[@class='a-price-whole']], [[ChromeDriver: chrome on windows (4dcba6e7d5d75adc1ca049564f6c1960)] -> xpath: //span[@class='a-price-whole']], [[ChromeDriver: chrome on windows (4dcba6e7d5d75adc1ca049564f6c1960)] -> xpath: //span[@class='a-price-whole']], [[ChromeDriver: chrome on windows (4dcba6e7d5d75adc1ca049564f6c1960)] -> xpath: //span[@class='a-price-whole']], [[ChromeDriver: chrome on windows (4dcba6e7d5d75adc1ca049564f6c1960)] -> xpath: //span[@class='a-price-whole']], [[ChromeDriver: chrome on windows (4dcba6e7d5d75adc1ca049564f6c1960)] -> xpath: //span[@class='a-price-whole']], [[ChromeDriver: chrome on windows (4dcba6e7d5d75adc1ca049564f6c1960)] -> xpath: //span[@class='a-price-whole']], [[ChromeDriver: chrome on windows (4dcba6e7d5d75adc1ca049564f6c1960)] -> xpath: //span[@class='a-price-whole']], [[ChromeDriver: chrome on windows (4dcba6e7d5d75adc1ca049564f6c1960)] -> xpath: //span[@class='a-price-whole']], [[ChromeDriver: chrome on windows (4dcba6e7d5d75adc1ca049564f6c1960)] -> xpath: //span[@class='a-price-whole']], [[ChromeDriver: chrome on windows (4dcba6e7d5d75adc1ca049564f6c1960)] -> xpath: //span[@class='a-price-whole']], [[ChromeDriver: chrome on windows (4dcba6e7d5d75adc1ca049564f6c1960)] -> xpath: //span[@class='a-price-whole']], [[ChromeDriver: chrome on windows (4dcba6e7d5d75adc1ca049564f6c1960)] -> xpath: //span[@class='a-price-whole']], [[ChromeDriver: chrome on windows (4dcba6e7d5d75adc1ca049564f6c1960)] -> xpath: //span[@class='a-price-whole']]] from the safeFindElements method
2025-10-28 05:27:38.324 PM [TestNG-test-Test-1] INFO  [verifyingPriceSilderFunctionality] [verifyingPriceSilderFunctionality] Capturing screenshot: Filter Applied is Max Price=₹83,600  Min price=₹21,700__2025-10-28_172738.png
2025-10-28 05:27:38.445 PM [TestNG-test-Test-1] INFO  [verifyingPriceSilderFunctionality] [verifyingPriceSilderFunctionality] Screenshot saved at: test-output/screenshots/Run_2025-10-28_17-19-55/verifyingPriceSilderFunctionality/Filter Applied is Max Price=₹83,600  Min price=₹21,700__2025-10-28_172738.png
2025-10-28 05:27:38.452 PM [TestNG-test-Test-1] INFO  [verifyingPriceSilderFunctionality] [verifyingPriceSilderFunctionality] Checking if the product price is <= then the max filter applied, Product price and Max applied ->8349  120
2025-10-28 05:27:38.459 PM [TestNG-test-Test-1] INFO  [verifyingPriceSilderFunctionality] [verifyingPriceSilderFunctionality] Checking if the product price is <= then the max filter applied, Product price and Max applied ->11199  120
2025-10-28 05:27:38.466 PM [TestNG-test-Test-1] INFO  [verifyingPriceSilderFunctionality] [verifyingPriceSilderFunctionality] Checking if the product price is <= then the max filter applied, Product price and Max applied ->7499  120
2025-10-28 05:27:38.492 PM [TestNG-test-Test-1] INFO  [verifyingPriceSilderFunctionality] [verifyingPriceSilderFunctionality] Checking if the product price is <= then the max filter applied, Product price and Max applied ->1779  120
2025-10-28 05:27:38.506 PM [TestNG-test-Test-1] INFO  [verifyingPriceSilderFunctionality] [verifyingPriceSilderFunctionality] Checking if the product price is <= then the max filter applied, Product price and Max applied ->8498  120
2025-10-28 05:27:38.513 PM [TestNG-test-Test-1] INFO  [verifyingPriceSilderFunctionality] [verifyingPriceSilderFunctionality] Checking if the product price is <= then the max filter applied, Product price and Max applied ->18499  120
2025-10-28 05:27:38.520 PM [TestNG-test-Test-1] INFO  [verifyingPriceSilderFunctionality] [verifyingPriceSilderFunctionality] Checking if the product price is <= then the max filter applied, Product price and Max applied ->6549  120
2025-10-28 05:27:38.527 PM [TestNG-test-Test-1] INFO  [verifyingPriceSilderFunctionality] [verifyingPriceSilderFunctionality] Checking if the product price is <= then the max filter applied, Product price and Max applied ->11199  120
2025-10-28 05:27:38.534 PM [TestNG-test-Test-1] INFO  [verifyingPriceSilderFunctionality] [verifyingPriceSilderFunctionality] Checking if the product price is <= then the max filter applied, Product price and Max applied ->8999  120
2025-10-28 05:27:38.542 PM [TestNG-test-Test-1] INFO  [verifyingPriceSilderFunctionality] [verifyingPriceSilderFunctionality] Checking if the product price is <= then the max filter applied, Product price and Max applied ->7400  120
2025-10-28 05:27:38.549 PM [TestNG-test-Test-1] INFO  [verifyingPriceSilderFunctionality] [verifyingPriceSilderFunctionality] Checking if the product price is <= then the max filter applied, Product price and Max applied ->8999  120
2025-10-28 05:27:38.556 PM [TestNG-test-Test-1] INFO  [verifyingPriceSilderFunctionality] [verifyingPriceSilderFunctionality] Checking if the product price is <= then the max filter applied, Product price and Max applied ->8349  120
2025-10-28 05:27:38.563 PM [TestNG-test-Test-1] INFO  [verifyingPriceSilderFunctionality] [verifyingPriceSilderFunctionality] Checking if the product price is <= then the max filter applied, Product price and Max applied ->17999  120
2025-10-28 05:27:38.570 PM [TestNG-test-Test-1] INFO  [verifyingPriceSilderFunctionality] [verifyingPriceSilderFunctionality] Checking if the product price is <= then the max filter applied, Product price and Max applied ->7499  120
2025-10-28 05:27:38.577 PM [TestNG-test-Test-1] INFO  [verifyingPriceSilderFunctionality] [verifyingPriceSilderFunctionality] Checking if the product price is <= then the max filter applied, Product price and Max applied ->34899  120
2025-10-28 05:27:38.584 PM [TestNG-test-Test-1] INFO  [verifyingPriceSilderFunctionality] [verifyingPriceSilderFunctionality] Checking if the product price is <= then the max filter applied, Product price and Max applied ->7499  120
2025-10-28 05:27:38.592 PM [TestNG-test-Test-1] INFO  [verifyingPriceSilderFunctionality] [verifyingPriceSilderFunctionality] Checking if the product price is <= then the max filter applied, Product price and Max applied ->25999  120
2025-10-28 05:27:38.601 PM [TestNG-test-Test-1] INFO  [verifyingPriceSilderFunctionality] [verifyingPriceSilderFunctionality] Checking if the product price is <= then the max filter applied, Product price and Max applied ->359  120
2025-10-28 05:27:38.601 PM [TestNG-test-Test-1] INFO  [verifyingPriceSilderFunctionality] [verifyingPriceSilderFunctionality] Adding the data 'min','max','isValid' ,'mismatches' to 'result' Map->120
2025-10-28 05:27:38.601 PM [TestNG-test-Test-1] INFO  [verifyingPriceSilderFunctionality] [verifyingPriceSilderFunctionality] Adding the 'results'  Map to the master 'allResults' i.e is List of maps->120
2025-10-28 05:27:40.612 PM [TestNG-test-Test-1] INFO  [verifyingPriceSilderFunctionality] [verifyingPriceSilderFunctionality] Applying the Min filter , Min filter value->130
2025-10-28 05:27:40.624 PM [TestNG-test-Test-1] INFO  [verifyingPriceSilderFunctionality] [verifyingPriceSilderFunctionality] Applying the Max filter , Max filter value->160
2025-10-28 05:27:41.627 PM [TestNG-test-Test-1] INFO  [verifyingPriceSilderFunctionality] [verifyingPriceSilderFunctionality] Within safeFindElement method
2025-10-28 05:27:41.635 PM [TestNG-test-Test-1] INFO  [verifyingPriceSilderFunctionality] [verifyingPriceSilderFunctionality]Found the element returning it ,element ->[[ChromeDriver: chrome on windows (4dcba6e7d5d75adc1ca049564f6c1960)] -> xpath: //div[@class='a-section sf-submit-range-button']]
2025-10-28 05:27:41.635 PM [TestNG-test-Test-1] INFO  [verifyingPriceSilderFunctionality] [verifyingPriceSilderFunctionality] Hitting the submit button160
2025-10-28 05:27:43.637 PM [TestNG-test-Test-1] INFO  [verifyingPriceSilderFunctionality] [verifyingPriceSilderFunctionality] Within safeFindElement method
2025-10-28 05:27:43.644 PM [TestNG-test-Test-1] INFO  [verifyingPriceSilderFunctionality] [verifyingPriceSilderFunctionality]Found the element returning it ,element ->[[ChromeDriver: chrome on windows (4dcba6e7d5d75adc1ca049564f6c1960)] -> xpath: //label[@for='p_36/range-slider_slider-item_upper-bound-slider']]
2025-10-28 05:27:43.655 PM [TestNG-test-Test-1] INFO  [verifyingPriceSilderFunctionality] [verifyingPriceSilderFunctionality] Within safeFindElement method
2025-10-28 05:27:43.663 PM [TestNG-test-Test-1] INFO  [verifyingPriceSilderFunctionality] [verifyingPriceSilderFunctionality]Found the element returning it ,element ->[[ChromeDriver: chrome on windows (4dcba6e7d5d75adc1ca049564f6c1960)] -> xpath: //label[@for='p_36/range-slider_slider-item_lower-bound-slider']]
2025-10-28 05:27:43.671 PM [TestNG-test-Test-1] INFO  [verifyingPriceSilderFunctionality] [verifyingPriceSilderFunctionality] Within safeFindElements 
2025-10-28 05:27:43.680 PM [TestNG-test-Test-1] INFO  [verifyingPriceSilderFunctionality] [verifyingPriceSilderFunctionality] Returning the  [[[ChromeDriver: chrome on windows (4dcba6e7d5d75adc1ca049564f6c1960)] -> xpath: //span[@class='a-price-whole']], [[ChromeDriver: chrome on windows (4dcba6e7d5d75adc1ca049564f6c1960)] -> xpath: //span[@class='a-price-whole']], [[ChromeDriver: chrome on windows (4dcba6e7d5d75adc1ca049564f6c1960)] -> xpath: //span[@class='a-price-whole']], [[ChromeDriver: chrome on windows (4dcba6e7d5d75adc1ca049564f6c1960)] -> xpath: //span[@class='a-price-whole']], [[ChromeDriver: chrome on windows (4dcba6e7d5d75adc1ca049564f6c1960)] -> xpath: //span[@class='a-price-whole']], [[ChromeDriver: chrome on windows (4dcba6e7d5d75adc1ca049564f6c1960)] -> xpath: //span[@class='a-price-whole']], [[ChromeDriver: chrome on windows (4dcba6e7d5d75adc1ca049564f6c1960)] -> xpath: //span[@class='a-price-whole']], [[ChromeDriver: chrome on windows (4dcba6e7d5d75adc1ca049564f6c1960)] -> xpath: //span[@class='a-price-whole']], [[ChromeDriver: chrome on windows (4dcba6e7d5d75adc1ca049564f6c1960)] -> xpath: //span[@class='a-price-whole']], [[ChromeDriver: chrome on windows (4dcba6e7d5d75adc1ca049564f6c1960)] -> xpath: //span[@class='a-price-whole']], [[ChromeDriver: chrome on windows (4dcba6e7d5d75adc1ca049564f6c1960)] -> xpath: //span[@class='a-price-whole']], [[ChromeDriver: chrome on windows (4dcba6e7d5d75adc1ca049564f6c1960)] -> xpath: //span[@class='a-price-whole']], [[ChromeDriver: chrome on windows (4dcba6e7d5d75adc1ca049564f6c1960)] -> xpath: //span[@class='a-price-whole']], [[ChromeDriver: chrome on windows (4dcba6e7d5d75adc1ca049564f6c1960)] -> xpath: //span[@class='a-price-whole']], [[ChromeDriver: chrome on windows (4dcba6e7d5d75adc1ca049564f6c1960)] -> xpath: //span[@class='a-price-whole']], [[ChromeDriver: chrome on windows (4dcba6e7d5d75adc1ca049564f6c1960)] -> xpath: //span[@class='a-price-whole']], [[ChromeDriver: chrome on windows (4dcba6e7d5d75adc1ca049564f6c1960)] -> xpath: //span[@class='a-price-whole']], [[ChromeDriver: chrome on windows (4dcba6e7d5d75adc1ca049564f6c1960)] -> xpath: //span[@class='a-price-whole']]] from the safeFindElements method
2025-10-28 05:27:43.681 PM [TestNG-test-Test-1] INFO  [verifyingPriceSilderFunctionality] [verifyingPriceSilderFunctionality] Capturing screenshot: Filter Applied is Max Price=₹171,700  Min price=₹67,300__2025-10-28_172743.png
2025-10-28 05:27:43.804 PM [TestNG-test-Test-1] INFO  [verifyingPriceSilderFunctionality] [verifyingPriceSilderFunctionality] Screenshot saved at: test-output/screenshots/Run_2025-10-28_17-19-55/verifyingPriceSilderFunctionality/Filter Applied is Max Price=₹171,700  Min price=₹67,300__2025-10-28_172743.png
2025-10-28 05:27:43.812 PM [TestNG-test-Test-1] INFO  [verifyingPriceSilderFunctionality] [verifyingPriceSilderFunctionality] Checking if the product price is <= then the max filter applied, Product price and Max applied ->8349  160
2025-10-28 05:27:43.819 PM [TestNG-test-Test-1] INFO  [verifyingPriceSilderFunctionality] [verifyingPriceSilderFunctionality] Checking if the product price is <= then the max filter applied, Product price and Max applied ->11199  160
2025-10-28 05:27:43.826 PM [TestNG-test-Test-1] INFO  [verifyingPriceSilderFunctionality] [verifyingPriceSilderFunctionality] Checking if the product price is <= then the max filter applied, Product price and Max applied ->7499  160
2025-10-28 05:27:43.833 PM [TestNG-test-Test-1] INFO  [verifyingPriceSilderFunctionality] [verifyingPriceSilderFunctionality] Checking if the product price is <= then the max filter applied, Product price and Max applied ->1779  160
2025-10-28 05:27:43.839 PM [TestNG-test-Test-1] INFO  [verifyingPriceSilderFunctionality] [verifyingPriceSilderFunctionality] Checking if the product price is <= then the max filter applied, Product price and Max applied ->8498  160
2025-10-28 05:27:43.845 PM [TestNG-test-Test-1] INFO  [verifyingPriceSilderFunctionality] [verifyingPriceSilderFunctionality] Checking if the product price is <= then the max filter applied, Product price and Max applied ->18499  160
2025-10-28 05:27:43.852 PM [TestNG-test-Test-1] INFO  [verifyingPriceSilderFunctionality] [verifyingPriceSilderFunctionality] Checking if the product price is <= then the max filter applied, Product price and Max applied ->6549  160
2025-10-28 05:27:43.858 PM [TestNG-test-Test-1] INFO  [verifyingPriceSilderFunctionality] [verifyingPriceSilderFunctionality] Checking if the product price is <= then the max filter applied, Product price and Max applied ->11199  160
2025-10-28 05:27:43.864 PM [TestNG-test-Test-1] INFO  [verifyingPriceSilderFunctionality] [verifyingPriceSilderFunctionality] Checking if the product price is <= then the max filter applied, Product price and Max applied ->8999  160
2025-10-28 05:27:43.871 PM [TestNG-test-Test-1] INFO  [verifyingPriceSilderFunctionality] [verifyingPriceSilderFunctionality] Checking if the product price is <= then the max filter applied, Product price and Max applied ->7400  160
2025-10-28 05:27:43.877 PM [TestNG-test-Test-1] INFO  [verifyingPriceSilderFunctionality] [verifyingPriceSilderFunctionality] Checking if the product price is <= then the max filter applied, Product price and Max applied ->8999  160
2025-10-28 05:27:43.883 PM [TestNG-test-Test-1] INFO  [verifyingPriceSilderFunctionality] [verifyingPriceSilderFunctionality] Checking if the product price is <= then the max filter applied, Product price and Max applied ->8349  160
2025-10-28 05:27:43.890 PM [TestNG-test-Test-1] INFO  [verifyingPriceSilderFunctionality] [verifyingPriceSilderFunctionality] Checking if the product price is <= then the max filter applied, Product price and Max applied ->17999  160
2025-10-28 05:27:43.897 PM [TestNG-test-Test-1] INFO  [verifyingPriceSilderFunctionality] [verifyingPriceSilderFunctionality] Checking if the product price is <= then the max filter applied, Product price and Max applied ->7499  160
2025-10-28 05:27:43.904 PM [TestNG-test-Test-1] INFO  [verifyingPriceSilderFunctionality] [verifyingPriceSilderFunctionality] Checking if the product price is <= then the max filter applied, Product price and Max applied ->34899  160
2025-10-28 05:27:43.912 PM [TestNG-test-Test-1] INFO  [verifyingPriceSilderFunctionality] [verifyingPriceSilderFunctionality] Checking if the product price is <= then the max filter applied, Product price and Max applied ->7499  160
2025-10-28 05:27:43.919 PM [TestNG-test-Test-1] INFO  [verifyingPriceSilderFunctionality] [verifyingPriceSilderFunctionality] Checking if the product price is <= then the max filter applied, Product price and Max applied ->25999  160
2025-10-28 05:27:43.927 PM [TestNG-test-Test-1] INFO  [verifyingPriceSilderFunctionality] [verifyingPriceSilderFunctionality] Checking if the product price is <= then the max filter applied, Product price and Max applied ->359  160
2025-10-28 05:27:43.927 PM [TestNG-test-Test-1] INFO  [verifyingPriceSilderFunctionality] [verifyingPriceSilderFunctionality] Adding the data 'min','max','isValid' ,'mismatches' to 'result' Map->160
2025-10-28 05:27:43.927 PM [TestNG-test-Test-1] INFO  [verifyingPriceSilderFunctionality] [verifyingPriceSilderFunctionality] Adding the 'results'  Map to the master 'allResults' i.e is List of maps->160
2025-10-28 05:27:45.928 PM [TestNG-test-Test-1] INFO  [verifyingPriceSilderFunctionality] [verifyingPriceSilderFunctionality] Returning the data here in the end
2025-10-28 05:27:45.928 PM [TestNG-test-Test-1] ERROR [verifyingPriceSilderFunctionality] [verifyingPriceSilderFunctionality]  Validation failed for price range: 60 - 80
2025-10-28 05:27:45.928 PM [TestNG-test-Test-1] ERROR [verifyingPriceSilderFunctionality] [verifyingPriceSilderFunctionality]  Product price is above limit --> product index->14 and applied Max filter->30300  and  applied Min filter->14800 Actual product price -> 34899
2025-10-28 05:27:45.928 PM [TestNG-test-Test-1] INFO  [verifyingPriceSilderFunctionality] [verifyingPriceSilderFunctionality] ------------------------------------------------------------
2025-10-28 05:27:45.928 PM [TestNG-test-Test-1] INFO  [verifyingPriceSilderFunctionality] [verifyingPriceSilderFunctionality]  Price range validated successfully: 90 - 120
2025-10-28 05:27:45.928 PM [TestNG-test-Test-1] INFO  [verifyingPriceSilderFunctionality] [verifyingPriceSilderFunctionality] ------------------------------------------------------------
2025-10-28 05:27:45.928 PM [TestNG-test-Test-1] INFO  [verifyingPriceSilderFunctionality] [verifyingPriceSilderFunctionality]  Price range validated successfully: 130 - 160
2025-10-28 05:27:45.928 PM [TestNG-test-Test-1] INFO  [verifyingPriceSilderFunctionality] [verifyingPriceSilderFunctionality] ------------------------------------------------------------
2025-10-28 05:27:45.928 PM [TestNG-test-Test-1] INFO  [verifyingPriceSilderFunctionality] [verifyingPriceSilderFunctionality]  Asserting all soft assertions now...
2025-10-28 05:27:45.931 PM [TestNG-test-Test-1] INFO  [verifyingPriceSilderFunctionality] ✅ Finished test method: verifyingPriceSilderFunctionality
