20:37:46 [TestNG-test-Test-3] INFO  verifyingGetItIn2DaysFilterFunctionality_Laptop_20-37-46 - No existing WebDriver found for current thread. Initializing a new ChromeDriver...
20:37:46 [TestNG-test-Test-3] INFO  verifyingGetItIn2DaysFilterFunctionality_Laptop_20-37-46 - WebDriverManager: chromedriver setup OK
20:37:47 [TestNG-test-Test-3] INFO  verifyingGetItIn2DaysFilterFunctionality_Laptop_20-37-46 - ChromeDriver initialized successfully for thread: 36
20:37:48 [TestNG-test-Test-3] INFO  verifyingGetItIn2DaysFilterFunctionality_Laptop_20-37-46 - [verifyingGetItIn2DaysFilterFunctionality_Laptop_20-37-46] Opening amazon Landing page
20:37:48 [TestNG-test-Test-3] INFO  verifyingGetItIn2DaysFilterFunctionality_Laptop_20-37-46 - [verifyingGetItIn2DaysFilterFunctionality_Laptop_20-37-46] Within safeFindElement method
20:37:48 [TestNG-test-Test-3] INFO  verifyingGetItIn2DaysFilterFunctionality_Laptop_20-37-46 - [verifyingGetItIn2DaysFilterFunctionality_Laptop_20-37-46]Found the element returning it ,element ->[[ChromeDriver: chrome on windows (8dc3922c3d096f1ebebf6eb8de3f279e)] -> xpath: //a[@id='nav-logo-sprites']]
20:37:49 [TestNG-test-Test-3] INFO  verifyingGetItIn2DaysFilterFunctionality_Laptop_20-37-46 - [verifyingGetItIn2DaysFilterFunctionality_Laptop_20-37-46] Giving input within the search bar
20:37:49 [TestNG-test-Test-3] INFO  verifyingGetItIn2DaysFilterFunctionality_Laptop_20-37-46 - [verifyingGetItIn2DaysFilterFunctionality_Laptop_20-37-46] Within safeClick method
20:37:52 [TestNG-test-Test-3] INFO  verifyingGetItIn2DaysFilterFunctionality_Laptop_20-37-46 - [verifyingGetItIn2DaysFilterFunctionality_Laptop_20-37-46] Clicked the  [[ChromeDriver: chrome on windows (8dc3922c3d096f1ebebf6eb8de3f279e)] -> xpath: //input[@id='nav-search-submit-button']]   using safeClick
20:37:52 [TestNG-test-Test-3] INFO  verifyingGetItIn2DaysFilterFunctionality_Laptop_20-37-46 - [verifyingGetItIn2DaysFilterFunctionality_Laptop_20-37-46] Clicking on the submit in the search bar
20:37:52 [TestNG-test-Test-3] INFO  verifyingGetItIn2DaysFilterFunctionality_Laptop_20-37-46 - [verifyingGetItIn2DaysFilterFunctionality_Laptop_20-37-46] Waiting until element is visible in viewport
20:37:52 [TestNG-test-Test-3] INFO  verifyingGetItIn2DaysFilterFunctionality_Laptop_20-37-46 - [verifyingGetItIn2DaysFilterFunctionality_Laptop_20-37-46] Within validateDeliveryFilterOptionsWithResult method
20:37:52 [TestNG-test-Test-3] INFO  verifyingGetItIn2DaysFilterFunctionality_Laptop_20-37-46 - [verifyingGetItIn2DaysFilterFunctionality_Laptop_20-37-46] Within safeClick method
20:37:52 [TestNG-test-Test-3] INFO  verifyingGetItIn2DaysFilterFunctionality_Laptop_20-37-46 - [verifyingGetItIn2DaysFilterFunctionality_Laptop_20-37-46] Clicked the  [[ChromeDriver: chrome on windows (8dc3922c3d096f1ebebf6eb8de3f279e)] -> xpath: //span[@class='a-size-base a-color-base puis-bold-weight-text' and text()='Delivery Day']/parent::div/following-sibling::ul//span[@class='a-size-base a-color-base' and text()='Get It in 2 Days']]   using safeClick
20:37:52 [TestNG-test-Test-3] INFO  verifyingGetItIn2DaysFilterFunctionality_Laptop_20-37-46 - [verifyingGetItIn2DaysFilterFunctionality_Laptop_20-37-46] Within getMoreButtonByFilterTypeAndName method
20:37:52 [TestNG-test-Test-3] INFO  verifyingGetItIn2DaysFilterFunctionality_Laptop_20-37-46 - [verifyingGetItIn2DaysFilterFunctionality_Laptop_20-37-46] Clicked on By.xpath: //span[@class='a-size-base a-color-base puis-bold-weight-text' and text()='Delivery Day']/parent::div/following-sibling::ul//span[@class='a-size-base a-color-base' and text()='Get It in 2 Days']
20:37:52 [TestNG-test-Test-3] INFO  verifyingGetItIn2DaysFilterFunctionality_Laptop_20-37-46 - [verifyingGetItIn2DaysFilterFunctionality_Laptop_20-37-46] Within safeFindElements 
20:37:53 [TestNG-test-Test-3] INFO  verifyingGetItIn2DaysFilterFunctionality_Laptop_20-37-46 - [verifyingGetItIn2DaysFilterFunctionality_Laptop_20-37-46] Returning the  [[[ChromeDriver: chrome on windows (8dc3922c3d096f1ebebf6eb8de3f279e)] -> xpath: //div[@class='a-section a-spacing-small a-spacing-top-small']]] from the safeFindElements method
20:37:53 [TestNG-test-Test-3] INFO  verifyingGetItIn2DaysFilterFunctionality_Laptop_20-37-46 - [verifyingGetItIn2DaysFilterFunctionality_Laptop_20-37-46] Created hashset with required data to assert with Within validateDeliveryFilterOptions method
20:37:53 [TestNG-test-Test-3] INFO  verifyingGetItIn2DaysFilterFunctionality_Laptop_20-37-46 - [verifyingGetItIn2DaysFilterFunctionality_Laptop_20-37-46] this is the set  [Jun, Today, Tue, FREE delivery, 08, 09, Mon, Tomorrow]
20:37:53 [TestNG-test-Test-3] INFO  verifyingGetItIn2DaysFilterFunctionality_Laptop_20-37-46 - [verifyingGetItIn2DaysFilterFunctionality_Laptop_20-37-46] Within deliveryElements loop iterating over the products  Within validateDeliveryFilterOptions method
20:37:53 [TestNG-test-Test-3] INFO  verifyingGetItIn2DaysFilterFunctionality_Laptop_20-37-46 - [verifyingGetItIn2DaysFilterFunctionality_Laptop_20-37-46] Checking if the allowedDateParts have the assert text   Within validateDeliveryFilterOptions method
20:37:53 [TestNG-test-Test-3] INFO  verifyingGetItIn2DaysFilterFunctionality_Laptop_20-37-46 - [verifyingGetItIn2DaysFilterFunctionality_Laptop_20-37-46] Returning the list with boolean values   Within validateDeliveryFilterOptions method
20:37:53 [TestNG-test-Test-3] INFO  verifyingGetItIn2DaysFilterFunctionality_Laptop_20-37-46 - [verifyingGetItIn2DaysFilterFunctionality_Laptop_20-37-46] Asserting delivery filter: isValid=true, index=-1, text=All the things are valid no errors
