2026-02-28 06:26:45.702 PM [TestNG-test-Test-1] INFO  [verifyingGetItByTomorrowFilterFunctionality] 🔹 Starting test method: verifyingGetItByTomorrowFilterFunctionality
2026-02-28 06:26:45.707 PM [TestNG-test-Test-1] INFO  [verifyingGetItByTomorrowFilterFunctionality] No existing WebDriver found for current thread. Initializing a new ChromeDriver...
2026-02-28 06:26:45.724 PM [TestNG-test-Test-1] INFO  [verifyingGetItByTomorrowFilterFunctionality] WebDriverManager: chromedriver setup OK
2026-02-28 06:26:47.865 PM [TestNG-test-Test-1] INFO  [verifyingGetItByTomorrowFilterFunctionality] ChromeDriver initialized successfully for thread: 34
2026-02-28 06:26:48.704 PM [TestNG-test-Test-1] INFO  [verifyingGetItByTomorrowFilterFunctionality] [verifyingGetItByTomorrowFilterFunctionality] Opening amazon Landing page
2026-02-28 06:26:48.705 PM [TestNG-test-Test-1] INFO  [verifyingGetItByTomorrowFilterFunctionality] [verifyingGetItByTomorrowFilterFunctionality] Within safeFindElement method
2026-02-28 06:26:54.057 PM [TestNG-test-Test-1] INFO  [verifyingGetItByTomorrowFilterFunctionality] [verifyingGetItByTomorrowFilterFunctionality]Retrying findElement for: ->By.xpath: //a[@id='nav-logo-sprites']
2026-02-28 06:26:54.356 PM [TestNG-test-Test-1] INFO  [verifyingGetItByTomorrowFilterFunctionality] [verifyingGetItByTomorrowFilterFunctionality]Refrehsing the page , while trying to safely find : ->By.xpath: //a[@id='nav-logo-sprites']
2026-02-28 06:26:59.516 PM [TestNG-test-Test-1] INFO  [verifyingGetItByTomorrowFilterFunctionality] [verifyingGetItByTomorrowFilterFunctionality]Retrying findElement for: ->By.xpath: //a[@id='nav-logo-sprites']
2026-02-28 06:27:00.060 PM [TestNG-test-Test-1] INFO  [verifyingGetItByTomorrowFilterFunctionality] [verifyingGetItByTomorrowFilterFunctionality]Refrehsing the page , while trying to safely find : ->By.xpath: //a[@id='nav-logo-sprites']
2026-02-28 06:27:00.060 PM [TestNG-test-Test-1] INFO  [verifyingGetItByTomorrowFilterFunctionality] [verifyingGetItByTomorrowFilterFunctionality] Skipping action: Element not found after 2   attemps
2026-02-28 06:27:05.498 PM [TestNG-test-Test-1] INFO  [verifyingGetItByTomorrowFilterFunctionality] [verifyingGetItByTomorrowFilterFunctionality] Giving input within the search bar
2026-02-28 06:27:05.498 PM [TestNG-test-Test-1] INFO  [verifyingGetItByTomorrowFilterFunctionality] [verifyingGetItByTomorrowFilterFunctionality] Within safeClick method
2026-02-28 06:27:10.134 PM [TestNG-test-Test-1] INFO  [verifyingGetItByTomorrowFilterFunctionality] [verifyingGetItByTomorrowFilterFunctionality] Clicked the  [[ChromeDriver: chrome on windows (600e016ed8d4e3de5715dbc39ff69798)] -> xpath: //input[@id='nav-search-submit-button']]   using safeClick
2026-02-28 06:27:10.134 PM [TestNG-test-Test-1] INFO  [verifyingGetItByTomorrowFilterFunctionality] [verifyingGetItByTomorrowFilterFunctionality] Clicking on the submit in the search bar
2026-02-28 06:27:10.296 PM [TestNG-test-Test-1] INFO  [verifyingGetItByTomorrowFilterFunctionality] [verifyingGetItByTomorrowFilterFunctionality] Waiting until element is visible in viewport
2026-02-28 06:27:10.343 PM [TestNG-test-Test-1] INFO  [verifyingGetItByTomorrowFilterFunctionality] [verifyingGetItByTomorrowFilterFunctionality] Within validateDeliveryFilterOptionsWithResult method
2026-02-28 06:27:10.343 PM [TestNG-test-Test-1] INFO  [verifyingGetItByTomorrowFilterFunctionality] [verifyingGetItByTomorrowFilterFunctionality] Within safeClick method
2026-02-28 06:27:10.702 PM [TestNG-test-Test-1] INFO  [verifyingGetItByTomorrowFilterFunctionality] [verifyingGetItByTomorrowFilterFunctionality] Clicked the  [[ChromeDriver: chrome on windows (600e016ed8d4e3de5715dbc39ff69798)] -> xpath: //span[@class='a-size-base a-color-base puis-bold-weight-text' and text()='Delivery Day']/parent::div/following-sibling::ul//span[@class='a-size-base a-color-base' and text()='Get It by Tomorrow']]   using safeClick
2026-02-28 06:27:10.702 PM [TestNG-test-Test-1] INFO  [verifyingGetItByTomorrowFilterFunctionality] [verifyingGetItByTomorrowFilterFunctionality] Within getMoreButtonByFilterTypeAndName method
2026-02-28 06:27:10.703 PM [TestNG-test-Test-1] INFO  [verifyingGetItByTomorrowFilterFunctionality] [verifyingGetItByTomorrowFilterFunctionality] Capturing screenshot: Filter_Applied_is_Get_It_by_Tomorrow__2026-02-28_182710.jpg
2026-02-28 06:27:10.896 PM [TestNG-test-Test-1] INFO  [verifyingGetItByTomorrowFilterFunctionality] [verifyingGetItByTomorrowFilterFunctionality] Screenshot saved at: test-output/screenshots/Run_2026-02-28_17-58-21/verifyingGetItByTomorrowFilterFunctionality/Filter_Applied_is_Get_It_by_Tomorrow__2026-02-28_182710.jpg
2026-02-28 06:27:10.896 PM [TestNG-test-Test-1] INFO  [verifyingGetItByTomorrowFilterFunctionality] [verifyingGetItByTomorrowFilterFunctionality] Clicked on By.xpath: //span[@class='a-size-base a-color-base puis-bold-weight-text' and text()='Delivery Day']/parent::div/following-sibling::ul//span[@class='a-size-base a-color-base' and text()='Get It by Tomorrow']
2026-02-28 06:27:10.896 PM [TestNG-test-Test-1] INFO  [verifyingGetItByTomorrowFilterFunctionality] [verifyingGetItByTomorrowFilterFunctionality] Within safeFindElements 
2026-02-28 06:27:11.439 PM [TestNG-test-Test-1] INFO  [verifyingGetItByTomorrowFilterFunctionality] [verifyingGetItByTomorrowFilterFunctionality] Returning the  [[[ChromeDriver: chrome on windows (600e016ed8d4e3de5715dbc39ff69798)] -> xpath: //div[@class='a-section a-spacing-small a-spacing-top-small']], [[ChromeDriver: chrome on windows (600e016ed8d4e3de5715dbc39ff69798)] -> xpath: //div[@class='a-section a-spacing-small a-spacing-top-small']], [[ChromeDriver: chrome on windows (600e016ed8d4e3de5715dbc39ff69798)] -> xpath: //div[@class='a-section a-spacing-small a-spacing-top-small']], [[ChromeDriver: chrome on windows (600e016ed8d4e3de5715dbc39ff69798)] -> xpath: //div[@class='a-section a-spacing-small a-spacing-top-small']], [[ChromeDriver: chrome on windows (600e016ed8d4e3de5715dbc39ff69798)] -> xpath: //div[@class='a-section a-spacing-small a-spacing-top-small']], [[ChromeDriver: chrome on windows (600e016ed8d4e3de5715dbc39ff69798)] -> xpath: //div[@class='a-section a-spacing-small a-spacing-top-small']], [[ChromeDriver: chrome on windows (600e016ed8d4e3de5715dbc39ff69798)] -> xpath: //div[@class='a-section a-spacing-small a-spacing-top-small']], [[ChromeDriver: chrome on windows (600e016ed8d4e3de5715dbc39ff69798)] -> xpath: //div[@class='a-section a-spacing-small a-spacing-top-small']]] from the safeFindElements method
2026-02-28 06:27:11.440 PM [TestNG-test-Test-1] INFO  [verifyingGetItByTomorrowFilterFunctionality] [verifyingGetItByTomorrowFilterFunctionality] Created hashset with required data to assert with Within validateDeliveryFilterOptions method
2026-02-28 06:27:11.440 PM [TestNG-test-Test-1] INFO  [verifyingGetItByTomorrowFilterFunctionality] [verifyingGetItByTomorrowFilterFunctionality] this is the set  [01, Feb, Today, FREE delivery, 28, Sat, Sun, Tomorrow, Mar]
2026-02-28 06:27:11.440 PM [TestNG-test-Test-1] INFO  [verifyingGetItByTomorrowFilterFunctionality] [verifyingGetItByTomorrowFilterFunctionality] Within deliveryElements loop iterating over the products  Within validateDeliveryFilterOptions method
2026-02-28 06:27:11.483 PM [TestNG-test-Test-1] INFO  [verifyingGetItByTomorrowFilterFunctionality] [verifyingGetItByTomorrowFilterFunctionality] Checking if the allowedDateParts have the assert text   Within validateDeliveryFilterOptions method
2026-02-28 06:27:11.483 PM [TestNG-test-Test-1] INFO  [verifyingGetItByTomorrowFilterFunctionality] [verifyingGetItByTomorrowFilterFunctionality] Within deliveryElements loop iterating over the products  Within validateDeliveryFilterOptions method
2026-02-28 06:27:11.534 PM [TestNG-test-Test-1] INFO  [verifyingGetItByTomorrowFilterFunctionality] [verifyingGetItByTomorrowFilterFunctionality] Checking if the allowedDateParts have the assert text   Within validateDeliveryFilterOptions method
2026-02-28 06:27:11.534 PM [TestNG-test-Test-1] INFO  [verifyingGetItByTomorrowFilterFunctionality] [verifyingGetItByTomorrowFilterFunctionality] Within deliveryElements loop iterating over the products  Within validateDeliveryFilterOptions method
2026-02-28 06:27:11.623 PM [TestNG-test-Test-1] INFO  [verifyingGetItByTomorrowFilterFunctionality] [verifyingGetItByTomorrowFilterFunctionality] Checking if the allowedDateParts have the assert text   Within validateDeliveryFilterOptions method
2026-02-28 06:27:11.623 PM [TestNG-test-Test-1] INFO  [verifyingGetItByTomorrowFilterFunctionality] [verifyingGetItByTomorrowFilterFunctionality] Within deliveryElements loop iterating over the products  Within validateDeliveryFilterOptions method
2026-02-28 06:27:11.671 PM [TestNG-test-Test-1] INFO  [verifyingGetItByTomorrowFilterFunctionality] [verifyingGetItByTomorrowFilterFunctionality] Checking if the allowedDateParts have the assert text   Within validateDeliveryFilterOptions method
2026-02-28 06:27:11.671 PM [TestNG-test-Test-1] INFO  [verifyingGetItByTomorrowFilterFunctionality] [verifyingGetItByTomorrowFilterFunctionality] Within deliveryElements loop iterating over the products  Within validateDeliveryFilterOptions method
2026-02-28 06:27:11.721 PM [TestNG-test-Test-1] INFO  [verifyingGetItByTomorrowFilterFunctionality] [verifyingGetItByTomorrowFilterFunctionality] Checking if the allowedDateParts have the assert text   Within validateDeliveryFilterOptions method
2026-02-28 06:27:11.721 PM [TestNG-test-Test-1] INFO  [verifyingGetItByTomorrowFilterFunctionality] [verifyingGetItByTomorrowFilterFunctionality] Within deliveryElements loop iterating over the products  Within validateDeliveryFilterOptions method
2026-02-28 06:27:11.770 PM [TestNG-test-Test-1] INFO  [verifyingGetItByTomorrowFilterFunctionality] [verifyingGetItByTomorrowFilterFunctionality] Checking if the allowedDateParts have the assert text   Within validateDeliveryFilterOptions method
2026-02-28 06:27:11.770 PM [TestNG-test-Test-1] INFO  [verifyingGetItByTomorrowFilterFunctionality] [verifyingGetItByTomorrowFilterFunctionality] Within deliveryElements loop iterating over the products  Within validateDeliveryFilterOptions method
2026-02-28 06:27:11.805 PM [TestNG-test-Test-1] INFO  [verifyingGetItByTomorrowFilterFunctionality] [verifyingGetItByTomorrowFilterFunctionality] Checking if the allowedDateParts have the assert text   Within validateDeliveryFilterOptions method
2026-02-28 06:27:11.805 PM [TestNG-test-Test-1] INFO  [verifyingGetItByTomorrowFilterFunctionality] [verifyingGetItByTomorrowFilterFunctionality] Within deliveryElements loop iterating over the products  Within validateDeliveryFilterOptions method
2026-02-28 06:27:11.893 PM [TestNG-test-Test-1] INFO  [verifyingGetItByTomorrowFilterFunctionality] [verifyingGetItByTomorrowFilterFunctionality] Checking if the allowedDateParts have the assert text   Within validateDeliveryFilterOptions method
2026-02-28 06:27:11.893 PM [TestNG-test-Test-1] INFO  [verifyingGetItByTomorrowFilterFunctionality] [verifyingGetItByTomorrowFilterFunctionality] Returning the list with boolean values   Within validateDeliveryFilterOptions method
2026-02-28 06:27:11.893 PM [TestNG-test-Test-1] INFO  [verifyingGetItByTomorrowFilterFunctionality] [verifyingGetItByTomorrowFilterFunctionality] Asserting delivery filter: isValid=true, index=-1, text=All the things are valid no errors
2026-02-28 06:27:11.899 PM [TestNG-test-Test-1] INFO  [verifyingGetItByTomorrowFilterFunctionality] ✅ Finished test method: verifyingGetItByTomorrowFilterFunctionality
2026-02-28 06:27:12.411 PM [TestNG-test-Test-1] INFO  [verifyingGetItByTomorrowFilterFunctionality] 🔹 Starting test method: verifyingGetItByTomorrowFilterFunctionality
2026-02-28 06:27:12.411 PM [TestNG-test-Test-1] INFO  [verifyingGetItByTomorrowFilterFunctionality] No existing WebDriver found for current thread. Initializing a new ChromeDriver...
2026-02-28 06:27:12.422 PM [TestNG-test-Test-1] INFO  [verifyingGetItByTomorrowFilterFunctionality] WebDriverManager: chromedriver setup OK
2026-02-28 06:27:14.067 PM [TestNG-test-Test-1] INFO  [verifyingGetItByTomorrowFilterFunctionality] ChromeDriver initialized successfully for thread: 34
2026-02-28 06:27:14.872 PM [TestNG-test-Test-1] INFO  [verifyingGetItByTomorrowFilterFunctionality] [verifyingGetItByTomorrowFilterFunctionality] Opening amazon Landing page
2026-02-28 06:27:14.872 PM [TestNG-test-Test-1] INFO  [verifyingGetItByTomorrowFilterFunctionality] [verifyingGetItByTomorrowFilterFunctionality] Within safeFindElement method
2026-02-28 06:27:19.982 PM [TestNG-test-Test-1] INFO  [verifyingGetItByTomorrowFilterFunctionality] [verifyingGetItByTomorrowFilterFunctionality]Retrying findElement for: ->By.xpath: //a[@id='nav-logo-sprites']
2026-02-28 06:27:20.181 PM [TestNG-test-Test-1] INFO  [verifyingGetItByTomorrowFilterFunctionality] [verifyingGetItByTomorrowFilterFunctionality]Refrehsing the page , while trying to safely find : ->By.xpath: //a[@id='nav-logo-sprites']
2026-02-28 06:27:25.372 PM [TestNG-test-Test-1] INFO  [verifyingGetItByTomorrowFilterFunctionality] [verifyingGetItByTomorrowFilterFunctionality]Retrying findElement for: ->By.xpath: //a[@id='nav-logo-sprites']
2026-02-28 06:27:25.759 PM [TestNG-test-Test-1] INFO  [verifyingGetItByTomorrowFilterFunctionality] [verifyingGetItByTomorrowFilterFunctionality]Refrehsing the page , while trying to safely find : ->By.xpath: //a[@id='nav-logo-sprites']
2026-02-28 06:27:25.759 PM [TestNG-test-Test-1] INFO  [verifyingGetItByTomorrowFilterFunctionality] [verifyingGetItByTomorrowFilterFunctionality] Skipping action: Element not found after 2   attemps
2026-02-28 06:27:32.274 PM [TestNG-test-Test-1] INFO  [verifyingGetItByTomorrowFilterFunctionality] [verifyingGetItByTomorrowFilterFunctionality] Giving input within the search bar
2026-02-28 06:27:32.274 PM [TestNG-test-Test-1] INFO  [verifyingGetItByTomorrowFilterFunctionality] [verifyingGetItByTomorrowFilterFunctionality] Within safeClick method
2026-02-28 06:27:34.150 PM [TestNG-test-Test-1] INFO  [verifyingGetItByTomorrowFilterFunctionality] [verifyingGetItByTomorrowFilterFunctionality] Clicked the  [[ChromeDriver: chrome on windows (6fd86f27319166e6d3b2ed5ea517ae80)] -> xpath: //input[@id='nav-search-submit-button']]   using safeClick
2026-02-28 06:27:34.150 PM [TestNG-test-Test-1] INFO  [verifyingGetItByTomorrowFilterFunctionality] [verifyingGetItByTomorrowFilterFunctionality] Clicking on the submit in the search bar
2026-02-28 06:27:34.327 PM [TestNG-test-Test-1] INFO  [verifyingGetItByTomorrowFilterFunctionality] [verifyingGetItByTomorrowFilterFunctionality] Waiting until element is visible in viewport
2026-02-28 06:27:44.356 PM [TestNG-test-Test-1] WARN  [verifyingGetItByTomorrowFilterFunctionality] [verifyingGetItByTomorrowFilterFunctionality]   Filter option 'Get It by Tomorrow' does not exist. Skipping the test.
2026-02-28 06:27:44.362 PM [TestNG-test-Test-1] INFO  [verifyingGetItByTomorrowFilterFunctionality] ✅ Finished test method: verifyingGetItByTomorrowFilterFunctionality
2026-02-28 06:27:44.900 PM [TestNG-test-Test-1] INFO  [verifyingGetItByTomorrowFilterFunctionality] 🔹 Starting test method: verifyingGetItByTomorrowFilterFunctionality
2026-02-28 06:27:44.900 PM [TestNG-test-Test-1] INFO  [verifyingGetItByTomorrowFilterFunctionality] No existing WebDriver found for current thread. Initializing a new ChromeDriver...
2026-02-28 06:27:44.911 PM [TestNG-test-Test-1] INFO  [verifyingGetItByTomorrowFilterFunctionality] WebDriverManager: chromedriver setup OK
2026-02-28 06:27:47.054 PM [TestNG-test-Test-1] INFO  [verifyingGetItByTomorrowFilterFunctionality] ChromeDriver initialized successfully for thread: 34
2026-02-28 06:27:48.228 PM [TestNG-test-Test-1] INFO  [verifyingGetItByTomorrowFilterFunctionality] [verifyingGetItByTomorrowFilterFunctionality] Opening amazon Landing page
2026-02-28 06:27:48.228 PM [TestNG-test-Test-1] INFO  [verifyingGetItByTomorrowFilterFunctionality] [verifyingGetItByTomorrowFilterFunctionality] Within safeFindElement method
2026-02-28 06:27:48.305 PM [TestNG-test-Test-1] INFO  [verifyingGetItByTomorrowFilterFunctionality] [verifyingGetItByTomorrowFilterFunctionality]Found the element returning it ,element ->[[ChromeDriver: chrome on windows (13222a64f84559badb1b8fb3c25ce9bf)] -> xpath: //a[@id='nav-logo-sprites']]
2026-02-28 06:27:48.931 PM [TestNG-test-Test-1] INFO  [verifyingGetItByTomorrowFilterFunctionality] [verifyingGetItByTomorrowFilterFunctionality] Giving input within the search bar
2026-02-28 06:27:48.931 PM [TestNG-test-Test-1] INFO  [verifyingGetItByTomorrowFilterFunctionality] [verifyingGetItByTomorrowFilterFunctionality] Within safeClick method
2026-02-28 06:27:51.230 PM [TestNG-test-Test-1] INFO  [verifyingGetItByTomorrowFilterFunctionality] [verifyingGetItByTomorrowFilterFunctionality] Clicked the  [[ChromeDriver: chrome on windows (13222a64f84559badb1b8fb3c25ce9bf)] -> xpath: //input[@id='nav-search-submit-button']]   using safeClick
2026-02-28 06:27:51.230 PM [TestNG-test-Test-1] INFO  [verifyingGetItByTomorrowFilterFunctionality] [verifyingGetItByTomorrowFilterFunctionality] Clicking on the submit in the search bar
2026-02-28 06:27:51.430 PM [TestNG-test-Test-1] INFO  [verifyingGetItByTomorrowFilterFunctionality] [verifyingGetItByTomorrowFilterFunctionality] Waiting until element is visible in viewport
2026-02-28 06:27:51.480 PM [TestNG-test-Test-1] INFO  [verifyingGetItByTomorrowFilterFunctionality] [verifyingGetItByTomorrowFilterFunctionality] Within validateDeliveryFilterOptionsWithResult method
2026-02-28 06:27:51.480 PM [TestNG-test-Test-1] INFO  [verifyingGetItByTomorrowFilterFunctionality] [verifyingGetItByTomorrowFilterFunctionality] Within safeClick method
2026-02-28 06:27:51.762 PM [TestNG-test-Test-1] INFO  [verifyingGetItByTomorrowFilterFunctionality] [verifyingGetItByTomorrowFilterFunctionality] Clicked the  [[ChromeDriver: chrome on windows (13222a64f84559badb1b8fb3c25ce9bf)] -> xpath: //span[@class='a-size-base a-color-base puis-bold-weight-text' and text()='Delivery Day']/parent::div/following-sibling::ul//span[@class='a-size-base a-color-base' and text()='Get It by Tomorrow']]   using safeClick
2026-02-28 06:27:51.763 PM [TestNG-test-Test-1] INFO  [verifyingGetItByTomorrowFilterFunctionality] [verifyingGetItByTomorrowFilterFunctionality] Within getMoreButtonByFilterTypeAndName method
2026-02-28 06:27:51.763 PM [TestNG-test-Test-1] INFO  [verifyingGetItByTomorrowFilterFunctionality] [verifyingGetItByTomorrowFilterFunctionality] Capturing screenshot: Filter_Applied_is_Get_It_by_Tomorrow__2026-02-28_182751.jpg
2026-02-28 06:27:51.932 PM [TestNG-test-Test-1] INFO  [verifyingGetItByTomorrowFilterFunctionality] [verifyingGetItByTomorrowFilterFunctionality] Screenshot saved at: test-output/screenshots/Run_2026-02-28_17-58-21/verifyingGetItByTomorrowFilterFunctionality/Filter_Applied_is_Get_It_by_Tomorrow__2026-02-28_182751.jpg
2026-02-28 06:27:51.932 PM [TestNG-test-Test-1] INFO  [verifyingGetItByTomorrowFilterFunctionality] [verifyingGetItByTomorrowFilterFunctionality] Clicked on By.xpath: //span[@class='a-size-base a-color-base puis-bold-weight-text' and text()='Delivery Day']/parent::div/following-sibling::ul//span[@class='a-size-base a-color-base' and text()='Get It by Tomorrow']
2026-02-28 06:27:51.932 PM [TestNG-test-Test-1] INFO  [verifyingGetItByTomorrowFilterFunctionality] [verifyingGetItByTomorrowFilterFunctionality] Within safeFindElements 
2026-02-28 06:27:53.005 PM [TestNG-test-Test-1] INFO  [verifyingGetItByTomorrowFilterFunctionality] [verifyingGetItByTomorrowFilterFunctionality] Returning the  [[[ChromeDriver: chrome on windows (13222a64f84559badb1b8fb3c25ce9bf)] -> xpath: //div[@class='a-section a-spacing-small a-spacing-top-small']], [[ChromeDriver: chrome on windows (13222a64f84559badb1b8fb3c25ce9bf)] -> xpath: //div[@class='a-section a-spacing-small a-spacing-top-small']], [[ChromeDriver: chrome on windows (13222a64f84559badb1b8fb3c25ce9bf)] -> xpath: //div[@class='a-section a-spacing-small a-spacing-top-small']], [[ChromeDriver: chrome on windows (13222a64f84559badb1b8fb3c25ce9bf)] -> xpath: //div[@class='a-section a-spacing-small a-spacing-top-small']], [[ChromeDriver: chrome on windows (13222a64f84559badb1b8fb3c25ce9bf)] -> xpath: //div[@class='a-section a-spacing-small a-spacing-top-small']], [[ChromeDriver: chrome on windows (13222a64f84559badb1b8fb3c25ce9bf)] -> xpath: //div[@class='a-section a-spacing-small a-spacing-top-small']], [[ChromeDriver: chrome on windows (13222a64f84559badb1b8fb3c25ce9bf)] -> xpath: //div[@class='a-section a-spacing-small a-spacing-top-small']], [[ChromeDriver: chrome on windows (13222a64f84559badb1b8fb3c25ce9bf)] -> xpath: //div[@class='a-section a-spacing-small a-spacing-top-small']], [[ChromeDriver: chrome on windows (13222a64f84559badb1b8fb3c25ce9bf)] -> xpath: //div[@class='a-section a-spacing-small a-spacing-top-small']], [[ChromeDriver: chrome on windows (13222a64f84559badb1b8fb3c25ce9bf)] -> xpath: //div[@class='a-section a-spacing-small a-spacing-top-small']], [[ChromeDriver: chrome on windows (13222a64f84559badb1b8fb3c25ce9bf)] -> xpath: //div[@class='a-section a-spacing-small a-spacing-top-small']], [[ChromeDriver: chrome on windows (13222a64f84559badb1b8fb3c25ce9bf)] -> xpath: //div[@class='a-section a-spacing-small a-spacing-top-small']], [[ChromeDriver: chrome on windows (13222a64f84559badb1b8fb3c25ce9bf)] -> xpath: //div[@class='a-section a-spacing-small a-spacing-top-small']], [[ChromeDriver: chrome on windows (13222a64f84559badb1b8fb3c25ce9bf)] -> xpath: //div[@class='a-section a-spacing-small a-spacing-top-small']], [[ChromeDriver: chrome on windows (13222a64f84559badb1b8fb3c25ce9bf)] -> xpath: //div[@class='a-section a-spacing-small a-spacing-top-small']], [[ChromeDriver: chrome on windows (13222a64f84559badb1b8fb3c25ce9bf)] -> xpath: //div[@class='a-section a-spacing-small a-spacing-top-small']], [[ChromeDriver: chrome on windows (13222a64f84559badb1b8fb3c25ce9bf)] -> xpath: //div[@class='a-section a-spacing-small a-spacing-top-small']]] from the safeFindElements method
2026-02-28 06:27:53.006 PM [TestNG-test-Test-1] INFO  [verifyingGetItByTomorrowFilterFunctionality] [verifyingGetItByTomorrowFilterFunctionality] Created hashset with required data to assert with Within validateDeliveryFilterOptions method
2026-02-28 06:27:53.006 PM [TestNG-test-Test-1] INFO  [verifyingGetItByTomorrowFilterFunctionality] [verifyingGetItByTomorrowFilterFunctionality] this is the set  [01, Feb, Today, FREE delivery, 28, Sat, Sun, Tomorrow, Mar]
2026-02-28 06:27:53.006 PM [TestNG-test-Test-1] INFO  [verifyingGetItByTomorrowFilterFunctionality] [verifyingGetItByTomorrowFilterFunctionality] Within deliveryElements loop iterating over the products  Within validateDeliveryFilterOptions method
2026-02-28 06:27:53.074 PM [TestNG-test-Test-1] INFO  [verifyingGetItByTomorrowFilterFunctionality] [verifyingGetItByTomorrowFilterFunctionality] Checking if the allowedDateParts have the assert text   Within validateDeliveryFilterOptions method
2026-02-28 06:27:53.074 PM [TestNG-test-Test-1] INFO  [verifyingGetItByTomorrowFilterFunctionality] [verifyingGetItByTomorrowFilterFunctionality] Within deliveryElements loop iterating over the products  Within validateDeliveryFilterOptions method
2026-02-28 06:27:53.105 PM [TestNG-test-Test-1] INFO  [verifyingGetItByTomorrowFilterFunctionality] [verifyingGetItByTomorrowFilterFunctionality] Checking if the allowedDateParts have the assert text   Within validateDeliveryFilterOptions method
2026-02-28 06:27:53.105 PM [TestNG-test-Test-1] INFO  [verifyingGetItByTomorrowFilterFunctionality] [verifyingGetItByTomorrowFilterFunctionality] Within deliveryElements loop iterating over the products  Within validateDeliveryFilterOptions method
2026-02-28 06:27:53.146 PM [TestNG-test-Test-1] INFO  [verifyingGetItByTomorrowFilterFunctionality] [verifyingGetItByTomorrowFilterFunctionality] Checking if the allowedDateParts have the assert text   Within validateDeliveryFilterOptions method
2026-02-28 06:27:53.146 PM [TestNG-test-Test-1] INFO  [verifyingGetItByTomorrowFilterFunctionality] [verifyingGetItByTomorrowFilterFunctionality] Within deliveryElements loop iterating over the products  Within validateDeliveryFilterOptions method
2026-02-28 06:27:53.200 PM [TestNG-test-Test-1] INFO  [verifyingGetItByTomorrowFilterFunctionality] [verifyingGetItByTomorrowFilterFunctionality] Checking if the allowedDateParts have the assert text   Within validateDeliveryFilterOptions method
2026-02-28 06:27:53.200 PM [TestNG-test-Test-1] INFO  [verifyingGetItByTomorrowFilterFunctionality] [verifyingGetItByTomorrowFilterFunctionality] Within deliveryElements loop iterating over the products  Within validateDeliveryFilterOptions method
2026-02-28 06:27:53.244 PM [TestNG-test-Test-1] INFO  [verifyingGetItByTomorrowFilterFunctionality] [verifyingGetItByTomorrowFilterFunctionality] Checking if the allowedDateParts have the assert text   Within validateDeliveryFilterOptions method
2026-02-28 06:27:53.244 PM [TestNG-test-Test-1] INFO  [verifyingGetItByTomorrowFilterFunctionality] [verifyingGetItByTomorrowFilterFunctionality] Within deliveryElements loop iterating over the products  Within validateDeliveryFilterOptions method
2026-02-28 06:27:53.388 PM [TestNG-test-Test-1] INFO  [verifyingGetItByTomorrowFilterFunctionality] [verifyingGetItByTomorrowFilterFunctionality] Checking if the allowedDateParts have the assert text   Within validateDeliveryFilterOptions method
2026-02-28 06:27:53.388 PM [TestNG-test-Test-1] INFO  [verifyingGetItByTomorrowFilterFunctionality] [verifyingGetItByTomorrowFilterFunctionality] Within deliveryElements loop iterating over the products  Within validateDeliveryFilterOptions method
2026-02-28 06:27:53.467 PM [TestNG-test-Test-1] INFO  [verifyingGetItByTomorrowFilterFunctionality] [verifyingGetItByTomorrowFilterFunctionality] Checking if the allowedDateParts have the assert text   Within validateDeliveryFilterOptions method
2026-02-28 06:27:53.467 PM [TestNG-test-Test-1] INFO  [verifyingGetItByTomorrowFilterFunctionality] [verifyingGetItByTomorrowFilterFunctionality] Within deliveryElements loop iterating over the products  Within validateDeliveryFilterOptions method
2026-02-28 06:27:53.566 PM [TestNG-test-Test-1] INFO  [verifyingGetItByTomorrowFilterFunctionality] [verifyingGetItByTomorrowFilterFunctionality] Checking if the allowedDateParts have the assert text   Within validateDeliveryFilterOptions method
2026-02-28 06:27:53.566 PM [TestNG-test-Test-1] INFO  [verifyingGetItByTomorrowFilterFunctionality] [verifyingGetItByTomorrowFilterFunctionality] Within deliveryElements loop iterating over the products  Within validateDeliveryFilterOptions method
2026-02-28 06:27:53.622 PM [TestNG-test-Test-1] INFO  [verifyingGetItByTomorrowFilterFunctionality] [verifyingGetItByTomorrowFilterFunctionality] Checking if the allowedDateParts have the assert text   Within validateDeliveryFilterOptions method
2026-02-28 06:27:53.623 PM [TestNG-test-Test-1] INFO  [verifyingGetItByTomorrowFilterFunctionality] [verifyingGetItByTomorrowFilterFunctionality] Within deliveryElements loop iterating over the products  Within validateDeliveryFilterOptions method
2026-02-28 06:27:53.658 PM [TestNG-test-Test-1] INFO  [verifyingGetItByTomorrowFilterFunctionality] [verifyingGetItByTomorrowFilterFunctionality] Checking if the allowedDateParts have the assert text   Within validateDeliveryFilterOptions method
2026-02-28 06:27:53.658 PM [TestNG-test-Test-1] INFO  [verifyingGetItByTomorrowFilterFunctionality] [verifyingGetItByTomorrowFilterFunctionality] Within deliveryElements loop iterating over the products  Within validateDeliveryFilterOptions method
2026-02-28 06:27:53.699 PM [TestNG-test-Test-1] INFO  [verifyingGetItByTomorrowFilterFunctionality] [verifyingGetItByTomorrowFilterFunctionality] Checking if the allowedDateParts have the assert text   Within validateDeliveryFilterOptions method
2026-02-28 06:27:53.699 PM [TestNG-test-Test-1] INFO  [verifyingGetItByTomorrowFilterFunctionality] [verifyingGetItByTomorrowFilterFunctionality] Within deliveryElements loop iterating over the products  Within validateDeliveryFilterOptions method
2026-02-28 06:27:53.741 PM [TestNG-test-Test-1] INFO  [verifyingGetItByTomorrowFilterFunctionality] [verifyingGetItByTomorrowFilterFunctionality] Checking if the allowedDateParts have the assert text   Within validateDeliveryFilterOptions method
2026-02-28 06:27:53.741 PM [TestNG-test-Test-1] INFO  [verifyingGetItByTomorrowFilterFunctionality] [verifyingGetItByTomorrowFilterFunctionality] Within deliveryElements loop iterating over the products  Within validateDeliveryFilterOptions method
2026-02-28 06:27:53.797 PM [TestNG-test-Test-1] INFO  [verifyingGetItByTomorrowFilterFunctionality] [verifyingGetItByTomorrowFilterFunctionality] Checking if the allowedDateParts have the assert text   Within validateDeliveryFilterOptions method
2026-02-28 06:27:53.797 PM [TestNG-test-Test-1] INFO  [verifyingGetItByTomorrowFilterFunctionality] [verifyingGetItByTomorrowFilterFunctionality] Within deliveryElements loop iterating over the products  Within validateDeliveryFilterOptions method
2026-02-28 06:27:53.831 PM [TestNG-test-Test-1] INFO  [verifyingGetItByTomorrowFilterFunctionality] [verifyingGetItByTomorrowFilterFunctionality] Checking if the allowedDateParts have the assert text   Within validateDeliveryFilterOptions method
2026-02-28 06:27:53.831 PM [TestNG-test-Test-1] INFO  [verifyingGetItByTomorrowFilterFunctionality] [verifyingGetItByTomorrowFilterFunctionality] Within deliveryElements loop iterating over the products  Within validateDeliveryFilterOptions method
2026-02-28 06:27:53.857 PM [TestNG-test-Test-1] INFO  [verifyingGetItByTomorrowFilterFunctionality] [verifyingGetItByTomorrowFilterFunctionality] Checking if the allowedDateParts have the assert text   Within validateDeliveryFilterOptions method
2026-02-28 06:27:53.857 PM [TestNG-test-Test-1] INFO  [verifyingGetItByTomorrowFilterFunctionality] [verifyingGetItByTomorrowFilterFunctionality] Within deliveryElements loop iterating over the products  Within validateDeliveryFilterOptions method
2026-02-28 06:27:53.884 PM [TestNG-test-Test-1] INFO  [verifyingGetItByTomorrowFilterFunctionality] [verifyingGetItByTomorrowFilterFunctionality] Checking if the allowedDateParts have the assert text   Within validateDeliveryFilterOptions method
2026-02-28 06:27:53.884 PM [TestNG-test-Test-1] INFO  [verifyingGetItByTomorrowFilterFunctionality] [verifyingGetItByTomorrowFilterFunctionality] Within deliveryElements loop iterating over the products  Within validateDeliveryFilterOptions method
2026-02-28 06:27:53.969 PM [TestNG-test-Test-1] INFO  [verifyingGetItByTomorrowFilterFunctionality] [verifyingGetItByTomorrowFilterFunctionality] Checking if the allowedDateParts have the assert text   Within validateDeliveryFilterOptions method
2026-02-28 06:27:53.969 PM [TestNG-test-Test-1] INFO  [verifyingGetItByTomorrowFilterFunctionality] [verifyingGetItByTomorrowFilterFunctionality] Returning the list with boolean values   Within validateDeliveryFilterOptions method
2026-02-28 06:27:53.970 PM [TestNG-test-Test-1] INFO  [verifyingGetItByTomorrowFilterFunctionality] [verifyingGetItByTomorrowFilterFunctionality] Asserting delivery filter: isValid=true, index=-1, text=All the things are valid no errors
2026-02-28 06:27:53.980 PM [TestNG-test-Test-1] INFO  [verifyingGetItByTomorrowFilterFunctionality] ✅ Finished test method: verifyingGetItByTomorrowFilterFunctionality
