20:57:25 [TestNG-test-Test-3] INFO  verifyingPriceSilderFunctionality_20-57-25 - No existing WebDriver found for current thread. Initializing a new ChromeDriver...
20:57:25 [TestNG-test-Test-3] INFO  verifyingPriceSilderFunctionality_20-57-25 - WebDriverManager: chromedriver setup OK
20:57:27 [TestNG-test-Test-3] INFO  verifyingPriceSilderFunctionality_20-57-25 - ChromeDriver initialized successfully for thread: 36
20:57:28 [TestNG-test-Test-3] INFO  verifyingPriceSilderFunctionality_20-57-25 - [verifyingPriceSilderFunctionality_20-57-25] Opening amazon Landing page
20:57:28 [TestNG-test-Test-3] INFO  verifyingPriceSilderFunctionality_20-57-25 - [verifyingPriceSilderFunctionality_20-57-25] Within safeFindElement method
20:57:33 [TestNG-test-Test-3] INFO  verifyingPriceSilderFunctionality_20-57-25 - [verifyingPriceSilderFunctionality_20-57-25]Retrying findElement for: ->By.xpath: //a[@id='nav-logo-sprites']
20:57:33 [TestNG-test-Test-3] INFO  verifyingPriceSilderFunctionality_20-57-25 - [verifyingPriceSilderFunctionality_20-57-25]Refrehsing the page , while trying to safely find : ->By.xpath: //a[@id='nav-logo-sprites']
20:57:38 [TestNG-test-Test-3] INFO  verifyingPriceSilderFunctionality_20-57-25 - [verifyingPriceSilderFunctionality_20-57-25]Retrying findElement for: ->By.xpath: //a[@id='nav-logo-sprites']
20:57:39 [TestNG-test-Test-3] INFO  verifyingPriceSilderFunctionality_20-57-25 - [verifyingPriceSilderFunctionality_20-57-25]Refrehsing the page , while trying to safely find : ->By.xpath: //a[@id='nav-logo-sprites']
20:57:39 [TestNG-test-Test-3] INFO  verifyingPriceSilderFunctionality_20-57-25 - [verifyingPriceSilderFunctionality_20-57-25] Skipping action: Element not found after 2   attemps
20:57:42 [TestNG-test-Test-3] INFO  verifyingPriceSilderFunctionality_20-57-25 - [verifyingPriceSilderFunctionality_20-57-25] Giving input within the search bar
20:57:42 [TestNG-test-Test-3] INFO  verifyingPriceSilderFunctionality_20-57-25 - [verifyingPriceSilderFunctionality_20-57-25] Within safeClick method
20:57:45 [TestNG-test-Test-3] INFO  verifyingPriceSilderFunctionality_20-57-25 - [verifyingPriceSilderFunctionality_20-57-25] Clicked the  [[ChromeDriver: chrome on windows (429290f759cb2efbeab6dfc7ce2616e0)] -> xpath: //input[@id='nav-search-submit-button']]   using safeClick
20:57:45 [TestNG-test-Test-3] INFO  verifyingPriceSilderFunctionality_20-57-25 - [verifyingPriceSilderFunctionality_20-57-25] Clicking on the submit in the search bar
20:57:45 [TestNG-test-Test-3] INFO  verifyingPriceSilderFunctionality_20-57-25 - [verifyingPriceSilderFunctionality_20-57-25] Within filterCheckUnderList method
20:57:45 [TestNG-test-Test-3] INFO  verifyingPriceSilderFunctionality_20-57-25 - [verifyingPriceSilderFunctionality_20-57-25] Found the Filter within the filter check List
20:57:45 [TestNG-test-Test-3] INFO  verifyingPriceSilderFunctionality_20-57-25 - [verifyingPriceSilderFunctionality_20-57-25] Within applyPriceSliderAndValidateWithResult method
20:57:45 [TestNG-test-Test-3] INFO  verifyingPriceSilderFunctionality_20-57-25 - [verifyingPriceSilderFunctionality_20-57-25] Within smoothScrollToElement method
20:57:45 [TestNG-test-Test-3] INFO  verifyingPriceSilderFunctionality_20-57-25 - [verifyingPriceSilderFunctionality_20-57-25] Within safeFindElement method
20:57:45 [TestNG-test-Test-3] INFO  verifyingPriceSilderFunctionality_20-57-25 - [verifyingPriceSilderFunctionality_20-57-25]Found the element returning it ,element ->[[ChromeDriver: chrome on windows (429290f759cb2efbeab6dfc7ce2616e0)] -> id: p_36/range-slider_slider-item_lower-bound-slider]
20:57:45 [TestNG-test-Test-3] INFO  verifyingPriceSilderFunctionality_20-57-25 - [verifyingPriceSilderFunctionality_20-57-25] Successfully scrolled to element: By.id: p_36/range-slider_slider-item_lower-bound-slider
20:57:45 [TestNG-test-Test-3] INFO  verifyingPriceSilderFunctionality_20-57-25 - [verifyingPriceSilderFunctionality_20-57-25] Within safeFindElement method
20:57:45 [TestNG-test-Test-3] INFO  verifyingPriceSilderFunctionality_20-57-25 - [verifyingPriceSilderFunctionality_20-57-25]Found the element returning it ,element ->[[ChromeDriver: chrome on windows (429290f759cb2efbeab6dfc7ce2616e0)] -> id: p_36/range-slider_slider-item_lower-bound-slider]
20:57:45 [TestNG-test-Test-3] INFO  verifyingPriceSilderFunctionality_20-57-25 - [verifyingPriceSilderFunctionality_20-57-25] Within safeFindElement method
20:57:45 [TestNG-test-Test-3] INFO  verifyingPriceSilderFunctionality_20-57-25 - [verifyingPriceSilderFunctionality_20-57-25]Found the element returning it ,element ->[[ChromeDriver: chrome on windows (429290f759cb2efbeab6dfc7ce2616e0)] -> id: p_36/range-slider_slider-item_upper-bound-slider]
20:57:45 [TestNG-test-Test-3] INFO  verifyingPriceSilderFunctionality_20-57-25 - [verifyingPriceSilderFunctionality_20-57-25] in the setSliderValue method with value 61
20:57:45 [TestNG-test-Test-3] INFO  verifyingPriceSilderFunctionality_20-57-25 - [verifyingPriceSilderFunctionality_20-57-25] in the setSliderValue method with value 81
20:57:45 [TestNG-test-Test-3] INFO  verifyingPriceSilderFunctionality_20-57-25 - [verifyingPriceSilderFunctionality_20-57-25] Within safeFindElement method
20:57:45 [TestNG-test-Test-3] INFO  verifyingPriceSilderFunctionality_20-57-25 - [verifyingPriceSilderFunctionality_20-57-25]Found the element returning it ,element ->[[ChromeDriver: chrome on windows (429290f759cb2efbeab6dfc7ce2616e0)] -> xpath: //label[@for='p_36/range-slider_slider-item_upper-bound-slider']]
20:57:45 [TestNG-test-Test-3] INFO  verifyingPriceSilderFunctionality_20-57-25 - [verifyingPriceSilderFunctionality_20-57-25] Within safeFindElement method
20:57:45 [TestNG-test-Test-3] INFO  verifyingPriceSilderFunctionality_20-57-25 - [verifyingPriceSilderFunctionality_20-57-25]Found the element returning it ,element ->[[ChromeDriver: chrome on windows (429290f759cb2efbeab6dfc7ce2616e0)] -> xpath: //label[@for='p_36/range-slider_slider-item_lower-bound-slider']]
20:57:46 [TestNG-test-Test-3] INFO  verifyingPriceSilderFunctionality_20-57-25 - [verifyingPriceSilderFunctionality_20-57-25] Within smoothScrollToElement method
20:57:46 [TestNG-test-Test-3] INFO  verifyingPriceSilderFunctionality_20-57-25 - [verifyingPriceSilderFunctionality_20-57-25] Within safeFindElement method
20:57:47 [TestNG-test-Test-3] INFO  verifyingPriceSilderFunctionality_20-57-25 - [verifyingPriceSilderFunctionality_20-57-25]Found the element returning it ,element ->[[ChromeDriver: chrome on windows (429290f759cb2efbeab6dfc7ce2616e0)] -> id: p_36/range-slider_slider-item_lower-bound-slider]
20:57:47 [TestNG-test-Test-3] INFO  verifyingPriceSilderFunctionality_20-57-25 - [verifyingPriceSilderFunctionality_20-57-25] Successfully scrolled to element: By.id: p_36/range-slider_slider-item_lower-bound-slider
20:57:47 [TestNG-test-Test-3] INFO  verifyingPriceSilderFunctionality_20-57-25 - [verifyingPriceSilderFunctionality_20-57-25] Adding the data 'min','max','isValid' ,'mismatches' to 'result' Map->81
20:57:47 [TestNG-test-Test-3] INFO  verifyingPriceSilderFunctionality_20-57-25 - [verifyingPriceSilderFunctionality_20-57-25] Adding the 'results'  Map to the master 'allResults' i.e is List of maps->81
20:57:47 [TestNG-test-Test-3] INFO  verifyingPriceSilderFunctionality_20-57-25 - [verifyingPriceSilderFunctionality_20-57-25] in the setSliderValue method with value 91
20:57:47 [TestNG-test-Test-3] INFO  verifyingPriceSilderFunctionality_20-57-25 - [verifyingPriceSilderFunctionality_20-57-25] in the setSliderValue method with value 121
20:57:47 [TestNG-test-Test-3] INFO  verifyingPriceSilderFunctionality_20-57-25 - [verifyingPriceSilderFunctionality_20-57-25] Within safeFindElement method
20:57:47 [TestNG-test-Test-3] INFO  verifyingPriceSilderFunctionality_20-57-25 - [verifyingPriceSilderFunctionality_20-57-25]Found the element returning it ,element ->[[ChromeDriver: chrome on windows (429290f759cb2efbeab6dfc7ce2616e0)] -> xpath: //label[@for='p_36/range-slider_slider-item_upper-bound-slider']]
20:57:47 [TestNG-test-Test-3] INFO  verifyingPriceSilderFunctionality_20-57-25 - [verifyingPriceSilderFunctionality_20-57-25] Within safeFindElement method
20:57:47 [TestNG-test-Test-3] INFO  verifyingPriceSilderFunctionality_20-57-25 - [verifyingPriceSilderFunctionality_20-57-25]Found the element returning it ,element ->[[ChromeDriver: chrome on windows (429290f759cb2efbeab6dfc7ce2616e0)] -> xpath: //label[@for='p_36/range-slider_slider-item_lower-bound-slider']]
20:57:48 [TestNG-test-Test-3] INFO  verifyingPriceSilderFunctionality_20-57-25 - [verifyingPriceSilderFunctionality_20-57-25] Within smoothScrollToElement method
20:57:48 [TestNG-test-Test-3] INFO  verifyingPriceSilderFunctionality_20-57-25 - [verifyingPriceSilderFunctionality_20-57-25] Within safeFindElement method
20:57:49 [TestNG-test-Test-3] INFO  verifyingPriceSilderFunctionality_20-57-25 - [verifyingPriceSilderFunctionality_20-57-25]Found the element returning it ,element ->[[ChromeDriver: chrome on windows (429290f759cb2efbeab6dfc7ce2616e0)] -> id: p_36/range-slider_slider-item_lower-bound-slider]
20:57:49 [TestNG-test-Test-3] INFO  verifyingPriceSilderFunctionality_20-57-25 - [verifyingPriceSilderFunctionality_20-57-25] Successfully scrolled to element: By.id: p_36/range-slider_slider-item_lower-bound-slider
20:57:49 [TestNG-test-Test-3] INFO  verifyingPriceSilderFunctionality_20-57-25 - [verifyingPriceSilderFunctionality_20-57-25] Adding the data 'min','max','isValid' ,'mismatches' to 'result' Map->121
20:57:49 [TestNG-test-Test-3] INFO  verifyingPriceSilderFunctionality_20-57-25 - [verifyingPriceSilderFunctionality_20-57-25] Adding the 'results'  Map to the master 'allResults' i.e is List of maps->121
20:57:49 [TestNG-test-Test-3] INFO  verifyingPriceSilderFunctionality_20-57-25 - [verifyingPriceSilderFunctionality_20-57-25] in the setSliderValue method with value 131
20:57:49 [TestNG-test-Test-3] INFO  verifyingPriceSilderFunctionality_20-57-25 - [verifyingPriceSilderFunctionality_20-57-25] in the setSliderValue method with value 161
20:57:49 [TestNG-test-Test-3] INFO  verifyingPriceSilderFunctionality_20-57-25 - [verifyingPriceSilderFunctionality_20-57-25] Within safeFindElement method
20:57:49 [TestNG-test-Test-3] INFO  verifyingPriceSilderFunctionality_20-57-25 - [verifyingPriceSilderFunctionality_20-57-25]Found the element returning it ,element ->[[ChromeDriver: chrome on windows (429290f759cb2efbeab6dfc7ce2616e0)] -> xpath: //label[@for='p_36/range-slider_slider-item_upper-bound-slider']]
20:57:49 [TestNG-test-Test-3] INFO  verifyingPriceSilderFunctionality_20-57-25 - [verifyingPriceSilderFunctionality_20-57-25] Within safeFindElement method
20:57:49 [TestNG-test-Test-3] INFO  verifyingPriceSilderFunctionality_20-57-25 - [verifyingPriceSilderFunctionality_20-57-25]Found the element returning it ,element ->[[ChromeDriver: chrome on windows (429290f759cb2efbeab6dfc7ce2616e0)] -> xpath: //label[@for='p_36/range-slider_slider-item_lower-bound-slider']]
20:57:50 [TestNG-test-Test-3] INFO  verifyingPriceSilderFunctionality_20-57-25 - [verifyingPriceSilderFunctionality_20-57-25] Within smoothScrollToElement method
20:57:50 [TestNG-test-Test-3] INFO  verifyingPriceSilderFunctionality_20-57-25 - [verifyingPriceSilderFunctionality_20-57-25] Within safeFindElement method
20:57:51 [TestNG-test-Test-3] INFO  verifyingPriceSilderFunctionality_20-57-25 - [verifyingPriceSilderFunctionality_20-57-25]Found the element returning it ,element ->[[ChromeDriver: chrome on windows (429290f759cb2efbeab6dfc7ce2616e0)] -> id: p_36/range-slider_slider-item_lower-bound-slider]
20:57:51 [TestNG-test-Test-3] INFO  verifyingPriceSilderFunctionality_20-57-25 - [verifyingPriceSilderFunctionality_20-57-25] Successfully scrolled to element: By.id: p_36/range-slider_slider-item_lower-bound-slider
20:57:51 [TestNG-test-Test-3] INFO  verifyingPriceSilderFunctionality_20-57-25 - [verifyingPriceSilderFunctionality_20-57-25] Adding the data 'min','max','isValid' ,'mismatches' to 'result' Map->161
20:57:51 [TestNG-test-Test-3] INFO  verifyingPriceSilderFunctionality_20-57-25 - [verifyingPriceSilderFunctionality_20-57-25] Adding the 'results'  Map to the master 'allResults' i.e is List of maps->161
20:57:51 [TestNG-test-Test-3] INFO  verifyingPriceSilderFunctionality_20-57-25 - [verifyingPriceSilderFunctionality_20-57-25] Returning the data here in the end
20:57:51 [TestNG-test-Test-3] INFO  verifyingPriceSilderFunctionality_20-57-25 - [verifyingPriceSilderFunctionality_20-57-25]  Price range validated successfully: 61 - 81
20:57:51 [TestNG-test-Test-3] INFO  verifyingPriceSilderFunctionality_20-57-25 - [verifyingPriceSilderFunctionality_20-57-25] ------------------------------------------------------------
20:57:51 [TestNG-test-Test-3] INFO  verifyingPriceSilderFunctionality_20-57-25 - [verifyingPriceSilderFunctionality_20-57-25]  Price range validated successfully: 91 - 121
20:57:51 [TestNG-test-Test-3] INFO  verifyingPriceSilderFunctionality_20-57-25 - [verifyingPriceSilderFunctionality_20-57-25] ------------------------------------------------------------
20:57:51 [TestNG-test-Test-3] INFO  verifyingPriceSilderFunctionality_20-57-25 - [verifyingPriceSilderFunctionality_20-57-25]  Price range validated successfully: 131 - 161
20:57:51 [TestNG-test-Test-3] INFO  verifyingPriceSilderFunctionality_20-57-25 - [verifyingPriceSilderFunctionality_20-57-25] ------------------------------------------------------------
20:57:51 [TestNG-test-Test-3] INFO  verifyingPriceSilderFunctionality_20-57-25 - [verifyingPriceSilderFunctionality_20-57-25]  Asserting all soft assertions now...
