2026-03-08 06:29:05.476 PM [TestNG-test-Test-1] INFO  [verifyingFreeDeliveryFilterFunctionality] 🔹 Starting test method: verifyingFreeDeliveryFilterFunctionality
2026-03-08 06:29:05.484 PM [TestNG-test-Test-1] INFO  [verifyingFreeDeliveryFilterFunctionality] No existing WebDriver found for current thread. Initializing a new ChromeDriver...
2026-03-08 06:29:05.497 PM [TestNG-test-Test-1] INFO  [verifyingFreeDeliveryFilterFunctionality] WebDriverManager: chromedriver setup OK
2026-03-08 06:29:06.553 PM [TestNG-test-Test-1] INFO  [verifyingFreeDeliveryFilterFunctionality] ChromeDriver initialized successfully for thread: 34
2026-03-08 06:29:07.390 PM [TestNG-test-Test-1] INFO  [verifyingFreeDeliveryFilterFunctionality] [verifyingFreeDeliveryFilterFunctionality] Opening amazon Landing page
2026-03-08 06:29:07.391 PM [TestNG-test-Test-1] INFO  [verifyingFreeDeliveryFilterFunctionality] [verifyingFreeDeliveryFilterFunctionality] Within safeFindElement method
2026-03-08 06:29:12.497 PM [TestNG-test-Test-1] INFO  [verifyingFreeDeliveryFilterFunctionality] [verifyingFreeDeliveryFilterFunctionality]Retrying findElement for: ->By.xpath: //a[@id='nav-logo-sprites']
2026-03-08 06:29:12.723 PM [TestNG-test-Test-1] INFO  [verifyingFreeDeliveryFilterFunctionality] [verifyingFreeDeliveryFilterFunctionality]Refrehsing the page , while trying to safely find : ->By.xpath: //a[@id='nav-logo-sprites']
2026-03-08 06:29:17.977 PM [TestNG-test-Test-1] INFO  [verifyingFreeDeliveryFilterFunctionality] [verifyingFreeDeliveryFilterFunctionality]Retrying findElement for: ->By.xpath: //a[@id='nav-logo-sprites']
2026-03-08 06:29:18.335 PM [TestNG-test-Test-1] INFO  [verifyingFreeDeliveryFilterFunctionality] [verifyingFreeDeliveryFilterFunctionality]Refrehsing the page , while trying to safely find : ->By.xpath: //a[@id='nav-logo-sprites']
2026-03-08 06:29:18.335 PM [TestNG-test-Test-1] INFO  [verifyingFreeDeliveryFilterFunctionality] [verifyingFreeDeliveryFilterFunctionality] Skipping action: Element not found after 2   attemps
2026-03-08 06:29:22.375 PM [TestNG-test-Test-1] INFO  [verifyingFreeDeliveryFilterFunctionality] [verifyingFreeDeliveryFilterFunctionality] Giving input within the search bar
2026-03-08 06:29:22.375 PM [TestNG-test-Test-1] INFO  [verifyingFreeDeliveryFilterFunctionality] [verifyingFreeDeliveryFilterFunctionality] Within safeClick method
2026-03-08 06:29:24.750 PM [TestNG-test-Test-1] INFO  [verifyingFreeDeliveryFilterFunctionality] [verifyingFreeDeliveryFilterFunctionality] Clicked the  [[ChromeDriver: chrome on windows (c5df25a569bb4a4334adf1ae090a4b66)] -> xpath: //input[@id='nav-search-submit-button']]   using safeClick
2026-03-08 06:29:24.750 PM [TestNG-test-Test-1] INFO  [verifyingFreeDeliveryFilterFunctionality] [verifyingFreeDeliveryFilterFunctionality] Clicking on the submit in the search bar
2026-03-08 06:29:24.896 PM [TestNG-test-Test-1] INFO  [verifyingFreeDeliveryFilterFunctionality] [verifyingFreeDeliveryFilterFunctionality] Waiting until element is visible in viewport
2026-03-08 06:29:24.926 PM [TestNG-test-Test-1] INFO  [verifyingFreeDeliveryFilterFunctionality] [verifyingFreeDeliveryFilterFunctionality] Within validateDeliveryFilterOptionsWithResult method
2026-03-08 06:29:24.927 PM [TestNG-test-Test-1] INFO  [verifyingFreeDeliveryFilterFunctionality] [verifyingFreeDeliveryFilterFunctionality] Within safeClick method
2026-03-08 06:29:25.157 PM [TestNG-test-Test-1] INFO  [verifyingFreeDeliveryFilterFunctionality] [verifyingFreeDeliveryFilterFunctionality] Clicked the  [[ChromeDriver: chrome on windows (c5df25a569bb4a4334adf1ae090a4b66)] -> xpath: //span[@class='a-size-base a-color-base puis-bold-weight-text' and text()='Eligible for Free Delivery']/parent::div/following-sibling::ul//span[@class='a-size-base a-color-base' and text()='Free Shipping']]   using safeClick
2026-03-08 06:29:25.158 PM [TestNG-test-Test-1] INFO  [verifyingFreeDeliveryFilterFunctionality] [verifyingFreeDeliveryFilterFunctionality] Within getMoreButtonByFilterTypeAndName method
2026-03-08 06:29:25.206 PM [TestNG-test-Test-1] INFO  [verifyingFreeDeliveryFilterFunctionality] [verifyingFreeDeliveryFilterFunctionality] Capturing screenshot: Filter_Applied_is_Eligible_for_Free_Delivery__2026-03-08_182925.jpg
2026-03-08 06:29:25.420 PM [TestNG-test-Test-1] INFO  [verifyingFreeDeliveryFilterFunctionality] [verifyingFreeDeliveryFilterFunctionality] Screenshot saved at: test-output/screenshots/Run_2026-03-08_18-01-26/verifyingFreeDeliveryFilterFunctionality/Filter_Applied_is_Eligible_for_Free_Delivery__2026-03-08_182925.jpg
2026-03-08 06:29:25.421 PM [TestNG-test-Test-1] INFO  [verifyingFreeDeliveryFilterFunctionality] [verifyingFreeDeliveryFilterFunctionality] Clicked on By.xpath: //span[@class='a-size-base a-color-base puis-bold-weight-text' and text()='Eligible for Free Delivery']/parent::div/following-sibling::ul//span[@class='a-size-base a-color-base' and text()='Free Shipping']
2026-03-08 06:29:25.421 PM [TestNG-test-Test-1] INFO  [verifyingFreeDeliveryFilterFunctionality] [verifyingFreeDeliveryFilterFunctionality] Within safeFindElements 
2026-03-08 06:29:26.125 PM [TestNG-test-Test-1] INFO  [verifyingFreeDeliveryFilterFunctionality] [verifyingFreeDeliveryFilterFunctionality] Returning the  [[[ChromeDriver: chrome on windows (c5df25a569bb4a4334adf1ae090a4b66)] -> xpath: //div[@class='a-section a-spacing-small a-spacing-top-small']], [[ChromeDriver: chrome on windows (c5df25a569bb4a4334adf1ae090a4b66)] -> xpath: //div[@class='a-section a-spacing-small a-spacing-top-small']], [[ChromeDriver: chrome on windows (c5df25a569bb4a4334adf1ae090a4b66)] -> xpath: //div[@class='a-section a-spacing-small a-spacing-top-small']], [[ChromeDriver: chrome on windows (c5df25a569bb4a4334adf1ae090a4b66)] -> xpath: //div[@class='a-section a-spacing-small a-spacing-top-small']], [[ChromeDriver: chrome on windows (c5df25a569bb4a4334adf1ae090a4b66)] -> xpath: //div[@class='a-section a-spacing-small a-spacing-top-small']], [[ChromeDriver: chrome on windows (c5df25a569bb4a4334adf1ae090a4b66)] -> xpath: //div[@class='a-section a-spacing-small a-spacing-top-small']], [[ChromeDriver: chrome on windows (c5df25a569bb4a4334adf1ae090a4b66)] -> xpath: //div[@class='a-section a-spacing-small a-spacing-top-small']], [[ChromeDriver: chrome on windows (c5df25a569bb4a4334adf1ae090a4b66)] -> xpath: //div[@class='a-section a-spacing-small a-spacing-top-small']], [[ChromeDriver: chrome on windows (c5df25a569bb4a4334adf1ae090a4b66)] -> xpath: //div[@class='a-section a-spacing-small a-spacing-top-small']], [[ChromeDriver: chrome on windows (c5df25a569bb4a4334adf1ae090a4b66)] -> xpath: //div[@class='a-section a-spacing-small a-spacing-top-small']], [[ChromeDriver: chrome on windows (c5df25a569bb4a4334adf1ae090a4b66)] -> xpath: //div[@class='a-section a-spacing-small a-spacing-top-small']], [[ChromeDriver: chrome on windows (c5df25a569bb4a4334adf1ae090a4b66)] -> xpath: //div[@class='a-section a-spacing-small a-spacing-top-small']], [[ChromeDriver: chrome on windows (c5df25a569bb4a4334adf1ae090a4b66)] -> xpath: //div[@class='a-section a-spacing-small a-spacing-top-small']], [[ChromeDriver: chrome on windows (c5df25a569bb4a4334adf1ae090a4b66)] -> xpath: //div[@class='a-section a-spacing-small a-spacing-top-small']], [[ChromeDriver: chrome on windows (c5df25a569bb4a4334adf1ae090a4b66)] -> xpath: //div[@class='a-section a-spacing-small a-spacing-top-small']], [[ChromeDriver: chrome on windows (c5df25a569bb4a4334adf1ae090a4b66)] -> xpath: //div[@class='a-section a-spacing-small a-spacing-top-small']]] from the safeFindElements method
2026-03-08 06:29:26.143 PM [TestNG-test-Test-1] INFO  [verifyingFreeDeliveryFilterFunctionality] [verifyingFreeDeliveryFilterFunctionality] Created hashset with required data to assert with Within validateDeliveryFilterOptions method
2026-03-08 06:29:26.143 PM [TestNG-test-Test-1] INFO  [verifyingFreeDeliveryFilterFunctionality] [verifyingFreeDeliveryFilterFunctionality] this is the set  [Today, FREE delivery, 08, 09, Sun, Mon, Tomorrow, Mar]
2026-03-08 06:29:26.143 PM [TestNG-test-Test-1] INFO  [verifyingFreeDeliveryFilterFunctionality] [verifyingFreeDeliveryFilterFunctionality] Within deliveryElements loop iterating over the products  Within validateDeliveryFilterOptions method
2026-03-08 06:29:26.190 PM [TestNG-test-Test-1] INFO  [verifyingFreeDeliveryFilterFunctionality] [verifyingFreeDeliveryFilterFunctionality] Checking if the allowedDateParts have the assert text   Within validateDeliveryFilterOptions method
2026-03-08 06:29:26.195 PM [TestNG-test-Test-1] INFO  [verifyingFreeDeliveryFilterFunctionality] [verifyingFreeDeliveryFilterFunctionality] Within deliveryElements loop iterating over the products  Within validateDeliveryFilterOptions method
2026-03-08 06:29:26.284 PM [TestNG-test-Test-1] INFO  [verifyingFreeDeliveryFilterFunctionality] [verifyingFreeDeliveryFilterFunctionality] Checking if the allowedDateParts have the assert text   Within validateDeliveryFilterOptions method
2026-03-08 06:29:26.284 PM [TestNG-test-Test-1] INFO  [verifyingFreeDeliveryFilterFunctionality] [verifyingFreeDeliveryFilterFunctionality] Within deliveryElements loop iterating over the products  Within validateDeliveryFilterOptions method
2026-03-08 06:29:26.347 PM [TestNG-test-Test-1] INFO  [verifyingFreeDeliveryFilterFunctionality] [verifyingFreeDeliveryFilterFunctionality] Checking if the allowedDateParts have the assert text   Within validateDeliveryFilterOptions method
2026-03-08 06:29:26.347 PM [TestNG-test-Test-1] INFO  [verifyingFreeDeliveryFilterFunctionality] [verifyingFreeDeliveryFilterFunctionality] Within deliveryElements loop iterating over the products  Within validateDeliveryFilterOptions method
2026-03-08 06:29:26.376 PM [TestNG-test-Test-1] INFO  [verifyingFreeDeliveryFilterFunctionality] [verifyingFreeDeliveryFilterFunctionality] Checking if the allowedDateParts have the assert text   Within validateDeliveryFilterOptions method
2026-03-08 06:29:26.377 PM [TestNG-test-Test-1] INFO  [verifyingFreeDeliveryFilterFunctionality] [verifyingFreeDeliveryFilterFunctionality] Within deliveryElements loop iterating over the products  Within validateDeliveryFilterOptions method
2026-03-08 06:29:26.408 PM [TestNG-test-Test-1] INFO  [verifyingFreeDeliveryFilterFunctionality] [verifyingFreeDeliveryFilterFunctionality] Checking if the allowedDateParts have the assert text   Within validateDeliveryFilterOptions method
2026-03-08 06:29:26.408 PM [TestNG-test-Test-1] INFO  [verifyingFreeDeliveryFilterFunctionality] [verifyingFreeDeliveryFilterFunctionality] Within deliveryElements loop iterating over the products  Within validateDeliveryFilterOptions method
2026-03-08 06:29:26.432 PM [TestNG-test-Test-1] INFO  [verifyingFreeDeliveryFilterFunctionality] [verifyingFreeDeliveryFilterFunctionality] Checking if the allowedDateParts have the assert text   Within validateDeliveryFilterOptions method
2026-03-08 06:29:26.432 PM [TestNG-test-Test-1] INFO  [verifyingFreeDeliveryFilterFunctionality] [verifyingFreeDeliveryFilterFunctionality] Within deliveryElements loop iterating over the products  Within validateDeliveryFilterOptions method
2026-03-08 06:29:26.458 PM [TestNG-test-Test-1] INFO  [verifyingFreeDeliveryFilterFunctionality] [verifyingFreeDeliveryFilterFunctionality] Checking if the allowedDateParts have the assert text   Within validateDeliveryFilterOptions method
2026-03-08 06:29:26.458 PM [TestNG-test-Test-1] INFO  [verifyingFreeDeliveryFilterFunctionality] [verifyingFreeDeliveryFilterFunctionality] Within deliveryElements loop iterating over the products  Within validateDeliveryFilterOptions method
2026-03-08 06:29:26.481 PM [TestNG-test-Test-1] INFO  [verifyingFreeDeliveryFilterFunctionality] [verifyingFreeDeliveryFilterFunctionality] Checking if the allowedDateParts have the assert text   Within validateDeliveryFilterOptions method
2026-03-08 06:29:26.481 PM [TestNG-test-Test-1] INFO  [verifyingFreeDeliveryFilterFunctionality] [verifyingFreeDeliveryFilterFunctionality] Within deliveryElements loop iterating over the products  Within validateDeliveryFilterOptions method
2026-03-08 06:29:26.533 PM [TestNG-test-Test-1] INFO  [verifyingFreeDeliveryFilterFunctionality] [verifyingFreeDeliveryFilterFunctionality] Checking if the allowedDateParts have the assert text   Within validateDeliveryFilterOptions method
2026-03-08 06:29:26.533 PM [TestNG-test-Test-1] INFO  [verifyingFreeDeliveryFilterFunctionality] [verifyingFreeDeliveryFilterFunctionality] Within deliveryElements loop iterating over the products  Within validateDeliveryFilterOptions method
2026-03-08 06:29:26.564 PM [TestNG-test-Test-1] INFO  [verifyingFreeDeliveryFilterFunctionality] [verifyingFreeDeliveryFilterFunctionality] Checking if the allowedDateParts have the assert text   Within validateDeliveryFilterOptions method
2026-03-08 06:29:26.564 PM [TestNG-test-Test-1] INFO  [verifyingFreeDeliveryFilterFunctionality] [verifyingFreeDeliveryFilterFunctionality] Within deliveryElements loop iterating over the products  Within validateDeliveryFilterOptions method
2026-03-08 06:29:26.630 PM [TestNG-test-Test-1] INFO  [verifyingFreeDeliveryFilterFunctionality] [verifyingFreeDeliveryFilterFunctionality] Checking if the allowedDateParts have the assert text   Within validateDeliveryFilterOptions method
2026-03-08 06:29:26.630 PM [TestNG-test-Test-1] INFO  [verifyingFreeDeliveryFilterFunctionality] [verifyingFreeDeliveryFilterFunctionality] Within deliveryElements loop iterating over the products  Within validateDeliveryFilterOptions method
2026-03-08 06:29:26.674 PM [TestNG-test-Test-1] INFO  [verifyingFreeDeliveryFilterFunctionality] [verifyingFreeDeliveryFilterFunctionality] Checking if the allowedDateParts have the assert text   Within validateDeliveryFilterOptions method
2026-03-08 06:29:26.674 PM [TestNG-test-Test-1] INFO  [verifyingFreeDeliveryFilterFunctionality] [verifyingFreeDeliveryFilterFunctionality] Within deliveryElements loop iterating over the products  Within validateDeliveryFilterOptions method
2026-03-08 06:29:26.732 PM [TestNG-test-Test-1] INFO  [verifyingFreeDeliveryFilterFunctionality] [verifyingFreeDeliveryFilterFunctionality] Checking if the allowedDateParts have the assert text   Within validateDeliveryFilterOptions method
2026-03-08 06:29:26.732 PM [TestNG-test-Test-1] INFO  [verifyingFreeDeliveryFilterFunctionality] [verifyingFreeDeliveryFilterFunctionality] Within deliveryElements loop iterating over the products  Within validateDeliveryFilterOptions method
2026-03-08 06:29:26.836 PM [TestNG-test-Test-1] INFO  [verifyingFreeDeliveryFilterFunctionality] [verifyingFreeDeliveryFilterFunctionality] Checking if the allowedDateParts have the assert text   Within validateDeliveryFilterOptions method
2026-03-08 06:29:26.837 PM [TestNG-test-Test-1] INFO  [verifyingFreeDeliveryFilterFunctionality] [verifyingFreeDeliveryFilterFunctionality] Within deliveryElements loop iterating over the products  Within validateDeliveryFilterOptions method
2026-03-08 06:29:26.891 PM [TestNG-test-Test-1] INFO  [verifyingFreeDeliveryFilterFunctionality] [verifyingFreeDeliveryFilterFunctionality] Checking if the allowedDateParts have the assert text   Within validateDeliveryFilterOptions method
2026-03-08 06:29:26.891 PM [TestNG-test-Test-1] INFO  [verifyingFreeDeliveryFilterFunctionality] [verifyingFreeDeliveryFilterFunctionality] Within deliveryElements loop iterating over the products  Within validateDeliveryFilterOptions method
2026-03-08 06:29:26.916 PM [TestNG-test-Test-1] INFO  [verifyingFreeDeliveryFilterFunctionality] [verifyingFreeDeliveryFilterFunctionality] Checking if the allowedDateParts have the assert text   Within validateDeliveryFilterOptions method
2026-03-08 06:29:26.916 PM [TestNG-test-Test-1] INFO  [verifyingFreeDeliveryFilterFunctionality] [verifyingFreeDeliveryFilterFunctionality] Returning the list with boolean values   Within validateDeliveryFilterOptions method
2026-03-08 06:29:26.916 PM [TestNG-test-Test-1] INFO  [verifyingFreeDeliveryFilterFunctionality] [verifyingFreeDeliveryFilterFunctionality] Asserting delivery filter: isValid=true, index=-1, text=All the things are valid no errors
2026-03-08 06:29:26.922 PM [TestNG-test-Test-1] INFO  [verifyingFreeDeliveryFilterFunctionality] ✅ Finished test method: verifyingFreeDeliveryFilterFunctionality
2026-03-08 06:29:27.198 PM [TestNG-test-Test-1] INFO  [verifyingFreeDeliveryFilterFunctionality] 🔹 Starting test method: verifyingFreeDeliveryFilterFunctionality
2026-03-08 06:29:27.198 PM [TestNG-test-Test-1] INFO  [verifyingFreeDeliveryFilterFunctionality] No existing WebDriver found for current thread. Initializing a new ChromeDriver...
2026-03-08 06:29:27.207 PM [TestNG-test-Test-1] INFO  [verifyingFreeDeliveryFilterFunctionality] WebDriverManager: chromedriver setup OK
2026-03-08 06:29:28.538 PM [TestNG-test-Test-1] INFO  [verifyingFreeDeliveryFilterFunctionality] ChromeDriver initialized successfully for thread: 34
2026-03-08 06:29:29.361 PM [TestNG-test-Test-1] INFO  [verifyingFreeDeliveryFilterFunctionality] [verifyingFreeDeliveryFilterFunctionality] Opening amazon Landing page
2026-03-08 06:29:29.361 PM [TestNG-test-Test-1] INFO  [verifyingFreeDeliveryFilterFunctionality] [verifyingFreeDeliveryFilterFunctionality] Within safeFindElement method
2026-03-08 06:29:34.498 PM [TestNG-test-Test-1] INFO  [verifyingFreeDeliveryFilterFunctionality] [verifyingFreeDeliveryFilterFunctionality]Retrying findElement for: ->By.xpath: //a[@id='nav-logo-sprites']
2026-03-08 06:29:34.681 PM [TestNG-test-Test-1] INFO  [verifyingFreeDeliveryFilterFunctionality] [verifyingFreeDeliveryFilterFunctionality]Refrehsing the page , while trying to safely find : ->By.xpath: //a[@id='nav-logo-sprites']
2026-03-08 06:29:39.906 PM [TestNG-test-Test-1] INFO  [verifyingFreeDeliveryFilterFunctionality] [verifyingFreeDeliveryFilterFunctionality]Retrying findElement for: ->By.xpath: //a[@id='nav-logo-sprites']
2026-03-08 06:29:40.363 PM [TestNG-test-Test-1] INFO  [verifyingFreeDeliveryFilterFunctionality] [verifyingFreeDeliveryFilterFunctionality]Refrehsing the page , while trying to safely find : ->By.xpath: //a[@id='nav-logo-sprites']
2026-03-08 06:29:40.363 PM [TestNG-test-Test-1] INFO  [verifyingFreeDeliveryFilterFunctionality] [verifyingFreeDeliveryFilterFunctionality] Skipping action: Element not found after 2   attemps
2026-03-08 06:29:44.858 PM [TestNG-test-Test-1] INFO  [verifyingFreeDeliveryFilterFunctionality] [verifyingFreeDeliveryFilterFunctionality] Giving input within the search bar
2026-03-08 06:29:44.858 PM [TestNG-test-Test-1] INFO  [verifyingFreeDeliveryFilterFunctionality] [verifyingFreeDeliveryFilterFunctionality] Within safeClick method
2026-03-08 06:29:47.054 PM [TestNG-test-Test-1] INFO  [verifyingFreeDeliveryFilterFunctionality] [verifyingFreeDeliveryFilterFunctionality] Clicked the  [[ChromeDriver: chrome on windows (92fe5fdcdf5f417e49b22b00ec6b6b57)] -> xpath: //input[@id='nav-search-submit-button']]   using safeClick
2026-03-08 06:29:47.054 PM [TestNG-test-Test-1] INFO  [verifyingFreeDeliveryFilterFunctionality] [verifyingFreeDeliveryFilterFunctionality] Clicking on the submit in the search bar
2026-03-08 06:29:47.294 PM [TestNG-test-Test-1] INFO  [verifyingFreeDeliveryFilterFunctionality] [verifyingFreeDeliveryFilterFunctionality] Waiting until element is visible in viewport
2026-03-08 06:29:47.361 PM [TestNG-test-Test-1] INFO  [verifyingFreeDeliveryFilterFunctionality] [verifyingFreeDeliveryFilterFunctionality] Within validateDeliveryFilterOptionsWithResult method
2026-03-08 06:29:47.362 PM [TestNG-test-Test-1] INFO  [verifyingFreeDeliveryFilterFunctionality] [verifyingFreeDeliveryFilterFunctionality] Within safeClick method
2026-03-08 06:29:47.731 PM [TestNG-test-Test-1] INFO  [verifyingFreeDeliveryFilterFunctionality] [verifyingFreeDeliveryFilterFunctionality] Clicked the  [[ChromeDriver: chrome on windows (92fe5fdcdf5f417e49b22b00ec6b6b57)] -> xpath: //span[@class='a-size-base a-color-base puis-bold-weight-text' and text()='Eligible for Free Delivery']/parent::div/following-sibling::ul//span[@class='a-size-base a-color-base' and text()='Free Shipping']]   using safeClick
2026-03-08 06:29:47.731 PM [TestNG-test-Test-1] INFO  [verifyingFreeDeliveryFilterFunctionality] [verifyingFreeDeliveryFilterFunctionality] Within getMoreButtonByFilterTypeAndName method
2026-03-08 06:29:47.731 PM [TestNG-test-Test-1] INFO  [verifyingFreeDeliveryFilterFunctionality] [verifyingFreeDeliveryFilterFunctionality] Capturing screenshot: Filter_Applied_is_Eligible_for_Free_Delivery__2026-03-08_182947.jpg
2026-03-08 06:29:47.994 PM [TestNG-test-Test-1] INFO  [verifyingFreeDeliveryFilterFunctionality] [verifyingFreeDeliveryFilterFunctionality] Screenshot saved at: test-output/screenshots/Run_2026-03-08_18-01-26/verifyingFreeDeliveryFilterFunctionality/Filter_Applied_is_Eligible_for_Free_Delivery__2026-03-08_182947.jpg
2026-03-08 06:29:47.996 PM [TestNG-test-Test-1] INFO  [verifyingFreeDeliveryFilterFunctionality] [verifyingFreeDeliveryFilterFunctionality] Clicked on By.xpath: //span[@class='a-size-base a-color-base puis-bold-weight-text' and text()='Eligible for Free Delivery']/parent::div/following-sibling::ul//span[@class='a-size-base a-color-base' and text()='Free Shipping']
2026-03-08 06:29:47.996 PM [TestNG-test-Test-1] INFO  [verifyingFreeDeliveryFilterFunctionality] [verifyingFreeDeliveryFilterFunctionality] Within safeFindElements 
2026-03-08 06:29:48.625 PM [TestNG-test-Test-1] INFO  [verifyingFreeDeliveryFilterFunctionality] [verifyingFreeDeliveryFilterFunctionality] Returning the  [[[ChromeDriver: chrome on windows (92fe5fdcdf5f417e49b22b00ec6b6b57)] -> xpath: //div[@class='a-section a-spacing-small a-spacing-top-small']], [[ChromeDriver: chrome on windows (92fe5fdcdf5f417e49b22b00ec6b6b57)] -> xpath: //div[@class='a-section a-spacing-small a-spacing-top-small']], [[ChromeDriver: chrome on windows (92fe5fdcdf5f417e49b22b00ec6b6b57)] -> xpath: //div[@class='a-section a-spacing-small a-spacing-top-small']], [[ChromeDriver: chrome on windows (92fe5fdcdf5f417e49b22b00ec6b6b57)] -> xpath: //div[@class='a-section a-spacing-small a-spacing-top-small']], [[ChromeDriver: chrome on windows (92fe5fdcdf5f417e49b22b00ec6b6b57)] -> xpath: //div[@class='a-section a-spacing-small a-spacing-top-small']], [[ChromeDriver: chrome on windows (92fe5fdcdf5f417e49b22b00ec6b6b57)] -> xpath: //div[@class='a-section a-spacing-small a-spacing-top-small']], [[ChromeDriver: chrome on windows (92fe5fdcdf5f417e49b22b00ec6b6b57)] -> xpath: //div[@class='a-section a-spacing-small a-spacing-top-small']], [[ChromeDriver: chrome on windows (92fe5fdcdf5f417e49b22b00ec6b6b57)] -> xpath: //div[@class='a-section a-spacing-small a-spacing-top-small']], [[ChromeDriver: chrome on windows (92fe5fdcdf5f417e49b22b00ec6b6b57)] -> xpath: //div[@class='a-section a-spacing-small a-spacing-top-small']], [[ChromeDriver: chrome on windows (92fe5fdcdf5f417e49b22b00ec6b6b57)] -> xpath: //div[@class='a-section a-spacing-small a-spacing-top-small']], [[ChromeDriver: chrome on windows (92fe5fdcdf5f417e49b22b00ec6b6b57)] -> xpath: //div[@class='a-section a-spacing-small a-spacing-top-small']], [[ChromeDriver: chrome on windows (92fe5fdcdf5f417e49b22b00ec6b6b57)] -> xpath: //div[@class='a-section a-spacing-small a-spacing-top-small']], [[ChromeDriver: chrome on windows (92fe5fdcdf5f417e49b22b00ec6b6b57)] -> xpath: //div[@class='a-section a-spacing-small a-spacing-top-small']], [[ChromeDriver: chrome on windows (92fe5fdcdf5f417e49b22b00ec6b6b57)] -> xpath: //div[@class='a-section a-spacing-small a-spacing-top-small']], [[ChromeDriver: chrome on windows (92fe5fdcdf5f417e49b22b00ec6b6b57)] -> xpath: //div[@class='a-section a-spacing-small a-spacing-top-small']], [[ChromeDriver: chrome on windows (92fe5fdcdf5f417e49b22b00ec6b6b57)] -> xpath: //div[@class='a-section a-spacing-small a-spacing-top-small']]] from the safeFindElements method
2026-03-08 06:29:48.626 PM [TestNG-test-Test-1] INFO  [verifyingFreeDeliveryFilterFunctionality] [verifyingFreeDeliveryFilterFunctionality] Created hashset with required data to assert with Within validateDeliveryFilterOptions method
2026-03-08 06:29:48.626 PM [TestNG-test-Test-1] INFO  [verifyingFreeDeliveryFilterFunctionality] [verifyingFreeDeliveryFilterFunctionality] this is the set  [Today, FREE delivery, 08, 09, Sun, Mon, Tomorrow, Mar]
2026-03-08 06:29:48.626 PM [TestNG-test-Test-1] INFO  [verifyingFreeDeliveryFilterFunctionality] [verifyingFreeDeliveryFilterFunctionality] Within deliveryElements loop iterating over the products  Within validateDeliveryFilterOptions method
2026-03-08 06:29:48.806 PM [TestNG-test-Test-1] INFO  [verifyingFreeDeliveryFilterFunctionality] [verifyingFreeDeliveryFilterFunctionality] Checking if the allowedDateParts have the assert text   Within validateDeliveryFilterOptions method
2026-03-08 06:29:48.807 PM [TestNG-test-Test-1] INFO  [verifyingFreeDeliveryFilterFunctionality] [verifyingFreeDeliveryFilterFunctionality] Within deliveryElements loop iterating over the products  Within validateDeliveryFilterOptions method
2026-03-08 06:29:48.849 PM [TestNG-test-Test-1] INFO  [verifyingFreeDeliveryFilterFunctionality] [verifyingFreeDeliveryFilterFunctionality] Checking if the allowedDateParts have the assert text   Within validateDeliveryFilterOptions method
2026-03-08 06:29:48.849 PM [TestNG-test-Test-1] INFO  [verifyingFreeDeliveryFilterFunctionality] [verifyingFreeDeliveryFilterFunctionality] Within deliveryElements loop iterating over the products  Within validateDeliveryFilterOptions method
2026-03-08 06:29:48.904 PM [TestNG-test-Test-1] INFO  [verifyingFreeDeliveryFilterFunctionality] [verifyingFreeDeliveryFilterFunctionality] Checking if the allowedDateParts have the assert text   Within validateDeliveryFilterOptions method
2026-03-08 06:29:48.904 PM [TestNG-test-Test-1] INFO  [verifyingFreeDeliveryFilterFunctionality] [verifyingFreeDeliveryFilterFunctionality] Within deliveryElements loop iterating over the products  Within validateDeliveryFilterOptions method
2026-03-08 06:29:48.957 PM [TestNG-test-Test-1] INFO  [verifyingFreeDeliveryFilterFunctionality] [verifyingFreeDeliveryFilterFunctionality] Checking if the allowedDateParts have the assert text   Within validateDeliveryFilterOptions method
2026-03-08 06:29:48.958 PM [TestNG-test-Test-1] INFO  [verifyingFreeDeliveryFilterFunctionality] [verifyingFreeDeliveryFilterFunctionality] Within deliveryElements loop iterating over the products  Within validateDeliveryFilterOptions method
2026-03-08 06:29:48.989 PM [TestNG-test-Test-1] INFO  [verifyingFreeDeliveryFilterFunctionality] [verifyingFreeDeliveryFilterFunctionality] Checking if the allowedDateParts have the assert text   Within validateDeliveryFilterOptions method
2026-03-08 06:29:48.989 PM [TestNG-test-Test-1] INFO  [verifyingFreeDeliveryFilterFunctionality] [verifyingFreeDeliveryFilterFunctionality] Within deliveryElements loop iterating over the products  Within validateDeliveryFilterOptions method
2026-03-08 06:29:49.015 PM [TestNG-test-Test-1] INFO  [verifyingFreeDeliveryFilterFunctionality] [verifyingFreeDeliveryFilterFunctionality] Checking if the allowedDateParts have the assert text   Within validateDeliveryFilterOptions method
2026-03-08 06:29:49.015 PM [TestNG-test-Test-1] INFO  [verifyingFreeDeliveryFilterFunctionality] [verifyingFreeDeliveryFilterFunctionality] Within deliveryElements loop iterating over the products  Within validateDeliveryFilterOptions method
2026-03-08 06:29:49.041 PM [TestNG-test-Test-1] INFO  [verifyingFreeDeliveryFilterFunctionality] [verifyingFreeDeliveryFilterFunctionality] Checking if the allowedDateParts have the assert text   Within validateDeliveryFilterOptions method
2026-03-08 06:29:49.041 PM [TestNG-test-Test-1] INFO  [verifyingFreeDeliveryFilterFunctionality] [verifyingFreeDeliveryFilterFunctionality] Within deliveryElements loop iterating over the products  Within validateDeliveryFilterOptions method
2026-03-08 06:29:49.078 PM [TestNG-test-Test-1] INFO  [verifyingFreeDeliveryFilterFunctionality] [verifyingFreeDeliveryFilterFunctionality] Checking if the allowedDateParts have the assert text   Within validateDeliveryFilterOptions method
2026-03-08 06:29:49.079 PM [TestNG-test-Test-1] INFO  [verifyingFreeDeliveryFilterFunctionality] [verifyingFreeDeliveryFilterFunctionality] Within deliveryElements loop iterating over the products  Within validateDeliveryFilterOptions method
2026-03-08 06:29:49.111 PM [TestNG-test-Test-1] INFO  [verifyingFreeDeliveryFilterFunctionality] [verifyingFreeDeliveryFilterFunctionality] Checking if the allowedDateParts have the assert text   Within validateDeliveryFilterOptions method
2026-03-08 06:29:49.111 PM [TestNG-test-Test-1] INFO  [verifyingFreeDeliveryFilterFunctionality] [verifyingFreeDeliveryFilterFunctionality] Within deliveryElements loop iterating over the products  Within validateDeliveryFilterOptions method
2026-03-08 06:29:49.138 PM [TestNG-test-Test-1] INFO  [verifyingFreeDeliveryFilterFunctionality] [verifyingFreeDeliveryFilterFunctionality] Checking if the allowedDateParts have the assert text   Within validateDeliveryFilterOptions method
2026-03-08 06:29:49.138 PM [TestNG-test-Test-1] INFO  [verifyingFreeDeliveryFilterFunctionality] [verifyingFreeDeliveryFilterFunctionality] Within deliveryElements loop iterating over the products  Within validateDeliveryFilterOptions method
2026-03-08 06:29:49.161 PM [TestNG-test-Test-1] INFO  [verifyingFreeDeliveryFilterFunctionality] [verifyingFreeDeliveryFilterFunctionality] Checking if the allowedDateParts have the assert text   Within validateDeliveryFilterOptions method
2026-03-08 06:29:49.161 PM [TestNG-test-Test-1] INFO  [verifyingFreeDeliveryFilterFunctionality] [verifyingFreeDeliveryFilterFunctionality] Within deliveryElements loop iterating over the products  Within validateDeliveryFilterOptions method
2026-03-08 06:29:49.189 PM [TestNG-test-Test-1] INFO  [verifyingFreeDeliveryFilterFunctionality] [verifyingFreeDeliveryFilterFunctionality] Checking if the allowedDateParts have the assert text   Within validateDeliveryFilterOptions method
2026-03-08 06:29:49.189 PM [TestNG-test-Test-1] INFO  [verifyingFreeDeliveryFilterFunctionality] [verifyingFreeDeliveryFilterFunctionality] Within deliveryElements loop iterating over the products  Within validateDeliveryFilterOptions method
2026-03-08 06:29:49.239 PM [TestNG-test-Test-1] INFO  [verifyingFreeDeliveryFilterFunctionality] [verifyingFreeDeliveryFilterFunctionality] Checking if the allowedDateParts have the assert text   Within validateDeliveryFilterOptions method
2026-03-08 06:29:49.240 PM [TestNG-test-Test-1] INFO  [verifyingFreeDeliveryFilterFunctionality] [verifyingFreeDeliveryFilterFunctionality] Within deliveryElements loop iterating over the products  Within validateDeliveryFilterOptions method
2026-03-08 06:29:49.286 PM [TestNG-test-Test-1] INFO  [verifyingFreeDeliveryFilterFunctionality] [verifyingFreeDeliveryFilterFunctionality] Checking if the allowedDateParts have the assert text   Within validateDeliveryFilterOptions method
2026-03-08 06:29:49.286 PM [TestNG-test-Test-1] INFO  [verifyingFreeDeliveryFilterFunctionality] [verifyingFreeDeliveryFilterFunctionality] Within deliveryElements loop iterating over the products  Within validateDeliveryFilterOptions method
2026-03-08 06:29:49.317 PM [TestNG-test-Test-1] INFO  [verifyingFreeDeliveryFilterFunctionality] [verifyingFreeDeliveryFilterFunctionality] Checking if the allowedDateParts have the assert text   Within validateDeliveryFilterOptions method
2026-03-08 06:29:49.317 PM [TestNG-test-Test-1] INFO  [verifyingFreeDeliveryFilterFunctionality] [verifyingFreeDeliveryFilterFunctionality] Within deliveryElements loop iterating over the products  Within validateDeliveryFilterOptions method
2026-03-08 06:29:49.357 PM [TestNG-test-Test-1] INFO  [verifyingFreeDeliveryFilterFunctionality] [verifyingFreeDeliveryFilterFunctionality] Checking if the allowedDateParts have the assert text   Within validateDeliveryFilterOptions method
2026-03-08 06:29:49.357 PM [TestNG-test-Test-1] INFO  [verifyingFreeDeliveryFilterFunctionality] [verifyingFreeDeliveryFilterFunctionality] Returning the list with boolean values   Within validateDeliveryFilterOptions method
2026-03-08 06:29:49.357 PM [TestNG-test-Test-1] INFO  [verifyingFreeDeliveryFilterFunctionality] [verifyingFreeDeliveryFilterFunctionality] Asserting delivery filter: isValid=true, index=-1, text=All the things are valid no errors
2026-03-08 06:29:49.361 PM [TestNG-test-Test-1] INFO  [verifyingFreeDeliveryFilterFunctionality] ✅ Finished test method: verifyingFreeDeliveryFilterFunctionality
2026-03-08 06:29:49.624 PM [TestNG-test-Test-1] INFO  [verifyingFreeDeliveryFilterFunctionality] 🔹 Starting test method: verifyingFreeDeliveryFilterFunctionality
2026-03-08 06:29:49.624 PM [TestNG-test-Test-1] INFO  [verifyingFreeDeliveryFilterFunctionality] No existing WebDriver found for current thread. Initializing a new ChromeDriver...
2026-03-08 06:29:49.637 PM [TestNG-test-Test-1] INFO  [verifyingFreeDeliveryFilterFunctionality] WebDriverManager: chromedriver setup OK
2026-03-08 06:29:51.109 PM [TestNG-test-Test-1] INFO  [verifyingFreeDeliveryFilterFunctionality] ChromeDriver initialized successfully for thread: 34
2026-03-08 06:29:51.924 PM [TestNG-test-Test-1] INFO  [verifyingFreeDeliveryFilterFunctionality] [verifyingFreeDeliveryFilterFunctionality] Opening amazon Landing page
2026-03-08 06:29:51.924 PM [TestNG-test-Test-1] INFO  [verifyingFreeDeliveryFilterFunctionality] [verifyingFreeDeliveryFilterFunctionality] Within safeFindElement method
2026-03-08 06:29:57.083 PM [TestNG-test-Test-1] INFO  [verifyingFreeDeliveryFilterFunctionality] [verifyingFreeDeliveryFilterFunctionality]Retrying findElement for: ->By.xpath: //a[@id='nav-logo-sprites']
2026-03-08 06:29:58.536 PM [TestNG-test-Test-1] INFO  [verifyingFreeDeliveryFilterFunctionality] [verifyingFreeDeliveryFilterFunctionality]Refrehsing the page , while trying to safely find : ->By.xpath: //a[@id='nav-logo-sprites']
2026-03-08 06:29:58.865 PM [TestNG-test-Test-1] INFO  [verifyingFreeDeliveryFilterFunctionality] [verifyingFreeDeliveryFilterFunctionality]Found the element returning it ,element ->[[ChromeDriver: chrome on windows (855197aa3c01dbe653c8e41fa475d4f3)] -> xpath: //a[@id='nav-logo-sprites']]
2026-03-08 06:29:59.630 PM [TestNG-test-Test-1] INFO  [verifyingFreeDeliveryFilterFunctionality] [verifyingFreeDeliveryFilterFunctionality] Giving input within the search bar
2026-03-08 06:29:59.631 PM [TestNG-test-Test-1] INFO  [verifyingFreeDeliveryFilterFunctionality] [verifyingFreeDeliveryFilterFunctionality] Within safeClick method
2026-03-08 06:30:01.886 PM [TestNG-test-Test-1] INFO  [verifyingFreeDeliveryFilterFunctionality] [verifyingFreeDeliveryFilterFunctionality] Clicked the  [[ChromeDriver: chrome on windows (855197aa3c01dbe653c8e41fa475d4f3)] -> xpath: //input[@id='nav-search-submit-button']]   using safeClick
2026-03-08 06:30:01.886 PM [TestNG-test-Test-1] INFO  [verifyingFreeDeliveryFilterFunctionality] [verifyingFreeDeliveryFilterFunctionality] Clicking on the submit in the search bar
2026-03-08 06:30:02.081 PM [TestNG-test-Test-1] INFO  [verifyingFreeDeliveryFilterFunctionality] [verifyingFreeDeliveryFilterFunctionality] Waiting until element is visible in viewport
2026-03-08 06:30:02.203 PM [TestNG-test-Test-1] INFO  [verifyingFreeDeliveryFilterFunctionality] [verifyingFreeDeliveryFilterFunctionality] Within validateDeliveryFilterOptionsWithResult method
2026-03-08 06:30:02.203 PM [TestNG-test-Test-1] INFO  [verifyingFreeDeliveryFilterFunctionality] [verifyingFreeDeliveryFilterFunctionality] Within safeClick method
2026-03-08 06:30:02.692 PM [TestNG-test-Test-1] INFO  [verifyingFreeDeliveryFilterFunctionality] [verifyingFreeDeliveryFilterFunctionality] Clicked the  [[ChromeDriver: chrome on windows (855197aa3c01dbe653c8e41fa475d4f3)] -> xpath: //span[@class='a-size-base a-color-base puis-bold-weight-text' and text()='Eligible for Free Delivery']/parent::div/following-sibling::ul//span[@class='a-size-base a-color-base' and text()='Free Shipping']]   using safeClick
2026-03-08 06:30:02.692 PM [TestNG-test-Test-1] INFO  [verifyingFreeDeliveryFilterFunctionality] [verifyingFreeDeliveryFilterFunctionality] Within getMoreButtonByFilterTypeAndName method
2026-03-08 06:30:02.693 PM [TestNG-test-Test-1] INFO  [verifyingFreeDeliveryFilterFunctionality] [verifyingFreeDeliveryFilterFunctionality] Capturing screenshot: Filter_Applied_is_Eligible_for_Free_Delivery__2026-03-08_183002.jpg
2026-03-08 06:30:02.924 PM [TestNG-test-Test-1] INFO  [verifyingFreeDeliveryFilterFunctionality] [verifyingFreeDeliveryFilterFunctionality] Screenshot saved at: test-output/screenshots/Run_2026-03-08_18-01-26/verifyingFreeDeliveryFilterFunctionality/Filter_Applied_is_Eligible_for_Free_Delivery__2026-03-08_183002.jpg
2026-03-08 06:30:02.924 PM [TestNG-test-Test-1] INFO  [verifyingFreeDeliveryFilterFunctionality] [verifyingFreeDeliveryFilterFunctionality] Clicked on By.xpath: //span[@class='a-size-base a-color-base puis-bold-weight-text' and text()='Eligible for Free Delivery']/parent::div/following-sibling::ul//span[@class='a-size-base a-color-base' and text()='Free Shipping']
2026-03-08 06:30:02.924 PM [TestNG-test-Test-1] INFO  [verifyingFreeDeliveryFilterFunctionality] [verifyingFreeDeliveryFilterFunctionality] Within safeFindElements 
2026-03-08 06:30:03.680 PM [TestNG-test-Test-1] INFO  [verifyingFreeDeliveryFilterFunctionality] [verifyingFreeDeliveryFilterFunctionality] Returning the  [[[ChromeDriver: chrome on windows (855197aa3c01dbe653c8e41fa475d4f3)] -> xpath: //div[@class='a-section a-spacing-small a-spacing-top-small']], [[ChromeDriver: chrome on windows (855197aa3c01dbe653c8e41fa475d4f3)] -> xpath: //div[@class='a-section a-spacing-small a-spacing-top-small']], [[ChromeDriver: chrome on windows (855197aa3c01dbe653c8e41fa475d4f3)] -> xpath: //div[@class='a-section a-spacing-small a-spacing-top-small']], [[ChromeDriver: chrome on windows (855197aa3c01dbe653c8e41fa475d4f3)] -> xpath: //div[@class='a-section a-spacing-small a-spacing-top-small']], [[ChromeDriver: chrome on windows (855197aa3c01dbe653c8e41fa475d4f3)] -> xpath: //div[@class='a-section a-spacing-small a-spacing-top-small']], [[ChromeDriver: chrome on windows (855197aa3c01dbe653c8e41fa475d4f3)] -> xpath: //div[@class='a-section a-spacing-small a-spacing-top-small']], [[ChromeDriver: chrome on windows (855197aa3c01dbe653c8e41fa475d4f3)] -> xpath: //div[@class='a-section a-spacing-small a-spacing-top-small']], [[ChromeDriver: chrome on windows (855197aa3c01dbe653c8e41fa475d4f3)] -> xpath: //div[@class='a-section a-spacing-small a-spacing-top-small']], [[ChromeDriver: chrome on windows (855197aa3c01dbe653c8e41fa475d4f3)] -> xpath: //div[@class='a-section a-spacing-small a-spacing-top-small']], [[ChromeDriver: chrome on windows (855197aa3c01dbe653c8e41fa475d4f3)] -> xpath: //div[@class='a-section a-spacing-small a-spacing-top-small']], [[ChromeDriver: chrome on windows (855197aa3c01dbe653c8e41fa475d4f3)] -> xpath: //div[@class='a-section a-spacing-small a-spacing-top-small']], [[ChromeDriver: chrome on windows (855197aa3c01dbe653c8e41fa475d4f3)] -> xpath: //div[@class='a-section a-spacing-small a-spacing-top-small']], [[ChromeDriver: chrome on windows (855197aa3c01dbe653c8e41fa475d4f3)] -> xpath: //div[@class='a-section a-spacing-small a-spacing-top-small']], [[ChromeDriver: chrome on windows (855197aa3c01dbe653c8e41fa475d4f3)] -> xpath: //div[@class='a-section a-spacing-small a-spacing-top-small']], [[ChromeDriver: chrome on windows (855197aa3c01dbe653c8e41fa475d4f3)] -> xpath: //div[@class='a-section a-spacing-small a-spacing-top-small']], [[ChromeDriver: chrome on windows (855197aa3c01dbe653c8e41fa475d4f3)] -> xpath: //div[@class='a-section a-spacing-small a-spacing-top-small']]] from the safeFindElements method
2026-03-08 06:30:03.680 PM [TestNG-test-Test-1] INFO  [verifyingFreeDeliveryFilterFunctionality] [verifyingFreeDeliveryFilterFunctionality] Created hashset with required data to assert with Within validateDeliveryFilterOptions method
2026-03-08 06:30:03.681 PM [TestNG-test-Test-1] INFO  [verifyingFreeDeliveryFilterFunctionality] [verifyingFreeDeliveryFilterFunctionality] this is the set  [Today, FREE delivery, 08, 09, Sun, Mon, Tomorrow, Mar]
2026-03-08 06:30:03.681 PM [TestNG-test-Test-1] INFO  [verifyingFreeDeliveryFilterFunctionality] [verifyingFreeDeliveryFilterFunctionality] Within deliveryElements loop iterating over the products  Within validateDeliveryFilterOptions method
2026-03-08 06:30:03.740 PM [TestNG-test-Test-1] INFO  [verifyingFreeDeliveryFilterFunctionality] [verifyingFreeDeliveryFilterFunctionality] Checking if the allowedDateParts have the assert text   Within validateDeliveryFilterOptions method
2026-03-08 06:30:03.741 PM [TestNG-test-Test-1] INFO  [verifyingFreeDeliveryFilterFunctionality] [verifyingFreeDeliveryFilterFunctionality] Within deliveryElements loop iterating over the products  Within validateDeliveryFilterOptions method
2026-03-08 06:30:03.805 PM [TestNG-test-Test-1] INFO  [verifyingFreeDeliveryFilterFunctionality] [verifyingFreeDeliveryFilterFunctionality] Checking if the allowedDateParts have the assert text   Within validateDeliveryFilterOptions method
2026-03-08 06:30:03.806 PM [TestNG-test-Test-1] INFO  [verifyingFreeDeliveryFilterFunctionality] [verifyingFreeDeliveryFilterFunctionality] Within deliveryElements loop iterating over the products  Within validateDeliveryFilterOptions method
2026-03-08 06:30:03.852 PM [TestNG-test-Test-1] INFO  [verifyingFreeDeliveryFilterFunctionality] [verifyingFreeDeliveryFilterFunctionality] Checking if the allowedDateParts have the assert text   Within validateDeliveryFilterOptions method
2026-03-08 06:30:03.852 PM [TestNG-test-Test-1] INFO  [verifyingFreeDeliveryFilterFunctionality] [verifyingFreeDeliveryFilterFunctionality] Within deliveryElements loop iterating over the products  Within validateDeliveryFilterOptions method
2026-03-08 06:30:03.960 PM [TestNG-test-Test-1] INFO  [verifyingFreeDeliveryFilterFunctionality] [verifyingFreeDeliveryFilterFunctionality] Checking if the allowedDateParts have the assert text   Within validateDeliveryFilterOptions method
2026-03-08 06:30:03.960 PM [TestNG-test-Test-1] INFO  [verifyingFreeDeliveryFilterFunctionality] [verifyingFreeDeliveryFilterFunctionality] Within deliveryElements loop iterating over the products  Within validateDeliveryFilterOptions method
2026-03-08 06:30:04.010 PM [TestNG-test-Test-1] INFO  [verifyingFreeDeliveryFilterFunctionality] [verifyingFreeDeliveryFilterFunctionality] Checking if the allowedDateParts have the assert text   Within validateDeliveryFilterOptions method
2026-03-08 06:30:04.010 PM [TestNG-test-Test-1] INFO  [verifyingFreeDeliveryFilterFunctionality] [verifyingFreeDeliveryFilterFunctionality] Within deliveryElements loop iterating over the products  Within validateDeliveryFilterOptions method
2026-03-08 06:30:04.057 PM [TestNG-test-Test-1] INFO  [verifyingFreeDeliveryFilterFunctionality] [verifyingFreeDeliveryFilterFunctionality] Checking if the allowedDateParts have the assert text   Within validateDeliveryFilterOptions method
2026-03-08 06:30:04.057 PM [TestNG-test-Test-1] INFO  [verifyingFreeDeliveryFilterFunctionality] [verifyingFreeDeliveryFilterFunctionality] Within deliveryElements loop iterating over the products  Within validateDeliveryFilterOptions method
2026-03-08 06:30:04.094 PM [TestNG-test-Test-1] INFO  [verifyingFreeDeliveryFilterFunctionality] [verifyingFreeDeliveryFilterFunctionality] Checking if the allowedDateParts have the assert text   Within validateDeliveryFilterOptions method
2026-03-08 06:30:04.094 PM [TestNG-test-Test-1] INFO  [verifyingFreeDeliveryFilterFunctionality] [verifyingFreeDeliveryFilterFunctionality] Within deliveryElements loop iterating over the products  Within validateDeliveryFilterOptions method
2026-03-08 06:30:04.142 PM [TestNG-test-Test-1] INFO  [verifyingFreeDeliveryFilterFunctionality] [verifyingFreeDeliveryFilterFunctionality] Checking if the allowedDateParts have the assert text   Within validateDeliveryFilterOptions method
2026-03-08 06:30:04.142 PM [TestNG-test-Test-1] INFO  [verifyingFreeDeliveryFilterFunctionality] [verifyingFreeDeliveryFilterFunctionality] Within deliveryElements loop iterating over the products  Within validateDeliveryFilterOptions method
2026-03-08 06:30:04.174 PM [TestNG-test-Test-1] INFO  [verifyingFreeDeliveryFilterFunctionality] [verifyingFreeDeliveryFilterFunctionality] Checking if the allowedDateParts have the assert text   Within validateDeliveryFilterOptions method
2026-03-08 06:30:04.174 PM [TestNG-test-Test-1] INFO  [verifyingFreeDeliveryFilterFunctionality] [verifyingFreeDeliveryFilterFunctionality] Within deliveryElements loop iterating over the products  Within validateDeliveryFilterOptions method
2026-03-08 06:30:04.208 PM [TestNG-test-Test-1] INFO  [verifyingFreeDeliveryFilterFunctionality] [verifyingFreeDeliveryFilterFunctionality] Checking if the allowedDateParts have the assert text   Within validateDeliveryFilterOptions method
2026-03-08 06:30:04.208 PM [TestNG-test-Test-1] INFO  [verifyingFreeDeliveryFilterFunctionality] [verifyingFreeDeliveryFilterFunctionality] Within deliveryElements loop iterating over the products  Within validateDeliveryFilterOptions method
2026-03-08 06:30:04.242 PM [TestNG-test-Test-1] INFO  [verifyingFreeDeliveryFilterFunctionality] [verifyingFreeDeliveryFilterFunctionality] Checking if the allowedDateParts have the assert text   Within validateDeliveryFilterOptions method
2026-03-08 06:30:04.242 PM [TestNG-test-Test-1] INFO  [verifyingFreeDeliveryFilterFunctionality] [verifyingFreeDeliveryFilterFunctionality] Within deliveryElements loop iterating over the products  Within validateDeliveryFilterOptions method
2026-03-08 06:30:04.298 PM [TestNG-test-Test-1] INFO  [verifyingFreeDeliveryFilterFunctionality] [verifyingFreeDeliveryFilterFunctionality] Checking if the allowedDateParts have the assert text   Within validateDeliveryFilterOptions method
2026-03-08 06:30:04.299 PM [TestNG-test-Test-1] INFO  [verifyingFreeDeliveryFilterFunctionality] [verifyingFreeDeliveryFilterFunctionality] Within deliveryElements loop iterating over the products  Within validateDeliveryFilterOptions method
2026-03-08 06:30:04.332 PM [TestNG-test-Test-1] INFO  [verifyingFreeDeliveryFilterFunctionality] [verifyingFreeDeliveryFilterFunctionality] Checking if the allowedDateParts have the assert text   Within validateDeliveryFilterOptions method
2026-03-08 06:30:04.333 PM [TestNG-test-Test-1] INFO  [verifyingFreeDeliveryFilterFunctionality] [verifyingFreeDeliveryFilterFunctionality] Within deliveryElements loop iterating over the products  Within validateDeliveryFilterOptions method
2026-03-08 06:30:04.360 PM [TestNG-test-Test-1] INFO  [verifyingFreeDeliveryFilterFunctionality] [verifyingFreeDeliveryFilterFunctionality] Checking if the allowedDateParts have the assert text   Within validateDeliveryFilterOptions method
2026-03-08 06:30:04.360 PM [TestNG-test-Test-1] INFO  [verifyingFreeDeliveryFilterFunctionality] [verifyingFreeDeliveryFilterFunctionality] Within deliveryElements loop iterating over the products  Within validateDeliveryFilterOptions method
2026-03-08 06:30:04.382 PM [TestNG-test-Test-1] INFO  [verifyingFreeDeliveryFilterFunctionality] [verifyingFreeDeliveryFilterFunctionality] Checking if the allowedDateParts have the assert text   Within validateDeliveryFilterOptions method
2026-03-08 06:30:04.382 PM [TestNG-test-Test-1] INFO  [verifyingFreeDeliveryFilterFunctionality] [verifyingFreeDeliveryFilterFunctionality] Within deliveryElements loop iterating over the products  Within validateDeliveryFilterOptions method
2026-03-08 06:30:04.409 PM [TestNG-test-Test-1] INFO  [verifyingFreeDeliveryFilterFunctionality] [verifyingFreeDeliveryFilterFunctionality] Checking if the allowedDateParts have the assert text   Within validateDeliveryFilterOptions method
2026-03-08 06:30:04.409 PM [TestNG-test-Test-1] INFO  [verifyingFreeDeliveryFilterFunctionality] [verifyingFreeDeliveryFilterFunctionality] Returning the list with boolean values   Within validateDeliveryFilterOptions method
2026-03-08 06:30:04.409 PM [TestNG-test-Test-1] INFO  [verifyingFreeDeliveryFilterFunctionality] [verifyingFreeDeliveryFilterFunctionality] Asserting delivery filter: isValid=true, index=-1, text=All the things are valid no errors
2026-03-08 06:30:04.413 PM [TestNG-test-Test-1] INFO  [verifyingFreeDeliveryFilterFunctionality] ✅ Finished test method: verifyingFreeDeliveryFilterFunctionality
