2026-03-08 06:30:04.827 PM [TestNG-test-Test-1] INFO  [verifyingGetItByTodayFilterFunctionality] 🔹 Starting test method: verifyingGetItByTodayFilterFunctionality
2026-03-08 06:30:04.830 PM [TestNG-test-Test-1] INFO  [verifyingGetItByTodayFilterFunctionality] No existing WebDriver found for current thread. Initializing a new ChromeDriver...
2026-03-08 06:30:04.840 PM [TestNG-test-Test-1] INFO  [verifyingGetItByTodayFilterFunctionality] WebDriverManager: chromedriver setup OK
2026-03-08 06:30:06.112 PM [TestNG-test-Test-1] INFO  [verifyingGetItByTodayFilterFunctionality] ChromeDriver initialized successfully for thread: 34
2026-03-08 06:30:06.955 PM [TestNG-test-Test-1] INFO  [verifyingGetItByTodayFilterFunctionality] [verifyingGetItByTodayFilterFunctionality] Opening amazon Landing page
2026-03-08 06:30:06.955 PM [TestNG-test-Test-1] INFO  [verifyingGetItByTodayFilterFunctionality] [verifyingGetItByTodayFilterFunctionality] Within safeFindElement method
2026-03-08 06:30:12.172 PM [TestNG-test-Test-1] INFO  [verifyingGetItByTodayFilterFunctionality] [verifyingGetItByTodayFilterFunctionality]Retrying findElement for: ->By.xpath: //a[@id='nav-logo-sprites']
2026-03-08 06:30:12.499 PM [TestNG-test-Test-1] INFO  [verifyingGetItByTodayFilterFunctionality] [verifyingGetItByTodayFilterFunctionality]Refrehsing the page , while trying to safely find : ->By.xpath: //a[@id='nav-logo-sprites']
2026-03-08 06:30:17.626 PM [TestNG-test-Test-1] INFO  [verifyingGetItByTodayFilterFunctionality] [verifyingGetItByTodayFilterFunctionality]Retrying findElement for: ->By.xpath: //a[@id='nav-logo-sprites']
2026-03-08 06:30:18.096 PM [TestNG-test-Test-1] INFO  [verifyingGetItByTodayFilterFunctionality] [verifyingGetItByTodayFilterFunctionality]Refrehsing the page , while trying to safely find : ->By.xpath: //a[@id='nav-logo-sprites']
2026-03-08 06:30:18.096 PM [TestNG-test-Test-1] INFO  [verifyingGetItByTodayFilterFunctionality] [verifyingGetItByTodayFilterFunctionality] Skipping action: Element not found after 2   attemps
2026-03-08 06:30:23.283 PM [TestNG-test-Test-1] INFO  [verifyingGetItByTodayFilterFunctionality] [verifyingGetItByTodayFilterFunctionality] Giving input within the search bar
2026-03-08 06:30:23.283 PM [TestNG-test-Test-1] INFO  [verifyingGetItByTodayFilterFunctionality] [verifyingGetItByTodayFilterFunctionality] Within safeClick method
2026-03-08 06:30:25.824 PM [TestNG-test-Test-1] INFO  [verifyingGetItByTodayFilterFunctionality] [verifyingGetItByTodayFilterFunctionality] Clicked the  [[ChromeDriver: chrome on windows (f74a31d408556f4b7cd068913b7e0528)] -> xpath: //input[@id='nav-search-submit-button']]   using safeClick
2026-03-08 06:30:25.824 PM [TestNG-test-Test-1] INFO  [verifyingGetItByTodayFilterFunctionality] [verifyingGetItByTodayFilterFunctionality] Clicking on the submit in the search bar
2026-03-08 06:30:25.977 PM [TestNG-test-Test-1] INFO  [verifyingGetItByTodayFilterFunctionality] [verifyingGetItByTodayFilterFunctionality] Waiting until element is visible in viewport
2026-03-08 06:30:26.001 PM [TestNG-test-Test-1] INFO  [verifyingGetItByTodayFilterFunctionality] [verifyingGetItByTodayFilterFunctionality] Within validateDeliveryFilterOptionsWithResult method
2026-03-08 06:30:26.001 PM [TestNG-test-Test-1] INFO  [verifyingGetItByTodayFilterFunctionality] [verifyingGetItByTodayFilterFunctionality] Within safeClick method
2026-03-08 06:30:26.454 PM [TestNG-test-Test-1] INFO  [verifyingGetItByTodayFilterFunctionality] [verifyingGetItByTodayFilterFunctionality] Clicked the  [[ChromeDriver: chrome on windows (f74a31d408556f4b7cd068913b7e0528)] -> xpath: //span[@class='a-size-base a-color-base puis-bold-weight-text' and text()='Delivery Day']/parent::div/following-sibling::ul//span[@class='a-size-base a-color-base' and text()='Get It Today']]   using safeClick
2026-03-08 06:30:26.455 PM [TestNG-test-Test-1] INFO  [verifyingGetItByTodayFilterFunctionality] [verifyingGetItByTodayFilterFunctionality] Within getMoreButtonByFilterTypeAndName method
2026-03-08 06:30:26.456 PM [TestNG-test-Test-1] INFO  [verifyingGetItByTodayFilterFunctionality] [verifyingGetItByTodayFilterFunctionality] Capturing screenshot: Filter_Applied_is_Get_It_By_Today__2026-03-08_183026.jpg
2026-03-08 06:30:26.643 PM [TestNG-test-Test-1] INFO  [verifyingGetItByTodayFilterFunctionality] [verifyingGetItByTodayFilterFunctionality] Screenshot saved at: test-output/screenshots/Run_2026-03-08_18-01-26/verifyingGetItByTodayFilterFunctionality/Filter_Applied_is_Get_It_By_Today__2026-03-08_183026.jpg
2026-03-08 06:30:26.643 PM [TestNG-test-Test-1] INFO  [verifyingGetItByTodayFilterFunctionality] [verifyingGetItByTodayFilterFunctionality] Clicked on By.xpath: //span[@class='a-size-base a-color-base puis-bold-weight-text' and text()='Delivery Day']/parent::div/following-sibling::ul//span[@class='a-size-base a-color-base' and text()='Get It Today']
2026-03-08 06:30:26.643 PM [TestNG-test-Test-1] INFO  [verifyingGetItByTodayFilterFunctionality] [verifyingGetItByTodayFilterFunctionality] Within safeFindElements 
2026-03-08 06:30:27.172 PM [TestNG-test-Test-1] INFO  [verifyingGetItByTodayFilterFunctionality] [verifyingGetItByTodayFilterFunctionality] Returning the  [[[ChromeDriver: chrome on windows (f74a31d408556f4b7cd068913b7e0528)] -> xpath: //div[@class='a-section a-spacing-small a-spacing-top-small']], [[ChromeDriver: chrome on windows (f74a31d408556f4b7cd068913b7e0528)] -> xpath: //div[@class='a-section a-spacing-small a-spacing-top-small']], [[ChromeDriver: chrome on windows (f74a31d408556f4b7cd068913b7e0528)] -> xpath: //div[@class='a-section a-spacing-small a-spacing-top-small']], [[ChromeDriver: chrome on windows (f74a31d408556f4b7cd068913b7e0528)] -> xpath: //div[@class='a-section a-spacing-small a-spacing-top-small']], [[ChromeDriver: chrome on windows (f74a31d408556f4b7cd068913b7e0528)] -> xpath: //div[@class='a-section a-spacing-small a-spacing-top-small']], [[ChromeDriver: chrome on windows (f74a31d408556f4b7cd068913b7e0528)] -> xpath: //div[@class='a-section a-spacing-small a-spacing-top-small']]] from the safeFindElements method
2026-03-08 06:30:27.173 PM [TestNG-test-Test-1] INFO  [verifyingGetItByTodayFilterFunctionality] [verifyingGetItByTodayFilterFunctionality] Created hashset with required data to assert with Within validateDeliveryFilterOptions method
2026-03-08 06:30:27.173 PM [TestNG-test-Test-1] INFO  [verifyingGetItByTodayFilterFunctionality] [verifyingGetItByTodayFilterFunctionality] this is the set  [Today, FREE delivery, 08, 09, Sun, Mon, Tomorrow, Mar]
2026-03-08 06:30:27.173 PM [TestNG-test-Test-1] INFO  [verifyingGetItByTodayFilterFunctionality] [verifyingGetItByTodayFilterFunctionality] Within deliveryElements loop iterating over the products  Within validateDeliveryFilterOptions method
2026-03-08 06:30:27.201 PM [TestNG-test-Test-1] INFO  [verifyingGetItByTodayFilterFunctionality] [verifyingGetItByTodayFilterFunctionality] Checking if the allowedDateParts have the assert text   Within validateDeliveryFilterOptions method
2026-03-08 06:30:27.202 PM [TestNG-test-Test-1] INFO  [verifyingGetItByTodayFilterFunctionality] [verifyingGetItByTodayFilterFunctionality] Within deliveryElements loop iterating over the products  Within validateDeliveryFilterOptions method
2026-03-08 06:30:27.228 PM [TestNG-test-Test-1] INFO  [verifyingGetItByTodayFilterFunctionality] [verifyingGetItByTodayFilterFunctionality] Checking if the allowedDateParts have the assert text   Within validateDeliveryFilterOptions method
2026-03-08 06:30:27.229 PM [TestNG-test-Test-1] INFO  [verifyingGetItByTodayFilterFunctionality] [verifyingGetItByTodayFilterFunctionality] Within deliveryElements loop iterating over the products  Within validateDeliveryFilterOptions method
2026-03-08 06:30:27.267 PM [TestNG-test-Test-1] INFO  [verifyingGetItByTodayFilterFunctionality] [verifyingGetItByTodayFilterFunctionality] Checking if the allowedDateParts have the assert text   Within validateDeliveryFilterOptions method
2026-03-08 06:30:27.267 PM [TestNG-test-Test-1] INFO  [verifyingGetItByTodayFilterFunctionality] [verifyingGetItByTodayFilterFunctionality] Within deliveryElements loop iterating over the products  Within validateDeliveryFilterOptions method
2026-03-08 06:30:27.304 PM [TestNG-test-Test-1] INFO  [verifyingGetItByTodayFilterFunctionality] [verifyingGetItByTodayFilterFunctionality] Checking if the allowedDateParts have the assert text   Within validateDeliveryFilterOptions method
2026-03-08 06:30:27.304 PM [TestNG-test-Test-1] INFO  [verifyingGetItByTodayFilterFunctionality] [verifyingGetItByTodayFilterFunctionality] Within deliveryElements loop iterating over the products  Within validateDeliveryFilterOptions method
2026-03-08 06:30:27.369 PM [TestNG-test-Test-1] INFO  [verifyingGetItByTodayFilterFunctionality] [verifyingGetItByTodayFilterFunctionality] Checking if the allowedDateParts have the assert text   Within validateDeliveryFilterOptions method
2026-03-08 06:30:27.369 PM [TestNG-test-Test-1] INFO  [verifyingGetItByTodayFilterFunctionality] [verifyingGetItByTodayFilterFunctionality] Within deliveryElements loop iterating over the products  Within validateDeliveryFilterOptions method
2026-03-08 06:30:27.563 PM [TestNG-test-Test-1] INFO  [verifyingGetItByTodayFilterFunctionality] [verifyingGetItByTodayFilterFunctionality] Checking if the allowedDateParts have the assert text   Within validateDeliveryFilterOptions method
2026-03-08 06:30:27.563 PM [TestNG-test-Test-1] INFO  [verifyingGetItByTodayFilterFunctionality] [verifyingGetItByTodayFilterFunctionality] Returning the list with boolean values   Within validateDeliveryFilterOptions method
2026-03-08 06:30:27.563 PM [TestNG-test-Test-1] INFO  [verifyingGetItByTodayFilterFunctionality] [verifyingGetItByTodayFilterFunctionality] Asserting delivery filter: isValid=true, index=-1, text=All the things are valid no errors
2026-03-08 06:30:27.570 PM [TestNG-test-Test-1] INFO  [verifyingGetItByTodayFilterFunctionality] ✅ Finished test method: verifyingGetItByTodayFilterFunctionality
2026-03-08 06:30:27.937 PM [TestNG-test-Test-1] INFO  [verifyingGetItByTodayFilterFunctionality] 🔹 Starting test method: verifyingGetItByTodayFilterFunctionality
2026-03-08 06:30:27.937 PM [TestNG-test-Test-1] INFO  [verifyingGetItByTodayFilterFunctionality] No existing WebDriver found for current thread. Initializing a new ChromeDriver...
2026-03-08 06:30:27.947 PM [TestNG-test-Test-1] INFO  [verifyingGetItByTodayFilterFunctionality] WebDriverManager: chromedriver setup OK
2026-03-08 06:30:29.280 PM [TestNG-test-Test-1] INFO  [verifyingGetItByTodayFilterFunctionality] ChromeDriver initialized successfully for thread: 34
2026-03-08 06:30:30.117 PM [TestNG-test-Test-1] INFO  [verifyingGetItByTodayFilterFunctionality] [verifyingGetItByTodayFilterFunctionality] Opening amazon Landing page
2026-03-08 06:30:30.117 PM [TestNG-test-Test-1] INFO  [verifyingGetItByTodayFilterFunctionality] [verifyingGetItByTodayFilterFunctionality] Within safeFindElement method
2026-03-08 06:30:35.221 PM [TestNG-test-Test-1] INFO  [verifyingGetItByTodayFilterFunctionality] [verifyingGetItByTodayFilterFunctionality]Retrying findElement for: ->By.xpath: //a[@id='nav-logo-sprites']
2026-03-08 06:30:35.593 PM [TestNG-test-Test-1] INFO  [verifyingGetItByTodayFilterFunctionality] [verifyingGetItByTodayFilterFunctionality]Refrehsing the page , while trying to safely find : ->By.xpath: //a[@id='nav-logo-sprites']
2026-03-08 06:30:40.799 PM [TestNG-test-Test-1] INFO  [verifyingGetItByTodayFilterFunctionality] [verifyingGetItByTodayFilterFunctionality]Retrying findElement for: ->By.xpath: //a[@id='nav-logo-sprites']
2026-03-08 06:30:41.335 PM [TestNG-test-Test-1] INFO  [verifyingGetItByTodayFilterFunctionality] [verifyingGetItByTodayFilterFunctionality]Refrehsing the page , while trying to safely find : ->By.xpath: //a[@id='nav-logo-sprites']
2026-03-08 06:30:41.335 PM [TestNG-test-Test-1] INFO  [verifyingGetItByTodayFilterFunctionality] [verifyingGetItByTodayFilterFunctionality] Skipping action: Element not found after 2   attemps
2026-03-08 06:30:44.176 PM [TestNG-test-Test-1] INFO  [verifyingGetItByTodayFilterFunctionality] [verifyingGetItByTodayFilterFunctionality] Giving input within the search bar
2026-03-08 06:30:44.176 PM [TestNG-test-Test-1] INFO  [verifyingGetItByTodayFilterFunctionality] [verifyingGetItByTodayFilterFunctionality] Within safeClick method
2026-03-08 06:30:46.034 PM [TestNG-test-Test-1] INFO  [verifyingGetItByTodayFilterFunctionality] [verifyingGetItByTodayFilterFunctionality] Clicked the  [[ChromeDriver: chrome on windows (0585af3a9501724f70656dace1ca1f80)] -> xpath: //input[@id='nav-search-submit-button']]   using safeClick
2026-03-08 06:30:46.034 PM [TestNG-test-Test-1] INFO  [verifyingGetItByTodayFilterFunctionality] [verifyingGetItByTodayFilterFunctionality] Clicking on the submit in the search bar
2026-03-08 06:30:46.159 PM [TestNG-test-Test-1] INFO  [verifyingGetItByTodayFilterFunctionality] [verifyingGetItByTodayFilterFunctionality] Waiting until element is visible in viewport
2026-03-08 06:30:56.566 PM [TestNG-test-Test-1] WARN  [verifyingGetItByTodayFilterFunctionality] [verifyingGetItByTodayFilterFunctionality]  Filter option 'Get It Today' does not exist. Skipping the test.
2026-03-08 06:30:56.569 PM [TestNG-test-Test-1] INFO  [verifyingGetItByTodayFilterFunctionality] ✅ Finished test method: verifyingGetItByTodayFilterFunctionality
2026-03-08 06:30:56.809 PM [TestNG-test-Test-1] INFO  [verifyingGetItByTodayFilterFunctionality] 🔹 Starting test method: verifyingGetItByTodayFilterFunctionality
2026-03-08 06:30:56.809 PM [TestNG-test-Test-1] INFO  [verifyingGetItByTodayFilterFunctionality] No existing WebDriver found for current thread. Initializing a new ChromeDriver...
2026-03-08 06:30:56.819 PM [TestNG-test-Test-1] INFO  [verifyingGetItByTodayFilterFunctionality] WebDriverManager: chromedriver setup OK
2026-03-08 06:30:57.932 PM [TestNG-test-Test-1] INFO  [verifyingGetItByTodayFilterFunctionality] ChromeDriver initialized successfully for thread: 34
2026-03-08 06:30:58.760 PM [TestNG-test-Test-1] INFO  [verifyingGetItByTodayFilterFunctionality] [verifyingGetItByTodayFilterFunctionality] Opening amazon Landing page
2026-03-08 06:30:58.760 PM [TestNG-test-Test-1] INFO  [verifyingGetItByTodayFilterFunctionality] [verifyingGetItByTodayFilterFunctionality] Within safeFindElement method
2026-03-08 06:31:03.906 PM [TestNG-test-Test-1] INFO  [verifyingGetItByTodayFilterFunctionality] [verifyingGetItByTodayFilterFunctionality]Retrying findElement for: ->By.xpath: //a[@id='nav-logo-sprites']
2026-03-08 06:31:04.094 PM [TestNG-test-Test-1] INFO  [verifyingGetItByTodayFilterFunctionality] [verifyingGetItByTodayFilterFunctionality]Refrehsing the page , while trying to safely find : ->By.xpath: //a[@id='nav-logo-sprites']
2026-03-08 06:31:09.479 PM [TestNG-test-Test-1] INFO  [verifyingGetItByTodayFilterFunctionality] [verifyingGetItByTodayFilterFunctionality]Retrying findElement for: ->By.xpath: //a[@id='nav-logo-sprites']
2026-03-08 06:31:09.890 PM [TestNG-test-Test-1] INFO  [verifyingGetItByTodayFilterFunctionality] [verifyingGetItByTodayFilterFunctionality]Refrehsing the page , while trying to safely find : ->By.xpath: //a[@id='nav-logo-sprites']
2026-03-08 06:31:09.890 PM [TestNG-test-Test-1] INFO  [verifyingGetItByTodayFilterFunctionality] [verifyingGetItByTodayFilterFunctionality] Skipping action: Element not found after 2   attemps
2026-03-08 06:31:14.763 PM [TestNG-test-Test-1] INFO  [verifyingGetItByTodayFilterFunctionality] [verifyingGetItByTodayFilterFunctionality] Giving input within the search bar
2026-03-08 06:31:14.763 PM [TestNG-test-Test-1] INFO  [verifyingGetItByTodayFilterFunctionality] [verifyingGetItByTodayFilterFunctionality] Within safeClick method
2026-03-08 06:31:16.655 PM [TestNG-test-Test-1] INFO  [verifyingGetItByTodayFilterFunctionality] [verifyingGetItByTodayFilterFunctionality] Clicked the  [[ChromeDriver: chrome on windows (fee177c735023f0abea918db690bf2ac)] -> xpath: //input[@id='nav-search-submit-button']]   using safeClick
2026-03-08 06:31:16.655 PM [TestNG-test-Test-1] INFO  [verifyingGetItByTodayFilterFunctionality] [verifyingGetItByTodayFilterFunctionality] Clicking on the submit in the search bar
2026-03-08 06:31:16.785 PM [TestNG-test-Test-1] INFO  [verifyingGetItByTodayFilterFunctionality] [verifyingGetItByTodayFilterFunctionality] Waiting until element is visible in viewport
2026-03-08 06:31:16.814 PM [TestNG-test-Test-1] INFO  [verifyingGetItByTodayFilterFunctionality] [verifyingGetItByTodayFilterFunctionality] Within validateDeliveryFilterOptionsWithResult method
2026-03-08 06:31:16.814 PM [TestNG-test-Test-1] INFO  [verifyingGetItByTodayFilterFunctionality] [verifyingGetItByTodayFilterFunctionality] Within safeClick method
2026-03-08 06:31:17.003 PM [TestNG-test-Test-1] INFO  [verifyingGetItByTodayFilterFunctionality] [verifyingGetItByTodayFilterFunctionality] Clicked the  [[ChromeDriver: chrome on windows (fee177c735023f0abea918db690bf2ac)] -> xpath: //span[@class='a-size-base a-color-base puis-bold-weight-text' and text()='Delivery Day']/parent::div/following-sibling::ul//span[@class='a-size-base a-color-base' and text()='Get It Today']]   using safeClick
2026-03-08 06:31:17.003 PM [TestNG-test-Test-1] INFO  [verifyingGetItByTodayFilterFunctionality] [verifyingGetItByTodayFilterFunctionality] Within getMoreButtonByFilterTypeAndName method
2026-03-08 06:31:17.004 PM [TestNG-test-Test-1] INFO  [verifyingGetItByTodayFilterFunctionality] [verifyingGetItByTodayFilterFunctionality] Capturing screenshot: Filter_Applied_is_Get_It_By_Today__2026-03-08_183117.jpg
2026-03-08 06:31:17.233 PM [TestNG-test-Test-1] INFO  [verifyingGetItByTodayFilterFunctionality] [verifyingGetItByTodayFilterFunctionality] Screenshot saved at: test-output/screenshots/Run_2026-03-08_18-01-26/verifyingGetItByTodayFilterFunctionality/Filter_Applied_is_Get_It_By_Today__2026-03-08_183117.jpg
2026-03-08 06:31:17.234 PM [TestNG-test-Test-1] INFO  [verifyingGetItByTodayFilterFunctionality] [verifyingGetItByTodayFilterFunctionality] Clicked on By.xpath: //span[@class='a-size-base a-color-base puis-bold-weight-text' and text()='Delivery Day']/parent::div/following-sibling::ul//span[@class='a-size-base a-color-base' and text()='Get It Today']
2026-03-08 06:31:17.234 PM [TestNG-test-Test-1] INFO  [verifyingGetItByTodayFilterFunctionality] [verifyingGetItByTodayFilterFunctionality] Within safeFindElements 
2026-03-08 06:31:17.850 PM [TestNG-test-Test-1] INFO  [verifyingGetItByTodayFilterFunctionality] [verifyingGetItByTodayFilterFunctionality] Returning the  [[[ChromeDriver: chrome on windows (fee177c735023f0abea918db690bf2ac)] -> xpath: //div[@class='a-section a-spacing-small a-spacing-top-small']], [[ChromeDriver: chrome on windows (fee177c735023f0abea918db690bf2ac)] -> xpath: //div[@class='a-section a-spacing-small a-spacing-top-small']], [[ChromeDriver: chrome on windows (fee177c735023f0abea918db690bf2ac)] -> xpath: //div[@class='a-section a-spacing-small a-spacing-top-small']], [[ChromeDriver: chrome on windows (fee177c735023f0abea918db690bf2ac)] -> xpath: //div[@class='a-section a-spacing-small a-spacing-top-small']], [[ChromeDriver: chrome on windows (fee177c735023f0abea918db690bf2ac)] -> xpath: //div[@class='a-section a-spacing-small a-spacing-top-small']], [[ChromeDriver: chrome on windows (fee177c735023f0abea918db690bf2ac)] -> xpath: //div[@class='a-section a-spacing-small a-spacing-top-small']], [[ChromeDriver: chrome on windows (fee177c735023f0abea918db690bf2ac)] -> xpath: //div[@class='a-section a-spacing-small a-spacing-top-small']], [[ChromeDriver: chrome on windows (fee177c735023f0abea918db690bf2ac)] -> xpath: //div[@class='a-section a-spacing-small a-spacing-top-small']], [[ChromeDriver: chrome on windows (fee177c735023f0abea918db690bf2ac)] -> xpath: //div[@class='a-section a-spacing-small a-spacing-top-small']], [[ChromeDriver: chrome on windows (fee177c735023f0abea918db690bf2ac)] -> xpath: //div[@class='a-section a-spacing-small a-spacing-top-small']], [[ChromeDriver: chrome on windows (fee177c735023f0abea918db690bf2ac)] -> xpath: //div[@class='a-section a-spacing-small a-spacing-top-small']], [[ChromeDriver: chrome on windows (fee177c735023f0abea918db690bf2ac)] -> xpath: //div[@class='a-section a-spacing-small a-spacing-top-small']], [[ChromeDriver: chrome on windows (fee177c735023f0abea918db690bf2ac)] -> xpath: //div[@class='a-section a-spacing-small a-spacing-top-small']], [[ChromeDriver: chrome on windows (fee177c735023f0abea918db690bf2ac)] -> xpath: //div[@class='a-section a-spacing-small a-spacing-top-small']], [[ChromeDriver: chrome on windows (fee177c735023f0abea918db690bf2ac)] -> xpath: //div[@class='a-section a-spacing-small a-spacing-top-small']], [[ChromeDriver: chrome on windows (fee177c735023f0abea918db690bf2ac)] -> xpath: //div[@class='a-section a-spacing-small a-spacing-top-small']]] from the safeFindElements method
2026-03-08 06:31:17.851 PM [TestNG-test-Test-1] INFO  [verifyingGetItByTodayFilterFunctionality] [verifyingGetItByTodayFilterFunctionality] Created hashset with required data to assert with Within validateDeliveryFilterOptions method
2026-03-08 06:31:17.851 PM [TestNG-test-Test-1] INFO  [verifyingGetItByTodayFilterFunctionality] [verifyingGetItByTodayFilterFunctionality] this is the set  [Today, FREE delivery, 08, 09, Sun, Mon, Tomorrow, Mar]
2026-03-08 06:31:17.851 PM [TestNG-test-Test-1] INFO  [verifyingGetItByTodayFilterFunctionality] [verifyingGetItByTodayFilterFunctionality] Within deliveryElements loop iterating over the products  Within validateDeliveryFilterOptions method
2026-03-08 06:31:18.016 PM [TestNG-test-Test-1] INFO  [verifyingGetItByTodayFilterFunctionality] [verifyingGetItByTodayFilterFunctionality] Checking if the allowedDateParts have the assert text   Within validateDeliveryFilterOptions method
2026-03-08 06:31:18.016 PM [TestNG-test-Test-1] INFO  [verifyingGetItByTodayFilterFunctionality] [verifyingGetItByTodayFilterFunctionality] Within deliveryElements loop iterating over the products  Within validateDeliveryFilterOptions method
2026-03-08 06:31:18.050 PM [TestNG-test-Test-1] INFO  [verifyingGetItByTodayFilterFunctionality] [verifyingGetItByTodayFilterFunctionality] Checking if the allowedDateParts have the assert text   Within validateDeliveryFilterOptions method
2026-03-08 06:31:18.050 PM [TestNG-test-Test-1] INFO  [verifyingGetItByTodayFilterFunctionality] [verifyingGetItByTodayFilterFunctionality] Within deliveryElements loop iterating over the products  Within validateDeliveryFilterOptions method
2026-03-08 06:31:18.080 PM [TestNG-test-Test-1] INFO  [verifyingGetItByTodayFilterFunctionality] [verifyingGetItByTodayFilterFunctionality] Checking if the allowedDateParts have the assert text   Within validateDeliveryFilterOptions method
2026-03-08 06:31:18.080 PM [TestNG-test-Test-1] INFO  [verifyingGetItByTodayFilterFunctionality] [verifyingGetItByTodayFilterFunctionality] Within deliveryElements loop iterating over the products  Within validateDeliveryFilterOptions method
2026-03-08 06:31:18.132 PM [TestNG-test-Test-1] INFO  [verifyingGetItByTodayFilterFunctionality] [verifyingGetItByTodayFilterFunctionality] Checking if the allowedDateParts have the assert text   Within validateDeliveryFilterOptions method
2026-03-08 06:31:18.132 PM [TestNG-test-Test-1] INFO  [verifyingGetItByTodayFilterFunctionality] [verifyingGetItByTodayFilterFunctionality] Within deliveryElements loop iterating over the products  Within validateDeliveryFilterOptions method
2026-03-08 06:31:18.201 PM [TestNG-test-Test-1] INFO  [verifyingGetItByTodayFilterFunctionality] [verifyingGetItByTodayFilterFunctionality] Checking if the allowedDateParts have the assert text   Within validateDeliveryFilterOptions method
2026-03-08 06:31:18.201 PM [TestNG-test-Test-1] INFO  [verifyingGetItByTodayFilterFunctionality] [verifyingGetItByTodayFilterFunctionality] Within deliveryElements loop iterating over the products  Within validateDeliveryFilterOptions method
2026-03-08 06:31:18.250 PM [TestNG-test-Test-1] INFO  [verifyingGetItByTodayFilterFunctionality] [verifyingGetItByTodayFilterFunctionality] Checking if the allowedDateParts have the assert text   Within validateDeliveryFilterOptions method
2026-03-08 06:31:18.250 PM [TestNG-test-Test-1] INFO  [verifyingGetItByTodayFilterFunctionality] [verifyingGetItByTodayFilterFunctionality] Within deliveryElements loop iterating over the products  Within validateDeliveryFilterOptions method
2026-03-08 06:31:18.286 PM [TestNG-test-Test-1] INFO  [verifyingGetItByTodayFilterFunctionality] [verifyingGetItByTodayFilterFunctionality] Checking if the allowedDateParts have the assert text   Within validateDeliveryFilterOptions method
2026-03-08 06:31:18.286 PM [TestNG-test-Test-1] INFO  [verifyingGetItByTodayFilterFunctionality] [verifyingGetItByTodayFilterFunctionality] Within deliveryElements loop iterating over the products  Within validateDeliveryFilterOptions method
2026-03-08 06:31:18.308 PM [TestNG-test-Test-1] INFO  [verifyingGetItByTodayFilterFunctionality] [verifyingGetItByTodayFilterFunctionality] Checking if the allowedDateParts have the assert text   Within validateDeliveryFilterOptions method
2026-03-08 06:31:18.308 PM [TestNG-test-Test-1] INFO  [verifyingGetItByTodayFilterFunctionality] [verifyingGetItByTodayFilterFunctionality] Within deliveryElements loop iterating over the products  Within validateDeliveryFilterOptions method
2026-03-08 06:31:18.335 PM [TestNG-test-Test-1] INFO  [verifyingGetItByTodayFilterFunctionality] [verifyingGetItByTodayFilterFunctionality] Checking if the allowedDateParts have the assert text   Within validateDeliveryFilterOptions method
2026-03-08 06:31:18.335 PM [TestNG-test-Test-1] INFO  [verifyingGetItByTodayFilterFunctionality] [verifyingGetItByTodayFilterFunctionality] Within deliveryElements loop iterating over the products  Within validateDeliveryFilterOptions method
2026-03-08 06:31:18.361 PM [TestNG-test-Test-1] INFO  [verifyingGetItByTodayFilterFunctionality] [verifyingGetItByTodayFilterFunctionality] Checking if the allowedDateParts have the assert text   Within validateDeliveryFilterOptions method
2026-03-08 06:31:18.361 PM [TestNG-test-Test-1] INFO  [verifyingGetItByTodayFilterFunctionality] [verifyingGetItByTodayFilterFunctionality] Within deliveryElements loop iterating over the products  Within validateDeliveryFilterOptions method
2026-03-08 06:31:18.389 PM [TestNG-test-Test-1] INFO  [verifyingGetItByTodayFilterFunctionality] [verifyingGetItByTodayFilterFunctionality] Checking if the allowedDateParts have the assert text   Within validateDeliveryFilterOptions method
2026-03-08 06:31:18.389 PM [TestNG-test-Test-1] INFO  [verifyingGetItByTodayFilterFunctionality] [verifyingGetItByTodayFilterFunctionality] Within deliveryElements loop iterating over the products  Within validateDeliveryFilterOptions method
2026-03-08 06:31:18.410 PM [TestNG-test-Test-1] INFO  [verifyingGetItByTodayFilterFunctionality] [verifyingGetItByTodayFilterFunctionality] Checking if the allowedDateParts have the assert text   Within validateDeliveryFilterOptions method
2026-03-08 06:31:18.411 PM [TestNG-test-Test-1] INFO  [verifyingGetItByTodayFilterFunctionality] [verifyingGetItByTodayFilterFunctionality] Within deliveryElements loop iterating over the products  Within validateDeliveryFilterOptions method
2026-03-08 06:31:18.450 PM [TestNG-test-Test-1] INFO  [verifyingGetItByTodayFilterFunctionality] [verifyingGetItByTodayFilterFunctionality] Checking if the allowedDateParts have the assert text   Within validateDeliveryFilterOptions method
2026-03-08 06:31:18.450 PM [TestNG-test-Test-1] INFO  [verifyingGetItByTodayFilterFunctionality] [verifyingGetItByTodayFilterFunctionality] Within deliveryElements loop iterating over the products  Within validateDeliveryFilterOptions method
2026-03-08 06:31:18.475 PM [TestNG-test-Test-1] INFO  [verifyingGetItByTodayFilterFunctionality] [verifyingGetItByTodayFilterFunctionality] Checking if the allowedDateParts have the assert text   Within validateDeliveryFilterOptions method
2026-03-08 06:31:18.475 PM [TestNG-test-Test-1] INFO  [verifyingGetItByTodayFilterFunctionality] [verifyingGetItByTodayFilterFunctionality] Within deliveryElements loop iterating over the products  Within validateDeliveryFilterOptions method
2026-03-08 06:31:18.498 PM [TestNG-test-Test-1] INFO  [verifyingGetItByTodayFilterFunctionality] [verifyingGetItByTodayFilterFunctionality] Checking if the allowedDateParts have the assert text   Within validateDeliveryFilterOptions method
2026-03-08 06:31:18.498 PM [TestNG-test-Test-1] INFO  [verifyingGetItByTodayFilterFunctionality] [verifyingGetItByTodayFilterFunctionality] Within deliveryElements loop iterating over the products  Within validateDeliveryFilterOptions method
2026-03-08 06:31:18.520 PM [TestNG-test-Test-1] INFO  [verifyingGetItByTodayFilterFunctionality] [verifyingGetItByTodayFilterFunctionality] Checking if the allowedDateParts have the assert text   Within validateDeliveryFilterOptions method
2026-03-08 06:31:18.520 PM [TestNG-test-Test-1] INFO  [verifyingGetItByTodayFilterFunctionality] [verifyingGetItByTodayFilterFunctionality] Returning the list with boolean values   Within validateDeliveryFilterOptions method
2026-03-08 06:31:18.520 PM [TestNG-test-Test-1] INFO  [verifyingGetItByTodayFilterFunctionality] [verifyingGetItByTodayFilterFunctionality] Asserting delivery filter: isValid=true, index=-1, text=All the things are valid no errors
2026-03-08 06:31:18.524 PM [TestNG-test-Test-1] INFO  [verifyingGetItByTodayFilterFunctionality] ✅ Finished test method: verifyingGetItByTodayFilterFunctionality
