19:55:10 [TestNG-test-Test-2] INFO  verifyingTheBrandsFilterFunctionality_Laptop_19-55-10 - No existing WebDriver found for current thread. Initializing a new ChromeDriver...
19:55:10 [TestNG-test-Test-2] INFO  verifyingTheBrandsFilterFunctionality_Laptop_19-55-10 - WebDriverManager: chromedriver setup OK
19:55:12 [TestNG-test-Test-2] INFO  verifyingTheBrandsFilterFunctionality_Laptop_19-55-10 - ChromeDriver initialized successfully for thread: 35
19:55:13 [TestNG-test-Test-2] INFO  verifyingTheBrandsFilterFunctionality_Laptop_19-55-10 - [verifyingTheBrandsFilterFunctionality_Laptop_19-55-10] Opening amazon Landing page
19:55:13 [TestNG-test-Test-2] INFO  verifyingTheBrandsFilterFunctionality_Laptop_19-55-10 - [verifyingTheBrandsFilterFunctionality_Laptop_19-55-10] Within safeFindElement method
19:55:18 [TestNG-test-Test-2] INFO  verifyingTheBrandsFilterFunctionality_Laptop_19-55-10 - [verifyingTheBrandsFilterFunctionality_Laptop_19-55-10]Retrying findElement for: ->By.xpath: //a[@id='nav-logo-sprites']
19:55:18 [TestNG-test-Test-2] INFO  verifyingTheBrandsFilterFunctionality_Laptop_19-55-10 - [verifyingTheBrandsFilterFunctionality_Laptop_19-55-10]Refrehsing the page , while trying to safely find : ->By.xpath: //a[@id='nav-logo-sprites']
19:55:23 [TestNG-test-Test-2] INFO  verifyingTheBrandsFilterFunctionality_Laptop_19-55-10 - [verifyingTheBrandsFilterFunctionality_Laptop_19-55-10]Retrying findElement for: ->By.xpath: //a[@id='nav-logo-sprites']
19:55:25 [TestNG-test-Test-2] INFO  verifyingTheBrandsFilterFunctionality_Laptop_19-55-10 - [verifyingTheBrandsFilterFunctionality_Laptop_19-55-10]Refrehsing the page , while trying to safely find : ->By.xpath: //a[@id='nav-logo-sprites']
19:55:25 [TestNG-test-Test-2] INFO  verifyingTheBrandsFilterFunctionality_Laptop_19-55-10 - [verifyingTheBrandsFilterFunctionality_Laptop_19-55-10] Skipping action: Element not found after 2   attemps
19:55:26 [TestNG-test-Test-2] INFO  verifyingTheBrandsFilterFunctionality_Laptop_19-55-10 - [verifyingTheBrandsFilterFunctionality_Laptop_19-55-10] Giving input within the search bar
19:55:26 [TestNG-test-Test-2] INFO  verifyingTheBrandsFilterFunctionality_Laptop_19-55-10 - [verifyingTheBrandsFilterFunctionality_Laptop_19-55-10] Within safeClick method
19:55:28 [TestNG-test-Test-2] INFO  verifyingTheBrandsFilterFunctionality_Laptop_19-55-10 - [verifyingTheBrandsFilterFunctionality_Laptop_19-55-10] Clicked the  [[ChromeDriver: chrome on windows (98e0884b135efd064a416e820a8ce135)] -> xpath: //input[@id='nav-search-submit-button']]   using safeClick
19:55:28 [TestNG-test-Test-2] INFO  verifyingTheBrandsFilterFunctionality_Laptop_19-55-10 - [verifyingTheBrandsFilterFunctionality_Laptop_19-55-10] Clicking on the submit in the search bar
19:55:28 [TestNG-test-Test-2] INFO  verifyingTheBrandsFilterFunctionality_Laptop_19-55-10 - [verifyingTheBrandsFilterFunctionality_Laptop_19-55-10] Within filterCheckUnderList method
19:55:28 [TestNG-test-Test-2] INFO  verifyingTheBrandsFilterFunctionality_Laptop_19-55-10 - [verifyingTheBrandsFilterFunctionality_Laptop_19-55-10] Found the Filter within the filter check List
19:55:28 [TestNG-test-Test-2] INFO  verifyingTheBrandsFilterFunctionality_Laptop_19-55-10 - [verifyingTheBrandsFilterFunctionality_Laptop_19-55-10] Within safeFindElements 
19:55:33 [TestNG-test-Test-2] INFO  verifyingTheBrandsFilterFunctionality_Laptop_19-55-10 - [verifyingTheBrandsFilterFunctionality_Laptop_19-55-10] Retrying findElements for:By.xpath: //span[@class='a-size-base a-color-base puis-bold-weight-text' and text()='Brands']/parent::div/following-sibling::div[@class='a-section a-spacing-medium sf-navigation-searchable-content']//span[@class='a-size-base a-color-base']
19:55:34 [TestNG-test-Test-2] INFO  verifyingTheBrandsFilterFunctionality_Laptop_19-55-10 - [verifyingTheBrandsFilterFunctionality_Laptop_19-55-10] Refreshing the page while trying to find :By.xpath: //span[@class='a-size-base a-color-base puis-bold-weight-text' and text()='Brands']/parent::div/following-sibling::div[@class='a-section a-spacing-medium sf-navigation-searchable-content']//span[@class='a-size-base a-color-base']
19:55:34 [TestNG-test-Test-2] INFO  verifyingTheBrandsFilterFunctionality_Laptop_19-55-10 - [verifyingTheBrandsFilterFunctionality_Laptop_19-55-10] Skipping action Elements not found after1  Attempts
19:55:40 [TestNG-test-Test-2] INFO  verifyingTheBrandsFilterFunctionality_Laptop_19-55-10 - [verifyingTheBrandsFilterFunctionality_Laptop_19-55-10] Retrying findElements for:By.xpath: //span[@class='a-size-base a-color-base puis-bold-weight-text' and text()='Brands']/parent::div/following-sibling::div[@class='a-section a-spacing-medium sf-navigation-searchable-content']//span[@class='a-size-base a-color-base']
19:55:41 [TestNG-test-Test-2] INFO  verifyingTheBrandsFilterFunctionality_Laptop_19-55-10 - [verifyingTheBrandsFilterFunctionality_Laptop_19-55-10] Refreshing the page while trying to find :By.xpath: //span[@class='a-size-base a-color-base puis-bold-weight-text' and text()='Brands']/parent::div/following-sibling::div[@class='a-section a-spacing-medium sf-navigation-searchable-content']//span[@class='a-size-base a-color-base']
19:55:41 [TestNG-test-Test-2] INFO  verifyingTheBrandsFilterFunctionality_Laptop_19-55-10 - [verifyingTheBrandsFilterFunctionality_Laptop_19-55-10] Skipping action Elements not found after2  Attempts
19:55:41 [TestNG-test-Test-2] INFO  verifyingTheBrandsFilterFunctionality_Laptop_19-55-10 - [verifyingTheBrandsFilterFunctionality_Laptop_19-55-10] Within applyFilterAndValidateBrandsFilterWithResult method
19:55:41 [TestNG-test-Test-2] INFO  verifyingTheBrandsFilterFunctionality_Laptop_19-55-10 - [verifyingTheBrandsFilterFunctionality_Laptop_19-55-10] Scrolling to the 'More' Button under brands filter section
19:55:41 [TestNG-test-Test-2] INFO  verifyingTheBrandsFilterFunctionality_Laptop_19-55-10 - [verifyingTheBrandsFilterFunctionality_Laptop_19-55-10] Within safeFindElement method
19:55:41 [TestNG-test-Test-2] INFO  verifyingTheBrandsFilterFunctionality_Laptop_19-55-10 - [verifyingTheBrandsFilterFunctionality_Laptop_19-55-10]Found the element returning it ,element ->[[ChromeDriver: chrome on windows (98e0884b135efd064a416e820a8ce135)] -> xpath: //a[@aria-label='See more, Brands']]
19:55:41 [TestNG-test-Test-2] INFO  verifyingTheBrandsFilterFunctionality_Laptop_19-55-10 - [verifyingTheBrandsFilterFunctionality_Laptop_19-55-10] Within smoothScrollToElement method
19:55:41 [TestNG-test-Test-2] INFO  verifyingTheBrandsFilterFunctionality_Laptop_19-55-10 - [verifyingTheBrandsFilterFunctionality_Laptop_19-55-10] Within safeFindElement method
19:55:41 [TestNG-test-Test-2] INFO  verifyingTheBrandsFilterFunctionality_Laptop_19-55-10 - [verifyingTheBrandsFilterFunctionality_Laptop_19-55-10]Found the element returning it ,element ->[[ChromeDriver: chrome on windows (98e0884b135efd064a416e820a8ce135)] -> xpath: //a[@aria-label='See more, Brands']]
19:55:41 [TestNG-test-Test-2] INFO  verifyingTheBrandsFilterFunctionality_Laptop_19-55-10 - [verifyingTheBrandsFilterFunctionality_Laptop_19-55-10] Successfully scrolled to element: By.xpath: //a[@aria-label='See more, Brands']
19:55:41 [TestNG-test-Test-2] INFO  verifyingTheBrandsFilterFunctionality_Laptop_19-55-10 - [verifyingTheBrandsFilterFunctionality_Laptop_19-55-10] Within safeClick method
19:55:41 [TestNG-test-Test-2] INFO  verifyingTheBrandsFilterFunctionality_Laptop_19-55-10 - [verifyingTheBrandsFilterFunctionality_Laptop_19-55-10] Clicked the  [[ChromeDriver: chrome on windows (98e0884b135efd064a416e820a8ce135)] -> xpath: //a[@aria-label='See more, Brands']]   using safeClick
19:55:41 [TestNG-test-Test-2] INFO  verifyingTheBrandsFilterFunctionality_Laptop_19-55-10 - [verifyingTheBrandsFilterFunctionality_Laptop_19-55-10] Clicked the 'More' Button under brands filter section
19:55:41 [TestNG-test-Test-2] INFO  verifyingTheBrandsFilterFunctionality_Laptop_19-55-10 - [verifyingTheBrandsFilterFunctionality_Laptop_19-55-10] Within safeFindElements 
19:55:41 [TestNG-test-Test-2] INFO  verifyingTheBrandsFilterFunctionality_Laptop_19-55-10 - [verifyingTheBrandsFilterFunctionality_Laptop_19-55-10] Returning the  [[[ChromeDriver: chrome on windows (98e0884b135efd064a416e820a8ce135)] -> xpath: //ul[@id='filter-p_123']//span[@class='a-size-base a-color-base']], [[ChromeDriver: chrome on windows (98e0884b135efd064a416e820a8ce135)] -> xpath: //ul[@id='filter-p_123']//span[@class='a-size-base a-color-base']], [[ChromeDriver: chrome on windows (98e0884b135efd064a416e820a8ce135)] -> xpath: //ul[@id='filter-p_123']//span[@class='a-size-base a-color-base']], [[ChromeDriver: chrome on windows (98e0884b135efd064a416e820a8ce135)] -> xpath: //ul[@id='filter-p_123']//span[@class='a-size-base a-color-base']], [[ChromeDriver: chrome on windows (98e0884b135efd064a416e820a8ce135)] -> xpath: //ul[@id='filter-p_123']//span[@class='a-size-base a-color-base']], [[ChromeDriver: chrome on windows (98e0884b135efd064a416e820a8ce135)] -> xpath: //ul[@id='filter-p_123']//span[@class='a-size-base a-color-base']], [[ChromeDriver: chrome on windows (98e0884b135efd064a416e820a8ce135)] -> xpath: //ul[@id='filter-p_123']//span[@class='a-size-base a-color-base']], [[ChromeDriver: chrome on windows (98e0884b135efd064a416e820a8ce135)] -> xpath: //ul[@id='filter-p_123']//span[@class='a-size-base a-color-base']], [[ChromeDriver: chrome on windows (98e0884b135efd064a416e820a8ce135)] -> xpath: //ul[@id='filter-p_123']//span[@class='a-size-base a-color-base']], [[ChromeDriver: chrome on windows (98e0884b135efd064a416e820a8ce135)] -> xpath: //ul[@id='filter-p_123']//span[@class='a-size-base a-color-base']], [[ChromeDriver: chrome on windows (98e0884b135efd064a416e820a8ce135)] -> xpath: //ul[@id='filter-p_123']//span[@class='a-size-base a-color-base']]] from the safeFindElements method
19:55:41 [TestNG-test-Test-2] INFO  verifyingTheBrandsFilterFunctionality_Laptop_19-55-10 - [verifyingTheBrandsFilterFunctionality_Laptop_19-55-10] Within the filterOptions loop 
19:55:41 [TestNG-test-Test-2] INFO  verifyingTheBrandsFilterFunctionality_Laptop_19-55-10 - [verifyingTheBrandsFilterFunctionality_Laptop_19-55-10] Within safeFindElements 
19:55:41 [TestNG-test-Test-2] INFO  verifyingTheBrandsFilterFunctionality_Laptop_19-55-10 - [verifyingTheBrandsFilterFunctionality_Laptop_19-55-10] Returning the  [[[ChromeDriver: chrome on windows (98e0884b135efd064a416e820a8ce135)] -> xpath: //ul[@id='filter-p_123']//span[@class='a-size-base a-color-base']], [[ChromeDriver: chrome on windows (98e0884b135efd064a416e820a8ce135)] -> xpath: //ul[@id='filter-p_123']//span[@class='a-size-base a-color-base']], [[ChromeDriver: chrome on windows (98e0884b135efd064a416e820a8ce135)] -> xpath: //ul[@id='filter-p_123']//span[@class='a-size-base a-color-base']], [[ChromeDriver: chrome on windows (98e0884b135efd064a416e820a8ce135)] -> xpath: //ul[@id='filter-p_123']//span[@class='a-size-base a-color-base']], [[ChromeDriver: chrome on windows (98e0884b135efd064a416e820a8ce135)] -> xpath: //ul[@id='filter-p_123']//span[@class='a-size-base a-color-base']], [[ChromeDriver: chrome on windows (98e0884b135efd064a416e820a8ce135)] -> xpath: //ul[@id='filter-p_123']//span[@class='a-size-base a-color-base']], [[ChromeDriver: chrome on windows (98e0884b135efd064a416e820a8ce135)] -> xpath: //ul[@id='filter-p_123']//span[@class='a-size-base a-color-base']], [[ChromeDriver: chrome on windows (98e0884b135efd064a416e820a8ce135)] -> xpath: //ul[@id='filter-p_123']//span[@class='a-size-base a-color-base']], [[ChromeDriver: chrome on windows (98e0884b135efd064a416e820a8ce135)] -> xpath: //ul[@id='filter-p_123']//span[@class='a-size-base a-color-base']], [[ChromeDriver: chrome on windows (98e0884b135efd064a416e820a8ce135)] -> xpath: //ul[@id='filter-p_123']//span[@class='a-size-base a-color-base']], [[ChromeDriver: chrome on windows (98e0884b135efd064a416e820a8ce135)] -> xpath: //ul[@id='filter-p_123']//span[@class='a-size-base a-color-base']]] from the safeFindElements method
19:55:41 [TestNG-test-Test-2] INFO  verifyingTheBrandsFilterFunctionality_Laptop_19-55-10 - [verifyingTheBrandsFilterFunctionality_Laptop_19-55-10] Within safeFindElement method
19:55:41 [TestNG-test-Test-2] INFO  verifyingTheBrandsFilterFunctionality_Laptop_19-55-10 - [verifyingTheBrandsFilterFunctionality_Laptop_19-55-10]Found the element returning it ,element ->[[ChromeDriver: chrome on windows (98e0884b135efd064a416e820a8ce135)] -> xpath: //a[@aria-label='See more, Brands']]
19:55:41 [TestNG-test-Test-2] INFO  verifyingTheBrandsFilterFunctionality_Laptop_19-55-10 - [verifyingTheBrandsFilterFunctionality_Laptop_19-55-10] Within smoothScrollToElement method
19:55:41 [TestNG-test-Test-2] INFO  verifyingTheBrandsFilterFunctionality_Laptop_19-55-10 - [verifyingTheBrandsFilterFunctionality_Laptop_19-55-10] Within safeFindElement method
19:55:41 [TestNG-test-Test-2] INFO  verifyingTheBrandsFilterFunctionality_Laptop_19-55-10 - [verifyingTheBrandsFilterFunctionality_Laptop_19-55-10]Found the element returning it ,element ->[[ChromeDriver: chrome on windows (98e0884b135efd064a416e820a8ce135)] -> xpath: //a[@aria-label='See more, Brands']]
19:55:41 [TestNG-test-Test-2] INFO  verifyingTheBrandsFilterFunctionality_Laptop_19-55-10 - [verifyingTheBrandsFilterFunctionality_Laptop_19-55-10] Successfully scrolled to element: By.xpath: //a[@aria-label='See more, Brands']
19:55:41 [TestNG-test-Test-2] INFO  verifyingTheBrandsFilterFunctionality_Laptop_19-55-10 - [verifyingTheBrandsFilterFunctionality_Laptop_19-55-10] Within safeClick method
19:55:41 [TestNG-test-Test-2] INFO  verifyingTheBrandsFilterFunctionality_Laptop_19-55-10 - [verifyingTheBrandsFilterFunctionality_Laptop_19-55-10] Clicked the  [[ChromeDriver: chrome on windows (98e0884b135efd064a416e820a8ce135)] -> xpath: //a[@aria-label='See more, Brands']]   using safeClick
19:55:41 [TestNG-test-Test-2] INFO  verifyingTheBrandsFilterFunctionality_Laptop_19-55-10 - [verifyingTheBrandsFilterFunctionality_Laptop_19-55-10] Within safeFindElements 
19:55:41 [TestNG-test-Test-2] INFO  verifyingTheBrandsFilterFunctionality_Laptop_19-55-10 - [verifyingTheBrandsFilterFunctionality_Laptop_19-55-10] Returning the  [[[ChromeDriver: chrome on windows (98e0884b135efd064a416e820a8ce135)] -> xpath: //ul[@id='filter-p_123']//span[@class='a-size-base a-color-base']], [[ChromeDriver: chrome on windows (98e0884b135efd064a416e820a8ce135)] -> xpath: //ul[@id='filter-p_123']//span[@class='a-size-base a-color-base']], [[ChromeDriver: chrome on windows (98e0884b135efd064a416e820a8ce135)] -> xpath: //ul[@id='filter-p_123']//span[@class='a-size-base a-color-base']], [[ChromeDriver: chrome on windows (98e0884b135efd064a416e820a8ce135)] -> xpath: //ul[@id='filter-p_123']//span[@class='a-size-base a-color-base']], [[ChromeDriver: chrome on windows (98e0884b135efd064a416e820a8ce135)] -> xpath: //ul[@id='filter-p_123']//span[@class='a-size-base a-color-base']], [[ChromeDriver: chrome on windows (98e0884b135efd064a416e820a8ce135)] -> xpath: //ul[@id='filter-p_123']//span[@class='a-size-base a-color-base']], [[ChromeDriver: chrome on windows (98e0884b135efd064a416e820a8ce135)] -> xpath: //ul[@id='filter-p_123']//span[@class='a-size-base a-color-base']], [[ChromeDriver: chrome on windows (98e0884b135efd064a416e820a8ce135)] -> xpath: //ul[@id='filter-p_123']//span[@class='a-size-base a-color-base']], [[ChromeDriver: chrome on windows (98e0884b135efd064a416e820a8ce135)] -> xpath: //ul[@id='filter-p_123']//span[@class='a-size-base a-color-base']], [[ChromeDriver: chrome on windows (98e0884b135efd064a416e820a8ce135)] -> xpath: //ul[@id='filter-p_123']//span[@class='a-size-base a-color-base']], [[ChromeDriver: chrome on windows (98e0884b135efd064a416e820a8ce135)] -> xpath: //ul[@id='filter-p_123']//span[@class='a-size-base a-color-base']]] from the safeFindElements method
19:55:41 [TestNG-test-Test-2] INFO  verifyingTheBrandsFilterFunctionality_Laptop_19-55-10 - [verifyingTheBrandsFilterFunctionality_Laptop_19-55-10] Within getfilterByTypeAndName method
19:55:41 [TestNG-test-Test-2] INFO  verifyingTheBrandsFilterFunctionality_Laptop_19-55-10 - [verifyingTheBrandsFilterFunctionality_Laptop_19-55-10] Within safeClickBooleanWithScreenShot method
19:55:41 [TestNG-test-Test-2] INFO  verifyingTheBrandsFilterFunctionality_Laptop_19-55-10 - [verifyingTheBrandsFilterFunctionality_Laptop_19-55-10] Within getAppliedfilterByTypeAndName method
19:55:41 [TestNG-test-Test-2] INFO  verifyingTheBrandsFilterFunctionality_Laptop_19-55-10 - [verifyingTheBrandsFilterFunctionality_Laptop_19-55-10] Within smoothScrollToElement method
19:55:41 [TestNG-test-Test-2] INFO  verifyingTheBrandsFilterFunctionality_Laptop_19-55-10 - [verifyingTheBrandsFilterFunctionality_Laptop_19-55-10] Within safeFindElement method
19:55:42 [TestNG-test-Test-2] INFO  verifyingTheBrandsFilterFunctionality_Laptop_19-55-10 - [verifyingTheBrandsFilterFunctionality_Laptop_19-55-10]Found the element returning it ,element ->[[ChromeDriver: chrome on windows (98e0884b135efd064a416e820a8ce135)] -> xpath: //span[@class='a-size-base a-color-base puis-bold-weight-text' and text()='Brands']]
19:55:42 [TestNG-test-Test-2] INFO  verifyingTheBrandsFilterFunctionality_Laptop_19-55-10 - [verifyingTheBrandsFilterFunctionality_Laptop_19-55-10] Successfully scrolled to element: By.xpath: //span[@class='a-size-base a-color-base puis-bold-weight-text' and text()='Brands']
19:55:42 [TestNG-test-Test-2] INFO  verifyingTheBrandsFilterFunctionality_Laptop_19-55-10 - [verifyingTheBrandsFilterFunctionality_Laptop_19-55-10] Within getMoreButtonByFilterTypeAndName method
19:55:42 [TestNG-test-Test-2] INFO  verifyingTheBrandsFilterFunctionality_Laptop_19-55-10 - [verifyingTheBrandsFilterFunctionality_Laptop_19-55-10] could not find more button
19:55:43 [TestNG-test-Test-2] INFO  verifyingTheBrandsFilterFunctionality_Laptop_19-55-10 - [verifyingTheBrandsFilterFunctionality_Laptop_19-55-10] Within getAppliedfilterByTypeAndName method
19:55:43 [TestNG-test-Test-2] INFO  verifyingTheBrandsFilterFunctionality_Laptop_19-55-10 - [verifyingTheBrandsFilterFunctionality_Laptop_19-55-10] Within smoothScrollToElement method
19:55:43 [TestNG-test-Test-2] INFO  verifyingTheBrandsFilterFunctionality_Laptop_19-55-10 - [verifyingTheBrandsFilterFunctionality_Laptop_19-55-10] Within safeFindElement method
19:55:43 [TestNG-test-Test-2] INFO  verifyingTheBrandsFilterFunctionality_Laptop_19-55-10 - [verifyingTheBrandsFilterFunctionality_Laptop_19-55-10]Found the element returning it ,element ->[[ChromeDriver: chrome on windows (98e0884b135efd064a416e820a8ce135)] -> xpath: //span[@class='a-size-base a-color-base puis-bold-weight-text' and text()='Brands']]
19:55:43 [TestNG-test-Test-2] INFO  verifyingTheBrandsFilterFunctionality_Laptop_19-55-10 - [verifyingTheBrandsFilterFunctionality_Laptop_19-55-10] Successfully scrolled to element: By.xpath: //span[@class='a-size-base a-color-base puis-bold-weight-text' and text()='Brands']
19:55:43 [TestNG-test-Test-2] INFO  verifyingTheBrandsFilterFunctionality_Laptop_19-55-10 - [verifyingTheBrandsFilterFunctionality_Laptop_19-55-10] Within getMoreButtonByFilterTypeAndName method
19:55:43 [TestNG-test-Test-2] INFO  verifyingTheBrandsFilterFunctionality_Laptop_19-55-10 - [verifyingTheBrandsFilterFunctionality_Laptop_19-55-10] could not find more button
19:55:43 [TestNG-test-Test-2] INFO  verifyingTheBrandsFilterFunctionality_Laptop_19-55-10 - [verifyingTheBrandsFilterFunctionality_Laptop_19-55-10] Within getfilterByTypeAndName method
19:55:43 [TestNG-test-Test-2] INFO  verifyingTheBrandsFilterFunctionality_Laptop_19-55-10 - [verifyingTheBrandsFilterFunctionality_Laptop_19-55-10] Within smoothScrollToElement method
19:55:43 [TestNG-test-Test-2] INFO  verifyingTheBrandsFilterFunctionality_Laptop_19-55-10 - [verifyingTheBrandsFilterFunctionality_Laptop_19-55-10] Within safeFindElement method
19:55:49 [TestNG-test-Test-2] INFO  verifyingTheBrandsFilterFunctionality_Laptop_19-55-10 - [verifyingTheBrandsFilterFunctionality_Laptop_19-55-10]Retrying findElement for: ->By.xpath: //ul[@id='filter-p_123']//span[@class='a-size-base a-color-base' and text()='Lenovo']
19:55:50 [TestNG-test-Test-2] INFO  verifyingTheBrandsFilterFunctionality_Laptop_19-55-10 - [verifyingTheBrandsFilterFunctionality_Laptop_19-55-10]Refrehsing the page , while trying to safely find : ->By.xpath: //ul[@id='filter-p_123']//span[@class='a-size-base a-color-base' and text()='Lenovo']
19:55:55 [TestNG-test-Test-2] INFO  verifyingTheBrandsFilterFunctionality_Laptop_19-55-10 - [verifyingTheBrandsFilterFunctionality_Laptop_19-55-10]Retrying findElement for: ->By.xpath: //ul[@id='filter-p_123']//span[@class='a-size-base a-color-base' and text()='Lenovo']
19:55:56 [TestNG-test-Test-2] INFO  verifyingTheBrandsFilterFunctionality_Laptop_19-55-10 - [verifyingTheBrandsFilterFunctionality_Laptop_19-55-10]Refrehsing the page , while trying to safely find : ->By.xpath: //ul[@id='filter-p_123']//span[@class='a-size-base a-color-base' and text()='Lenovo']
19:55:56 [TestNG-test-Test-2] INFO  verifyingTheBrandsFilterFunctionality_Laptop_19-55-10 - [verifyingTheBrandsFilterFunctionality_Laptop_19-55-10] Skipping action: Element not found after 2   attemps
19:55:56 [TestNG-test-Test-2] WARN  verifyingTheBrandsFilterFunctionality_Laptop_19-55-10 - [verifyingTheBrandsFilterFunctionality_Laptop_19-55-10] Element not found for locator: By.xpath: //ul[@id='filter-p_123']//span[@class='a-size-base a-color-base' and text()='Lenovo']
19:55:56 [TestNG-test-Test-2] INFO  verifyingTheBrandsFilterFunctionality_Laptop_19-55-10 - [verifyingTheBrandsFilterFunctionality_Laptop_19-55-10] Clicked the element using safe click ,element is [[ChromeDriver: chrome on windows (98e0884b135efd064a416e820a8ce135)] -> xpath: //ul[@id='filter-p_123']//span[@class='a-size-base a-color-base' and text()='Lenovo']]
19:55:57 [TestNG-test-Test-2] INFO  verifyingTheBrandsFilterFunctionality_Laptop_19-55-10 - [verifyingTheBrandsFilterFunctionality_Laptop_19-55-10] Clicked on LenovoWithin the filterOptions loop
19:55:57 [TestNG-test-Test-2] INFO  verifyingTheBrandsFilterFunctionality_Laptop_19-55-10 - [verifyingTheBrandsFilterFunctionality_Laptop_19-55-10] Within safeFindElements 
19:55:57 [TestNG-test-Test-2] INFO  verifyingTheBrandsFilterFunctionality_Laptop_19-55-10 - [verifyingTheBrandsFilterFunctionality_Laptop_19-55-10] Returning the  [[[ChromeDriver: chrome on windows (98e0884b135efd064a416e820a8ce135)] -> xpath: //div[@data-cy='title-recipe']], [[ChromeDriver: chrome on windows (98e0884b135efd064a416e820a8ce135)] -> xpath: //div[@data-cy='title-recipe']], [[ChromeDriver: chrome on windows (98e0884b135efd064a416e820a8ce135)] -> xpath: //div[@data-cy='title-recipe']], [[ChromeDriver: chrome on windows (98e0884b135efd064a416e820a8ce135)] -> xpath: //div[@data-cy='title-recipe']], [[ChromeDriver: chrome on windows (98e0884b135efd064a416e820a8ce135)] -> xpath: //div[@data-cy='title-recipe']], [[ChromeDriver: chrome on windows (98e0884b135efd064a416e820a8ce135)] -> xpath: //div[@data-cy='title-recipe']], [[ChromeDriver: chrome on windows (98e0884b135efd064a416e820a8ce135)] -> xpath: //div[@data-cy='title-recipe']], [[ChromeDriver: chrome on windows (98e0884b135efd064a416e820a8ce135)] -> xpath: //div[@data-cy='title-recipe']], [[ChromeDriver: chrome on windows (98e0884b135efd064a416e820a8ce135)] -> xpath: //div[@data-cy='title-recipe']], [[ChromeDriver: chrome on windows (98e0884b135efd064a416e820a8ce135)] -> xpath: //div[@data-cy='title-recipe']], [[ChromeDriver: chrome on windows (98e0884b135efd064a416e820a8ce135)] -> xpath: //div[@data-cy='title-recipe']], [[ChromeDriver: chrome on windows (98e0884b135efd064a416e820a8ce135)] -> xpath: //div[@data-cy='title-recipe']], [[ChromeDriver: chrome on windows (98e0884b135efd064a416e820a8ce135)] -> xpath: //div[@data-cy='title-recipe']], [[ChromeDriver: chrome on windows (98e0884b135efd064a416e820a8ce135)] -> xpath: //div[@data-cy='title-recipe']], [[ChromeDriver: chrome on windows (98e0884b135efd064a416e820a8ce135)] -> xpath: //div[@data-cy='title-recipe']], [[ChromeDriver: chrome on windows (98e0884b135efd064a416e820a8ce135)] -> xpath: //div[@data-cy='title-recipe']]] from the safeFindElements method
19:55:57 [TestNG-test-Test-2] INFO  verifyingTheBrandsFilterFunctionality_Laptop_19-55-10 - [verifyingTheBrandsFilterFunctionality_Laptop_19-55-10] Within productNameListingPage loop with product index 0and filter name Lenovo
19:55:57 [TestNG-test-Test-2] INFO  verifyingTheBrandsFilterFunctionality_Laptop_19-55-10 - [verifyingTheBrandsFilterFunctionality_Laptop_19-55-10] Within productNameListingPage loop with product index 1and filter name Lenovo
19:55:57 [TestNG-test-Test-2] INFO  verifyingTheBrandsFilterFunctionality_Laptop_19-55-10 - [verifyingTheBrandsFilterFunctionality_Laptop_19-55-10] Within productNameListingPage loop with product index 2and filter name Lenovo
19:55:57 [TestNG-test-Test-2] INFO  verifyingTheBrandsFilterFunctionality_Laptop_19-55-10 - [verifyingTheBrandsFilterFunctionality_Laptop_19-55-10] Within productNameListingPage loop with product index 3and filter name Lenovo
19:55:57 [TestNG-test-Test-2] INFO  verifyingTheBrandsFilterFunctionality_Laptop_19-55-10 - [verifyingTheBrandsFilterFunctionality_Laptop_19-55-10] Within productNameListingPage loop with product index 4and filter name Lenovo
19:55:57 [TestNG-test-Test-2] INFO  verifyingTheBrandsFilterFunctionality_Laptop_19-55-10 - [verifyingTheBrandsFilterFunctionality_Laptop_19-55-10] Within productNameListingPage loop with product index 5and filter name Lenovo
19:55:57 [TestNG-test-Test-2] INFO  verifyingTheBrandsFilterFunctionality_Laptop_19-55-10 - [verifyingTheBrandsFilterFunctionality_Laptop_19-55-10] Within productNameListingPage loop with product index 6and filter name Lenovo
19:55:57 [TestNG-test-Test-2] INFO  verifyingTheBrandsFilterFunctionality_Laptop_19-55-10 - [verifyingTheBrandsFilterFunctionality_Laptop_19-55-10] Within productNameListingPage loop with product index 7and filter name Lenovo
19:55:57 [TestNG-test-Test-2] INFO  verifyingTheBrandsFilterFunctionality_Laptop_19-55-10 - [verifyingTheBrandsFilterFunctionality_Laptop_19-55-10] Within productNameListingPage loop with product index 8and filter name Lenovo
19:55:57 [TestNG-test-Test-2] INFO  verifyingTheBrandsFilterFunctionality_Laptop_19-55-10 - [verifyingTheBrandsFilterFunctionality_Laptop_19-55-10] Within productNameListingPage loop with product index 9and filter name Lenovo
19:55:57 [TestNG-test-Test-2] INFO  verifyingTheBrandsFilterFunctionality_Laptop_19-55-10 - [verifyingTheBrandsFilterFunctionality_Laptop_19-55-10] Within productNameListingPage loop with product index 10and filter name Lenovo
19:55:57 [TestNG-test-Test-2] INFO  verifyingTheBrandsFilterFunctionality_Laptop_19-55-10 - [verifyingTheBrandsFilterFunctionality_Laptop_19-55-10] Within productNameListingPage loop with product index 11and filter name Lenovo
19:55:57 [TestNG-test-Test-2] INFO  verifyingTheBrandsFilterFunctionality_Laptop_19-55-10 - [verifyingTheBrandsFilterFunctionality_Laptop_19-55-10] Within productNameListingPage loop with product index 12and filter name Lenovo
19:55:57 [TestNG-test-Test-2] INFO  verifyingTheBrandsFilterFunctionality_Laptop_19-55-10 - [verifyingTheBrandsFilterFunctionality_Laptop_19-55-10] Within productNameListingPage loop with product index 13and filter name Lenovo
19:55:57 [TestNG-test-Test-2] INFO  verifyingTheBrandsFilterFunctionality_Laptop_19-55-10 - [verifyingTheBrandsFilterFunctionality_Laptop_19-55-10] Within productNameListingPage loop with product index 14and filter name Lenovo
19:55:57 [TestNG-test-Test-2] INFO  verifyingTheBrandsFilterFunctionality_Laptop_19-55-10 - [verifyingTheBrandsFilterFunctionality_Laptop_19-55-10] Within productNameListingPage loop with product index 15and filter name Lenovo
19:55:57 [TestNG-test-Test-2] INFO  verifyingTheBrandsFilterFunctionality_Laptop_19-55-10 - [verifyingTheBrandsFilterFunctionality_Laptop_19-55-10] Creating 'result' Map for storing ,'brand','isValid','mismatches list' with map size ->3
19:55:57 [TestNG-test-Test-2] INFO  verifyingTheBrandsFilterFunctionality_Laptop_19-55-10 - [verifyingTheBrandsFilterFunctionality_Laptop_19-55-10] Adding 'result' with the data into 'allResults' i.e list of Map3
19:55:57 [TestNG-test-Test-2] INFO  verifyingTheBrandsFilterFunctionality_Laptop_19-55-10 - [verifyingTheBrandsFilterFunctionality_Laptop_19-55-10] Waiting until element is visible in viewport
19:55:57 [TestNG-test-Test-2] INFO  verifyingTheBrandsFilterFunctionality_Laptop_19-55-10 - [verifyingTheBrandsFilterFunctionality_Laptop_19-55-10] Within safeClick method
19:55:57 [TestNG-test-Test-2] INFO  verifyingTheBrandsFilterFunctionality_Laptop_19-55-10 - [verifyingTheBrandsFilterFunctionality_Laptop_19-55-10] Clicked the  [[ChromeDriver: chrome on windows (98e0884b135efd064a416e820a8ce135)] -> xpath: //span[@class='a-size-base a-color-base' and text()='Clear']]   using safeClick
19:55:57 [TestNG-test-Test-2] INFO  verifyingTheBrandsFilterFunctionality_Laptop_19-55-10 - [verifyingTheBrandsFilterFunctionality_Laptop_19-55-10] Clicked clear button for the filter ->Lenovo
19:55:57 [TestNG-test-Test-2] INFO  verifyingTheBrandsFilterFunctionality_Laptop_19-55-10 - [verifyingTheBrandsFilterFunctionality_Laptop_19-55-10] Within the filterOptions loop 
19:55:57 [TestNG-test-Test-2] INFO  verifyingTheBrandsFilterFunctionality_Laptop_19-55-10 - [verifyingTheBrandsFilterFunctionality_Laptop_19-55-10] Within safeFindElements 
19:55:58 [TestNG-test-Test-2] INFO  verifyingTheBrandsFilterFunctionality_Laptop_19-55-10 - [verifyingTheBrandsFilterFunctionality_Laptop_19-55-10] Returning the  [[[ChromeDriver: chrome on windows (98e0884b135efd064a416e820a8ce135)] -> xpath: //ul[@id='filter-p_123']//span[@class='a-size-base a-color-base']], [[ChromeDriver: chrome on windows (98e0884b135efd064a416e820a8ce135)] -> xpath: //ul[@id='filter-p_123']//span[@class='a-size-base a-color-base']], [[ChromeDriver: chrome on windows (98e0884b135efd064a416e820a8ce135)] -> xpath: //ul[@id='filter-p_123']//span[@class='a-size-base a-color-base']], [[ChromeDriver: chrome on windows (98e0884b135efd064a416e820a8ce135)] -> xpath: //ul[@id='filter-p_123']//span[@class='a-size-base a-color-base']], [[ChromeDriver: chrome on windows (98e0884b135efd064a416e820a8ce135)] -> xpath: //ul[@id='filter-p_123']//span[@class='a-size-base a-color-base']], [[ChromeDriver: chrome on windows (98e0884b135efd064a416e820a8ce135)] -> xpath: //ul[@id='filter-p_123']//span[@class='a-size-base a-color-base']], [[ChromeDriver: chrome on windows (98e0884b135efd064a416e820a8ce135)] -> xpath: //ul[@id='filter-p_123']//span[@class='a-size-base a-color-base']], [[ChromeDriver: chrome on windows (98e0884b135efd064a416e820a8ce135)] -> xpath: //ul[@id='filter-p_123']//span[@class='a-size-base a-color-base']], [[ChromeDriver: chrome on windows (98e0884b135efd064a416e820a8ce135)] -> xpath: //ul[@id='filter-p_123']//span[@class='a-size-base a-color-base']], [[ChromeDriver: chrome on windows (98e0884b135efd064a416e820a8ce135)] -> xpath: //ul[@id='filter-p_123']//span[@class='a-size-base a-color-base']], [[ChromeDriver: chrome on windows (98e0884b135efd064a416e820a8ce135)] -> xpath: //ul[@id='filter-p_123']//span[@class='a-size-base a-color-base']]] from the safeFindElements method
19:55:58 [TestNG-test-Test-2] INFO  verifyingTheBrandsFilterFunctionality_Laptop_19-55-10 - [verifyingTheBrandsFilterFunctionality_Laptop_19-55-10] Within safeFindElement method
19:55:58 [TestNG-test-Test-2] INFO  verifyingTheBrandsFilterFunctionality_Laptop_19-55-10 - [verifyingTheBrandsFilterFunctionality_Laptop_19-55-10]Found the element returning it ,element ->[[ChromeDriver: chrome on windows (98e0884b135efd064a416e820a8ce135)] -> xpath: //a[@aria-label='See more, Brands']]
19:55:58 [TestNG-test-Test-2] INFO  verifyingTheBrandsFilterFunctionality_Laptop_19-55-10 - [verifyingTheBrandsFilterFunctionality_Laptop_19-55-10] Within smoothScrollToElement method
19:55:58 [TestNG-test-Test-2] INFO  verifyingTheBrandsFilterFunctionality_Laptop_19-55-10 - [verifyingTheBrandsFilterFunctionality_Laptop_19-55-10] Within safeFindElement method
19:55:58 [TestNG-test-Test-2] INFO  verifyingTheBrandsFilterFunctionality_Laptop_19-55-10 - [verifyingTheBrandsFilterFunctionality_Laptop_19-55-10]Found the element returning it ,element ->[[ChromeDriver: chrome on windows (98e0884b135efd064a416e820a8ce135)] -> xpath: //a[@aria-label='See more, Brands']]
19:55:58 [TestNG-test-Test-2] INFO  verifyingTheBrandsFilterFunctionality_Laptop_19-55-10 - [verifyingTheBrandsFilterFunctionality_Laptop_19-55-10] Successfully scrolled to element: By.xpath: //a[@aria-label='See more, Brands']
19:55:58 [TestNG-test-Test-2] INFO  verifyingTheBrandsFilterFunctionality_Laptop_19-55-10 - [verifyingTheBrandsFilterFunctionality_Laptop_19-55-10] Within safeClick method
19:55:59 [TestNG-test-Test-2] INFO  verifyingTheBrandsFilterFunctionality_Laptop_19-55-10 - [verifyingTheBrandsFilterFunctionality_Laptop_19-55-10] Clicked the  [[ChromeDriver: chrome on windows (98e0884b135efd064a416e820a8ce135)] -> xpath: //a[@aria-label='See more, Brands']]   using safeClick
19:55:59 [TestNG-test-Test-2] INFO  verifyingTheBrandsFilterFunctionality_Laptop_19-55-10 - [verifyingTheBrandsFilterFunctionality_Laptop_19-55-10] Within safeFindElements 
19:55:59 [TestNG-test-Test-2] INFO  verifyingTheBrandsFilterFunctionality_Laptop_19-55-10 - [verifyingTheBrandsFilterFunctionality_Laptop_19-55-10] Returning the  [[[ChromeDriver: chrome on windows (98e0884b135efd064a416e820a8ce135)] -> xpath: //ul[@id='filter-p_123']//span[@class='a-size-base a-color-base']], [[ChromeDriver: chrome on windows (98e0884b135efd064a416e820a8ce135)] -> xpath: //ul[@id='filter-p_123']//span[@class='a-size-base a-color-base']], [[ChromeDriver: chrome on windows (98e0884b135efd064a416e820a8ce135)] -> xpath: //ul[@id='filter-p_123']//span[@class='a-size-base a-color-base']], [[ChromeDriver: chrome on windows (98e0884b135efd064a416e820a8ce135)] -> xpath: //ul[@id='filter-p_123']//span[@class='a-size-base a-color-base']], [[ChromeDriver: chrome on windows (98e0884b135efd064a416e820a8ce135)] -> xpath: //ul[@id='filter-p_123']//span[@class='a-size-base a-color-base']], [[ChromeDriver: chrome on windows (98e0884b135efd064a416e820a8ce135)] -> xpath: //ul[@id='filter-p_123']//span[@class='a-size-base a-color-base']], [[ChromeDriver: chrome on windows (98e0884b135efd064a416e820a8ce135)] -> xpath: //ul[@id='filter-p_123']//span[@class='a-size-base a-color-base']], [[ChromeDriver: chrome on windows (98e0884b135efd064a416e820a8ce135)] -> xpath: //ul[@id='filter-p_123']//span[@class='a-size-base a-color-base']], [[ChromeDriver: chrome on windows (98e0884b135efd064a416e820a8ce135)] -> xpath: //ul[@id='filter-p_123']//span[@class='a-size-base a-color-base']], [[ChromeDriver: chrome on windows (98e0884b135efd064a416e820a8ce135)] -> xpath: //ul[@id='filter-p_123']//span[@class='a-size-base a-color-base']], [[ChromeDriver: chrome on windows (98e0884b135efd064a416e820a8ce135)] -> xpath: //ul[@id='filter-p_123']//span[@class='a-size-base a-color-base']]] from the safeFindElements method
19:55:59 [TestNG-test-Test-2] INFO  verifyingTheBrandsFilterFunctionality_Laptop_19-55-10 - [verifyingTheBrandsFilterFunctionality_Laptop_19-55-10] Within getfilterByTypeAndName method
19:55:59 [TestNG-test-Test-2] INFO  verifyingTheBrandsFilterFunctionality_Laptop_19-55-10 - [verifyingTheBrandsFilterFunctionality_Laptop_19-55-10] Within safeClickBooleanWithScreenShot method
19:55:59 [TestNG-test-Test-2] INFO  verifyingTheBrandsFilterFunctionality_Laptop_19-55-10 - [verifyingTheBrandsFilterFunctionality_Laptop_19-55-10] Within getAppliedfilterByTypeAndName method
19:55:59 [TestNG-test-Test-2] INFO  verifyingTheBrandsFilterFunctionality_Laptop_19-55-10 - [verifyingTheBrandsFilterFunctionality_Laptop_19-55-10] Within smoothScrollToElement method
19:55:59 [TestNG-test-Test-2] INFO  verifyingTheBrandsFilterFunctionality_Laptop_19-55-10 - [verifyingTheBrandsFilterFunctionality_Laptop_19-55-10] Within safeFindElement method
19:55:59 [TestNG-test-Test-2] INFO  verifyingTheBrandsFilterFunctionality_Laptop_19-55-10 - [verifyingTheBrandsFilterFunctionality_Laptop_19-55-10]Found the element returning it ,element ->[[ChromeDriver: chrome on windows (98e0884b135efd064a416e820a8ce135)] -> xpath: //span[@class='a-size-base a-color-base puis-bold-weight-text' and text()='Brands']]
19:55:59 [TestNG-test-Test-2] INFO  verifyingTheBrandsFilterFunctionality_Laptop_19-55-10 - [verifyingTheBrandsFilterFunctionality_Laptop_19-55-10] Successfully scrolled to element: By.xpath: //span[@class='a-size-base a-color-base puis-bold-weight-text' and text()='Brands']
19:55:59 [TestNG-test-Test-2] INFO  verifyingTheBrandsFilterFunctionality_Laptop_19-55-10 - [verifyingTheBrandsFilterFunctionality_Laptop_19-55-10] Within getMoreButtonByFilterTypeAndName method
19:55:59 [TestNG-test-Test-2] INFO  verifyingTheBrandsFilterFunctionality_Laptop_19-55-10 - [verifyingTheBrandsFilterFunctionality_Laptop_19-55-10] could not find more button
19:55:59 [TestNG-test-Test-2] INFO  verifyingTheBrandsFilterFunctionality_Laptop_19-55-10 - [verifyingTheBrandsFilterFunctionality_Laptop_19-55-10] Within getAppliedfilterByTypeAndName method
19:55:59 [TestNG-test-Test-2] INFO  verifyingTheBrandsFilterFunctionality_Laptop_19-55-10 - [verifyingTheBrandsFilterFunctionality_Laptop_19-55-10] Within smoothScrollToElement method
19:55:59 [TestNG-test-Test-2] INFO  verifyingTheBrandsFilterFunctionality_Laptop_19-55-10 - [verifyingTheBrandsFilterFunctionality_Laptop_19-55-10] Within safeFindElement method
19:56:00 [TestNG-test-Test-2] INFO  verifyingTheBrandsFilterFunctionality_Laptop_19-55-10 - [verifyingTheBrandsFilterFunctionality_Laptop_19-55-10]Found the element returning it ,element ->[[ChromeDriver: chrome on windows (98e0884b135efd064a416e820a8ce135)] -> xpath: //span[@class='a-size-base a-color-base puis-bold-weight-text' and text()='Brands']]
19:56:00 [TestNG-test-Test-2] INFO  verifyingTheBrandsFilterFunctionality_Laptop_19-55-10 - [verifyingTheBrandsFilterFunctionality_Laptop_19-55-10] Successfully scrolled to element: By.xpath: //span[@class='a-size-base a-color-base puis-bold-weight-text' and text()='Brands']
19:56:00 [TestNG-test-Test-2] INFO  verifyingTheBrandsFilterFunctionality_Laptop_19-55-10 - [verifyingTheBrandsFilterFunctionality_Laptop_19-55-10] Within getMoreButtonByFilterTypeAndName method
19:56:00 [TestNG-test-Test-2] INFO  verifyingTheBrandsFilterFunctionality_Laptop_19-55-10 - [verifyingTheBrandsFilterFunctionality_Laptop_19-55-10] could not find more button
19:56:00 [TestNG-test-Test-2] INFO  verifyingTheBrandsFilterFunctionality_Laptop_19-55-10 - [verifyingTheBrandsFilterFunctionality_Laptop_19-55-10] Within getfilterByTypeAndName method
19:56:00 [TestNG-test-Test-2] INFO  verifyingTheBrandsFilterFunctionality_Laptop_19-55-10 - [verifyingTheBrandsFilterFunctionality_Laptop_19-55-10] Within smoothScrollToElement method
19:56:00 [TestNG-test-Test-2] INFO  verifyingTheBrandsFilterFunctionality_Laptop_19-55-10 - [verifyingTheBrandsFilterFunctionality_Laptop_19-55-10] Within safeFindElement method
19:56:05 [TestNG-test-Test-2] INFO  verifyingTheBrandsFilterFunctionality_Laptop_19-55-10 - [verifyingTheBrandsFilterFunctionality_Laptop_19-55-10]Retrying findElement for: ->By.xpath: //ul[@id='filter-p_123']//span[@class='a-size-base a-color-base' and text()='ASUS']
19:56:07 [TestNG-test-Test-2] INFO  verifyingTheBrandsFilterFunctionality_Laptop_19-55-10 - [verifyingTheBrandsFilterFunctionality_Laptop_19-55-10]Refrehsing the page , while trying to safely find : ->By.xpath: //ul[@id='filter-p_123']//span[@class='a-size-base a-color-base' and text()='ASUS']
19:56:12 [TestNG-test-Test-2] INFO  verifyingTheBrandsFilterFunctionality_Laptop_19-55-10 - [verifyingTheBrandsFilterFunctionality_Laptop_19-55-10]Retrying findElement for: ->By.xpath: //ul[@id='filter-p_123']//span[@class='a-size-base a-color-base' and text()='ASUS']
19:56:13 [TestNG-test-Test-2] INFO  verifyingTheBrandsFilterFunctionality_Laptop_19-55-10 - [verifyingTheBrandsFilterFunctionality_Laptop_19-55-10]Refrehsing the page , while trying to safely find : ->By.xpath: //ul[@id='filter-p_123']//span[@class='a-size-base a-color-base' and text()='ASUS']
19:56:13 [TestNG-test-Test-2] INFO  verifyingTheBrandsFilterFunctionality_Laptop_19-55-10 - [verifyingTheBrandsFilterFunctionality_Laptop_19-55-10] Skipping action: Element not found after 2   attemps
19:56:13 [TestNG-test-Test-2] WARN  verifyingTheBrandsFilterFunctionality_Laptop_19-55-10 - [verifyingTheBrandsFilterFunctionality_Laptop_19-55-10] Element not found for locator: By.xpath: //ul[@id='filter-p_123']//span[@class='a-size-base a-color-base' and text()='ASUS']
19:56:13 [TestNG-test-Test-2] INFO  verifyingTheBrandsFilterFunctionality_Laptop_19-55-10 - [verifyingTheBrandsFilterFunctionality_Laptop_19-55-10] Clicked the element using safe click ,element is [[ChromeDriver: chrome on windows (98e0884b135efd064a416e820a8ce135)] -> xpath: //ul[@id='filter-p_123']//span[@class='a-size-base a-color-base' and text()='ASUS']]
19:56:13 [TestNG-test-Test-2] INFO  verifyingTheBrandsFilterFunctionality_Laptop_19-55-10 - [verifyingTheBrandsFilterFunctionality_Laptop_19-55-10] Clicked on ASUSWithin the filterOptions loop
19:56:13 [TestNG-test-Test-2] INFO  verifyingTheBrandsFilterFunctionality_Laptop_19-55-10 - [verifyingTheBrandsFilterFunctionality_Laptop_19-55-10] Within safeFindElements 
19:56:13 [TestNG-test-Test-2] INFO  verifyingTheBrandsFilterFunctionality_Laptop_19-55-10 - [verifyingTheBrandsFilterFunctionality_Laptop_19-55-10] Returning the  [[[ChromeDriver: chrome on windows (98e0884b135efd064a416e820a8ce135)] -> xpath: //div[@data-cy='title-recipe']], [[ChromeDriver: chrome on windows (98e0884b135efd064a416e820a8ce135)] -> xpath: //div[@data-cy='title-recipe']], [[ChromeDriver: chrome on windows (98e0884b135efd064a416e820a8ce135)] -> xpath: //div[@data-cy='title-recipe']], [[ChromeDriver: chrome on windows (98e0884b135efd064a416e820a8ce135)] -> xpath: //div[@data-cy='title-recipe']], [[ChromeDriver: chrome on windows (98e0884b135efd064a416e820a8ce135)] -> xpath: //div[@data-cy='title-recipe']], [[ChromeDriver: chrome on windows (98e0884b135efd064a416e820a8ce135)] -> xpath: //div[@data-cy='title-recipe']], [[ChromeDriver: chrome on windows (98e0884b135efd064a416e820a8ce135)] -> xpath: //div[@data-cy='title-recipe']], [[ChromeDriver: chrome on windows (98e0884b135efd064a416e820a8ce135)] -> xpath: //div[@data-cy='title-recipe']], [[ChromeDriver: chrome on windows (98e0884b135efd064a416e820a8ce135)] -> xpath: //div[@data-cy='title-recipe']], [[ChromeDriver: chrome on windows (98e0884b135efd064a416e820a8ce135)] -> xpath: //div[@data-cy='title-recipe']], [[ChromeDriver: chrome on windows (98e0884b135efd064a416e820a8ce135)] -> xpath: //div[@data-cy='title-recipe']], [[ChromeDriver: chrome on windows (98e0884b135efd064a416e820a8ce135)] -> xpath: //div[@data-cy='title-recipe']], [[ChromeDriver: chrome on windows (98e0884b135efd064a416e820a8ce135)] -> xpath: //div[@data-cy='title-recipe']], [[ChromeDriver: chrome on windows (98e0884b135efd064a416e820a8ce135)] -> xpath: //div[@data-cy='title-recipe']], [[ChromeDriver: chrome on windows (98e0884b135efd064a416e820a8ce135)] -> xpath: //div[@data-cy='title-recipe']], [[ChromeDriver: chrome on windows (98e0884b135efd064a416e820a8ce135)] -> xpath: //div[@data-cy='title-recipe']]] from the safeFindElements method
19:56:13 [TestNG-test-Test-2] INFO  verifyingTheBrandsFilterFunctionality_Laptop_19-55-10 - [verifyingTheBrandsFilterFunctionality_Laptop_19-55-10] Within productNameListingPage loop with product index 0and filter name ASUS
19:56:13 [TestNG-test-Test-2] INFO  verifyingTheBrandsFilterFunctionality_Laptop_19-55-10 - [verifyingTheBrandsFilterFunctionality_Laptop_19-55-10] Within productNameListingPage loop with product index 1and filter name ASUS
19:56:13 [TestNG-test-Test-2] INFO  verifyingTheBrandsFilterFunctionality_Laptop_19-55-10 - [verifyingTheBrandsFilterFunctionality_Laptop_19-55-10] Within productNameListingPage loop with product index 2and filter name ASUS
19:56:13 [TestNG-test-Test-2] INFO  verifyingTheBrandsFilterFunctionality_Laptop_19-55-10 - [verifyingTheBrandsFilterFunctionality_Laptop_19-55-10] Within productNameListingPage loop with product index 3and filter name ASUS
19:56:13 [TestNG-test-Test-2] INFO  verifyingTheBrandsFilterFunctionality_Laptop_19-55-10 - [verifyingTheBrandsFilterFunctionality_Laptop_19-55-10] Within productNameListingPage loop with product index 4and filter name ASUS
19:56:13 [TestNG-test-Test-2] INFO  verifyingTheBrandsFilterFunctionality_Laptop_19-55-10 - [verifyingTheBrandsFilterFunctionality_Laptop_19-55-10] Within productNameListingPage loop with product index 5and filter name ASUS
19:56:13 [TestNG-test-Test-2] INFO  verifyingTheBrandsFilterFunctionality_Laptop_19-55-10 - [verifyingTheBrandsFilterFunctionality_Laptop_19-55-10] Within productNameListingPage loop with product index 6and filter name ASUS
19:56:13 [TestNG-test-Test-2] INFO  verifyingTheBrandsFilterFunctionality_Laptop_19-55-10 - [verifyingTheBrandsFilterFunctionality_Laptop_19-55-10] Within productNameListingPage loop with product index 7and filter name ASUS
19:56:13 [TestNG-test-Test-2] INFO  verifyingTheBrandsFilterFunctionality_Laptop_19-55-10 - [verifyingTheBrandsFilterFunctionality_Laptop_19-55-10] Within productNameListingPage loop with product index 8and filter name ASUS
19:56:13 [TestNG-test-Test-2] INFO  verifyingTheBrandsFilterFunctionality_Laptop_19-55-10 - [verifyingTheBrandsFilterFunctionality_Laptop_19-55-10] Within productNameListingPage loop with product index 9and filter name ASUS
19:56:13 [TestNG-test-Test-2] INFO  verifyingTheBrandsFilterFunctionality_Laptop_19-55-10 - [verifyingTheBrandsFilterFunctionality_Laptop_19-55-10] Within productNameListingPage loop with product index 10and filter name ASUS
19:56:13 [TestNG-test-Test-2] INFO  verifyingTheBrandsFilterFunctionality_Laptop_19-55-10 - [verifyingTheBrandsFilterFunctionality_Laptop_19-55-10] Within productNameListingPage loop with product index 11and filter name ASUS
19:56:13 [TestNG-test-Test-2] INFO  verifyingTheBrandsFilterFunctionality_Laptop_19-55-10 - [verifyingTheBrandsFilterFunctionality_Laptop_19-55-10] Within productNameListingPage loop with product index 12and filter name ASUS
19:56:13 [TestNG-test-Test-2] INFO  verifyingTheBrandsFilterFunctionality_Laptop_19-55-10 - [verifyingTheBrandsFilterFunctionality_Laptop_19-55-10] Within productNameListingPage loop with product index 13and filter name ASUS
19:56:13 [TestNG-test-Test-2] INFO  verifyingTheBrandsFilterFunctionality_Laptop_19-55-10 - [verifyingTheBrandsFilterFunctionality_Laptop_19-55-10] Within productNameListingPage loop with product index 14and filter name ASUS
19:56:13 [TestNG-test-Test-2] INFO  verifyingTheBrandsFilterFunctionality_Laptop_19-55-10 - [verifyingTheBrandsFilterFunctionality_Laptop_19-55-10] Within productNameListingPage loop with product index 15and filter name ASUS
19:56:13 [TestNG-test-Test-2] INFO  verifyingTheBrandsFilterFunctionality_Laptop_19-55-10 - [verifyingTheBrandsFilterFunctionality_Laptop_19-55-10] Creating 'result' Map for storing ,'brand','isValid','mismatches list' with map size ->3
19:56:13 [TestNG-test-Test-2] INFO  verifyingTheBrandsFilterFunctionality_Laptop_19-55-10 - [verifyingTheBrandsFilterFunctionality_Laptop_19-55-10] Adding 'result' with the data into 'allResults' i.e list of Map3
19:56:13 [TestNG-test-Test-2] INFO  verifyingTheBrandsFilterFunctionality_Laptop_19-55-10 - [verifyingTheBrandsFilterFunctionality_Laptop_19-55-10] Waiting until element is visible in viewport
19:56:13 [TestNG-test-Test-2] INFO  verifyingTheBrandsFilterFunctionality_Laptop_19-55-10 - [verifyingTheBrandsFilterFunctionality_Laptop_19-55-10] Within safeClick method
19:56:14 [TestNG-test-Test-2] INFO  verifyingTheBrandsFilterFunctionality_Laptop_19-55-10 - [verifyingTheBrandsFilterFunctionality_Laptop_19-55-10] Clicked the  [[ChromeDriver: chrome on windows (98e0884b135efd064a416e820a8ce135)] -> xpath: //span[@class='a-size-base a-color-base' and text()='Clear']]   using safeClick
19:56:14 [TestNG-test-Test-2] INFO  verifyingTheBrandsFilterFunctionality_Laptop_19-55-10 - [verifyingTheBrandsFilterFunctionality_Laptop_19-55-10] Clicked clear button for the filter ->ASUS
19:56:14 [TestNG-test-Test-2] INFO  verifyingTheBrandsFilterFunctionality_Laptop_19-55-10 - [verifyingTheBrandsFilterFunctionality_Laptop_19-55-10] Returning the allResults List of Maps containing the data
19:56:14 [TestNG-test-Test-2] INFO  verifyingTheBrandsFilterFunctionality_Laptop_19-55-10 - [verifyingTheBrandsFilterFunctionality_Laptop_19-55-10] All product titles matched for brand: 'Lenovo'
19:56:14 [TestNG-test-Test-2] INFO  verifyingTheBrandsFilterFunctionality_Laptop_19-55-10 - [verifyingTheBrandsFilterFunctionality_Laptop_19-55-10] All product titles matched for brand: 'ASUS'
19:56:14 [TestNG-test-Test-2] INFO  verifyingTheBrandsFilterFunctionality_Laptop_19-55-10 - [verifyingTheBrandsFilterFunctionality_Laptop_19-55-10]  Asserting all soft assertions now...
