2025-10-29 05:55:48.552 PM [TestNG-test-Test-2] INFO  [verifyingGetItIn2DaysFilterFunctionality] 🔹 Starting test method: verifyingGetItIn2DaysFilterFunctionality
2025-10-29 05:56:27.204 PM [TestNG-test-Test-2] INFO  [verifyingGetItIn2DaysFilterFunctionality] [verifyingGetItIn2DaysFilterFunctionality] Opening amazon Landing page
2025-10-29 05:56:34.082 PM [TestNG-test-Test-2] INFO  [verifyingGetItIn2DaysFilterFunctionality] [verifyingGetItIn2DaysFilterFunctionality] Capturing screenshot: search bar error capture__2025-10-29_175634.png
2025-10-29 05:56:34.441 PM [TestNG-test-Test-2] INFO  [verifyingGetItIn2DaysFilterFunctionality] [verifyingGetItIn2DaysFilterFunctionality] Screenshot saved at: test-output/screenshots/Run_2025-10-29_17-55-31/verifyingGetItIn2DaysFilterFunctionality/search bar error capture__2025-10-29_175634.png
2025-10-29 05:56:34.906 PM [TestNG-test-Test-2] INFO  [verifyingGetItIn2DaysFilterFunctionality] [verifyingGetItIn2DaysFilterFunctionality] Giving input within the search bar
2025-10-29 05:56:34.907 PM [TestNG-test-Test-2] INFO  [verifyingGetItIn2DaysFilterFunctionality] [verifyingGetItIn2DaysFilterFunctionality] Within safeClick method
2025-10-29 05:56:36.971 PM [TestNG-test-Test-2] INFO  [verifyingGetItIn2DaysFilterFunctionality] [verifyingGetItIn2DaysFilterFunctionality] Clicked the  [[ChromeDriver: chrome on windows (8d04f0a872d0cbcdb4e2af638543e077)] -> xpath: //input[@id='nav-search-submit-button']]   using safeClick
2025-10-29 05:56:36.972 PM [TestNG-test-Test-2] INFO  [verifyingGetItIn2DaysFilterFunctionality] [verifyingGetItIn2DaysFilterFunctionality] Clicking on the submit in the search bar
2025-10-29 05:56:37.160 PM [TestNG-test-Test-2] INFO  [verifyingGetItIn2DaysFilterFunctionality] [verifyingGetItIn2DaysFilterFunctionality] Checking if element within view port via isElementInViewport method
2025-10-29 05:56:37.197 PM [TestNG-test-Test-2] INFO  [verifyingGetItIn2DaysFilterFunctionality] [verifyingGetItIn2DaysFilterFunctionality] Within printFilterNamesOnly method
2025-10-29 05:56:37.198 PM [TestNG-test-Test-2] INFO  [verifyingGetItIn2DaysFilterFunctionality] [verifyingGetItIn2DaysFilterFunctionality] Within safeFindElements 
2025-10-29 05:56:37.211 PM [TestNG-test-Test-2] INFO  [verifyingGetItIn2DaysFilterFunctionality] [verifyingGetItIn2DaysFilterFunctionality] Returning the  [[[ChromeDriver: chrome on windows (8d04f0a872d0cbcdb4e2af638543e077)] -> xpath: //span[@class='a-size-base a-color-base' and text()='Get It in 2 Days']]] from the safeFindElements method
2025-10-29 05:56:37.260 PM [TestNG-test-Test-2] INFO  [verifyingGetItIn2DaysFilterFunctionality] [verifyingGetItIn2DaysFilterFunctionality] Within validateDeliveryFilterOptionsWithResult method
2025-10-29 05:56:37.261 PM [TestNG-test-Test-2] INFO  [verifyingGetItIn2DaysFilterFunctionality] [verifyingGetItIn2DaysFilterFunctionality] Within safeClick method
2025-10-29 05:56:37.441 PM [TestNG-test-Test-2] INFO  [verifyingGetItIn2DaysFilterFunctionality] [verifyingGetItIn2DaysFilterFunctionality] Clicked the  [[ChromeDriver: chrome on windows (8d04f0a872d0cbcdb4e2af638543e077)] -> xpath: //span[@class='a-size-base a-color-base' and text()='Get It in 2 Days']]   using safeClick
2025-10-29 05:56:39.443 PM [TestNG-test-Test-2] INFO  [verifyingGetItIn2DaysFilterFunctionality] [verifyingGetItIn2DaysFilterFunctionality] Within getMoreButtonByFilterTypeAndName method
2025-10-29 05:56:39.444 PM [TestNG-test-Test-2] INFO  [verifyingGetItIn2DaysFilterFunctionality] [verifyingGetItIn2DaysFilterFunctionality] Capturing screenshot: Filter Applied is Get It in 2 Days__2025-10-29_175639.png
2025-10-29 05:56:39.524 PM [TestNG-test-Test-2] INFO  [verifyingGetItIn2DaysFilterFunctionality] [verifyingGetItIn2DaysFilterFunctionality] Screenshot saved at: test-output/screenshots/Run_2025-10-29_17-55-31/verifyingGetItIn2DaysFilterFunctionality/Filter Applied is Get It in 2 Days__2025-10-29_175639.png
2025-10-29 05:56:39.524 PM [TestNG-test-Test-2] INFO  [verifyingGetItIn2DaysFilterFunctionality] [verifyingGetItIn2DaysFilterFunctionality] Clicked on By.xpath: //span[@class='a-size-base a-color-base' and text()='Get It in 2 Days']
2025-10-29 05:56:41.527 PM [TestNG-test-Test-2] INFO  [verifyingGetItIn2DaysFilterFunctionality] [verifyingGetItIn2DaysFilterFunctionality] Within safeFindElements 
2025-10-29 05:56:41.542 PM [TestNG-test-Test-2] INFO  [verifyingGetItIn2DaysFilterFunctionality] [verifyingGetItIn2DaysFilterFunctionality] Returning the  [[[ChromeDriver: chrome on windows (8d04f0a872d0cbcdb4e2af638543e077)] -> xpath: //div[@class='a-section a-spacing-small a-spacing-top-small']], [[ChromeDriver: chrome on windows (8d04f0a872d0cbcdb4e2af638543e077)] -> xpath: //div[@class='a-section a-spacing-small a-spacing-top-small']], [[ChromeDriver: chrome on windows (8d04f0a872d0cbcdb4e2af638543e077)] -> xpath: //div[@class='a-section a-spacing-small a-spacing-top-small']], [[ChromeDriver: chrome on windows (8d04f0a872d0cbcdb4e2af638543e077)] -> xpath: //div[@class='a-section a-spacing-small a-spacing-top-small']], [[ChromeDriver: chrome on windows (8d04f0a872d0cbcdb4e2af638543e077)] -> xpath: //div[@class='a-section a-spacing-small a-spacing-top-small']], [[ChromeDriver: chrome on windows (8d04f0a872d0cbcdb4e2af638543e077)] -> xpath: //div[@class='a-section a-spacing-small a-spacing-top-small']], [[ChromeDriver: chrome on windows (8d04f0a872d0cbcdb4e2af638543e077)] -> xpath: //div[@class='a-section a-spacing-small a-spacing-top-small']], [[ChromeDriver: chrome on windows (8d04f0a872d0cbcdb4e2af638543e077)] -> xpath: //div[@class='a-section a-spacing-small a-spacing-top-small']], [[ChromeDriver: chrome on windows (8d04f0a872d0cbcdb4e2af638543e077)] -> xpath: //div[@class='a-section a-spacing-small a-spacing-top-small']], [[ChromeDriver: chrome on windows (8d04f0a872d0cbcdb4e2af638543e077)] -> xpath: //div[@class='a-section a-spacing-small a-spacing-top-small']], [[ChromeDriver: chrome on windows (8d04f0a872d0cbcdb4e2af638543e077)] -> xpath: //div[@class='a-section a-spacing-small a-spacing-top-small']], [[ChromeDriver: chrome on windows (8d04f0a872d0cbcdb4e2af638543e077)] -> xpath: //div[@class='a-section a-spacing-small a-spacing-top-small']], [[ChromeDriver: chrome on windows (8d04f0a872d0cbcdb4e2af638543e077)] -> xpath: //div[@class='a-section a-spacing-small a-spacing-top-small']], [[ChromeDriver: chrome on windows (8d04f0a872d0cbcdb4e2af638543e077)] -> xpath: //div[@class='a-section a-spacing-small a-spacing-top-small']], [[ChromeDriver: chrome on windows (8d04f0a872d0cbcdb4e2af638543e077)] -> xpath: //div[@class='a-section a-spacing-small a-spacing-top-small']], [[ChromeDriver: chrome on windows (8d04f0a872d0cbcdb4e2af638543e077)] -> xpath: //div[@class='a-section a-spacing-small a-spacing-top-small']]] from the safeFindElements method
2025-10-29 05:56:41.556 PM [TestNG-test-Test-2] INFO  [verifyingGetItIn2DaysFilterFunctionality] [verifyingGetItIn2DaysFilterFunctionality] Created hashset with required data to assert with Within validateDeliveryFilterOptions method
2025-10-29 05:56:41.556 PM [TestNG-test-Test-2] INFO  [verifyingGetItIn2DaysFilterFunctionality] [verifyingGetItIn2DaysFilterFunctionality] this is the set  [Thu, Oct, Today, Wed, 29, 30, Tomorrow]
2025-10-29 05:56:41.557 PM [TestNG-test-Test-2] INFO  [verifyingGetItIn2DaysFilterFunctionality] [verifyingGetItIn2DaysFilterFunctionality] Within deliveryElements loop iterating over the products  Within validateDeliveryFilterOptions method
2025-10-29 05:56:41.593 PM [TestNG-test-Test-2] INFO  [verifyingGetItIn2DaysFilterFunctionality] [verifyingGetItIn2DaysFilterFunctionality] Checking if the allowedDateParts have the assert text   Within validateDeliveryFilterOptions method
2025-10-29 05:56:41.596 PM [TestNG-test-Test-2] INFO  [verifyingGetItIn2DaysFilterFunctionality] [verifyingGetItIn2DaysFilterFunctionality] Within deliveryElements loop iterating over the products  Within validateDeliveryFilterOptions method
2025-10-29 05:56:41.623 PM [TestNG-test-Test-2] INFO  [verifyingGetItIn2DaysFilterFunctionality] [verifyingGetItIn2DaysFilterFunctionality] Checking if the allowedDateParts have the assert text   Within validateDeliveryFilterOptions method
2025-10-29 05:56:41.624 PM [TestNG-test-Test-2] INFO  [verifyingGetItIn2DaysFilterFunctionality] [verifyingGetItIn2DaysFilterFunctionality] Within deliveryElements loop iterating over the products  Within validateDeliveryFilterOptions method
2025-10-29 05:56:41.653 PM [TestNG-test-Test-2] INFO  [verifyingGetItIn2DaysFilterFunctionality] [verifyingGetItIn2DaysFilterFunctionality] Checking if the allowedDateParts have the assert text   Within validateDeliveryFilterOptions method
2025-10-29 05:56:41.653 PM [TestNG-test-Test-2] INFO  [verifyingGetItIn2DaysFilterFunctionality] [verifyingGetItIn2DaysFilterFunctionality] Within deliveryElements loop iterating over the products  Within validateDeliveryFilterOptions method
2025-10-29 05:56:41.708 PM [TestNG-test-Test-2] INFO  [verifyingGetItIn2DaysFilterFunctionality] [verifyingGetItIn2DaysFilterFunctionality] Checking if the allowedDateParts have the assert text   Within validateDeliveryFilterOptions method
2025-10-29 05:56:41.711 PM [TestNG-test-Test-2] INFO  [verifyingGetItIn2DaysFilterFunctionality] [verifyingGetItIn2DaysFilterFunctionality] Within deliveryElements loop iterating over the products  Within validateDeliveryFilterOptions method
2025-10-29 05:56:41.744 PM [TestNG-test-Test-2] INFO  [verifyingGetItIn2DaysFilterFunctionality] [verifyingGetItIn2DaysFilterFunctionality] Checking if the allowedDateParts have the assert text   Within validateDeliveryFilterOptions method
2025-10-29 05:56:41.745 PM [TestNG-test-Test-2] INFO  [verifyingGetItIn2DaysFilterFunctionality] [verifyingGetItIn2DaysFilterFunctionality] Within deliveryElements loop iterating over the products  Within validateDeliveryFilterOptions method
2025-10-29 05:56:41.774 PM [TestNG-test-Test-2] INFO  [verifyingGetItIn2DaysFilterFunctionality] [verifyingGetItIn2DaysFilterFunctionality] Checking if the allowedDateParts have the assert text   Within validateDeliveryFilterOptions method
2025-10-29 05:56:41.775 PM [TestNG-test-Test-2] INFO  [verifyingGetItIn2DaysFilterFunctionality] [verifyingGetItIn2DaysFilterFunctionality] Within deliveryElements loop iterating over the products  Within validateDeliveryFilterOptions method
2025-10-29 05:56:41.804 PM [TestNG-test-Test-2] INFO  [verifyingGetItIn2DaysFilterFunctionality] [verifyingGetItIn2DaysFilterFunctionality] Checking if the allowedDateParts have the assert text   Within validateDeliveryFilterOptions method
2025-10-29 05:56:41.805 PM [TestNG-test-Test-2] INFO  [verifyingGetItIn2DaysFilterFunctionality] [verifyingGetItIn2DaysFilterFunctionality] Within deliveryElements loop iterating over the products  Within validateDeliveryFilterOptions method
2025-10-29 05:56:41.841 PM [TestNG-test-Test-2] INFO  [verifyingGetItIn2DaysFilterFunctionality] [verifyingGetItIn2DaysFilterFunctionality] Checking if the allowedDateParts have the assert text   Within validateDeliveryFilterOptions method
2025-10-29 05:56:41.842 PM [TestNG-test-Test-2] INFO  [verifyingGetItIn2DaysFilterFunctionality] [verifyingGetItIn2DaysFilterFunctionality] Within deliveryElements loop iterating over the products  Within validateDeliveryFilterOptions method
2025-10-29 05:56:41.883 PM [TestNG-test-Test-2] INFO  [verifyingGetItIn2DaysFilterFunctionality] [verifyingGetItIn2DaysFilterFunctionality] Checking if the allowedDateParts have the assert text   Within validateDeliveryFilterOptions method
2025-10-29 05:56:41.883 PM [TestNG-test-Test-2] INFO  [verifyingGetItIn2DaysFilterFunctionality] [verifyingGetItIn2DaysFilterFunctionality] Within deliveryElements loop iterating over the products  Within validateDeliveryFilterOptions method
2025-10-29 05:56:41.919 PM [TestNG-test-Test-2] INFO  [verifyingGetItIn2DaysFilterFunctionality] [verifyingGetItIn2DaysFilterFunctionality] Checking if the allowedDateParts have the assert text   Within validateDeliveryFilterOptions method
2025-10-29 05:56:41.919 PM [TestNG-test-Test-2] INFO  [verifyingGetItIn2DaysFilterFunctionality] [verifyingGetItIn2DaysFilterFunctionality] Within deliveryElements loop iterating over the products  Within validateDeliveryFilterOptions method
2025-10-29 05:56:41.980 PM [TestNG-test-Test-2] INFO  [verifyingGetItIn2DaysFilterFunctionality] [verifyingGetItIn2DaysFilterFunctionality] Checking if the allowedDateParts have the assert text   Within validateDeliveryFilterOptions method
2025-10-29 05:56:41.980 PM [TestNG-test-Test-2] INFO  [verifyingGetItIn2DaysFilterFunctionality] [verifyingGetItIn2DaysFilterFunctionality] Within deliveryElements loop iterating over the products  Within validateDeliveryFilterOptions method
2025-10-29 05:56:42.017 PM [TestNG-test-Test-2] INFO  [verifyingGetItIn2DaysFilterFunctionality] [verifyingGetItIn2DaysFilterFunctionality] Checking if the allowedDateParts have the assert text   Within validateDeliveryFilterOptions method
2025-10-29 05:56:42.018 PM [TestNG-test-Test-2] INFO  [verifyingGetItIn2DaysFilterFunctionality] [verifyingGetItIn2DaysFilterFunctionality] Within deliveryElements loop iterating over the products  Within validateDeliveryFilterOptions method
2025-10-29 05:56:42.066 PM [TestNG-test-Test-2] INFO  [verifyingGetItIn2DaysFilterFunctionality] [verifyingGetItIn2DaysFilterFunctionality] Checking if the allowedDateParts have the assert text   Within validateDeliveryFilterOptions method
2025-10-29 05:56:42.066 PM [TestNG-test-Test-2] INFO  [verifyingGetItIn2DaysFilterFunctionality] [verifyingGetItIn2DaysFilterFunctionality] Within deliveryElements loop iterating over the products  Within validateDeliveryFilterOptions method
2025-10-29 05:56:42.108 PM [TestNG-test-Test-2] INFO  [verifyingGetItIn2DaysFilterFunctionality] [verifyingGetItIn2DaysFilterFunctionality] Checking if the allowedDateParts have the assert text   Within validateDeliveryFilterOptions method
2025-10-29 05:56:42.108 PM [TestNG-test-Test-2] INFO  [verifyingGetItIn2DaysFilterFunctionality] [verifyingGetItIn2DaysFilterFunctionality] Within deliveryElements loop iterating over the products  Within validateDeliveryFilterOptions method
2025-10-29 05:56:42.135 PM [TestNG-test-Test-2] INFO  [verifyingGetItIn2DaysFilterFunctionality] [verifyingGetItIn2DaysFilterFunctionality] Checking if the allowedDateParts have the assert text   Within validateDeliveryFilterOptions method
2025-10-29 05:56:42.136 PM [TestNG-test-Test-2] INFO  [verifyingGetItIn2DaysFilterFunctionality] [verifyingGetItIn2DaysFilterFunctionality] Within deliveryElements loop iterating over the products  Within validateDeliveryFilterOptions method
2025-10-29 05:56:42.162 PM [TestNG-test-Test-2] INFO  [verifyingGetItIn2DaysFilterFunctionality] [verifyingGetItIn2DaysFilterFunctionality] Checking if the allowedDateParts have the assert text   Within validateDeliveryFilterOptions method
2025-10-29 05:56:42.163 PM [TestNG-test-Test-2] INFO  [verifyingGetItIn2DaysFilterFunctionality] [verifyingGetItIn2DaysFilterFunctionality] Returning the list with boolean values   Within validateDeliveryFilterOptions method
2025-10-29 05:56:42.163 PM [TestNG-test-Test-2] INFO  [verifyingGetItIn2DaysFilterFunctionality] [verifyingGetItIn2DaysFilterFunctionality] Asserting delivery filter: isValid=true, index=-1, text=All the things are valid no errors
2025-10-29 05:56:42.181 PM [TestNG-test-Test-2] INFO  [verifyingGetItIn2DaysFilterFunctionality] ✅ Finished test method: verifyingGetItIn2DaysFilterFunctionality
