22:02:19 [TestNG-test-Test-3] INFO  verifyingGetItByTodayFilterFunctionality_Tablet_22-02-19 - No existing WebDriver found for current thread. Initializing a new ChromeDriver...
22:02:19 [TestNG-test-Test-3] INFO  verifyingGetItByTodayFilterFunctionality_Tablet_22-02-19 - WebDriverManager: chromedriver setup OK
22:02:21 [TestNG-test-Test-3] INFO  verifyingGetItByTodayFilterFunctionality_Tablet_22-02-19 - ChromeDriver initialized successfully for thread: 36
22:02:21 [TestNG-test-Test-3] INFO  verifyingGetItByTodayFilterFunctionality_Tablet_22-02-19 - [verifyingGetItByTodayFilterFunctionality_Tablet_22-02-19] Opening amazon Landing page
22:02:22 [TestNG-test-Test-3] INFO  verifyingGetItByTodayFilterFunctionality_Tablet_22-02-19 - [verifyingGetItByTodayFilterFunctionality_Tablet_22-02-19] Within safeFindElement method
22:02:27 [TestNG-test-Test-3] INFO  verifyingGetItByTodayFilterFunctionality_Tablet_22-02-19 - [verifyingGetItByTodayFilterFunctionality_Tablet_22-02-19]Retrying findElement for: ->By.xpath: //a[@id='nav-logo-sprites']
22:02:27 [TestNG-test-Test-3] INFO  verifyingGetItByTodayFilterFunctionality_Tablet_22-02-19 - [verifyingGetItByTodayFilterFunctionality_Tablet_22-02-19]Refrehsing the page , while trying to safely find : ->By.xpath: //a[@id='nav-logo-sprites']
22:02:32 [TestNG-test-Test-3] INFO  verifyingGetItByTodayFilterFunctionality_Tablet_22-02-19 - [verifyingGetItByTodayFilterFunctionality_Tablet_22-02-19]Retrying findElement for: ->By.xpath: //a[@id='nav-logo-sprites']
22:02:33 [TestNG-test-Test-3] INFO  verifyingGetItByTodayFilterFunctionality_Tablet_22-02-19 - [verifyingGetItByTodayFilterFunctionality_Tablet_22-02-19]Refrehsing the page , while trying to safely find : ->By.xpath: //a[@id='nav-logo-sprites']
22:02:33 [TestNG-test-Test-3] INFO  verifyingGetItByTodayFilterFunctionality_Tablet_22-02-19 - [verifyingGetItByTodayFilterFunctionality_Tablet_22-02-19] Skipping action: Element not found after 2   attemps
22:02:35 [TestNG-test-Test-3] INFO  verifyingGetItByTodayFilterFunctionality_Tablet_22-02-19 - [verifyingGetItByTodayFilterFunctionality_Tablet_22-02-19] Giving input within the search bar
22:02:35 [TestNG-test-Test-3] INFO  verifyingGetItByTodayFilterFunctionality_Tablet_22-02-19 - [verifyingGetItByTodayFilterFunctionality_Tablet_22-02-19] Within safeClick method
22:02:37 [TestNG-test-Test-3] INFO  verifyingGetItByTodayFilterFunctionality_Tablet_22-02-19 - [verifyingGetItByTodayFilterFunctionality_Tablet_22-02-19] Clicked the  [[ChromeDriver: chrome on windows (7cfb8f97b5532087018d7a25317b8e31)] -> xpath: //input[@id='nav-search-submit-button']]   using safeClick
22:02:37 [TestNG-test-Test-3] INFO  verifyingGetItByTodayFilterFunctionality_Tablet_22-02-19 - [verifyingGetItByTodayFilterFunctionality_Tablet_22-02-19] Clicking on the submit in the search bar
22:02:37 [TestNG-test-Test-3] INFO  verifyingGetItByTodayFilterFunctionality_Tablet_22-02-19 - [verifyingGetItByTodayFilterFunctionality_Tablet_22-02-19] Waiting until element is visible in viewport
22:02:37 [TestNG-test-Test-3] INFO  verifyingGetItByTodayFilterFunctionality_Tablet_22-02-19 - [verifyingGetItByTodayFilterFunctionality_Tablet_22-02-19] Within validateDeliveryFilterOptionsWithResult method
22:02:37 [TestNG-test-Test-3] INFO  verifyingGetItByTodayFilterFunctionality_Tablet_22-02-19 - [verifyingGetItByTodayFilterFunctionality_Tablet_22-02-19] Within safeClick method
22:02:37 [TestNG-test-Test-3] INFO  verifyingGetItByTodayFilterFunctionality_Tablet_22-02-19 - [verifyingGetItByTodayFilterFunctionality_Tablet_22-02-19] Clicked the  [[ChromeDriver: chrome on windows (7cfb8f97b5532087018d7a25317b8e31)] -> xpath: //span[@class='a-size-base a-color-base puis-bold-weight-text' and text()='Delivery Day']/parent::div/following-sibling::ul//span[@class='a-size-base a-color-base' and text()='Get It Today']]   using safeClick
22:02:37 [TestNG-test-Test-3] INFO  verifyingGetItByTodayFilterFunctionality_Tablet_22-02-19 - [verifyingGetItByTodayFilterFunctionality_Tablet_22-02-19] Within getMoreButtonByFilterTypeAndName method
22:02:37 [TestNG-test-Test-3] INFO  verifyingGetItByTodayFilterFunctionality_Tablet_22-02-19 - [verifyingGetItByTodayFilterFunctionality_Tablet_22-02-19] Clicked on By.xpath: //span[@class='a-size-base a-color-base puis-bold-weight-text' and text()='Delivery Day']/parent::div/following-sibling::ul//span[@class='a-size-base a-color-base' and text()='Get It Today']
22:02:37 [TestNG-test-Test-3] INFO  verifyingGetItByTodayFilterFunctionality_Tablet_22-02-19 - [verifyingGetItByTodayFilterFunctionality_Tablet_22-02-19] Within safeFindElements 
22:02:38 [TestNG-test-Test-3] INFO  verifyingGetItByTodayFilterFunctionality_Tablet_22-02-19 - [verifyingGetItByTodayFilterFunctionality_Tablet_22-02-19] Returning the  [[[ChromeDriver: chrome on windows (7cfb8f97b5532087018d7a25317b8e31)] -> xpath: //div[@class='a-section a-spacing-small a-spacing-top-small']], [[ChromeDriver: chrome on windows (7cfb8f97b5532087018d7a25317b8e31)] -> xpath: //div[@class='a-section a-spacing-small a-spacing-top-small']], [[ChromeDriver: chrome on windows (7cfb8f97b5532087018d7a25317b8e31)] -> xpath: //div[@class='a-section a-spacing-small a-spacing-top-small']], [[ChromeDriver: chrome on windows (7cfb8f97b5532087018d7a25317b8e31)] -> xpath: //div[@class='a-section a-spacing-small a-spacing-top-small']], [[ChromeDriver: chrome on windows (7cfb8f97b5532087018d7a25317b8e31)] -> xpath: //div[@class='a-section a-spacing-small a-spacing-top-small']], [[ChromeDriver: chrome on windows (7cfb8f97b5532087018d7a25317b8e31)] -> xpath: //div[@class='a-section a-spacing-small a-spacing-top-small']], [[ChromeDriver: chrome on windows (7cfb8f97b5532087018d7a25317b8e31)] -> xpath: //div[@class='a-section a-spacing-small a-spacing-top-small']], [[ChromeDriver: chrome on windows (7cfb8f97b5532087018d7a25317b8e31)] -> xpath: //div[@class='a-section a-spacing-small a-spacing-top-small']], [[ChromeDriver: chrome on windows (7cfb8f97b5532087018d7a25317b8e31)] -> xpath: //div[@class='a-section a-spacing-small a-spacing-top-small']], [[ChromeDriver: chrome on windows (7cfb8f97b5532087018d7a25317b8e31)] -> xpath: //div[@class='a-section a-spacing-small a-spacing-top-small']], [[ChromeDriver: chrome on windows (7cfb8f97b5532087018d7a25317b8e31)] -> xpath: //div[@class='a-section a-spacing-small a-spacing-top-small']], [[ChromeDriver: chrome on windows (7cfb8f97b5532087018d7a25317b8e31)] -> xpath: //div[@class='a-section a-spacing-small a-spacing-top-small']], [[ChromeDriver: chrome on windows (7cfb8f97b5532087018d7a25317b8e31)] -> xpath: //div[@class='a-section a-spacing-small a-spacing-top-small']], [[ChromeDriver: chrome on windows (7cfb8f97b5532087018d7a25317b8e31)] -> xpath: //div[@class='a-section a-spacing-small a-spacing-top-small']], [[ChromeDriver: chrome on windows (7cfb8f97b5532087018d7a25317b8e31)] -> xpath: //div[@class='a-section a-spacing-small a-spacing-top-small']], [[ChromeDriver: chrome on windows (7cfb8f97b5532087018d7a25317b8e31)] -> xpath: //div[@class='a-section a-spacing-small a-spacing-top-small']]] from the safeFindElements method
22:02:38 [TestNG-test-Test-3] INFO  verifyingGetItByTodayFilterFunctionality_Tablet_22-02-19 - [verifyingGetItByTodayFilterFunctionality_Tablet_22-02-19] Created hashset with required data to assert with Within validateDeliveryFilterOptions method
22:02:38 [TestNG-test-Test-3] INFO  verifyingGetItByTodayFilterFunctionality_Tablet_22-02-19 - [verifyingGetItByTodayFilterFunctionality_Tablet_22-02-19] this is the set  [01, Jun, 02, Today, Tue, FREE delivery, Mon, Tomorrow]
22:02:38 [TestNG-test-Test-3] INFO  verifyingGetItByTodayFilterFunctionality_Tablet_22-02-19 - [verifyingGetItByTodayFilterFunctionality_Tablet_22-02-19] Within deliveryElements loop iterating over the products  Within validateDeliveryFilterOptions method
22:02:38 [TestNG-test-Test-3] INFO  verifyingGetItByTodayFilterFunctionality_Tablet_22-02-19 - [verifyingGetItByTodayFilterFunctionality_Tablet_22-02-19] Checking if the allowedDateParts have the assert text   Within validateDeliveryFilterOptions method
22:02:38 [TestNG-test-Test-3] INFO  verifyingGetItByTodayFilterFunctionality_Tablet_22-02-19 - [verifyingGetItByTodayFilterFunctionality_Tablet_22-02-19] Within deliveryElements loop iterating over the products  Within validateDeliveryFilterOptions method
22:02:39 [TestNG-test-Test-3] INFO  verifyingGetItByTodayFilterFunctionality_Tablet_22-02-19 - [verifyingGetItByTodayFilterFunctionality_Tablet_22-02-19] Checking if the allowedDateParts have the assert text   Within validateDeliveryFilterOptions method
22:02:39 [TestNG-test-Test-3] INFO  verifyingGetItByTodayFilterFunctionality_Tablet_22-02-19 - [verifyingGetItByTodayFilterFunctionality_Tablet_22-02-19] Within deliveryElements loop iterating over the products  Within validateDeliveryFilterOptions method
22:02:39 [TestNG-test-Test-3] INFO  verifyingGetItByTodayFilterFunctionality_Tablet_22-02-19 - [verifyingGetItByTodayFilterFunctionality_Tablet_22-02-19] Checking if the allowedDateParts have the assert text   Within validateDeliveryFilterOptions method
22:02:39 [TestNG-test-Test-3] INFO  verifyingGetItByTodayFilterFunctionality_Tablet_22-02-19 - [verifyingGetItByTodayFilterFunctionality_Tablet_22-02-19] Within deliveryElements loop iterating over the products  Within validateDeliveryFilterOptions method
22:02:39 [TestNG-test-Test-3] INFO  verifyingGetItByTodayFilterFunctionality_Tablet_22-02-19 - [verifyingGetItByTodayFilterFunctionality_Tablet_22-02-19] Checking if the allowedDateParts have the assert text   Within validateDeliveryFilterOptions method
22:02:39 [TestNG-test-Test-3] INFO  verifyingGetItByTodayFilterFunctionality_Tablet_22-02-19 - [verifyingGetItByTodayFilterFunctionality_Tablet_22-02-19] Within deliveryElements loop iterating over the products  Within validateDeliveryFilterOptions method
22:02:39 [TestNG-test-Test-3] INFO  verifyingGetItByTodayFilterFunctionality_Tablet_22-02-19 - [verifyingGetItByTodayFilterFunctionality_Tablet_22-02-19] Checking if the allowedDateParts have the assert text   Within validateDeliveryFilterOptions method
22:02:39 [TestNG-test-Test-3] INFO  verifyingGetItByTodayFilterFunctionality_Tablet_22-02-19 - [verifyingGetItByTodayFilterFunctionality_Tablet_22-02-19] Within deliveryElements loop iterating over the products  Within validateDeliveryFilterOptions method
22:02:39 [TestNG-test-Test-3] INFO  verifyingGetItByTodayFilterFunctionality_Tablet_22-02-19 - [verifyingGetItByTodayFilterFunctionality_Tablet_22-02-19] Checking if the allowedDateParts have the assert text   Within validateDeliveryFilterOptions method
22:02:39 [TestNG-test-Test-3] INFO  verifyingGetItByTodayFilterFunctionality_Tablet_22-02-19 - [verifyingGetItByTodayFilterFunctionality_Tablet_22-02-19] Within deliveryElements loop iterating over the products  Within validateDeliveryFilterOptions method
22:02:39 [TestNG-test-Test-3] INFO  verifyingGetItByTodayFilterFunctionality_Tablet_22-02-19 - [verifyingGetItByTodayFilterFunctionality_Tablet_22-02-19] Checking if the allowedDateParts have the assert text   Within validateDeliveryFilterOptions method
22:02:39 [TestNG-test-Test-3] INFO  verifyingGetItByTodayFilterFunctionality_Tablet_22-02-19 - [verifyingGetItByTodayFilterFunctionality_Tablet_22-02-19] Within deliveryElements loop iterating over the products  Within validateDeliveryFilterOptions method
22:02:39 [TestNG-test-Test-3] INFO  verifyingGetItByTodayFilterFunctionality_Tablet_22-02-19 - [verifyingGetItByTodayFilterFunctionality_Tablet_22-02-19] Checking if the allowedDateParts have the assert text   Within validateDeliveryFilterOptions method
22:02:39 [TestNG-test-Test-3] INFO  verifyingGetItByTodayFilterFunctionality_Tablet_22-02-19 - [verifyingGetItByTodayFilterFunctionality_Tablet_22-02-19] Within deliveryElements loop iterating over the products  Within validateDeliveryFilterOptions method
22:02:39 [TestNG-test-Test-3] INFO  verifyingGetItByTodayFilterFunctionality_Tablet_22-02-19 - [verifyingGetItByTodayFilterFunctionality_Tablet_22-02-19] Checking if the allowedDateParts have the assert text   Within validateDeliveryFilterOptions method
22:02:39 [TestNG-test-Test-3] INFO  verifyingGetItByTodayFilterFunctionality_Tablet_22-02-19 - [verifyingGetItByTodayFilterFunctionality_Tablet_22-02-19] Within deliveryElements loop iterating over the products  Within validateDeliveryFilterOptions method
22:02:39 [TestNG-test-Test-3] INFO  verifyingGetItByTodayFilterFunctionality_Tablet_22-02-19 - [verifyingGetItByTodayFilterFunctionality_Tablet_22-02-19] Checking if the allowedDateParts have the assert text   Within validateDeliveryFilterOptions method
22:02:39 [TestNG-test-Test-3] INFO  verifyingGetItByTodayFilterFunctionality_Tablet_22-02-19 - [verifyingGetItByTodayFilterFunctionality_Tablet_22-02-19] Within deliveryElements loop iterating over the products  Within validateDeliveryFilterOptions method
22:02:39 [TestNG-test-Test-3] INFO  verifyingGetItByTodayFilterFunctionality_Tablet_22-02-19 - [verifyingGetItByTodayFilterFunctionality_Tablet_22-02-19] Checking if the allowedDateParts have the assert text   Within validateDeliveryFilterOptions method
22:02:39 [TestNG-test-Test-3] INFO  verifyingGetItByTodayFilterFunctionality_Tablet_22-02-19 - [verifyingGetItByTodayFilterFunctionality_Tablet_22-02-19] Within deliveryElements loop iterating over the products  Within validateDeliveryFilterOptions method
22:02:39 [TestNG-test-Test-3] INFO  verifyingGetItByTodayFilterFunctionality_Tablet_22-02-19 - [verifyingGetItByTodayFilterFunctionality_Tablet_22-02-19] Checking if the allowedDateParts have the assert text   Within validateDeliveryFilterOptions method
22:02:39 [TestNG-test-Test-3] INFO  verifyingGetItByTodayFilterFunctionality_Tablet_22-02-19 - [verifyingGetItByTodayFilterFunctionality_Tablet_22-02-19] Within deliveryElements loop iterating over the products  Within validateDeliveryFilterOptions method
22:02:39 [TestNG-test-Test-3] INFO  verifyingGetItByTodayFilterFunctionality_Tablet_22-02-19 - [verifyingGetItByTodayFilterFunctionality_Tablet_22-02-19] Checking if the allowedDateParts have the assert text   Within validateDeliveryFilterOptions method
22:02:39 [TestNG-test-Test-3] INFO  verifyingGetItByTodayFilterFunctionality_Tablet_22-02-19 - [verifyingGetItByTodayFilterFunctionality_Tablet_22-02-19] Within deliveryElements loop iterating over the products  Within validateDeliveryFilterOptions method
22:02:39 [TestNG-test-Test-3] INFO  verifyingGetItByTodayFilterFunctionality_Tablet_22-02-19 - [verifyingGetItByTodayFilterFunctionality_Tablet_22-02-19] Checking if the allowedDateParts have the assert text   Within validateDeliveryFilterOptions method
22:02:39 [TestNG-test-Test-3] INFO  verifyingGetItByTodayFilterFunctionality_Tablet_22-02-19 - [verifyingGetItByTodayFilterFunctionality_Tablet_22-02-19] Within deliveryElements loop iterating over the products  Within validateDeliveryFilterOptions method
22:02:39 [TestNG-test-Test-3] INFO  verifyingGetItByTodayFilterFunctionality_Tablet_22-02-19 - [verifyingGetItByTodayFilterFunctionality_Tablet_22-02-19] Checking if the allowedDateParts have the assert text   Within validateDeliveryFilterOptions method
22:02:39 [TestNG-test-Test-3] INFO  verifyingGetItByTodayFilterFunctionality_Tablet_22-02-19 - [verifyingGetItByTodayFilterFunctionality_Tablet_22-02-19] Within deliveryElements loop iterating over the products  Within validateDeliveryFilterOptions method
22:02:39 [TestNG-test-Test-3] INFO  verifyingGetItByTodayFilterFunctionality_Tablet_22-02-19 - [verifyingGetItByTodayFilterFunctionality_Tablet_22-02-19] Checking if the allowedDateParts have the assert text   Within validateDeliveryFilterOptions method
22:02:39 [TestNG-test-Test-3] INFO  verifyingGetItByTodayFilterFunctionality_Tablet_22-02-19 - [verifyingGetItByTodayFilterFunctionality_Tablet_22-02-19] Returning the list with boolean values   Within validateDeliveryFilterOptions method
22:02:39 [TestNG-test-Test-3] INFO  verifyingGetItByTodayFilterFunctionality_Tablet_22-02-19 - [verifyingGetItByTodayFilterFunctionality_Tablet_22-02-19] Asserting delivery filter: isValid=true, index=-1, text=All the things are valid no errors
