2026-03-03 07:26:42.779 PM [TestNG-test-Test-1] INFO  [verifyingPriceSilderFunctionality] 🔹 Starting test method: verifyingPriceSilderFunctionality
2026-03-03 07:26:42.836 PM [TestNG-test-Test-1] INFO  [verifyingPriceSilderFunctionality] No existing WebDriver found for current thread. Initializing a new ChromeDriver...
2026-03-03 07:26:42.871 PM [TestNG-test-Test-1] INFO  [verifyingPriceSilderFunctionality] WebDriverManager: chromedriver setup OK
2026-03-03 07:26:44.796 PM [TestNG-test-Test-1] INFO  [verifyingPriceSilderFunctionality] ChromeDriver initialized successfully for thread: 34
2026-03-03 07:26:45.136 PM [TestNG-test-Test-1] INFO  [verifyingPriceSilderFunctionality] [verifyingPriceSilderFunctionality] Opening amazon Landing page
2026-03-03 07:26:45.137 PM [TestNG-test-Test-1] INFO  [verifyingPriceSilderFunctionality] [verifyingPriceSilderFunctionality] Within safeFindElement method
2026-03-03 07:26:48.056 PM [TestNG-test-Test-1] INFO  [verifyingPriceSilderFunctionality] [verifyingPriceSilderFunctionality]Found the element returning it ,element ->[[ChromeDriver: chrome on windows (66ef63826e467a7f8fd8e8b32ad1d813)] -> xpath: //a[@id='nav-logo-sprites']]
2026-03-03 07:26:48.822 PM [TestNG-test-Test-1] INFO  [verifyingPriceSilderFunctionality] [verifyingPriceSilderFunctionality] Giving input within the search bar
2026-03-03 07:26:48.822 PM [TestNG-test-Test-1] INFO  [verifyingPriceSilderFunctionality] [verifyingPriceSilderFunctionality] Within safeClick method
2026-03-03 07:26:51.419 PM [TestNG-test-Test-1] INFO  [verifyingPriceSilderFunctionality] [verifyingPriceSilderFunctionality] Clicked the  [[ChromeDriver: chrome on windows (66ef63826e467a7f8fd8e8b32ad1d813)] -> xpath: //input[@id='nav-search-submit-button']]   using safeClick
2026-03-03 07:26:51.419 PM [TestNG-test-Test-1] INFO  [verifyingPriceSilderFunctionality] [verifyingPriceSilderFunctionality] Clicking on the submit in the search bar
2026-03-03 07:26:51.586 PM [TestNG-test-Test-1] INFO  [verifyingPriceSilderFunctionality] [verifyingPriceSilderFunctionality] Within filterCheckUnderList method
2026-03-03 07:26:51.702 PM [TestNG-test-Test-1] INFO  [verifyingPriceSilderFunctionality] [verifyingPriceSilderFunctionality] Found the Filter within the filter check List
2026-03-03 07:26:51.703 PM [TestNG-test-Test-1] INFO  [verifyingPriceSilderFunctionality] [verifyingPriceSilderFunctionality] Within applyPriceSliderAndValidateWithResult method
2026-03-03 07:26:51.704 PM [TestNG-test-Test-1] INFO  [verifyingPriceSilderFunctionality] [verifyingPriceSilderFunctionality] Within smoothScrollToElement method
2026-03-03 07:26:51.704 PM [TestNG-test-Test-1] INFO  [verifyingPriceSilderFunctionality] [verifyingPriceSilderFunctionality] Within safeFindElement method
2026-03-03 07:26:51.763 PM [TestNG-test-Test-1] INFO  [verifyingPriceSilderFunctionality] [verifyingPriceSilderFunctionality]Found the element returning it ,element ->[[ChromeDriver: chrome on windows (66ef63826e467a7f8fd8e8b32ad1d813)] -> id: p_36/range-slider_slider-item_lower-bound-slider]
2026-03-03 07:26:51.806 PM [TestNG-test-Test-1] INFO  [verifyingPriceSilderFunctionality] [verifyingPriceSilderFunctionality] Successfully scrolled to element: By.id: p_36/range-slider_slider-item_lower-bound-slider
2026-03-03 07:26:51.806 PM [TestNG-test-Test-1] INFO  [verifyingPriceSilderFunctionality] [verifyingPriceSilderFunctionality] Within safeFindElement method
2026-03-03 07:26:51.845 PM [TestNG-test-Test-1] INFO  [verifyingPriceSilderFunctionality] [verifyingPriceSilderFunctionality]Found the element returning it ,element ->[[ChromeDriver: chrome on windows (66ef63826e467a7f8fd8e8b32ad1d813)] -> id: p_36/range-slider_slider-item_lower-bound-slider]
2026-03-03 07:26:51.845 PM [TestNG-test-Test-1] INFO  [verifyingPriceSilderFunctionality] [verifyingPriceSilderFunctionality] Within safeFindElement method
2026-03-03 07:26:51.890 PM [TestNG-test-Test-1] INFO  [verifyingPriceSilderFunctionality] [verifyingPriceSilderFunctionality]Found the element returning it ,element ->[[ChromeDriver: chrome on windows (66ef63826e467a7f8fd8e8b32ad1d813)] -> id: p_36/range-slider_slider-item_upper-bound-slider]
2026-03-03 07:26:51.914 PM [TestNG-test-Test-1] INFO  [verifyingPriceSilderFunctionality] [verifyingPriceSilderFunctionality] in the setSliderValue method with value 61
2026-03-03 07:26:51.920 PM [TestNG-test-Test-1] INFO  [verifyingPriceSilderFunctionality] [verifyingPriceSilderFunctionality] in the setSliderValue method with value 81
2026-03-03 07:26:51.920 PM [TestNG-test-Test-1] INFO  [verifyingPriceSilderFunctionality] [verifyingPriceSilderFunctionality] Within safeFindElement method
2026-03-03 07:26:51.967 PM [TestNG-test-Test-1] INFO  [verifyingPriceSilderFunctionality] [verifyingPriceSilderFunctionality]Found the element returning it ,element ->[[ChromeDriver: chrome on windows (66ef63826e467a7f8fd8e8b32ad1d813)] -> xpath: //label[@for='p_36/range-slider_slider-item_upper-bound-slider']]
2026-03-03 07:26:51.975 PM [TestNG-test-Test-1] INFO  [verifyingPriceSilderFunctionality] [verifyingPriceSilderFunctionality] Within safeFindElement method
2026-03-03 07:26:52.014 PM [TestNG-test-Test-1] INFO  [verifyingPriceSilderFunctionality] [verifyingPriceSilderFunctionality]Found the element returning it ,element ->[[ChromeDriver: chrome on windows (66ef63826e467a7f8fd8e8b32ad1d813)] -> xpath: //label[@for='p_36/range-slider_slider-item_lower-bound-slider']]
2026-03-03 07:26:52.608 PM [TestNG-test-Test-1] INFO  [verifyingPriceSilderFunctionality] [verifyingPriceSilderFunctionality] Within smoothScrollToElement method
2026-03-03 07:26:52.608 PM [TestNG-test-Test-1] INFO  [verifyingPriceSilderFunctionality] [verifyingPriceSilderFunctionality] Within safeFindElement method
2026-03-03 07:26:54.171 PM [TestNG-test-Test-1] INFO  [verifyingPriceSilderFunctionality] [verifyingPriceSilderFunctionality]Found the element returning it ,element ->[[ChromeDriver: chrome on windows (66ef63826e467a7f8fd8e8b32ad1d813)] -> id: p_36/range-slider_slider-item_lower-bound-slider]
2026-03-03 07:26:54.185 PM [TestNG-test-Test-1] INFO  [verifyingPriceSilderFunctionality] [verifyingPriceSilderFunctionality] Successfully scrolled to element: By.id: p_36/range-slider_slider-item_lower-bound-slider
2026-03-03 07:26:54.195 PM [TestNG-test-Test-1] INFO  [verifyingPriceSilderFunctionality] [verifyingPriceSilderFunctionality] Capturing screenshot: Filter_Applied_is_Max_Price_15_900_Min_price_7_900__2026-03-03_192654.jpg
2026-03-03 07:26:54.319 PM [TestNG-test-Test-1] INFO  [verifyingPriceSilderFunctionality] [verifyingPriceSilderFunctionality] Screenshot saved at: test-output/screenshots/Run_2026-03-03_18-31-14/verifyingPriceSilderFunctionality/Filter_Applied_is_Max_Price_15_900_Min_price_7_900__2026-03-03_192654.jpg
2026-03-03 07:26:54.319 PM [TestNG-test-Test-1] INFO  [verifyingPriceSilderFunctionality] [verifyingPriceSilderFunctionality] Adding the data 'min','max','isValid' ,'mismatches' to 'result' Map->81
2026-03-03 07:26:54.319 PM [TestNG-test-Test-1] INFO  [verifyingPriceSilderFunctionality] [verifyingPriceSilderFunctionality] Adding the 'results'  Map to the master 'allResults' i.e is List of maps->81
2026-03-03 07:26:54.340 PM [TestNG-test-Test-1] INFO  [verifyingPriceSilderFunctionality] [verifyingPriceSilderFunctionality] in the setSliderValue method with value 91
2026-03-03 07:26:54.350 PM [TestNG-test-Test-1] INFO  [verifyingPriceSilderFunctionality] [verifyingPriceSilderFunctionality] in the setSliderValue method with value 121
2026-03-03 07:26:54.350 PM [TestNG-test-Test-1] INFO  [verifyingPriceSilderFunctionality] [verifyingPriceSilderFunctionality] Within safeFindElement method
2026-03-03 07:26:54.389 PM [TestNG-test-Test-1] INFO  [verifyingPriceSilderFunctionality] [verifyingPriceSilderFunctionality]Found the element returning it ,element ->[[ChromeDriver: chrome on windows (66ef63826e467a7f8fd8e8b32ad1d813)] -> xpath: //label[@for='p_36/range-slider_slider-item_upper-bound-slider']]
2026-03-03 07:26:54.396 PM [TestNG-test-Test-1] INFO  [verifyingPriceSilderFunctionality] [verifyingPriceSilderFunctionality] Within safeFindElement method
2026-03-03 07:26:54.436 PM [TestNG-test-Test-1] INFO  [verifyingPriceSilderFunctionality] [verifyingPriceSilderFunctionality]Found the element returning it ,element ->[[ChromeDriver: chrome on windows (66ef63826e467a7f8fd8e8b32ad1d813)] -> xpath: //label[@for='p_36/range-slider_slider-item_lower-bound-slider']]
2026-03-03 07:26:54.964 PM [TestNG-test-Test-1] INFO  [verifyingPriceSilderFunctionality] [verifyingPriceSilderFunctionality] Within smoothScrollToElement method
2026-03-03 07:26:54.964 PM [TestNG-test-Test-1] INFO  [verifyingPriceSilderFunctionality] [verifyingPriceSilderFunctionality] Within safeFindElement method
2026-03-03 07:26:56.021 PM [TestNG-test-Test-1] INFO  [verifyingPriceSilderFunctionality] [verifyingPriceSilderFunctionality]Found the element returning it ,element ->[[ChromeDriver: chrome on windows (66ef63826e467a7f8fd8e8b32ad1d813)] -> id: p_36/range-slider_slider-item_lower-bound-slider]
2026-03-03 07:26:56.034 PM [TestNG-test-Test-1] INFO  [verifyingPriceSilderFunctionality] [verifyingPriceSilderFunctionality] Successfully scrolled to element: By.id: p_36/range-slider_slider-item_lower-bound-slider
2026-03-03 07:26:56.034 PM [TestNG-test-Test-1] INFO  [verifyingPriceSilderFunctionality] [verifyingPriceSilderFunctionality] Capturing screenshot: Filter_Applied_is_Max_Price_42_900_Min_price_11_500__2026-03-03_192656.jpg
2026-03-03 07:26:56.163 PM [TestNG-test-Test-1] INFO  [verifyingPriceSilderFunctionality] [verifyingPriceSilderFunctionality] Screenshot saved at: test-output/screenshots/Run_2026-03-03_18-31-14/verifyingPriceSilderFunctionality/Filter_Applied_is_Max_Price_42_900_Min_price_11_500__2026-03-03_192656.jpg
2026-03-03 07:26:56.163 PM [TestNG-test-Test-1] INFO  [verifyingPriceSilderFunctionality] [verifyingPriceSilderFunctionality] Adding the data 'min','max','isValid' ,'mismatches' to 'result' Map->121
2026-03-03 07:26:56.163 PM [TestNG-test-Test-1] INFO  [verifyingPriceSilderFunctionality] [verifyingPriceSilderFunctionality] Adding the 'results'  Map to the master 'allResults' i.e is List of maps->121
2026-03-03 07:26:56.183 PM [TestNG-test-Test-1] INFO  [verifyingPriceSilderFunctionality] [verifyingPriceSilderFunctionality] in the setSliderValue method with value 131
2026-03-03 07:26:56.194 PM [TestNG-test-Test-1] INFO  [verifyingPriceSilderFunctionality] [verifyingPriceSilderFunctionality] in the setSliderValue method with value 161
2026-03-03 07:26:56.194 PM [TestNG-test-Test-1] INFO  [verifyingPriceSilderFunctionality] [verifyingPriceSilderFunctionality] Within safeFindElement method
2026-03-03 07:26:56.234 PM [TestNG-test-Test-1] INFO  [verifyingPriceSilderFunctionality] [verifyingPriceSilderFunctionality]Found the element returning it ,element ->[[ChromeDriver: chrome on windows (66ef63826e467a7f8fd8e8b32ad1d813)] -> xpath: //label[@for='p_36/range-slider_slider-item_upper-bound-slider']]
2026-03-03 07:26:56.247 PM [TestNG-test-Test-1] INFO  [verifyingPriceSilderFunctionality] [verifyingPriceSilderFunctionality] Within safeFindElement method
2026-03-03 07:26:56.288 PM [TestNG-test-Test-1] INFO  [verifyingPriceSilderFunctionality] [verifyingPriceSilderFunctionality]Found the element returning it ,element ->[[ChromeDriver: chrome on windows (66ef63826e467a7f8fd8e8b32ad1d813)] -> xpath: //label[@for='p_36/range-slider_slider-item_lower-bound-slider']]
2026-03-03 07:26:56.816 PM [TestNG-test-Test-1] INFO  [verifyingPriceSilderFunctionality] [verifyingPriceSilderFunctionality] Within smoothScrollToElement method
2026-03-03 07:26:56.816 PM [TestNG-test-Test-1] INFO  [verifyingPriceSilderFunctionality] [verifyingPriceSilderFunctionality] Within safeFindElement method
2026-03-03 07:26:58.025 PM [TestNG-test-Test-1] INFO  [verifyingPriceSilderFunctionality] [verifyingPriceSilderFunctionality]Found the element returning it ,element ->[[ChromeDriver: chrome on windows (66ef63826e467a7f8fd8e8b32ad1d813)] -> id: p_36/range-slider_slider-item_lower-bound-slider]
2026-03-03 07:26:58.030 PM [TestNG-test-Test-1] INFO  [verifyingPriceSilderFunctionality] [verifyingPriceSilderFunctionality] Successfully scrolled to element: By.id: p_36/range-slider_slider-item_lower-bound-slider
2026-03-03 07:26:58.031 PM [TestNG-test-Test-1] INFO  [verifyingPriceSilderFunctionality] [verifyingPriceSilderFunctionality] Capturing screenshot: Filter_Applied_is_Max_Price_87_100_Min_price_34_600__2026-03-03_192658.jpg
2026-03-03 07:26:58.216 PM [TestNG-test-Test-1] INFO  [verifyingPriceSilderFunctionality] [verifyingPriceSilderFunctionality] Screenshot saved at: test-output/screenshots/Run_2026-03-03_18-31-14/verifyingPriceSilderFunctionality/Filter_Applied_is_Max_Price_87_100_Min_price_34_600__2026-03-03_192658.jpg
2026-03-03 07:26:58.216 PM [TestNG-test-Test-1] INFO  [verifyingPriceSilderFunctionality] [verifyingPriceSilderFunctionality] Adding the data 'min','max','isValid' ,'mismatches' to 'result' Map->161
2026-03-03 07:26:58.216 PM [TestNG-test-Test-1] INFO  [verifyingPriceSilderFunctionality] [verifyingPriceSilderFunctionality] Adding the 'results'  Map to the master 'allResults' i.e is List of maps->161
2026-03-03 07:26:58.216 PM [TestNG-test-Test-1] INFO  [verifyingPriceSilderFunctionality] [verifyingPriceSilderFunctionality] Returning the data here in the end
2026-03-03 07:26:58.216 PM [TestNG-test-Test-1] INFO  [verifyingPriceSilderFunctionality] [verifyingPriceSilderFunctionality]  Price range validated successfully: 61 - 81
2026-03-03 07:26:58.218 PM [TestNG-test-Test-1] INFO  [verifyingPriceSilderFunctionality] [verifyingPriceSilderFunctionality] ------------------------------------------------------------
2026-03-03 07:26:58.218 PM [TestNG-test-Test-1] INFO  [verifyingPriceSilderFunctionality] [verifyingPriceSilderFunctionality]  Price range validated successfully: 91 - 121
2026-03-03 07:26:58.219 PM [TestNG-test-Test-1] INFO  [verifyingPriceSilderFunctionality] [verifyingPriceSilderFunctionality] ------------------------------------------------------------
2026-03-03 07:26:58.219 PM [TestNG-test-Test-1] INFO  [verifyingPriceSilderFunctionality] [verifyingPriceSilderFunctionality]  Price range validated successfully: 131 - 161
2026-03-03 07:26:58.219 PM [TestNG-test-Test-1] INFO  [verifyingPriceSilderFunctionality] [verifyingPriceSilderFunctionality] ------------------------------------------------------------
2026-03-03 07:26:58.219 PM [TestNG-test-Test-1] INFO  [verifyingPriceSilderFunctionality] [verifyingPriceSilderFunctionality]  Asserting all soft assertions now...
2026-03-03 07:26:58.221 PM [TestNG-test-Test-1] INFO  [verifyingPriceSilderFunctionality] ✅ Finished test method: verifyingPriceSilderFunctionality
2026-03-03 07:26:58.534 PM [TestNG-test-Test-1] INFO  [verifyingPriceSilderFunctionality] 🔹 Starting test method: verifyingPriceSilderFunctionality
2026-03-03 07:26:58.534 PM [TestNG-test-Test-1] INFO  [verifyingPriceSilderFunctionality] No existing WebDriver found for current thread. Initializing a new ChromeDriver...
2026-03-03 07:26:58.600 PM [TestNG-test-Test-1] INFO  [verifyingPriceSilderFunctionality] WebDriverManager: chromedriver setup OK
2026-03-03 07:26:59.932 PM [TestNG-test-Test-1] INFO  [verifyingPriceSilderFunctionality] ChromeDriver initialized successfully for thread: 34
2026-03-03 07:27:00.541 PM [TestNG-test-Test-1] INFO  [verifyingPriceSilderFunctionality] [verifyingPriceSilderFunctionality] Opening amazon Landing page
2026-03-03 07:27:00.541 PM [TestNG-test-Test-1] INFO  [verifyingPriceSilderFunctionality] [verifyingPriceSilderFunctionality] Within safeFindElement method
2026-03-03 07:27:04.166 PM [TestNG-test-Test-1] INFO  [verifyingPriceSilderFunctionality] [verifyingPriceSilderFunctionality]Found the element returning it ,element ->[[ChromeDriver: chrome on windows (f1300ad2eb9aa48604f28cc27d551bd5)] -> xpath: //a[@id='nav-logo-sprites']]
2026-03-03 07:27:06.165 PM [TestNG-test-Test-1] INFO  [verifyingPriceSilderFunctionality] [verifyingPriceSilderFunctionality] Giving input within the search bar
2026-03-03 07:27:06.165 PM [TestNG-test-Test-1] INFO  [verifyingPriceSilderFunctionality] [verifyingPriceSilderFunctionality] Within safeClick method
2026-03-03 07:27:08.109 PM [TestNG-test-Test-1] INFO  [verifyingPriceSilderFunctionality] [verifyingPriceSilderFunctionality] Clicked the  [[ChromeDriver: chrome on windows (f1300ad2eb9aa48604f28cc27d551bd5)] -> xpath: //input[@id='nav-search-submit-button']]   using safeClick
2026-03-03 07:27:08.109 PM [TestNG-test-Test-1] INFO  [verifyingPriceSilderFunctionality] [verifyingPriceSilderFunctionality] Clicking on the submit in the search bar
2026-03-03 07:27:08.295 PM [TestNG-test-Test-1] INFO  [verifyingPriceSilderFunctionality] [verifyingPriceSilderFunctionality] Within filterCheckUnderList method
2026-03-03 07:27:08.355 PM [TestNG-test-Test-1] INFO  [verifyingPriceSilderFunctionality] [verifyingPriceSilderFunctionality] Found the Filter within the filter check List
2026-03-03 07:27:08.355 PM [TestNG-test-Test-1] INFO  [verifyingPriceSilderFunctionality] [verifyingPriceSilderFunctionality] Within applyPriceSliderAndValidateWithResult method
2026-03-03 07:27:08.355 PM [TestNG-test-Test-1] INFO  [verifyingPriceSilderFunctionality] [verifyingPriceSilderFunctionality] Within smoothScrollToElement method
2026-03-03 07:27:08.355 PM [TestNG-test-Test-1] INFO  [verifyingPriceSilderFunctionality] [verifyingPriceSilderFunctionality] Within safeFindElement method
2026-03-03 07:27:08.407 PM [TestNG-test-Test-1] INFO  [verifyingPriceSilderFunctionality] [verifyingPriceSilderFunctionality]Found the element returning it ,element ->[[ChromeDriver: chrome on windows (f1300ad2eb9aa48604f28cc27d551bd5)] -> id: p_36/range-slider_slider-item_lower-bound-slider]
2026-03-03 07:27:08.414 PM [TestNG-test-Test-1] INFO  [verifyingPriceSilderFunctionality] [verifyingPriceSilderFunctionality] Successfully scrolled to element: By.id: p_36/range-slider_slider-item_lower-bound-slider
2026-03-03 07:27:08.414 PM [TestNG-test-Test-1] INFO  [verifyingPriceSilderFunctionality] [verifyingPriceSilderFunctionality] Within safeFindElement method
2026-03-03 07:27:08.487 PM [TestNG-test-Test-1] INFO  [verifyingPriceSilderFunctionality] [verifyingPriceSilderFunctionality]Found the element returning it ,element ->[[ChromeDriver: chrome on windows (f1300ad2eb9aa48604f28cc27d551bd5)] -> id: p_36/range-slider_slider-item_lower-bound-slider]
2026-03-03 07:27:08.487 PM [TestNG-test-Test-1] INFO  [verifyingPriceSilderFunctionality] [verifyingPriceSilderFunctionality] Within safeFindElement method
2026-03-03 07:27:08.523 PM [TestNG-test-Test-1] INFO  [verifyingPriceSilderFunctionality] [verifyingPriceSilderFunctionality]Found the element returning it ,element ->[[ChromeDriver: chrome on windows (f1300ad2eb9aa48604f28cc27d551bd5)] -> id: p_36/range-slider_slider-item_upper-bound-slider]
2026-03-03 07:27:08.545 PM [TestNG-test-Test-1] INFO  [verifyingPriceSilderFunctionality] [verifyingPriceSilderFunctionality] in the setSliderValue method with value 61
2026-03-03 07:27:08.556 PM [TestNG-test-Test-1] INFO  [verifyingPriceSilderFunctionality] [verifyingPriceSilderFunctionality] in the setSliderValue method with value 81
2026-03-03 07:27:08.556 PM [TestNG-test-Test-1] INFO  [verifyingPriceSilderFunctionality] [verifyingPriceSilderFunctionality] Within safeFindElement method
2026-03-03 07:27:08.610 PM [TestNG-test-Test-1] INFO  [verifyingPriceSilderFunctionality] [verifyingPriceSilderFunctionality]Found the element returning it ,element ->[[ChromeDriver: chrome on windows (f1300ad2eb9aa48604f28cc27d551bd5)] -> xpath: //label[@for='p_36/range-slider_slider-item_upper-bound-slider']]
2026-03-03 07:27:08.644 PM [TestNG-test-Test-1] INFO  [verifyingPriceSilderFunctionality] [verifyingPriceSilderFunctionality] Within safeFindElement method
2026-03-03 07:27:08.712 PM [TestNG-test-Test-1] INFO  [verifyingPriceSilderFunctionality] [verifyingPriceSilderFunctionality]Found the element returning it ,element ->[[ChromeDriver: chrome on windows (f1300ad2eb9aa48604f28cc27d551bd5)] -> xpath: //label[@for='p_36/range-slider_slider-item_lower-bound-slider']]
2026-03-03 07:27:09.240 PM [TestNG-test-Test-1] INFO  [verifyingPriceSilderFunctionality] [verifyingPriceSilderFunctionality] Within smoothScrollToElement method
2026-03-03 07:27:09.241 PM [TestNG-test-Test-1] INFO  [verifyingPriceSilderFunctionality] [verifyingPriceSilderFunctionality] Within safeFindElement method
2026-03-03 07:27:10.288 PM [TestNG-test-Test-1] INFO  [verifyingPriceSilderFunctionality] [verifyingPriceSilderFunctionality]Found the element returning it ,element ->[[ChromeDriver: chrome on windows (f1300ad2eb9aa48604f28cc27d551bd5)] -> id: p_36/range-slider_slider-item_lower-bound-slider]
2026-03-03 07:27:10.295 PM [TestNG-test-Test-1] INFO  [verifyingPriceSilderFunctionality] [verifyingPriceSilderFunctionality] Successfully scrolled to element: By.id: p_36/range-slider_slider-item_lower-bound-slider
2026-03-03 07:27:10.296 PM [TestNG-test-Test-1] INFO  [verifyingPriceSilderFunctionality] [verifyingPriceSilderFunctionality] Capturing screenshot: Filter_Applied_is_Max_Price_52_100_Min_price_26_200__2026-03-03_192710.jpg
2026-03-03 07:27:10.495 PM [TestNG-test-Test-1] INFO  [verifyingPriceSilderFunctionality] [verifyingPriceSilderFunctionality] Screenshot saved at: test-output/screenshots/Run_2026-03-03_18-31-14/verifyingPriceSilderFunctionality/Filter_Applied_is_Max_Price_52_100_Min_price_26_200__2026-03-03_192710.jpg
2026-03-03 07:27:10.495 PM [TestNG-test-Test-1] INFO  [verifyingPriceSilderFunctionality] [verifyingPriceSilderFunctionality] Adding the data 'min','max','isValid' ,'mismatches' to 'result' Map->81
2026-03-03 07:27:10.495 PM [TestNG-test-Test-1] INFO  [verifyingPriceSilderFunctionality] [verifyingPriceSilderFunctionality] Adding the 'results'  Map to the master 'allResults' i.e is List of maps->81
2026-03-03 07:27:10.515 PM [TestNG-test-Test-1] INFO  [verifyingPriceSilderFunctionality] [verifyingPriceSilderFunctionality] in the setSliderValue method with value 91
2026-03-03 07:27:10.523 PM [TestNG-test-Test-1] INFO  [verifyingPriceSilderFunctionality] [verifyingPriceSilderFunctionality] in the setSliderValue method with value 121
2026-03-03 07:27:10.523 PM [TestNG-test-Test-1] INFO  [verifyingPriceSilderFunctionality] [verifyingPriceSilderFunctionality] Within safeFindElement method
2026-03-03 07:27:10.573 PM [TestNG-test-Test-1] INFO  [verifyingPriceSilderFunctionality] [verifyingPriceSilderFunctionality]Found the element returning it ,element ->[[ChromeDriver: chrome on windows (f1300ad2eb9aa48604f28cc27d551bd5)] -> xpath: //label[@for='p_36/range-slider_slider-item_upper-bound-slider']]
2026-03-03 07:27:10.580 PM [TestNG-test-Test-1] INFO  [verifyingPriceSilderFunctionality] [verifyingPriceSilderFunctionality] Within safeFindElement method
2026-03-03 07:27:10.618 PM [TestNG-test-Test-1] INFO  [verifyingPriceSilderFunctionality] [verifyingPriceSilderFunctionality]Found the element returning it ,element ->[[ChromeDriver: chrome on windows (f1300ad2eb9aa48604f28cc27d551bd5)] -> xpath: //label[@for='p_36/range-slider_slider-item_lower-bound-slider']]
2026-03-03 07:27:11.145 PM [TestNG-test-Test-1] INFO  [verifyingPriceSilderFunctionality] [verifyingPriceSilderFunctionality] Within smoothScrollToElement method
2026-03-03 07:27:11.146 PM [TestNG-test-Test-1] INFO  [verifyingPriceSilderFunctionality] [verifyingPriceSilderFunctionality] Within safeFindElement method
2026-03-03 07:27:12.197 PM [TestNG-test-Test-1] INFO  [verifyingPriceSilderFunctionality] [verifyingPriceSilderFunctionality]Found the element returning it ,element ->[[ChromeDriver: chrome on windows (f1300ad2eb9aa48604f28cc27d551bd5)] -> id: p_36/range-slider_slider-item_lower-bound-slider]
2026-03-03 07:27:12.201 PM [TestNG-test-Test-1] INFO  [verifyingPriceSilderFunctionality] [verifyingPriceSilderFunctionality] Successfully scrolled to element: By.id: p_36/range-slider_slider-item_lower-bound-slider
2026-03-03 07:27:12.202 PM [TestNG-test-Test-1] INFO  [verifyingPriceSilderFunctionality] [verifyingPriceSilderFunctionality] Capturing screenshot: Filter_Applied_is_Max_Price_139_900_Min_price_37_800__2026-03-03_192712.jpg
2026-03-03 07:27:12.336 PM [TestNG-test-Test-1] INFO  [verifyingPriceSilderFunctionality] [verifyingPriceSilderFunctionality] Screenshot saved at: test-output/screenshots/Run_2026-03-03_18-31-14/verifyingPriceSilderFunctionality/Filter_Applied_is_Max_Price_139_900_Min_price_37_800__2026-03-03_192712.jpg
2026-03-03 07:27:12.336 PM [TestNG-test-Test-1] INFO  [verifyingPriceSilderFunctionality] [verifyingPriceSilderFunctionality] Adding the data 'min','max','isValid' ,'mismatches' to 'result' Map->121
2026-03-03 07:27:12.336 PM [TestNG-test-Test-1] INFO  [verifyingPriceSilderFunctionality] [verifyingPriceSilderFunctionality] Adding the 'results'  Map to the master 'allResults' i.e is List of maps->121
2026-03-03 07:27:12.361 PM [TestNG-test-Test-1] INFO  [verifyingPriceSilderFunctionality] [verifyingPriceSilderFunctionality] in the setSliderValue method with value 131
2026-03-03 07:27:12.369 PM [TestNG-test-Test-1] INFO  [verifyingPriceSilderFunctionality] [verifyingPriceSilderFunctionality] in the setSliderValue method with value 161
2026-03-03 07:27:12.369 PM [TestNG-test-Test-1] INFO  [verifyingPriceSilderFunctionality] [verifyingPriceSilderFunctionality] Within safeFindElement method
2026-03-03 07:27:12.424 PM [TestNG-test-Test-1] INFO  [verifyingPriceSilderFunctionality] [verifyingPriceSilderFunctionality]Found the element returning it ,element ->[[ChromeDriver: chrome on windows (f1300ad2eb9aa48604f28cc27d551bd5)] -> xpath: //label[@for='p_36/range-slider_slider-item_upper-bound-slider']]
2026-03-03 07:27:12.432 PM [TestNG-test-Test-1] INFO  [verifyingPriceSilderFunctionality] [verifyingPriceSilderFunctionality] Within safeFindElement method
2026-03-03 07:27:12.470 PM [TestNG-test-Test-1] INFO  [verifyingPriceSilderFunctionality] [verifyingPriceSilderFunctionality]Found the element returning it ,element ->[[ChromeDriver: chrome on windows (f1300ad2eb9aa48604f28cc27d551bd5)] -> xpath: //label[@for='p_36/range-slider_slider-item_lower-bound-slider']]
2026-03-03 07:27:12.999 PM [TestNG-test-Test-1] INFO  [verifyingPriceSilderFunctionality] [verifyingPriceSilderFunctionality] Within smoothScrollToElement method
2026-03-03 07:27:12.999 PM [TestNG-test-Test-1] INFO  [verifyingPriceSilderFunctionality] [verifyingPriceSilderFunctionality] Within safeFindElement method
2026-03-03 07:27:14.052 PM [TestNG-test-Test-1] INFO  [verifyingPriceSilderFunctionality] [verifyingPriceSilderFunctionality]Found the element returning it ,element ->[[ChromeDriver: chrome on windows (f1300ad2eb9aa48604f28cc27d551bd5)] -> id: p_36/range-slider_slider-item_lower-bound-slider]
2026-03-03 07:27:14.060 PM [TestNG-test-Test-1] INFO  [verifyingPriceSilderFunctionality] [verifyingPriceSilderFunctionality] Successfully scrolled to element: By.id: p_36/range-slider_slider-item_lower-bound-slider
2026-03-03 07:27:14.061 PM [TestNG-test-Test-1] INFO  [verifyingPriceSilderFunctionality] [verifyingPriceSilderFunctionality] Capturing screenshot: Filter_Applied_is_Max_Price_283_600_Min_price_113_000__2026-03-03_192714.jpg
2026-03-03 07:27:14.211 PM [TestNG-test-Test-1] INFO  [verifyingPriceSilderFunctionality] [verifyingPriceSilderFunctionality] Screenshot saved at: test-output/screenshots/Run_2026-03-03_18-31-14/verifyingPriceSilderFunctionality/Filter_Applied_is_Max_Price_283_600_Min_price_113_000__2026-03-03_192714.jpg
2026-03-03 07:27:14.212 PM [TestNG-test-Test-1] INFO  [verifyingPriceSilderFunctionality] [verifyingPriceSilderFunctionality] Adding the data 'min','max','isValid' ,'mismatches' to 'result' Map->161
2026-03-03 07:27:14.212 PM [TestNG-test-Test-1] INFO  [verifyingPriceSilderFunctionality] [verifyingPriceSilderFunctionality] Adding the 'results'  Map to the master 'allResults' i.e is List of maps->161
2026-03-03 07:27:14.212 PM [TestNG-test-Test-1] INFO  [verifyingPriceSilderFunctionality] [verifyingPriceSilderFunctionality] Returning the data here in the end
2026-03-03 07:27:14.212 PM [TestNG-test-Test-1] INFO  [verifyingPriceSilderFunctionality] [verifyingPriceSilderFunctionality]  Price range validated successfully: 61 - 81
2026-03-03 07:27:14.212 PM [TestNG-test-Test-1] INFO  [verifyingPriceSilderFunctionality] [verifyingPriceSilderFunctionality] ------------------------------------------------------------
2026-03-03 07:27:14.212 PM [TestNG-test-Test-1] INFO  [verifyingPriceSilderFunctionality] [verifyingPriceSilderFunctionality]  Price range validated successfully: 91 - 121
2026-03-03 07:27:14.212 PM [TestNG-test-Test-1] INFO  [verifyingPriceSilderFunctionality] [verifyingPriceSilderFunctionality] ------------------------------------------------------------
2026-03-03 07:27:14.212 PM [TestNG-test-Test-1] INFO  [verifyingPriceSilderFunctionality] [verifyingPriceSilderFunctionality]  Price range validated successfully: 131 - 161
2026-03-03 07:27:14.212 PM [TestNG-test-Test-1] INFO  [verifyingPriceSilderFunctionality] [verifyingPriceSilderFunctionality] ------------------------------------------------------------
2026-03-03 07:27:14.212 PM [TestNG-test-Test-1] INFO  [verifyingPriceSilderFunctionality] [verifyingPriceSilderFunctionality]  Asserting all soft assertions now...
2026-03-03 07:27:14.216 PM [TestNG-test-Test-1] INFO  [verifyingPriceSilderFunctionality] ✅ Finished test method: verifyingPriceSilderFunctionality
2026-03-03 07:27:14.490 PM [TestNG-test-Test-1] INFO  [verifyingPriceSilderFunctionality] 🔹 Starting test method: verifyingPriceSilderFunctionality
2026-03-03 07:27:14.490 PM [TestNG-test-Test-1] INFO  [verifyingPriceSilderFunctionality] No existing WebDriver found for current thread. Initializing a new ChromeDriver...
2026-03-03 07:27:14.504 PM [TestNG-test-Test-1] INFO  [verifyingPriceSilderFunctionality] WebDriverManager: chromedriver setup OK
2026-03-03 07:27:15.714 PM [TestNG-test-Test-1] INFO  [verifyingPriceSilderFunctionality] ChromeDriver initialized successfully for thread: 34
2026-03-03 07:27:16.136 PM [TestNG-test-Test-1] INFO  [verifyingPriceSilderFunctionality] [verifyingPriceSilderFunctionality] Opening amazon Landing page
2026-03-03 07:27:16.136 PM [TestNG-test-Test-1] INFO  [verifyingPriceSilderFunctionality] [verifyingPriceSilderFunctionality] Within safeFindElement method
2026-03-03 07:27:21.777 PM [TestNG-test-Test-1] INFO  [verifyingPriceSilderFunctionality] [verifyingPriceSilderFunctionality]Found the element returning it ,element ->[[ChromeDriver: chrome on windows (7d57169af629974f3bf4fb53df328524)] -> xpath: //a[@id='nav-logo-sprites']]
2026-03-03 07:27:22.555 PM [TestNG-test-Test-1] INFO  [verifyingPriceSilderFunctionality] [verifyingPriceSilderFunctionality] Giving input within the search bar
2026-03-03 07:27:22.555 PM [TestNG-test-Test-1] INFO  [verifyingPriceSilderFunctionality] [verifyingPriceSilderFunctionality] Within safeClick method
2026-03-03 07:27:24.386 PM [TestNG-test-Test-1] INFO  [verifyingPriceSilderFunctionality] [verifyingPriceSilderFunctionality] Clicked the  [[ChromeDriver: chrome on windows (7d57169af629974f3bf4fb53df328524)] -> xpath: //input[@id='nav-search-submit-button']]   using safeClick
2026-03-03 07:27:24.386 PM [TestNG-test-Test-1] INFO  [verifyingPriceSilderFunctionality] [verifyingPriceSilderFunctionality] Clicking on the submit in the search bar
2026-03-03 07:27:24.558 PM [TestNG-test-Test-1] INFO  [verifyingPriceSilderFunctionality] [verifyingPriceSilderFunctionality] Within filterCheckUnderList method
2026-03-03 07:27:24.668 PM [TestNG-test-Test-1] INFO  [verifyingPriceSilderFunctionality] [verifyingPriceSilderFunctionality] Found the Filter within the filter check List
2026-03-03 07:27:24.668 PM [TestNG-test-Test-1] INFO  [verifyingPriceSilderFunctionality] [verifyingPriceSilderFunctionality] Within applyPriceSliderAndValidateWithResult method
2026-03-03 07:27:24.669 PM [TestNG-test-Test-1] INFO  [verifyingPriceSilderFunctionality] [verifyingPriceSilderFunctionality] Within smoothScrollToElement method
2026-03-03 07:27:24.669 PM [TestNG-test-Test-1] INFO  [verifyingPriceSilderFunctionality] [verifyingPriceSilderFunctionality] Within safeFindElement method
2026-03-03 07:27:24.725 PM [TestNG-test-Test-1] INFO  [verifyingPriceSilderFunctionality] [verifyingPriceSilderFunctionality]Found the element returning it ,element ->[[ChromeDriver: chrome on windows (7d57169af629974f3bf4fb53df328524)] -> id: p_36/range-slider_slider-item_lower-bound-slider]
2026-03-03 07:27:24.731 PM [TestNG-test-Test-1] INFO  [verifyingPriceSilderFunctionality] [verifyingPriceSilderFunctionality] Successfully scrolled to element: By.id: p_36/range-slider_slider-item_lower-bound-slider
2026-03-03 07:27:24.731 PM [TestNG-test-Test-1] INFO  [verifyingPriceSilderFunctionality] [verifyingPriceSilderFunctionality] Within safeFindElement method
2026-03-03 07:27:24.798 PM [TestNG-test-Test-1] INFO  [verifyingPriceSilderFunctionality] [verifyingPriceSilderFunctionality]Found the element returning it ,element ->[[ChromeDriver: chrome on windows (7d57169af629974f3bf4fb53df328524)] -> id: p_36/range-slider_slider-item_lower-bound-slider]
2026-03-03 07:27:24.798 PM [TestNG-test-Test-1] INFO  [verifyingPriceSilderFunctionality] [verifyingPriceSilderFunctionality] Within safeFindElement method
2026-03-03 07:27:24.841 PM [TestNG-test-Test-1] INFO  [verifyingPriceSilderFunctionality] [verifyingPriceSilderFunctionality]Found the element returning it ,element ->[[ChromeDriver: chrome on windows (7d57169af629974f3bf4fb53df328524)] -> id: p_36/range-slider_slider-item_upper-bound-slider]
2026-03-03 07:27:24.871 PM [TestNG-test-Test-1] INFO  [verifyingPriceSilderFunctionality] [verifyingPriceSilderFunctionality] in the setSliderValue method with value 61
2026-03-03 07:27:24.881 PM [TestNG-test-Test-1] INFO  [verifyingPriceSilderFunctionality] [verifyingPriceSilderFunctionality] in the setSliderValue method with value 81
2026-03-03 07:27:24.882 PM [TestNG-test-Test-1] INFO  [verifyingPriceSilderFunctionality] [verifyingPriceSilderFunctionality] Within safeFindElement method
2026-03-03 07:27:24.927 PM [TestNG-test-Test-1] INFO  [verifyingPriceSilderFunctionality] [verifyingPriceSilderFunctionality]Found the element returning it ,element ->[[ChromeDriver: chrome on windows (7d57169af629974f3bf4fb53df328524)] -> xpath: //label[@for='p_36/range-slider_slider-item_upper-bound-slider']]
2026-03-03 07:27:24.934 PM [TestNG-test-Test-1] INFO  [verifyingPriceSilderFunctionality] [verifyingPriceSilderFunctionality] Within safeFindElement method
2026-03-03 07:27:24.979 PM [TestNG-test-Test-1] INFO  [verifyingPriceSilderFunctionality] [verifyingPriceSilderFunctionality]Found the element returning it ,element ->[[ChromeDriver: chrome on windows (7d57169af629974f3bf4fb53df328524)] -> xpath: //label[@for='p_36/range-slider_slider-item_lower-bound-slider']]
2026-03-03 07:27:25.508 PM [TestNG-test-Test-1] INFO  [verifyingPriceSilderFunctionality] [verifyingPriceSilderFunctionality] Within smoothScrollToElement method
2026-03-03 07:27:25.508 PM [TestNG-test-Test-1] INFO  [verifyingPriceSilderFunctionality] [verifyingPriceSilderFunctionality] Within safeFindElement method
2026-03-03 07:27:26.598 PM [TestNG-test-Test-1] INFO  [verifyingPriceSilderFunctionality] [verifyingPriceSilderFunctionality]Found the element returning it ,element ->[[ChromeDriver: chrome on windows (7d57169af629974f3bf4fb53df328524)] -> id: p_36/range-slider_slider-item_lower-bound-slider]
2026-03-03 07:27:26.603 PM [TestNG-test-Test-1] INFO  [verifyingPriceSilderFunctionality] [verifyingPriceSilderFunctionality] Successfully scrolled to element: By.id: p_36/range-slider_slider-item_lower-bound-slider
2026-03-03 07:27:26.604 PM [TestNG-test-Test-1] INFO  [verifyingPriceSilderFunctionality] [verifyingPriceSilderFunctionality] Capturing screenshot: Filter_Applied_is_Max_Price_22_700_Min_price_11_300__2026-03-03_192726.jpg
2026-03-03 07:27:26.848 PM [TestNG-test-Test-1] INFO  [verifyingPriceSilderFunctionality] [verifyingPriceSilderFunctionality] Screenshot saved at: test-output/screenshots/Run_2026-03-03_18-31-14/verifyingPriceSilderFunctionality/Filter_Applied_is_Max_Price_22_700_Min_price_11_300__2026-03-03_192726.jpg
2026-03-03 07:27:26.848 PM [TestNG-test-Test-1] INFO  [verifyingPriceSilderFunctionality] [verifyingPriceSilderFunctionality] Adding the data 'min','max','isValid' ,'mismatches' to 'result' Map->81
2026-03-03 07:27:26.848 PM [TestNG-test-Test-1] INFO  [verifyingPriceSilderFunctionality] [verifyingPriceSilderFunctionality] Adding the 'results'  Map to the master 'allResults' i.e is List of maps->81
2026-03-03 07:27:26.868 PM [TestNG-test-Test-1] INFO  [verifyingPriceSilderFunctionality] [verifyingPriceSilderFunctionality] in the setSliderValue method with value 91
2026-03-03 07:27:26.876 PM [TestNG-test-Test-1] INFO  [verifyingPriceSilderFunctionality] [verifyingPriceSilderFunctionality] in the setSliderValue method with value 121
2026-03-03 07:27:26.876 PM [TestNG-test-Test-1] INFO  [verifyingPriceSilderFunctionality] [verifyingPriceSilderFunctionality] Within safeFindElement method
2026-03-03 07:27:26.915 PM [TestNG-test-Test-1] INFO  [verifyingPriceSilderFunctionality] [verifyingPriceSilderFunctionality]Found the element returning it ,element ->[[ChromeDriver: chrome on windows (7d57169af629974f3bf4fb53df328524)] -> xpath: //label[@for='p_36/range-slider_slider-item_upper-bound-slider']]
2026-03-03 07:27:26.928 PM [TestNG-test-Test-1] INFO  [verifyingPriceSilderFunctionality] [verifyingPriceSilderFunctionality] Within safeFindElement method
2026-03-03 07:27:26.967 PM [TestNG-test-Test-1] INFO  [verifyingPriceSilderFunctionality] [verifyingPriceSilderFunctionality]Found the element returning it ,element ->[[ChromeDriver: chrome on windows (7d57169af629974f3bf4fb53df328524)] -> xpath: //label[@for='p_36/range-slider_slider-item_lower-bound-slider']]
2026-03-03 07:27:27.494 PM [TestNG-test-Test-1] INFO  [verifyingPriceSilderFunctionality] [verifyingPriceSilderFunctionality] Within smoothScrollToElement method
2026-03-03 07:27:27.494 PM [TestNG-test-Test-1] INFO  [verifyingPriceSilderFunctionality] [verifyingPriceSilderFunctionality] Within safeFindElement method
2026-03-03 07:27:28.751 PM [TestNG-test-Test-1] INFO  [verifyingPriceSilderFunctionality] [verifyingPriceSilderFunctionality]Found the element returning it ,element ->[[ChromeDriver: chrome on windows (7d57169af629974f3bf4fb53df328524)] -> id: p_36/range-slider_slider-item_lower-bound-slider]
2026-03-03 07:27:28.769 PM [TestNG-test-Test-1] INFO  [verifyingPriceSilderFunctionality] [verifyingPriceSilderFunctionality] Successfully scrolled to element: By.id: p_36/range-slider_slider-item_lower-bound-slider
2026-03-03 07:27:28.769 PM [TestNG-test-Test-1] INFO  [verifyingPriceSilderFunctionality] [verifyingPriceSilderFunctionality] Capturing screenshot: Filter_Applied_is_Max_Price_61_100_Min_price_16_400__2026-03-03_192728.jpg
2026-03-03 07:27:28.893 PM [TestNG-test-Test-1] INFO  [verifyingPriceSilderFunctionality] [verifyingPriceSilderFunctionality] Screenshot saved at: test-output/screenshots/Run_2026-03-03_18-31-14/verifyingPriceSilderFunctionality/Filter_Applied_is_Max_Price_61_100_Min_price_16_400__2026-03-03_192728.jpg
2026-03-03 07:27:28.893 PM [TestNG-test-Test-1] INFO  [verifyingPriceSilderFunctionality] [verifyingPriceSilderFunctionality] Adding the data 'min','max','isValid' ,'mismatches' to 'result' Map->121
2026-03-03 07:27:28.893 PM [TestNG-test-Test-1] INFO  [verifyingPriceSilderFunctionality] [verifyingPriceSilderFunctionality] Adding the 'results'  Map to the master 'allResults' i.e is List of maps->121
2026-03-03 07:27:28.913 PM [TestNG-test-Test-1] INFO  [verifyingPriceSilderFunctionality] [verifyingPriceSilderFunctionality] in the setSliderValue method with value 131
2026-03-03 07:27:28.920 PM [TestNG-test-Test-1] INFO  [verifyingPriceSilderFunctionality] [verifyingPriceSilderFunctionality] in the setSliderValue method with value 161
2026-03-03 07:27:28.920 PM [TestNG-test-Test-1] INFO  [verifyingPriceSilderFunctionality] [verifyingPriceSilderFunctionality] Within safeFindElement method
2026-03-03 07:27:28.963 PM [TestNG-test-Test-1] INFO  [verifyingPriceSilderFunctionality] [verifyingPriceSilderFunctionality]Found the element returning it ,element ->[[ChromeDriver: chrome on windows (7d57169af629974f3bf4fb53df328524)] -> xpath: //label[@for='p_36/range-slider_slider-item_upper-bound-slider']]
2026-03-03 07:27:28.976 PM [TestNG-test-Test-1] INFO  [verifyingPriceSilderFunctionality] [verifyingPriceSilderFunctionality] Within safeFindElement method
2026-03-03 07:27:29.013 PM [TestNG-test-Test-1] INFO  [verifyingPriceSilderFunctionality] [verifyingPriceSilderFunctionality]Found the element returning it ,element ->[[ChromeDriver: chrome on windows (7d57169af629974f3bf4fb53df328524)] -> xpath: //label[@for='p_36/range-slider_slider-item_lower-bound-slider']]
2026-03-03 07:27:29.540 PM [TestNG-test-Test-1] INFO  [verifyingPriceSilderFunctionality] [verifyingPriceSilderFunctionality] Within smoothScrollToElement method
2026-03-03 07:27:29.540 PM [TestNG-test-Test-1] INFO  [verifyingPriceSilderFunctionality] [verifyingPriceSilderFunctionality] Within safeFindElement method
2026-03-03 07:27:30.601 PM [TestNG-test-Test-1] INFO  [verifyingPriceSilderFunctionality] [verifyingPriceSilderFunctionality]Found the element returning it ,element ->[[ChromeDriver: chrome on windows (7d57169af629974f3bf4fb53df328524)] -> id: p_36/range-slider_slider-item_lower-bound-slider]
2026-03-03 07:27:30.606 PM [TestNG-test-Test-1] INFO  [verifyingPriceSilderFunctionality] [verifyingPriceSilderFunctionality] Successfully scrolled to element: By.id: p_36/range-slider_slider-item_lower-bound-slider
2026-03-03 07:27:30.606 PM [TestNG-test-Test-1] INFO  [verifyingPriceSilderFunctionality] [verifyingPriceSilderFunctionality] Capturing screenshot: Filter_Applied_is_Max_Price_124_000_Min_price_49_300__2026-03-03_192730.jpg
2026-03-03 07:27:30.749 PM [TestNG-test-Test-1] INFO  [verifyingPriceSilderFunctionality] [verifyingPriceSilderFunctionality] Screenshot saved at: test-output/screenshots/Run_2026-03-03_18-31-14/verifyingPriceSilderFunctionality/Filter_Applied_is_Max_Price_124_000_Min_price_49_300__2026-03-03_192730.jpg
2026-03-03 07:27:30.749 PM [TestNG-test-Test-1] INFO  [verifyingPriceSilderFunctionality] [verifyingPriceSilderFunctionality] Adding the data 'min','max','isValid' ,'mismatches' to 'result' Map->161
2026-03-03 07:27:30.749 PM [TestNG-test-Test-1] INFO  [verifyingPriceSilderFunctionality] [verifyingPriceSilderFunctionality] Adding the 'results'  Map to the master 'allResults' i.e is List of maps->161
2026-03-03 07:27:30.749 PM [TestNG-test-Test-1] INFO  [verifyingPriceSilderFunctionality] [verifyingPriceSilderFunctionality] Returning the data here in the end
2026-03-03 07:27:30.749 PM [TestNG-test-Test-1] INFO  [verifyingPriceSilderFunctionality] [verifyingPriceSilderFunctionality]  Price range validated successfully: 61 - 81
2026-03-03 07:27:30.749 PM [TestNG-test-Test-1] INFO  [verifyingPriceSilderFunctionality] [verifyingPriceSilderFunctionality] ------------------------------------------------------------
2026-03-03 07:27:30.749 PM [TestNG-test-Test-1] INFO  [verifyingPriceSilderFunctionality] [verifyingPriceSilderFunctionality]  Price range validated successfully: 91 - 121
2026-03-03 07:27:30.749 PM [TestNG-test-Test-1] INFO  [verifyingPriceSilderFunctionality] [verifyingPriceSilderFunctionality] ------------------------------------------------------------
2026-03-03 07:27:30.749 PM [TestNG-test-Test-1] INFO  [verifyingPriceSilderFunctionality] [verifyingPriceSilderFunctionality]  Price range validated successfully: 131 - 161
2026-03-03 07:27:30.749 PM [TestNG-test-Test-1] INFO  [verifyingPriceSilderFunctionality] [verifyingPriceSilderFunctionality] ------------------------------------------------------------
2026-03-03 07:27:30.749 PM [TestNG-test-Test-1] INFO  [verifyingPriceSilderFunctionality] [verifyingPriceSilderFunctionality]  Asserting all soft assertions now...
2026-03-03 07:27:30.753 PM [TestNG-test-Test-1] INFO  [verifyingPriceSilderFunctionality] ✅ Finished test method: verifyingPriceSilderFunctionality
