10:24:52 [TestNG-test-Test-3] INFO  verifyingFreeDeliveryFilterFunctionality_Mobile_10-24-52 - No existing WebDriver found for current thread. Initializing a new ChromeDriver...
10:24:52 [TestNG-test-Test-3] INFO  verifyingFreeDeliveryFilterFunctionality_Mobile_10-24-52 - WebDriverManager: chromedriver setup OK
10:24:54 [TestNG-test-Test-3] INFO  verifyingFreeDeliveryFilterFunctionality_Mobile_10-24-52 - ChromeDriver initialized successfully for thread: 36
10:24:55 [TestNG-test-Test-3] INFO  verifyingFreeDeliveryFilterFunctionality_Mobile_10-24-52 - [verifyingFreeDeliveryFilterFunctionality_Mobile_10-24-52] Opening amazon Landing page
10:24:55 [TestNG-test-Test-3] INFO  verifyingFreeDeliveryFilterFunctionality_Mobile_10-24-52 - [verifyingFreeDeliveryFilterFunctionality_Mobile_10-24-52] Within safeFindElement method
10:25:00 [TestNG-test-Test-3] INFO  verifyingFreeDeliveryFilterFunctionality_Mobile_10-24-52 - [verifyingFreeDeliveryFilterFunctionality_Mobile_10-24-52]Retrying findElement for: ->By.xpath: //a[@id='nav-logo-sprites']
10:25:00 [TestNG-test-Test-3] INFO  verifyingFreeDeliveryFilterFunctionality_Mobile_10-24-52 - [verifyingFreeDeliveryFilterFunctionality_Mobile_10-24-52]Refrehsing the page , while trying to safely find : ->By.xpath: //a[@id='nav-logo-sprites']
10:25:05 [TestNG-test-Test-3] INFO  verifyingFreeDeliveryFilterFunctionality_Mobile_10-24-52 - [verifyingFreeDeliveryFilterFunctionality_Mobile_10-24-52]Retrying findElement for: ->By.xpath: //a[@id='nav-logo-sprites']
10:25:06 [TestNG-test-Test-3] INFO  verifyingFreeDeliveryFilterFunctionality_Mobile_10-24-52 - [verifyingFreeDeliveryFilterFunctionality_Mobile_10-24-52]Refrehsing the page , while trying to safely find : ->By.xpath: //a[@id='nav-logo-sprites']
10:25:06 [TestNG-test-Test-3] INFO  verifyingFreeDeliveryFilterFunctionality_Mobile_10-24-52 - [verifyingFreeDeliveryFilterFunctionality_Mobile_10-24-52] Skipping action: Element not found after 2   attemps
10:25:09 [TestNG-test-Test-3] INFO  verifyingFreeDeliveryFilterFunctionality_Mobile_10-24-52 - [verifyingFreeDeliveryFilterFunctionality_Mobile_10-24-52] Giving input within the search bar
10:25:09 [TestNG-test-Test-3] INFO  verifyingFreeDeliveryFilterFunctionality_Mobile_10-24-52 - [verifyingFreeDeliveryFilterFunctionality_Mobile_10-24-52] Within safeClick method
10:25:13 [TestNG-test-Test-3] INFO  verifyingFreeDeliveryFilterFunctionality_Mobile_10-24-52 - [verifyingFreeDeliveryFilterFunctionality_Mobile_10-24-52] Clicked the  [[ChromeDriver: chrome on windows (a94b5e1162c58bc50e42443c2220dcff)] -> xpath: //input[@id='nav-search-submit-button']]   using safeClick
10:25:13 [TestNG-test-Test-3] INFO  verifyingFreeDeliveryFilterFunctionality_Mobile_10-24-52 - [verifyingFreeDeliveryFilterFunctionality_Mobile_10-24-52] Clicking on the submit in the search bar
10:25:13 [TestNG-test-Test-3] INFO  verifyingFreeDeliveryFilterFunctionality_Mobile_10-24-52 - [verifyingFreeDeliveryFilterFunctionality_Mobile_10-24-52] Waiting until element is visible in viewport
10:25:13 [TestNG-test-Test-3] INFO  verifyingFreeDeliveryFilterFunctionality_Mobile_10-24-52 - [verifyingFreeDeliveryFilterFunctionality_Mobile_10-24-52] Within validateDeliveryFilterOptionsWithResult method
10:25:13 [TestNG-test-Test-3] INFO  verifyingFreeDeliveryFilterFunctionality_Mobile_10-24-52 - [verifyingFreeDeliveryFilterFunctionality_Mobile_10-24-52] Within safeClick method
10:25:24 [TestNG-test-Test-3] INFO  verifyingFreeDeliveryFilterFunctionality_Mobile_10-24-52 - [verifyingFreeDeliveryFilterFunctionality_Mobile_10-24-52] Clicked the  [[ChromeDriver: chrome on windows (a94b5e1162c58bc50e42443c2220dcff)] -> xpath: //span[@class='a-size-base a-color-base puis-bold-weight-text' and text()='Eligible for Free Delivery']/parent::div/following-sibling::ul//span[@class='a-size-base a-color-base' and text()='Free Shipping']]   using safeClick
10:25:24 [TestNG-test-Test-3] INFO  verifyingFreeDeliveryFilterFunctionality_Mobile_10-24-52 - [verifyingFreeDeliveryFilterFunctionality_Mobile_10-24-52] Within getMoreButtonByFilterTypeAndName method
10:25:24 [TestNG-test-Test-3] INFO  verifyingFreeDeliveryFilterFunctionality_Mobile_10-24-52 - [verifyingFreeDeliveryFilterFunctionality_Mobile_10-24-52] Clicked on By.xpath: //span[@class='a-size-base a-color-base puis-bold-weight-text' and text()='Eligible for Free Delivery']/parent::div/following-sibling::ul//span[@class='a-size-base a-color-base' and text()='Free Shipping']
10:25:24 [TestNG-test-Test-3] INFO  verifyingFreeDeliveryFilterFunctionality_Mobile_10-24-52 - [verifyingFreeDeliveryFilterFunctionality_Mobile_10-24-52] Within safeFindElements 
10:25:24 [TestNG-test-Test-3] INFO  verifyingFreeDeliveryFilterFunctionality_Mobile_10-24-52 - [verifyingFreeDeliveryFilterFunctionality_Mobile_10-24-52] Returning the  [[[ChromeDriver: chrome on windows (a94b5e1162c58bc50e42443c2220dcff)] -> xpath: //div[@class='a-section a-spacing-small a-spacing-top-small']], [[ChromeDriver: chrome on windows (a94b5e1162c58bc50e42443c2220dcff)] -> xpath: //div[@class='a-section a-spacing-small a-spacing-top-small']], [[ChromeDriver: chrome on windows (a94b5e1162c58bc50e42443c2220dcff)] -> xpath: //div[@class='a-section a-spacing-small a-spacing-top-small']], [[ChromeDriver: chrome on windows (a94b5e1162c58bc50e42443c2220dcff)] -> xpath: //div[@class='a-section a-spacing-small a-spacing-top-small']], [[ChromeDriver: chrome on windows (a94b5e1162c58bc50e42443c2220dcff)] -> xpath: //div[@class='a-section a-spacing-small a-spacing-top-small']], [[ChromeDriver: chrome on windows (a94b5e1162c58bc50e42443c2220dcff)] -> xpath: //div[@class='a-section a-spacing-small a-spacing-top-small']], [[ChromeDriver: chrome on windows (a94b5e1162c58bc50e42443c2220dcff)] -> xpath: //div[@class='a-section a-spacing-small a-spacing-top-small']], [[ChromeDriver: chrome on windows (a94b5e1162c58bc50e42443c2220dcff)] -> xpath: //div[@class='a-section a-spacing-small a-spacing-top-small']], [[ChromeDriver: chrome on windows (a94b5e1162c58bc50e42443c2220dcff)] -> xpath: //div[@class='a-section a-spacing-small a-spacing-top-small']], [[ChromeDriver: chrome on windows (a94b5e1162c58bc50e42443c2220dcff)] -> xpath: //div[@class='a-section a-spacing-small a-spacing-top-small']], [[ChromeDriver: chrome on windows (a94b5e1162c58bc50e42443c2220dcff)] -> xpath: //div[@class='a-section a-spacing-small a-spacing-top-small']], [[ChromeDriver: chrome on windows (a94b5e1162c58bc50e42443c2220dcff)] -> xpath: //div[@class='a-section a-spacing-small a-spacing-top-small']], [[ChromeDriver: chrome on windows (a94b5e1162c58bc50e42443c2220dcff)] -> xpath: //div[@class='a-section a-spacing-small a-spacing-top-small']], [[ChromeDriver: chrome on windows (a94b5e1162c58bc50e42443c2220dcff)] -> xpath: //div[@class='a-section a-spacing-small a-spacing-top-small']], [[ChromeDriver: chrome on windows (a94b5e1162c58bc50e42443c2220dcff)] -> xpath: //div[@class='a-section a-spacing-small a-spacing-top-small']], [[ChromeDriver: chrome on windows (a94b5e1162c58bc50e42443c2220dcff)] -> xpath: //div[@class='a-section a-spacing-small a-spacing-top-small']]] from the safeFindElements method
10:25:25 [TestNG-test-Test-3] INFO  verifyingFreeDeliveryFilterFunctionality_Mobile_10-24-52 - [verifyingFreeDeliveryFilterFunctionality_Mobile_10-24-52] Created hashset with required data to assert with Within validateDeliveryFilterOptions method
10:25:25 [TestNG-test-Test-3] INFO  verifyingFreeDeliveryFilterFunctionality_Mobile_10-24-52 - [verifyingFreeDeliveryFilterFunctionality_Mobile_10-24-52] this is the set  [Apr, Today, 05, FREE delivery, 06, Sun, Mon, Tomorrow]
10:25:25 [TestNG-test-Test-3] INFO  verifyingFreeDeliveryFilterFunctionality_Mobile_10-24-52 - [verifyingFreeDeliveryFilterFunctionality_Mobile_10-24-52] Within deliveryElements loop iterating over the products  Within validateDeliveryFilterOptions method
10:25:25 [TestNG-test-Test-3] INFO  verifyingFreeDeliveryFilterFunctionality_Mobile_10-24-52 - [verifyingFreeDeliveryFilterFunctionality_Mobile_10-24-52] Checking if the allowedDateParts have the assert text   Within validateDeliveryFilterOptions method
10:25:25 [TestNG-test-Test-3] INFO  verifyingFreeDeliveryFilterFunctionality_Mobile_10-24-52 - [verifyingFreeDeliveryFilterFunctionality_Mobile_10-24-52] Within deliveryElements loop iterating over the products  Within validateDeliveryFilterOptions method
10:25:25 [TestNG-test-Test-3] INFO  verifyingFreeDeliveryFilterFunctionality_Mobile_10-24-52 - [verifyingFreeDeliveryFilterFunctionality_Mobile_10-24-52] Checking if the allowedDateParts have the assert text   Within validateDeliveryFilterOptions method
10:25:25 [TestNG-test-Test-3] INFO  verifyingFreeDeliveryFilterFunctionality_Mobile_10-24-52 - [verifyingFreeDeliveryFilterFunctionality_Mobile_10-24-52] Within deliveryElements loop iterating over the products  Within validateDeliveryFilterOptions method
10:25:25 [TestNG-test-Test-3] INFO  verifyingFreeDeliveryFilterFunctionality_Mobile_10-24-52 - [verifyingFreeDeliveryFilterFunctionality_Mobile_10-24-52] Checking if the allowedDateParts have the assert text   Within validateDeliveryFilterOptions method
10:25:25 [TestNG-test-Test-3] INFO  verifyingFreeDeliveryFilterFunctionality_Mobile_10-24-52 - [verifyingFreeDeliveryFilterFunctionality_Mobile_10-24-52] Within deliveryElements loop iterating over the products  Within validateDeliveryFilterOptions method
10:25:25 [TestNG-test-Test-3] INFO  verifyingFreeDeliveryFilterFunctionality_Mobile_10-24-52 - [verifyingFreeDeliveryFilterFunctionality_Mobile_10-24-52] Checking if the allowedDateParts have the assert text   Within validateDeliveryFilterOptions method
10:25:25 [TestNG-test-Test-3] INFO  verifyingFreeDeliveryFilterFunctionality_Mobile_10-24-52 - [verifyingFreeDeliveryFilterFunctionality_Mobile_10-24-52] Within deliveryElements loop iterating over the products  Within validateDeliveryFilterOptions method
10:25:25 [TestNG-test-Test-3] INFO  verifyingFreeDeliveryFilterFunctionality_Mobile_10-24-52 - [verifyingFreeDeliveryFilterFunctionality_Mobile_10-24-52] Checking if the allowedDateParts have the assert text   Within validateDeliveryFilterOptions method
10:25:25 [TestNG-test-Test-3] INFO  verifyingFreeDeliveryFilterFunctionality_Mobile_10-24-52 - [verifyingFreeDeliveryFilterFunctionality_Mobile_10-24-52] Within deliveryElements loop iterating over the products  Within validateDeliveryFilterOptions method
10:25:25 [TestNG-test-Test-3] INFO  verifyingFreeDeliveryFilterFunctionality_Mobile_10-24-52 - [verifyingFreeDeliveryFilterFunctionality_Mobile_10-24-52] Checking if the allowedDateParts have the assert text   Within validateDeliveryFilterOptions method
10:25:25 [TestNG-test-Test-3] INFO  verifyingFreeDeliveryFilterFunctionality_Mobile_10-24-52 - [verifyingFreeDeliveryFilterFunctionality_Mobile_10-24-52] Within deliveryElements loop iterating over the products  Within validateDeliveryFilterOptions method
10:25:25 [TestNG-test-Test-3] INFO  verifyingFreeDeliveryFilterFunctionality_Mobile_10-24-52 - [verifyingFreeDeliveryFilterFunctionality_Mobile_10-24-52] Checking if the allowedDateParts have the assert text   Within validateDeliveryFilterOptions method
10:25:25 [TestNG-test-Test-3] INFO  verifyingFreeDeliveryFilterFunctionality_Mobile_10-24-52 - [verifyingFreeDeliveryFilterFunctionality_Mobile_10-24-52] Within deliveryElements loop iterating over the products  Within validateDeliveryFilterOptions method
10:25:25 [TestNG-test-Test-3] INFO  verifyingFreeDeliveryFilterFunctionality_Mobile_10-24-52 - [verifyingFreeDeliveryFilterFunctionality_Mobile_10-24-52] Checking if the allowedDateParts have the assert text   Within validateDeliveryFilterOptions method
10:25:25 [TestNG-test-Test-3] INFO  verifyingFreeDeliveryFilterFunctionality_Mobile_10-24-52 - [verifyingFreeDeliveryFilterFunctionality_Mobile_10-24-52] Within deliveryElements loop iterating over the products  Within validateDeliveryFilterOptions method
10:25:25 [TestNG-test-Test-3] INFO  verifyingFreeDeliveryFilterFunctionality_Mobile_10-24-52 - [verifyingFreeDeliveryFilterFunctionality_Mobile_10-24-52] Checking if the allowedDateParts have the assert text   Within validateDeliveryFilterOptions method
10:25:25 [TestNG-test-Test-3] INFO  verifyingFreeDeliveryFilterFunctionality_Mobile_10-24-52 - [verifyingFreeDeliveryFilterFunctionality_Mobile_10-24-52] Within deliveryElements loop iterating over the products  Within validateDeliveryFilterOptions method
10:25:25 [TestNG-test-Test-3] INFO  verifyingFreeDeliveryFilterFunctionality_Mobile_10-24-52 - [verifyingFreeDeliveryFilterFunctionality_Mobile_10-24-52] Checking if the allowedDateParts have the assert text   Within validateDeliveryFilterOptions method
10:25:25 [TestNG-test-Test-3] INFO  verifyingFreeDeliveryFilterFunctionality_Mobile_10-24-52 - [verifyingFreeDeliveryFilterFunctionality_Mobile_10-24-52] Within deliveryElements loop iterating over the products  Within validateDeliveryFilterOptions method
10:25:25 [TestNG-test-Test-3] INFO  verifyingFreeDeliveryFilterFunctionality_Mobile_10-24-52 - [verifyingFreeDeliveryFilterFunctionality_Mobile_10-24-52] Checking if the allowedDateParts have the assert text   Within validateDeliveryFilterOptions method
10:25:25 [TestNG-test-Test-3] INFO  verifyingFreeDeliveryFilterFunctionality_Mobile_10-24-52 - [verifyingFreeDeliveryFilterFunctionality_Mobile_10-24-52] Within deliveryElements loop iterating over the products  Within validateDeliveryFilterOptions method
10:25:25 [TestNG-test-Test-3] INFO  verifyingFreeDeliveryFilterFunctionality_Mobile_10-24-52 - [verifyingFreeDeliveryFilterFunctionality_Mobile_10-24-52] Checking if the allowedDateParts have the assert text   Within validateDeliveryFilterOptions method
10:25:25 [TestNG-test-Test-3] INFO  verifyingFreeDeliveryFilterFunctionality_Mobile_10-24-52 - [verifyingFreeDeliveryFilterFunctionality_Mobile_10-24-52] Within deliveryElements loop iterating over the products  Within validateDeliveryFilterOptions method
10:25:26 [TestNG-test-Test-3] INFO  verifyingFreeDeliveryFilterFunctionality_Mobile_10-24-52 - [verifyingFreeDeliveryFilterFunctionality_Mobile_10-24-52] Checking if the allowedDateParts have the assert text   Within validateDeliveryFilterOptions method
10:25:26 [TestNG-test-Test-3] INFO  verifyingFreeDeliveryFilterFunctionality_Mobile_10-24-52 - [verifyingFreeDeliveryFilterFunctionality_Mobile_10-24-52] Within deliveryElements loop iterating over the products  Within validateDeliveryFilterOptions method
10:25:26 [TestNG-test-Test-3] INFO  verifyingFreeDeliveryFilterFunctionality_Mobile_10-24-52 - [verifyingFreeDeliveryFilterFunctionality_Mobile_10-24-52] Checking if the allowedDateParts have the assert text   Within validateDeliveryFilterOptions method
10:25:26 [TestNG-test-Test-3] INFO  verifyingFreeDeliveryFilterFunctionality_Mobile_10-24-52 - [verifyingFreeDeliveryFilterFunctionality_Mobile_10-24-52] Within deliveryElements loop iterating over the products  Within validateDeliveryFilterOptions method
10:25:26 [TestNG-test-Test-3] INFO  verifyingFreeDeliveryFilterFunctionality_Mobile_10-24-52 - [verifyingFreeDeliveryFilterFunctionality_Mobile_10-24-52] Checking if the allowedDateParts have the assert text   Within validateDeliveryFilterOptions method
10:25:26 [TestNG-test-Test-3] INFO  verifyingFreeDeliveryFilterFunctionality_Mobile_10-24-52 - [verifyingFreeDeliveryFilterFunctionality_Mobile_10-24-52] Within deliveryElements loop iterating over the products  Within validateDeliveryFilterOptions method
10:25:26 [TestNG-test-Test-3] INFO  verifyingFreeDeliveryFilterFunctionality_Mobile_10-24-52 - [verifyingFreeDeliveryFilterFunctionality_Mobile_10-24-52] Checking if the allowedDateParts have the assert text   Within validateDeliveryFilterOptions method
10:25:26 [TestNG-test-Test-3] INFO  verifyingFreeDeliveryFilterFunctionality_Mobile_10-24-52 - [verifyingFreeDeliveryFilterFunctionality_Mobile_10-24-52] Returning the list with boolean values   Within validateDeliveryFilterOptions method
10:25:26 [TestNG-test-Test-3] INFO  verifyingFreeDeliveryFilterFunctionality_Mobile_10-24-52 - [verifyingFreeDeliveryFilterFunctionality_Mobile_10-24-52] Asserting delivery filter: isValid=true, index=-1, text=All the things are valid no errors
