2026-02-19 05:42:09.111 PM [TestNG-test-Test-1] INFO  [verifyingGetItIn2DaysFilterFunctionality] 🔹 Starting test method: verifyingGetItIn2DaysFilterFunctionality
2026-02-19 05:42:09.116 PM [TestNG-test-Test-1] INFO  [verifyingGetItIn2DaysFilterFunctionality] No existing WebDriver found for current thread. Initializing a new ChromeDriver...
2026-02-19 05:42:09.128 PM [TestNG-test-Test-1] INFO  [verifyingGetItIn2DaysFilterFunctionality] WebDriverManager: chromedriver setup OK
2026-02-19 05:42:11.882 PM [TestNG-test-Test-1] INFO  [verifyingGetItIn2DaysFilterFunctionality] ChromeDriver initialized successfully for thread: 34
2026-02-19 05:42:12.734 PM [TestNG-test-Test-1] INFO  [verifyingGetItIn2DaysFilterFunctionality] [verifyingGetItIn2DaysFilterFunctionality] Opening amazon Landing page
2026-02-19 05:42:12.735 PM [TestNG-test-Test-1] INFO  [verifyingGetItIn2DaysFilterFunctionality] [verifyingGetItIn2DaysFilterFunctionality] Within safeFindElement method
2026-02-19 05:42:23.409 PM [TestNG-test-Test-1] INFO  [verifyingGetItIn2DaysFilterFunctionality] [verifyingGetItIn2DaysFilterFunctionality]Retrying findElement for: ->By.xpath: //a[@id='nav-logo-sprites']
2026-02-19 05:42:23.748 PM [TestNG-test-Test-1] INFO  [verifyingGetItIn2DaysFilterFunctionality] [verifyingGetItIn2DaysFilterFunctionality]Refrehsing the page , while trying to safely find : ->By.xpath: //a[@id='nav-logo-sprites']
2026-02-19 05:42:35.047 PM [TestNG-test-Test-1] INFO  [verifyingGetItIn2DaysFilterFunctionality] [verifyingGetItIn2DaysFilterFunctionality]Retrying findElement for: ->By.xpath: //a[@id='nav-logo-sprites']
2026-02-19 05:42:35.223 PM [TestNG-test-Test-1] INFO  [verifyingGetItIn2DaysFilterFunctionality] [verifyingGetItIn2DaysFilterFunctionality]Refrehsing the page , while trying to safely find : ->By.xpath: //a[@id='nav-logo-sprites']
2026-02-19 05:42:36.224 PM [TestNG-test-Test-1] INFO  [verifyingGetItIn2DaysFilterFunctionality] [verifyingGetItIn2DaysFilterFunctionality] Skipping action: Element not found after 2   attemps
2026-02-19 05:42:40.960 PM [TestNG-test-Test-1] INFO  [verifyingGetItIn2DaysFilterFunctionality] [verifyingGetItIn2DaysFilterFunctionality] Giving input within the search bar
2026-02-19 05:42:40.961 PM [TestNG-test-Test-1] INFO  [verifyingGetItIn2DaysFilterFunctionality] [verifyingGetItIn2DaysFilterFunctionality] Within safeClick method
2026-02-19 05:42:43.518 PM [TestNG-test-Test-1] INFO  [verifyingGetItIn2DaysFilterFunctionality] [verifyingGetItIn2DaysFilterFunctionality] Clicked the  [[ChromeDriver: chrome on windows (ddb3f64872b2cbc10efebd4b16122f9f)] -> xpath: //input[@id='nav-search-submit-button']]   using safeClick
2026-02-19 05:42:43.519 PM [TestNG-test-Test-1] INFO  [verifyingGetItIn2DaysFilterFunctionality] [verifyingGetItIn2DaysFilterFunctionality] Clicking on the submit in the search bar
2026-02-19 05:42:43.740 PM [TestNG-test-Test-1] INFO  [verifyingGetItIn2DaysFilterFunctionality] [verifyingGetItIn2DaysFilterFunctionality] Waiting until element is visible in viewport
2026-02-19 05:42:43.803 PM [TestNG-test-Test-1] INFO  [verifyingGetItIn2DaysFilterFunctionality] [verifyingGetItIn2DaysFilterFunctionality] Within validateDeliveryFilterOptionsWithResult method
2026-02-19 05:42:43.803 PM [TestNG-test-Test-1] INFO  [verifyingGetItIn2DaysFilterFunctionality] [verifyingGetItIn2DaysFilterFunctionality] Within safeClick method
2026-02-19 05:42:44.075 PM [TestNG-test-Test-1] INFO  [verifyingGetItIn2DaysFilterFunctionality] [verifyingGetItIn2DaysFilterFunctionality] Clicked the  [[ChromeDriver: chrome on windows (ddb3f64872b2cbc10efebd4b16122f9f)] -> xpath: //span[@class='a-size-base a-color-base puis-bold-weight-text' and text()='Delivery Day']/parent::div/following-sibling::ul//span[@class='a-size-base a-color-base' and text()='Get It in 2 Days']]   using safeClick
2026-02-19 05:42:46.076 PM [TestNG-test-Test-1] INFO  [verifyingGetItIn2DaysFilterFunctionality] [verifyingGetItIn2DaysFilterFunctionality] Within getMoreButtonByFilterTypeAndName method
2026-02-19 05:42:46.077 PM [TestNG-test-Test-1] INFO  [verifyingGetItIn2DaysFilterFunctionality] [verifyingGetItIn2DaysFilterFunctionality] Capturing screenshot: Filter_Applied_is_Get_It_in_2_Days__2026-02-19_174246.png
2026-02-19 05:42:46.301 PM [TestNG-test-Test-1] INFO  [verifyingGetItIn2DaysFilterFunctionality] [verifyingGetItIn2DaysFilterFunctionality] Screenshot saved at: test-output/screenshots/Run_2026-02-19_17-28-09/verifyingGetItIn2DaysFilterFunctionality/Filter_Applied_is_Get_It_in_2_Days__2026-02-19_174246.png
2026-02-19 05:42:46.301 PM [TestNG-test-Test-1] INFO  [verifyingGetItIn2DaysFilterFunctionality] [verifyingGetItIn2DaysFilterFunctionality] Clicked on By.xpath: //span[@class='a-size-base a-color-base puis-bold-weight-text' and text()='Delivery Day']/parent::div/following-sibling::ul//span[@class='a-size-base a-color-base' and text()='Get It in 2 Days']
2026-02-19 05:42:48.302 PM [TestNG-test-Test-1] INFO  [verifyingGetItIn2DaysFilterFunctionality] [verifyingGetItIn2DaysFilterFunctionality] Within safeFindElements 
2026-02-19 05:42:48.317 PM [TestNG-test-Test-1] INFO  [verifyingGetItIn2DaysFilterFunctionality] [verifyingGetItIn2DaysFilterFunctionality] Returning the  [[[ChromeDriver: chrome on windows (ddb3f64872b2cbc10efebd4b16122f9f)] -> xpath: //div[@class='a-section a-spacing-small a-spacing-top-small']], [[ChromeDriver: chrome on windows (ddb3f64872b2cbc10efebd4b16122f9f)] -> xpath: //div[@class='a-section a-spacing-small a-spacing-top-small']], [[ChromeDriver: chrome on windows (ddb3f64872b2cbc10efebd4b16122f9f)] -> xpath: //div[@class='a-section a-spacing-small a-spacing-top-small']], [[ChromeDriver: chrome on windows (ddb3f64872b2cbc10efebd4b16122f9f)] -> xpath: //div[@class='a-section a-spacing-small a-spacing-top-small']], [[ChromeDriver: chrome on windows (ddb3f64872b2cbc10efebd4b16122f9f)] -> xpath: //div[@class='a-section a-spacing-small a-spacing-top-small']], [[ChromeDriver: chrome on windows (ddb3f64872b2cbc10efebd4b16122f9f)] -> xpath: //div[@class='a-section a-spacing-small a-spacing-top-small']], [[ChromeDriver: chrome on windows (ddb3f64872b2cbc10efebd4b16122f9f)] -> xpath: //div[@class='a-section a-spacing-small a-spacing-top-small']], [[ChromeDriver: chrome on windows (ddb3f64872b2cbc10efebd4b16122f9f)] -> xpath: //div[@class='a-section a-spacing-small a-spacing-top-small']], [[ChromeDriver: chrome on windows (ddb3f64872b2cbc10efebd4b16122f9f)] -> xpath: //div[@class='a-section a-spacing-small a-spacing-top-small']], [[ChromeDriver: chrome on windows (ddb3f64872b2cbc10efebd4b16122f9f)] -> xpath: //div[@class='a-section a-spacing-small a-spacing-top-small']], [[ChromeDriver: chrome on windows (ddb3f64872b2cbc10efebd4b16122f9f)] -> xpath: //div[@class='a-section a-spacing-small a-spacing-top-small']], [[ChromeDriver: chrome on windows (ddb3f64872b2cbc10efebd4b16122f9f)] -> xpath: //div[@class='a-section a-spacing-small a-spacing-top-small']], [[ChromeDriver: chrome on windows (ddb3f64872b2cbc10efebd4b16122f9f)] -> xpath: //div[@class='a-section a-spacing-small a-spacing-top-small']], [[ChromeDriver: chrome on windows (ddb3f64872b2cbc10efebd4b16122f9f)] -> xpath: //div[@class='a-section a-spacing-small a-spacing-top-small']], [[ChromeDriver: chrome on windows (ddb3f64872b2cbc10efebd4b16122f9f)] -> xpath: //div[@class='a-section a-spacing-small a-spacing-top-small']], [[ChromeDriver: chrome on windows (ddb3f64872b2cbc10efebd4b16122f9f)] -> xpath: //div[@class='a-section a-spacing-small a-spacing-top-small']]] from the safeFindElements method
2026-02-19 05:42:48.318 PM [TestNG-test-Test-1] INFO  [verifyingGetItIn2DaysFilterFunctionality] [verifyingGetItIn2DaysFilterFunctionality] Created hashset with required data to assert with Within validateDeliveryFilterOptions method
2026-02-19 05:42:48.318 PM [TestNG-test-Test-1] INFO  [verifyingGetItIn2DaysFilterFunctionality] [verifyingGetItIn2DaysFilterFunctionality] this is the set  [Thu, Feb, Today, 19, Fri, Tomorrow, 20]
2026-02-19 05:42:48.318 PM [TestNG-test-Test-1] INFO  [verifyingGetItIn2DaysFilterFunctionality] [verifyingGetItIn2DaysFilterFunctionality] Within deliveryElements loop iterating over the products  Within validateDeliveryFilterOptions method
2026-02-19 05:42:48.349 PM [TestNG-test-Test-1] INFO  [verifyingGetItIn2DaysFilterFunctionality] [verifyingGetItIn2DaysFilterFunctionality] Checking if the allowedDateParts have the assert text   Within validateDeliveryFilterOptions method
2026-02-19 05:42:48.350 PM [TestNG-test-Test-1] INFO  [verifyingGetItIn2DaysFilterFunctionality] [verifyingGetItIn2DaysFilterFunctionality] Within deliveryElements loop iterating over the products  Within validateDeliveryFilterOptions method
2026-02-19 05:42:48.375 PM [TestNG-test-Test-1] INFO  [verifyingGetItIn2DaysFilterFunctionality] [verifyingGetItIn2DaysFilterFunctionality] Checking if the allowedDateParts have the assert text   Within validateDeliveryFilterOptions method
2026-02-19 05:42:48.376 PM [TestNG-test-Test-1] INFO  [verifyingGetItIn2DaysFilterFunctionality] [verifyingGetItIn2DaysFilterFunctionality] Within deliveryElements loop iterating over the products  Within validateDeliveryFilterOptions method
2026-02-19 05:42:48.402 PM [TestNG-test-Test-1] INFO  [verifyingGetItIn2DaysFilterFunctionality] [verifyingGetItIn2DaysFilterFunctionality] Checking if the allowedDateParts have the assert text   Within validateDeliveryFilterOptions method
2026-02-19 05:42:48.402 PM [TestNG-test-Test-1] INFO  [verifyingGetItIn2DaysFilterFunctionality] [verifyingGetItIn2DaysFilterFunctionality] Within deliveryElements loop iterating over the products  Within validateDeliveryFilterOptions method
2026-02-19 05:42:48.431 PM [TestNG-test-Test-1] INFO  [verifyingGetItIn2DaysFilterFunctionality] [verifyingGetItIn2DaysFilterFunctionality] Checking if the allowedDateParts have the assert text   Within validateDeliveryFilterOptions method
2026-02-19 05:42:48.431 PM [TestNG-test-Test-1] INFO  [verifyingGetItIn2DaysFilterFunctionality] [verifyingGetItIn2DaysFilterFunctionality] Within deliveryElements loop iterating over the products  Within validateDeliveryFilterOptions method
2026-02-19 05:42:48.455 PM [TestNG-test-Test-1] INFO  [verifyingGetItIn2DaysFilterFunctionality] [verifyingGetItIn2DaysFilterFunctionality] Checking if the allowedDateParts have the assert text   Within validateDeliveryFilterOptions method
2026-02-19 05:42:48.455 PM [TestNG-test-Test-1] INFO  [verifyingGetItIn2DaysFilterFunctionality] [verifyingGetItIn2DaysFilterFunctionality] Within deliveryElements loop iterating over the products  Within validateDeliveryFilterOptions method
2026-02-19 05:42:48.478 PM [TestNG-test-Test-1] INFO  [verifyingGetItIn2DaysFilterFunctionality] [verifyingGetItIn2DaysFilterFunctionality] Checking if the allowedDateParts have the assert text   Within validateDeliveryFilterOptions method
2026-02-19 05:42:48.478 PM [TestNG-test-Test-1] INFO  [verifyingGetItIn2DaysFilterFunctionality] [verifyingGetItIn2DaysFilterFunctionality] Within deliveryElements loop iterating over the products  Within validateDeliveryFilterOptions method
2026-02-19 05:42:48.503 PM [TestNG-test-Test-1] INFO  [verifyingGetItIn2DaysFilterFunctionality] [verifyingGetItIn2DaysFilterFunctionality] Checking if the allowedDateParts have the assert text   Within validateDeliveryFilterOptions method
2026-02-19 05:42:48.504 PM [TestNG-test-Test-1] INFO  [verifyingGetItIn2DaysFilterFunctionality] [verifyingGetItIn2DaysFilterFunctionality] Within deliveryElements loop iterating over the products  Within validateDeliveryFilterOptions method
2026-02-19 05:42:48.530 PM [TestNG-test-Test-1] INFO  [verifyingGetItIn2DaysFilterFunctionality] [verifyingGetItIn2DaysFilterFunctionality] Checking if the allowedDateParts have the assert text   Within validateDeliveryFilterOptions method
2026-02-19 05:42:48.530 PM [TestNG-test-Test-1] INFO  [verifyingGetItIn2DaysFilterFunctionality] [verifyingGetItIn2DaysFilterFunctionality] Within deliveryElements loop iterating over the products  Within validateDeliveryFilterOptions method
2026-02-19 05:42:48.557 PM [TestNG-test-Test-1] INFO  [verifyingGetItIn2DaysFilterFunctionality] [verifyingGetItIn2DaysFilterFunctionality] Checking if the allowedDateParts have the assert text   Within validateDeliveryFilterOptions method
2026-02-19 05:42:48.557 PM [TestNG-test-Test-1] INFO  [verifyingGetItIn2DaysFilterFunctionality] [verifyingGetItIn2DaysFilterFunctionality] Within deliveryElements loop iterating over the products  Within validateDeliveryFilterOptions method
2026-02-19 05:42:48.585 PM [TestNG-test-Test-1] INFO  [verifyingGetItIn2DaysFilterFunctionality] [verifyingGetItIn2DaysFilterFunctionality] Checking if the allowedDateParts have the assert text   Within validateDeliveryFilterOptions method
2026-02-19 05:42:48.585 PM [TestNG-test-Test-1] INFO  [verifyingGetItIn2DaysFilterFunctionality] [verifyingGetItIn2DaysFilterFunctionality] Within deliveryElements loop iterating over the products  Within validateDeliveryFilterOptions method
2026-02-19 05:42:48.612 PM [TestNG-test-Test-1] INFO  [verifyingGetItIn2DaysFilterFunctionality] [verifyingGetItIn2DaysFilterFunctionality] Checking if the allowedDateParts have the assert text   Within validateDeliveryFilterOptions method
2026-02-19 05:42:48.612 PM [TestNG-test-Test-1] INFO  [verifyingGetItIn2DaysFilterFunctionality] [verifyingGetItIn2DaysFilterFunctionality] Within deliveryElements loop iterating over the products  Within validateDeliveryFilterOptions method
2026-02-19 05:42:48.638 PM [TestNG-test-Test-1] INFO  [verifyingGetItIn2DaysFilterFunctionality] [verifyingGetItIn2DaysFilterFunctionality] Checking if the allowedDateParts have the assert text   Within validateDeliveryFilterOptions method
2026-02-19 05:42:48.638 PM [TestNG-test-Test-1] INFO  [verifyingGetItIn2DaysFilterFunctionality] [verifyingGetItIn2DaysFilterFunctionality] Within deliveryElements loop iterating over the products  Within validateDeliveryFilterOptions method
2026-02-19 05:42:48.665 PM [TestNG-test-Test-1] INFO  [verifyingGetItIn2DaysFilterFunctionality] [verifyingGetItIn2DaysFilterFunctionality] Checking if the allowedDateParts have the assert text   Within validateDeliveryFilterOptions method
2026-02-19 05:42:48.665 PM [TestNG-test-Test-1] INFO  [verifyingGetItIn2DaysFilterFunctionality] [verifyingGetItIn2DaysFilterFunctionality] Within deliveryElements loop iterating over the products  Within validateDeliveryFilterOptions method
2026-02-19 05:42:48.687 PM [TestNG-test-Test-1] INFO  [verifyingGetItIn2DaysFilterFunctionality] [verifyingGetItIn2DaysFilterFunctionality] Checking if the allowedDateParts have the assert text   Within validateDeliveryFilterOptions method
2026-02-19 05:42:48.687 PM [TestNG-test-Test-1] INFO  [verifyingGetItIn2DaysFilterFunctionality] [verifyingGetItIn2DaysFilterFunctionality] Within deliveryElements loop iterating over the products  Within validateDeliveryFilterOptions method
2026-02-19 05:42:48.714 PM [TestNG-test-Test-1] INFO  [verifyingGetItIn2DaysFilterFunctionality] [verifyingGetItIn2DaysFilterFunctionality] Checking if the allowedDateParts have the assert text   Within validateDeliveryFilterOptions method
2026-02-19 05:42:48.714 PM [TestNG-test-Test-1] INFO  [verifyingGetItIn2DaysFilterFunctionality] [verifyingGetItIn2DaysFilterFunctionality] Within deliveryElements loop iterating over the products  Within validateDeliveryFilterOptions method
2026-02-19 05:42:48.742 PM [TestNG-test-Test-1] INFO  [verifyingGetItIn2DaysFilterFunctionality] [verifyingGetItIn2DaysFilterFunctionality] Checking if the allowedDateParts have the assert text   Within validateDeliveryFilterOptions method
2026-02-19 05:42:48.743 PM [TestNG-test-Test-1] INFO  [verifyingGetItIn2DaysFilterFunctionality] [verifyingGetItIn2DaysFilterFunctionality] Returning the list with boolean values   Within validateDeliveryFilterOptions method
2026-02-19 05:42:48.743 PM [TestNG-test-Test-1] INFO  [verifyingGetItIn2DaysFilterFunctionality] [verifyingGetItIn2DaysFilterFunctionality] Asserting delivery filter: isValid=true, index=-1, text=All the things are valid no errors
2026-02-19 05:42:48.747 PM [TestNG-test-Test-1] INFO  [verifyingGetItIn2DaysFilterFunctionality] ✅ Finished test method: verifyingGetItIn2DaysFilterFunctionality
2026-02-19 05:42:49.019 PM [TestNG-test-Test-1] INFO  [verifyingGetItIn2DaysFilterFunctionality] 🔹 Starting test method: verifyingGetItIn2DaysFilterFunctionality
2026-02-19 05:42:49.019 PM [TestNG-test-Test-1] INFO  [verifyingGetItIn2DaysFilterFunctionality] No existing WebDriver found for current thread. Initializing a new ChromeDriver...
2026-02-19 05:42:49.033 PM [TestNG-test-Test-1] INFO  [verifyingGetItIn2DaysFilterFunctionality] WebDriverManager: chromedriver setup OK
2026-02-19 05:42:50.669 PM [TestNG-test-Test-1] INFO  [verifyingGetItIn2DaysFilterFunctionality] ChromeDriver initialized successfully for thread: 34
2026-02-19 05:42:51.418 PM [TestNG-test-Test-1] INFO  [verifyingGetItIn2DaysFilterFunctionality] [verifyingGetItIn2DaysFilterFunctionality] Opening amazon Landing page
2026-02-19 05:42:51.418 PM [TestNG-test-Test-1] INFO  [verifyingGetItIn2DaysFilterFunctionality] [verifyingGetItIn2DaysFilterFunctionality] Within safeFindElement method
2026-02-19 05:43:01.640 PM [TestNG-test-Test-1] INFO  [verifyingGetItIn2DaysFilterFunctionality] [verifyingGetItIn2DaysFilterFunctionality]Retrying findElement for: ->By.xpath: //a[@id='nav-logo-sprites']
2026-02-19 05:43:01.820 PM [TestNG-test-Test-1] INFO  [verifyingGetItIn2DaysFilterFunctionality] [verifyingGetItIn2DaysFilterFunctionality]Refrehsing the page , while trying to safely find : ->By.xpath: //a[@id='nav-logo-sprites']
2026-02-19 05:43:13.025 PM [TestNG-test-Test-1] INFO  [verifyingGetItIn2DaysFilterFunctionality] [verifyingGetItIn2DaysFilterFunctionality]Retrying findElement for: ->By.xpath: //a[@id='nav-logo-sprites']
2026-02-19 05:43:13.331 PM [TestNG-test-Test-1] INFO  [verifyingGetItIn2DaysFilterFunctionality] [verifyingGetItIn2DaysFilterFunctionality]Refrehsing the page , while trying to safely find : ->By.xpath: //a[@id='nav-logo-sprites']
2026-02-19 05:43:14.333 PM [TestNG-test-Test-1] INFO  [verifyingGetItIn2DaysFilterFunctionality] [verifyingGetItIn2DaysFilterFunctionality] Skipping action: Element not found after 2   attemps
2026-02-19 05:43:18.479 PM [TestNG-test-Test-1] INFO  [verifyingGetItIn2DaysFilterFunctionality] [verifyingGetItIn2DaysFilterFunctionality] Giving input within the search bar
2026-02-19 05:43:18.480 PM [TestNG-test-Test-1] INFO  [verifyingGetItIn2DaysFilterFunctionality] [verifyingGetItIn2DaysFilterFunctionality] Within safeClick method
2026-02-19 05:43:20.427 PM [TestNG-test-Test-1] INFO  [verifyingGetItIn2DaysFilterFunctionality] [verifyingGetItIn2DaysFilterFunctionality] Clicked the  [[ChromeDriver: chrome on windows (3ca9f80466ff651698f8825c4afe914d)] -> xpath: //input[@id='nav-search-submit-button']]   using safeClick
2026-02-19 05:43:20.427 PM [TestNG-test-Test-1] INFO  [verifyingGetItIn2DaysFilterFunctionality] [verifyingGetItIn2DaysFilterFunctionality] Clicking on the submit in the search bar
2026-02-19 05:43:20.599 PM [TestNG-test-Test-1] INFO  [verifyingGetItIn2DaysFilterFunctionality] [verifyingGetItIn2DaysFilterFunctionality] Waiting until element is visible in viewport
2026-02-19 05:43:20.632 PM [TestNG-test-Test-1] INFO  [verifyingGetItIn2DaysFilterFunctionality] [verifyingGetItIn2DaysFilterFunctionality] Within validateDeliveryFilterOptionsWithResult method
2026-02-19 05:43:20.633 PM [TestNG-test-Test-1] INFO  [verifyingGetItIn2DaysFilterFunctionality] [verifyingGetItIn2DaysFilterFunctionality] Within safeClick method
2026-02-19 05:43:20.859 PM [TestNG-test-Test-1] INFO  [verifyingGetItIn2DaysFilterFunctionality] [verifyingGetItIn2DaysFilterFunctionality] Clicked the  [[ChromeDriver: chrome on windows (3ca9f80466ff651698f8825c4afe914d)] -> xpath: //span[@class='a-size-base a-color-base puis-bold-weight-text' and text()='Delivery Day']/parent::div/following-sibling::ul//span[@class='a-size-base a-color-base' and text()='Get It in 2 Days']]   using safeClick
2026-02-19 05:43:22.860 PM [TestNG-test-Test-1] INFO  [verifyingGetItIn2DaysFilterFunctionality] [verifyingGetItIn2DaysFilterFunctionality] Within getMoreButtonByFilterTypeAndName method
2026-02-19 05:43:22.860 PM [TestNG-test-Test-1] INFO  [verifyingGetItIn2DaysFilterFunctionality] [verifyingGetItIn2DaysFilterFunctionality] Capturing screenshot: Filter_Applied_is_Get_It_in_2_Days__2026-02-19_174322.png
2026-02-19 05:43:23.076 PM [TestNG-test-Test-1] INFO  [verifyingGetItIn2DaysFilterFunctionality] [verifyingGetItIn2DaysFilterFunctionality] Screenshot saved at: test-output/screenshots/Run_2026-02-19_17-28-09/verifyingGetItIn2DaysFilterFunctionality/Filter_Applied_is_Get_It_in_2_Days__2026-02-19_174322.png
2026-02-19 05:43:23.076 PM [TestNG-test-Test-1] INFO  [verifyingGetItIn2DaysFilterFunctionality] [verifyingGetItIn2DaysFilterFunctionality] Clicked on By.xpath: //span[@class='a-size-base a-color-base puis-bold-weight-text' and text()='Delivery Day']/parent::div/following-sibling::ul//span[@class='a-size-base a-color-base' and text()='Get It in 2 Days']
2026-02-19 05:43:25.077 PM [TestNG-test-Test-1] INFO  [verifyingGetItIn2DaysFilterFunctionality] [verifyingGetItIn2DaysFilterFunctionality] Within safeFindElements 
2026-02-19 05:43:25.091 PM [TestNG-test-Test-1] INFO  [verifyingGetItIn2DaysFilterFunctionality] [verifyingGetItIn2DaysFilterFunctionality] Returning the  [[[ChromeDriver: chrome on windows (3ca9f80466ff651698f8825c4afe914d)] -> xpath: //div[@class='a-section a-spacing-small a-spacing-top-small']], [[ChromeDriver: chrome on windows (3ca9f80466ff651698f8825c4afe914d)] -> xpath: //div[@class='a-section a-spacing-small a-spacing-top-small']], [[ChromeDriver: chrome on windows (3ca9f80466ff651698f8825c4afe914d)] -> xpath: //div[@class='a-section a-spacing-small a-spacing-top-small']], [[ChromeDriver: chrome on windows (3ca9f80466ff651698f8825c4afe914d)] -> xpath: //div[@class='a-section a-spacing-small a-spacing-top-small']], [[ChromeDriver: chrome on windows (3ca9f80466ff651698f8825c4afe914d)] -> xpath: //div[@class='a-section a-spacing-small a-spacing-top-small']], [[ChromeDriver: chrome on windows (3ca9f80466ff651698f8825c4afe914d)] -> xpath: //div[@class='a-section a-spacing-small a-spacing-top-small']], [[ChromeDriver: chrome on windows (3ca9f80466ff651698f8825c4afe914d)] -> xpath: //div[@class='a-section a-spacing-small a-spacing-top-small']], [[ChromeDriver: chrome on windows (3ca9f80466ff651698f8825c4afe914d)] -> xpath: //div[@class='a-section a-spacing-small a-spacing-top-small']], [[ChromeDriver: chrome on windows (3ca9f80466ff651698f8825c4afe914d)] -> xpath: //div[@class='a-section a-spacing-small a-spacing-top-small']], [[ChromeDriver: chrome on windows (3ca9f80466ff651698f8825c4afe914d)] -> xpath: //div[@class='a-section a-spacing-small a-spacing-top-small']], [[ChromeDriver: chrome on windows (3ca9f80466ff651698f8825c4afe914d)] -> xpath: //div[@class='a-section a-spacing-small a-spacing-top-small']], [[ChromeDriver: chrome on windows (3ca9f80466ff651698f8825c4afe914d)] -> xpath: //div[@class='a-section a-spacing-small a-spacing-top-small']], [[ChromeDriver: chrome on windows (3ca9f80466ff651698f8825c4afe914d)] -> xpath: //div[@class='a-section a-spacing-small a-spacing-top-small']], [[ChromeDriver: chrome on windows (3ca9f80466ff651698f8825c4afe914d)] -> xpath: //div[@class='a-section a-spacing-small a-spacing-top-small']], [[ChromeDriver: chrome on windows (3ca9f80466ff651698f8825c4afe914d)] -> xpath: //div[@class='a-section a-spacing-small a-spacing-top-small']], [[ChromeDriver: chrome on windows (3ca9f80466ff651698f8825c4afe914d)] -> xpath: //div[@class='a-section a-spacing-small a-spacing-top-small']], [[ChromeDriver: chrome on windows (3ca9f80466ff651698f8825c4afe914d)] -> xpath: //div[@class='a-section a-spacing-small a-spacing-top-small']], [[ChromeDriver: chrome on windows (3ca9f80466ff651698f8825c4afe914d)] -> xpath: //div[@class='a-section a-spacing-small a-spacing-top-small']], [[ChromeDriver: chrome on windows (3ca9f80466ff651698f8825c4afe914d)] -> xpath: //div[@class='a-section a-spacing-small a-spacing-top-small']], [[ChromeDriver: chrome on windows (3ca9f80466ff651698f8825c4afe914d)] -> xpath: //div[@class='a-section a-spacing-small a-spacing-top-small']]] from the safeFindElements method
2026-02-19 05:43:25.091 PM [TestNG-test-Test-1] INFO  [verifyingGetItIn2DaysFilterFunctionality] [verifyingGetItIn2DaysFilterFunctionality] Created hashset with required data to assert with Within validateDeliveryFilterOptions method
2026-02-19 05:43:25.092 PM [TestNG-test-Test-1] INFO  [verifyingGetItIn2DaysFilterFunctionality] [verifyingGetItIn2DaysFilterFunctionality] this is the set  [Thu, Feb, Today, 19, Fri, Tomorrow, 20]
2026-02-19 05:43:25.092 PM [TestNG-test-Test-1] INFO  [verifyingGetItIn2DaysFilterFunctionality] [verifyingGetItIn2DaysFilterFunctionality] Within deliveryElements loop iterating over the products  Within validateDeliveryFilterOptions method
2026-02-19 05:43:25.122 PM [TestNG-test-Test-1] INFO  [verifyingGetItIn2DaysFilterFunctionality] [verifyingGetItIn2DaysFilterFunctionality] Checking if the allowedDateParts have the assert text   Within validateDeliveryFilterOptions method
2026-02-19 05:43:25.123 PM [TestNG-test-Test-1] INFO  [verifyingGetItIn2DaysFilterFunctionality] [verifyingGetItIn2DaysFilterFunctionality] Within deliveryElements loop iterating over the products  Within validateDeliveryFilterOptions method
2026-02-19 05:43:25.146 PM [TestNG-test-Test-1] INFO  [verifyingGetItIn2DaysFilterFunctionality] [verifyingGetItIn2DaysFilterFunctionality] Checking if the allowedDateParts have the assert text   Within validateDeliveryFilterOptions method
2026-02-19 05:43:25.146 PM [TestNG-test-Test-1] INFO  [verifyingGetItIn2DaysFilterFunctionality] [verifyingGetItIn2DaysFilterFunctionality] Within deliveryElements loop iterating over the products  Within validateDeliveryFilterOptions method
2026-02-19 05:43:25.195 PM [TestNG-test-Test-1] INFO  [verifyingGetItIn2DaysFilterFunctionality] [verifyingGetItIn2DaysFilterFunctionality] Checking if the allowedDateParts have the assert text   Within validateDeliveryFilterOptions method
2026-02-19 05:43:25.195 PM [TestNG-test-Test-1] INFO  [verifyingGetItIn2DaysFilterFunctionality] [verifyingGetItIn2DaysFilterFunctionality] Within deliveryElements loop iterating over the products  Within validateDeliveryFilterOptions method
2026-02-19 05:43:25.234 PM [TestNG-test-Test-1] INFO  [verifyingGetItIn2DaysFilterFunctionality] [verifyingGetItIn2DaysFilterFunctionality] Checking if the allowedDateParts have the assert text   Within validateDeliveryFilterOptions method
2026-02-19 05:43:25.234 PM [TestNG-test-Test-1] INFO  [verifyingGetItIn2DaysFilterFunctionality] [verifyingGetItIn2DaysFilterFunctionality] Within deliveryElements loop iterating over the products  Within validateDeliveryFilterOptions method
2026-02-19 05:43:25.255 PM [TestNG-test-Test-1] INFO  [verifyingGetItIn2DaysFilterFunctionality] [verifyingGetItIn2DaysFilterFunctionality] Checking if the allowedDateParts have the assert text   Within validateDeliveryFilterOptions method
2026-02-19 05:43:25.255 PM [TestNG-test-Test-1] INFO  [verifyingGetItIn2DaysFilterFunctionality] [verifyingGetItIn2DaysFilterFunctionality] Within deliveryElements loop iterating over the products  Within validateDeliveryFilterOptions method
2026-02-19 05:43:25.268 PM [TestNG-test-Test-1] INFO  [verifyingGetItIn2DaysFilterFunctionality] [verifyingGetItIn2DaysFilterFunctionality] Assert text not found wihtin AllowedDateParts
2026-02-19 05:43:25.269 PM [TestNG-test-Test-1] INFO  [verifyingGetItIn2DaysFilterFunctionality] [verifyingGetItIn2DaysFilterFunctionality] Asserting delivery filter: isValid=false, index=5, text=Lenovo {SmartChoice)Chromebook Intel Celeron N4500 (4GB RAM/64GB eMMC 5.1/11.6 Inch (29.46cm)/HD Display/2Wx2 Stereo Speakers/HD Camera/Chrome OS/Blue/1.21Kg), 82UY0014HA
3.9
(153)
100+ bought in past month
Currently unavailable.
See options
2026-02-19 05:43:25.272 PM [TestNG-test-Test-1] INFO  [verifyingGetItIn2DaysFilterFunctionality] ✅ Finished test method: verifyingGetItIn2DaysFilterFunctionality
2026-02-19 05:43:25.509 PM [TestNG-test-Test-1] INFO  [verifyingGetItIn2DaysFilterFunctionality] 🔹 Starting test method: verifyingGetItIn2DaysFilterFunctionality
2026-02-19 05:43:25.509 PM [TestNG-test-Test-1] INFO  [verifyingGetItIn2DaysFilterFunctionality] No existing WebDriver found for current thread. Initializing a new ChromeDriver...
2026-02-19 05:43:25.520 PM [TestNG-test-Test-1] INFO  [verifyingGetItIn2DaysFilterFunctionality] WebDriverManager: chromedriver setup OK
2026-02-19 05:43:26.939 PM [TestNG-test-Test-1] INFO  [verifyingGetItIn2DaysFilterFunctionality] ChromeDriver initialized successfully for thread: 34
2026-02-19 05:43:27.713 PM [TestNG-test-Test-1] INFO  [verifyingGetItIn2DaysFilterFunctionality] [verifyingGetItIn2DaysFilterFunctionality] Opening amazon Landing page
2026-02-19 05:43:27.713 PM [TestNG-test-Test-1] INFO  [verifyingGetItIn2DaysFilterFunctionality] [verifyingGetItIn2DaysFilterFunctionality] Within safeFindElement method
2026-02-19 05:43:37.933 PM [TestNG-test-Test-1] INFO  [verifyingGetItIn2DaysFilterFunctionality] [verifyingGetItIn2DaysFilterFunctionality]Retrying findElement for: ->By.xpath: //a[@id='nav-logo-sprites']
2026-02-19 05:43:38.126 PM [TestNG-test-Test-1] INFO  [verifyingGetItIn2DaysFilterFunctionality] [verifyingGetItIn2DaysFilterFunctionality]Refrehsing the page , while trying to safely find : ->By.xpath: //a[@id='nav-logo-sprites']
2026-02-19 05:43:49.323 PM [TestNG-test-Test-1] INFO  [verifyingGetItIn2DaysFilterFunctionality] [verifyingGetItIn2DaysFilterFunctionality]Retrying findElement for: ->By.xpath: //a[@id='nav-logo-sprites']
2026-02-19 05:43:49.498 PM [TestNG-test-Test-1] INFO  [verifyingGetItIn2DaysFilterFunctionality] [verifyingGetItIn2DaysFilterFunctionality]Refrehsing the page , while trying to safely find : ->By.xpath: //a[@id='nav-logo-sprites']
2026-02-19 05:43:50.500 PM [TestNG-test-Test-1] INFO  [verifyingGetItIn2DaysFilterFunctionality] [verifyingGetItIn2DaysFilterFunctionality] Skipping action: Element not found after 2   attemps
2026-02-19 05:43:54.600 PM [TestNG-test-Test-1] INFO  [verifyingGetItIn2DaysFilterFunctionality] [verifyingGetItIn2DaysFilterFunctionality] Giving input within the search bar
2026-02-19 05:43:54.600 PM [TestNG-test-Test-1] INFO  [verifyingGetItIn2DaysFilterFunctionality] [verifyingGetItIn2DaysFilterFunctionality] Within safeClick method
2026-02-19 05:43:56.206 PM [TestNG-test-Test-1] INFO  [verifyingGetItIn2DaysFilterFunctionality] [verifyingGetItIn2DaysFilterFunctionality] Clicked the  [[ChromeDriver: chrome on windows (e84edcb9035a86ca835954f3ae623fae)] -> xpath: //input[@id='nav-search-submit-button']]   using safeClick
2026-02-19 05:43:56.206 PM [TestNG-test-Test-1] INFO  [verifyingGetItIn2DaysFilterFunctionality] [verifyingGetItIn2DaysFilterFunctionality] Clicking on the submit in the search bar
2026-02-19 05:43:56.317 PM [TestNG-test-Test-1] INFO  [verifyingGetItIn2DaysFilterFunctionality] [verifyingGetItIn2DaysFilterFunctionality] Waiting until element is visible in viewport
2026-02-19 05:43:56.350 PM [TestNG-test-Test-1] INFO  [verifyingGetItIn2DaysFilterFunctionality] [verifyingGetItIn2DaysFilterFunctionality] Within validateDeliveryFilterOptionsWithResult method
2026-02-19 05:43:56.350 PM [TestNG-test-Test-1] INFO  [verifyingGetItIn2DaysFilterFunctionality] [verifyingGetItIn2DaysFilterFunctionality] Within safeClick method
2026-02-19 05:43:56.530 PM [TestNG-test-Test-1] INFO  [verifyingGetItIn2DaysFilterFunctionality] [verifyingGetItIn2DaysFilterFunctionality] Clicked the  [[ChromeDriver: chrome on windows (e84edcb9035a86ca835954f3ae623fae)] -> xpath: //span[@class='a-size-base a-color-base puis-bold-weight-text' and text()='Delivery Day']/parent::div/following-sibling::ul//span[@class='a-size-base a-color-base' and text()='Get It in 2 Days']]   using safeClick
2026-02-19 05:43:58.531 PM [TestNG-test-Test-1] INFO  [verifyingGetItIn2DaysFilterFunctionality] [verifyingGetItIn2DaysFilterFunctionality] Within getMoreButtonByFilterTypeAndName method
2026-02-19 05:43:58.536 PM [TestNG-test-Test-1] INFO  [verifyingGetItIn2DaysFilterFunctionality] [verifyingGetItIn2DaysFilterFunctionality] Capturing screenshot: Filter_Applied_is_Get_It_in_2_Days__2026-02-19_174358.png
2026-02-19 05:43:58.810 PM [TestNG-test-Test-1] INFO  [verifyingGetItIn2DaysFilterFunctionality] [verifyingGetItIn2DaysFilterFunctionality] Screenshot saved at: test-output/screenshots/Run_2026-02-19_17-28-09/verifyingGetItIn2DaysFilterFunctionality/Filter_Applied_is_Get_It_in_2_Days__2026-02-19_174358.png
2026-02-19 05:43:58.810 PM [TestNG-test-Test-1] INFO  [verifyingGetItIn2DaysFilterFunctionality] [verifyingGetItIn2DaysFilterFunctionality] Clicked on By.xpath: //span[@class='a-size-base a-color-base puis-bold-weight-text' and text()='Delivery Day']/parent::div/following-sibling::ul//span[@class='a-size-base a-color-base' and text()='Get It in 2 Days']
2026-02-19 05:44:00.810 PM [TestNG-test-Test-1] INFO  [verifyingGetItIn2DaysFilterFunctionality] [verifyingGetItIn2DaysFilterFunctionality] Within safeFindElements 
2026-02-19 05:44:00.824 PM [TestNG-test-Test-1] INFO  [verifyingGetItIn2DaysFilterFunctionality] [verifyingGetItIn2DaysFilterFunctionality] Returning the  [[[ChromeDriver: chrome on windows (e84edcb9035a86ca835954f3ae623fae)] -> xpath: //div[@class='a-section a-spacing-small a-spacing-top-small']], [[ChromeDriver: chrome on windows (e84edcb9035a86ca835954f3ae623fae)] -> xpath: //div[@class='a-section a-spacing-small a-spacing-top-small']], [[ChromeDriver: chrome on windows (e84edcb9035a86ca835954f3ae623fae)] -> xpath: //div[@class='a-section a-spacing-small a-spacing-top-small']], [[ChromeDriver: chrome on windows (e84edcb9035a86ca835954f3ae623fae)] -> xpath: //div[@class='a-section a-spacing-small a-spacing-top-small']], [[ChromeDriver: chrome on windows (e84edcb9035a86ca835954f3ae623fae)] -> xpath: //div[@class='a-section a-spacing-small a-spacing-top-small']], [[ChromeDriver: chrome on windows (e84edcb9035a86ca835954f3ae623fae)] -> xpath: //div[@class='a-section a-spacing-small a-spacing-top-small']], [[ChromeDriver: chrome on windows (e84edcb9035a86ca835954f3ae623fae)] -> xpath: //div[@class='a-section a-spacing-small a-spacing-top-small']], [[ChromeDriver: chrome on windows (e84edcb9035a86ca835954f3ae623fae)] -> xpath: //div[@class='a-section a-spacing-small a-spacing-top-small']], [[ChromeDriver: chrome on windows (e84edcb9035a86ca835954f3ae623fae)] -> xpath: //div[@class='a-section a-spacing-small a-spacing-top-small']], [[ChromeDriver: chrome on windows (e84edcb9035a86ca835954f3ae623fae)] -> xpath: //div[@class='a-section a-spacing-small a-spacing-top-small']], [[ChromeDriver: chrome on windows (e84edcb9035a86ca835954f3ae623fae)] -> xpath: //div[@class='a-section a-spacing-small a-spacing-top-small']], [[ChromeDriver: chrome on windows (e84edcb9035a86ca835954f3ae623fae)] -> xpath: //div[@class='a-section a-spacing-small a-spacing-top-small']], [[ChromeDriver: chrome on windows (e84edcb9035a86ca835954f3ae623fae)] -> xpath: //div[@class='a-section a-spacing-small a-spacing-top-small']], [[ChromeDriver: chrome on windows (e84edcb9035a86ca835954f3ae623fae)] -> xpath: //div[@class='a-section a-spacing-small a-spacing-top-small']], [[ChromeDriver: chrome on windows (e84edcb9035a86ca835954f3ae623fae)] -> xpath: //div[@class='a-section a-spacing-small a-spacing-top-small']], [[ChromeDriver: chrome on windows (e84edcb9035a86ca835954f3ae623fae)] -> xpath: //div[@class='a-section a-spacing-small a-spacing-top-small']]] from the safeFindElements method
2026-02-19 05:44:00.824 PM [TestNG-test-Test-1] INFO  [verifyingGetItIn2DaysFilterFunctionality] [verifyingGetItIn2DaysFilterFunctionality] Created hashset with required data to assert with Within validateDeliveryFilterOptions method
2026-02-19 05:44:00.824 PM [TestNG-test-Test-1] INFO  [verifyingGetItIn2DaysFilterFunctionality] [verifyingGetItIn2DaysFilterFunctionality] this is the set  [Thu, Feb, Today, 19, Fri, Tomorrow, 20]
2026-02-19 05:44:00.824 PM [TestNG-test-Test-1] INFO  [verifyingGetItIn2DaysFilterFunctionality] [verifyingGetItIn2DaysFilterFunctionality] Within deliveryElements loop iterating over the products  Within validateDeliveryFilterOptions method
2026-02-19 05:44:00.850 PM [TestNG-test-Test-1] INFO  [verifyingGetItIn2DaysFilterFunctionality] [verifyingGetItIn2DaysFilterFunctionality] Checking if the allowedDateParts have the assert text   Within validateDeliveryFilterOptions method
2026-02-19 05:44:00.850 PM [TestNG-test-Test-1] INFO  [verifyingGetItIn2DaysFilterFunctionality] [verifyingGetItIn2DaysFilterFunctionality] Within deliveryElements loop iterating over the products  Within validateDeliveryFilterOptions method
2026-02-19 05:44:00.872 PM [TestNG-test-Test-1] INFO  [verifyingGetItIn2DaysFilterFunctionality] [verifyingGetItIn2DaysFilterFunctionality] Checking if the allowedDateParts have the assert text   Within validateDeliveryFilterOptions method
2026-02-19 05:44:00.872 PM [TestNG-test-Test-1] INFO  [verifyingGetItIn2DaysFilterFunctionality] [verifyingGetItIn2DaysFilterFunctionality] Within deliveryElements loop iterating over the products  Within validateDeliveryFilterOptions method
2026-02-19 05:44:00.894 PM [TestNG-test-Test-1] INFO  [verifyingGetItIn2DaysFilterFunctionality] [verifyingGetItIn2DaysFilterFunctionality] Checking if the allowedDateParts have the assert text   Within validateDeliveryFilterOptions method
2026-02-19 05:44:00.894 PM [TestNG-test-Test-1] INFO  [verifyingGetItIn2DaysFilterFunctionality] [verifyingGetItIn2DaysFilterFunctionality] Within deliveryElements loop iterating over the products  Within validateDeliveryFilterOptions method
2026-02-19 05:44:00.917 PM [TestNG-test-Test-1] INFO  [verifyingGetItIn2DaysFilterFunctionality] [verifyingGetItIn2DaysFilterFunctionality] Checking if the allowedDateParts have the assert text   Within validateDeliveryFilterOptions method
2026-02-19 05:44:00.918 PM [TestNG-test-Test-1] INFO  [verifyingGetItIn2DaysFilterFunctionality] [verifyingGetItIn2DaysFilterFunctionality] Within deliveryElements loop iterating over the products  Within validateDeliveryFilterOptions method
2026-02-19 05:44:00.941 PM [TestNG-test-Test-1] INFO  [verifyingGetItIn2DaysFilterFunctionality] [verifyingGetItIn2DaysFilterFunctionality] Checking if the allowedDateParts have the assert text   Within validateDeliveryFilterOptions method
2026-02-19 05:44:00.941 PM [TestNG-test-Test-1] INFO  [verifyingGetItIn2DaysFilterFunctionality] [verifyingGetItIn2DaysFilterFunctionality] Within deliveryElements loop iterating over the products  Within validateDeliveryFilterOptions method
2026-02-19 05:44:00.961 PM [TestNG-test-Test-1] INFO  [verifyingGetItIn2DaysFilterFunctionality] [verifyingGetItIn2DaysFilterFunctionality] Checking if the allowedDateParts have the assert text   Within validateDeliveryFilterOptions method
2026-02-19 05:44:00.961 PM [TestNG-test-Test-1] INFO  [verifyingGetItIn2DaysFilterFunctionality] [verifyingGetItIn2DaysFilterFunctionality] Within deliveryElements loop iterating over the products  Within validateDeliveryFilterOptions method
2026-02-19 05:44:00.985 PM [TestNG-test-Test-1] INFO  [verifyingGetItIn2DaysFilterFunctionality] [verifyingGetItIn2DaysFilterFunctionality] Checking if the allowedDateParts have the assert text   Within validateDeliveryFilterOptions method
2026-02-19 05:44:00.985 PM [TestNG-test-Test-1] INFO  [verifyingGetItIn2DaysFilterFunctionality] [verifyingGetItIn2DaysFilterFunctionality] Within deliveryElements loop iterating over the products  Within validateDeliveryFilterOptions method
2026-02-19 05:44:01.007 PM [TestNG-test-Test-1] INFO  [verifyingGetItIn2DaysFilterFunctionality] [verifyingGetItIn2DaysFilterFunctionality] Checking if the allowedDateParts have the assert text   Within validateDeliveryFilterOptions method
2026-02-19 05:44:01.007 PM [TestNG-test-Test-1] INFO  [verifyingGetItIn2DaysFilterFunctionality] [verifyingGetItIn2DaysFilterFunctionality] Within deliveryElements loop iterating over the products  Within validateDeliveryFilterOptions method
2026-02-19 05:44:01.027 PM [TestNG-test-Test-1] INFO  [verifyingGetItIn2DaysFilterFunctionality] [verifyingGetItIn2DaysFilterFunctionality] Checking if the allowedDateParts have the assert text   Within validateDeliveryFilterOptions method
2026-02-19 05:44:01.027 PM [TestNG-test-Test-1] INFO  [verifyingGetItIn2DaysFilterFunctionality] [verifyingGetItIn2DaysFilterFunctionality] Within deliveryElements loop iterating over the products  Within validateDeliveryFilterOptions method
2026-02-19 05:44:01.047 PM [TestNG-test-Test-1] INFO  [verifyingGetItIn2DaysFilterFunctionality] [verifyingGetItIn2DaysFilterFunctionality] Checking if the allowedDateParts have the assert text   Within validateDeliveryFilterOptions method
2026-02-19 05:44:01.047 PM [TestNG-test-Test-1] INFO  [verifyingGetItIn2DaysFilterFunctionality] [verifyingGetItIn2DaysFilterFunctionality] Within deliveryElements loop iterating over the products  Within validateDeliveryFilterOptions method
2026-02-19 05:44:01.063 PM [TestNG-test-Test-1] INFO  [verifyingGetItIn2DaysFilterFunctionality] [verifyingGetItIn2DaysFilterFunctionality] Assert text not found wihtin AllowedDateParts
2026-02-19 05:44:01.063 PM [TestNG-test-Test-1] INFO  [verifyingGetItIn2DaysFilterFunctionality] [verifyingGetItIn2DaysFilterFunctionality] Asserting delivery filter: isValid=false, index=10, text=SanDisk Ultra Dual Drive Go Type-C 128GB, OTG, Upto 400MB/S,usb3.2_gen_1 Pendrive, Navagio Bay, 5Y Warranty (SDDDC3-128G-I46NPD)
4.2
(3.5K)
1K+ bought in past month
See options
No featured offers available
₹2,299(2 new offers)
2026-02-19 05:44:01.067 PM [TestNG-test-Test-1] INFO  [verifyingGetItIn2DaysFilterFunctionality] ✅ Finished test method: verifyingGetItIn2DaysFilterFunctionality
