2026-03-04 06:58:25.235 PM [TestNG-test-Test-1] INFO  [verifyingGetItByTomorrowFilterFunctionality] 🔹 Starting test method: verifyingGetItByTomorrowFilterFunctionality
2026-03-04 06:58:25.239 PM [TestNG-test-Test-1] INFO  [verifyingGetItByTomorrowFilterFunctionality] No existing WebDriver found for current thread. Initializing a new ChromeDriver...
2026-03-04 06:58:25.250 PM [TestNG-test-Test-1] INFO  [verifyingGetItByTomorrowFilterFunctionality] WebDriverManager: chromedriver setup OK
2026-03-04 06:58:26.653 PM [TestNG-test-Test-1] INFO  [verifyingGetItByTomorrowFilterFunctionality] ChromeDriver initialized successfully for thread: 34
2026-03-04 06:58:27.808 PM [TestNG-test-Test-1] INFO  [verifyingGetItByTomorrowFilterFunctionality] [verifyingGetItByTomorrowFilterFunctionality] Opening amazon Landing page
2026-03-04 06:58:27.814 PM [TestNG-test-Test-1] INFO  [verifyingGetItByTomorrowFilterFunctionality] [verifyingGetItByTomorrowFilterFunctionality] Within safeFindElement method
2026-03-04 06:58:33.056 PM [TestNG-test-Test-1] INFO  [verifyingGetItByTomorrowFilterFunctionality] [verifyingGetItByTomorrowFilterFunctionality]Retrying findElement for: ->By.xpath: //a[@id='nav-logo-sprites']
2026-03-04 06:58:33.266 PM [TestNG-test-Test-1] INFO  [verifyingGetItByTomorrowFilterFunctionality] [verifyingGetItByTomorrowFilterFunctionality]Refrehsing the page , while trying to safely find : ->By.xpath: //a[@id='nav-logo-sprites']
2026-03-04 06:58:38.537 PM [TestNG-test-Test-1] INFO  [verifyingGetItByTomorrowFilterFunctionality] [verifyingGetItByTomorrowFilterFunctionality]Retrying findElement for: ->By.xpath: //a[@id='nav-logo-sprites']
2026-03-04 06:58:39.096 PM [TestNG-test-Test-1] INFO  [verifyingGetItByTomorrowFilterFunctionality] [verifyingGetItByTomorrowFilterFunctionality]Refrehsing the page , while trying to safely find : ->By.xpath: //a[@id='nav-logo-sprites']
2026-03-04 06:58:39.096 PM [TestNG-test-Test-1] INFO  [verifyingGetItByTomorrowFilterFunctionality] [verifyingGetItByTomorrowFilterFunctionality] Skipping action: Element not found after 2   attemps
2026-03-04 06:58:43.329 PM [TestNG-test-Test-1] INFO  [verifyingGetItByTomorrowFilterFunctionality] [verifyingGetItByTomorrowFilterFunctionality] Giving input within the search bar
2026-03-04 06:58:43.329 PM [TestNG-test-Test-1] INFO  [verifyingGetItByTomorrowFilterFunctionality] [verifyingGetItByTomorrowFilterFunctionality] Within safeClick method
2026-03-04 06:58:46.375 PM [TestNG-test-Test-1] INFO  [verifyingGetItByTomorrowFilterFunctionality] [verifyingGetItByTomorrowFilterFunctionality] Clicked the  [[ChromeDriver: chrome on windows (4f7263b7d562a9d698083de9b98bfc91)] -> xpath: //input[@id='nav-search-submit-button']]   using safeClick
2026-03-04 06:58:46.375 PM [TestNG-test-Test-1] INFO  [verifyingGetItByTomorrowFilterFunctionality] [verifyingGetItByTomorrowFilterFunctionality] Clicking on the submit in the search bar
2026-03-04 06:58:46.747 PM [TestNG-test-Test-1] INFO  [verifyingGetItByTomorrowFilterFunctionality] [verifyingGetItByTomorrowFilterFunctionality] Waiting until element is visible in viewport
2026-03-04 06:58:46.785 PM [TestNG-test-Test-1] INFO  [verifyingGetItByTomorrowFilterFunctionality] [verifyingGetItByTomorrowFilterFunctionality] Within validateDeliveryFilterOptionsWithResult method
2026-03-04 06:58:46.785 PM [TestNG-test-Test-1] INFO  [verifyingGetItByTomorrowFilterFunctionality] [verifyingGetItByTomorrowFilterFunctionality] Within safeClick method
2026-03-04 06:58:47.056 PM [TestNG-test-Test-1] INFO  [verifyingGetItByTomorrowFilterFunctionality] [verifyingGetItByTomorrowFilterFunctionality] Clicked the  [[ChromeDriver: chrome on windows (4f7263b7d562a9d698083de9b98bfc91)] -> xpath: //span[@class='a-size-base a-color-base puis-bold-weight-text' and text()='Delivery Day']/parent::div/following-sibling::ul//span[@class='a-size-base a-color-base' and text()='Get It by Tomorrow']]   using safeClick
2026-03-04 06:58:47.056 PM [TestNG-test-Test-1] INFO  [verifyingGetItByTomorrowFilterFunctionality] [verifyingGetItByTomorrowFilterFunctionality] Within getMoreButtonByFilterTypeAndName method
2026-03-04 06:58:47.058 PM [TestNG-test-Test-1] INFO  [verifyingGetItByTomorrowFilterFunctionality] [verifyingGetItByTomorrowFilterFunctionality] Capturing screenshot: Filter_Applied_is_Get_It_by_Tomorrow__2026-03-04_185847.jpg
2026-03-04 06:58:47.222 PM [TestNG-test-Test-1] INFO  [verifyingGetItByTomorrowFilterFunctionality] [verifyingGetItByTomorrowFilterFunctionality] Screenshot saved at: test-output/screenshots/Run_2026-03-04_18-29-44/verifyingGetItByTomorrowFilterFunctionality/Filter_Applied_is_Get_It_by_Tomorrow__2026-03-04_185847.jpg
2026-03-04 06:58:47.222 PM [TestNG-test-Test-1] INFO  [verifyingGetItByTomorrowFilterFunctionality] [verifyingGetItByTomorrowFilterFunctionality] Clicked on By.xpath: //span[@class='a-size-base a-color-base puis-bold-weight-text' and text()='Delivery Day']/parent::div/following-sibling::ul//span[@class='a-size-base a-color-base' and text()='Get It by Tomorrow']
2026-03-04 06:58:47.222 PM [TestNG-test-Test-1] INFO  [verifyingGetItByTomorrowFilterFunctionality] [verifyingGetItByTomorrowFilterFunctionality] Within safeFindElements 
2026-03-04 06:58:47.771 PM [TestNG-test-Test-1] INFO  [verifyingGetItByTomorrowFilterFunctionality] [verifyingGetItByTomorrowFilterFunctionality] Returning the  [[[ChromeDriver: chrome on windows (4f7263b7d562a9d698083de9b98bfc91)] -> xpath: //div[@class='a-section a-spacing-small a-spacing-top-small']], [[ChromeDriver: chrome on windows (4f7263b7d562a9d698083de9b98bfc91)] -> xpath: //div[@class='a-section a-spacing-small a-spacing-top-small']], [[ChromeDriver: chrome on windows (4f7263b7d562a9d698083de9b98bfc91)] -> xpath: //div[@class='a-section a-spacing-small a-spacing-top-small']], [[ChromeDriver: chrome on windows (4f7263b7d562a9d698083de9b98bfc91)] -> xpath: //div[@class='a-section a-spacing-small a-spacing-top-small']], [[ChromeDriver: chrome on windows (4f7263b7d562a9d698083de9b98bfc91)] -> xpath: //div[@class='a-section a-spacing-small a-spacing-top-small']], [[ChromeDriver: chrome on windows (4f7263b7d562a9d698083de9b98bfc91)] -> xpath: //div[@class='a-section a-spacing-small a-spacing-top-small']], [[ChromeDriver: chrome on windows (4f7263b7d562a9d698083de9b98bfc91)] -> xpath: //div[@class='a-section a-spacing-small a-spacing-top-small']]] from the safeFindElements method
2026-03-04 06:58:47.771 PM [TestNG-test-Test-1] INFO  [verifyingGetItByTomorrowFilterFunctionality] [verifyingGetItByTomorrowFilterFunctionality] Created hashset with required data to assert with Within validateDeliveryFilterOptions method
2026-03-04 06:58:47.771 PM [TestNG-test-Test-1] INFO  [verifyingGetItByTomorrowFilterFunctionality] [verifyingGetItByTomorrowFilterFunctionality] this is the set  [Thu, Today, 04, 05, FREE delivery, Wed, Tomorrow, Mar]
2026-03-04 06:58:47.771 PM [TestNG-test-Test-1] INFO  [verifyingGetItByTomorrowFilterFunctionality] [verifyingGetItByTomorrowFilterFunctionality] Within deliveryElements loop iterating over the products  Within validateDeliveryFilterOptions method
2026-03-04 06:58:47.808 PM [TestNG-test-Test-1] INFO  [verifyingGetItByTomorrowFilterFunctionality] [verifyingGetItByTomorrowFilterFunctionality] Checking if the allowedDateParts have the assert text   Within validateDeliveryFilterOptions method
2026-03-04 06:58:47.809 PM [TestNG-test-Test-1] INFO  [verifyingGetItByTomorrowFilterFunctionality] [verifyingGetItByTomorrowFilterFunctionality] Within deliveryElements loop iterating over the products  Within validateDeliveryFilterOptions method
2026-03-04 06:58:47.851 PM [TestNG-test-Test-1] INFO  [verifyingGetItByTomorrowFilterFunctionality] [verifyingGetItByTomorrowFilterFunctionality] Checking if the allowedDateParts have the assert text   Within validateDeliveryFilterOptions method
2026-03-04 06:58:47.851 PM [TestNG-test-Test-1] INFO  [verifyingGetItByTomorrowFilterFunctionality] [verifyingGetItByTomorrowFilterFunctionality] Within deliveryElements loop iterating over the products  Within validateDeliveryFilterOptions method
2026-03-04 06:58:47.885 PM [TestNG-test-Test-1] INFO  [verifyingGetItByTomorrowFilterFunctionality] [verifyingGetItByTomorrowFilterFunctionality] Checking if the allowedDateParts have the assert text   Within validateDeliveryFilterOptions method
2026-03-04 06:58:47.885 PM [TestNG-test-Test-1] INFO  [verifyingGetItByTomorrowFilterFunctionality] [verifyingGetItByTomorrowFilterFunctionality] Within deliveryElements loop iterating over the products  Within validateDeliveryFilterOptions method
2026-03-04 06:58:47.919 PM [TestNG-test-Test-1] INFO  [verifyingGetItByTomorrowFilterFunctionality] [verifyingGetItByTomorrowFilterFunctionality] Checking if the allowedDateParts have the assert text   Within validateDeliveryFilterOptions method
2026-03-04 06:58:47.919 PM [TestNG-test-Test-1] INFO  [verifyingGetItByTomorrowFilterFunctionality] [verifyingGetItByTomorrowFilterFunctionality] Within deliveryElements loop iterating over the products  Within validateDeliveryFilterOptions method
2026-03-04 06:58:47.950 PM [TestNG-test-Test-1] INFO  [verifyingGetItByTomorrowFilterFunctionality] [verifyingGetItByTomorrowFilterFunctionality] Checking if the allowedDateParts have the assert text   Within validateDeliveryFilterOptions method
2026-03-04 06:58:47.950 PM [TestNG-test-Test-1] INFO  [verifyingGetItByTomorrowFilterFunctionality] [verifyingGetItByTomorrowFilterFunctionality] Within deliveryElements loop iterating over the products  Within validateDeliveryFilterOptions method
2026-03-04 06:58:47.996 PM [TestNG-test-Test-1] INFO  [verifyingGetItByTomorrowFilterFunctionality] [verifyingGetItByTomorrowFilterFunctionality] Checking if the allowedDateParts have the assert text   Within validateDeliveryFilterOptions method
2026-03-04 06:58:47.996 PM [TestNG-test-Test-1] INFO  [verifyingGetItByTomorrowFilterFunctionality] [verifyingGetItByTomorrowFilterFunctionality] Within deliveryElements loop iterating over the products  Within validateDeliveryFilterOptions method
2026-03-04 06:58:48.025 PM [TestNG-test-Test-1] INFO  [verifyingGetItByTomorrowFilterFunctionality] [verifyingGetItByTomorrowFilterFunctionality] Checking if the allowedDateParts have the assert text   Within validateDeliveryFilterOptions method
2026-03-04 06:58:48.025 PM [TestNG-test-Test-1] INFO  [verifyingGetItByTomorrowFilterFunctionality] [verifyingGetItByTomorrowFilterFunctionality] Returning the list with boolean values   Within validateDeliveryFilterOptions method
2026-03-04 06:58:48.025 PM [TestNG-test-Test-1] INFO  [verifyingGetItByTomorrowFilterFunctionality] [verifyingGetItByTomorrowFilterFunctionality] Asserting delivery filter: isValid=true, index=-1, text=All the things are valid no errors
2026-03-04 06:58:48.030 PM [TestNG-test-Test-1] INFO  [verifyingGetItByTomorrowFilterFunctionality] ✅ Finished test method: verifyingGetItByTomorrowFilterFunctionality
2026-03-04 06:58:48.334 PM [TestNG-test-Test-1] INFO  [verifyingGetItByTomorrowFilterFunctionality] 🔹 Starting test method: verifyingGetItByTomorrowFilterFunctionality
2026-03-04 06:58:48.335 PM [TestNG-test-Test-1] INFO  [verifyingGetItByTomorrowFilterFunctionality] No existing WebDriver found for current thread. Initializing a new ChromeDriver...
2026-03-04 06:58:48.349 PM [TestNG-test-Test-1] INFO  [verifyingGetItByTomorrowFilterFunctionality] WebDriverManager: chromedriver setup OK
2026-03-04 06:58:49.760 PM [TestNG-test-Test-1] INFO  [verifyingGetItByTomorrowFilterFunctionality] ChromeDriver initialized successfully for thread: 34
2026-03-04 06:58:50.500 PM [TestNG-test-Test-1] INFO  [verifyingGetItByTomorrowFilterFunctionality] [verifyingGetItByTomorrowFilterFunctionality] Opening amazon Landing page
2026-03-04 06:58:50.500 PM [TestNG-test-Test-1] INFO  [verifyingGetItByTomorrowFilterFunctionality] [verifyingGetItByTomorrowFilterFunctionality] Within safeFindElement method
2026-03-04 06:58:55.689 PM [TestNG-test-Test-1] INFO  [verifyingGetItByTomorrowFilterFunctionality] [verifyingGetItByTomorrowFilterFunctionality]Retrying findElement for: ->By.xpath: //a[@id='nav-logo-sprites']
2026-03-04 06:59:00.232 PM [TestNG-test-Test-1] INFO  [verifyingGetItByTomorrowFilterFunctionality] [verifyingGetItByTomorrowFilterFunctionality]Refrehsing the page , while trying to safely find : ->By.xpath: //a[@id='nav-logo-sprites']
2026-03-04 06:59:00.733 PM [TestNG-test-Test-1] INFO  [verifyingGetItByTomorrowFilterFunctionality] [verifyingGetItByTomorrowFilterFunctionality]Found the element returning it ,element ->[[ChromeDriver: chrome on windows (cf68b648f2feb59b5b8b2e64bb27e048)] -> xpath: //a[@id='nav-logo-sprites']]
2026-03-04 06:59:01.400 PM [TestNG-test-Test-1] INFO  [verifyingGetItByTomorrowFilterFunctionality] [verifyingGetItByTomorrowFilterFunctionality] Giving input within the search bar
2026-03-04 06:59:01.400 PM [TestNG-test-Test-1] INFO  [verifyingGetItByTomorrowFilterFunctionality] [verifyingGetItByTomorrowFilterFunctionality] Within safeClick method
2026-03-04 06:59:10.925 PM [TestNG-test-Test-1] INFO  [verifyingGetItByTomorrowFilterFunctionality] [verifyingGetItByTomorrowFilterFunctionality] Clicked the  [[ChromeDriver: chrome on windows (cf68b648f2feb59b5b8b2e64bb27e048)] -> xpath: //input[@id='nav-search-submit-button']]   using safeClick
2026-03-04 06:59:10.926 PM [TestNG-test-Test-1] INFO  [verifyingGetItByTomorrowFilterFunctionality] [verifyingGetItByTomorrowFilterFunctionality] Clicking on the submit in the search bar
2026-03-04 06:59:11.407 PM [TestNG-test-Test-1] INFO  [verifyingGetItByTomorrowFilterFunctionality] [verifyingGetItByTomorrowFilterFunctionality] Waiting until element is visible in viewport
2026-03-04 06:59:11.556 PM [TestNG-test-Test-1] INFO  [verifyingGetItByTomorrowFilterFunctionality] [verifyingGetItByTomorrowFilterFunctionality] Within validateDeliveryFilterOptionsWithResult method
2026-03-04 06:59:11.556 PM [TestNG-test-Test-1] INFO  [verifyingGetItByTomorrowFilterFunctionality] [verifyingGetItByTomorrowFilterFunctionality] Within safeClick method
2026-03-04 06:59:11.864 PM [TestNG-test-Test-1] INFO  [verifyingGetItByTomorrowFilterFunctionality] [verifyingGetItByTomorrowFilterFunctionality] Clicked the  [[ChromeDriver: chrome on windows (cf68b648f2feb59b5b8b2e64bb27e048)] -> xpath: //span[@class='a-size-base a-color-base puis-bold-weight-text' and text()='Delivery Day']/parent::div/following-sibling::ul//span[@class='a-size-base a-color-base' and text()='Get It by Tomorrow']]   using safeClick
2026-03-04 06:59:11.864 PM [TestNG-test-Test-1] INFO  [verifyingGetItByTomorrowFilterFunctionality] [verifyingGetItByTomorrowFilterFunctionality] Within getMoreButtonByFilterTypeAndName method
2026-03-04 06:59:11.866 PM [TestNG-test-Test-1] INFO  [verifyingGetItByTomorrowFilterFunctionality] [verifyingGetItByTomorrowFilterFunctionality] Capturing screenshot: Filter_Applied_is_Get_It_by_Tomorrow__2026-03-04_185911.jpg
2026-03-04 06:59:12.016 PM [TestNG-test-Test-1] INFO  [verifyingGetItByTomorrowFilterFunctionality] [verifyingGetItByTomorrowFilterFunctionality] Screenshot saved at: test-output/screenshots/Run_2026-03-04_18-29-44/verifyingGetItByTomorrowFilterFunctionality/Filter_Applied_is_Get_It_by_Tomorrow__2026-03-04_185911.jpg
2026-03-04 06:59:12.016 PM [TestNG-test-Test-1] INFO  [verifyingGetItByTomorrowFilterFunctionality] [verifyingGetItByTomorrowFilterFunctionality] Clicked on By.xpath: //span[@class='a-size-base a-color-base puis-bold-weight-text' and text()='Delivery Day']/parent::div/following-sibling::ul//span[@class='a-size-base a-color-base' and text()='Get It by Tomorrow']
2026-03-04 06:59:12.016 PM [TestNG-test-Test-1] INFO  [verifyingGetItByTomorrowFilterFunctionality] [verifyingGetItByTomorrowFilterFunctionality] Within safeFindElements 
2026-03-04 06:59:12.566 PM [TestNG-test-Test-1] INFO  [verifyingGetItByTomorrowFilterFunctionality] [verifyingGetItByTomorrowFilterFunctionality] Returning the  [[[ChromeDriver: chrome on windows (cf68b648f2feb59b5b8b2e64bb27e048)] -> xpath: //div[@class='a-section a-spacing-small a-spacing-top-small']], [[ChromeDriver: chrome on windows (cf68b648f2feb59b5b8b2e64bb27e048)] -> xpath: //div[@class='a-section a-spacing-small a-spacing-top-small']], [[ChromeDriver: chrome on windows (cf68b648f2feb59b5b8b2e64bb27e048)] -> xpath: //div[@class='a-section a-spacing-small a-spacing-top-small']], [[ChromeDriver: chrome on windows (cf68b648f2feb59b5b8b2e64bb27e048)] -> xpath: //div[@class='a-section a-spacing-small a-spacing-top-small']]] from the safeFindElements method
2026-03-04 06:59:12.566 PM [TestNG-test-Test-1] INFO  [verifyingGetItByTomorrowFilterFunctionality] [verifyingGetItByTomorrowFilterFunctionality] Created hashset with required data to assert with Within validateDeliveryFilterOptions method
2026-03-04 06:59:12.567 PM [TestNG-test-Test-1] INFO  [verifyingGetItByTomorrowFilterFunctionality] [verifyingGetItByTomorrowFilterFunctionality] this is the set  [Thu, Today, 04, 05, FREE delivery, Wed, Tomorrow, Mar]
2026-03-04 06:59:12.567 PM [TestNG-test-Test-1] INFO  [verifyingGetItByTomorrowFilterFunctionality] [verifyingGetItByTomorrowFilterFunctionality] Within deliveryElements loop iterating over the products  Within validateDeliveryFilterOptions method
2026-03-04 06:59:13.060 PM [TestNG-test-Test-1] INFO  [verifyingGetItByTomorrowFilterFunctionality] [verifyingGetItByTomorrowFilterFunctionality] Checking if the allowedDateParts have the assert text   Within validateDeliveryFilterOptions method
2026-03-04 06:59:13.061 PM [TestNG-test-Test-1] INFO  [verifyingGetItByTomorrowFilterFunctionality] [verifyingGetItByTomorrowFilterFunctionality] Within deliveryElements loop iterating over the products  Within validateDeliveryFilterOptions method
2026-03-04 06:59:13.142 PM [TestNG-test-Test-1] INFO  [verifyingGetItByTomorrowFilterFunctionality] [verifyingGetItByTomorrowFilterFunctionality] Checking if the allowedDateParts have the assert text   Within validateDeliveryFilterOptions method
2026-03-04 06:59:13.143 PM [TestNG-test-Test-1] INFO  [verifyingGetItByTomorrowFilterFunctionality] [verifyingGetItByTomorrowFilterFunctionality] Within deliveryElements loop iterating over the products  Within validateDeliveryFilterOptions method
2026-03-04 06:59:13.201 PM [TestNG-test-Test-1] INFO  [verifyingGetItByTomorrowFilterFunctionality] [verifyingGetItByTomorrowFilterFunctionality] Checking if the allowedDateParts have the assert text   Within validateDeliveryFilterOptions method
2026-03-04 06:59:13.201 PM [TestNG-test-Test-1] INFO  [verifyingGetItByTomorrowFilterFunctionality] [verifyingGetItByTomorrowFilterFunctionality] Within deliveryElements loop iterating over the products  Within validateDeliveryFilterOptions method
2026-03-04 06:59:13.263 PM [TestNG-test-Test-1] INFO  [verifyingGetItByTomorrowFilterFunctionality] [verifyingGetItByTomorrowFilterFunctionality] Checking if the allowedDateParts have the assert text   Within validateDeliveryFilterOptions method
2026-03-04 06:59:13.263 PM [TestNG-test-Test-1] INFO  [verifyingGetItByTomorrowFilterFunctionality] [verifyingGetItByTomorrowFilterFunctionality] Returning the list with boolean values   Within validateDeliveryFilterOptions method
2026-03-04 06:59:13.263 PM [TestNG-test-Test-1] INFO  [verifyingGetItByTomorrowFilterFunctionality] [verifyingGetItByTomorrowFilterFunctionality] Asserting delivery filter: isValid=true, index=-1, text=All the things are valid no errors
2026-03-04 06:59:13.286 PM [TestNG-test-Test-1] INFO  [verifyingGetItByTomorrowFilterFunctionality] ✅ Finished test method: verifyingGetItByTomorrowFilterFunctionality
2026-03-04 06:59:13.810 PM [TestNG-test-Test-1] INFO  [verifyingGetItByTomorrowFilterFunctionality] 🔹 Starting test method: verifyingGetItByTomorrowFilterFunctionality
2026-03-04 06:59:13.810 PM [TestNG-test-Test-1] INFO  [verifyingGetItByTomorrowFilterFunctionality] No existing WebDriver found for current thread. Initializing a new ChromeDriver...
2026-03-04 06:59:13.820 PM [TestNG-test-Test-1] INFO  [verifyingGetItByTomorrowFilterFunctionality] WebDriverManager: chromedriver setup OK
2026-03-04 06:59:15.208 PM [TestNG-test-Test-1] INFO  [verifyingGetItByTomorrowFilterFunctionality] ChromeDriver initialized successfully for thread: 34
2026-03-04 06:59:15.479 PM [TestNG-test-Test-1] INFO  [verifyingGetItByTomorrowFilterFunctionality] [verifyingGetItByTomorrowFilterFunctionality] Opening amazon Landing page
2026-03-04 06:59:15.479 PM [TestNG-test-Test-1] INFO  [verifyingGetItByTomorrowFilterFunctionality] [verifyingGetItByTomorrowFilterFunctionality] Within safeFindElement method
2026-03-04 06:59:20.748 PM [TestNG-test-Test-1] INFO  [verifyingGetItByTomorrowFilterFunctionality] [verifyingGetItByTomorrowFilterFunctionality]Retrying findElement for: ->By.xpath: //a[@id='nav-logo-sprites']
2026-03-04 06:59:21.171 PM [TestNG-test-Test-1] INFO  [verifyingGetItByTomorrowFilterFunctionality] [verifyingGetItByTomorrowFilterFunctionality]Refrehsing the page , while trying to safely find : ->By.xpath: //a[@id='nav-logo-sprites']
2026-03-04 06:59:26.573 PM [TestNG-test-Test-1] INFO  [verifyingGetItByTomorrowFilterFunctionality] [verifyingGetItByTomorrowFilterFunctionality]Retrying findElement for: ->By.xpath: //a[@id='nav-logo-sprites']
2026-03-04 06:59:26.800 PM [TestNG-test-Test-1] INFO  [verifyingGetItByTomorrowFilterFunctionality] [verifyingGetItByTomorrowFilterFunctionality]Refrehsing the page , while trying to safely find : ->By.xpath: //a[@id='nav-logo-sprites']
2026-03-04 06:59:26.800 PM [TestNG-test-Test-1] INFO  [verifyingGetItByTomorrowFilterFunctionality] [verifyingGetItByTomorrowFilterFunctionality] Skipping action: Element not found after 2   attemps
2026-03-04 06:59:30.840 PM [TestNG-test-Test-1] INFO  [verifyingGetItByTomorrowFilterFunctionality] [verifyingGetItByTomorrowFilterFunctionality] Giving input within the search bar
2026-03-04 06:59:30.840 PM [TestNG-test-Test-1] INFO  [verifyingGetItByTomorrowFilterFunctionality] [verifyingGetItByTomorrowFilterFunctionality] Within safeClick method
2026-03-04 06:59:32.686 PM [TestNG-test-Test-1] INFO  [verifyingGetItByTomorrowFilterFunctionality] [verifyingGetItByTomorrowFilterFunctionality] Clicked the  [[ChromeDriver: chrome on windows (f3b9e29d4b1f620a556ae2cb4e201e78)] -> xpath: //input[@id='nav-search-submit-button']]   using safeClick
2026-03-04 06:59:32.686 PM [TestNG-test-Test-1] INFO  [verifyingGetItByTomorrowFilterFunctionality] [verifyingGetItByTomorrowFilterFunctionality] Clicking on the submit in the search bar
2026-03-04 06:59:32.840 PM [TestNG-test-Test-1] INFO  [verifyingGetItByTomorrowFilterFunctionality] [verifyingGetItByTomorrowFilterFunctionality] Waiting until element is visible in viewport
2026-03-04 06:59:32.867 PM [TestNG-test-Test-1] INFO  [verifyingGetItByTomorrowFilterFunctionality] [verifyingGetItByTomorrowFilterFunctionality] Within validateDeliveryFilterOptionsWithResult method
2026-03-04 06:59:32.867 PM [TestNG-test-Test-1] INFO  [verifyingGetItByTomorrowFilterFunctionality] [verifyingGetItByTomorrowFilterFunctionality] Within safeClick method
2026-03-04 06:59:33.218 PM [TestNG-test-Test-1] INFO  [verifyingGetItByTomorrowFilterFunctionality] [verifyingGetItByTomorrowFilterFunctionality] Clicked the  [[ChromeDriver: chrome on windows (f3b9e29d4b1f620a556ae2cb4e201e78)] -> xpath: //span[@class='a-size-base a-color-base puis-bold-weight-text' and text()='Delivery Day']/parent::div/following-sibling::ul//span[@class='a-size-base a-color-base' and text()='Get It by Tomorrow']]   using safeClick
2026-03-04 06:59:33.219 PM [TestNG-test-Test-1] INFO  [verifyingGetItByTomorrowFilterFunctionality] [verifyingGetItByTomorrowFilterFunctionality] Within getMoreButtonByFilterTypeAndName method
2026-03-04 06:59:33.220 PM [TestNG-test-Test-1] INFO  [verifyingGetItByTomorrowFilterFunctionality] [verifyingGetItByTomorrowFilterFunctionality] Capturing screenshot: Filter_Applied_is_Get_It_by_Tomorrow__2026-03-04_185933.jpg
2026-03-04 06:59:33.405 PM [TestNG-test-Test-1] INFO  [verifyingGetItByTomorrowFilterFunctionality] [verifyingGetItByTomorrowFilterFunctionality] Screenshot saved at: test-output/screenshots/Run_2026-03-04_18-29-44/verifyingGetItByTomorrowFilterFunctionality/Filter_Applied_is_Get_It_by_Tomorrow__2026-03-04_185933.jpg
2026-03-04 06:59:33.405 PM [TestNG-test-Test-1] INFO  [verifyingGetItByTomorrowFilterFunctionality] [verifyingGetItByTomorrowFilterFunctionality] Clicked on By.xpath: //span[@class='a-size-base a-color-base puis-bold-weight-text' and text()='Delivery Day']/parent::div/following-sibling::ul//span[@class='a-size-base a-color-base' and text()='Get It by Tomorrow']
2026-03-04 06:59:33.405 PM [TestNG-test-Test-1] INFO  [verifyingGetItByTomorrowFilterFunctionality] [verifyingGetItByTomorrowFilterFunctionality] Within safeFindElements 
2026-03-04 06:59:34.163 PM [TestNG-test-Test-1] INFO  [verifyingGetItByTomorrowFilterFunctionality] [verifyingGetItByTomorrowFilterFunctionality] Returning the  [[[ChromeDriver: chrome on windows (f3b9e29d4b1f620a556ae2cb4e201e78)] -> xpath: //div[@class='a-section a-spacing-small a-spacing-top-small']], [[ChromeDriver: chrome on windows (f3b9e29d4b1f620a556ae2cb4e201e78)] -> xpath: //div[@class='a-section a-spacing-small a-spacing-top-small']], [[ChromeDriver: chrome on windows (f3b9e29d4b1f620a556ae2cb4e201e78)] -> xpath: //div[@class='a-section a-spacing-small a-spacing-top-small']], [[ChromeDriver: chrome on windows (f3b9e29d4b1f620a556ae2cb4e201e78)] -> xpath: //div[@class='a-section a-spacing-small a-spacing-top-small']], [[ChromeDriver: chrome on windows (f3b9e29d4b1f620a556ae2cb4e201e78)] -> xpath: //div[@class='a-section a-spacing-small a-spacing-top-small']], [[ChromeDriver: chrome on windows (f3b9e29d4b1f620a556ae2cb4e201e78)] -> xpath: //div[@class='a-section a-spacing-small a-spacing-top-small']], [[ChromeDriver: chrome on windows (f3b9e29d4b1f620a556ae2cb4e201e78)] -> xpath: //div[@class='a-section a-spacing-small a-spacing-top-small']], [[ChromeDriver: chrome on windows (f3b9e29d4b1f620a556ae2cb4e201e78)] -> xpath: //div[@class='a-section a-spacing-small a-spacing-top-small']], [[ChromeDriver: chrome on windows (f3b9e29d4b1f620a556ae2cb4e201e78)] -> xpath: //div[@class='a-section a-spacing-small a-spacing-top-small']], [[ChromeDriver: chrome on windows (f3b9e29d4b1f620a556ae2cb4e201e78)] -> xpath: //div[@class='a-section a-spacing-small a-spacing-top-small']], [[ChromeDriver: chrome on windows (f3b9e29d4b1f620a556ae2cb4e201e78)] -> xpath: //div[@class='a-section a-spacing-small a-spacing-top-small']], [[ChromeDriver: chrome on windows (f3b9e29d4b1f620a556ae2cb4e201e78)] -> xpath: //div[@class='a-section a-spacing-small a-spacing-top-small']], [[ChromeDriver: chrome on windows (f3b9e29d4b1f620a556ae2cb4e201e78)] -> xpath: //div[@class='a-section a-spacing-small a-spacing-top-small']], [[ChromeDriver: chrome on windows (f3b9e29d4b1f620a556ae2cb4e201e78)] -> xpath: //div[@class='a-section a-spacing-small a-spacing-top-small']], [[ChromeDriver: chrome on windows (f3b9e29d4b1f620a556ae2cb4e201e78)] -> xpath: //div[@class='a-section a-spacing-small a-spacing-top-small']], [[ChromeDriver: chrome on windows (f3b9e29d4b1f620a556ae2cb4e201e78)] -> xpath: //div[@class='a-section a-spacing-small a-spacing-top-small']]] from the safeFindElements method
2026-03-04 06:59:34.163 PM [TestNG-test-Test-1] INFO  [verifyingGetItByTomorrowFilterFunctionality] [verifyingGetItByTomorrowFilterFunctionality] Created hashset with required data to assert with Within validateDeliveryFilterOptions method
2026-03-04 06:59:34.163 PM [TestNG-test-Test-1] INFO  [verifyingGetItByTomorrowFilterFunctionality] [verifyingGetItByTomorrowFilterFunctionality] this is the set  [Thu, Today, 04, 05, FREE delivery, Wed, Tomorrow, Mar]
2026-03-04 06:59:34.163 PM [TestNG-test-Test-1] INFO  [verifyingGetItByTomorrowFilterFunctionality] [verifyingGetItByTomorrowFilterFunctionality] Within deliveryElements loop iterating over the products  Within validateDeliveryFilterOptions method
2026-03-04 06:59:34.250 PM [TestNG-test-Test-1] INFO  [verifyingGetItByTomorrowFilterFunctionality] [verifyingGetItByTomorrowFilterFunctionality] Checking if the allowedDateParts have the assert text   Within validateDeliveryFilterOptions method
2026-03-04 06:59:34.250 PM [TestNG-test-Test-1] INFO  [verifyingGetItByTomorrowFilterFunctionality] [verifyingGetItByTomorrowFilterFunctionality] Within deliveryElements loop iterating over the products  Within validateDeliveryFilterOptions method
2026-03-04 06:59:34.292 PM [TestNG-test-Test-1] INFO  [verifyingGetItByTomorrowFilterFunctionality] [verifyingGetItByTomorrowFilterFunctionality] Checking if the allowedDateParts have the assert text   Within validateDeliveryFilterOptions method
2026-03-04 06:59:34.292 PM [TestNG-test-Test-1] INFO  [verifyingGetItByTomorrowFilterFunctionality] [verifyingGetItByTomorrowFilterFunctionality] Within deliveryElements loop iterating over the products  Within validateDeliveryFilterOptions method
2026-03-04 06:59:34.321 PM [TestNG-test-Test-1] INFO  [verifyingGetItByTomorrowFilterFunctionality] [verifyingGetItByTomorrowFilterFunctionality] Checking if the allowedDateParts have the assert text   Within validateDeliveryFilterOptions method
2026-03-04 06:59:34.321 PM [TestNG-test-Test-1] INFO  [verifyingGetItByTomorrowFilterFunctionality] [verifyingGetItByTomorrowFilterFunctionality] Within deliveryElements loop iterating over the products  Within validateDeliveryFilterOptions method
2026-03-04 06:59:34.360 PM [TestNG-test-Test-1] INFO  [verifyingGetItByTomorrowFilterFunctionality] [verifyingGetItByTomorrowFilterFunctionality] Checking if the allowedDateParts have the assert text   Within validateDeliveryFilterOptions method
2026-03-04 06:59:34.360 PM [TestNG-test-Test-1] INFO  [verifyingGetItByTomorrowFilterFunctionality] [verifyingGetItByTomorrowFilterFunctionality] Within deliveryElements loop iterating over the products  Within validateDeliveryFilterOptions method
2026-03-04 06:59:34.438 PM [TestNG-test-Test-1] INFO  [verifyingGetItByTomorrowFilterFunctionality] [verifyingGetItByTomorrowFilterFunctionality] Checking if the allowedDateParts have the assert text   Within validateDeliveryFilterOptions method
2026-03-04 06:59:34.438 PM [TestNG-test-Test-1] INFO  [verifyingGetItByTomorrowFilterFunctionality] [verifyingGetItByTomorrowFilterFunctionality] Within deliveryElements loop iterating over the products  Within validateDeliveryFilterOptions method
2026-03-04 06:59:34.472 PM [TestNG-test-Test-1] INFO  [verifyingGetItByTomorrowFilterFunctionality] [verifyingGetItByTomorrowFilterFunctionality] Checking if the allowedDateParts have the assert text   Within validateDeliveryFilterOptions method
2026-03-04 06:59:34.472 PM [TestNG-test-Test-1] INFO  [verifyingGetItByTomorrowFilterFunctionality] [verifyingGetItByTomorrowFilterFunctionality] Within deliveryElements loop iterating over the products  Within validateDeliveryFilterOptions method
2026-03-04 06:59:34.512 PM [TestNG-test-Test-1] INFO  [verifyingGetItByTomorrowFilterFunctionality] [verifyingGetItByTomorrowFilterFunctionality] Checking if the allowedDateParts have the assert text   Within validateDeliveryFilterOptions method
2026-03-04 06:59:34.513 PM [TestNG-test-Test-1] INFO  [verifyingGetItByTomorrowFilterFunctionality] [verifyingGetItByTomorrowFilterFunctionality] Within deliveryElements loop iterating over the products  Within validateDeliveryFilterOptions method
2026-03-04 06:59:34.537 PM [TestNG-test-Test-1] INFO  [verifyingGetItByTomorrowFilterFunctionality] [verifyingGetItByTomorrowFilterFunctionality] Checking if the allowedDateParts have the assert text   Within validateDeliveryFilterOptions method
2026-03-04 06:59:34.538 PM [TestNG-test-Test-1] INFO  [verifyingGetItByTomorrowFilterFunctionality] [verifyingGetItByTomorrowFilterFunctionality] Within deliveryElements loop iterating over the products  Within validateDeliveryFilterOptions method
2026-03-04 06:59:34.569 PM [TestNG-test-Test-1] INFO  [verifyingGetItByTomorrowFilterFunctionality] [verifyingGetItByTomorrowFilterFunctionality] Checking if the allowedDateParts have the assert text   Within validateDeliveryFilterOptions method
2026-03-04 06:59:34.569 PM [TestNG-test-Test-1] INFO  [verifyingGetItByTomorrowFilterFunctionality] [verifyingGetItByTomorrowFilterFunctionality] Within deliveryElements loop iterating over the products  Within validateDeliveryFilterOptions method
2026-03-04 06:59:34.597 PM [TestNG-test-Test-1] INFO  [verifyingGetItByTomorrowFilterFunctionality] [verifyingGetItByTomorrowFilterFunctionality] Checking if the allowedDateParts have the assert text   Within validateDeliveryFilterOptions method
2026-03-04 06:59:34.597 PM [TestNG-test-Test-1] INFO  [verifyingGetItByTomorrowFilterFunctionality] [verifyingGetItByTomorrowFilterFunctionality] Within deliveryElements loop iterating over the products  Within validateDeliveryFilterOptions method
2026-03-04 06:59:34.621 PM [TestNG-test-Test-1] INFO  [verifyingGetItByTomorrowFilterFunctionality] [verifyingGetItByTomorrowFilterFunctionality] Checking if the allowedDateParts have the assert text   Within validateDeliveryFilterOptions method
2026-03-04 06:59:34.621 PM [TestNG-test-Test-1] INFO  [verifyingGetItByTomorrowFilterFunctionality] [verifyingGetItByTomorrowFilterFunctionality] Within deliveryElements loop iterating over the products  Within validateDeliveryFilterOptions method
2026-03-04 06:59:34.647 PM [TestNG-test-Test-1] INFO  [verifyingGetItByTomorrowFilterFunctionality] [verifyingGetItByTomorrowFilterFunctionality] Checking if the allowedDateParts have the assert text   Within validateDeliveryFilterOptions method
2026-03-04 06:59:34.648 PM [TestNG-test-Test-1] INFO  [verifyingGetItByTomorrowFilterFunctionality] [verifyingGetItByTomorrowFilterFunctionality] Within deliveryElements loop iterating over the products  Within validateDeliveryFilterOptions method
2026-03-04 06:59:34.673 PM [TestNG-test-Test-1] INFO  [verifyingGetItByTomorrowFilterFunctionality] [verifyingGetItByTomorrowFilterFunctionality] Checking if the allowedDateParts have the assert text   Within validateDeliveryFilterOptions method
2026-03-04 06:59:34.673 PM [TestNG-test-Test-1] INFO  [verifyingGetItByTomorrowFilterFunctionality] [verifyingGetItByTomorrowFilterFunctionality] Within deliveryElements loop iterating over the products  Within validateDeliveryFilterOptions method
2026-03-04 06:59:34.721 PM [TestNG-test-Test-1] INFO  [verifyingGetItByTomorrowFilterFunctionality] [verifyingGetItByTomorrowFilterFunctionality] Checking if the allowedDateParts have the assert text   Within validateDeliveryFilterOptions method
2026-03-04 06:59:34.721 PM [TestNG-test-Test-1] INFO  [verifyingGetItByTomorrowFilterFunctionality] [verifyingGetItByTomorrowFilterFunctionality] Within deliveryElements loop iterating over the products  Within validateDeliveryFilterOptions method
2026-03-04 06:59:34.751 PM [TestNG-test-Test-1] INFO  [verifyingGetItByTomorrowFilterFunctionality] [verifyingGetItByTomorrowFilterFunctionality] Checking if the allowedDateParts have the assert text   Within validateDeliveryFilterOptions method
2026-03-04 06:59:34.752 PM [TestNG-test-Test-1] INFO  [verifyingGetItByTomorrowFilterFunctionality] [verifyingGetItByTomorrowFilterFunctionality] Within deliveryElements loop iterating over the products  Within validateDeliveryFilterOptions method
2026-03-04 06:59:34.793 PM [TestNG-test-Test-1] INFO  [verifyingGetItByTomorrowFilterFunctionality] [verifyingGetItByTomorrowFilterFunctionality] Checking if the allowedDateParts have the assert text   Within validateDeliveryFilterOptions method
2026-03-04 06:59:34.793 PM [TestNG-test-Test-1] INFO  [verifyingGetItByTomorrowFilterFunctionality] [verifyingGetItByTomorrowFilterFunctionality] Returning the list with boolean values   Within validateDeliveryFilterOptions method
2026-03-04 06:59:34.793 PM [TestNG-test-Test-1] INFO  [verifyingGetItByTomorrowFilterFunctionality] [verifyingGetItByTomorrowFilterFunctionality] Asserting delivery filter: isValid=true, index=-1, text=All the things are valid no errors
2026-03-04 06:59:34.800 PM [TestNG-test-Test-1] INFO  [verifyingGetItByTomorrowFilterFunctionality] ✅ Finished test method: verifyingGetItByTomorrowFilterFunctionality
