2026-01-05 06:48:40.382 PM [TestNG-test-Test-1] INFO  [verifyingGetItByTodayFilterFunctionality] 🔹 Starting test method: verifyingGetItByTodayFilterFunctionality
2026-01-05 06:48:40.423 PM [TestNG-test-Test-1] INFO  [verifyingGetItByTodayFilterFunctionality] No existing WebDriver found for current thread. Initializing a new ChromeDriver...
2026-01-05 06:48:40.435 PM [TestNG-test-Test-1] INFO  [verifyingGetItByTodayFilterFunctionality] WebDriverManager: chromedriver setup OK
2026-01-05 06:48:41.717 PM [TestNG-test-Test-1] INFO  [verifyingGetItByTodayFilterFunctionality] ChromeDriver initialized successfully for thread: 34
2026-01-05 06:48:42.395 PM [TestNG-test-Test-1] INFO  [verifyingGetItByTodayFilterFunctionality] [verifyingGetItByTodayFilterFunctionality] Opening amazon Landing page
2026-01-05 06:48:45.709 PM [TestNG-test-Test-1] INFO  [verifyingGetItByTodayFilterFunctionality] [verifyingGetItByTodayFilterFunctionality] Giving input within the search bar
2026-01-05 06:48:45.709 PM [TestNG-test-Test-1] INFO  [verifyingGetItByTodayFilterFunctionality] [verifyingGetItByTodayFilterFunctionality] Within safeClick method
2026-01-05 06:48:47.972 PM [TestNG-test-Test-1] INFO  [verifyingGetItByTodayFilterFunctionality] [verifyingGetItByTodayFilterFunctionality] Clicked the  [[ChromeDriver: chrome on windows (1e9c95d1c31fc809dc389e701460e075)] -> xpath: //input[@id='nav-search-submit-button']]   using safeClick
2026-01-05 06:48:47.972 PM [TestNG-test-Test-1] INFO  [verifyingGetItByTodayFilterFunctionality] [verifyingGetItByTodayFilterFunctionality] Clicking on the submit in the search bar
2026-01-05 06:48:48.102 PM [TestNG-test-Test-1] INFO  [verifyingGetItByTodayFilterFunctionality] [verifyingGetItByTodayFilterFunctionality] Waiting until element is visible in viewport
2026-01-05 06:48:48.134 PM [TestNG-test-Test-1] INFO  [verifyingGetItByTodayFilterFunctionality] [verifyingGetItByTodayFilterFunctionality] Within validateDeliveryFilterOptionsWithResult method
2026-01-05 06:48:48.134 PM [TestNG-test-Test-1] INFO  [verifyingGetItByTodayFilterFunctionality] [verifyingGetItByTodayFilterFunctionality] Within safeClick method
2026-01-05 06:48:48.311 PM [TestNG-test-Test-1] INFO  [verifyingGetItByTodayFilterFunctionality] [verifyingGetItByTodayFilterFunctionality] Clicked the  [[ChromeDriver: chrome on windows (1e9c95d1c31fc809dc389e701460e075)] -> xpath: //span[@class='a-size-base a-color-base puis-bold-weight-text' and text()='Delivery Day']/parent::div/following-sibling::ul//span[@class='a-size-base a-color-base' and text()='Get It Today']]   using safeClick
2026-01-05 06:48:50.312 PM [TestNG-test-Test-1] INFO  [verifyingGetItByTodayFilterFunctionality] [verifyingGetItByTodayFilterFunctionality] Within getMoreButtonByFilterTypeAndName method
2026-01-05 06:48:50.313 PM [TestNG-test-Test-1] INFO  [verifyingGetItByTodayFilterFunctionality] [verifyingGetItByTodayFilterFunctionality] Capturing screenshot: Filter Applied is Get It By Today__2026-01-05_184850.png
2026-01-05 06:48:50.411 PM [TestNG-test-Test-1] INFO  [verifyingGetItByTodayFilterFunctionality] [verifyingGetItByTodayFilterFunctionality] Screenshot saved at: test-output/screenshots/Run_2026-01-05_17-58-49/verifyingGetItByTodayFilterFunctionality/Filter Applied is Get It By Today__2026-01-05_184850.png
2026-01-05 06:48:50.411 PM [TestNG-test-Test-1] INFO  [verifyingGetItByTodayFilterFunctionality] [verifyingGetItByTodayFilterFunctionality] Clicked on By.xpath: //span[@class='a-size-base a-color-base puis-bold-weight-text' and text()='Delivery Day']/parent::div/following-sibling::ul//span[@class='a-size-base a-color-base' and text()='Get It Today']
2026-01-05 06:48:52.489 PM [TestNG-test-Test-1] INFO  [verifyingGetItByTodayFilterFunctionality] [verifyingGetItByTodayFilterFunctionality] Within safeFindElements 
2026-01-05 06:48:52.569 PM [TestNG-test-Test-1] INFO  [verifyingGetItByTodayFilterFunctionality] [verifyingGetItByTodayFilterFunctionality] Returning the  [[[ChromeDriver: chrome on windows (1e9c95d1c31fc809dc389e701460e075)] -> xpath: //div[@class='a-section a-spacing-small a-spacing-top-small']], [[ChromeDriver: chrome on windows (1e9c95d1c31fc809dc389e701460e075)] -> xpath: //div[@class='a-section a-spacing-small a-spacing-top-small']], [[ChromeDriver: chrome on windows (1e9c95d1c31fc809dc389e701460e075)] -> xpath: //div[@class='a-section a-spacing-small a-spacing-top-small']], [[ChromeDriver: chrome on windows (1e9c95d1c31fc809dc389e701460e075)] -> xpath: //div[@class='a-section a-spacing-small a-spacing-top-small']], [[ChromeDriver: chrome on windows (1e9c95d1c31fc809dc389e701460e075)] -> xpath: //div[@class='a-section a-spacing-small a-spacing-top-small']], [[ChromeDriver: chrome on windows (1e9c95d1c31fc809dc389e701460e075)] -> xpath: //div[@class='a-section a-spacing-small a-spacing-top-small']], [[ChromeDriver: chrome on windows (1e9c95d1c31fc809dc389e701460e075)] -> xpath: //div[@class='a-section a-spacing-small a-spacing-top-small']], [[ChromeDriver: chrome on windows (1e9c95d1c31fc809dc389e701460e075)] -> xpath: //div[@class='a-section a-spacing-small a-spacing-top-small']], [[ChromeDriver: chrome on windows (1e9c95d1c31fc809dc389e701460e075)] -> xpath: //div[@class='a-section a-spacing-small a-spacing-top-small']], [[ChromeDriver: chrome on windows (1e9c95d1c31fc809dc389e701460e075)] -> xpath: //div[@class='a-section a-spacing-small a-spacing-top-small']], [[ChromeDriver: chrome on windows (1e9c95d1c31fc809dc389e701460e075)] -> xpath: //div[@class='a-section a-spacing-small a-spacing-top-small']], [[ChromeDriver: chrome on windows (1e9c95d1c31fc809dc389e701460e075)] -> xpath: //div[@class='a-section a-spacing-small a-spacing-top-small']], [[ChromeDriver: chrome on windows (1e9c95d1c31fc809dc389e701460e075)] -> xpath: //div[@class='a-section a-spacing-small a-spacing-top-small']], [[ChromeDriver: chrome on windows (1e9c95d1c31fc809dc389e701460e075)] -> xpath: //div[@class='a-section a-spacing-small a-spacing-top-small']], [[ChromeDriver: chrome on windows (1e9c95d1c31fc809dc389e701460e075)] -> xpath: //div[@class='a-section a-spacing-small a-spacing-top-small']], [[ChromeDriver: chrome on windows (1e9c95d1c31fc809dc389e701460e075)] -> xpath: //div[@class='a-section a-spacing-small a-spacing-top-small']]] from the safeFindElements method
2026-01-05 06:48:52.772 PM [TestNG-test-Test-1] INFO  [verifyingGetItByTodayFilterFunctionality] [verifyingGetItByTodayFilterFunctionality] Created hashset with required data to assert with Within validateDeliveryFilterOptions method
2026-01-05 06:48:52.772 PM [TestNG-test-Test-1] INFO  [verifyingGetItByTodayFilterFunctionality] [verifyingGetItByTodayFilterFunctionality] this is the set  [Today, 05, Tue, Jan, 06, Mon, Tomorrow]
2026-01-05 06:48:52.772 PM [TestNG-test-Test-1] INFO  [verifyingGetItByTodayFilterFunctionality] [verifyingGetItByTodayFilterFunctionality] Within deliveryElements loop iterating over the products  Within validateDeliveryFilterOptions method
2026-01-05 06:48:52.866 PM [TestNG-test-Test-1] INFO  [verifyingGetItByTodayFilterFunctionality] [verifyingGetItByTodayFilterFunctionality] Checking if the allowedDateParts have the assert text   Within validateDeliveryFilterOptions method
2026-01-05 06:48:52.900 PM [TestNG-test-Test-1] INFO  [verifyingGetItByTodayFilterFunctionality] [verifyingGetItByTodayFilterFunctionality] Within deliveryElements loop iterating over the products  Within validateDeliveryFilterOptions method
2026-01-05 06:48:52.934 PM [TestNG-test-Test-1] INFO  [verifyingGetItByTodayFilterFunctionality] [verifyingGetItByTodayFilterFunctionality] Checking if the allowedDateParts have the assert text   Within validateDeliveryFilterOptions method
2026-01-05 06:48:52.934 PM [TestNG-test-Test-1] INFO  [verifyingGetItByTodayFilterFunctionality] [verifyingGetItByTodayFilterFunctionality] Within deliveryElements loop iterating over the products  Within validateDeliveryFilterOptions method
2026-01-05 06:48:52.972 PM [TestNG-test-Test-1] INFO  [verifyingGetItByTodayFilterFunctionality] [verifyingGetItByTodayFilterFunctionality] Checking if the allowedDateParts have the assert text   Within validateDeliveryFilterOptions method
2026-01-05 06:48:52.972 PM [TestNG-test-Test-1] INFO  [verifyingGetItByTodayFilterFunctionality] [verifyingGetItByTodayFilterFunctionality] Within deliveryElements loop iterating over the products  Within validateDeliveryFilterOptions method
2026-01-05 06:48:53.005 PM [TestNG-test-Test-1] INFO  [verifyingGetItByTodayFilterFunctionality] [verifyingGetItByTodayFilterFunctionality] Checking if the allowedDateParts have the assert text   Within validateDeliveryFilterOptions method
2026-01-05 06:48:53.006 PM [TestNG-test-Test-1] INFO  [verifyingGetItByTodayFilterFunctionality] [verifyingGetItByTodayFilterFunctionality] Within deliveryElements loop iterating over the products  Within validateDeliveryFilterOptions method
2026-01-05 06:48:53.040 PM [TestNG-test-Test-1] INFO  [verifyingGetItByTodayFilterFunctionality] [verifyingGetItByTodayFilterFunctionality] Checking if the allowedDateParts have the assert text   Within validateDeliveryFilterOptions method
2026-01-05 06:48:53.040 PM [TestNG-test-Test-1] INFO  [verifyingGetItByTodayFilterFunctionality] [verifyingGetItByTodayFilterFunctionality] Within deliveryElements loop iterating over the products  Within validateDeliveryFilterOptions method
2026-01-05 06:48:53.071 PM [TestNG-test-Test-1] INFO  [verifyingGetItByTodayFilterFunctionality] [verifyingGetItByTodayFilterFunctionality] Checking if the allowedDateParts have the assert text   Within validateDeliveryFilterOptions method
2026-01-05 06:48:53.071 PM [TestNG-test-Test-1] INFO  [verifyingGetItByTodayFilterFunctionality] [verifyingGetItByTodayFilterFunctionality] Within deliveryElements loop iterating over the products  Within validateDeliveryFilterOptions method
2026-01-05 06:48:53.101 PM [TestNG-test-Test-1] INFO  [verifyingGetItByTodayFilterFunctionality] [verifyingGetItByTodayFilterFunctionality] Checking if the allowedDateParts have the assert text   Within validateDeliveryFilterOptions method
2026-01-05 06:48:53.101 PM [TestNG-test-Test-1] INFO  [verifyingGetItByTodayFilterFunctionality] [verifyingGetItByTodayFilterFunctionality] Within deliveryElements loop iterating over the products  Within validateDeliveryFilterOptions method
2026-01-05 06:48:53.129 PM [TestNG-test-Test-1] INFO  [verifyingGetItByTodayFilterFunctionality] [verifyingGetItByTodayFilterFunctionality] Checking if the allowedDateParts have the assert text   Within validateDeliveryFilterOptions method
2026-01-05 06:48:53.129 PM [TestNG-test-Test-1] INFO  [verifyingGetItByTodayFilterFunctionality] [verifyingGetItByTodayFilterFunctionality] Within deliveryElements loop iterating over the products  Within validateDeliveryFilterOptions method
2026-01-05 06:48:53.156 PM [TestNG-test-Test-1] INFO  [verifyingGetItByTodayFilterFunctionality] [verifyingGetItByTodayFilterFunctionality] Checking if the allowedDateParts have the assert text   Within validateDeliveryFilterOptions method
2026-01-05 06:48:53.156 PM [TestNG-test-Test-1] INFO  [verifyingGetItByTodayFilterFunctionality] [verifyingGetItByTodayFilterFunctionality] Within deliveryElements loop iterating over the products  Within validateDeliveryFilterOptions method
2026-01-05 06:48:53.183 PM [TestNG-test-Test-1] INFO  [verifyingGetItByTodayFilterFunctionality] [verifyingGetItByTodayFilterFunctionality] Checking if the allowedDateParts have the assert text   Within validateDeliveryFilterOptions method
2026-01-05 06:48:53.183 PM [TestNG-test-Test-1] INFO  [verifyingGetItByTodayFilterFunctionality] [verifyingGetItByTodayFilterFunctionality] Within deliveryElements loop iterating over the products  Within validateDeliveryFilterOptions method
2026-01-05 06:48:53.213 PM [TestNG-test-Test-1] INFO  [verifyingGetItByTodayFilterFunctionality] [verifyingGetItByTodayFilterFunctionality] Checking if the allowedDateParts have the assert text   Within validateDeliveryFilterOptions method
2026-01-05 06:48:53.214 PM [TestNG-test-Test-1] INFO  [verifyingGetItByTodayFilterFunctionality] [verifyingGetItByTodayFilterFunctionality] Within deliveryElements loop iterating over the products  Within validateDeliveryFilterOptions method
2026-01-05 06:48:53.240 PM [TestNG-test-Test-1] INFO  [verifyingGetItByTodayFilterFunctionality] [verifyingGetItByTodayFilterFunctionality] Checking if the allowedDateParts have the assert text   Within validateDeliveryFilterOptions method
2026-01-05 06:48:53.240 PM [TestNG-test-Test-1] INFO  [verifyingGetItByTodayFilterFunctionality] [verifyingGetItByTodayFilterFunctionality] Within deliveryElements loop iterating over the products  Within validateDeliveryFilterOptions method
2026-01-05 06:48:53.268 PM [TestNG-test-Test-1] INFO  [verifyingGetItByTodayFilterFunctionality] [verifyingGetItByTodayFilterFunctionality] Checking if the allowedDateParts have the assert text   Within validateDeliveryFilterOptions method
2026-01-05 06:48:53.268 PM [TestNG-test-Test-1] INFO  [verifyingGetItByTodayFilterFunctionality] [verifyingGetItByTodayFilterFunctionality] Within deliveryElements loop iterating over the products  Within validateDeliveryFilterOptions method
2026-01-05 06:48:53.295 PM [TestNG-test-Test-1] INFO  [verifyingGetItByTodayFilterFunctionality] [verifyingGetItByTodayFilterFunctionality] Checking if the allowedDateParts have the assert text   Within validateDeliveryFilterOptions method
2026-01-05 06:48:53.295 PM [TestNG-test-Test-1] INFO  [verifyingGetItByTodayFilterFunctionality] [verifyingGetItByTodayFilterFunctionality] Within deliveryElements loop iterating over the products  Within validateDeliveryFilterOptions method
2026-01-05 06:48:53.324 PM [TestNG-test-Test-1] INFO  [verifyingGetItByTodayFilterFunctionality] [verifyingGetItByTodayFilterFunctionality] Checking if the allowedDateParts have the assert text   Within validateDeliveryFilterOptions method
2026-01-05 06:48:53.324 PM [TestNG-test-Test-1] INFO  [verifyingGetItByTodayFilterFunctionality] [verifyingGetItByTodayFilterFunctionality] Within deliveryElements loop iterating over the products  Within validateDeliveryFilterOptions method
2026-01-05 06:48:53.355 PM [TestNG-test-Test-1] INFO  [verifyingGetItByTodayFilterFunctionality] [verifyingGetItByTodayFilterFunctionality] Checking if the allowedDateParts have the assert text   Within validateDeliveryFilterOptions method
2026-01-05 06:48:53.364 PM [TestNG-test-Test-1] INFO  [verifyingGetItByTodayFilterFunctionality] [verifyingGetItByTodayFilterFunctionality] Returning the list with boolean values   Within validateDeliveryFilterOptions method
2026-01-05 06:48:53.367 PM [TestNG-test-Test-1] INFO  [verifyingGetItByTodayFilterFunctionality] [verifyingGetItByTodayFilterFunctionality] Asserting delivery filter: isValid=true, index=-1, text=All the things are valid no errors
2026-01-05 06:48:53.387 PM [TestNG-test-Test-1] INFO  [verifyingGetItByTodayFilterFunctionality] ✅ Finished test method: verifyingGetItByTodayFilterFunctionality
2026-01-05 06:48:53.653 PM [TestNG-test-Test-1] INFO  [verifyingGetItByTodayFilterFunctionality] 🔹 Starting test method: verifyingGetItByTodayFilterFunctionality
2026-01-05 06:48:53.653 PM [TestNG-test-Test-1] INFO  [verifyingGetItByTodayFilterFunctionality] No existing WebDriver found for current thread. Initializing a new ChromeDriver...
2026-01-05 06:48:53.663 PM [TestNG-test-Test-1] INFO  [verifyingGetItByTodayFilterFunctionality] WebDriverManager: chromedriver setup OK
2026-01-05 06:48:54.758 PM [TestNG-test-Test-1] INFO  [verifyingGetItByTodayFilterFunctionality] ChromeDriver initialized successfully for thread: 34
2026-01-05 06:48:55.476 PM [TestNG-test-Test-1] INFO  [verifyingGetItByTodayFilterFunctionality] [verifyingGetItByTodayFilterFunctionality] Opening amazon Landing page
2026-01-05 06:48:58.614 PM [TestNG-test-Test-1] INFO  [verifyingGetItByTodayFilterFunctionality] [verifyingGetItByTodayFilterFunctionality] Giving input within the search bar
2026-01-05 06:48:58.614 PM [TestNG-test-Test-1] INFO  [verifyingGetItByTodayFilterFunctionality] [verifyingGetItByTodayFilterFunctionality] Within safeClick method
2026-01-05 06:49:00.550 PM [TestNG-test-Test-1] INFO  [verifyingGetItByTodayFilterFunctionality] [verifyingGetItByTodayFilterFunctionality] Clicked the  [[ChromeDriver: chrome on windows (4a73b56013ab8e97c7cd30c52e9fe944)] -> xpath: //input[@id='nav-search-submit-button']]   using safeClick
2026-01-05 06:49:00.550 PM [TestNG-test-Test-1] INFO  [verifyingGetItByTodayFilterFunctionality] [verifyingGetItByTodayFilterFunctionality] Clicking on the submit in the search bar
2026-01-05 06:49:00.688 PM [TestNG-test-Test-1] INFO  [verifyingGetItByTodayFilterFunctionality] [verifyingGetItByTodayFilterFunctionality] Waiting until element is visible in viewport
2026-01-05 06:49:11.146 PM [TestNG-test-Test-1] WARN  [verifyingGetItByTodayFilterFunctionality] [verifyingGetItByTodayFilterFunctionality]  Filter option 'Get It Today' does not exist. Skipping the test.
2026-01-05 06:49:11.150 PM [TestNG-test-Test-1] INFO  [verifyingGetItByTodayFilterFunctionality] ✅ Finished test method: verifyingGetItByTodayFilterFunctionality
2026-01-05 06:49:11.407 PM [TestNG-test-Test-1] INFO  [verifyingGetItByTodayFilterFunctionality] 🔹 Starting test method: verifyingGetItByTodayFilterFunctionality
2026-01-05 06:49:11.407 PM [TestNG-test-Test-1] INFO  [verifyingGetItByTodayFilterFunctionality] No existing WebDriver found for current thread. Initializing a new ChromeDriver...
2026-01-05 06:49:11.419 PM [TestNG-test-Test-1] INFO  [verifyingGetItByTodayFilterFunctionality] WebDriverManager: chromedriver setup OK
2026-01-05 06:49:12.728 PM [TestNG-test-Test-1] INFO  [verifyingGetItByTodayFilterFunctionality] ChromeDriver initialized successfully for thread: 34
2026-01-05 06:49:13.413 PM [TestNG-test-Test-1] INFO  [verifyingGetItByTodayFilterFunctionality] [verifyingGetItByTodayFilterFunctionality] Opening amazon Landing page
2026-01-05 06:49:17.758 PM [TestNG-test-Test-1] INFO  [verifyingGetItByTodayFilterFunctionality] [verifyingGetItByTodayFilterFunctionality] Giving input within the search bar
2026-01-05 06:49:17.759 PM [TestNG-test-Test-1] INFO  [verifyingGetItByTodayFilterFunctionality] [verifyingGetItByTodayFilterFunctionality] Within safeClick method
2026-01-05 06:49:19.640 PM [TestNG-test-Test-1] INFO  [verifyingGetItByTodayFilterFunctionality] [verifyingGetItByTodayFilterFunctionality] Clicked the  [[ChromeDriver: chrome on windows (c713fc5ea977041cbdc800a8c2d7db1b)] -> xpath: //input[@id='nav-search-submit-button']]   using safeClick
2026-01-05 06:49:19.640 PM [TestNG-test-Test-1] INFO  [verifyingGetItByTodayFilterFunctionality] [verifyingGetItByTodayFilterFunctionality] Clicking on the submit in the search bar
2026-01-05 06:49:19.750 PM [TestNG-test-Test-1] INFO  [verifyingGetItByTodayFilterFunctionality] [verifyingGetItByTodayFilterFunctionality] Waiting until element is visible in viewport
2026-01-05 06:49:19.776 PM [TestNG-test-Test-1] INFO  [verifyingGetItByTodayFilterFunctionality] [verifyingGetItByTodayFilterFunctionality] Within validateDeliveryFilterOptionsWithResult method
2026-01-05 06:49:19.776 PM [TestNG-test-Test-1] INFO  [verifyingGetItByTodayFilterFunctionality] [verifyingGetItByTodayFilterFunctionality] Within safeClick method
2026-01-05 06:49:19.904 PM [TestNG-test-Test-1] INFO  [verifyingGetItByTodayFilterFunctionality] [verifyingGetItByTodayFilterFunctionality] Clicked the  [[ChromeDriver: chrome on windows (c713fc5ea977041cbdc800a8c2d7db1b)] -> xpath: //span[@class='a-size-base a-color-base puis-bold-weight-text' and text()='Delivery Day']/parent::div/following-sibling::ul//span[@class='a-size-base a-color-base' and text()='Get It Today']]   using safeClick
2026-01-05 06:49:21.917 PM [TestNG-test-Test-1] INFO  [verifyingGetItByTodayFilterFunctionality] [verifyingGetItByTodayFilterFunctionality] Within getMoreButtonByFilterTypeAndName method
2026-01-05 06:49:21.917 PM [TestNG-test-Test-1] INFO  [verifyingGetItByTodayFilterFunctionality] [verifyingGetItByTodayFilterFunctionality] Capturing screenshot: Filter Applied is Get It By Today__2026-01-05_184921.png
2026-01-05 06:49:21.976 PM [TestNG-test-Test-1] INFO  [verifyingGetItByTodayFilterFunctionality] [verifyingGetItByTodayFilterFunctionality] Screenshot saved at: test-output/screenshots/Run_2026-01-05_17-58-49/verifyingGetItByTodayFilterFunctionality/Filter Applied is Get It By Today__2026-01-05_184921.png
2026-01-05 06:49:21.976 PM [TestNG-test-Test-1] INFO  [verifyingGetItByTodayFilterFunctionality] [verifyingGetItByTodayFilterFunctionality] Clicked on By.xpath: //span[@class='a-size-base a-color-base puis-bold-weight-text' and text()='Delivery Day']/parent::div/following-sibling::ul//span[@class='a-size-base a-color-base' and text()='Get It Today']
2026-01-05 06:49:23.979 PM [TestNG-test-Test-1] INFO  [verifyingGetItByTodayFilterFunctionality] [verifyingGetItByTodayFilterFunctionality] Within safeFindElements 
2026-01-05 06:49:23.991 PM [TestNG-test-Test-1] INFO  [verifyingGetItByTodayFilterFunctionality] [verifyingGetItByTodayFilterFunctionality] Returning the  [[[ChromeDriver: chrome on windows (c713fc5ea977041cbdc800a8c2d7db1b)] -> xpath: //div[@class='a-section a-spacing-small a-spacing-top-small']], [[ChromeDriver: chrome on windows (c713fc5ea977041cbdc800a8c2d7db1b)] -> xpath: //div[@class='a-section a-spacing-small a-spacing-top-small']], [[ChromeDriver: chrome on windows (c713fc5ea977041cbdc800a8c2d7db1b)] -> xpath: //div[@class='a-section a-spacing-small a-spacing-top-small']], [[ChromeDriver: chrome on windows (c713fc5ea977041cbdc800a8c2d7db1b)] -> xpath: //div[@class='a-section a-spacing-small a-spacing-top-small']], [[ChromeDriver: chrome on windows (c713fc5ea977041cbdc800a8c2d7db1b)] -> xpath: //div[@class='a-section a-spacing-small a-spacing-top-small']], [[ChromeDriver: chrome on windows (c713fc5ea977041cbdc800a8c2d7db1b)] -> xpath: //div[@class='a-section a-spacing-small a-spacing-top-small']], [[ChromeDriver: chrome on windows (c713fc5ea977041cbdc800a8c2d7db1b)] -> xpath: //div[@class='a-section a-spacing-small a-spacing-top-small']], [[ChromeDriver: chrome on windows (c713fc5ea977041cbdc800a8c2d7db1b)] -> xpath: //div[@class='a-section a-spacing-small a-spacing-top-small']], [[ChromeDriver: chrome on windows (c713fc5ea977041cbdc800a8c2d7db1b)] -> xpath: //div[@class='a-section a-spacing-small a-spacing-top-small']], [[ChromeDriver: chrome on windows (c713fc5ea977041cbdc800a8c2d7db1b)] -> xpath: //div[@class='a-section a-spacing-small a-spacing-top-small']], [[ChromeDriver: chrome on windows (c713fc5ea977041cbdc800a8c2d7db1b)] -> xpath: //div[@class='a-section a-spacing-small a-spacing-top-small']], [[ChromeDriver: chrome on windows (c713fc5ea977041cbdc800a8c2d7db1b)] -> xpath: //div[@class='a-section a-spacing-small a-spacing-top-small']], [[ChromeDriver: chrome on windows (c713fc5ea977041cbdc800a8c2d7db1b)] -> xpath: //div[@class='a-section a-spacing-small a-spacing-top-small']], [[ChromeDriver: chrome on windows (c713fc5ea977041cbdc800a8c2d7db1b)] -> xpath: //div[@class='a-section a-spacing-small a-spacing-top-small']], [[ChromeDriver: chrome on windows (c713fc5ea977041cbdc800a8c2d7db1b)] -> xpath: //div[@class='a-section a-spacing-small a-spacing-top-small']], [[ChromeDriver: chrome on windows (c713fc5ea977041cbdc800a8c2d7db1b)] -> xpath: //div[@class='a-section a-spacing-small a-spacing-top-small']]] from the safeFindElements method
2026-01-05 06:49:23.992 PM [TestNG-test-Test-1] INFO  [verifyingGetItByTodayFilterFunctionality] [verifyingGetItByTodayFilterFunctionality] Created hashset with required data to assert with Within validateDeliveryFilterOptions method
2026-01-05 06:49:23.992 PM [TestNG-test-Test-1] INFO  [verifyingGetItByTodayFilterFunctionality] [verifyingGetItByTodayFilterFunctionality] this is the set  [Today, 05, Tue, Jan, 06, Mon, Tomorrow]
2026-01-05 06:49:23.992 PM [TestNG-test-Test-1] INFO  [verifyingGetItByTodayFilterFunctionality] [verifyingGetItByTodayFilterFunctionality] Within deliveryElements loop iterating over the products  Within validateDeliveryFilterOptions method
2026-01-05 06:49:24.024 PM [TestNG-test-Test-1] INFO  [verifyingGetItByTodayFilterFunctionality] [verifyingGetItByTodayFilterFunctionality] Checking if the allowedDateParts have the assert text   Within validateDeliveryFilterOptions method
2026-01-05 06:49:24.024 PM [TestNG-test-Test-1] INFO  [verifyingGetItByTodayFilterFunctionality] [verifyingGetItByTodayFilterFunctionality] Within deliveryElements loop iterating over the products  Within validateDeliveryFilterOptions method
2026-01-05 06:49:24.048 PM [TestNG-test-Test-1] INFO  [verifyingGetItByTodayFilterFunctionality] [verifyingGetItByTodayFilterFunctionality] Checking if the allowedDateParts have the assert text   Within validateDeliveryFilterOptions method
2026-01-05 06:49:24.048 PM [TestNG-test-Test-1] INFO  [verifyingGetItByTodayFilterFunctionality] [verifyingGetItByTodayFilterFunctionality] Within deliveryElements loop iterating over the products  Within validateDeliveryFilterOptions method
2026-01-05 06:49:24.074 PM [TestNG-test-Test-1] INFO  [verifyingGetItByTodayFilterFunctionality] [verifyingGetItByTodayFilterFunctionality] Checking if the allowedDateParts have the assert text   Within validateDeliveryFilterOptions method
2026-01-05 06:49:24.074 PM [TestNG-test-Test-1] INFO  [verifyingGetItByTodayFilterFunctionality] [verifyingGetItByTodayFilterFunctionality] Within deliveryElements loop iterating over the products  Within validateDeliveryFilterOptions method
2026-01-05 06:49:24.097 PM [TestNG-test-Test-1] INFO  [verifyingGetItByTodayFilterFunctionality] [verifyingGetItByTodayFilterFunctionality] Checking if the allowedDateParts have the assert text   Within validateDeliveryFilterOptions method
2026-01-05 06:49:24.097 PM [TestNG-test-Test-1] INFO  [verifyingGetItByTodayFilterFunctionality] [verifyingGetItByTodayFilterFunctionality] Within deliveryElements loop iterating over the products  Within validateDeliveryFilterOptions method
2026-01-05 06:49:24.121 PM [TestNG-test-Test-1] INFO  [verifyingGetItByTodayFilterFunctionality] [verifyingGetItByTodayFilterFunctionality] Checking if the allowedDateParts have the assert text   Within validateDeliveryFilterOptions method
2026-01-05 06:49:24.121 PM [TestNG-test-Test-1] INFO  [verifyingGetItByTodayFilterFunctionality] [verifyingGetItByTodayFilterFunctionality] Within deliveryElements loop iterating over the products  Within validateDeliveryFilterOptions method
2026-01-05 06:49:24.150 PM [TestNG-test-Test-1] INFO  [verifyingGetItByTodayFilterFunctionality] [verifyingGetItByTodayFilterFunctionality] Checking if the allowedDateParts have the assert text   Within validateDeliveryFilterOptions method
2026-01-05 06:49:24.151 PM [TestNG-test-Test-1] INFO  [verifyingGetItByTodayFilterFunctionality] [verifyingGetItByTodayFilterFunctionality] Within deliveryElements loop iterating over the products  Within validateDeliveryFilterOptions method
2026-01-05 06:49:24.174 PM [TestNG-test-Test-1] INFO  [verifyingGetItByTodayFilterFunctionality] [verifyingGetItByTodayFilterFunctionality] Checking if the allowedDateParts have the assert text   Within validateDeliveryFilterOptions method
2026-01-05 06:49:24.174 PM [TestNG-test-Test-1] INFO  [verifyingGetItByTodayFilterFunctionality] [verifyingGetItByTodayFilterFunctionality] Within deliveryElements loop iterating over the products  Within validateDeliveryFilterOptions method
2026-01-05 06:49:24.205 PM [TestNG-test-Test-1] INFO  [verifyingGetItByTodayFilterFunctionality] [verifyingGetItByTodayFilterFunctionality] Checking if the allowedDateParts have the assert text   Within validateDeliveryFilterOptions method
2026-01-05 06:49:24.205 PM [TestNG-test-Test-1] INFO  [verifyingGetItByTodayFilterFunctionality] [verifyingGetItByTodayFilterFunctionality] Within deliveryElements loop iterating over the products  Within validateDeliveryFilterOptions method
2026-01-05 06:49:24.231 PM [TestNG-test-Test-1] INFO  [verifyingGetItByTodayFilterFunctionality] [verifyingGetItByTodayFilterFunctionality] Checking if the allowedDateParts have the assert text   Within validateDeliveryFilterOptions method
2026-01-05 06:49:24.231 PM [TestNG-test-Test-1] INFO  [verifyingGetItByTodayFilterFunctionality] [verifyingGetItByTodayFilterFunctionality] Within deliveryElements loop iterating over the products  Within validateDeliveryFilterOptions method
2026-01-05 06:49:24.253 PM [TestNG-test-Test-1] INFO  [verifyingGetItByTodayFilterFunctionality] [verifyingGetItByTodayFilterFunctionality] Checking if the allowedDateParts have the assert text   Within validateDeliveryFilterOptions method
2026-01-05 06:49:24.254 PM [TestNG-test-Test-1] INFO  [verifyingGetItByTodayFilterFunctionality] [verifyingGetItByTodayFilterFunctionality] Within deliveryElements loop iterating over the products  Within validateDeliveryFilterOptions method
2026-01-05 06:49:24.277 PM [TestNG-test-Test-1] INFO  [verifyingGetItByTodayFilterFunctionality] [verifyingGetItByTodayFilterFunctionality] Checking if the allowedDateParts have the assert text   Within validateDeliveryFilterOptions method
2026-01-05 06:49:24.277 PM [TestNG-test-Test-1] INFO  [verifyingGetItByTodayFilterFunctionality] [verifyingGetItByTodayFilterFunctionality] Within deliveryElements loop iterating over the products  Within validateDeliveryFilterOptions method
2026-01-05 06:49:24.298 PM [TestNG-test-Test-1] INFO  [verifyingGetItByTodayFilterFunctionality] [verifyingGetItByTodayFilterFunctionality] Checking if the allowedDateParts have the assert text   Within validateDeliveryFilterOptions method
2026-01-05 06:49:24.298 PM [TestNG-test-Test-1] INFO  [verifyingGetItByTodayFilterFunctionality] [verifyingGetItByTodayFilterFunctionality] Within deliveryElements loop iterating over the products  Within validateDeliveryFilterOptions method
2026-01-05 06:49:24.320 PM [TestNG-test-Test-1] INFO  [verifyingGetItByTodayFilterFunctionality] [verifyingGetItByTodayFilterFunctionality] Checking if the allowedDateParts have the assert text   Within validateDeliveryFilterOptions method
2026-01-05 06:49:24.321 PM [TestNG-test-Test-1] INFO  [verifyingGetItByTodayFilterFunctionality] [verifyingGetItByTodayFilterFunctionality] Within deliveryElements loop iterating over the products  Within validateDeliveryFilterOptions method
2026-01-05 06:49:24.344 PM [TestNG-test-Test-1] INFO  [verifyingGetItByTodayFilterFunctionality] [verifyingGetItByTodayFilterFunctionality] Checking if the allowedDateParts have the assert text   Within validateDeliveryFilterOptions method
2026-01-05 06:49:24.344 PM [TestNG-test-Test-1] INFO  [verifyingGetItByTodayFilterFunctionality] [verifyingGetItByTodayFilterFunctionality] Within deliveryElements loop iterating over the products  Within validateDeliveryFilterOptions method
2026-01-05 06:49:24.365 PM [TestNG-test-Test-1] INFO  [verifyingGetItByTodayFilterFunctionality] [verifyingGetItByTodayFilterFunctionality] Checking if the allowedDateParts have the assert text   Within validateDeliveryFilterOptions method
2026-01-05 06:49:24.365 PM [TestNG-test-Test-1] INFO  [verifyingGetItByTodayFilterFunctionality] [verifyingGetItByTodayFilterFunctionality] Within deliveryElements loop iterating over the products  Within validateDeliveryFilterOptions method
2026-01-05 06:49:24.385 PM [TestNG-test-Test-1] INFO  [verifyingGetItByTodayFilterFunctionality] [verifyingGetItByTodayFilterFunctionality] Checking if the allowedDateParts have the assert text   Within validateDeliveryFilterOptions method
2026-01-05 06:49:24.385 PM [TestNG-test-Test-1] INFO  [verifyingGetItByTodayFilterFunctionality] [verifyingGetItByTodayFilterFunctionality] Returning the list with boolean values   Within validateDeliveryFilterOptions method
2026-01-05 06:49:24.386 PM [TestNG-test-Test-1] INFO  [verifyingGetItByTodayFilterFunctionality] [verifyingGetItByTodayFilterFunctionality] Asserting delivery filter: isValid=true, index=-1, text=All the things are valid no errors
2026-01-05 06:49:24.390 PM [TestNG-test-Test-1] INFO  [verifyingGetItByTodayFilterFunctionality] ✅ Finished test method: verifyingGetItByTodayFilterFunctionality
