10:04:06 [TestNG-test-Test-3] INFO  verifyingFreeDeliveryFilterFunctionality_Tablet_10-04-06 - No existing WebDriver found for current thread. Initializing a new ChromeDriver...
10:04:06 [TestNG-test-Test-3] INFO  verifyingFreeDeliveryFilterFunctionality_Tablet_10-04-06 - WebDriverManager: chromedriver setup OK
10:04:09 [TestNG-test-Test-3] INFO  verifyingFreeDeliveryFilterFunctionality_Tablet_10-04-06 - ChromeDriver initialized successfully for thread: 36
10:04:10 [TestNG-test-Test-3] INFO  verifyingFreeDeliveryFilterFunctionality_Tablet_10-04-06 - [verifyingFreeDeliveryFilterFunctionality_Tablet_10-04-06] Opening amazon Landing page
10:04:10 [TestNG-test-Test-3] INFO  verifyingFreeDeliveryFilterFunctionality_Tablet_10-04-06 - [verifyingFreeDeliveryFilterFunctionality_Tablet_10-04-06] Within safeFindElement method
10:04:15 [TestNG-test-Test-3] INFO  verifyingFreeDeliveryFilterFunctionality_Tablet_10-04-06 - [verifyingFreeDeliveryFilterFunctionality_Tablet_10-04-06]Retrying findElement for: ->By.xpath: //a[@id='nav-logo-sprites']
10:04:15 [TestNG-test-Test-3] INFO  verifyingFreeDeliveryFilterFunctionality_Tablet_10-04-06 - [verifyingFreeDeliveryFilterFunctionality_Tablet_10-04-06]Refrehsing the page , while trying to safely find : ->By.xpath: //a[@id='nav-logo-sprites']
10:04:20 [TestNG-test-Test-3] INFO  verifyingFreeDeliveryFilterFunctionality_Tablet_10-04-06 - [verifyingFreeDeliveryFilterFunctionality_Tablet_10-04-06]Retrying findElement for: ->By.xpath: //a[@id='nav-logo-sprites']
10:04:21 [TestNG-test-Test-3] INFO  verifyingFreeDeliveryFilterFunctionality_Tablet_10-04-06 - [verifyingFreeDeliveryFilterFunctionality_Tablet_10-04-06]Refrehsing the page , while trying to safely find : ->By.xpath: //a[@id='nav-logo-sprites']
10:04:21 [TestNG-test-Test-3] INFO  verifyingFreeDeliveryFilterFunctionality_Tablet_10-04-06 - [verifyingFreeDeliveryFilterFunctionality_Tablet_10-04-06] Skipping action: Element not found after 2   attemps
10:04:25 [TestNG-test-Test-3] INFO  verifyingFreeDeliveryFilterFunctionality_Tablet_10-04-06 - [verifyingFreeDeliveryFilterFunctionality_Tablet_10-04-06] Giving input within the search bar
10:04:25 [TestNG-test-Test-3] INFO  verifyingFreeDeliveryFilterFunctionality_Tablet_10-04-06 - [verifyingFreeDeliveryFilterFunctionality_Tablet_10-04-06] Within safeClick method
10:04:27 [TestNG-test-Test-3] INFO  verifyingFreeDeliveryFilterFunctionality_Tablet_10-04-06 - [verifyingFreeDeliveryFilterFunctionality_Tablet_10-04-06] Clicked the  [[ChromeDriver: chrome on windows (b69097c770a8d313c4547dd8e39f0a64)] -> xpath: //input[@id='nav-search-submit-button']]   using safeClick
10:04:27 [TestNG-test-Test-3] INFO  verifyingFreeDeliveryFilterFunctionality_Tablet_10-04-06 - [verifyingFreeDeliveryFilterFunctionality_Tablet_10-04-06] Clicking on the submit in the search bar
10:04:28 [TestNG-test-Test-3] INFO  verifyingFreeDeliveryFilterFunctionality_Tablet_10-04-06 - [verifyingFreeDeliveryFilterFunctionality_Tablet_10-04-06] Waiting until element is visible in viewport
10:04:28 [TestNG-test-Test-3] INFO  verifyingFreeDeliveryFilterFunctionality_Tablet_10-04-06 - [verifyingFreeDeliveryFilterFunctionality_Tablet_10-04-06] Within validateDeliveryFilterOptionsWithResult method
10:04:28 [TestNG-test-Test-3] INFO  verifyingFreeDeliveryFilterFunctionality_Tablet_10-04-06 - [verifyingFreeDeliveryFilterFunctionality_Tablet_10-04-06] Within safeClick method
10:04:30 [TestNG-test-Test-3] INFO  verifyingFreeDeliveryFilterFunctionality_Tablet_10-04-06 - [verifyingFreeDeliveryFilterFunctionality_Tablet_10-04-06] Clicked the  [[ChromeDriver: chrome on windows (b69097c770a8d313c4547dd8e39f0a64)] -> xpath: //span[@class='a-size-base a-color-base puis-bold-weight-text' and text()='Eligible for Free Delivery']/parent::div/following-sibling::ul//span[@class='a-size-base a-color-base' and text()='Free Shipping']]   using safeClick
10:04:30 [TestNG-test-Test-3] INFO  verifyingFreeDeliveryFilterFunctionality_Tablet_10-04-06 - [verifyingFreeDeliveryFilterFunctionality_Tablet_10-04-06] Within getMoreButtonByFilterTypeAndName method
10:04:30 [TestNG-test-Test-3] INFO  verifyingFreeDeliveryFilterFunctionality_Tablet_10-04-06 - [verifyingFreeDeliveryFilterFunctionality_Tablet_10-04-06] Clicked on By.xpath: //span[@class='a-size-base a-color-base puis-bold-weight-text' and text()='Eligible for Free Delivery']/parent::div/following-sibling::ul//span[@class='a-size-base a-color-base' and text()='Free Shipping']
10:04:30 [TestNG-test-Test-3] INFO  verifyingFreeDeliveryFilterFunctionality_Tablet_10-04-06 - [verifyingFreeDeliveryFilterFunctionality_Tablet_10-04-06] Within safeFindElements 
10:04:30 [TestNG-test-Test-3] INFO  verifyingFreeDeliveryFilterFunctionality_Tablet_10-04-06 - [verifyingFreeDeliveryFilterFunctionality_Tablet_10-04-06] Returning the  [[[ChromeDriver: chrome on windows (b69097c770a8d313c4547dd8e39f0a64)] -> xpath: //div[@class='a-section a-spacing-small a-spacing-top-small']], [[ChromeDriver: chrome on windows (b69097c770a8d313c4547dd8e39f0a64)] -> xpath: //div[@class='a-section a-spacing-small a-spacing-top-small']], [[ChromeDriver: chrome on windows (b69097c770a8d313c4547dd8e39f0a64)] -> xpath: //div[@class='a-section a-spacing-small a-spacing-top-small']], [[ChromeDriver: chrome on windows (b69097c770a8d313c4547dd8e39f0a64)] -> xpath: //div[@class='a-section a-spacing-small a-spacing-top-small']], [[ChromeDriver: chrome on windows (b69097c770a8d313c4547dd8e39f0a64)] -> xpath: //div[@class='a-section a-spacing-small a-spacing-top-small']], [[ChromeDriver: chrome on windows (b69097c770a8d313c4547dd8e39f0a64)] -> xpath: //div[@class='a-section a-spacing-small a-spacing-top-small']], [[ChromeDriver: chrome on windows (b69097c770a8d313c4547dd8e39f0a64)] -> xpath: //div[@class='a-section a-spacing-small a-spacing-top-small']], [[ChromeDriver: chrome on windows (b69097c770a8d313c4547dd8e39f0a64)] -> xpath: //div[@class='a-section a-spacing-small a-spacing-top-small']], [[ChromeDriver: chrome on windows (b69097c770a8d313c4547dd8e39f0a64)] -> xpath: //div[@class='a-section a-spacing-small a-spacing-top-small']], [[ChromeDriver: chrome on windows (b69097c770a8d313c4547dd8e39f0a64)] -> xpath: //div[@class='a-section a-spacing-small a-spacing-top-small']], [[ChromeDriver: chrome on windows (b69097c770a8d313c4547dd8e39f0a64)] -> xpath: //div[@class='a-section a-spacing-small a-spacing-top-small']], [[ChromeDriver: chrome on windows (b69097c770a8d313c4547dd8e39f0a64)] -> xpath: //div[@class='a-section a-spacing-small a-spacing-top-small']], [[ChromeDriver: chrome on windows (b69097c770a8d313c4547dd8e39f0a64)] -> xpath: //div[@class='a-section a-spacing-small a-spacing-top-small']], [[ChromeDriver: chrome on windows (b69097c770a8d313c4547dd8e39f0a64)] -> xpath: //div[@class='a-section a-spacing-small a-spacing-top-small']], [[ChromeDriver: chrome on windows (b69097c770a8d313c4547dd8e39f0a64)] -> xpath: //div[@class='a-section a-spacing-small a-spacing-top-small']], [[ChromeDriver: chrome on windows (b69097c770a8d313c4547dd8e39f0a64)] -> xpath: //div[@class='a-section a-spacing-small a-spacing-top-small']]] from the safeFindElements method
10:04:30 [TestNG-test-Test-3] INFO  verifyingFreeDeliveryFilterFunctionality_Tablet_10-04-06 - [verifyingFreeDeliveryFilterFunctionality_Tablet_10-04-06] Created hashset with required data to assert with Within validateDeliveryFilterOptions method
10:04:30 [TestNG-test-Test-3] INFO  verifyingFreeDeliveryFilterFunctionality_Tablet_10-04-06 - [verifyingFreeDeliveryFilterFunctionality_Tablet_10-04-06] this is the set  [Apr, Today, 05, FREE delivery, 06, Sun, Mon, Tomorrow]
10:04:30 [TestNG-test-Test-3] INFO  verifyingFreeDeliveryFilterFunctionality_Tablet_10-04-06 - [verifyingFreeDeliveryFilterFunctionality_Tablet_10-04-06] Within deliveryElements loop iterating over the products  Within validateDeliveryFilterOptions method
10:04:30 [TestNG-test-Test-3] INFO  verifyingFreeDeliveryFilterFunctionality_Tablet_10-04-06 - [verifyingFreeDeliveryFilterFunctionality_Tablet_10-04-06] Checking if the allowedDateParts have the assert text   Within validateDeliveryFilterOptions method
10:04:30 [TestNG-test-Test-3] INFO  verifyingFreeDeliveryFilterFunctionality_Tablet_10-04-06 - [verifyingFreeDeliveryFilterFunctionality_Tablet_10-04-06] Within deliveryElements loop iterating over the products  Within validateDeliveryFilterOptions method
10:04:30 [TestNG-test-Test-3] INFO  verifyingFreeDeliveryFilterFunctionality_Tablet_10-04-06 - [verifyingFreeDeliveryFilterFunctionality_Tablet_10-04-06] Checking if the allowedDateParts have the assert text   Within validateDeliveryFilterOptions method
10:04:30 [TestNG-test-Test-3] INFO  verifyingFreeDeliveryFilterFunctionality_Tablet_10-04-06 - [verifyingFreeDeliveryFilterFunctionality_Tablet_10-04-06] Within deliveryElements loop iterating over the products  Within validateDeliveryFilterOptions method
10:04:30 [TestNG-test-Test-3] INFO  verifyingFreeDeliveryFilterFunctionality_Tablet_10-04-06 - [verifyingFreeDeliveryFilterFunctionality_Tablet_10-04-06] Checking if the allowedDateParts have the assert text   Within validateDeliveryFilterOptions method
10:04:30 [TestNG-test-Test-3] INFO  verifyingFreeDeliveryFilterFunctionality_Tablet_10-04-06 - [verifyingFreeDeliveryFilterFunctionality_Tablet_10-04-06] Within deliveryElements loop iterating over the products  Within validateDeliveryFilterOptions method
10:04:31 [TestNG-test-Test-3] INFO  verifyingFreeDeliveryFilterFunctionality_Tablet_10-04-06 - [verifyingFreeDeliveryFilterFunctionality_Tablet_10-04-06] Checking if the allowedDateParts have the assert text   Within validateDeliveryFilterOptions method
10:04:31 [TestNG-test-Test-3] INFO  verifyingFreeDeliveryFilterFunctionality_Tablet_10-04-06 - [verifyingFreeDeliveryFilterFunctionality_Tablet_10-04-06] Within deliveryElements loop iterating over the products  Within validateDeliveryFilterOptions method
10:04:31 [TestNG-test-Test-3] INFO  verifyingFreeDeliveryFilterFunctionality_Tablet_10-04-06 - [verifyingFreeDeliveryFilterFunctionality_Tablet_10-04-06] Checking if the allowedDateParts have the assert text   Within validateDeliveryFilterOptions method
10:04:31 [TestNG-test-Test-3] INFO  verifyingFreeDeliveryFilterFunctionality_Tablet_10-04-06 - [verifyingFreeDeliveryFilterFunctionality_Tablet_10-04-06] Within deliveryElements loop iterating over the products  Within validateDeliveryFilterOptions method
10:04:31 [TestNG-test-Test-3] INFO  verifyingFreeDeliveryFilterFunctionality_Tablet_10-04-06 - [verifyingFreeDeliveryFilterFunctionality_Tablet_10-04-06] Checking if the allowedDateParts have the assert text   Within validateDeliveryFilterOptions method
10:04:31 [TestNG-test-Test-3] INFO  verifyingFreeDeliveryFilterFunctionality_Tablet_10-04-06 - [verifyingFreeDeliveryFilterFunctionality_Tablet_10-04-06] Within deliveryElements loop iterating over the products  Within validateDeliveryFilterOptions method
10:04:31 [TestNG-test-Test-3] INFO  verifyingFreeDeliveryFilterFunctionality_Tablet_10-04-06 - [verifyingFreeDeliveryFilterFunctionality_Tablet_10-04-06] Checking if the allowedDateParts have the assert text   Within validateDeliveryFilterOptions method
10:04:31 [TestNG-test-Test-3] INFO  verifyingFreeDeliveryFilterFunctionality_Tablet_10-04-06 - [verifyingFreeDeliveryFilterFunctionality_Tablet_10-04-06] Within deliveryElements loop iterating over the products  Within validateDeliveryFilterOptions method
10:04:31 [TestNG-test-Test-3] INFO  verifyingFreeDeliveryFilterFunctionality_Tablet_10-04-06 - [verifyingFreeDeliveryFilterFunctionality_Tablet_10-04-06] Checking if the allowedDateParts have the assert text   Within validateDeliveryFilterOptions method
10:04:31 [TestNG-test-Test-3] INFO  verifyingFreeDeliveryFilterFunctionality_Tablet_10-04-06 - [verifyingFreeDeliveryFilterFunctionality_Tablet_10-04-06] Within deliveryElements loop iterating over the products  Within validateDeliveryFilterOptions method
10:04:31 [TestNG-test-Test-3] INFO  verifyingFreeDeliveryFilterFunctionality_Tablet_10-04-06 - [verifyingFreeDeliveryFilterFunctionality_Tablet_10-04-06] Checking if the allowedDateParts have the assert text   Within validateDeliveryFilterOptions method
10:04:31 [TestNG-test-Test-3] INFO  verifyingFreeDeliveryFilterFunctionality_Tablet_10-04-06 - [verifyingFreeDeliveryFilterFunctionality_Tablet_10-04-06] Within deliveryElements loop iterating over the products  Within validateDeliveryFilterOptions method
10:04:31 [TestNG-test-Test-3] INFO  verifyingFreeDeliveryFilterFunctionality_Tablet_10-04-06 - [verifyingFreeDeliveryFilterFunctionality_Tablet_10-04-06] Checking if the allowedDateParts have the assert text   Within validateDeliveryFilterOptions method
10:04:31 [TestNG-test-Test-3] INFO  verifyingFreeDeliveryFilterFunctionality_Tablet_10-04-06 - [verifyingFreeDeliveryFilterFunctionality_Tablet_10-04-06] Within deliveryElements loop iterating over the products  Within validateDeliveryFilterOptions method
10:04:31 [TestNG-test-Test-3] INFO  verifyingFreeDeliveryFilterFunctionality_Tablet_10-04-06 - [verifyingFreeDeliveryFilterFunctionality_Tablet_10-04-06] Checking if the allowedDateParts have the assert text   Within validateDeliveryFilterOptions method
10:04:31 [TestNG-test-Test-3] INFO  verifyingFreeDeliveryFilterFunctionality_Tablet_10-04-06 - [verifyingFreeDeliveryFilterFunctionality_Tablet_10-04-06] Within deliveryElements loop iterating over the products  Within validateDeliveryFilterOptions method
10:04:31 [TestNG-test-Test-3] INFO  verifyingFreeDeliveryFilterFunctionality_Tablet_10-04-06 - [verifyingFreeDeliveryFilterFunctionality_Tablet_10-04-06] Checking if the allowedDateParts have the assert text   Within validateDeliveryFilterOptions method
10:04:31 [TestNG-test-Test-3] INFO  verifyingFreeDeliveryFilterFunctionality_Tablet_10-04-06 - [verifyingFreeDeliveryFilterFunctionality_Tablet_10-04-06] Within deliveryElements loop iterating over the products  Within validateDeliveryFilterOptions method
10:04:31 [TestNG-test-Test-3] INFO  verifyingFreeDeliveryFilterFunctionality_Tablet_10-04-06 - [verifyingFreeDeliveryFilterFunctionality_Tablet_10-04-06] Checking if the allowedDateParts have the assert text   Within validateDeliveryFilterOptions method
10:04:31 [TestNG-test-Test-3] INFO  verifyingFreeDeliveryFilterFunctionality_Tablet_10-04-06 - [verifyingFreeDeliveryFilterFunctionality_Tablet_10-04-06] Within deliveryElements loop iterating over the products  Within validateDeliveryFilterOptions method
10:04:31 [TestNG-test-Test-3] INFO  verifyingFreeDeliveryFilterFunctionality_Tablet_10-04-06 - [verifyingFreeDeliveryFilterFunctionality_Tablet_10-04-06] Checking if the allowedDateParts have the assert text   Within validateDeliveryFilterOptions method
10:04:31 [TestNG-test-Test-3] INFO  verifyingFreeDeliveryFilterFunctionality_Tablet_10-04-06 - [verifyingFreeDeliveryFilterFunctionality_Tablet_10-04-06] Within deliveryElements loop iterating over the products  Within validateDeliveryFilterOptions method
10:04:31 [TestNG-test-Test-3] INFO  verifyingFreeDeliveryFilterFunctionality_Tablet_10-04-06 - [verifyingFreeDeliveryFilterFunctionality_Tablet_10-04-06] Checking if the allowedDateParts have the assert text   Within validateDeliveryFilterOptions method
10:04:31 [TestNG-test-Test-3] INFO  verifyingFreeDeliveryFilterFunctionality_Tablet_10-04-06 - [verifyingFreeDeliveryFilterFunctionality_Tablet_10-04-06] Within deliveryElements loop iterating over the products  Within validateDeliveryFilterOptions method
10:04:31 [TestNG-test-Test-3] INFO  verifyingFreeDeliveryFilterFunctionality_Tablet_10-04-06 - [verifyingFreeDeliveryFilterFunctionality_Tablet_10-04-06] Checking if the allowedDateParts have the assert text   Within validateDeliveryFilterOptions method
10:04:31 [TestNG-test-Test-3] INFO  verifyingFreeDeliveryFilterFunctionality_Tablet_10-04-06 - [verifyingFreeDeliveryFilterFunctionality_Tablet_10-04-06] Returning the list with boolean values   Within validateDeliveryFilterOptions method
10:04:31 [TestNG-test-Test-3] INFO  verifyingFreeDeliveryFilterFunctionality_Tablet_10-04-06 - [verifyingFreeDeliveryFilterFunctionality_Tablet_10-04-06] Asserting delivery filter: isValid=true, index=-1, text=All the things are valid no errors
