10:28:22 [TestNG-test-Test-3] INFO  verifyingGetItIn2DaysFilterFunctionality_Tablet_10-28-22 - No existing WebDriver found for current thread. Initializing a new ChromeDriver...
10:28:22 [TestNG-test-Test-3] INFO  verifyingGetItIn2DaysFilterFunctionality_Tablet_10-28-22 - WebDriverManager: chromedriver setup OK
10:28:23 [TestNG-test-Test-3] INFO  verifyingGetItIn2DaysFilterFunctionality_Tablet_10-28-22 - ChromeDriver initialized successfully for thread: 36
10:28:24 [TestNG-test-Test-3] INFO  verifyingGetItIn2DaysFilterFunctionality_Tablet_10-28-22 - [verifyingGetItIn2DaysFilterFunctionality_Tablet_10-28-22] Opening amazon Landing page
10:28:24 [TestNG-test-Test-3] INFO  verifyingGetItIn2DaysFilterFunctionality_Tablet_10-28-22 - [verifyingGetItIn2DaysFilterFunctionality_Tablet_10-28-22] Within safeFindElement method
10:28:30 [TestNG-test-Test-3] INFO  verifyingGetItIn2DaysFilterFunctionality_Tablet_10-28-22 - [verifyingGetItIn2DaysFilterFunctionality_Tablet_10-28-22]Retrying findElement for: ->By.xpath: //a[@id='nav-logo-sprites']
10:28:30 [TestNG-test-Test-3] INFO  verifyingGetItIn2DaysFilterFunctionality_Tablet_10-28-22 - [verifyingGetItIn2DaysFilterFunctionality_Tablet_10-28-22]Refrehsing the page , while trying to safely find : ->By.xpath: //a[@id='nav-logo-sprites']
10:28:35 [TestNG-test-Test-3] INFO  verifyingGetItIn2DaysFilterFunctionality_Tablet_10-28-22 - [verifyingGetItIn2DaysFilterFunctionality_Tablet_10-28-22]Retrying findElement for: ->By.xpath: //a[@id='nav-logo-sprites']
10:28:36 [TestNG-test-Test-3] INFO  verifyingGetItIn2DaysFilterFunctionality_Tablet_10-28-22 - [verifyingGetItIn2DaysFilterFunctionality_Tablet_10-28-22]Refrehsing the page , while trying to safely find : ->By.xpath: //a[@id='nav-logo-sprites']
10:28:36 [TestNG-test-Test-3] INFO  verifyingGetItIn2DaysFilterFunctionality_Tablet_10-28-22 - [verifyingGetItIn2DaysFilterFunctionality_Tablet_10-28-22] Skipping action: Element not found after 2   attemps
10:28:41 [TestNG-test-Test-3] INFO  verifyingGetItIn2DaysFilterFunctionality_Tablet_10-28-22 - [verifyingGetItIn2DaysFilterFunctionality_Tablet_10-28-22] Giving input within the search bar
10:28:41 [TestNG-test-Test-3] INFO  verifyingGetItIn2DaysFilterFunctionality_Tablet_10-28-22 - [verifyingGetItIn2DaysFilterFunctionality_Tablet_10-28-22] Within safeClick method
10:28:45 [TestNG-test-Test-3] INFO  verifyingGetItIn2DaysFilterFunctionality_Tablet_10-28-22 - [verifyingGetItIn2DaysFilterFunctionality_Tablet_10-28-22] Clicked the  [[ChromeDriver: chrome on windows (405f155899e26fdf68c5be6a83459bf5)] -> xpath: //input[@id='nav-search-submit-button']]   using safeClick
10:28:45 [TestNG-test-Test-3] INFO  verifyingGetItIn2DaysFilterFunctionality_Tablet_10-28-22 - [verifyingGetItIn2DaysFilterFunctionality_Tablet_10-28-22] Clicking on the submit in the search bar
10:28:46 [TestNG-test-Test-3] INFO  verifyingGetItIn2DaysFilterFunctionality_Tablet_10-28-22 - [verifyingGetItIn2DaysFilterFunctionality_Tablet_10-28-22] Waiting until element is visible in viewport
10:28:46 [TestNG-test-Test-3] INFO  verifyingGetItIn2DaysFilterFunctionality_Tablet_10-28-22 - [verifyingGetItIn2DaysFilterFunctionality_Tablet_10-28-22] Within validateDeliveryFilterOptionsWithResult method
10:28:46 [TestNG-test-Test-3] INFO  verifyingGetItIn2DaysFilterFunctionality_Tablet_10-28-22 - [verifyingGetItIn2DaysFilterFunctionality_Tablet_10-28-22] Within safeClick method
10:28:48 [TestNG-test-Test-3] INFO  verifyingGetItIn2DaysFilterFunctionality_Tablet_10-28-22 - [verifyingGetItIn2DaysFilterFunctionality_Tablet_10-28-22] Clicked the  [[ChromeDriver: chrome on windows (405f155899e26fdf68c5be6a83459bf5)] -> xpath: //span[@class='a-size-base a-color-base puis-bold-weight-text' and text()='Delivery Day']/parent::div/following-sibling::ul//span[@class='a-size-base a-color-base' and text()='Get It in 2 Days']]   using safeClick
10:28:48 [TestNG-test-Test-3] INFO  verifyingGetItIn2DaysFilterFunctionality_Tablet_10-28-22 - [verifyingGetItIn2DaysFilterFunctionality_Tablet_10-28-22] Within getMoreButtonByFilterTypeAndName method
10:28:48 [TestNG-test-Test-3] INFO  verifyingGetItIn2DaysFilterFunctionality_Tablet_10-28-22 - [verifyingGetItIn2DaysFilterFunctionality_Tablet_10-28-22] Clicked on By.xpath: //span[@class='a-size-base a-color-base puis-bold-weight-text' and text()='Delivery Day']/parent::div/following-sibling::ul//span[@class='a-size-base a-color-base' and text()='Get It in 2 Days']
10:28:48 [TestNG-test-Test-3] INFO  verifyingGetItIn2DaysFilterFunctionality_Tablet_10-28-22 - [verifyingGetItIn2DaysFilterFunctionality_Tablet_10-28-22] Within safeFindElements 
10:28:48 [TestNG-test-Test-3] INFO  verifyingGetItIn2DaysFilterFunctionality_Tablet_10-28-22 - [verifyingGetItIn2DaysFilterFunctionality_Tablet_10-28-22] Returning the  [[[ChromeDriver: chrome on windows (405f155899e26fdf68c5be6a83459bf5)] -> xpath: //div[@class='a-section a-spacing-small a-spacing-top-small']], [[ChromeDriver: chrome on windows (405f155899e26fdf68c5be6a83459bf5)] -> xpath: //div[@class='a-section a-spacing-small a-spacing-top-small']], [[ChromeDriver: chrome on windows (405f155899e26fdf68c5be6a83459bf5)] -> xpath: //div[@class='a-section a-spacing-small a-spacing-top-small']], [[ChromeDriver: chrome on windows (405f155899e26fdf68c5be6a83459bf5)] -> xpath: //div[@class='a-section a-spacing-small a-spacing-top-small']], [[ChromeDriver: chrome on windows (405f155899e26fdf68c5be6a83459bf5)] -> xpath: //div[@class='a-section a-spacing-small a-spacing-top-small']], [[ChromeDriver: chrome on windows (405f155899e26fdf68c5be6a83459bf5)] -> xpath: //div[@class='a-section a-spacing-small a-spacing-top-small']], [[ChromeDriver: chrome on windows (405f155899e26fdf68c5be6a83459bf5)] -> xpath: //div[@class='a-section a-spacing-small a-spacing-top-small']], [[ChromeDriver: chrome on windows (405f155899e26fdf68c5be6a83459bf5)] -> xpath: //div[@class='a-section a-spacing-small a-spacing-top-small']], [[ChromeDriver: chrome on windows (405f155899e26fdf68c5be6a83459bf5)] -> xpath: //div[@class='a-section a-spacing-small a-spacing-top-small']], [[ChromeDriver: chrome on windows (405f155899e26fdf68c5be6a83459bf5)] -> xpath: //div[@class='a-section a-spacing-small a-spacing-top-small']], [[ChromeDriver: chrome on windows (405f155899e26fdf68c5be6a83459bf5)] -> xpath: //div[@class='a-section a-spacing-small a-spacing-top-small']], [[ChromeDriver: chrome on windows (405f155899e26fdf68c5be6a83459bf5)] -> xpath: //div[@class='a-section a-spacing-small a-spacing-top-small']], [[ChromeDriver: chrome on windows (405f155899e26fdf68c5be6a83459bf5)] -> xpath: //div[@class='a-section a-spacing-small a-spacing-top-small']], [[ChromeDriver: chrome on windows (405f155899e26fdf68c5be6a83459bf5)] -> xpath: //div[@class='a-section a-spacing-small a-spacing-top-small']], [[ChromeDriver: chrome on windows (405f155899e26fdf68c5be6a83459bf5)] -> xpath: //div[@class='a-section a-spacing-small a-spacing-top-small']], [[ChromeDriver: chrome on windows (405f155899e26fdf68c5be6a83459bf5)] -> xpath: //div[@class='a-section a-spacing-small a-spacing-top-small']]] from the safeFindElements method
10:28:48 [TestNG-test-Test-3] INFO  verifyingGetItIn2DaysFilterFunctionality_Tablet_10-28-22 - [verifyingGetItIn2DaysFilterFunctionality_Tablet_10-28-22] Created hashset with required data to assert with Within validateDeliveryFilterOptions method
10:28:48 [TestNG-test-Test-3] INFO  verifyingGetItIn2DaysFilterFunctionality_Tablet_10-28-22 - [verifyingGetItIn2DaysFilterFunctionality_Tablet_10-28-22] this is the set  [Apr, Today, 05, FREE delivery, 06, Sun, Mon, Tomorrow]
10:28:48 [TestNG-test-Test-3] INFO  verifyingGetItIn2DaysFilterFunctionality_Tablet_10-28-22 - [verifyingGetItIn2DaysFilterFunctionality_Tablet_10-28-22] Within deliveryElements loop iterating over the products  Within validateDeliveryFilterOptions method
10:28:48 [TestNG-test-Test-3] INFO  verifyingGetItIn2DaysFilterFunctionality_Tablet_10-28-22 - [verifyingGetItIn2DaysFilterFunctionality_Tablet_10-28-22] Checking if the allowedDateParts have the assert text   Within validateDeliveryFilterOptions method
10:28:48 [TestNG-test-Test-3] INFO  verifyingGetItIn2DaysFilterFunctionality_Tablet_10-28-22 - [verifyingGetItIn2DaysFilterFunctionality_Tablet_10-28-22] Within deliveryElements loop iterating over the products  Within validateDeliveryFilterOptions method
10:28:48 [TestNG-test-Test-3] INFO  verifyingGetItIn2DaysFilterFunctionality_Tablet_10-28-22 - [verifyingGetItIn2DaysFilterFunctionality_Tablet_10-28-22] Checking if the allowedDateParts have the assert text   Within validateDeliveryFilterOptions method
10:28:48 [TestNG-test-Test-3] INFO  verifyingGetItIn2DaysFilterFunctionality_Tablet_10-28-22 - [verifyingGetItIn2DaysFilterFunctionality_Tablet_10-28-22] Within deliveryElements loop iterating over the products  Within validateDeliveryFilterOptions method
10:28:48 [TestNG-test-Test-3] INFO  verifyingGetItIn2DaysFilterFunctionality_Tablet_10-28-22 - [verifyingGetItIn2DaysFilterFunctionality_Tablet_10-28-22] Checking if the allowedDateParts have the assert text   Within validateDeliveryFilterOptions method
10:28:48 [TestNG-test-Test-3] INFO  verifyingGetItIn2DaysFilterFunctionality_Tablet_10-28-22 - [verifyingGetItIn2DaysFilterFunctionality_Tablet_10-28-22] Within deliveryElements loop iterating over the products  Within validateDeliveryFilterOptions method
10:28:49 [TestNG-test-Test-3] INFO  verifyingGetItIn2DaysFilterFunctionality_Tablet_10-28-22 - [verifyingGetItIn2DaysFilterFunctionality_Tablet_10-28-22] Checking if the allowedDateParts have the assert text   Within validateDeliveryFilterOptions method
10:28:49 [TestNG-test-Test-3] INFO  verifyingGetItIn2DaysFilterFunctionality_Tablet_10-28-22 - [verifyingGetItIn2DaysFilterFunctionality_Tablet_10-28-22] Within deliveryElements loop iterating over the products  Within validateDeliveryFilterOptions method
10:28:49 [TestNG-test-Test-3] INFO  verifyingGetItIn2DaysFilterFunctionality_Tablet_10-28-22 - [verifyingGetItIn2DaysFilterFunctionality_Tablet_10-28-22] Checking if the allowedDateParts have the assert text   Within validateDeliveryFilterOptions method
10:28:49 [TestNG-test-Test-3] INFO  verifyingGetItIn2DaysFilterFunctionality_Tablet_10-28-22 - [verifyingGetItIn2DaysFilterFunctionality_Tablet_10-28-22] Within deliveryElements loop iterating over the products  Within validateDeliveryFilterOptions method
10:28:49 [TestNG-test-Test-3] INFO  verifyingGetItIn2DaysFilterFunctionality_Tablet_10-28-22 - [verifyingGetItIn2DaysFilterFunctionality_Tablet_10-28-22] Checking if the allowedDateParts have the assert text   Within validateDeliveryFilterOptions method
10:28:49 [TestNG-test-Test-3] INFO  verifyingGetItIn2DaysFilterFunctionality_Tablet_10-28-22 - [verifyingGetItIn2DaysFilterFunctionality_Tablet_10-28-22] Within deliveryElements loop iterating over the products  Within validateDeliveryFilterOptions method
10:28:49 [TestNG-test-Test-3] INFO  verifyingGetItIn2DaysFilterFunctionality_Tablet_10-28-22 - [verifyingGetItIn2DaysFilterFunctionality_Tablet_10-28-22] Checking if the allowedDateParts have the assert text   Within validateDeliveryFilterOptions method
10:28:49 [TestNG-test-Test-3] INFO  verifyingGetItIn2DaysFilterFunctionality_Tablet_10-28-22 - [verifyingGetItIn2DaysFilterFunctionality_Tablet_10-28-22] Within deliveryElements loop iterating over the products  Within validateDeliveryFilterOptions method
10:28:49 [TestNG-test-Test-3] INFO  verifyingGetItIn2DaysFilterFunctionality_Tablet_10-28-22 - [verifyingGetItIn2DaysFilterFunctionality_Tablet_10-28-22] Checking if the allowedDateParts have the assert text   Within validateDeliveryFilterOptions method
10:28:49 [TestNG-test-Test-3] INFO  verifyingGetItIn2DaysFilterFunctionality_Tablet_10-28-22 - [verifyingGetItIn2DaysFilterFunctionality_Tablet_10-28-22] Within deliveryElements loop iterating over the products  Within validateDeliveryFilterOptions method
10:28:49 [TestNG-test-Test-3] INFO  verifyingGetItIn2DaysFilterFunctionality_Tablet_10-28-22 - [verifyingGetItIn2DaysFilterFunctionality_Tablet_10-28-22] Checking if the allowedDateParts have the assert text   Within validateDeliveryFilterOptions method
10:28:49 [TestNG-test-Test-3] INFO  verifyingGetItIn2DaysFilterFunctionality_Tablet_10-28-22 - [verifyingGetItIn2DaysFilterFunctionality_Tablet_10-28-22] Within deliveryElements loop iterating over the products  Within validateDeliveryFilterOptions method
10:28:49 [TestNG-test-Test-3] INFO  verifyingGetItIn2DaysFilterFunctionality_Tablet_10-28-22 - [verifyingGetItIn2DaysFilterFunctionality_Tablet_10-28-22] Checking if the allowedDateParts have the assert text   Within validateDeliveryFilterOptions method
10:28:49 [TestNG-test-Test-3] INFO  verifyingGetItIn2DaysFilterFunctionality_Tablet_10-28-22 - [verifyingGetItIn2DaysFilterFunctionality_Tablet_10-28-22] Within deliveryElements loop iterating over the products  Within validateDeliveryFilterOptions method
10:28:49 [TestNG-test-Test-3] INFO  verifyingGetItIn2DaysFilterFunctionality_Tablet_10-28-22 - [verifyingGetItIn2DaysFilterFunctionality_Tablet_10-28-22] Checking if the allowedDateParts have the assert text   Within validateDeliveryFilterOptions method
10:28:49 [TestNG-test-Test-3] INFO  verifyingGetItIn2DaysFilterFunctionality_Tablet_10-28-22 - [verifyingGetItIn2DaysFilterFunctionality_Tablet_10-28-22] Within deliveryElements loop iterating over the products  Within validateDeliveryFilterOptions method
10:28:49 [TestNG-test-Test-3] INFO  verifyingGetItIn2DaysFilterFunctionality_Tablet_10-28-22 - [verifyingGetItIn2DaysFilterFunctionality_Tablet_10-28-22] Checking if the allowedDateParts have the assert text   Within validateDeliveryFilterOptions method
10:28:49 [TestNG-test-Test-3] INFO  verifyingGetItIn2DaysFilterFunctionality_Tablet_10-28-22 - [verifyingGetItIn2DaysFilterFunctionality_Tablet_10-28-22] Within deliveryElements loop iterating over the products  Within validateDeliveryFilterOptions method
10:28:49 [TestNG-test-Test-3] INFO  verifyingGetItIn2DaysFilterFunctionality_Tablet_10-28-22 - [verifyingGetItIn2DaysFilterFunctionality_Tablet_10-28-22] Checking if the allowedDateParts have the assert text   Within validateDeliveryFilterOptions method
10:28:49 [TestNG-test-Test-3] INFO  verifyingGetItIn2DaysFilterFunctionality_Tablet_10-28-22 - [verifyingGetItIn2DaysFilterFunctionality_Tablet_10-28-22] Within deliveryElements loop iterating over the products  Within validateDeliveryFilterOptions method
10:28:49 [TestNG-test-Test-3] INFO  verifyingGetItIn2DaysFilterFunctionality_Tablet_10-28-22 - [verifyingGetItIn2DaysFilterFunctionality_Tablet_10-28-22] Checking if the allowedDateParts have the assert text   Within validateDeliveryFilterOptions method
10:28:49 [TestNG-test-Test-3] INFO  verifyingGetItIn2DaysFilterFunctionality_Tablet_10-28-22 - [verifyingGetItIn2DaysFilterFunctionality_Tablet_10-28-22] Within deliveryElements loop iterating over the products  Within validateDeliveryFilterOptions method
10:28:49 [TestNG-test-Test-3] INFO  verifyingGetItIn2DaysFilterFunctionality_Tablet_10-28-22 - [verifyingGetItIn2DaysFilterFunctionality_Tablet_10-28-22] Checking if the allowedDateParts have the assert text   Within validateDeliveryFilterOptions method
10:28:49 [TestNG-test-Test-3] INFO  verifyingGetItIn2DaysFilterFunctionality_Tablet_10-28-22 - [verifyingGetItIn2DaysFilterFunctionality_Tablet_10-28-22] Within deliveryElements loop iterating over the products  Within validateDeliveryFilterOptions method
10:28:49 [TestNG-test-Test-3] INFO  verifyingGetItIn2DaysFilterFunctionality_Tablet_10-28-22 - [verifyingGetItIn2DaysFilterFunctionality_Tablet_10-28-22] Checking if the allowedDateParts have the assert text   Within validateDeliveryFilterOptions method
10:28:49 [TestNG-test-Test-3] INFO  verifyingGetItIn2DaysFilterFunctionality_Tablet_10-28-22 - [verifyingGetItIn2DaysFilterFunctionality_Tablet_10-28-22] Returning the list with boolean values   Within validateDeliveryFilterOptions method
10:28:49 [TestNG-test-Test-3] INFO  verifyingGetItIn2DaysFilterFunctionality_Tablet_10-28-22 - [verifyingGetItIn2DaysFilterFunctionality_Tablet_10-28-22] Asserting delivery filter: isValid=true, index=-1, text=All the things are valid no errors
