2026-03-28 07:05:33.475 PM [TestNG-test-Test-3] INFO  [verifyingGetItByTomorrowFilterFunctionality] 🔹 Starting test method: verifyingGetItByTomorrowFilterFunctionality
2026-03-28 07:05:33.478 PM [TestNG-test-Test-3] INFO  [verifyingGetItByTomorrowFilterFunctionality] No existing WebDriver found for current thread. Initializing a new ChromeDriver...
2026-03-28 07:05:33.489 PM [TestNG-test-Test-3] INFO  [verifyingGetItByTomorrowFilterFunctionality] WebDriverManager: chromedriver setup OK
2026-03-28 07:05:34.716 PM [TestNG-test-Test-3] INFO  [verifyingGetItByTomorrowFilterFunctionality] ChromeDriver initialized successfully for thread: 36
2026-03-28 07:05:35.305 PM [TestNG-test-Test-3] INFO  [verifyingGetItByTomorrowFilterFunctionality] [verifyingGetItByTomorrowFilterFunctionality] Opening amazon Landing page
2026-03-28 07:05:35.305 PM [TestNG-test-Test-3] INFO  [verifyingGetItByTomorrowFilterFunctionality] [verifyingGetItByTomorrowFilterFunctionality] Within safeFindElement method
2026-03-28 07:05:40.590 PM [TestNG-test-Test-3] INFO  [verifyingGetItByTomorrowFilterFunctionality] [verifyingGetItByTomorrowFilterFunctionality]Retrying findElement for: ->By.xpath: //a[@id='nav-logo-sprites']
2026-03-28 07:05:40.874 PM [TestNG-test-Test-3] INFO  [verifyingGetItByTomorrowFilterFunctionality] [verifyingGetItByTomorrowFilterFunctionality]Refrehsing the page , while trying to safely find : ->By.xpath: //a[@id='nav-logo-sprites']
2026-03-28 07:05:46.064 PM [TestNG-test-Test-3] INFO  [verifyingGetItByTomorrowFilterFunctionality] [verifyingGetItByTomorrowFilterFunctionality]Retrying findElement for: ->By.xpath: //a[@id='nav-logo-sprites']
2026-03-28 07:05:46.342 PM [TestNG-test-Test-3] INFO  [verifyingGetItByTomorrowFilterFunctionality] [verifyingGetItByTomorrowFilterFunctionality]Refrehsing the page , while trying to safely find : ->By.xpath: //a[@id='nav-logo-sprites']
2026-03-28 07:05:46.342 PM [TestNG-test-Test-3] INFO  [verifyingGetItByTomorrowFilterFunctionality] [verifyingGetItByTomorrowFilterFunctionality] Skipping action: Element not found after 2   attemps
2026-03-28 07:05:50.797 PM [TestNG-test-Test-3] INFO  [verifyingGetItByTomorrowFilterFunctionality] [verifyingGetItByTomorrowFilterFunctionality] Giving input within the search bar
2026-03-28 07:05:50.797 PM [TestNG-test-Test-3] INFO  [verifyingGetItByTomorrowFilterFunctionality] [verifyingGetItByTomorrowFilterFunctionality] Within safeClick method
2026-03-28 07:05:52.793 PM [TestNG-test-Test-3] INFO  [verifyingGetItByTomorrowFilterFunctionality] [verifyingGetItByTomorrowFilterFunctionality] Clicked the  [[ChromeDriver: chrome on windows (67a17896e2e718794491073b3e85ddc7)] -> xpath: //input[@id='nav-search-submit-button']]   using safeClick
2026-03-28 07:05:52.793 PM [TestNG-test-Test-3] INFO  [verifyingGetItByTomorrowFilterFunctionality] [verifyingGetItByTomorrowFilterFunctionality] Clicking on the submit in the search bar
2026-03-28 07:05:52.956 PM [TestNG-test-Test-3] INFO  [verifyingGetItByTomorrowFilterFunctionality] [verifyingGetItByTomorrowFilterFunctionality] Waiting until element is visible in viewport
2026-03-28 07:05:53.006 PM [TestNG-test-Test-3] INFO  [verifyingGetItByTomorrowFilterFunctionality] [verifyingGetItByTomorrowFilterFunctionality] Within validateDeliveryFilterOptionsWithResult method
2026-03-28 07:05:53.007 PM [TestNG-test-Test-3] INFO  [verifyingGetItByTomorrowFilterFunctionality] [verifyingGetItByTomorrowFilterFunctionality] Within safeClick method
2026-03-28 07:05:55.922 PM [TestNG-test-Test-3] INFO  [verifyingGetItByTomorrowFilterFunctionality] [verifyingGetItByTomorrowFilterFunctionality] Clicked the  [[ChromeDriver: chrome on windows (67a17896e2e718794491073b3e85ddc7)] -> xpath: //span[@class='a-size-base a-color-base puis-bold-weight-text' and text()='Delivery Day']/parent::div/following-sibling::ul//span[@class='a-size-base a-color-base' and text()='Get It by Tomorrow']]   using safeClick
2026-03-28 07:05:55.922 PM [TestNG-test-Test-3] INFO  [verifyingGetItByTomorrowFilterFunctionality] [verifyingGetItByTomorrowFilterFunctionality] Within getMoreButtonByFilterTypeAndName method
2026-03-28 07:05:55.923 PM [TestNG-test-Test-3] INFO  [verifyingGetItByTomorrowFilterFunctionality] [verifyingGetItByTomorrowFilterFunctionality] Capturing screenshot: Filter_Applied_is_Get_It_by_Tomorrow__2026-03-28_190555.jpg
2026-03-28 07:05:56.261 PM [TestNG-test-Test-3] INFO  [verifyingGetItByTomorrowFilterFunctionality] [verifyingGetItByTomorrowFilterFunctionality] Screenshot saved at: test-output/screenshots/Run_2026-03-28_18-20-37/verifyingGetItByTomorrowFilterFunctionality/Filter_Applied_is_Get_It_by_Tomorrow__2026-03-28_190555.jpg
2026-03-28 07:05:56.261 PM [TestNG-test-Test-3] INFO  [verifyingGetItByTomorrowFilterFunctionality] [verifyingGetItByTomorrowFilterFunctionality] Clicked on By.xpath: //span[@class='a-size-base a-color-base puis-bold-weight-text' and text()='Delivery Day']/parent::div/following-sibling::ul//span[@class='a-size-base a-color-base' and text()='Get It by Tomorrow']
2026-03-28 07:05:56.261 PM [TestNG-test-Test-3] INFO  [verifyingGetItByTomorrowFilterFunctionality] [verifyingGetItByTomorrowFilterFunctionality] Within safeFindElements 
2026-03-28 07:05:56.292 PM [TestNG-test-Test-3] INFO  [verifyingGetItByTomorrowFilterFunctionality] [verifyingGetItByTomorrowFilterFunctionality] Returning the  [[[ChromeDriver: chrome on windows (67a17896e2e718794491073b3e85ddc7)] -> xpath: //div[@class='a-section a-spacing-small a-spacing-top-small']], [[ChromeDriver: chrome on windows (67a17896e2e718794491073b3e85ddc7)] -> xpath: //div[@class='a-section a-spacing-small a-spacing-top-small']], [[ChromeDriver: chrome on windows (67a17896e2e718794491073b3e85ddc7)] -> xpath: //div[@class='a-section a-spacing-small a-spacing-top-small']], [[ChromeDriver: chrome on windows (67a17896e2e718794491073b3e85ddc7)] -> xpath: //div[@class='a-section a-spacing-small a-spacing-top-small']], [[ChromeDriver: chrome on windows (67a17896e2e718794491073b3e85ddc7)] -> xpath: //div[@class='a-section a-spacing-small a-spacing-top-small']], [[ChromeDriver: chrome on windows (67a17896e2e718794491073b3e85ddc7)] -> xpath: //div[@class='a-section a-spacing-small a-spacing-top-small']], [[ChromeDriver: chrome on windows (67a17896e2e718794491073b3e85ddc7)] -> xpath: //div[@class='a-section a-spacing-small a-spacing-top-small']], [[ChromeDriver: chrome on windows (67a17896e2e718794491073b3e85ddc7)] -> xpath: //div[@class='a-section a-spacing-small a-spacing-top-small']], [[ChromeDriver: chrome on windows (67a17896e2e718794491073b3e85ddc7)] -> xpath: //div[@class='a-section a-spacing-small a-spacing-top-small']], [[ChromeDriver: chrome on windows (67a17896e2e718794491073b3e85ddc7)] -> xpath: //div[@class='a-section a-spacing-small a-spacing-top-small']], [[ChromeDriver: chrome on windows (67a17896e2e718794491073b3e85ddc7)] -> xpath: //div[@class='a-section a-spacing-small a-spacing-top-small']], [[ChromeDriver: chrome on windows (67a17896e2e718794491073b3e85ddc7)] -> xpath: //div[@class='a-section a-spacing-small a-spacing-top-small']], [[ChromeDriver: chrome on windows (67a17896e2e718794491073b3e85ddc7)] -> xpath: //div[@class='a-section a-spacing-small a-spacing-top-small']], [[ChromeDriver: chrome on windows (67a17896e2e718794491073b3e85ddc7)] -> xpath: //div[@class='a-section a-spacing-small a-spacing-top-small']], [[ChromeDriver: chrome on windows (67a17896e2e718794491073b3e85ddc7)] -> xpath: //div[@class='a-section a-spacing-small a-spacing-top-small']], [[ChromeDriver: chrome on windows (67a17896e2e718794491073b3e85ddc7)] -> xpath: //div[@class='a-section a-spacing-small a-spacing-top-small']]] from the safeFindElements method
2026-03-28 07:05:56.293 PM [TestNG-test-Test-3] INFO  [verifyingGetItByTomorrowFilterFunctionality] [verifyingGetItByTomorrowFilterFunctionality] Created hashset with required data to assert with Within validateDeliveryFilterOptions method
2026-03-28 07:05:56.293 PM [TestNG-test-Test-3] INFO  [verifyingGetItByTomorrowFilterFunctionality] [verifyingGetItByTomorrowFilterFunctionality] this is the set  [Today, FREE delivery, 28, Sat, 29, Sun, Tomorrow, Mar]
2026-03-28 07:05:56.293 PM [TestNG-test-Test-3] INFO  [verifyingGetItByTomorrowFilterFunctionality] [verifyingGetItByTomorrowFilterFunctionality] Within deliveryElements loop iterating over the products  Within validateDeliveryFilterOptions method
2026-03-28 07:05:56.345 PM [TestNG-test-Test-3] INFO  [verifyingGetItByTomorrowFilterFunctionality] [verifyingGetItByTomorrowFilterFunctionality] Checking if the allowedDateParts have the assert text   Within validateDeliveryFilterOptions method
2026-03-28 07:05:56.345 PM [TestNG-test-Test-3] INFO  [verifyingGetItByTomorrowFilterFunctionality] [verifyingGetItByTomorrowFilterFunctionality] Within deliveryElements loop iterating over the products  Within validateDeliveryFilterOptions method
2026-03-28 07:05:56.401 PM [TestNG-test-Test-3] INFO  [verifyingGetItByTomorrowFilterFunctionality] [verifyingGetItByTomorrowFilterFunctionality] Checking if the allowedDateParts have the assert text   Within validateDeliveryFilterOptions method
2026-03-28 07:05:56.401 PM [TestNG-test-Test-3] INFO  [verifyingGetItByTomorrowFilterFunctionality] [verifyingGetItByTomorrowFilterFunctionality] Within deliveryElements loop iterating over the products  Within validateDeliveryFilterOptions method
2026-03-28 07:05:56.445 PM [TestNG-test-Test-3] INFO  [verifyingGetItByTomorrowFilterFunctionality] [verifyingGetItByTomorrowFilterFunctionality] Checking if the allowedDateParts have the assert text   Within validateDeliveryFilterOptions method
2026-03-28 07:05:56.445 PM [TestNG-test-Test-3] INFO  [verifyingGetItByTomorrowFilterFunctionality] [verifyingGetItByTomorrowFilterFunctionality] Within deliveryElements loop iterating over the products  Within validateDeliveryFilterOptions method
2026-03-28 07:05:56.490 PM [TestNG-test-Test-3] INFO  [verifyingGetItByTomorrowFilterFunctionality] [verifyingGetItByTomorrowFilterFunctionality] Checking if the allowedDateParts have the assert text   Within validateDeliveryFilterOptions method
2026-03-28 07:05:56.490 PM [TestNG-test-Test-3] INFO  [verifyingGetItByTomorrowFilterFunctionality] [verifyingGetItByTomorrowFilterFunctionality] Within deliveryElements loop iterating over the products  Within validateDeliveryFilterOptions method
2026-03-28 07:05:56.542 PM [TestNG-test-Test-3] INFO  [verifyingGetItByTomorrowFilterFunctionality] [verifyingGetItByTomorrowFilterFunctionality] Checking if the allowedDateParts have the assert text   Within validateDeliveryFilterOptions method
2026-03-28 07:05:56.542 PM [TestNG-test-Test-3] INFO  [verifyingGetItByTomorrowFilterFunctionality] [verifyingGetItByTomorrowFilterFunctionality] Within deliveryElements loop iterating over the products  Within validateDeliveryFilterOptions method
2026-03-28 07:05:56.607 PM [TestNG-test-Test-3] INFO  [verifyingGetItByTomorrowFilterFunctionality] [verifyingGetItByTomorrowFilterFunctionality] Checking if the allowedDateParts have the assert text   Within validateDeliveryFilterOptions method
2026-03-28 07:05:56.609 PM [TestNG-test-Test-3] INFO  [verifyingGetItByTomorrowFilterFunctionality] [verifyingGetItByTomorrowFilterFunctionality] Within deliveryElements loop iterating over the products  Within validateDeliveryFilterOptions method
2026-03-28 07:05:56.649 PM [TestNG-test-Test-3] INFO  [verifyingGetItByTomorrowFilterFunctionality] [verifyingGetItByTomorrowFilterFunctionality] Checking if the allowedDateParts have the assert text   Within validateDeliveryFilterOptions method
2026-03-28 07:05:56.649 PM [TestNG-test-Test-3] INFO  [verifyingGetItByTomorrowFilterFunctionality] [verifyingGetItByTomorrowFilterFunctionality] Within deliveryElements loop iterating over the products  Within validateDeliveryFilterOptions method
2026-03-28 07:05:56.703 PM [TestNG-test-Test-3] INFO  [verifyingGetItByTomorrowFilterFunctionality] [verifyingGetItByTomorrowFilterFunctionality] Checking if the allowedDateParts have the assert text   Within validateDeliveryFilterOptions method
2026-03-28 07:05:56.703 PM [TestNG-test-Test-3] INFO  [verifyingGetItByTomorrowFilterFunctionality] [verifyingGetItByTomorrowFilterFunctionality] Within deliveryElements loop iterating over the products  Within validateDeliveryFilterOptions method
2026-03-28 07:05:56.757 PM [TestNG-test-Test-3] INFO  [verifyingGetItByTomorrowFilterFunctionality] [verifyingGetItByTomorrowFilterFunctionality] Checking if the allowedDateParts have the assert text   Within validateDeliveryFilterOptions method
2026-03-28 07:05:56.758 PM [TestNG-test-Test-3] INFO  [verifyingGetItByTomorrowFilterFunctionality] [verifyingGetItByTomorrowFilterFunctionality] Within deliveryElements loop iterating over the products  Within validateDeliveryFilterOptions method
2026-03-28 07:05:56.837 PM [TestNG-test-Test-3] INFO  [verifyingGetItByTomorrowFilterFunctionality] [verifyingGetItByTomorrowFilterFunctionality] Checking if the allowedDateParts have the assert text   Within validateDeliveryFilterOptions method
2026-03-28 07:05:56.838 PM [TestNG-test-Test-3] INFO  [verifyingGetItByTomorrowFilterFunctionality] [verifyingGetItByTomorrowFilterFunctionality] Within deliveryElements loop iterating over the products  Within validateDeliveryFilterOptions method
2026-03-28 07:05:56.892 PM [TestNG-test-Test-3] INFO  [verifyingGetItByTomorrowFilterFunctionality] [verifyingGetItByTomorrowFilterFunctionality] Checking if the allowedDateParts have the assert text   Within validateDeliveryFilterOptions method
2026-03-28 07:05:56.892 PM [TestNG-test-Test-3] INFO  [verifyingGetItByTomorrowFilterFunctionality] [verifyingGetItByTomorrowFilterFunctionality] Within deliveryElements loop iterating over the products  Within validateDeliveryFilterOptions method
2026-03-28 07:05:56.972 PM [TestNG-test-Test-3] INFO  [verifyingGetItByTomorrowFilterFunctionality] [verifyingGetItByTomorrowFilterFunctionality] Checking if the allowedDateParts have the assert text   Within validateDeliveryFilterOptions method
2026-03-28 07:05:56.972 PM [TestNG-test-Test-3] INFO  [verifyingGetItByTomorrowFilterFunctionality] [verifyingGetItByTomorrowFilterFunctionality] Within deliveryElements loop iterating over the products  Within validateDeliveryFilterOptions method
2026-03-28 07:05:57.039 PM [TestNG-test-Test-3] INFO  [verifyingGetItByTomorrowFilterFunctionality] [verifyingGetItByTomorrowFilterFunctionality] Checking if the allowedDateParts have the assert text   Within validateDeliveryFilterOptions method
2026-03-28 07:05:57.039 PM [TestNG-test-Test-3] INFO  [verifyingGetItByTomorrowFilterFunctionality] [verifyingGetItByTomorrowFilterFunctionality] Within deliveryElements loop iterating over the products  Within validateDeliveryFilterOptions method
2026-03-28 07:05:57.094 PM [TestNG-test-Test-3] INFO  [verifyingGetItByTomorrowFilterFunctionality] [verifyingGetItByTomorrowFilterFunctionality] Checking if the allowedDateParts have the assert text   Within validateDeliveryFilterOptions method
2026-03-28 07:05:57.094 PM [TestNG-test-Test-3] INFO  [verifyingGetItByTomorrowFilterFunctionality] [verifyingGetItByTomorrowFilterFunctionality] Within deliveryElements loop iterating over the products  Within validateDeliveryFilterOptions method
2026-03-28 07:05:57.142 PM [TestNG-test-Test-3] INFO  [verifyingGetItByTomorrowFilterFunctionality] [verifyingGetItByTomorrowFilterFunctionality] Checking if the allowedDateParts have the assert text   Within validateDeliveryFilterOptions method
2026-03-28 07:05:57.142 PM [TestNG-test-Test-3] INFO  [verifyingGetItByTomorrowFilterFunctionality] [verifyingGetItByTomorrowFilterFunctionality] Within deliveryElements loop iterating over the products  Within validateDeliveryFilterOptions method
2026-03-28 07:05:57.184 PM [TestNG-test-Test-3] INFO  [verifyingGetItByTomorrowFilterFunctionality] [verifyingGetItByTomorrowFilterFunctionality] Checking if the allowedDateParts have the assert text   Within validateDeliveryFilterOptions method
2026-03-28 07:05:57.184 PM [TestNG-test-Test-3] INFO  [verifyingGetItByTomorrowFilterFunctionality] [verifyingGetItByTomorrowFilterFunctionality] Returning the list with boolean values   Within validateDeliveryFilterOptions method
2026-03-28 07:05:57.184 PM [TestNG-test-Test-3] INFO  [verifyingGetItByTomorrowFilterFunctionality] [verifyingGetItByTomorrowFilterFunctionality] Asserting delivery filter: isValid=true, index=-1, text=All the things are valid no errors
2026-03-28 07:05:57.197 PM [TestNG-test-Test-3] INFO  [verifyingGetItByTomorrowFilterFunctionality] ✅ Finished test method: verifyingGetItByTomorrowFilterFunctionality
2026-03-28 07:05:58.897 PM [TestNG-test-Test-3] INFO  [verifyingGetItByTomorrowFilterFunctionality] 🔹 Starting test method: verifyingGetItByTomorrowFilterFunctionality
2026-03-28 07:05:58.897 PM [TestNG-test-Test-3] INFO  [verifyingGetItByTomorrowFilterFunctionality] No existing WebDriver found for current thread. Initializing a new ChromeDriver...
2026-03-28 07:05:58.918 PM [TestNG-test-Test-3] INFO  [verifyingGetItByTomorrowFilterFunctionality] WebDriverManager: chromedriver setup OK
2026-03-28 07:06:00.535 PM [TestNG-test-Test-3] INFO  [verifyingGetItByTomorrowFilterFunctionality] ChromeDriver initialized successfully for thread: 36
2026-03-28 07:06:01.492 PM [TestNG-test-Test-3] INFO  [verifyingGetItByTomorrowFilterFunctionality] [verifyingGetItByTomorrowFilterFunctionality] Opening amazon Landing page
2026-03-28 07:06:01.492 PM [TestNG-test-Test-3] INFO  [verifyingGetItByTomorrowFilterFunctionality] [verifyingGetItByTomorrowFilterFunctionality] Within safeFindElement method
2026-03-28 07:06:01.564 PM [TestNG-test-Test-3] INFO  [verifyingGetItByTomorrowFilterFunctionality] [verifyingGetItByTomorrowFilterFunctionality]Found the element returning it ,element ->[[ChromeDriver: chrome on windows (b71493d9b2adc7fd37d89106a302bfe0)] -> xpath: //a[@id='nav-logo-sprites']]
2026-03-28 07:06:02.225 PM [TestNG-test-Test-3] INFO  [verifyingGetItByTomorrowFilterFunctionality] [verifyingGetItByTomorrowFilterFunctionality] Giving input within the search bar
2026-03-28 07:06:02.227 PM [TestNG-test-Test-3] INFO  [verifyingGetItByTomorrowFilterFunctionality] [verifyingGetItByTomorrowFilterFunctionality] Within safeClick method
2026-03-28 07:06:04.470 PM [TestNG-test-Test-3] INFO  [verifyingGetItByTomorrowFilterFunctionality] [verifyingGetItByTomorrowFilterFunctionality] Clicked the  [[ChromeDriver: chrome on windows (b71493d9b2adc7fd37d89106a302bfe0)] -> xpath: //input[@id='nav-search-submit-button']]   using safeClick
2026-03-28 07:06:04.470 PM [TestNG-test-Test-3] INFO  [verifyingGetItByTomorrowFilterFunctionality] [verifyingGetItByTomorrowFilterFunctionality] Clicking on the submit in the search bar
2026-03-28 07:06:04.656 PM [TestNG-test-Test-3] INFO  [verifyingGetItByTomorrowFilterFunctionality] [verifyingGetItByTomorrowFilterFunctionality] Waiting until element is visible in viewport
2026-03-28 07:06:04.701 PM [TestNG-test-Test-3] INFO  [verifyingGetItByTomorrowFilterFunctionality] [verifyingGetItByTomorrowFilterFunctionality] Within validateDeliveryFilterOptionsWithResult method
2026-03-28 07:06:04.701 PM [TestNG-test-Test-3] INFO  [verifyingGetItByTomorrowFilterFunctionality] [verifyingGetItByTomorrowFilterFunctionality] Within safeClick method
2026-03-28 07:06:06.533 PM [TestNG-test-Test-3] INFO  [verifyingGetItByTomorrowFilterFunctionality] [verifyingGetItByTomorrowFilterFunctionality] Clicked the  [[ChromeDriver: chrome on windows (b71493d9b2adc7fd37d89106a302bfe0)] -> xpath: //span[@class='a-size-base a-color-base puis-bold-weight-text' and text()='Delivery Day']/parent::div/following-sibling::ul//span[@class='a-size-base a-color-base' and text()='Get It by Tomorrow']]   using safeClick
2026-03-28 07:06:06.533 PM [TestNG-test-Test-3] INFO  [verifyingGetItByTomorrowFilterFunctionality] [verifyingGetItByTomorrowFilterFunctionality] Within getMoreButtonByFilterTypeAndName method
2026-03-28 07:06:06.534 PM [TestNG-test-Test-3] INFO  [verifyingGetItByTomorrowFilterFunctionality] [verifyingGetItByTomorrowFilterFunctionality] Capturing screenshot: Filter_Applied_is_Get_It_by_Tomorrow__2026-03-28_190606.jpg
2026-03-28 07:06:06.688 PM [TestNG-test-Test-3] INFO  [verifyingGetItByTomorrowFilterFunctionality] [verifyingGetItByTomorrowFilterFunctionality] Screenshot saved at: test-output/screenshots/Run_2026-03-28_18-20-37/verifyingGetItByTomorrowFilterFunctionality/Filter_Applied_is_Get_It_by_Tomorrow__2026-03-28_190606.jpg
2026-03-28 07:06:06.688 PM [TestNG-test-Test-3] INFO  [verifyingGetItByTomorrowFilterFunctionality] [verifyingGetItByTomorrowFilterFunctionality] Clicked on By.xpath: //span[@class='a-size-base a-color-base puis-bold-weight-text' and text()='Delivery Day']/parent::div/following-sibling::ul//span[@class='a-size-base a-color-base' and text()='Get It by Tomorrow']
2026-03-28 07:06:06.689 PM [TestNG-test-Test-3] INFO  [verifyingGetItByTomorrowFilterFunctionality] [verifyingGetItByTomorrowFilterFunctionality] Within safeFindElements 
2026-03-28 07:06:06.707 PM [TestNG-test-Test-3] INFO  [verifyingGetItByTomorrowFilterFunctionality] [verifyingGetItByTomorrowFilterFunctionality] Returning the  [[[ChromeDriver: chrome on windows (b71493d9b2adc7fd37d89106a302bfe0)] -> xpath: //div[@class='a-section a-spacing-small a-spacing-top-small']], [[ChromeDriver: chrome on windows (b71493d9b2adc7fd37d89106a302bfe0)] -> xpath: //div[@class='a-section a-spacing-small a-spacing-top-small']], [[ChromeDriver: chrome on windows (b71493d9b2adc7fd37d89106a302bfe0)] -> xpath: //div[@class='a-section a-spacing-small a-spacing-top-small']], [[ChromeDriver: chrome on windows (b71493d9b2adc7fd37d89106a302bfe0)] -> xpath: //div[@class='a-section a-spacing-small a-spacing-top-small']], [[ChromeDriver: chrome on windows (b71493d9b2adc7fd37d89106a302bfe0)] -> xpath: //div[@class='a-section a-spacing-small a-spacing-top-small']], [[ChromeDriver: chrome on windows (b71493d9b2adc7fd37d89106a302bfe0)] -> xpath: //div[@class='a-section a-spacing-small a-spacing-top-small']], [[ChromeDriver: chrome on windows (b71493d9b2adc7fd37d89106a302bfe0)] -> xpath: //div[@class='a-section a-spacing-small a-spacing-top-small']], [[ChromeDriver: chrome on windows (b71493d9b2adc7fd37d89106a302bfe0)] -> xpath: //div[@class='a-section a-spacing-small a-spacing-top-small']], [[ChromeDriver: chrome on windows (b71493d9b2adc7fd37d89106a302bfe0)] -> xpath: //div[@class='a-section a-spacing-small a-spacing-top-small']], [[ChromeDriver: chrome on windows (b71493d9b2adc7fd37d89106a302bfe0)] -> xpath: //div[@class='a-section a-spacing-small a-spacing-top-small']], [[ChromeDriver: chrome on windows (b71493d9b2adc7fd37d89106a302bfe0)] -> xpath: //div[@class='a-section a-spacing-small a-spacing-top-small']], [[ChromeDriver: chrome on windows (b71493d9b2adc7fd37d89106a302bfe0)] -> xpath: //div[@class='a-section a-spacing-small a-spacing-top-small']], [[ChromeDriver: chrome on windows (b71493d9b2adc7fd37d89106a302bfe0)] -> xpath: //div[@class='a-section a-spacing-small a-spacing-top-small']], [[ChromeDriver: chrome on windows (b71493d9b2adc7fd37d89106a302bfe0)] -> xpath: //div[@class='a-section a-spacing-small a-spacing-top-small']], [[ChromeDriver: chrome on windows (b71493d9b2adc7fd37d89106a302bfe0)] -> xpath: //div[@class='a-section a-spacing-small a-spacing-top-small']], [[ChromeDriver: chrome on windows (b71493d9b2adc7fd37d89106a302bfe0)] -> xpath: //div[@class='a-section a-spacing-small a-spacing-top-small']]] from the safeFindElements method
2026-03-28 07:06:06.708 PM [TestNG-test-Test-3] INFO  [verifyingGetItByTomorrowFilterFunctionality] [verifyingGetItByTomorrowFilterFunctionality] Created hashset with required data to assert with Within validateDeliveryFilterOptions method
2026-03-28 07:06:06.708 PM [TestNG-test-Test-3] INFO  [verifyingGetItByTomorrowFilterFunctionality] [verifyingGetItByTomorrowFilterFunctionality] this is the set  [Today, FREE delivery, 28, Sat, 29, Sun, Tomorrow, Mar]
2026-03-28 07:06:06.708 PM [TestNG-test-Test-3] INFO  [verifyingGetItByTomorrowFilterFunctionality] [verifyingGetItByTomorrowFilterFunctionality] Within deliveryElements loop iterating over the products  Within validateDeliveryFilterOptions method
2026-03-28 07:06:06.741 PM [TestNG-test-Test-3] INFO  [verifyingGetItByTomorrowFilterFunctionality] [verifyingGetItByTomorrowFilterFunctionality] Checking if the allowedDateParts have the assert text   Within validateDeliveryFilterOptions method
2026-03-28 07:06:06.742 PM [TestNG-test-Test-3] INFO  [verifyingGetItByTomorrowFilterFunctionality] [verifyingGetItByTomorrowFilterFunctionality] Within deliveryElements loop iterating over the products  Within validateDeliveryFilterOptions method
2026-03-28 07:06:06.810 PM [TestNG-test-Test-3] INFO  [verifyingGetItByTomorrowFilterFunctionality] [verifyingGetItByTomorrowFilterFunctionality] Checking if the allowedDateParts have the assert text   Within validateDeliveryFilterOptions method
2026-03-28 07:06:06.810 PM [TestNG-test-Test-3] INFO  [verifyingGetItByTomorrowFilterFunctionality] [verifyingGetItByTomorrowFilterFunctionality] Within deliveryElements loop iterating over the products  Within validateDeliveryFilterOptions method
2026-03-28 07:06:06.843 PM [TestNG-test-Test-3] INFO  [verifyingGetItByTomorrowFilterFunctionality] [verifyingGetItByTomorrowFilterFunctionality] Checking if the allowedDateParts have the assert text   Within validateDeliveryFilterOptions method
2026-03-28 07:06:06.843 PM [TestNG-test-Test-3] INFO  [verifyingGetItByTomorrowFilterFunctionality] [verifyingGetItByTomorrowFilterFunctionality] Within deliveryElements loop iterating over the products  Within validateDeliveryFilterOptions method
2026-03-28 07:06:06.863 PM [TestNG-test-Test-3] INFO  [verifyingGetItByTomorrowFilterFunctionality] [verifyingGetItByTomorrowFilterFunctionality] Assert text not found wihtin AllowedDateParts
2026-03-28 07:06:06.863 PM [TestNG-test-Test-3] INFO  [verifyingGetItByTomorrowFilterFunctionality] [verifyingGetItByTomorrowFilterFunctionality] Asserting delivery filter: isValid=false, index=3, text=MSI Modern 14, Intel 12th Gen. i7 1255U,36CM Laptop(16GB/512GB NVMe SSD/Windows 11 Home/Iris Xe/Classic Black/1.4Kg), C12MO-1202IN
4.2
(135)
₹48,000
M.R.P:
₹85,000 (44% off)
Add to cart
2026-03-28 07:06:06.869 PM [TestNG-test-Test-3] INFO  [verifyingGetItByTomorrowFilterFunctionality] ✅ Finished test method: verifyingGetItByTomorrowFilterFunctionality
2026-03-28 07:06:07.076 PM [TestNG-test-Test-3] INFO  [verifyingGetItByTomorrowFilterFunctionality] 🔹 Starting test method: verifyingGetItByTomorrowFilterFunctionality
2026-03-28 07:06:07.076 PM [TestNG-test-Test-3] INFO  [verifyingGetItByTomorrowFilterFunctionality] No existing WebDriver found for current thread. Initializing a new ChromeDriver...
2026-03-28 07:06:07.086 PM [TestNG-test-Test-3] INFO  [verifyingGetItByTomorrowFilterFunctionality] WebDriverManager: chromedriver setup OK
2026-03-28 07:06:08.384 PM [TestNG-test-Test-3] INFO  [verifyingGetItByTomorrowFilterFunctionality] ChromeDriver initialized successfully for thread: 36
2026-03-28 07:06:08.860 PM [TestNG-test-Test-3] INFO  [verifyingGetItByTomorrowFilterFunctionality] [verifyingGetItByTomorrowFilterFunctionality] Opening amazon Landing page
2026-03-28 07:06:08.860 PM [TestNG-test-Test-3] INFO  [verifyingGetItByTomorrowFilterFunctionality] [verifyingGetItByTomorrowFilterFunctionality] Within safeFindElement method
2026-03-28 07:06:14.204 PM [TestNG-test-Test-3] INFO  [verifyingGetItByTomorrowFilterFunctionality] [verifyingGetItByTomorrowFilterFunctionality]Retrying findElement for: ->By.xpath: //a[@id='nav-logo-sprites']
2026-03-28 07:06:14.468 PM [TestNG-test-Test-3] INFO  [verifyingGetItByTomorrowFilterFunctionality] [verifyingGetItByTomorrowFilterFunctionality]Refrehsing the page , while trying to safely find : ->By.xpath: //a[@id='nav-logo-sprites']
2026-03-28 07:06:19.688 PM [TestNG-test-Test-3] INFO  [verifyingGetItByTomorrowFilterFunctionality] [verifyingGetItByTomorrowFilterFunctionality]Retrying findElement for: ->By.xpath: //a[@id='nav-logo-sprites']
2026-03-28 07:06:20.012 PM [TestNG-test-Test-3] INFO  [verifyingGetItByTomorrowFilterFunctionality] [verifyingGetItByTomorrowFilterFunctionality]Refrehsing the page , while trying to safely find : ->By.xpath: //a[@id='nav-logo-sprites']
2026-03-28 07:06:20.012 PM [TestNG-test-Test-3] INFO  [verifyingGetItByTomorrowFilterFunctionality] [verifyingGetItByTomorrowFilterFunctionality] Skipping action: Element not found after 2   attemps
2026-03-28 07:06:25.480 PM [TestNG-test-Test-3] INFO  [verifyingGetItByTomorrowFilterFunctionality] [verifyingGetItByTomorrowFilterFunctionality] Giving input within the search bar
2026-03-28 07:06:25.480 PM [TestNG-test-Test-3] INFO  [verifyingGetItByTomorrowFilterFunctionality] [verifyingGetItByTomorrowFilterFunctionality] Within safeClick method
2026-03-28 07:06:30.089 PM [TestNG-test-Test-3] INFO  [verifyingGetItByTomorrowFilterFunctionality] [verifyingGetItByTomorrowFilterFunctionality] Clicked the  [[ChromeDriver: chrome on windows (cfd93040cb5fd21a91227713630aeb54)] -> xpath: //input[@id='nav-search-submit-button']]   using safeClick
2026-03-28 07:06:30.090 PM [TestNG-test-Test-3] INFO  [verifyingGetItByTomorrowFilterFunctionality] [verifyingGetItByTomorrowFilterFunctionality] Clicking on the submit in the search bar
2026-03-28 07:06:30.802 PM [TestNG-test-Test-3] INFO  [verifyingGetItByTomorrowFilterFunctionality] [verifyingGetItByTomorrowFilterFunctionality] Waiting until element is visible in viewport
2026-03-28 07:06:30.917 PM [TestNG-test-Test-3] INFO  [verifyingGetItByTomorrowFilterFunctionality] [verifyingGetItByTomorrowFilterFunctionality] Within validateDeliveryFilterOptionsWithResult method
2026-03-28 07:06:30.917 PM [TestNG-test-Test-3] INFO  [verifyingGetItByTomorrowFilterFunctionality] [verifyingGetItByTomorrowFilterFunctionality] Within safeClick method
2026-03-28 07:06:33.938 PM [TestNG-test-Test-3] INFO  [verifyingGetItByTomorrowFilterFunctionality] [verifyingGetItByTomorrowFilterFunctionality] Clicked the  [[ChromeDriver: chrome on windows (cfd93040cb5fd21a91227713630aeb54)] -> xpath: //span[@class='a-size-base a-color-base puis-bold-weight-text' and text()='Delivery Day']/parent::div/following-sibling::ul//span[@class='a-size-base a-color-base' and text()='Get It by Tomorrow']]   using safeClick
2026-03-28 07:06:33.938 PM [TestNG-test-Test-3] INFO  [verifyingGetItByTomorrowFilterFunctionality] [verifyingGetItByTomorrowFilterFunctionality] Within getMoreButtonByFilterTypeAndName method
2026-03-28 07:06:33.940 PM [TestNG-test-Test-3] INFO  [verifyingGetItByTomorrowFilterFunctionality] [verifyingGetItByTomorrowFilterFunctionality] Capturing screenshot: Filter_Applied_is_Get_It_by_Tomorrow__2026-03-28_190633.jpg
2026-03-28 07:06:34.283 PM [TestNG-test-Test-3] INFO  [verifyingGetItByTomorrowFilterFunctionality] [verifyingGetItByTomorrowFilterFunctionality] Screenshot saved at: test-output/screenshots/Run_2026-03-28_18-20-37/verifyingGetItByTomorrowFilterFunctionality/Filter_Applied_is_Get_It_by_Tomorrow__2026-03-28_190633.jpg
2026-03-28 07:06:34.284 PM [TestNG-test-Test-3] INFO  [verifyingGetItByTomorrowFilterFunctionality] [verifyingGetItByTomorrowFilterFunctionality] Clicked on By.xpath: //span[@class='a-size-base a-color-base puis-bold-weight-text' and text()='Delivery Day']/parent::div/following-sibling::ul//span[@class='a-size-base a-color-base' and text()='Get It by Tomorrow']
2026-03-28 07:06:34.290 PM [TestNG-test-Test-3] INFO  [verifyingGetItByTomorrowFilterFunctionality] [verifyingGetItByTomorrowFilterFunctionality] Within safeFindElements 
2026-03-28 07:06:34.360 PM [TestNG-test-Test-3] INFO  [verifyingGetItByTomorrowFilterFunctionality] [verifyingGetItByTomorrowFilterFunctionality] Returning the  [[[ChromeDriver: chrome on windows (cfd93040cb5fd21a91227713630aeb54)] -> xpath: //div[@class='a-section a-spacing-small a-spacing-top-small']], [[ChromeDriver: chrome on windows (cfd93040cb5fd21a91227713630aeb54)] -> xpath: //div[@class='a-section a-spacing-small a-spacing-top-small']], [[ChromeDriver: chrome on windows (cfd93040cb5fd21a91227713630aeb54)] -> xpath: //div[@class='a-section a-spacing-small a-spacing-top-small']], [[ChromeDriver: chrome on windows (cfd93040cb5fd21a91227713630aeb54)] -> xpath: //div[@class='a-section a-spacing-small a-spacing-top-small']], [[ChromeDriver: chrome on windows (cfd93040cb5fd21a91227713630aeb54)] -> xpath: //div[@class='a-section a-spacing-small a-spacing-top-small']], [[ChromeDriver: chrome on windows (cfd93040cb5fd21a91227713630aeb54)] -> xpath: //div[@class='a-section a-spacing-small a-spacing-top-small']], [[ChromeDriver: chrome on windows (cfd93040cb5fd21a91227713630aeb54)] -> xpath: //div[@class='a-section a-spacing-small a-spacing-top-small']], [[ChromeDriver: chrome on windows (cfd93040cb5fd21a91227713630aeb54)] -> xpath: //div[@class='a-section a-spacing-small a-spacing-top-small']], [[ChromeDriver: chrome on windows (cfd93040cb5fd21a91227713630aeb54)] -> xpath: //div[@class='a-section a-spacing-small a-spacing-top-small']], [[ChromeDriver: chrome on windows (cfd93040cb5fd21a91227713630aeb54)] -> xpath: //div[@class='a-section a-spacing-small a-spacing-top-small']], [[ChromeDriver: chrome on windows (cfd93040cb5fd21a91227713630aeb54)] -> xpath: //div[@class='a-section a-spacing-small a-spacing-top-small']], [[ChromeDriver: chrome on windows (cfd93040cb5fd21a91227713630aeb54)] -> xpath: //div[@class='a-section a-spacing-small a-spacing-top-small']], [[ChromeDriver: chrome on windows (cfd93040cb5fd21a91227713630aeb54)] -> xpath: //div[@class='a-section a-spacing-small a-spacing-top-small']], [[ChromeDriver: chrome on windows (cfd93040cb5fd21a91227713630aeb54)] -> xpath: //div[@class='a-section a-spacing-small a-spacing-top-small']], [[ChromeDriver: chrome on windows (cfd93040cb5fd21a91227713630aeb54)] -> xpath: //div[@class='a-section a-spacing-small a-spacing-top-small']], [[ChromeDriver: chrome on windows (cfd93040cb5fd21a91227713630aeb54)] -> xpath: //div[@class='a-section a-spacing-small a-spacing-top-small']]] from the safeFindElements method
2026-03-28 07:06:34.360 PM [TestNG-test-Test-3] INFO  [verifyingGetItByTomorrowFilterFunctionality] [verifyingGetItByTomorrowFilterFunctionality] Created hashset with required data to assert with Within validateDeliveryFilterOptions method
2026-03-28 07:06:34.360 PM [TestNG-test-Test-3] INFO  [verifyingGetItByTomorrowFilterFunctionality] [verifyingGetItByTomorrowFilterFunctionality] this is the set  [Today, FREE delivery, 28, Sat, 29, Sun, Tomorrow, Mar]
2026-03-28 07:06:34.360 PM [TestNG-test-Test-3] INFO  [verifyingGetItByTomorrowFilterFunctionality] [verifyingGetItByTomorrowFilterFunctionality] Within deliveryElements loop iterating over the products  Within validateDeliveryFilterOptions method
2026-03-28 07:06:34.498 PM [TestNG-test-Test-3] INFO  [verifyingGetItByTomorrowFilterFunctionality] [verifyingGetItByTomorrowFilterFunctionality] Checking if the allowedDateParts have the assert text   Within validateDeliveryFilterOptions method
2026-03-28 07:06:34.499 PM [TestNG-test-Test-3] INFO  [verifyingGetItByTomorrowFilterFunctionality] [verifyingGetItByTomorrowFilterFunctionality] Within deliveryElements loop iterating over the products  Within validateDeliveryFilterOptions method
2026-03-28 07:06:34.564 PM [TestNG-test-Test-3] INFO  [verifyingGetItByTomorrowFilterFunctionality] [verifyingGetItByTomorrowFilterFunctionality] Checking if the allowedDateParts have the assert text   Within validateDeliveryFilterOptions method
2026-03-28 07:06:34.564 PM [TestNG-test-Test-3] INFO  [verifyingGetItByTomorrowFilterFunctionality] [verifyingGetItByTomorrowFilterFunctionality] Within deliveryElements loop iterating over the products  Within validateDeliveryFilterOptions method
2026-03-28 07:06:34.596 PM [TestNG-test-Test-3] INFO  [verifyingGetItByTomorrowFilterFunctionality] [verifyingGetItByTomorrowFilterFunctionality] Checking if the allowedDateParts have the assert text   Within validateDeliveryFilterOptions method
2026-03-28 07:06:34.596 PM [TestNG-test-Test-3] INFO  [verifyingGetItByTomorrowFilterFunctionality] [verifyingGetItByTomorrowFilterFunctionality] Within deliveryElements loop iterating over the products  Within validateDeliveryFilterOptions method
2026-03-28 07:06:34.625 PM [TestNG-test-Test-3] INFO  [verifyingGetItByTomorrowFilterFunctionality] [verifyingGetItByTomorrowFilterFunctionality] Checking if the allowedDateParts have the assert text   Within validateDeliveryFilterOptions method
2026-03-28 07:06:34.625 PM [TestNG-test-Test-3] INFO  [verifyingGetItByTomorrowFilterFunctionality] [verifyingGetItByTomorrowFilterFunctionality] Within deliveryElements loop iterating over the products  Within validateDeliveryFilterOptions method
2026-03-28 07:06:34.663 PM [TestNG-test-Test-3] INFO  [verifyingGetItByTomorrowFilterFunctionality] [verifyingGetItByTomorrowFilterFunctionality] Checking if the allowedDateParts have the assert text   Within validateDeliveryFilterOptions method
2026-03-28 07:06:34.663 PM [TestNG-test-Test-3] INFO  [verifyingGetItByTomorrowFilterFunctionality] [verifyingGetItByTomorrowFilterFunctionality] Within deliveryElements loop iterating over the products  Within validateDeliveryFilterOptions method
2026-03-28 07:06:34.699 PM [TestNG-test-Test-3] INFO  [verifyingGetItByTomorrowFilterFunctionality] [verifyingGetItByTomorrowFilterFunctionality] Checking if the allowedDateParts have the assert text   Within validateDeliveryFilterOptions method
2026-03-28 07:06:34.699 PM [TestNG-test-Test-3] INFO  [verifyingGetItByTomorrowFilterFunctionality] [verifyingGetItByTomorrowFilterFunctionality] Within deliveryElements loop iterating over the products  Within validateDeliveryFilterOptions method
2026-03-28 07:06:34.770 PM [TestNG-test-Test-3] INFO  [verifyingGetItByTomorrowFilterFunctionality] [verifyingGetItByTomorrowFilterFunctionality] Checking if the allowedDateParts have the assert text   Within validateDeliveryFilterOptions method
2026-03-28 07:06:34.771 PM [TestNG-test-Test-3] INFO  [verifyingGetItByTomorrowFilterFunctionality] [verifyingGetItByTomorrowFilterFunctionality] Within deliveryElements loop iterating over the products  Within validateDeliveryFilterOptions method
2026-03-28 07:06:34.849 PM [TestNG-test-Test-3] INFO  [verifyingGetItByTomorrowFilterFunctionality] [verifyingGetItByTomorrowFilterFunctionality] Checking if the allowedDateParts have the assert text   Within validateDeliveryFilterOptions method
2026-03-28 07:06:34.850 PM [TestNG-test-Test-3] INFO  [verifyingGetItByTomorrowFilterFunctionality] [verifyingGetItByTomorrowFilterFunctionality] Within deliveryElements loop iterating over the products  Within validateDeliveryFilterOptions method
2026-03-28 07:06:34.917 PM [TestNG-test-Test-3] INFO  [verifyingGetItByTomorrowFilterFunctionality] [verifyingGetItByTomorrowFilterFunctionality] Checking if the allowedDateParts have the assert text   Within validateDeliveryFilterOptions method
2026-03-28 07:06:34.917 PM [TestNG-test-Test-3] INFO  [verifyingGetItByTomorrowFilterFunctionality] [verifyingGetItByTomorrowFilterFunctionality] Within deliveryElements loop iterating over the products  Within validateDeliveryFilterOptions method
2026-03-28 07:06:34.940 PM [TestNG-test-Test-3] INFO  [verifyingGetItByTomorrowFilterFunctionality] [verifyingGetItByTomorrowFilterFunctionality] Checking if the allowedDateParts have the assert text   Within validateDeliveryFilterOptions method
2026-03-28 07:06:34.940 PM [TestNG-test-Test-3] INFO  [verifyingGetItByTomorrowFilterFunctionality] [verifyingGetItByTomorrowFilterFunctionality] Within deliveryElements loop iterating over the products  Within validateDeliveryFilterOptions method
2026-03-28 07:06:34.967 PM [TestNG-test-Test-3] INFO  [verifyingGetItByTomorrowFilterFunctionality] [verifyingGetItByTomorrowFilterFunctionality] Checking if the allowedDateParts have the assert text   Within validateDeliveryFilterOptions method
2026-03-28 07:06:34.967 PM [TestNG-test-Test-3] INFO  [verifyingGetItByTomorrowFilterFunctionality] [verifyingGetItByTomorrowFilterFunctionality] Within deliveryElements loop iterating over the products  Within validateDeliveryFilterOptions method
2026-03-28 07:06:34.990 PM [TestNG-test-Test-3] INFO  [verifyingGetItByTomorrowFilterFunctionality] [verifyingGetItByTomorrowFilterFunctionality] Checking if the allowedDateParts have the assert text   Within validateDeliveryFilterOptions method
2026-03-28 07:06:34.990 PM [TestNG-test-Test-3] INFO  [verifyingGetItByTomorrowFilterFunctionality] [verifyingGetItByTomorrowFilterFunctionality] Within deliveryElements loop iterating over the products  Within validateDeliveryFilterOptions method
2026-03-28 07:06:35.012 PM [TestNG-test-Test-3] INFO  [verifyingGetItByTomorrowFilterFunctionality] [verifyingGetItByTomorrowFilterFunctionality] Checking if the allowedDateParts have the assert text   Within validateDeliveryFilterOptions method
2026-03-28 07:06:35.012 PM [TestNG-test-Test-3] INFO  [verifyingGetItByTomorrowFilterFunctionality] [verifyingGetItByTomorrowFilterFunctionality] Within deliveryElements loop iterating over the products  Within validateDeliveryFilterOptions method
2026-03-28 07:06:35.036 PM [TestNG-test-Test-3] INFO  [verifyingGetItByTomorrowFilterFunctionality] [verifyingGetItByTomorrowFilterFunctionality] Checking if the allowedDateParts have the assert text   Within validateDeliveryFilterOptions method
2026-03-28 07:06:35.036 PM [TestNG-test-Test-3] INFO  [verifyingGetItByTomorrowFilterFunctionality] [verifyingGetItByTomorrowFilterFunctionality] Within deliveryElements loop iterating over the products  Within validateDeliveryFilterOptions method
2026-03-28 07:06:35.060 PM [TestNG-test-Test-3] INFO  [verifyingGetItByTomorrowFilterFunctionality] [verifyingGetItByTomorrowFilterFunctionality] Checking if the allowedDateParts have the assert text   Within validateDeliveryFilterOptions method
2026-03-28 07:06:35.060 PM [TestNG-test-Test-3] INFO  [verifyingGetItByTomorrowFilterFunctionality] [verifyingGetItByTomorrowFilterFunctionality] Within deliveryElements loop iterating over the products  Within validateDeliveryFilterOptions method
2026-03-28 07:06:35.080 PM [TestNG-test-Test-3] INFO  [verifyingGetItByTomorrowFilterFunctionality] [verifyingGetItByTomorrowFilterFunctionality] Checking if the allowedDateParts have the assert text   Within validateDeliveryFilterOptions method
2026-03-28 07:06:35.080 PM [TestNG-test-Test-3] INFO  [verifyingGetItByTomorrowFilterFunctionality] [verifyingGetItByTomorrowFilterFunctionality] Returning the list with boolean values   Within validateDeliveryFilterOptions method
2026-03-28 07:06:35.080 PM [TestNG-test-Test-3] INFO  [verifyingGetItByTomorrowFilterFunctionality] [verifyingGetItByTomorrowFilterFunctionality] Asserting delivery filter: isValid=true, index=-1, text=All the things are valid no errors
2026-03-28 07:06:35.084 PM [TestNG-test-Test-3] INFO  [verifyingGetItByTomorrowFilterFunctionality] ✅ Finished test method: verifyingGetItByTomorrowFilterFunctionality
