19:51:19 [TestNG-test-Test-3] INFO  verifyingGetItByTomorrowFilterFunctionality_Mobile_19-51-19 - No existing WebDriver found for current thread. Initializing a new ChromeDriver...
19:51:19 [TestNG-test-Test-3] INFO  verifyingGetItByTomorrowFilterFunctionality_Mobile_19-51-19 - WebDriverManager: chromedriver setup OK
19:51:20 [TestNG-test-Test-3] INFO  verifyingGetItByTomorrowFilterFunctionality_Mobile_19-51-19 - ChromeDriver initialized successfully for thread: 36
19:51:21 [TestNG-test-Test-3] INFO  verifyingGetItByTomorrowFilterFunctionality_Mobile_19-51-19 - [verifyingGetItByTomorrowFilterFunctionality_Mobile_19-51-19] Opening amazon Landing page
19:51:21 [TestNG-test-Test-3] INFO  verifyingGetItByTomorrowFilterFunctionality_Mobile_19-51-19 - [verifyingGetItByTomorrowFilterFunctionality_Mobile_19-51-19] Within safeFindElement method
19:51:23 [TestNG-test-Test-3] INFO  verifyingGetItByTomorrowFilterFunctionality_Mobile_19-51-19 - [verifyingGetItByTomorrowFilterFunctionality_Mobile_19-51-19]Found the element returning it ,element ->[[ChromeDriver: chrome on windows (ab172b1b25169f5a290bffa88c3f0a90)] -> xpath: //a[@id='nav-logo-sprites']]
19:51:24 [TestNG-test-Test-3] INFO  verifyingGetItByTomorrowFilterFunctionality_Mobile_19-51-19 - [verifyingGetItByTomorrowFilterFunctionality_Mobile_19-51-19] Giving input within the search bar
19:51:24 [TestNG-test-Test-3] INFO  verifyingGetItByTomorrowFilterFunctionality_Mobile_19-51-19 - [verifyingGetItByTomorrowFilterFunctionality_Mobile_19-51-19] Within safeClick method
19:51:26 [TestNG-test-Test-3] INFO  verifyingGetItByTomorrowFilterFunctionality_Mobile_19-51-19 - [verifyingGetItByTomorrowFilterFunctionality_Mobile_19-51-19] Clicked the  [[ChromeDriver: chrome on windows (ab172b1b25169f5a290bffa88c3f0a90)] -> xpath: //input[@id='nav-search-submit-button']]   using safeClick
19:51:26 [TestNG-test-Test-3] INFO  verifyingGetItByTomorrowFilterFunctionality_Mobile_19-51-19 - [verifyingGetItByTomorrowFilterFunctionality_Mobile_19-51-19] Clicking on the submit in the search bar
19:51:26 [TestNG-test-Test-3] INFO  verifyingGetItByTomorrowFilterFunctionality_Mobile_19-51-19 - [verifyingGetItByTomorrowFilterFunctionality_Mobile_19-51-19] Waiting until element is visible in viewport
19:51:26 [TestNG-test-Test-3] INFO  verifyingGetItByTomorrowFilterFunctionality_Mobile_19-51-19 - [verifyingGetItByTomorrowFilterFunctionality_Mobile_19-51-19] Within validateDeliveryFilterOptionsWithResult method
19:51:26 [TestNG-test-Test-3] INFO  verifyingGetItByTomorrowFilterFunctionality_Mobile_19-51-19 - [verifyingGetItByTomorrowFilterFunctionality_Mobile_19-51-19] Within safeClick method
19:51:27 [TestNG-test-Test-3] INFO  verifyingGetItByTomorrowFilterFunctionality_Mobile_19-51-19 - [verifyingGetItByTomorrowFilterFunctionality_Mobile_19-51-19] Clicked the  [[ChromeDriver: chrome on windows (ab172b1b25169f5a290bffa88c3f0a90)] -> xpath: //span[@class='a-size-base a-color-base puis-bold-weight-text' and text()='Delivery Day']/parent::div/following-sibling::ul//span[@class='a-size-base a-color-base' and text()='Get It by Tomorrow']]   using safeClick
19:51:27 [TestNG-test-Test-3] INFO  verifyingGetItByTomorrowFilterFunctionality_Mobile_19-51-19 - [verifyingGetItByTomorrowFilterFunctionality_Mobile_19-51-19] Within getMoreButtonByFilterTypeAndName method
19:51:27 [TestNG-test-Test-3] INFO  verifyingGetItByTomorrowFilterFunctionality_Mobile_19-51-19 - [verifyingGetItByTomorrowFilterFunctionality_Mobile_19-51-19] Clicked on By.xpath: //span[@class='a-size-base a-color-base puis-bold-weight-text' and text()='Delivery Day']/parent::div/following-sibling::ul//span[@class='a-size-base a-color-base' and text()='Get It by Tomorrow']
19:51:27 [TestNG-test-Test-3] INFO  verifyingGetItByTomorrowFilterFunctionality_Mobile_19-51-19 - [verifyingGetItByTomorrowFilterFunctionality_Mobile_19-51-19] Within safeFindElements 
19:51:27 [TestNG-test-Test-3] INFO  verifyingGetItByTomorrowFilterFunctionality_Mobile_19-51-19 - [verifyingGetItByTomorrowFilterFunctionality_Mobile_19-51-19] Returning the  [[[ChromeDriver: chrome on windows (ab172b1b25169f5a290bffa88c3f0a90)] -> xpath: //div[@class='a-section a-spacing-small a-spacing-top-small']], [[ChromeDriver: chrome on windows (ab172b1b25169f5a290bffa88c3f0a90)] -> xpath: //div[@class='a-section a-spacing-small a-spacing-top-small']], [[ChromeDriver: chrome on windows (ab172b1b25169f5a290bffa88c3f0a90)] -> xpath: //div[@class='a-section a-spacing-small a-spacing-top-small']], [[ChromeDriver: chrome on windows (ab172b1b25169f5a290bffa88c3f0a90)] -> xpath: //div[@class='a-section a-spacing-small a-spacing-top-small']], [[ChromeDriver: chrome on windows (ab172b1b25169f5a290bffa88c3f0a90)] -> xpath: //div[@class='a-section a-spacing-small a-spacing-top-small']], [[ChromeDriver: chrome on windows (ab172b1b25169f5a290bffa88c3f0a90)] -> xpath: //div[@class='a-section a-spacing-small a-spacing-top-small']], [[ChromeDriver: chrome on windows (ab172b1b25169f5a290bffa88c3f0a90)] -> xpath: //div[@class='a-section a-spacing-small a-spacing-top-small']]] from the safeFindElements method
19:51:27 [TestNG-test-Test-3] INFO  verifyingGetItByTomorrowFilterFunctionality_Mobile_19-51-19 - [verifyingGetItByTomorrowFilterFunctionality_Mobile_19-51-19] Created hashset with required data to assert with Within validateDeliveryFilterOptions method
19:51:27 [TestNG-test-Test-3] INFO  verifyingGetItByTomorrowFilterFunctionality_Mobile_19-51-19 - [verifyingGetItByTomorrowFilterFunctionality_Mobile_19-51-19] this is the set  [Today, 04, May, Tue, 05, FREE delivery, Mon, Tomorrow]
19:51:27 [TestNG-test-Test-3] INFO  verifyingGetItByTomorrowFilterFunctionality_Mobile_19-51-19 - [verifyingGetItByTomorrowFilterFunctionality_Mobile_19-51-19] Within deliveryElements loop iterating over the products  Within validateDeliveryFilterOptions method
19:51:28 [TestNG-test-Test-3] INFO  verifyingGetItByTomorrowFilterFunctionality_Mobile_19-51-19 - [verifyingGetItByTomorrowFilterFunctionality_Mobile_19-51-19] Checking if the allowedDateParts have the assert text   Within validateDeliveryFilterOptions method
19:51:28 [TestNG-test-Test-3] INFO  verifyingGetItByTomorrowFilterFunctionality_Mobile_19-51-19 - [verifyingGetItByTomorrowFilterFunctionality_Mobile_19-51-19] Within deliveryElements loop iterating over the products  Within validateDeliveryFilterOptions method
19:51:28 [TestNG-test-Test-3] INFO  verifyingGetItByTomorrowFilterFunctionality_Mobile_19-51-19 - [verifyingGetItByTomorrowFilterFunctionality_Mobile_19-51-19] Checking if the allowedDateParts have the assert text   Within validateDeliveryFilterOptions method
19:51:28 [TestNG-test-Test-3] INFO  verifyingGetItByTomorrowFilterFunctionality_Mobile_19-51-19 - [verifyingGetItByTomorrowFilterFunctionality_Mobile_19-51-19] Within deliveryElements loop iterating over the products  Within validateDeliveryFilterOptions method
19:51:28 [TestNG-test-Test-3] INFO  verifyingGetItByTomorrowFilterFunctionality_Mobile_19-51-19 - [verifyingGetItByTomorrowFilterFunctionality_Mobile_19-51-19] Checking if the allowedDateParts have the assert text   Within validateDeliveryFilterOptions method
19:51:28 [TestNG-test-Test-3] INFO  verifyingGetItByTomorrowFilterFunctionality_Mobile_19-51-19 - [verifyingGetItByTomorrowFilterFunctionality_Mobile_19-51-19] Within deliveryElements loop iterating over the products  Within validateDeliveryFilterOptions method
19:51:28 [TestNG-test-Test-3] INFO  verifyingGetItByTomorrowFilterFunctionality_Mobile_19-51-19 - [verifyingGetItByTomorrowFilterFunctionality_Mobile_19-51-19] Checking if the allowedDateParts have the assert text   Within validateDeliveryFilterOptions method
19:51:28 [TestNG-test-Test-3] INFO  verifyingGetItByTomorrowFilterFunctionality_Mobile_19-51-19 - [verifyingGetItByTomorrowFilterFunctionality_Mobile_19-51-19] Within deliveryElements loop iterating over the products  Within validateDeliveryFilterOptions method
19:51:28 [TestNG-test-Test-3] INFO  verifyingGetItByTomorrowFilterFunctionality_Mobile_19-51-19 - [verifyingGetItByTomorrowFilterFunctionality_Mobile_19-51-19] Checking if the allowedDateParts have the assert text   Within validateDeliveryFilterOptions method
19:51:28 [TestNG-test-Test-3] INFO  verifyingGetItByTomorrowFilterFunctionality_Mobile_19-51-19 - [verifyingGetItByTomorrowFilterFunctionality_Mobile_19-51-19] Within deliveryElements loop iterating over the products  Within validateDeliveryFilterOptions method
19:51:28 [TestNG-test-Test-3] INFO  verifyingGetItByTomorrowFilterFunctionality_Mobile_19-51-19 - [verifyingGetItByTomorrowFilterFunctionality_Mobile_19-51-19] Checking if the allowedDateParts have the assert text   Within validateDeliveryFilterOptions method
19:51:28 [TestNG-test-Test-3] INFO  verifyingGetItByTomorrowFilterFunctionality_Mobile_19-51-19 - [verifyingGetItByTomorrowFilterFunctionality_Mobile_19-51-19] Within deliveryElements loop iterating over the products  Within validateDeliveryFilterOptions method
19:51:28 [TestNG-test-Test-3] INFO  verifyingGetItByTomorrowFilterFunctionality_Mobile_19-51-19 - [verifyingGetItByTomorrowFilterFunctionality_Mobile_19-51-19] Checking if the allowedDateParts have the assert text   Within validateDeliveryFilterOptions method
19:51:28 [TestNG-test-Test-3] INFO  verifyingGetItByTomorrowFilterFunctionality_Mobile_19-51-19 - [verifyingGetItByTomorrowFilterFunctionality_Mobile_19-51-19] Returning the list with boolean values   Within validateDeliveryFilterOptions method
19:51:28 [TestNG-test-Test-3] INFO  verifyingGetItByTomorrowFilterFunctionality_Mobile_19-51-19 - [verifyingGetItByTomorrowFilterFunctionality_Mobile_19-51-19] Asserting delivery filter: isValid=true, index=-1, text=All the things are valid no errors
