2025-12-12 10:40:19.792 PM [TestNG-test=Test-2] INFO  [verifyingGetItIn2DaysFilterFunctionality] 🔹 Starting test method: verifyingGetItIn2DaysFilterFunctionality
2025-12-12 10:40:19.795 PM [TestNG-test=Test-2] INFO  [verifyingGetItIn2DaysFilterFunctionality] No existing WebDriver found for current thread. Initializing a new ChromeDriver...
2025-12-12 10:40:19.839 PM [TestNG-test=Test-2] INFO  [verifyingGetItIn2DaysFilterFunctionality] WebDriverManager: chromedriver setup OK
2025-12-12 10:40:20.772 PM [TestNG-test=Test-2] INFO  [verifyingGetItIn2DaysFilterFunctionality] ChromeDriver initialized successfully for thread: 30
2025-12-12 10:40:22.062 PM [TestNG-test=Test-2] INFO  [verifyingGetItIn2DaysFilterFunctionality] [verifyingGetItIn2DaysFilterFunctionality] Opening amazon Landing page
2025-12-12 10:40:25.144 PM [TestNG-test=Test-2] INFO  [verifyingGetItIn2DaysFilterFunctionality] [verifyingGetItIn2DaysFilterFunctionality] Giving input within the search bar
2025-12-12 10:40:25.144 PM [TestNG-test=Test-2] INFO  [verifyingGetItIn2DaysFilterFunctionality] [verifyingGetItIn2DaysFilterFunctionality] Within safeClick method
2025-12-12 10:40:28.070 PM [TestNG-test=Test-2] INFO  [verifyingGetItIn2DaysFilterFunctionality] [verifyingGetItIn2DaysFilterFunctionality] Clicked the  [[ChromeDriver: chrome on windows (f07386d8dd08aabfe78ebf1b49e5a63a)] -> xpath: //input[@id='nav-search-submit-button']]   using safeClick
2025-12-12 10:40:28.070 PM [TestNG-test=Test-2] INFO  [verifyingGetItIn2DaysFilterFunctionality] [verifyingGetItIn2DaysFilterFunctionality] Clicking on the submit in the search bar
2025-12-12 10:40:28.394 PM [TestNG-test=Test-2] INFO  [verifyingGetItIn2DaysFilterFunctionality] [verifyingGetItIn2DaysFilterFunctionality] Waiting until element is visible in viewport
2025-12-12 10:40:28.457 PM [TestNG-test=Test-2] INFO  [verifyingGetItIn2DaysFilterFunctionality] [verifyingGetItIn2DaysFilterFunctionality] Within validateDeliveryFilterOptionsWithResult method
2025-12-12 10:40:28.457 PM [TestNG-test=Test-2] INFO  [verifyingGetItIn2DaysFilterFunctionality] [verifyingGetItIn2DaysFilterFunctionality] Within safeClick method
2025-12-12 10:40:28.735 PM [TestNG-test=Test-2] INFO  [verifyingGetItIn2DaysFilterFunctionality] [verifyingGetItIn2DaysFilterFunctionality] Clicked the  [[ChromeDriver: chrome on windows (f07386d8dd08aabfe78ebf1b49e5a63a)] -> xpath: //span[@class='a-size-base a-color-base puis-bold-weight-text' and text()='Delivery Day']/parent::div/following-sibling::ul//span[@class='a-size-base a-color-base' and text()='Get It in 2 Days']]   using safeClick
2025-12-12 10:40:30.745 PM [TestNG-test=Test-2] INFO  [verifyingGetItIn2DaysFilterFunctionality] [verifyingGetItIn2DaysFilterFunctionality] Within getMoreButtonByFilterTypeAndName method
2025-12-12 10:40:30.749 PM [TestNG-test=Test-2] INFO  [verifyingGetItIn2DaysFilterFunctionality] [verifyingGetItIn2DaysFilterFunctionality] Capturing screenshot: Filter Applied is Get It in 2 Days__2025-12-12_224030.png
2025-12-12 10:40:30.920 PM [TestNG-test=Test-2] INFO  [verifyingGetItIn2DaysFilterFunctionality] [verifyingGetItIn2DaysFilterFunctionality] Screenshot saved at: test-output/screenshots/Run_2025-12-12_22-21-27/verifyingGetItIn2DaysFilterFunctionality/Filter Applied is Get It in 2 Days__2025-12-12_224030.png
2025-12-12 10:40:30.922 PM [TestNG-test=Test-2] INFO  [verifyingGetItIn2DaysFilterFunctionality] [verifyingGetItIn2DaysFilterFunctionality] Clicked on By.xpath: //span[@class='a-size-base a-color-base puis-bold-weight-text' and text()='Delivery Day']/parent::div/following-sibling::ul//span[@class='a-size-base a-color-base' and text()='Get It in 2 Days']
2025-12-12 10:40:32.923 PM [TestNG-test=Test-2] INFO  [verifyingGetItIn2DaysFilterFunctionality] [verifyingGetItIn2DaysFilterFunctionality] Within safeFindElements 
2025-12-12 10:40:32.941 PM [TestNG-test=Test-2] INFO  [verifyingGetItIn2DaysFilterFunctionality] [verifyingGetItIn2DaysFilterFunctionality] Returning the  [[[ChromeDriver: chrome on windows (f07386d8dd08aabfe78ebf1b49e5a63a)] -> xpath: //div[@class='a-section a-spacing-small a-spacing-top-small']], [[ChromeDriver: chrome on windows (f07386d8dd08aabfe78ebf1b49e5a63a)] -> xpath: //div[@class='a-section a-spacing-small a-spacing-top-small']], [[ChromeDriver: chrome on windows (f07386d8dd08aabfe78ebf1b49e5a63a)] -> xpath: //div[@class='a-section a-spacing-small a-spacing-top-small']], [[ChromeDriver: chrome on windows (f07386d8dd08aabfe78ebf1b49e5a63a)] -> xpath: //div[@class='a-section a-spacing-small a-spacing-top-small']], [[ChromeDriver: chrome on windows (f07386d8dd08aabfe78ebf1b49e5a63a)] -> xpath: //div[@class='a-section a-spacing-small a-spacing-top-small']], [[ChromeDriver: chrome on windows (f07386d8dd08aabfe78ebf1b49e5a63a)] -> xpath: //div[@class='a-section a-spacing-small a-spacing-top-small']], [[ChromeDriver: chrome on windows (f07386d8dd08aabfe78ebf1b49e5a63a)] -> xpath: //div[@class='a-section a-spacing-small a-spacing-top-small']], [[ChromeDriver: chrome on windows (f07386d8dd08aabfe78ebf1b49e5a63a)] -> xpath: //div[@class='a-section a-spacing-small a-spacing-top-small']], [[ChromeDriver: chrome on windows (f07386d8dd08aabfe78ebf1b49e5a63a)] -> xpath: //div[@class='a-section a-spacing-small a-spacing-top-small']], [[ChromeDriver: chrome on windows (f07386d8dd08aabfe78ebf1b49e5a63a)] -> xpath: //div[@class='a-section a-spacing-small a-spacing-top-small']], [[ChromeDriver: chrome on windows (f07386d8dd08aabfe78ebf1b49e5a63a)] -> xpath: //div[@class='a-section a-spacing-small a-spacing-top-small']], [[ChromeDriver: chrome on windows (f07386d8dd08aabfe78ebf1b49e5a63a)] -> xpath: //div[@class='a-section a-spacing-small a-spacing-top-small']], [[ChromeDriver: chrome on windows (f07386d8dd08aabfe78ebf1b49e5a63a)] -> xpath: //div[@class='a-section a-spacing-small a-spacing-top-small']], [[ChromeDriver: chrome on windows (f07386d8dd08aabfe78ebf1b49e5a63a)] -> xpath: //div[@class='a-section a-spacing-small a-spacing-top-small']], [[ChromeDriver: chrome on windows (f07386d8dd08aabfe78ebf1b49e5a63a)] -> xpath: //div[@class='a-section a-spacing-small a-spacing-top-small']], [[ChromeDriver: chrome on windows (f07386d8dd08aabfe78ebf1b49e5a63a)] -> xpath: //div[@class='a-section a-spacing-small a-spacing-top-small']]] from the safeFindElements method
2025-12-12 10:40:33.005 PM [TestNG-test=Test-2] INFO  [verifyingGetItIn2DaysFilterFunctionality] [verifyingGetItIn2DaysFilterFunctionality] Created hashset with required data to assert with Within validateDeliveryFilterOptions method
2025-12-12 10:40:33.005 PM [TestNG-test=Test-2] INFO  [verifyingGetItIn2DaysFilterFunctionality] [verifyingGetItIn2DaysFilterFunctionality] this is the set  [12, 13, Today, Dec, Sat, Fri, Tomorrow]
2025-12-12 10:40:33.005 PM [TestNG-test=Test-2] INFO  [verifyingGetItIn2DaysFilterFunctionality] [verifyingGetItIn2DaysFilterFunctionality] Within deliveryElements loop iterating over the products  Within validateDeliveryFilterOptions method
2025-12-12 10:40:33.057 PM [TestNG-test=Test-2] INFO  [verifyingGetItIn2DaysFilterFunctionality] [verifyingGetItIn2DaysFilterFunctionality] Checking if the allowedDateParts have the assert text   Within validateDeliveryFilterOptions method
2025-12-12 10:40:33.063 PM [TestNG-test=Test-2] INFO  [verifyingGetItIn2DaysFilterFunctionality] [verifyingGetItIn2DaysFilterFunctionality] Within deliveryElements loop iterating over the products  Within validateDeliveryFilterOptions method
2025-12-12 10:40:33.104 PM [TestNG-test=Test-2] INFO  [verifyingGetItIn2DaysFilterFunctionality] [verifyingGetItIn2DaysFilterFunctionality] Checking if the allowedDateParts have the assert text   Within validateDeliveryFilterOptions method
2025-12-12 10:40:33.104 PM [TestNG-test=Test-2] INFO  [verifyingGetItIn2DaysFilterFunctionality] [verifyingGetItIn2DaysFilterFunctionality] Within deliveryElements loop iterating over the products  Within validateDeliveryFilterOptions method
2025-12-12 10:40:33.139 PM [TestNG-test=Test-2] INFO  [verifyingGetItIn2DaysFilterFunctionality] [verifyingGetItIn2DaysFilterFunctionality] Checking if the allowedDateParts have the assert text   Within validateDeliveryFilterOptions method
2025-12-12 10:40:33.139 PM [TestNG-test=Test-2] INFO  [verifyingGetItIn2DaysFilterFunctionality] [verifyingGetItIn2DaysFilterFunctionality] Within deliveryElements loop iterating over the products  Within validateDeliveryFilterOptions method
2025-12-12 10:40:33.171 PM [TestNG-test=Test-2] INFO  [verifyingGetItIn2DaysFilterFunctionality] [verifyingGetItIn2DaysFilterFunctionality] Checking if the allowedDateParts have the assert text   Within validateDeliveryFilterOptions method
2025-12-12 10:40:33.173 PM [TestNG-test=Test-2] INFO  [verifyingGetItIn2DaysFilterFunctionality] [verifyingGetItIn2DaysFilterFunctionality] Within deliveryElements loop iterating over the products  Within validateDeliveryFilterOptions method
2025-12-12 10:40:33.205 PM [TestNG-test=Test-2] INFO  [verifyingGetItIn2DaysFilterFunctionality] [verifyingGetItIn2DaysFilterFunctionality] Checking if the allowedDateParts have the assert text   Within validateDeliveryFilterOptions method
2025-12-12 10:40:33.207 PM [TestNG-test=Test-2] INFO  [verifyingGetItIn2DaysFilterFunctionality] [verifyingGetItIn2DaysFilterFunctionality] Within deliveryElements loop iterating over the products  Within validateDeliveryFilterOptions method
2025-12-12 10:40:33.261 PM [TestNG-test=Test-2] INFO  [verifyingGetItIn2DaysFilterFunctionality] [verifyingGetItIn2DaysFilterFunctionality] Checking if the allowedDateParts have the assert text   Within validateDeliveryFilterOptions method
2025-12-12 10:40:33.261 PM [TestNG-test=Test-2] INFO  [verifyingGetItIn2DaysFilterFunctionality] [verifyingGetItIn2DaysFilterFunctionality] Within deliveryElements loop iterating over the products  Within validateDeliveryFilterOptions method
2025-12-12 10:40:33.300 PM [TestNG-test=Test-2] INFO  [verifyingGetItIn2DaysFilterFunctionality] [verifyingGetItIn2DaysFilterFunctionality] Checking if the allowedDateParts have the assert text   Within validateDeliveryFilterOptions method
2025-12-12 10:40:33.300 PM [TestNG-test=Test-2] INFO  [verifyingGetItIn2DaysFilterFunctionality] [verifyingGetItIn2DaysFilterFunctionality] Within deliveryElements loop iterating over the products  Within validateDeliveryFilterOptions method
2025-12-12 10:40:33.325 PM [TestNG-test=Test-2] INFO  [verifyingGetItIn2DaysFilterFunctionality] [verifyingGetItIn2DaysFilterFunctionality] Checking if the allowedDateParts have the assert text   Within validateDeliveryFilterOptions method
2025-12-12 10:40:33.325 PM [TestNG-test=Test-2] INFO  [verifyingGetItIn2DaysFilterFunctionality] [verifyingGetItIn2DaysFilterFunctionality] Within deliveryElements loop iterating over the products  Within validateDeliveryFilterOptions method
2025-12-12 10:40:33.345 PM [TestNG-test=Test-2] INFO  [verifyingGetItIn2DaysFilterFunctionality] [verifyingGetItIn2DaysFilterFunctionality] Checking if the allowedDateParts have the assert text   Within validateDeliveryFilterOptions method
2025-12-12 10:40:33.346 PM [TestNG-test=Test-2] INFO  [verifyingGetItIn2DaysFilterFunctionality] [verifyingGetItIn2DaysFilterFunctionality] Within deliveryElements loop iterating over the products  Within validateDeliveryFilterOptions method
2025-12-12 10:40:33.369 PM [TestNG-test=Test-2] INFO  [verifyingGetItIn2DaysFilterFunctionality] [verifyingGetItIn2DaysFilterFunctionality] Checking if the allowedDateParts have the assert text   Within validateDeliveryFilterOptions method
2025-12-12 10:40:33.370 PM [TestNG-test=Test-2] INFO  [verifyingGetItIn2DaysFilterFunctionality] [verifyingGetItIn2DaysFilterFunctionality] Within deliveryElements loop iterating over the products  Within validateDeliveryFilterOptions method
2025-12-12 10:40:33.391 PM [TestNG-test=Test-2] INFO  [verifyingGetItIn2DaysFilterFunctionality] [verifyingGetItIn2DaysFilterFunctionality] Checking if the allowedDateParts have the assert text   Within validateDeliveryFilterOptions method
2025-12-12 10:40:33.392 PM [TestNG-test=Test-2] INFO  [verifyingGetItIn2DaysFilterFunctionality] [verifyingGetItIn2DaysFilterFunctionality] Within deliveryElements loop iterating over the products  Within validateDeliveryFilterOptions method
2025-12-12 10:40:33.411 PM [TestNG-test=Test-2] INFO  [verifyingGetItIn2DaysFilterFunctionality] [verifyingGetItIn2DaysFilterFunctionality] Checking if the allowedDateParts have the assert text   Within validateDeliveryFilterOptions method
2025-12-12 10:40:33.411 PM [TestNG-test=Test-2] INFO  [verifyingGetItIn2DaysFilterFunctionality] [verifyingGetItIn2DaysFilterFunctionality] Within deliveryElements loop iterating over the products  Within validateDeliveryFilterOptions method
2025-12-12 10:40:33.439 PM [TestNG-test=Test-2] INFO  [verifyingGetItIn2DaysFilterFunctionality] [verifyingGetItIn2DaysFilterFunctionality] Checking if the allowedDateParts have the assert text   Within validateDeliveryFilterOptions method
2025-12-12 10:40:33.439 PM [TestNG-test=Test-2] INFO  [verifyingGetItIn2DaysFilterFunctionality] [verifyingGetItIn2DaysFilterFunctionality] Within deliveryElements loop iterating over the products  Within validateDeliveryFilterOptions method
2025-12-12 10:40:33.458 PM [TestNG-test=Test-2] INFO  [verifyingGetItIn2DaysFilterFunctionality] [verifyingGetItIn2DaysFilterFunctionality] Checking if the allowedDateParts have the assert text   Within validateDeliveryFilterOptions method
2025-12-12 10:40:33.459 PM [TestNG-test=Test-2] INFO  [verifyingGetItIn2DaysFilterFunctionality] [verifyingGetItIn2DaysFilterFunctionality] Within deliveryElements loop iterating over the products  Within validateDeliveryFilterOptions method
2025-12-12 10:40:33.480 PM [TestNG-test=Test-2] INFO  [verifyingGetItIn2DaysFilterFunctionality] [verifyingGetItIn2DaysFilterFunctionality] Checking if the allowedDateParts have the assert text   Within validateDeliveryFilterOptions method
2025-12-12 10:40:33.480 PM [TestNG-test=Test-2] INFO  [verifyingGetItIn2DaysFilterFunctionality] [verifyingGetItIn2DaysFilterFunctionality] Within deliveryElements loop iterating over the products  Within validateDeliveryFilterOptions method
2025-12-12 10:40:33.513 PM [TestNG-test=Test-2] INFO  [verifyingGetItIn2DaysFilterFunctionality] [verifyingGetItIn2DaysFilterFunctionality] Checking if the allowedDateParts have the assert text   Within validateDeliveryFilterOptions method
2025-12-12 10:40:33.513 PM [TestNG-test=Test-2] INFO  [verifyingGetItIn2DaysFilterFunctionality] [verifyingGetItIn2DaysFilterFunctionality] Returning the list with boolean values   Within validateDeliveryFilterOptions method
2025-12-12 10:40:33.513 PM [TestNG-test=Test-2] INFO  [verifyingGetItIn2DaysFilterFunctionality] [verifyingGetItIn2DaysFilterFunctionality] Asserting delivery filter: isValid=true, index=-1, text=All the things are valid no errors
2025-12-12 10:40:33.525 PM [TestNG-test=Test-2] INFO  [verifyingGetItIn2DaysFilterFunctionality] ✅ Finished test method: verifyingGetItIn2DaysFilterFunctionality
2025-12-12 10:40:33.792 PM [TestNG-test=Test-2] INFO  [verifyingGetItIn2DaysFilterFunctionality] 🔹 Starting test method: verifyingGetItIn2DaysFilterFunctionality
2025-12-12 10:40:33.794 PM [TestNG-test=Test-2] INFO  [verifyingGetItIn2DaysFilterFunctionality] No existing WebDriver found for current thread. Initializing a new ChromeDriver...
2025-12-12 10:40:33.824 PM [TestNG-test=Test-2] INFO  [verifyingGetItIn2DaysFilterFunctionality] WebDriverManager: chromedriver setup OK
2025-12-12 10:40:34.719 PM [TestNG-test=Test-2] INFO  [verifyingGetItIn2DaysFilterFunctionality] ChromeDriver initialized successfully for thread: 30
2025-12-12 10:40:37.946 PM [TestNG-test=Test-2] INFO  [verifyingGetItIn2DaysFilterFunctionality] [verifyingGetItIn2DaysFilterFunctionality] Opening amazon Landing page
2025-12-12 10:40:38.414 PM [TestNG-test=Test-2] INFO  [verifyingGetItIn2DaysFilterFunctionality] [verifyingGetItIn2DaysFilterFunctionality] Giving input within the search bar
2025-12-12 10:40:38.414 PM [TestNG-test=Test-2] INFO  [verifyingGetItIn2DaysFilterFunctionality] [verifyingGetItIn2DaysFilterFunctionality] Within safeClick method
2025-12-12 10:40:48.771 PM [TestNG-test=Test-2] INFO  [verifyingGetItIn2DaysFilterFunctionality] [verifyingGetItIn2DaysFilterFunctionality] Clicked the  [[ChromeDriver: chrome on windows (6648a577319b75ba9fa2d78e8e84e3ea)] -> xpath: //input[@id='nav-search-submit-button']]   using safeClick
2025-12-12 10:40:48.771 PM [TestNG-test=Test-2] INFO  [verifyingGetItIn2DaysFilterFunctionality] [verifyingGetItIn2DaysFilterFunctionality] Clicking on the submit in the search bar
2025-12-12 10:40:49.130 PM [TestNG-test=Test-2] INFO  [verifyingGetItIn2DaysFilterFunctionality] [verifyingGetItIn2DaysFilterFunctionality] Waiting until element is visible in viewport
2025-12-12 10:40:59.144 PM [TestNG-test=Test-2] WARN  [verifyingGetItIn2DaysFilterFunctionality] [verifyingGetItIn2DaysFilterFunctionality]  Filter option 'Get It in 2 Days' does not exist. Skipping the test.
2025-12-12 10:40:59.147 PM [TestNG-test=Test-2] INFO  [verifyingGetItIn2DaysFilterFunctionality] ✅ Finished test method: verifyingGetItIn2DaysFilterFunctionality
2025-12-12 10:40:59.368 PM [TestNG-test=Test-2] INFO  [verifyingGetItIn2DaysFilterFunctionality] 🔹 Starting test method: verifyingGetItIn2DaysFilterFunctionality
2025-12-12 10:40:59.368 PM [TestNG-test=Test-2] INFO  [verifyingGetItIn2DaysFilterFunctionality] No existing WebDriver found for current thread. Initializing a new ChromeDriver...
2025-12-12 10:40:59.391 PM [TestNG-test=Test-2] INFO  [verifyingGetItIn2DaysFilterFunctionality] WebDriverManager: chromedriver setup OK
2025-12-12 10:41:00.334 PM [TestNG-test=Test-2] INFO  [verifyingGetItIn2DaysFilterFunctionality] ChromeDriver initialized successfully for thread: 30
2025-12-12 10:41:03.559 PM [TestNG-test=Test-2] INFO  [verifyingGetItIn2DaysFilterFunctionality] [verifyingGetItIn2DaysFilterFunctionality] Opening amazon Landing page
2025-12-12 10:41:04.268 PM [TestNG-test=Test-2] INFO  [verifyingGetItIn2DaysFilterFunctionality] [verifyingGetItIn2DaysFilterFunctionality] Giving input within the search bar
2025-12-12 10:41:04.269 PM [TestNG-test=Test-2] INFO  [verifyingGetItIn2DaysFilterFunctionality] [verifyingGetItIn2DaysFilterFunctionality] Within safeClick method
2025-12-12 10:41:06.711 PM [TestNG-test=Test-2] INFO  [verifyingGetItIn2DaysFilterFunctionality] [verifyingGetItIn2DaysFilterFunctionality] Clicked the  [[ChromeDriver: chrome on windows (61a6769d224c1a5e67617206c3e9a104)] -> xpath: //input[@id='nav-search-submit-button']]   using safeClick
2025-12-12 10:41:06.711 PM [TestNG-test=Test-2] INFO  [verifyingGetItIn2DaysFilterFunctionality] [verifyingGetItIn2DaysFilterFunctionality] Clicking on the submit in the search bar
2025-12-12 10:41:07.050 PM [TestNG-test=Test-2] INFO  [verifyingGetItIn2DaysFilterFunctionality] [verifyingGetItIn2DaysFilterFunctionality] Waiting until element is visible in viewport
2025-12-12 10:41:17.486 PM [TestNG-test=Test-2] WARN  [verifyingGetItIn2DaysFilterFunctionality] [verifyingGetItIn2DaysFilterFunctionality]  Filter option 'Get It in 2 Days' does not exist. Skipping the test.
2025-12-12 10:41:17.493 PM [TestNG-test=Test-2] INFO  [verifyingGetItIn2DaysFilterFunctionality] ✅ Finished test method: verifyingGetItIn2DaysFilterFunctionality
