19:46:10 [TestNG-test-Test-2] INFO  verifyingGetItByTodayFilterFunctionality_Mobile_19-46-10 - No existing WebDriver found for current thread. Initializing a new ChromeDriver...
19:46:10 [TestNG-test-Test-2] INFO  verifyingGetItByTodayFilterFunctionality_Mobile_19-46-10 - WebDriverManager: chromedriver setup OK
19:46:12 [TestNG-test-Test-2] INFO  verifyingGetItByTodayFilterFunctionality_Mobile_19-46-10 - ChromeDriver initialized successfully for thread: 35
19:46:12 [TestNG-test-Test-2] INFO  verifyingGetItByTodayFilterFunctionality_Mobile_19-46-10 - [verifyingGetItByTodayFilterFunctionality_Mobile_19-46-10] Opening amazon Landing page
19:46:12 [TestNG-test-Test-2] INFO  verifyingGetItByTodayFilterFunctionality_Mobile_19-46-10 - [verifyingGetItByTodayFilterFunctionality_Mobile_19-46-10] Within safeFindElement method
19:46:14 [TestNG-test-Test-2] INFO  verifyingGetItByTodayFilterFunctionality_Mobile_19-46-10 - [verifyingGetItByTodayFilterFunctionality_Mobile_19-46-10]Found the element returning it ,element ->[[ChromeDriver: chrome on windows (e2a6977e0f6afb3af4b7aecee211184c)] -> xpath: //a[@id='nav-logo-sprites']]
19:46:15 [TestNG-test-Test-2] INFO  verifyingGetItByTodayFilterFunctionality_Mobile_19-46-10 - [verifyingGetItByTodayFilterFunctionality_Mobile_19-46-10] Giving input within the search bar
19:46:15 [TestNG-test-Test-2] INFO  verifyingGetItByTodayFilterFunctionality_Mobile_19-46-10 - [verifyingGetItByTodayFilterFunctionality_Mobile_19-46-10] Within safeClick method
19:46:17 [TestNG-test-Test-2] INFO  verifyingGetItByTodayFilterFunctionality_Mobile_19-46-10 - [verifyingGetItByTodayFilterFunctionality_Mobile_19-46-10] Clicked the  [[ChromeDriver: chrome on windows (e2a6977e0f6afb3af4b7aecee211184c)] -> xpath: //input[@id='nav-search-submit-button']]   using safeClick
19:46:17 [TestNG-test-Test-2] INFO  verifyingGetItByTodayFilterFunctionality_Mobile_19-46-10 - [verifyingGetItByTodayFilterFunctionality_Mobile_19-46-10] Clicking on the submit in the search bar
19:46:18 [TestNG-test-Test-2] INFO  verifyingGetItByTodayFilterFunctionality_Mobile_19-46-10 - [verifyingGetItByTodayFilterFunctionality_Mobile_19-46-10] Waiting until element is visible in viewport
19:46:18 [TestNG-test-Test-2] INFO  verifyingGetItByTodayFilterFunctionality_Mobile_19-46-10 - [verifyingGetItByTodayFilterFunctionality_Mobile_19-46-10] Within validateDeliveryFilterOptionsWithResult method
19:46:18 [TestNG-test-Test-2] INFO  verifyingGetItByTodayFilterFunctionality_Mobile_19-46-10 - [verifyingGetItByTodayFilterFunctionality_Mobile_19-46-10] Within safeClick method
19:46:18 [TestNG-test-Test-2] INFO  verifyingGetItByTodayFilterFunctionality_Mobile_19-46-10 - [verifyingGetItByTodayFilterFunctionality_Mobile_19-46-10] Clicked the  [[ChromeDriver: chrome on windows (e2a6977e0f6afb3af4b7aecee211184c)] -> xpath: //span[@class='a-size-base a-color-base puis-bold-weight-text' and text()='Delivery Day']/parent::div/following-sibling::ul//span[@class='a-size-base a-color-base' and text()='Get It Today']]   using safeClick
19:46:18 [TestNG-test-Test-2] INFO  verifyingGetItByTodayFilterFunctionality_Mobile_19-46-10 - [verifyingGetItByTodayFilterFunctionality_Mobile_19-46-10] Within getMoreButtonByFilterTypeAndName method
19:46:18 [TestNG-test-Test-2] INFO  verifyingGetItByTodayFilterFunctionality_Mobile_19-46-10 - [verifyingGetItByTodayFilterFunctionality_Mobile_19-46-10] Clicked on By.xpath: //span[@class='a-size-base a-color-base puis-bold-weight-text' and text()='Delivery Day']/parent::div/following-sibling::ul//span[@class='a-size-base a-color-base' and text()='Get It Today']
19:46:18 [TestNG-test-Test-2] INFO  verifyingGetItByTodayFilterFunctionality_Mobile_19-46-10 - [verifyingGetItByTodayFilterFunctionality_Mobile_19-46-10] Within safeFindElements 
19:46:19 [TestNG-test-Test-2] INFO  verifyingGetItByTodayFilterFunctionality_Mobile_19-46-10 - [verifyingGetItByTodayFilterFunctionality_Mobile_19-46-10] Returning the  [[[ChromeDriver: chrome on windows (e2a6977e0f6afb3af4b7aecee211184c)] -> xpath: //div[@class='a-section a-spacing-small a-spacing-top-small']], [[ChromeDriver: chrome on windows (e2a6977e0f6afb3af4b7aecee211184c)] -> xpath: //div[@class='a-section a-spacing-small a-spacing-top-small']], [[ChromeDriver: chrome on windows (e2a6977e0f6afb3af4b7aecee211184c)] -> xpath: //div[@class='a-section a-spacing-small a-spacing-top-small']], [[ChromeDriver: chrome on windows (e2a6977e0f6afb3af4b7aecee211184c)] -> xpath: //div[@class='a-section a-spacing-small a-spacing-top-small']]] from the safeFindElements method
19:46:19 [TestNG-test-Test-2] INFO  verifyingGetItByTodayFilterFunctionality_Mobile_19-46-10 - [verifyingGetItByTodayFilterFunctionality_Mobile_19-46-10] Created hashset with required data to assert with Within validateDeliveryFilterOptions method
19:46:19 [TestNG-test-Test-2] INFO  verifyingGetItByTodayFilterFunctionality_Mobile_19-46-10 - [verifyingGetItByTodayFilterFunctionality_Mobile_19-46-10] this is the set  [Apr, Today, 26, 27, FREE delivery, Sun, Mon, Tomorrow]
19:46:19 [TestNG-test-Test-2] INFO  verifyingGetItByTodayFilterFunctionality_Mobile_19-46-10 - [verifyingGetItByTodayFilterFunctionality_Mobile_19-46-10] Within deliveryElements loop iterating over the products  Within validateDeliveryFilterOptions method
19:46:19 [TestNG-test-Test-2] INFO  verifyingGetItByTodayFilterFunctionality_Mobile_19-46-10 - [verifyingGetItByTodayFilterFunctionality_Mobile_19-46-10] Checking if the allowedDateParts have the assert text   Within validateDeliveryFilterOptions method
19:46:19 [TestNG-test-Test-2] INFO  verifyingGetItByTodayFilterFunctionality_Mobile_19-46-10 - [verifyingGetItByTodayFilterFunctionality_Mobile_19-46-10] Within deliveryElements loop iterating over the products  Within validateDeliveryFilterOptions method
19:46:19 [TestNG-test-Test-2] INFO  verifyingGetItByTodayFilterFunctionality_Mobile_19-46-10 - [verifyingGetItByTodayFilterFunctionality_Mobile_19-46-10] Checking if the allowedDateParts have the assert text   Within validateDeliveryFilterOptions method
19:46:19 [TestNG-test-Test-2] INFO  verifyingGetItByTodayFilterFunctionality_Mobile_19-46-10 - [verifyingGetItByTodayFilterFunctionality_Mobile_19-46-10] Within deliveryElements loop iterating over the products  Within validateDeliveryFilterOptions method
19:46:19 [TestNG-test-Test-2] INFO  verifyingGetItByTodayFilterFunctionality_Mobile_19-46-10 - [verifyingGetItByTodayFilterFunctionality_Mobile_19-46-10] Checking if the allowedDateParts have the assert text   Within validateDeliveryFilterOptions method
19:46:19 [TestNG-test-Test-2] INFO  verifyingGetItByTodayFilterFunctionality_Mobile_19-46-10 - [verifyingGetItByTodayFilterFunctionality_Mobile_19-46-10] Within deliveryElements loop iterating over the products  Within validateDeliveryFilterOptions method
19:46:19 [TestNG-test-Test-2] INFO  verifyingGetItByTodayFilterFunctionality_Mobile_19-46-10 - [verifyingGetItByTodayFilterFunctionality_Mobile_19-46-10] Checking if the allowedDateParts have the assert text   Within validateDeliveryFilterOptions method
19:46:19 [TestNG-test-Test-2] INFO  verifyingGetItByTodayFilterFunctionality_Mobile_19-46-10 - [verifyingGetItByTodayFilterFunctionality_Mobile_19-46-10] Returning the list with boolean values   Within validateDeliveryFilterOptions method
19:46:19 [TestNG-test-Test-2] INFO  verifyingGetItByTodayFilterFunctionality_Mobile_19-46-10 - [verifyingGetItByTodayFilterFunctionality_Mobile_19-46-10] Asserting delivery filter: isValid=true, index=-1, text=All the things are valid no errors
