2025-11-02 01:40:11.665 PM [TestNG-test-Test-1] INFO  [verifyingPriceSilderFunctionality] 🔹 Starting test method: verifyingPriceSilderFunctionality
2025-11-02 01:40:27.029 PM [TestNG-test-Test-1] INFO  [verifyingPriceSilderFunctionality] [verifyingPriceSilderFunctionality] Opening amazon Landing page
2025-11-02 01:40:30.671 PM [TestNG-test-Test-1] INFO  [verifyingPriceSilderFunctionality] [verifyingPriceSilderFunctionality] Capturing screenshot: search bar error capture__2025-11-02_134030.png
2025-11-02 01:40:30.857 PM [TestNG-test-Test-1] INFO  [verifyingPriceSilderFunctionality] [verifyingPriceSilderFunctionality] Screenshot saved at: test-output/screenshots/Run_2025-11-02_13-39-59/verifyingPriceSilderFunctionality/search bar error capture__2025-11-02_134030.png
2025-11-02 01:40:31.104 PM [TestNG-test-Test-1] INFO  [verifyingPriceSilderFunctionality] [verifyingPriceSilderFunctionality] Giving input within the search bar
2025-11-02 01:40:31.104 PM [TestNG-test-Test-1] INFO  [verifyingPriceSilderFunctionality] [verifyingPriceSilderFunctionality] Within safeClick method
2025-11-02 01:40:33.196 PM [TestNG-test-Test-1] INFO  [verifyingPriceSilderFunctionality] [verifyingPriceSilderFunctionality] Clicked the  [[ChromeDriver: chrome on windows (11a9ef2cd90fb23b01b1419801c70507)] -> xpath: //input[@id='nav-search-submit-button']]   using safeClick
2025-11-02 01:40:33.196 PM [TestNG-test-Test-1] INFO  [verifyingPriceSilderFunctionality] [verifyingPriceSilderFunctionality] Clicking on the submit in the search bar
2025-11-02 01:40:33.346 PM [TestNG-test-Test-1] INFO  [verifyingPriceSilderFunctionality] [verifyingPriceSilderFunctionality] Within filterCheckUnderList method
2025-11-02 01:40:33.414 PM [TestNG-test-Test-1] INFO  [verifyingPriceSilderFunctionality] [verifyingPriceSilderFunctionality] Found the Filter within the filter check List
2025-11-02 01:40:33.414 PM [TestNG-test-Test-1] INFO  [verifyingPriceSilderFunctionality] [verifyingPriceSilderFunctionality] Within applyPriceSliderAndValidateWithResult method
2025-11-02 01:40:35.422 PM [TestNG-test-Test-1] INFO  [verifyingPriceSilderFunctionality] [verifyingPriceSilderFunctionality] Within safeFindElement method
2025-11-02 01:40:35.442 PM [TestNG-test-Test-1] INFO  [verifyingPriceSilderFunctionality] [verifyingPriceSilderFunctionality]Found the element returning it ,element ->[[ChromeDriver: chrome on windows (11a9ef2cd90fb23b01b1419801c70507)] -> id: p_36/range-slider_slider-item_lower-bound-slider]
2025-11-02 01:40:35.443 PM [TestNG-test-Test-1] INFO  [verifyingPriceSilderFunctionality] [verifyingPriceSilderFunctionality] Within safeFindElement method
2025-11-02 01:40:35.456 PM [TestNG-test-Test-1] INFO  [verifyingPriceSilderFunctionality] [verifyingPriceSilderFunctionality]Found the element returning it ,element ->[[ChromeDriver: chrome on windows (11a9ef2cd90fb23b01b1419801c70507)] -> id: p_36/range-slider_slider-item_upper-bound-slider]
2025-11-02 01:40:35.478 PM [TestNG-test-Test-1] INFO  [verifyingPriceSilderFunctionality] [verifyingPriceSilderFunctionality] Applying the Min filter , Min filter value->60
2025-11-02 01:40:35.487 PM [TestNG-test-Test-1] INFO  [verifyingPriceSilderFunctionality] [verifyingPriceSilderFunctionality] Applying the Max filter , Max filter value->80
2025-11-02 01:40:36.488 PM [TestNG-test-Test-1] INFO  [verifyingPriceSilderFunctionality] [verifyingPriceSilderFunctionality] Within safeFindElement method
2025-11-02 01:40:36.502 PM [TestNG-test-Test-1] INFO  [verifyingPriceSilderFunctionality] [verifyingPriceSilderFunctionality]Found the element returning it ,element ->[[ChromeDriver: chrome on windows (11a9ef2cd90fb23b01b1419801c70507)] -> xpath: //div[@class='a-section sf-submit-range-button']]
2025-11-02 01:40:36.504 PM [TestNG-test-Test-1] INFO  [verifyingPriceSilderFunctionality] [verifyingPriceSilderFunctionality] Hitting the submit button80
2025-11-02 01:40:38.519 PM [TestNG-test-Test-1] INFO  [verifyingPriceSilderFunctionality] [verifyingPriceSilderFunctionality] Within safeFindElement method
2025-11-02 01:40:38.532 PM [TestNG-test-Test-1] INFO  [verifyingPriceSilderFunctionality] [verifyingPriceSilderFunctionality]Found the element returning it ,element ->[[ChromeDriver: chrome on windows (11a9ef2cd90fb23b01b1419801c70507)] -> xpath: //label[@for='p_36/range-slider_slider-item_upper-bound-slider']]
2025-11-02 01:40:38.542 PM [TestNG-test-Test-1] INFO  [verifyingPriceSilderFunctionality] [verifyingPriceSilderFunctionality] Within safeFindElement method
2025-11-02 01:40:38.553 PM [TestNG-test-Test-1] INFO  [verifyingPriceSilderFunctionality] [verifyingPriceSilderFunctionality]Found the element returning it ,element ->[[ChromeDriver: chrome on windows (11a9ef2cd90fb23b01b1419801c70507)] -> xpath: //label[@for='p_36/range-slider_slider-item_lower-bound-slider']]
2025-11-02 01:40:38.563 PM [TestNG-test-Test-1] INFO  [verifyingPriceSilderFunctionality] [verifyingPriceSilderFunctionality] Within safeFindElements 
2025-11-02 01:40:38.578 PM [TestNG-test-Test-1] INFO  [verifyingPriceSilderFunctionality] [verifyingPriceSilderFunctionality] Returning the  [[[ChromeDriver: chrome on windows (11a9ef2cd90fb23b01b1419801c70507)] -> xpath: //span[@class='a-price-whole']], [[ChromeDriver: chrome on windows (11a9ef2cd90fb23b01b1419801c70507)] -> xpath: //span[@class='a-price-whole']], [[ChromeDriver: chrome on windows (11a9ef2cd90fb23b01b1419801c70507)] -> xpath: //span[@class='a-price-whole']], [[ChromeDriver: chrome on windows (11a9ef2cd90fb23b01b1419801c70507)] -> xpath: //span[@class='a-price-whole']], [[ChromeDriver: chrome on windows (11a9ef2cd90fb23b01b1419801c70507)] -> xpath: //span[@class='a-price-whole']], [[ChromeDriver: chrome on windows (11a9ef2cd90fb23b01b1419801c70507)] -> xpath: //span[@class='a-price-whole']], [[ChromeDriver: chrome on windows (11a9ef2cd90fb23b01b1419801c70507)] -> xpath: //span[@class='a-price-whole']], [[ChromeDriver: chrome on windows (11a9ef2cd90fb23b01b1419801c70507)] -> xpath: //span[@class='a-price-whole']], [[ChromeDriver: chrome on windows (11a9ef2cd90fb23b01b1419801c70507)] -> xpath: //span[@class='a-price-whole']], [[ChromeDriver: chrome on windows (11a9ef2cd90fb23b01b1419801c70507)] -> xpath: //span[@class='a-price-whole']], [[ChromeDriver: chrome on windows (11a9ef2cd90fb23b01b1419801c70507)] -> xpath: //span[@class='a-price-whole']], [[ChromeDriver: chrome on windows (11a9ef2cd90fb23b01b1419801c70507)] -> xpath: //span[@class='a-price-whole']], [[ChromeDriver: chrome on windows (11a9ef2cd90fb23b01b1419801c70507)] -> xpath: //span[@class='a-price-whole']], [[ChromeDriver: chrome on windows (11a9ef2cd90fb23b01b1419801c70507)] -> xpath: //span[@class='a-price-whole']], [[ChromeDriver: chrome on windows (11a9ef2cd90fb23b01b1419801c70507)] -> xpath: //span[@class='a-price-whole']], [[ChromeDriver: chrome on windows (11a9ef2cd90fb23b01b1419801c70507)] -> xpath: //span[@class='a-price-whole']], [[ChromeDriver: chrome on windows (11a9ef2cd90fb23b01b1419801c70507)] -> xpath: //span[@class='a-price-whole']]] from the safeFindElements method
2025-11-02 01:40:38.580 PM [TestNG-test-Test-1] INFO  [verifyingPriceSilderFunctionality] [verifyingPriceSilderFunctionality] Capturing screenshot: Filter Applied is Max Price=₹16,100  Min price=₹7,900__2025-11-02_134038.png
2025-11-02 01:40:38.657 PM [TestNG-test-Test-1] INFO  [verifyingPriceSilderFunctionality] [verifyingPriceSilderFunctionality] Screenshot saved at: test-output/screenshots/Run_2025-11-02_13-39-59/verifyingPriceSilderFunctionality/Filter Applied is Max Price=₹16,100  Min price=₹7,900__2025-11-02_134038.png
2025-11-02 01:40:38.669 PM [TestNG-test-Test-1] INFO  [verifyingPriceSilderFunctionality] [verifyingPriceSilderFunctionality] Checking if the product price is <= then the max filter applied, Product price and Max applied ->8399  80
2025-11-02 01:40:38.679 PM [TestNG-test-Test-1] INFO  [verifyingPriceSilderFunctionality] [verifyingPriceSilderFunctionality] Checking if the product price is <= then the max filter applied, Product price and Max applied ->11199  80
2025-11-02 01:40:38.688 PM [TestNG-test-Test-1] INFO  [verifyingPriceSilderFunctionality] [verifyingPriceSilderFunctionality] Product price is more then the applied filter, Product price and Max applied ->26950  80
2025-11-02 01:40:38.699 PM [TestNG-test-Test-1] INFO  [verifyingPriceSilderFunctionality] [verifyingPriceSilderFunctionality] Checking if the product price is <= then the max filter applied, Product price and Max applied ->10299  80
2025-11-02 01:40:38.707 PM [TestNG-test-Test-1] INFO  [verifyingPriceSilderFunctionality] [verifyingPriceSilderFunctionality] Product price is more then the applied filter, Product price and Max applied ->18499  80
2025-11-02 01:40:38.715 PM [TestNG-test-Test-1] INFO  [verifyingPriceSilderFunctionality] [verifyingPriceSilderFunctionality] Checking if the product price is <= then the max filter applied, Product price and Max applied ->8999  80
2025-11-02 01:40:38.724 PM [TestNG-test-Test-1] INFO  [verifyingPriceSilderFunctionality] [verifyingPriceSilderFunctionality] Product price is more then the applied filter, Product price and Max applied ->29999  80
2025-11-02 01:40:38.735 PM [TestNG-test-Test-1] INFO  [verifyingPriceSilderFunctionality] [verifyingPriceSilderFunctionality] Checking if the product price is <= then the max filter applied, Product price and Max applied ->10999  80
2025-11-02 01:40:38.743 PM [TestNG-test-Test-1] INFO  [verifyingPriceSilderFunctionality] [verifyingPriceSilderFunctionality] Checking if the product price is <= then the max filter applied, Product price and Max applied ->9399  80
2025-11-02 01:40:38.751 PM [TestNG-test-Test-1] INFO  [verifyingPriceSilderFunctionality] [verifyingPriceSilderFunctionality] Checking if the product price is <= then the max filter applied, Product price and Max applied ->1299  80
2025-11-02 01:40:38.758 PM [TestNG-test-Test-1] INFO  [verifyingPriceSilderFunctionality] [verifyingPriceSilderFunctionality] Product price is more then the applied filter, Product price and Max applied ->34895  80
2025-11-02 01:40:38.766 PM [TestNG-test-Test-1] INFO  [verifyingPriceSilderFunctionality] [verifyingPriceSilderFunctionality] Checking if the product price is <= then the max filter applied, Product price and Max applied ->6799  80
2025-11-02 01:40:38.775 PM [TestNG-test-Test-1] INFO  [verifyingPriceSilderFunctionality] [verifyingPriceSilderFunctionality] Checking if the product price is <= then the max filter applied, Product price and Max applied ->6759  80
2025-11-02 01:40:38.783 PM [TestNG-test-Test-1] INFO  [verifyingPriceSilderFunctionality] [verifyingPriceSilderFunctionality] Product price is more then the applied filter, Product price and Max applied ->18980  80
2025-11-02 01:40:38.790 PM [TestNG-test-Test-1] INFO  [verifyingPriceSilderFunctionality] [verifyingPriceSilderFunctionality] Checking if the product price is <= then the max filter applied, Product price and Max applied ->7799  80
2025-11-02 01:40:38.798 PM [TestNG-test-Test-1] INFO  [verifyingPriceSilderFunctionality] [verifyingPriceSilderFunctionality] Product price is more then the applied filter, Product price and Max applied ->109999  80
2025-11-02 01:40:38.805 PM [TestNG-test-Test-1] INFO  [verifyingPriceSilderFunctionality] [verifyingPriceSilderFunctionality] Checking if the product price is <= then the max filter applied, Product price and Max applied ->1660  80
2025-11-02 01:40:38.807 PM [TestNG-test-Test-1] INFO  [verifyingPriceSilderFunctionality] [verifyingPriceSilderFunctionality] Adding the data 'min','max','isValid' ,'mismatches' to 'result' Map->80
2025-11-02 01:40:38.807 PM [TestNG-test-Test-1] INFO  [verifyingPriceSilderFunctionality] [verifyingPriceSilderFunctionality] Adding the 'results'  Map to the master 'allResults' i.e is List of maps->80
2025-11-02 01:40:40.825 PM [TestNG-test-Test-1] INFO  [verifyingPriceSilderFunctionality] [verifyingPriceSilderFunctionality] Applying the Min filter , Min filter value->90
2025-11-02 01:40:40.841 PM [TestNG-test-Test-1] INFO  [verifyingPriceSilderFunctionality] [verifyingPriceSilderFunctionality] Applying the Max filter , Max filter value->120
2025-11-02 01:40:41.850 PM [TestNG-test-Test-1] INFO  [verifyingPriceSilderFunctionality] [verifyingPriceSilderFunctionality] Within safeFindElement method
2025-11-02 01:40:41.862 PM [TestNG-test-Test-1] INFO  [verifyingPriceSilderFunctionality] [verifyingPriceSilderFunctionality]Found the element returning it ,element ->[[ChromeDriver: chrome on windows (11a9ef2cd90fb23b01b1419801c70507)] -> xpath: //div[@class='a-section sf-submit-range-button']]
2025-11-02 01:40:41.862 PM [TestNG-test-Test-1] INFO  [verifyingPriceSilderFunctionality] [verifyingPriceSilderFunctionality] Hitting the submit button120
2025-11-02 01:40:43.867 PM [TestNG-test-Test-1] INFO  [verifyingPriceSilderFunctionality] [verifyingPriceSilderFunctionality] Within safeFindElement method
2025-11-02 01:40:43.877 PM [TestNG-test-Test-1] INFO  [verifyingPriceSilderFunctionality] [verifyingPriceSilderFunctionality]Found the element returning it ,element ->[[ChromeDriver: chrome on windows (11a9ef2cd90fb23b01b1419801c70507)] -> xpath: //label[@for='p_36/range-slider_slider-item_upper-bound-slider']]
2025-11-02 01:40:43.889 PM [TestNG-test-Test-1] INFO  [verifyingPriceSilderFunctionality] [verifyingPriceSilderFunctionality] Within safeFindElement method
2025-11-02 01:40:43.899 PM [TestNG-test-Test-1] INFO  [verifyingPriceSilderFunctionality] [verifyingPriceSilderFunctionality]Found the element returning it ,element ->[[ChromeDriver: chrome on windows (11a9ef2cd90fb23b01b1419801c70507)] -> xpath: //label[@for='p_36/range-slider_slider-item_lower-bound-slider']]
2025-11-02 01:40:43.907 PM [TestNG-test-Test-1] INFO  [verifyingPriceSilderFunctionality] [verifyingPriceSilderFunctionality] Within safeFindElements 
2025-11-02 01:40:43.917 PM [TestNG-test-Test-1] INFO  [verifyingPriceSilderFunctionality] [verifyingPriceSilderFunctionality] Returning the  [[[ChromeDriver: chrome on windows (11a9ef2cd90fb23b01b1419801c70507)] -> xpath: //span[@class='a-price-whole']], [[ChromeDriver: chrome on windows (11a9ef2cd90fb23b01b1419801c70507)] -> xpath: //span[@class='a-price-whole']], [[ChromeDriver: chrome on windows (11a9ef2cd90fb23b01b1419801c70507)] -> xpath: //span[@class='a-price-whole']], [[ChromeDriver: chrome on windows (11a9ef2cd90fb23b01b1419801c70507)] -> xpath: //span[@class='a-price-whole']], [[ChromeDriver: chrome on windows (11a9ef2cd90fb23b01b1419801c70507)] -> xpath: //span[@class='a-price-whole']], [[ChromeDriver: chrome on windows (11a9ef2cd90fb23b01b1419801c70507)] -> xpath: //span[@class='a-price-whole']], [[ChromeDriver: chrome on windows (11a9ef2cd90fb23b01b1419801c70507)] -> xpath: //span[@class='a-price-whole']], [[ChromeDriver: chrome on windows (11a9ef2cd90fb23b01b1419801c70507)] -> xpath: //span[@class='a-price-whole']], [[ChromeDriver: chrome on windows (11a9ef2cd90fb23b01b1419801c70507)] -> xpath: //span[@class='a-price-whole']], [[ChromeDriver: chrome on windows (11a9ef2cd90fb23b01b1419801c70507)] -> xpath: //span[@class='a-price-whole']], [[ChromeDriver: chrome on windows (11a9ef2cd90fb23b01b1419801c70507)] -> xpath: //span[@class='a-price-whole']], [[ChromeDriver: chrome on windows (11a9ef2cd90fb23b01b1419801c70507)] -> xpath: //span[@class='a-price-whole']], [[ChromeDriver: chrome on windows (11a9ef2cd90fb23b01b1419801c70507)] -> xpath: //span[@class='a-price-whole']], [[ChromeDriver: chrome on windows (11a9ef2cd90fb23b01b1419801c70507)] -> xpath: //span[@class='a-price-whole']], [[ChromeDriver: chrome on windows (11a9ef2cd90fb23b01b1419801c70507)] -> xpath: //span[@class='a-price-whole']], [[ChromeDriver: chrome on windows (11a9ef2cd90fb23b01b1419801c70507)] -> xpath: //span[@class='a-price-whole']], [[ChromeDriver: chrome on windows (11a9ef2cd90fb23b01b1419801c70507)] -> xpath: //span[@class='a-price-whole']]] from the safeFindElements method
2025-11-02 01:40:43.919 PM [TestNG-test-Test-1] INFO  [verifyingPriceSilderFunctionality] [verifyingPriceSilderFunctionality] Capturing screenshot: Filter Applied is Max Price=₹44,100  Min price=₹11,600__2025-11-02_134043.png
2025-11-02 01:40:44.001 PM [TestNG-test-Test-1] INFO  [verifyingPriceSilderFunctionality] [verifyingPriceSilderFunctionality] Screenshot saved at: test-output/screenshots/Run_2025-11-02_13-39-59/verifyingPriceSilderFunctionality/Filter Applied is Max Price=₹44,100  Min price=₹11,600__2025-11-02_134043.png
2025-11-02 01:40:44.014 PM [TestNG-test-Test-1] INFO  [verifyingPriceSilderFunctionality] [verifyingPriceSilderFunctionality] Checking if the product price is <= then the max filter applied, Product price and Max applied ->8399  120
2025-11-02 01:40:44.024 PM [TestNG-test-Test-1] INFO  [verifyingPriceSilderFunctionality] [verifyingPriceSilderFunctionality] Checking if the product price is <= then the max filter applied, Product price and Max applied ->11199  120
2025-11-02 01:40:44.034 PM [TestNG-test-Test-1] INFO  [verifyingPriceSilderFunctionality] [verifyingPriceSilderFunctionality] Checking if the product price is <= then the max filter applied, Product price and Max applied ->26950  120
2025-11-02 01:40:44.043 PM [TestNG-test-Test-1] INFO  [verifyingPriceSilderFunctionality] [verifyingPriceSilderFunctionality] Checking if the product price is <= then the max filter applied, Product price and Max applied ->10299  120
2025-11-02 01:40:44.053 PM [TestNG-test-Test-1] INFO  [verifyingPriceSilderFunctionality] [verifyingPriceSilderFunctionality] Checking if the product price is <= then the max filter applied, Product price and Max applied ->18499  120
2025-11-02 01:40:44.062 PM [TestNG-test-Test-1] INFO  [verifyingPriceSilderFunctionality] [verifyingPriceSilderFunctionality] Checking if the product price is <= then the max filter applied, Product price and Max applied ->8999  120
2025-11-02 01:40:44.070 PM [TestNG-test-Test-1] INFO  [verifyingPriceSilderFunctionality] [verifyingPriceSilderFunctionality] Checking if the product price is <= then the max filter applied, Product price and Max applied ->29999  120
2025-11-02 01:40:44.077 PM [TestNG-test-Test-1] INFO  [verifyingPriceSilderFunctionality] [verifyingPriceSilderFunctionality] Checking if the product price is <= then the max filter applied, Product price and Max applied ->10999  120
2025-11-02 01:40:44.085 PM [TestNG-test-Test-1] INFO  [verifyingPriceSilderFunctionality] [verifyingPriceSilderFunctionality] Checking if the product price is <= then the max filter applied, Product price and Max applied ->9399  120
2025-11-02 01:40:44.092 PM [TestNG-test-Test-1] INFO  [verifyingPriceSilderFunctionality] [verifyingPriceSilderFunctionality] Checking if the product price is <= then the max filter applied, Product price and Max applied ->1299  120
2025-11-02 01:40:44.099 PM [TestNG-test-Test-1] INFO  [verifyingPriceSilderFunctionality] [verifyingPriceSilderFunctionality] Checking if the product price is <= then the max filter applied, Product price and Max applied ->34895  120
2025-11-02 01:40:44.107 PM [TestNG-test-Test-1] INFO  [verifyingPriceSilderFunctionality] [verifyingPriceSilderFunctionality] Checking if the product price is <= then the max filter applied, Product price and Max applied ->6799  120
2025-11-02 01:40:44.115 PM [TestNG-test-Test-1] INFO  [verifyingPriceSilderFunctionality] [verifyingPriceSilderFunctionality] Checking if the product price is <= then the max filter applied, Product price and Max applied ->6759  120
2025-11-02 01:40:44.121 PM [TestNG-test-Test-1] INFO  [verifyingPriceSilderFunctionality] [verifyingPriceSilderFunctionality] Checking if the product price is <= then the max filter applied, Product price and Max applied ->18980  120
2025-11-02 01:40:44.129 PM [TestNG-test-Test-1] INFO  [verifyingPriceSilderFunctionality] [verifyingPriceSilderFunctionality] Checking if the product price is <= then the max filter applied, Product price and Max applied ->7799  120
2025-11-02 01:40:44.137 PM [TestNG-test-Test-1] INFO  [verifyingPriceSilderFunctionality] [verifyingPriceSilderFunctionality] Product price is more then the applied filter, Product price and Max applied ->109999  120
2025-11-02 01:40:44.145 PM [TestNG-test-Test-1] INFO  [verifyingPriceSilderFunctionality] [verifyingPriceSilderFunctionality] Checking if the product price is <= then the max filter applied, Product price and Max applied ->1660  120
2025-11-02 01:40:44.145 PM [TestNG-test-Test-1] INFO  [verifyingPriceSilderFunctionality] [verifyingPriceSilderFunctionality] Adding the data 'min','max','isValid' ,'mismatches' to 'result' Map->120
2025-11-02 01:40:44.147 PM [TestNG-test-Test-1] INFO  [verifyingPriceSilderFunctionality] [verifyingPriceSilderFunctionality] Adding the 'results'  Map to the master 'allResults' i.e is List of maps->120
2025-11-02 01:40:46.177 PM [TestNG-test-Test-1] INFO  [verifyingPriceSilderFunctionality] [verifyingPriceSilderFunctionality] Applying the Min filter , Min filter value->130
2025-11-02 01:40:46.186 PM [TestNG-test-Test-1] INFO  [verifyingPriceSilderFunctionality] [verifyingPriceSilderFunctionality] Applying the Max filter , Max filter value->160
2025-11-02 01:40:47.192 PM [TestNG-test-Test-1] INFO  [verifyingPriceSilderFunctionality] [verifyingPriceSilderFunctionality] Within safeFindElement method
2025-11-02 01:40:47.202 PM [TestNG-test-Test-1] INFO  [verifyingPriceSilderFunctionality] [verifyingPriceSilderFunctionality]Found the element returning it ,element ->[[ChromeDriver: chrome on windows (11a9ef2cd90fb23b01b1419801c70507)] -> xpath: //div[@class='a-section sf-submit-range-button']]
2025-11-02 01:40:47.203 PM [TestNG-test-Test-1] INFO  [verifyingPriceSilderFunctionality] [verifyingPriceSilderFunctionality] Hitting the submit button160
2025-11-02 01:40:49.207 PM [TestNG-test-Test-1] INFO  [verifyingPriceSilderFunctionality] [verifyingPriceSilderFunctionality] Within safeFindElement method
2025-11-02 01:40:49.216 PM [TestNG-test-Test-1] INFO  [verifyingPriceSilderFunctionality] [verifyingPriceSilderFunctionality]Found the element returning it ,element ->[[ChromeDriver: chrome on windows (11a9ef2cd90fb23b01b1419801c70507)] -> xpath: //label[@for='p_36/range-slider_slider-item_upper-bound-slider']]
2025-11-02 01:40:49.225 PM [TestNG-test-Test-1] INFO  [verifyingPriceSilderFunctionality] [verifyingPriceSilderFunctionality] Within safeFindElement method
2025-11-02 01:40:49.235 PM [TestNG-test-Test-1] INFO  [verifyingPriceSilderFunctionality] [verifyingPriceSilderFunctionality]Found the element returning it ,element ->[[ChromeDriver: chrome on windows (11a9ef2cd90fb23b01b1419801c70507)] -> xpath: //label[@for='p_36/range-slider_slider-item_lower-bound-slider']]
2025-11-02 01:40:49.245 PM [TestNG-test-Test-1] INFO  [verifyingPriceSilderFunctionality] [verifyingPriceSilderFunctionality] Within safeFindElements 
2025-11-02 01:40:49.255 PM [TestNG-test-Test-1] INFO  [verifyingPriceSilderFunctionality] [verifyingPriceSilderFunctionality] Returning the  [[[ChromeDriver: chrome on windows (11a9ef2cd90fb23b01b1419801c70507)] -> xpath: //span[@class='a-price-whole']], [[ChromeDriver: chrome on windows (11a9ef2cd90fb23b01b1419801c70507)] -> xpath: //span[@class='a-price-whole']], [[ChromeDriver: chrome on windows (11a9ef2cd90fb23b01b1419801c70507)] -> xpath: //span[@class='a-price-whole']], [[ChromeDriver: chrome on windows (11a9ef2cd90fb23b01b1419801c70507)] -> xpath: //span[@class='a-price-whole']], [[ChromeDriver: chrome on windows (11a9ef2cd90fb23b01b1419801c70507)] -> xpath: //span[@class='a-price-whole']], [[ChromeDriver: chrome on windows (11a9ef2cd90fb23b01b1419801c70507)] -> xpath: //span[@class='a-price-whole']], [[ChromeDriver: chrome on windows (11a9ef2cd90fb23b01b1419801c70507)] -> xpath: //span[@class='a-price-whole']], [[ChromeDriver: chrome on windows (11a9ef2cd90fb23b01b1419801c70507)] -> xpath: //span[@class='a-price-whole']], [[ChromeDriver: chrome on windows (11a9ef2cd90fb23b01b1419801c70507)] -> xpath: //span[@class='a-price-whole']], [[ChromeDriver: chrome on windows (11a9ef2cd90fb23b01b1419801c70507)] -> xpath: //span[@class='a-price-whole']], [[ChromeDriver: chrome on windows (11a9ef2cd90fb23b01b1419801c70507)] -> xpath: //span[@class='a-price-whole']], [[ChromeDriver: chrome on windows (11a9ef2cd90fb23b01b1419801c70507)] -> xpath: //span[@class='a-price-whole']], [[ChromeDriver: chrome on windows (11a9ef2cd90fb23b01b1419801c70507)] -> xpath: //span[@class='a-price-whole']], [[ChromeDriver: chrome on windows (11a9ef2cd90fb23b01b1419801c70507)] -> xpath: //span[@class='a-price-whole']], [[ChromeDriver: chrome on windows (11a9ef2cd90fb23b01b1419801c70507)] -> xpath: //span[@class='a-price-whole']], [[ChromeDriver: chrome on windows (11a9ef2cd90fb23b01b1419801c70507)] -> xpath: //span[@class='a-price-whole']], [[ChromeDriver: chrome on windows (11a9ef2cd90fb23b01b1419801c70507)] -> xpath: //span[@class='a-price-whole']]] from the safeFindElements method
2025-11-02 01:40:49.255 PM [TestNG-test-Test-1] INFO  [verifyingPriceSilderFunctionality] [verifyingPriceSilderFunctionality] Capturing screenshot: Filter Applied is Max Price=₹90,000  Min price=₹35,500__2025-11-02_134049.png
2025-11-02 01:40:49.339 PM [TestNG-test-Test-1] INFO  [verifyingPriceSilderFunctionality] [verifyingPriceSilderFunctionality] Screenshot saved at: test-output/screenshots/Run_2025-11-02_13-39-59/verifyingPriceSilderFunctionality/Filter Applied is Max Price=₹90,000  Min price=₹35,500__2025-11-02_134049.png
2025-11-02 01:40:49.350 PM [TestNG-test-Test-1] INFO  [verifyingPriceSilderFunctionality] [verifyingPriceSilderFunctionality] Checking if the product price is <= then the max filter applied, Product price and Max applied ->8399  160
2025-11-02 01:40:49.358 PM [TestNG-test-Test-1] INFO  [verifyingPriceSilderFunctionality] [verifyingPriceSilderFunctionality] Checking if the product price is <= then the max filter applied, Product price and Max applied ->11199  160
2025-11-02 01:40:49.367 PM [TestNG-test-Test-1] INFO  [verifyingPriceSilderFunctionality] [verifyingPriceSilderFunctionality] Checking if the product price is <= then the max filter applied, Product price and Max applied ->26950  160
2025-11-02 01:40:49.375 PM [TestNG-test-Test-1] INFO  [verifyingPriceSilderFunctionality] [verifyingPriceSilderFunctionality] Checking if the product price is <= then the max filter applied, Product price and Max applied ->10299  160
2025-11-02 01:40:49.383 PM [TestNG-test-Test-1] INFO  [verifyingPriceSilderFunctionality] [verifyingPriceSilderFunctionality] Checking if the product price is <= then the max filter applied, Product price and Max applied ->18499  160
2025-11-02 01:40:49.391 PM [TestNG-test-Test-1] INFO  [verifyingPriceSilderFunctionality] [verifyingPriceSilderFunctionality] Checking if the product price is <= then the max filter applied, Product price and Max applied ->8999  160
2025-11-02 01:40:49.399 PM [TestNG-test-Test-1] INFO  [verifyingPriceSilderFunctionality] [verifyingPriceSilderFunctionality] Checking if the product price is <= then the max filter applied, Product price and Max applied ->29999  160
2025-11-02 01:40:49.407 PM [TestNG-test-Test-1] INFO  [verifyingPriceSilderFunctionality] [verifyingPriceSilderFunctionality] Checking if the product price is <= then the max filter applied, Product price and Max applied ->10999  160
2025-11-02 01:40:49.415 PM [TestNG-test-Test-1] INFO  [verifyingPriceSilderFunctionality] [verifyingPriceSilderFunctionality] Checking if the product price is <= then the max filter applied, Product price and Max applied ->9399  160
2025-11-02 01:40:49.423 PM [TestNG-test-Test-1] INFO  [verifyingPriceSilderFunctionality] [verifyingPriceSilderFunctionality] Checking if the product price is <= then the max filter applied, Product price and Max applied ->1299  160
2025-11-02 01:40:49.430 PM [TestNG-test-Test-1] INFO  [verifyingPriceSilderFunctionality] [verifyingPriceSilderFunctionality] Checking if the product price is <= then the max filter applied, Product price and Max applied ->34895  160
2025-11-02 01:40:49.438 PM [TestNG-test-Test-1] INFO  [verifyingPriceSilderFunctionality] [verifyingPriceSilderFunctionality] Checking if the product price is <= then the max filter applied, Product price and Max applied ->6799  160
2025-11-02 01:40:49.448 PM [TestNG-test-Test-1] INFO  [verifyingPriceSilderFunctionality] [verifyingPriceSilderFunctionality] Checking if the product price is <= then the max filter applied, Product price and Max applied ->6759  160
2025-11-02 01:40:49.456 PM [TestNG-test-Test-1] INFO  [verifyingPriceSilderFunctionality] [verifyingPriceSilderFunctionality] Checking if the product price is <= then the max filter applied, Product price and Max applied ->18980  160
2025-11-02 01:40:49.464 PM [TestNG-test-Test-1] INFO  [verifyingPriceSilderFunctionality] [verifyingPriceSilderFunctionality] Checking if the product price is <= then the max filter applied, Product price and Max applied ->7799  160
2025-11-02 01:40:49.472 PM [TestNG-test-Test-1] INFO  [verifyingPriceSilderFunctionality] [verifyingPriceSilderFunctionality] Product price is more then the applied filter, Product price and Max applied ->109999  160
2025-11-02 01:40:49.480 PM [TestNG-test-Test-1] INFO  [verifyingPriceSilderFunctionality] [verifyingPriceSilderFunctionality] Checking if the product price is <= then the max filter applied, Product price and Max applied ->1660  160
2025-11-02 01:40:49.480 PM [TestNG-test-Test-1] INFO  [verifyingPriceSilderFunctionality] [verifyingPriceSilderFunctionality] Adding the data 'min','max','isValid' ,'mismatches' to 'result' Map->160
2025-11-02 01:40:49.480 PM [TestNG-test-Test-1] INFO  [verifyingPriceSilderFunctionality] [verifyingPriceSilderFunctionality] Adding the 'results'  Map to the master 'allResults' i.e is List of maps->160
2025-11-02 01:40:51.492 PM [TestNG-test-Test-1] INFO  [verifyingPriceSilderFunctionality] [verifyingPriceSilderFunctionality] Returning the data here in the end
2025-11-02 01:40:51.494 PM [TestNG-test-Test-1] ERROR [verifyingPriceSilderFunctionality] [verifyingPriceSilderFunctionality]  Validation failed for price range: 60 - 80
2025-11-02 01:40:51.494 PM [TestNG-test-Test-1] ERROR [verifyingPriceSilderFunctionality] [verifyingPriceSilderFunctionality]  Product price is above limit --> product index->2 and applied Max filter->16100  and  applied Min filter->7900 Actual product price -> 26950
2025-11-02 01:40:51.496 PM [TestNG-test-Test-1] ERROR [verifyingPriceSilderFunctionality] [verifyingPriceSilderFunctionality]  Product price is above limit --> product index->4 and applied Max filter->16100  and  applied Min filter->7900 Actual product price -> 18499
2025-11-02 01:40:51.496 PM [TestNG-test-Test-1] ERROR [verifyingPriceSilderFunctionality] [verifyingPriceSilderFunctionality]  Product price is above limit --> product index->6 and applied Max filter->16100  and  applied Min filter->7900 Actual product price -> 29999
2025-11-02 01:40:51.496 PM [TestNG-test-Test-1] ERROR [verifyingPriceSilderFunctionality] [verifyingPriceSilderFunctionality]  Product price is above limit --> product index->10 and applied Max filter->16100  and  applied Min filter->7900 Actual product price -> 34895
2025-11-02 01:40:51.496 PM [TestNG-test-Test-1] ERROR [verifyingPriceSilderFunctionality] [verifyingPriceSilderFunctionality]  Product price is above limit --> product index->13 and applied Max filter->16100  and  applied Min filter->7900 Actual product price -> 18980
2025-11-02 01:40:51.498 PM [TestNG-test-Test-1] ERROR [verifyingPriceSilderFunctionality] [verifyingPriceSilderFunctionality]  Product price is above limit --> product index->15 and applied Max filter->16100  and  applied Min filter->7900 Actual product price -> 109999
2025-11-02 01:40:51.498 PM [TestNG-test-Test-1] INFO  [verifyingPriceSilderFunctionality] [verifyingPriceSilderFunctionality] ------------------------------------------------------------
2025-11-02 01:40:51.498 PM [TestNG-test-Test-1] ERROR [verifyingPriceSilderFunctionality] [verifyingPriceSilderFunctionality]  Validation failed for price range: 90 - 120
2025-11-02 01:40:51.504 PM [TestNG-test-Test-1] ERROR [verifyingPriceSilderFunctionality] [verifyingPriceSilderFunctionality]  Product price is above limit --> product index->15 and applied Max filter->44100  and  applied Min filter->11600 Actual product price -> 109999
2025-11-02 01:40:51.508 PM [TestNG-test-Test-1] INFO  [verifyingPriceSilderFunctionality] [verifyingPriceSilderFunctionality] ------------------------------------------------------------
2025-11-02 01:40:51.508 PM [TestNG-test-Test-1] ERROR [verifyingPriceSilderFunctionality] [verifyingPriceSilderFunctionality]  Validation failed for price range: 130 - 160
2025-11-02 01:40:51.508 PM [TestNG-test-Test-1] ERROR [verifyingPriceSilderFunctionality] [verifyingPriceSilderFunctionality]  Product price is above limit --> product index->15 and applied Max filter->90000  and  applied Min filter->35500 Actual product price -> 109999
2025-11-02 01:40:51.512 PM [TestNG-test-Test-1] INFO  [verifyingPriceSilderFunctionality] [verifyingPriceSilderFunctionality] ------------------------------------------------------------
2025-11-02 01:40:51.514 PM [TestNG-test-Test-1] INFO  [verifyingPriceSilderFunctionality] [verifyingPriceSilderFunctionality]  Asserting all soft assertions now...
2025-11-02 01:40:51.536 PM [TestNG-test-Test-1] INFO  [verifyingPriceSilderFunctionality] ✅ Finished test method: verifyingPriceSilderFunctionality
