2025-12-26 06:47:51.153 PM [TestNG-test-Test-1] INFO  [verifyingGetItByTomorrowFilterFunctionality] 🔹 Starting test method: verifyingGetItByTomorrowFilterFunctionality
2025-12-26 06:47:51.156 PM [TestNG-test-Test-1] INFO  [verifyingGetItByTomorrowFilterFunctionality] No existing WebDriver found for current thread. Initializing a new ChromeDriver...
2025-12-26 06:47:51.164 PM [TestNG-test-Test-1] INFO  [verifyingGetItByTomorrowFilterFunctionality] WebDriverManager: chromedriver setup OK
2025-12-26 06:47:52.313 PM [TestNG-test-Test-1] INFO  [verifyingGetItByTomorrowFilterFunctionality] ChromeDriver initialized successfully for thread: 34
2025-12-26 06:47:53.295 PM [TestNG-test-Test-1] INFO  [verifyingGetItByTomorrowFilterFunctionality] [verifyingGetItByTomorrowFilterFunctionality] Opening amazon Landing page
2025-12-26 06:47:57.627 PM [TestNG-test-Test-1] INFO  [verifyingGetItByTomorrowFilterFunctionality] [verifyingGetItByTomorrowFilterFunctionality] Giving input within the search bar
2025-12-26 06:47:57.627 PM [TestNG-test-Test-1] INFO  [verifyingGetItByTomorrowFilterFunctionality] [verifyingGetItByTomorrowFilterFunctionality] Within safeClick method
2025-12-26 06:48:00.124 PM [TestNG-test-Test-1] INFO  [verifyingGetItByTomorrowFilterFunctionality] [verifyingGetItByTomorrowFilterFunctionality] Clicked the  [[ChromeDriver: chrome on windows (fd1729ae0ec86ae70dabcf4f84e256f7)] -> xpath: //input[@id='nav-search-submit-button']]   using safeClick
2025-12-26 06:48:00.124 PM [TestNG-test-Test-1] INFO  [verifyingGetItByTomorrowFilterFunctionality] [verifyingGetItByTomorrowFilterFunctionality] Clicking on the submit in the search bar
2025-12-26 06:48:00.340 PM [TestNG-test-Test-1] INFO  [verifyingGetItByTomorrowFilterFunctionality] [verifyingGetItByTomorrowFilterFunctionality] Waiting until element is visible in viewport
2025-12-26 06:48:00.367 PM [TestNG-test-Test-1] INFO  [verifyingGetItByTomorrowFilterFunctionality] [verifyingGetItByTomorrowFilterFunctionality] Within validateDeliveryFilterOptionsWithResult method
2025-12-26 06:48:00.367 PM [TestNG-test-Test-1] INFO  [verifyingGetItByTomorrowFilterFunctionality] [verifyingGetItByTomorrowFilterFunctionality] Within safeClick method
2025-12-26 06:48:00.579 PM [TestNG-test-Test-1] INFO  [verifyingGetItByTomorrowFilterFunctionality] [verifyingGetItByTomorrowFilterFunctionality] Clicked the  [[ChromeDriver: chrome on windows (fd1729ae0ec86ae70dabcf4f84e256f7)] -> xpath: //span[@class='a-size-base a-color-base puis-bold-weight-text' and text()='Delivery Day']/parent::div/following-sibling::ul//span[@class='a-size-base a-color-base' and text()='Get It by Tomorrow']]   using safeClick
2025-12-26 06:48:02.579 PM [TestNG-test-Test-1] INFO  [verifyingGetItByTomorrowFilterFunctionality] [verifyingGetItByTomorrowFilterFunctionality] Within getMoreButtonByFilterTypeAndName method
2025-12-26 06:48:02.580 PM [TestNG-test-Test-1] INFO  [verifyingGetItByTomorrowFilterFunctionality] [verifyingGetItByTomorrowFilterFunctionality] Capturing screenshot: Filter Applied is Get It by Tomorrow__2025-12-26_184802.png
2025-12-26 06:48:02.675 PM [TestNG-test-Test-1] INFO  [verifyingGetItByTomorrowFilterFunctionality] [verifyingGetItByTomorrowFilterFunctionality] Screenshot saved at: test-output/screenshots/Run_2025-12-26_17-57-43/verifyingGetItByTomorrowFilterFunctionality/Filter Applied is Get It by Tomorrow__2025-12-26_184802.png
2025-12-26 06:48:02.676 PM [TestNG-test-Test-1] INFO  [verifyingGetItByTomorrowFilterFunctionality] [verifyingGetItByTomorrowFilterFunctionality] Clicked on By.xpath: //span[@class='a-size-base a-color-base puis-bold-weight-text' and text()='Delivery Day']/parent::div/following-sibling::ul//span[@class='a-size-base a-color-base' and text()='Get It by Tomorrow']
2025-12-26 06:48:04.677 PM [TestNG-test-Test-1] INFO  [verifyingGetItByTomorrowFilterFunctionality] [verifyingGetItByTomorrowFilterFunctionality] Within safeFindElements 
2025-12-26 06:48:04.695 PM [TestNG-test-Test-1] INFO  [verifyingGetItByTomorrowFilterFunctionality] [verifyingGetItByTomorrowFilterFunctionality] Returning the  [[[ChromeDriver: chrome on windows (fd1729ae0ec86ae70dabcf4f84e256f7)] -> xpath: //div[@class='a-section a-spacing-small a-spacing-top-small']], [[ChromeDriver: chrome on windows (fd1729ae0ec86ae70dabcf4f84e256f7)] -> xpath: //div[@class='a-section a-spacing-small a-spacing-top-small']], [[ChromeDriver: chrome on windows (fd1729ae0ec86ae70dabcf4f84e256f7)] -> xpath: //div[@class='a-section a-spacing-small a-spacing-top-small']], [[ChromeDriver: chrome on windows (fd1729ae0ec86ae70dabcf4f84e256f7)] -> xpath: //div[@class='a-section a-spacing-small a-spacing-top-small']], [[ChromeDriver: chrome on windows (fd1729ae0ec86ae70dabcf4f84e256f7)] -> xpath: //div[@class='a-section a-spacing-small a-spacing-top-small']], [[ChromeDriver: chrome on windows (fd1729ae0ec86ae70dabcf4f84e256f7)] -> xpath: //div[@class='a-section a-spacing-small a-spacing-top-small']], [[ChromeDriver: chrome on windows (fd1729ae0ec86ae70dabcf4f84e256f7)] -> xpath: //div[@class='a-section a-spacing-small a-spacing-top-small']], [[ChromeDriver: chrome on windows (fd1729ae0ec86ae70dabcf4f84e256f7)] -> xpath: //div[@class='a-section a-spacing-small a-spacing-top-small']], [[ChromeDriver: chrome on windows (fd1729ae0ec86ae70dabcf4f84e256f7)] -> xpath: //div[@class='a-section a-spacing-small a-spacing-top-small']], [[ChromeDriver: chrome on windows (fd1729ae0ec86ae70dabcf4f84e256f7)] -> xpath: //div[@class='a-section a-spacing-small a-spacing-top-small']], [[ChromeDriver: chrome on windows (fd1729ae0ec86ae70dabcf4f84e256f7)] -> xpath: //div[@class='a-section a-spacing-small a-spacing-top-small']], [[ChromeDriver: chrome on windows (fd1729ae0ec86ae70dabcf4f84e256f7)] -> xpath: //div[@class='a-section a-spacing-small a-spacing-top-small']], [[ChromeDriver: chrome on windows (fd1729ae0ec86ae70dabcf4f84e256f7)] -> xpath: //div[@class='a-section a-spacing-small a-spacing-top-small']], [[ChromeDriver: chrome on windows (fd1729ae0ec86ae70dabcf4f84e256f7)] -> xpath: //div[@class='a-section a-spacing-small a-spacing-top-small']], [[ChromeDriver: chrome on windows (fd1729ae0ec86ae70dabcf4f84e256f7)] -> xpath: //div[@class='a-section a-spacing-small a-spacing-top-small']], [[ChromeDriver: chrome on windows (fd1729ae0ec86ae70dabcf4f84e256f7)] -> xpath: //div[@class='a-section a-spacing-small a-spacing-top-small']]] from the safeFindElements method
2025-12-26 06:48:04.868 PM [TestNG-test-Test-1] INFO  [verifyingGetItByTomorrowFilterFunctionality] [verifyingGetItByTomorrowFilterFunctionality] Created hashset with required data to assert with Within validateDeliveryFilterOptions method
2025-12-26 06:48:04.868 PM [TestNG-test-Test-1] INFO  [verifyingGetItByTomorrowFilterFunctionality] [verifyingGetItByTomorrowFilterFunctionality] this is the set  [Today, Dec, 26, 27, Sat, Fri, Tomorrow]
2025-12-26 06:48:04.868 PM [TestNG-test-Test-1] INFO  [verifyingGetItByTomorrowFilterFunctionality] [verifyingGetItByTomorrowFilterFunctionality] Within deliveryElements loop iterating over the products  Within validateDeliveryFilterOptions method
2025-12-26 06:48:04.914 PM [TestNG-test-Test-1] INFO  [verifyingGetItByTomorrowFilterFunctionality] [verifyingGetItByTomorrowFilterFunctionality] Checking if the allowedDateParts have the assert text   Within validateDeliveryFilterOptions method
2025-12-26 06:48:04.944 PM [TestNG-test-Test-1] INFO  [verifyingGetItByTomorrowFilterFunctionality] [verifyingGetItByTomorrowFilterFunctionality] Within deliveryElements loop iterating over the products  Within validateDeliveryFilterOptions method
2025-12-26 06:48:04.982 PM [TestNG-test-Test-1] INFO  [verifyingGetItByTomorrowFilterFunctionality] [verifyingGetItByTomorrowFilterFunctionality] Checking if the allowedDateParts have the assert text   Within validateDeliveryFilterOptions method
2025-12-26 06:48:04.982 PM [TestNG-test-Test-1] INFO  [verifyingGetItByTomorrowFilterFunctionality] [verifyingGetItByTomorrowFilterFunctionality] Within deliveryElements loop iterating over the products  Within validateDeliveryFilterOptions method
2025-12-26 06:48:05.023 PM [TestNG-test-Test-1] INFO  [verifyingGetItByTomorrowFilterFunctionality] [verifyingGetItByTomorrowFilterFunctionality] Checking if the allowedDateParts have the assert text   Within validateDeliveryFilterOptions method
2025-12-26 06:48:05.023 PM [TestNG-test-Test-1] INFO  [verifyingGetItByTomorrowFilterFunctionality] [verifyingGetItByTomorrowFilterFunctionality] Within deliveryElements loop iterating over the products  Within validateDeliveryFilterOptions method
2025-12-26 06:48:05.119 PM [TestNG-test-Test-1] INFO  [verifyingGetItByTomorrowFilterFunctionality] [verifyingGetItByTomorrowFilterFunctionality] Checking if the allowedDateParts have the assert text   Within validateDeliveryFilterOptions method
2025-12-26 06:48:05.119 PM [TestNG-test-Test-1] INFO  [verifyingGetItByTomorrowFilterFunctionality] [verifyingGetItByTomorrowFilterFunctionality] Within deliveryElements loop iterating over the products  Within validateDeliveryFilterOptions method
2025-12-26 06:48:05.160 PM [TestNG-test-Test-1] INFO  [verifyingGetItByTomorrowFilterFunctionality] [verifyingGetItByTomorrowFilterFunctionality] Checking if the allowedDateParts have the assert text   Within validateDeliveryFilterOptions method
2025-12-26 06:48:05.160 PM [TestNG-test-Test-1] INFO  [verifyingGetItByTomorrowFilterFunctionality] [verifyingGetItByTomorrowFilterFunctionality] Within deliveryElements loop iterating over the products  Within validateDeliveryFilterOptions method
2025-12-26 06:48:05.184 PM [TestNG-test-Test-1] INFO  [verifyingGetItByTomorrowFilterFunctionality] [verifyingGetItByTomorrowFilterFunctionality] Checking if the allowedDateParts have the assert text   Within validateDeliveryFilterOptions method
2025-12-26 06:48:05.184 PM [TestNG-test-Test-1] INFO  [verifyingGetItByTomorrowFilterFunctionality] [verifyingGetItByTomorrowFilterFunctionality] Within deliveryElements loop iterating over the products  Within validateDeliveryFilterOptions method
2025-12-26 06:48:05.210 PM [TestNG-test-Test-1] INFO  [verifyingGetItByTomorrowFilterFunctionality] [verifyingGetItByTomorrowFilterFunctionality] Checking if the allowedDateParts have the assert text   Within validateDeliveryFilterOptions method
2025-12-26 06:48:05.210 PM [TestNG-test-Test-1] INFO  [verifyingGetItByTomorrowFilterFunctionality] [verifyingGetItByTomorrowFilterFunctionality] Within deliveryElements loop iterating over the products  Within validateDeliveryFilterOptions method
2025-12-26 06:48:05.239 PM [TestNG-test-Test-1] INFO  [verifyingGetItByTomorrowFilterFunctionality] [verifyingGetItByTomorrowFilterFunctionality] Checking if the allowedDateParts have the assert text   Within validateDeliveryFilterOptions method
2025-12-26 06:48:05.239 PM [TestNG-test-Test-1] INFO  [verifyingGetItByTomorrowFilterFunctionality] [verifyingGetItByTomorrowFilterFunctionality] Within deliveryElements loop iterating over the products  Within validateDeliveryFilterOptions method
2025-12-26 06:48:05.266 PM [TestNG-test-Test-1] INFO  [verifyingGetItByTomorrowFilterFunctionality] [verifyingGetItByTomorrowFilterFunctionality] Checking if the allowedDateParts have the assert text   Within validateDeliveryFilterOptions method
2025-12-26 06:48:05.266 PM [TestNG-test-Test-1] INFO  [verifyingGetItByTomorrowFilterFunctionality] [verifyingGetItByTomorrowFilterFunctionality] Within deliveryElements loop iterating over the products  Within validateDeliveryFilterOptions method
2025-12-26 06:48:05.289 PM [TestNG-test-Test-1] INFO  [verifyingGetItByTomorrowFilterFunctionality] [verifyingGetItByTomorrowFilterFunctionality] Checking if the allowedDateParts have the assert text   Within validateDeliveryFilterOptions method
2025-12-26 06:48:05.289 PM [TestNG-test-Test-1] INFO  [verifyingGetItByTomorrowFilterFunctionality] [verifyingGetItByTomorrowFilterFunctionality] Within deliveryElements loop iterating over the products  Within validateDeliveryFilterOptions method
2025-12-26 06:48:05.315 PM [TestNG-test-Test-1] INFO  [verifyingGetItByTomorrowFilterFunctionality] [verifyingGetItByTomorrowFilterFunctionality] Checking if the allowedDateParts have the assert text   Within validateDeliveryFilterOptions method
2025-12-26 06:48:05.316 PM [TestNG-test-Test-1] INFO  [verifyingGetItByTomorrowFilterFunctionality] [verifyingGetItByTomorrowFilterFunctionality] Within deliveryElements loop iterating over the products  Within validateDeliveryFilterOptions method
2025-12-26 06:48:05.342 PM [TestNG-test-Test-1] INFO  [verifyingGetItByTomorrowFilterFunctionality] [verifyingGetItByTomorrowFilterFunctionality] Checking if the allowedDateParts have the assert text   Within validateDeliveryFilterOptions method
2025-12-26 06:48:05.342 PM [TestNG-test-Test-1] INFO  [verifyingGetItByTomorrowFilterFunctionality] [verifyingGetItByTomorrowFilterFunctionality] Within deliveryElements loop iterating over the products  Within validateDeliveryFilterOptions method
2025-12-26 06:48:05.371 PM [TestNG-test-Test-1] INFO  [verifyingGetItByTomorrowFilterFunctionality] [verifyingGetItByTomorrowFilterFunctionality] Checking if the allowedDateParts have the assert text   Within validateDeliveryFilterOptions method
2025-12-26 06:48:05.371 PM [TestNG-test-Test-1] INFO  [verifyingGetItByTomorrowFilterFunctionality] [verifyingGetItByTomorrowFilterFunctionality] Within deliveryElements loop iterating over the products  Within validateDeliveryFilterOptions method
2025-12-26 06:48:05.396 PM [TestNG-test-Test-1] INFO  [verifyingGetItByTomorrowFilterFunctionality] [verifyingGetItByTomorrowFilterFunctionality] Checking if the allowedDateParts have the assert text   Within validateDeliveryFilterOptions method
2025-12-26 06:48:05.396 PM [TestNG-test-Test-1] INFO  [verifyingGetItByTomorrowFilterFunctionality] [verifyingGetItByTomorrowFilterFunctionality] Within deliveryElements loop iterating over the products  Within validateDeliveryFilterOptions method
2025-12-26 06:48:05.423 PM [TestNG-test-Test-1] INFO  [verifyingGetItByTomorrowFilterFunctionality] [verifyingGetItByTomorrowFilterFunctionality] Checking if the allowedDateParts have the assert text   Within validateDeliveryFilterOptions method
2025-12-26 06:48:05.423 PM [TestNG-test-Test-1] INFO  [verifyingGetItByTomorrowFilterFunctionality] [verifyingGetItByTomorrowFilterFunctionality] Within deliveryElements loop iterating over the products  Within validateDeliveryFilterOptions method
2025-12-26 06:48:05.450 PM [TestNG-test-Test-1] INFO  [verifyingGetItByTomorrowFilterFunctionality] [verifyingGetItByTomorrowFilterFunctionality] Checking if the allowedDateParts have the assert text   Within validateDeliveryFilterOptions method
2025-12-26 06:48:05.450 PM [TestNG-test-Test-1] INFO  [verifyingGetItByTomorrowFilterFunctionality] [verifyingGetItByTomorrowFilterFunctionality] Returning the list with boolean values   Within validateDeliveryFilterOptions method
2025-12-26 06:48:05.451 PM [TestNG-test-Test-1] INFO  [verifyingGetItByTomorrowFilterFunctionality] [verifyingGetItByTomorrowFilterFunctionality] Asserting delivery filter: isValid=true, index=-1, text=All the things are valid no errors
2025-12-26 06:48:05.498 PM [TestNG-test-Test-1] INFO  [verifyingGetItByTomorrowFilterFunctionality] ✅ Finished test method: verifyingGetItByTomorrowFilterFunctionality
2025-12-26 06:48:05.761 PM [TestNG-test-Test-1] INFO  [verifyingGetItByTomorrowFilterFunctionality] 🔹 Starting test method: verifyingGetItByTomorrowFilterFunctionality
2025-12-26 06:48:05.761 PM [TestNG-test-Test-1] INFO  [verifyingGetItByTomorrowFilterFunctionality] No existing WebDriver found for current thread. Initializing a new ChromeDriver...
2025-12-26 06:48:05.768 PM [TestNG-test-Test-1] INFO  [verifyingGetItByTomorrowFilterFunctionality] WebDriverManager: chromedriver setup OK
2025-12-26 06:48:07.330 PM [TestNG-test-Test-1] INFO  [verifyingGetItByTomorrowFilterFunctionality] ChromeDriver initialized successfully for thread: 34
2025-12-26 06:48:07.362 PM [TestNG-test-Test-1] INFO  [verifyingGetItByTomorrowFilterFunctionality] [verifyingGetItByTomorrowFilterFunctionality] Opening amazon Landing page
2025-12-26 06:48:07.991 PM [TestNG-test-Test-1] INFO  [verifyingGetItByTomorrowFilterFunctionality] ✅ Finished test method: verifyingGetItByTomorrowFilterFunctionality
2025-12-26 06:48:08.158 PM [TestNG-test-Test-1] INFO  [verifyingGetItByTomorrowFilterFunctionality] 🔹 Starting test method: verifyingGetItByTomorrowFilterFunctionality
2025-12-26 06:48:08.158 PM [TestNG-test-Test-1] INFO  [verifyingGetItByTomorrowFilterFunctionality] No existing WebDriver found for current thread. Initializing a new ChromeDriver...
2025-12-26 06:48:08.177 PM [TestNG-test-Test-1] INFO  [verifyingGetItByTomorrowFilterFunctionality] WebDriverManager: chromedriver setup OK
2025-12-26 06:48:09.461 PM [TestNG-test-Test-1] INFO  [verifyingGetItByTomorrowFilterFunctionality] ChromeDriver initialized successfully for thread: 34
2025-12-26 06:48:10.807 PM [TestNG-test-Test-1] INFO  [verifyingGetItByTomorrowFilterFunctionality] [verifyingGetItByTomorrowFilterFunctionality] Opening amazon Landing page
2025-12-26 06:48:11.377 PM [TestNG-test-Test-1] INFO  [verifyingGetItByTomorrowFilterFunctionality] [verifyingGetItByTomorrowFilterFunctionality] Giving input within the search bar
2025-12-26 06:48:11.377 PM [TestNG-test-Test-1] INFO  [verifyingGetItByTomorrowFilterFunctionality] [verifyingGetItByTomorrowFilterFunctionality] Within safeClick method
2025-12-26 06:48:13.286 PM [TestNG-test-Test-1] INFO  [verifyingGetItByTomorrowFilterFunctionality] [verifyingGetItByTomorrowFilterFunctionality] Clicked the  [[ChromeDriver: chrome on windows (2e71025182cf0547224beda9b7ee501a)] -> xpath: //input[@id='nav-search-submit-button']]   using safeClick
2025-12-26 06:48:13.287 PM [TestNG-test-Test-1] INFO  [verifyingGetItByTomorrowFilterFunctionality] [verifyingGetItByTomorrowFilterFunctionality] Clicking on the submit in the search bar
2025-12-26 06:48:13.494 PM [TestNG-test-Test-1] INFO  [verifyingGetItByTomorrowFilterFunctionality] [verifyingGetItByTomorrowFilterFunctionality] Waiting until element is visible in viewport
2025-12-26 06:48:13.520 PM [TestNG-test-Test-1] INFO  [verifyingGetItByTomorrowFilterFunctionality] [verifyingGetItByTomorrowFilterFunctionality] Within validateDeliveryFilterOptionsWithResult method
2025-12-26 06:48:13.520 PM [TestNG-test-Test-1] INFO  [verifyingGetItByTomorrowFilterFunctionality] [verifyingGetItByTomorrowFilterFunctionality] Within safeClick method
2025-12-26 06:48:13.724 PM [TestNG-test-Test-1] INFO  [verifyingGetItByTomorrowFilterFunctionality] [verifyingGetItByTomorrowFilterFunctionality] Clicked the  [[ChromeDriver: chrome on windows (2e71025182cf0547224beda9b7ee501a)] -> xpath: //span[@class='a-size-base a-color-base puis-bold-weight-text' and text()='Delivery Day']/parent::div/following-sibling::ul//span[@class='a-size-base a-color-base' and text()='Get It by Tomorrow']]   using safeClick
2025-12-26 06:48:15.725 PM [TestNG-test-Test-1] INFO  [verifyingGetItByTomorrowFilterFunctionality] [verifyingGetItByTomorrowFilterFunctionality] Within getMoreButtonByFilterTypeAndName method
2025-12-26 06:48:15.725 PM [TestNG-test-Test-1] INFO  [verifyingGetItByTomorrowFilterFunctionality] [verifyingGetItByTomorrowFilterFunctionality] Capturing screenshot: Filter Applied is Get It by Tomorrow__2025-12-26_184815.png
2025-12-26 06:48:15.797 PM [TestNG-test-Test-1] INFO  [verifyingGetItByTomorrowFilterFunctionality] [verifyingGetItByTomorrowFilterFunctionality] Screenshot saved at: test-output/screenshots/Run_2025-12-26_17-57-43/verifyingGetItByTomorrowFilterFunctionality/Filter Applied is Get It by Tomorrow__2025-12-26_184815.png
2025-12-26 06:48:15.797 PM [TestNG-test-Test-1] INFO  [verifyingGetItByTomorrowFilterFunctionality] [verifyingGetItByTomorrowFilterFunctionality] Clicked on By.xpath: //span[@class='a-size-base a-color-base puis-bold-weight-text' and text()='Delivery Day']/parent::div/following-sibling::ul//span[@class='a-size-base a-color-base' and text()='Get It by Tomorrow']
2025-12-26 06:48:17.798 PM [TestNG-test-Test-1] INFO  [verifyingGetItByTomorrowFilterFunctionality] [verifyingGetItByTomorrowFilterFunctionality] Within safeFindElements 
2025-12-26 06:48:17.811 PM [TestNG-test-Test-1] INFO  [verifyingGetItByTomorrowFilterFunctionality] [verifyingGetItByTomorrowFilterFunctionality] Returning the  [[[ChromeDriver: chrome on windows (2e71025182cf0547224beda9b7ee501a)] -> xpath: //div[@class='a-section a-spacing-small a-spacing-top-small']], [[ChromeDriver: chrome on windows (2e71025182cf0547224beda9b7ee501a)] -> xpath: //div[@class='a-section a-spacing-small a-spacing-top-small']], [[ChromeDriver: chrome on windows (2e71025182cf0547224beda9b7ee501a)] -> xpath: //div[@class='a-section a-spacing-small a-spacing-top-small']], [[ChromeDriver: chrome on windows (2e71025182cf0547224beda9b7ee501a)] -> xpath: //div[@class='a-section a-spacing-small a-spacing-top-small']], [[ChromeDriver: chrome on windows (2e71025182cf0547224beda9b7ee501a)] -> xpath: //div[@class='a-section a-spacing-small a-spacing-top-small']], [[ChromeDriver: chrome on windows (2e71025182cf0547224beda9b7ee501a)] -> xpath: //div[@class='a-section a-spacing-small a-spacing-top-small']], [[ChromeDriver: chrome on windows (2e71025182cf0547224beda9b7ee501a)] -> xpath: //div[@class='a-section a-spacing-small a-spacing-top-small']], [[ChromeDriver: chrome on windows (2e71025182cf0547224beda9b7ee501a)] -> xpath: //div[@class='a-section a-spacing-small a-spacing-top-small']], [[ChromeDriver: chrome on windows (2e71025182cf0547224beda9b7ee501a)] -> xpath: //div[@class='a-section a-spacing-small a-spacing-top-small']], [[ChromeDriver: chrome on windows (2e71025182cf0547224beda9b7ee501a)] -> xpath: //div[@class='a-section a-spacing-small a-spacing-top-small']], [[ChromeDriver: chrome on windows (2e71025182cf0547224beda9b7ee501a)] -> xpath: //div[@class='a-section a-spacing-small a-spacing-top-small']], [[ChromeDriver: chrome on windows (2e71025182cf0547224beda9b7ee501a)] -> xpath: //div[@class='a-section a-spacing-small a-spacing-top-small']], [[ChromeDriver: chrome on windows (2e71025182cf0547224beda9b7ee501a)] -> xpath: //div[@class='a-section a-spacing-small a-spacing-top-small']], [[ChromeDriver: chrome on windows (2e71025182cf0547224beda9b7ee501a)] -> xpath: //div[@class='a-section a-spacing-small a-spacing-top-small']], [[ChromeDriver: chrome on windows (2e71025182cf0547224beda9b7ee501a)] -> xpath: //div[@class='a-section a-spacing-small a-spacing-top-small']], [[ChromeDriver: chrome on windows (2e71025182cf0547224beda9b7ee501a)] -> xpath: //div[@class='a-section a-spacing-small a-spacing-top-small']], [[ChromeDriver: chrome on windows (2e71025182cf0547224beda9b7ee501a)] -> xpath: //div[@class='a-section a-spacing-small a-spacing-top-small']], [[ChromeDriver: chrome on windows (2e71025182cf0547224beda9b7ee501a)] -> xpath: //div[@class='a-section a-spacing-small a-spacing-top-small']]] from the safeFindElements method
2025-12-26 06:48:17.811 PM [TestNG-test-Test-1] INFO  [verifyingGetItByTomorrowFilterFunctionality] [verifyingGetItByTomorrowFilterFunctionality] Created hashset with required data to assert with Within validateDeliveryFilterOptions method
2025-12-26 06:48:17.811 PM [TestNG-test-Test-1] INFO  [verifyingGetItByTomorrowFilterFunctionality] [verifyingGetItByTomorrowFilterFunctionality] this is the set  [Today, Dec, 26, 27, Sat, Fri, Tomorrow]
2025-12-26 06:48:17.812 PM [TestNG-test-Test-1] INFO  [verifyingGetItByTomorrowFilterFunctionality] [verifyingGetItByTomorrowFilterFunctionality] Within deliveryElements loop iterating over the products  Within validateDeliveryFilterOptions method
2025-12-26 06:48:17.841 PM [TestNG-test-Test-1] INFO  [verifyingGetItByTomorrowFilterFunctionality] [verifyingGetItByTomorrowFilterFunctionality] Checking if the allowedDateParts have the assert text   Within validateDeliveryFilterOptions method
2025-12-26 06:48:17.841 PM [TestNG-test-Test-1] INFO  [verifyingGetItByTomorrowFilterFunctionality] [verifyingGetItByTomorrowFilterFunctionality] Within deliveryElements loop iterating over the products  Within validateDeliveryFilterOptions method
2025-12-26 06:48:17.884 PM [TestNG-test-Test-1] INFO  [verifyingGetItByTomorrowFilterFunctionality] [verifyingGetItByTomorrowFilterFunctionality] Checking if the allowedDateParts have the assert text   Within validateDeliveryFilterOptions method
2025-12-26 06:48:17.885 PM [TestNG-test-Test-1] INFO  [verifyingGetItByTomorrowFilterFunctionality] [verifyingGetItByTomorrowFilterFunctionality] Within deliveryElements loop iterating over the products  Within validateDeliveryFilterOptions method
2025-12-26 06:48:17.926 PM [TestNG-test-Test-1] INFO  [verifyingGetItByTomorrowFilterFunctionality] [verifyingGetItByTomorrowFilterFunctionality] Checking if the allowedDateParts have the assert text   Within validateDeliveryFilterOptions method
2025-12-26 06:48:17.926 PM [TestNG-test-Test-1] INFO  [verifyingGetItByTomorrowFilterFunctionality] [verifyingGetItByTomorrowFilterFunctionality] Within deliveryElements loop iterating over the products  Within validateDeliveryFilterOptions method
2025-12-26 06:48:17.950 PM [TestNG-test-Test-1] INFO  [verifyingGetItByTomorrowFilterFunctionality] [verifyingGetItByTomorrowFilterFunctionality] Checking if the allowedDateParts have the assert text   Within validateDeliveryFilterOptions method
2025-12-26 06:48:17.950 PM [TestNG-test-Test-1] INFO  [verifyingGetItByTomorrowFilterFunctionality] [verifyingGetItByTomorrowFilterFunctionality] Within deliveryElements loop iterating over the products  Within validateDeliveryFilterOptions method
2025-12-26 06:48:17.972 PM [TestNG-test-Test-1] INFO  [verifyingGetItByTomorrowFilterFunctionality] [verifyingGetItByTomorrowFilterFunctionality] Checking if the allowedDateParts have the assert text   Within validateDeliveryFilterOptions method
2025-12-26 06:48:17.972 PM [TestNG-test-Test-1] INFO  [verifyingGetItByTomorrowFilterFunctionality] [verifyingGetItByTomorrowFilterFunctionality] Within deliveryElements loop iterating over the products  Within validateDeliveryFilterOptions method
2025-12-26 06:48:17.994 PM [TestNG-test-Test-1] INFO  [verifyingGetItByTomorrowFilterFunctionality] [verifyingGetItByTomorrowFilterFunctionality] Checking if the allowedDateParts have the assert text   Within validateDeliveryFilterOptions method
2025-12-26 06:48:17.994 PM [TestNG-test-Test-1] INFO  [verifyingGetItByTomorrowFilterFunctionality] [verifyingGetItByTomorrowFilterFunctionality] Within deliveryElements loop iterating over the products  Within validateDeliveryFilterOptions method
2025-12-26 06:48:18.016 PM [TestNG-test-Test-1] INFO  [verifyingGetItByTomorrowFilterFunctionality] [verifyingGetItByTomorrowFilterFunctionality] Checking if the allowedDateParts have the assert text   Within validateDeliveryFilterOptions method
2025-12-26 06:48:18.016 PM [TestNG-test-Test-1] INFO  [verifyingGetItByTomorrowFilterFunctionality] [verifyingGetItByTomorrowFilterFunctionality] Within deliveryElements loop iterating over the products  Within validateDeliveryFilterOptions method
2025-12-26 06:48:18.047 PM [TestNG-test-Test-1] INFO  [verifyingGetItByTomorrowFilterFunctionality] [verifyingGetItByTomorrowFilterFunctionality] Checking if the allowedDateParts have the assert text   Within validateDeliveryFilterOptions method
2025-12-26 06:48:18.047 PM [TestNG-test-Test-1] INFO  [verifyingGetItByTomorrowFilterFunctionality] [verifyingGetItByTomorrowFilterFunctionality] Within deliveryElements loop iterating over the products  Within validateDeliveryFilterOptions method
2025-12-26 06:48:18.073 PM [TestNG-test-Test-1] INFO  [verifyingGetItByTomorrowFilterFunctionality] [verifyingGetItByTomorrowFilterFunctionality] Checking if the allowedDateParts have the assert text   Within validateDeliveryFilterOptions method
2025-12-26 06:48:18.073 PM [TestNG-test-Test-1] INFO  [verifyingGetItByTomorrowFilterFunctionality] [verifyingGetItByTomorrowFilterFunctionality] Within deliveryElements loop iterating over the products  Within validateDeliveryFilterOptions method
2025-12-26 06:48:18.095 PM [TestNG-test-Test-1] INFO  [verifyingGetItByTomorrowFilterFunctionality] [verifyingGetItByTomorrowFilterFunctionality] Checking if the allowedDateParts have the assert text   Within validateDeliveryFilterOptions method
2025-12-26 06:48:18.095 PM [TestNG-test-Test-1] INFO  [verifyingGetItByTomorrowFilterFunctionality] [verifyingGetItByTomorrowFilterFunctionality] Within deliveryElements loop iterating over the products  Within validateDeliveryFilterOptions method
2025-12-26 06:48:18.118 PM [TestNG-test-Test-1] INFO  [verifyingGetItByTomorrowFilterFunctionality] [verifyingGetItByTomorrowFilterFunctionality] Checking if the allowedDateParts have the assert text   Within validateDeliveryFilterOptions method
2025-12-26 06:48:18.118 PM [TestNG-test-Test-1] INFO  [verifyingGetItByTomorrowFilterFunctionality] [verifyingGetItByTomorrowFilterFunctionality] Within deliveryElements loop iterating over the products  Within validateDeliveryFilterOptions method
2025-12-26 06:48:18.140 PM [TestNG-test-Test-1] INFO  [verifyingGetItByTomorrowFilterFunctionality] [verifyingGetItByTomorrowFilterFunctionality] Checking if the allowedDateParts have the assert text   Within validateDeliveryFilterOptions method
2025-12-26 06:48:18.140 PM [TestNG-test-Test-1] INFO  [verifyingGetItByTomorrowFilterFunctionality] [verifyingGetItByTomorrowFilterFunctionality] Within deliveryElements loop iterating over the products  Within validateDeliveryFilterOptions method
2025-12-26 06:48:18.168 PM [TestNG-test-Test-1] INFO  [verifyingGetItByTomorrowFilterFunctionality] [verifyingGetItByTomorrowFilterFunctionality] Checking if the allowedDateParts have the assert text   Within validateDeliveryFilterOptions method
2025-12-26 06:48:18.168 PM [TestNG-test-Test-1] INFO  [verifyingGetItByTomorrowFilterFunctionality] [verifyingGetItByTomorrowFilterFunctionality] Within deliveryElements loop iterating over the products  Within validateDeliveryFilterOptions method
2025-12-26 06:48:18.190 PM [TestNG-test-Test-1] INFO  [verifyingGetItByTomorrowFilterFunctionality] [verifyingGetItByTomorrowFilterFunctionality] Checking if the allowedDateParts have the assert text   Within validateDeliveryFilterOptions method
2025-12-26 06:48:18.190 PM [TestNG-test-Test-1] INFO  [verifyingGetItByTomorrowFilterFunctionality] [verifyingGetItByTomorrowFilterFunctionality] Within deliveryElements loop iterating over the products  Within validateDeliveryFilterOptions method
2025-12-26 06:48:18.215 PM [TestNG-test-Test-1] INFO  [verifyingGetItByTomorrowFilterFunctionality] [verifyingGetItByTomorrowFilterFunctionality] Checking if the allowedDateParts have the assert text   Within validateDeliveryFilterOptions method
2025-12-26 06:48:18.216 PM [TestNG-test-Test-1] INFO  [verifyingGetItByTomorrowFilterFunctionality] [verifyingGetItByTomorrowFilterFunctionality] Within deliveryElements loop iterating over the products  Within validateDeliveryFilterOptions method
2025-12-26 06:48:18.238 PM [TestNG-test-Test-1] INFO  [verifyingGetItByTomorrowFilterFunctionality] [verifyingGetItByTomorrowFilterFunctionality] Checking if the allowedDateParts have the assert text   Within validateDeliveryFilterOptions method
2025-12-26 06:48:18.238 PM [TestNG-test-Test-1] INFO  [verifyingGetItByTomorrowFilterFunctionality] [verifyingGetItByTomorrowFilterFunctionality] Within deliveryElements loop iterating over the products  Within validateDeliveryFilterOptions method
2025-12-26 06:48:18.259 PM [TestNG-test-Test-1] INFO  [verifyingGetItByTomorrowFilterFunctionality] [verifyingGetItByTomorrowFilterFunctionality] Checking if the allowedDateParts have the assert text   Within validateDeliveryFilterOptions method
2025-12-26 06:48:18.259 PM [TestNG-test-Test-1] INFO  [verifyingGetItByTomorrowFilterFunctionality] [verifyingGetItByTomorrowFilterFunctionality] Within deliveryElements loop iterating over the products  Within validateDeliveryFilterOptions method
2025-12-26 06:48:18.292 PM [TestNG-test-Test-1] INFO  [verifyingGetItByTomorrowFilterFunctionality] [verifyingGetItByTomorrowFilterFunctionality] Checking if the allowedDateParts have the assert text   Within validateDeliveryFilterOptions method
2025-12-26 06:48:18.292 PM [TestNG-test-Test-1] INFO  [verifyingGetItByTomorrowFilterFunctionality] [verifyingGetItByTomorrowFilterFunctionality] Returning the list with boolean values   Within validateDeliveryFilterOptions method
2025-12-26 06:48:18.292 PM [TestNG-test-Test-1] INFO  [verifyingGetItByTomorrowFilterFunctionality] [verifyingGetItByTomorrowFilterFunctionality] Asserting delivery filter: isValid=true, index=-1, text=All the things are valid no errors
2025-12-26 06:48:18.296 PM [TestNG-test-Test-1] INFO  [verifyingGetItByTomorrowFilterFunctionality] ✅ Finished test method: verifyingGetItByTomorrowFilterFunctionality
2025-12-26 06:48:18.550 PM [TestNG-test-Test-1] INFO  [verifyingGetItByTomorrowFilterFunctionality] 🔹 Starting test method: verifyingGetItByTomorrowFilterFunctionality
2025-12-26 06:48:18.550 PM [TestNG-test-Test-1] INFO  [verifyingGetItByTomorrowFilterFunctionality] No existing WebDriver found for current thread. Initializing a new ChromeDriver...
2025-12-26 06:48:18.561 PM [TestNG-test-Test-1] INFO  [verifyingGetItByTomorrowFilterFunctionality] WebDriverManager: chromedriver setup OK
2025-12-26 06:48:19.800 PM [TestNG-test-Test-1] INFO  [verifyingGetItByTomorrowFilterFunctionality] ChromeDriver initialized successfully for thread: 34
2025-12-26 06:48:19.845 PM [TestNG-test-Test-1] INFO  [verifyingGetItByTomorrowFilterFunctionality] [verifyingGetItByTomorrowFilterFunctionality] Opening amazon Landing page
2025-12-26 06:48:22.702 PM [TestNG-test-Test-1] INFO  [verifyingGetItByTomorrowFilterFunctionality] ✅ Finished test method: verifyingGetItByTomorrowFilterFunctionality
2025-12-26 06:48:22.857 PM [TestNG-test-Test-1] INFO  [verifyingGetItByTomorrowFilterFunctionality] 🔹 Starting test method: verifyingGetItByTomorrowFilterFunctionality
2025-12-26 06:48:22.857 PM [TestNG-test-Test-1] INFO  [verifyingGetItByTomorrowFilterFunctionality] No existing WebDriver found for current thread. Initializing a new ChromeDriver...
2025-12-26 06:48:22.866 PM [TestNG-test-Test-1] INFO  [verifyingGetItByTomorrowFilterFunctionality] WebDriverManager: chromedriver setup OK
2025-12-26 06:48:24.178 PM [TestNG-test-Test-1] INFO  [verifyingGetItByTomorrowFilterFunctionality] ChromeDriver initialized successfully for thread: 34
2025-12-26 06:48:24.527 PM [TestNG-test-Test-1] INFO  [verifyingGetItByTomorrowFilterFunctionality] [verifyingGetItByTomorrowFilterFunctionality] Opening amazon Landing page
2025-12-26 06:48:24.637 PM [TestNG-test-Test-1] INFO  [verifyingGetItByTomorrowFilterFunctionality] ✅ Finished test method: verifyingGetItByTomorrowFilterFunctionality
