2025-12-12 12:24:32.221 PM [TestNG-test-Test-2] INFO  [verifyingDisplayTypeFilterFunctionality] 🔹 Starting test method: verifyingDisplayTypeFilterFunctionality
2025-12-12 12:24:32.225 PM [TestNG-test-Test-2] INFO  [verifyingDisplayTypeFilterFunctionality] No existing WebDriver found for current thread. Initializing a new ChromeDriver...
2025-12-12 12:24:32.237 PM [TestNG-test-Test-2] INFO  [verifyingDisplayTypeFilterFunctionality] WebDriverManager: chromedriver setup OK
2025-12-12 12:24:33.844 PM [TestNG-test-Test-2] INFO  [verifyingDisplayTypeFilterFunctionality] ChromeDriver initialized successfully for thread: 35
2025-12-12 12:24:34.573 PM [TestNG-test-Test-2] INFO  [verifyingDisplayTypeFilterFunctionality] [verifyingDisplayTypeFilterFunctionality] Opening amazon Landing page
2025-12-12 12:24:39.004 PM [TestNG-test-Test-2] INFO  [verifyingDisplayTypeFilterFunctionality] [verifyingDisplayTypeFilterFunctionality] Giving input within the search bar
2025-12-12 12:24:39.005 PM [TestNG-test-Test-2] INFO  [verifyingDisplayTypeFilterFunctionality] [verifyingDisplayTypeFilterFunctionality] Within safeClick method
2025-12-12 12:24:40.647 PM [TestNG-test-Test-2] INFO  [verifyingDisplayTypeFilterFunctionality] [verifyingDisplayTypeFilterFunctionality] Clicked the  [[ChromeDriver: chrome on windows (808525edf8deefc975f7d4aff24ffa52)] -> xpath: //input[@id='nav-search-submit-button']]   using safeClick
2025-12-12 12:24:40.647 PM [TestNG-test-Test-2] INFO  [verifyingDisplayTypeFilterFunctionality] [verifyingDisplayTypeFilterFunctionality] Clicking on the submit in the search bar
2025-12-12 12:24:40.768 PM [TestNG-test-Test-2] INFO  [verifyingDisplayTypeFilterFunctionality] [verifyingDisplayTypeFilterFunctionality] Within filterCheckUnderList method
2025-12-12 12:24:40.866 PM [TestNG-test-Test-2] INFO  [verifyingDisplayTypeFilterFunctionality] [verifyingDisplayTypeFilterFunctionality] Found the Filter within the filter check List
2025-12-12 12:24:40.866 PM [TestNG-test-Test-2] INFO  [verifyingDisplayTypeFilterFunctionality] [verifyingDisplayTypeFilterFunctionality] Within applyFilterAndValidateProductsWithResult method
2025-12-12 12:24:40.866 PM [TestNG-test-Test-2] INFO  [verifyingDisplayTypeFilterFunctionality] [verifyingDisplayTypeFilterFunctionality] Within safeFindElements 
2025-12-12 12:24:40.877 PM [TestNG-test-Test-2] INFO  [verifyingDisplayTypeFilterFunctionality] [verifyingDisplayTypeFilterFunctionality] Returning the  [[[ChromeDriver: chrome on windows (808525edf8deefc975f7d4aff24ffa52)] -> xpath: //span[@class='a-size-base a-color-base puis-bold-weight-text' and text()='Display Type']/parent::div/following-sibling::ul//span[@class='a-size-base a-color-base']], [[ChromeDriver: chrome on windows (808525edf8deefc975f7d4aff24ffa52)] -> xpath: //span[@class='a-size-base a-color-base puis-bold-weight-text' and text()='Display Type']/parent::div/following-sibling::ul//span[@class='a-size-base a-color-base']], [[ChromeDriver: chrome on windows (808525edf8deefc975f7d4aff24ffa52)] -> xpath: //span[@class='a-size-base a-color-base puis-bold-weight-text' and text()='Display Type']/parent::div/following-sibling::ul//span[@class='a-size-base a-color-base']]] from the safeFindElements method
2025-12-12 12:24:40.877 PM [TestNG-test-Test-2] INFO  [verifyingDisplayTypeFilterFunctionality] [verifyingDisplayTypeFilterFunctionality] Within applyFilterAndValidateProductsWithResult filterOptions size is -> 3
2025-12-12 12:24:40.877 PM [TestNG-test-Test-2] INFO  [verifyingDisplayTypeFilterFunctionality] [verifyingDisplayTypeFilterFunctionality] Execution is Not CRON Job Hence refering to normal keys from UtilData
2025-12-12 12:24:40.877 PM [TestNG-test-Test-2] INFO  [verifyingDisplayTypeFilterFunctionality] [verifyingDisplayTypeFilterFunctionality] Within filterOptions loop in applyFilterAndValidateProductsWithResult
2025-12-12 12:24:40.877 PM [TestNG-test-Test-2] INFO  [verifyingDisplayTypeFilterFunctionality] [verifyingDisplayTypeFilterFunctionality] Within safeFindElements 
2025-12-12 12:24:40.883 PM [TestNG-test-Test-2] INFO  [verifyingDisplayTypeFilterFunctionality] [verifyingDisplayTypeFilterFunctionality] Returning the  [[[ChromeDriver: chrome on windows (808525edf8deefc975f7d4aff24ffa52)] -> xpath: //span[@class='a-size-base a-color-base puis-bold-weight-text' and text()='Display Type']/parent::div/following-sibling::ul//span[@class='a-size-base a-color-base']], [[ChromeDriver: chrome on windows (808525edf8deefc975f7d4aff24ffa52)] -> xpath: //span[@class='a-size-base a-color-base puis-bold-weight-text' and text()='Display Type']/parent::div/following-sibling::ul//span[@class='a-size-base a-color-base']], [[ChromeDriver: chrome on windows (808525edf8deefc975f7d4aff24ffa52)] -> xpath: //span[@class='a-size-base a-color-base puis-bold-weight-text' and text()='Display Type']/parent::div/following-sibling::ul//span[@class='a-size-base a-color-base']]] from the safeFindElements method
2025-12-12 12:24:40.883 PM [TestNG-test-Test-2] INFO  [verifyingDisplayTypeFilterFunctionality] [verifyingDisplayTypeFilterFunctionality] Trying to read filter option 0 (attempt 1/3)
2025-12-12 12:24:40.897 PM [TestNG-test-Test-2] INFO  [verifyingDisplayTypeFilterFunctionality] [verifyingDisplayTypeFilterFunctionality] Successfully read filter option 0 = 'AMOLED'
2025-12-12 12:24:40.897 PM [TestNG-test-Test-2] INFO  [verifyingDisplayTypeFilterFunctionality] [verifyingDisplayTypeFilterFunctionality] Within getfilterByTypeAndName method
2025-12-12 12:24:40.899 PM [TestNG-test-Test-2] INFO  [verifyingDisplayTypeFilterFunctionality] [verifyingDisplayTypeFilterFunctionality] Within safeClickBooleanWithScreenShot method
2025-12-12 12:24:40.899 PM [TestNG-test-Test-2] INFO  [verifyingDisplayTypeFilterFunctionality] [verifyingDisplayTypeFilterFunctionality] Within getAppliedfilterByTypeAndName method
2025-12-12 12:24:40.899 PM [TestNG-test-Test-2] INFO  [verifyingDisplayTypeFilterFunctionality] [verifyingDisplayTypeFilterFunctionality] Within smoothScrollToElement method
2025-12-12 12:24:40.899 PM [TestNG-test-Test-2] INFO  [verifyingDisplayTypeFilterFunctionality] [verifyingDisplayTypeFilterFunctionality] Within safeFindElement method
2025-12-12 12:24:40.909 PM [TestNG-test-Test-2] INFO  [verifyingDisplayTypeFilterFunctionality] [verifyingDisplayTypeFilterFunctionality]Found the element returning it ,element ->[[ChromeDriver: chrome on windows (808525edf8deefc975f7d4aff24ffa52)] -> xpath: //ul[@id='filter-p_n_g-101013595158111']]
2025-12-12 12:24:40.931 PM [TestNG-test-Test-2] INFO  [verifyingDisplayTypeFilterFunctionality] [verifyingDisplayTypeFilterFunctionality] Successfully scrolled to element: By.xpath: //ul[@id='filter-p_n_g-101013595158111']
2025-12-12 12:24:40.931 PM [TestNG-test-Test-2] INFO  [verifyingDisplayTypeFilterFunctionality] [verifyingDisplayTypeFilterFunctionality] Within getMoreButtonByFilterTypeAndName method
2025-12-12 12:24:40.931 PM [TestNG-test-Test-2] INFO  [verifyingDisplayTypeFilterFunctionality] [verifyingDisplayTypeFilterFunctionality] could not find more button
2025-12-12 12:24:42.114 PM [TestNG-test-Test-2] INFO  [verifyingDisplayTypeFilterFunctionality] [verifyingDisplayTypeFilterFunctionality] Within getAppliedfilterByTypeAndName method
2025-12-12 12:24:42.115 PM [TestNG-test-Test-2] INFO  [verifyingDisplayTypeFilterFunctionality] [verifyingDisplayTypeFilterFunctionality] Within smoothScrollToElement method
2025-12-12 12:24:42.115 PM [TestNG-test-Test-2] INFO  [verifyingDisplayTypeFilterFunctionality] [verifyingDisplayTypeFilterFunctionality] Within safeFindElement method
2025-12-12 12:24:42.404 PM [TestNG-test-Test-2] INFO  [verifyingDisplayTypeFilterFunctionality] [verifyingDisplayTypeFilterFunctionality]Found the element returning it ,element ->[[ChromeDriver: chrome on windows (808525edf8deefc975f7d4aff24ffa52)] -> xpath: //ul[@id='filter-p_n_g-101013595158111']]
2025-12-12 12:24:42.536 PM [TestNG-test-Test-2] INFO  [verifyingDisplayTypeFilterFunctionality] [verifyingDisplayTypeFilterFunctionality] Successfully scrolled to element: By.xpath: //ul[@id='filter-p_n_g-101013595158111']
2025-12-12 12:24:43.538 PM [TestNG-test-Test-2] INFO  [verifyingDisplayTypeFilterFunctionality] [verifyingDisplayTypeFilterFunctionality] Within getMoreButtonByFilterTypeAndName method
2025-12-12 12:24:43.538 PM [TestNG-test-Test-2] INFO  [verifyingDisplayTypeFilterFunctionality] [verifyingDisplayTypeFilterFunctionality] could not find more button
2025-12-12 12:24:44.538 PM [TestNG-test-Test-2] INFO  [verifyingDisplayTypeFilterFunctionality] [verifyingDisplayTypeFilterFunctionality] Within getAppliedfilterByTypeAndName method
2025-12-12 12:24:44.538 PM [TestNG-test-Test-2] INFO  [verifyingDisplayTypeFilterFunctionality] [verifyingDisplayTypeFilterFunctionality] Within smoothScrollToElement method
2025-12-12 12:24:44.538 PM [TestNG-test-Test-2] INFO  [verifyingDisplayTypeFilterFunctionality] [verifyingDisplayTypeFilterFunctionality] Within safeFindElement method
2025-12-12 12:24:44.550 PM [TestNG-test-Test-2] INFO  [verifyingDisplayTypeFilterFunctionality] [verifyingDisplayTypeFilterFunctionality]Found the element returning it ,element ->[[ChromeDriver: chrome on windows (808525edf8deefc975f7d4aff24ffa52)] -> xpath: //ul[@id='filter-p_n_g-101013595158111']//span[@class='a-size-base a-color-base a-text-bold' and text()='AMOLED']]
2025-12-12 12:24:44.565 PM [TestNG-test-Test-2] INFO  [verifyingDisplayTypeFilterFunctionality] [verifyingDisplayTypeFilterFunctionality] Successfully scrolled to element: By.xpath: //ul[@id='filter-p_n_g-101013595158111']//span[@class='a-size-base a-color-base a-text-bold' and text()='AMOLED']
2025-12-12 12:24:45.566 PM [TestNG-test-Test-2] INFO  [verifyingDisplayTypeFilterFunctionality] [verifyingDisplayTypeFilterFunctionality] Clicked the element using safe click ,element is [[ChromeDriver: chrome on windows (808525edf8deefc975f7d4aff24ffa52)] -> xpath: //ul[@id='filter-p_n_g-101013595158111']//span[@class='a-size-base a-color-base' and text()='AMOLED']]
2025-12-12 12:24:45.567 PM [TestNG-test-Test-2] INFO  [verifyingDisplayTypeFilterFunctionality] [verifyingDisplayTypeFilterFunctionality] Capturing screenshot: Filter Applied is AMOLED__2025-12-12_122445.png
2025-12-12 12:24:45.965 PM [TestNG-test-Test-2] INFO  [verifyingDisplayTypeFilterFunctionality] [verifyingDisplayTypeFilterFunctionality] Screenshot saved at: test-output/screenshots/Run_2025-12-12_12-21-35/verifyingDisplayTypeFilterFunctionality/Filter Applied is AMOLED__2025-12-12_122445.png
2025-12-12 12:24:46.968 PM [TestNG-test-Test-2] INFO  [verifyingDisplayTypeFilterFunctionality] [verifyingDisplayTypeFilterFunctionality] Within safeFindElements 
2025-12-12 12:24:46.980 PM [TestNG-test-Test-2] INFO  [verifyingDisplayTypeFilterFunctionality] [verifyingDisplayTypeFilterFunctionality] Returning the  [[[ChromeDriver: chrome on windows (808525edf8deefc975f7d4aff24ffa52)] -> xpath: //div[@data-cy='title-recipe']], [[ChromeDriver: chrome on windows (808525edf8deefc975f7d4aff24ffa52)] -> xpath: //div[@data-cy='title-recipe']], [[ChromeDriver: chrome on windows (808525edf8deefc975f7d4aff24ffa52)] -> xpath: //div[@data-cy='title-recipe']], [[ChromeDriver: chrome on windows (808525edf8deefc975f7d4aff24ffa52)] -> xpath: //div[@data-cy='title-recipe']], [[ChromeDriver: chrome on windows (808525edf8deefc975f7d4aff24ffa52)] -> xpath: //div[@data-cy='title-recipe']], [[ChromeDriver: chrome on windows (808525edf8deefc975f7d4aff24ffa52)] -> xpath: //div[@data-cy='title-recipe']], [[ChromeDriver: chrome on windows (808525edf8deefc975f7d4aff24ffa52)] -> xpath: //div[@data-cy='title-recipe']], [[ChromeDriver: chrome on windows (808525edf8deefc975f7d4aff24ffa52)] -> xpath: //div[@data-cy='title-recipe']], [[ChromeDriver: chrome on windows (808525edf8deefc975f7d4aff24ffa52)] -> xpath: //div[@data-cy='title-recipe']], [[ChromeDriver: chrome on windows (808525edf8deefc975f7d4aff24ffa52)] -> xpath: //div[@data-cy='title-recipe']], [[ChromeDriver: chrome on windows (808525edf8deefc975f7d4aff24ffa52)] -> xpath: //div[@data-cy='title-recipe']], [[ChromeDriver: chrome on windows (808525edf8deefc975f7d4aff24ffa52)] -> xpath: //div[@data-cy='title-recipe']], [[ChromeDriver: chrome on windows (808525edf8deefc975f7d4aff24ffa52)] -> xpath: //div[@data-cy='title-recipe']], [[ChromeDriver: chrome on windows (808525edf8deefc975f7d4aff24ffa52)] -> xpath: //div[@data-cy='title-recipe']], [[ChromeDriver: chrome on windows (808525edf8deefc975f7d4aff24ffa52)] -> xpath: //div[@data-cy='title-recipe']], [[ChromeDriver: chrome on windows (808525edf8deefc975f7d4aff24ffa52)] -> xpath: //div[@data-cy='title-recipe']]] from the safeFindElements method
2025-12-12 12:24:46.980 PM [TestNG-test-Test-2] INFO  [verifyingDisplayTypeFilterFunctionality] [verifyingDisplayTypeFilterFunctionality] Execution is Not CRON Job Hence refering to normal keys from UtilData
2025-12-12 12:24:46.981 PM [TestNG-test-Test-2] INFO  [verifyingDisplayTypeFilterFunctionality] [verifyingDisplayTypeFilterFunctionality] Within safeClick method
2025-12-12 12:24:47.123 PM [TestNG-test-Test-2] INFO  [verifyingDisplayTypeFilterFunctionality] [verifyingDisplayTypeFilterFunctionality] Clicked the  [[ChromeDriver: chrome on windows (808525edf8deefc975f7d4aff24ffa52)] -> xpath: //span[@class='a-size-base a-color-base' and text()='Clear']]   using safeClick
2025-12-12 12:24:47.123 PM [TestNG-test-Test-2] INFO  [verifyingDisplayTypeFilterFunctionality] [verifyingDisplayTypeFilterFunctionality] Clearing the filter value ->AMOLEDwithin productNameListingPage loop
2025-12-12 12:24:47.123 PM [TestNG-test-Test-2] INFO  [verifyingDisplayTypeFilterFunctionality] [verifyingDisplayTypeFilterFunctionality]==========================================================================================================
2025-12-12 12:24:47.123 PM [TestNG-test-Test-2] INFO  [verifyingDisplayTypeFilterFunctionality] [verifyingDisplayTypeFilterFunctionality]==========================================================================================================
2025-12-12 12:24:47.123 PM [TestNG-test-Test-2] INFO  [verifyingDisplayTypeFilterFunctionality] [verifyingDisplayTypeFilterFunctionality] Within filterOptions loop in applyFilterAndValidateProductsWithResult
2025-12-12 12:24:47.123 PM [TestNG-test-Test-2] INFO  [verifyingDisplayTypeFilterFunctionality] [verifyingDisplayTypeFilterFunctionality] Within safeFindElements 
2025-12-12 12:24:48.164 PM [TestNG-test-Test-2] INFO  [verifyingDisplayTypeFilterFunctionality] [verifyingDisplayTypeFilterFunctionality] Returning the  [[[ChromeDriver: chrome on windows (808525edf8deefc975f7d4aff24ffa52)] -> xpath: //span[@class='a-size-base a-color-base puis-bold-weight-text' and text()='Display Type']/parent::div/following-sibling::ul//span[@class='a-size-base a-color-base']], [[ChromeDriver: chrome on windows (808525edf8deefc975f7d4aff24ffa52)] -> xpath: //span[@class='a-size-base a-color-base puis-bold-weight-text' and text()='Display Type']/parent::div/following-sibling::ul//span[@class='a-size-base a-color-base']], [[ChromeDriver: chrome on windows (808525edf8deefc975f7d4aff24ffa52)] -> xpath: //span[@class='a-size-base a-color-base puis-bold-weight-text' and text()='Display Type']/parent::div/following-sibling::ul//span[@class='a-size-base a-color-base']]] from the safeFindElements method
2025-12-12 12:24:48.164 PM [TestNG-test-Test-2] INFO  [verifyingDisplayTypeFilterFunctionality] [verifyingDisplayTypeFilterFunctionality] Trying to read filter option 1 (attempt 1/3)
2025-12-12 12:24:48.185 PM [TestNG-test-Test-2] INFO  [verifyingDisplayTypeFilterFunctionality] [verifyingDisplayTypeFilterFunctionality] Successfully read filter option 1 = 'LCD'
2025-12-12 12:24:48.185 PM [TestNG-test-Test-2] INFO  [verifyingDisplayTypeFilterFunctionality] [verifyingDisplayTypeFilterFunctionality] Within getfilterByTypeAndName method
2025-12-12 12:24:48.185 PM [TestNG-test-Test-2] INFO  [verifyingDisplayTypeFilterFunctionality] [verifyingDisplayTypeFilterFunctionality] Within safeClickBooleanWithScreenShot method
2025-12-12 12:24:48.185 PM [TestNG-test-Test-2] INFO  [verifyingDisplayTypeFilterFunctionality] [verifyingDisplayTypeFilterFunctionality] Within getAppliedfilterByTypeAndName method
2025-12-12 12:24:48.185 PM [TestNG-test-Test-2] INFO  [verifyingDisplayTypeFilterFunctionality] [verifyingDisplayTypeFilterFunctionality] Within smoothScrollToElement method
2025-12-12 12:24:48.185 PM [TestNG-test-Test-2] INFO  [verifyingDisplayTypeFilterFunctionality] [verifyingDisplayTypeFilterFunctionality] Within safeFindElement method
2025-12-12 12:24:48.196 PM [TestNG-test-Test-2] INFO  [verifyingDisplayTypeFilterFunctionality] [verifyingDisplayTypeFilterFunctionality]Found the element returning it ,element ->[[ChromeDriver: chrome on windows (808525edf8deefc975f7d4aff24ffa52)] -> xpath: //ul[@id='filter-p_n_g-101013595158111']]
2025-12-12 12:24:48.229 PM [TestNG-test-Test-2] INFO  [verifyingDisplayTypeFilterFunctionality] [verifyingDisplayTypeFilterFunctionality] Successfully scrolled to element: By.xpath: //ul[@id='filter-p_n_g-101013595158111']
2025-12-12 12:24:48.229 PM [TestNG-test-Test-2] INFO  [verifyingDisplayTypeFilterFunctionality] [verifyingDisplayTypeFilterFunctionality] Within getMoreButtonByFilterTypeAndName method
2025-12-12 12:24:48.229 PM [TestNG-test-Test-2] INFO  [verifyingDisplayTypeFilterFunctionality] [verifyingDisplayTypeFilterFunctionality] could not find more button
2025-12-12 12:24:49.493 PM [TestNG-test-Test-2] INFO  [verifyingDisplayTypeFilterFunctionality] [verifyingDisplayTypeFilterFunctionality] Within getAppliedfilterByTypeAndName method
2025-12-12 12:24:49.493 PM [TestNG-test-Test-2] INFO  [verifyingDisplayTypeFilterFunctionality] [verifyingDisplayTypeFilterFunctionality] Within smoothScrollToElement method
2025-12-12 12:24:49.493 PM [TestNG-test-Test-2] INFO  [verifyingDisplayTypeFilterFunctionality] [verifyingDisplayTypeFilterFunctionality] Within safeFindElement method
2025-12-12 12:24:49.547 PM [TestNG-test-Test-2] INFO  [verifyingDisplayTypeFilterFunctionality] [verifyingDisplayTypeFilterFunctionality]Found the element returning it ,element ->[[ChromeDriver: chrome on windows (808525edf8deefc975f7d4aff24ffa52)] -> xpath: //ul[@id='filter-p_n_g-101013595158111']]
2025-12-12 12:24:49.578 PM [TestNG-test-Test-2] INFO  [verifyingDisplayTypeFilterFunctionality] [verifyingDisplayTypeFilterFunctionality] Successfully scrolled to element: By.xpath: //ul[@id='filter-p_n_g-101013595158111']
2025-12-12 12:24:50.578 PM [TestNG-test-Test-2] INFO  [verifyingDisplayTypeFilterFunctionality] [verifyingDisplayTypeFilterFunctionality] Within getMoreButtonByFilterTypeAndName method
2025-12-12 12:24:50.578 PM [TestNG-test-Test-2] INFO  [verifyingDisplayTypeFilterFunctionality] [verifyingDisplayTypeFilterFunctionality] could not find more button
2025-12-12 12:24:51.579 PM [TestNG-test-Test-2] INFO  [verifyingDisplayTypeFilterFunctionality] [verifyingDisplayTypeFilterFunctionality] Within getAppliedfilterByTypeAndName method
2025-12-12 12:24:51.579 PM [TestNG-test-Test-2] INFO  [verifyingDisplayTypeFilterFunctionality] [verifyingDisplayTypeFilterFunctionality] Within smoothScrollToElement method
2025-12-12 12:24:51.579 PM [TestNG-test-Test-2] INFO  [verifyingDisplayTypeFilterFunctionality] [verifyingDisplayTypeFilterFunctionality] Within safeFindElement method
2025-12-12 12:24:51.590 PM [TestNG-test-Test-2] INFO  [verifyingDisplayTypeFilterFunctionality] [verifyingDisplayTypeFilterFunctionality]Found the element returning it ,element ->[[ChromeDriver: chrome on windows (808525edf8deefc975f7d4aff24ffa52)] -> xpath: //ul[@id='filter-p_n_g-101013595158111']//span[@class='a-size-base a-color-base a-text-bold' and text()='LCD']]
2025-12-12 12:24:51.594 PM [TestNG-test-Test-2] INFO  [verifyingDisplayTypeFilterFunctionality] [verifyingDisplayTypeFilterFunctionality] Successfully scrolled to element: By.xpath: //ul[@id='filter-p_n_g-101013595158111']//span[@class='a-size-base a-color-base a-text-bold' and text()='LCD']
2025-12-12 12:24:52.606 PM [TestNG-test-Test-2] INFO  [verifyingDisplayTypeFilterFunctionality] [verifyingDisplayTypeFilterFunctionality] Clicked the element using safe click ,element is [[ChromeDriver: chrome on windows (808525edf8deefc975f7d4aff24ffa52)] -> xpath: //ul[@id='filter-p_n_g-101013595158111']//span[@class='a-size-base a-color-base' and text()='LCD']]
2025-12-12 12:24:52.606 PM [TestNG-test-Test-2] INFO  [verifyingDisplayTypeFilterFunctionality] [verifyingDisplayTypeFilterFunctionality] Capturing screenshot: Filter Applied is LCD__2025-12-12_122452.png
2025-12-12 12:24:52.694 PM [TestNG-test-Test-2] INFO  [verifyingDisplayTypeFilterFunctionality] [verifyingDisplayTypeFilterFunctionality] Screenshot saved at: test-output/screenshots/Run_2025-12-12_12-21-35/verifyingDisplayTypeFilterFunctionality/Filter Applied is LCD__2025-12-12_122452.png
2025-12-12 12:24:53.701 PM [TestNG-test-Test-2] INFO  [verifyingDisplayTypeFilterFunctionality] [verifyingDisplayTypeFilterFunctionality] Within safeFindElements 
2025-12-12 12:24:53.712 PM [TestNG-test-Test-2] INFO  [verifyingDisplayTypeFilterFunctionality] [verifyingDisplayTypeFilterFunctionality] Returning the  [[[ChromeDriver: chrome on windows (808525edf8deefc975f7d4aff24ffa52)] -> xpath: //div[@data-cy='title-recipe']], [[ChromeDriver: chrome on windows (808525edf8deefc975f7d4aff24ffa52)] -> xpath: //div[@data-cy='title-recipe']], [[ChromeDriver: chrome on windows (808525edf8deefc975f7d4aff24ffa52)] -> xpath: //div[@data-cy='title-recipe']], [[ChromeDriver: chrome on windows (808525edf8deefc975f7d4aff24ffa52)] -> xpath: //div[@data-cy='title-recipe']], [[ChromeDriver: chrome on windows (808525edf8deefc975f7d4aff24ffa52)] -> xpath: //div[@data-cy='title-recipe']], [[ChromeDriver: chrome on windows (808525edf8deefc975f7d4aff24ffa52)] -> xpath: //div[@data-cy='title-recipe']], [[ChromeDriver: chrome on windows (808525edf8deefc975f7d4aff24ffa52)] -> xpath: //div[@data-cy='title-recipe']], [[ChromeDriver: chrome on windows (808525edf8deefc975f7d4aff24ffa52)] -> xpath: //div[@data-cy='title-recipe']], [[ChromeDriver: chrome on windows (808525edf8deefc975f7d4aff24ffa52)] -> xpath: //div[@data-cy='title-recipe']], [[ChromeDriver: chrome on windows (808525edf8deefc975f7d4aff24ffa52)] -> xpath: //div[@data-cy='title-recipe']], [[ChromeDriver: chrome on windows (808525edf8deefc975f7d4aff24ffa52)] -> xpath: //div[@data-cy='title-recipe']], [[ChromeDriver: chrome on windows (808525edf8deefc975f7d4aff24ffa52)] -> xpath: //div[@data-cy='title-recipe']], [[ChromeDriver: chrome on windows (808525edf8deefc975f7d4aff24ffa52)] -> xpath: //div[@data-cy='title-recipe']], [[ChromeDriver: chrome on windows (808525edf8deefc975f7d4aff24ffa52)] -> xpath: //div[@data-cy='title-recipe']], [[ChromeDriver: chrome on windows (808525edf8deefc975f7d4aff24ffa52)] -> xpath: //div[@data-cy='title-recipe']], [[ChromeDriver: chrome on windows (808525edf8deefc975f7d4aff24ffa52)] -> xpath: //div[@data-cy='title-recipe']]] from the safeFindElements method
2025-12-12 12:24:53.712 PM [TestNG-test-Test-2] INFO  [verifyingDisplayTypeFilterFunctionality] [verifyingDisplayTypeFilterFunctionality] Execution is Not CRON Job Hence refering to normal keys from UtilData
2025-12-12 12:24:53.712 PM [TestNG-test-Test-2] INFO  [verifyingDisplayTypeFilterFunctionality] [verifyingDisplayTypeFilterFunctionality] Within safeClick method
2025-12-12 12:24:53.830 PM [TestNG-test-Test-2] INFO  [verifyingDisplayTypeFilterFunctionality] [verifyingDisplayTypeFilterFunctionality] Clicked the  [[ChromeDriver: chrome on windows (808525edf8deefc975f7d4aff24ffa52)] -> xpath: //span[@class='a-size-base a-color-base' and text()='Clear']]   using safeClick
2025-12-12 12:24:53.830 PM [TestNG-test-Test-2] INFO  [verifyingDisplayTypeFilterFunctionality] [verifyingDisplayTypeFilterFunctionality] Clearing the filter value ->LCDwithin productNameListingPage loop
2025-12-12 12:24:53.830 PM [TestNG-test-Test-2] INFO  [verifyingDisplayTypeFilterFunctionality] [verifyingDisplayTypeFilterFunctionality]==========================================================================================================
2025-12-12 12:24:53.830 PM [TestNG-test-Test-2] INFO  [verifyingDisplayTypeFilterFunctionality] [verifyingDisplayTypeFilterFunctionality]==========================================================================================================
2025-12-12 12:24:53.830 PM [TestNG-test-Test-2] INFO  [verifyingDisplayTypeFilterFunctionality] [verifyingDisplayTypeFilterFunctionality] Within filterOptions loop in applyFilterAndValidateProductsWithResult
2025-12-12 12:24:53.830 PM [TestNG-test-Test-2] INFO  [verifyingDisplayTypeFilterFunctionality] [verifyingDisplayTypeFilterFunctionality] Within safeFindElements 
2025-12-12 12:24:54.895 PM [TestNG-test-Test-2] INFO  [verifyingDisplayTypeFilterFunctionality] [verifyingDisplayTypeFilterFunctionality] Returning the  [[[ChromeDriver: chrome on windows (808525edf8deefc975f7d4aff24ffa52)] -> xpath: //span[@class='a-size-base a-color-base puis-bold-weight-text' and text()='Display Type']/parent::div/following-sibling::ul//span[@class='a-size-base a-color-base']], [[ChromeDriver: chrome on windows (808525edf8deefc975f7d4aff24ffa52)] -> xpath: //span[@class='a-size-base a-color-base puis-bold-weight-text' and text()='Display Type']/parent::div/following-sibling::ul//span[@class='a-size-base a-color-base']], [[ChromeDriver: chrome on windows (808525edf8deefc975f7d4aff24ffa52)] -> xpath: //span[@class='a-size-base a-color-base puis-bold-weight-text' and text()='Display Type']/parent::div/following-sibling::ul//span[@class='a-size-base a-color-base']]] from the safeFindElements method
2025-12-12 12:24:54.895 PM [TestNG-test-Test-2] INFO  [verifyingDisplayTypeFilterFunctionality] [verifyingDisplayTypeFilterFunctionality] Trying to read filter option 2 (attempt 1/3)
2025-12-12 12:24:54.911 PM [TestNG-test-Test-2] INFO  [verifyingDisplayTypeFilterFunctionality] [verifyingDisplayTypeFilterFunctionality] Successfully read filter option 2 = 'OLED'
2025-12-12 12:24:54.911 PM [TestNG-test-Test-2] INFO  [verifyingDisplayTypeFilterFunctionality] [verifyingDisplayTypeFilterFunctionality] Within getfilterByTypeAndName method
2025-12-12 12:24:54.911 PM [TestNG-test-Test-2] INFO  [verifyingDisplayTypeFilterFunctionality] [verifyingDisplayTypeFilterFunctionality] Within safeClickBooleanWithScreenShot method
2025-12-12 12:24:54.911 PM [TestNG-test-Test-2] INFO  [verifyingDisplayTypeFilterFunctionality] [verifyingDisplayTypeFilterFunctionality] Within getAppliedfilterByTypeAndName method
2025-12-12 12:24:54.911 PM [TestNG-test-Test-2] INFO  [verifyingDisplayTypeFilterFunctionality] [verifyingDisplayTypeFilterFunctionality] Within smoothScrollToElement method
2025-12-12 12:24:54.911 PM [TestNG-test-Test-2] INFO  [verifyingDisplayTypeFilterFunctionality] [verifyingDisplayTypeFilterFunctionality] Within safeFindElement method
2025-12-12 12:24:54.919 PM [TestNG-test-Test-2] INFO  [verifyingDisplayTypeFilterFunctionality] [verifyingDisplayTypeFilterFunctionality]Found the element returning it ,element ->[[ChromeDriver: chrome on windows (808525edf8deefc975f7d4aff24ffa52)] -> xpath: //ul[@id='filter-p_n_g-101013595158111']]
2025-12-12 12:24:54.937 PM [TestNG-test-Test-2] INFO  [verifyingDisplayTypeFilterFunctionality] [verifyingDisplayTypeFilterFunctionality] Successfully scrolled to element: By.xpath: //ul[@id='filter-p_n_g-101013595158111']
2025-12-12 12:24:54.937 PM [TestNG-test-Test-2] INFO  [verifyingDisplayTypeFilterFunctionality] [verifyingDisplayTypeFilterFunctionality] Within getMoreButtonByFilterTypeAndName method
2025-12-12 12:24:54.937 PM [TestNG-test-Test-2] INFO  [verifyingDisplayTypeFilterFunctionality] [verifyingDisplayTypeFilterFunctionality] could not find more button
2025-12-12 12:24:56.143 PM [TestNG-test-Test-2] INFO  [verifyingDisplayTypeFilterFunctionality] [verifyingDisplayTypeFilterFunctionality] Within getAppliedfilterByTypeAndName method
2025-12-12 12:24:56.143 PM [TestNG-test-Test-2] INFO  [verifyingDisplayTypeFilterFunctionality] [verifyingDisplayTypeFilterFunctionality] Within smoothScrollToElement method
2025-12-12 12:24:56.143 PM [TestNG-test-Test-2] INFO  [verifyingDisplayTypeFilterFunctionality] [verifyingDisplayTypeFilterFunctionality] Within safeFindElement method
2025-12-12 12:24:56.661 PM [TestNG-test-Test-2] INFO  [verifyingDisplayTypeFilterFunctionality] [verifyingDisplayTypeFilterFunctionality]Found the element returning it ,element ->[[ChromeDriver: chrome on windows (808525edf8deefc975f7d4aff24ffa52)] -> xpath: //ul[@id='filter-p_n_g-101013595158111']]
2025-12-12 12:24:56.676 PM [TestNG-test-Test-2] INFO  [verifyingDisplayTypeFilterFunctionality] [verifyingDisplayTypeFilterFunctionality] Successfully scrolled to element: By.xpath: //ul[@id='filter-p_n_g-101013595158111']
2025-12-12 12:24:57.677 PM [TestNG-test-Test-2] INFO  [verifyingDisplayTypeFilterFunctionality] [verifyingDisplayTypeFilterFunctionality] Within getMoreButtonByFilterTypeAndName method
2025-12-12 12:24:57.677 PM [TestNG-test-Test-2] INFO  [verifyingDisplayTypeFilterFunctionality] [verifyingDisplayTypeFilterFunctionality] could not find more button
2025-12-12 12:24:58.678 PM [TestNG-test-Test-2] INFO  [verifyingDisplayTypeFilterFunctionality] [verifyingDisplayTypeFilterFunctionality] Within getAppliedfilterByTypeAndName method
2025-12-12 12:24:58.678 PM [TestNG-test-Test-2] INFO  [verifyingDisplayTypeFilterFunctionality] [verifyingDisplayTypeFilterFunctionality] Within smoothScrollToElement method
2025-12-12 12:24:58.678 PM [TestNG-test-Test-2] INFO  [verifyingDisplayTypeFilterFunctionality] [verifyingDisplayTypeFilterFunctionality] Within safeFindElement method
2025-12-12 12:24:58.689 PM [TestNG-test-Test-2] INFO  [verifyingDisplayTypeFilterFunctionality] [verifyingDisplayTypeFilterFunctionality]Found the element returning it ,element ->[[ChromeDriver: chrome on windows (808525edf8deefc975f7d4aff24ffa52)] -> xpath: //ul[@id='filter-p_n_g-101013595158111']//span[@class='a-size-base a-color-base a-text-bold' and text()='OLED']]
2025-12-12 12:24:58.702 PM [TestNG-test-Test-2] INFO  [verifyingDisplayTypeFilterFunctionality] [verifyingDisplayTypeFilterFunctionality] Successfully scrolled to element: By.xpath: //ul[@id='filter-p_n_g-101013595158111']//span[@class='a-size-base a-color-base a-text-bold' and text()='OLED']
2025-12-12 12:24:59.703 PM [TestNG-test-Test-2] INFO  [verifyingDisplayTypeFilterFunctionality] [verifyingDisplayTypeFilterFunctionality] Clicked the element using safe click ,element is [[ChromeDriver: chrome on windows (808525edf8deefc975f7d4aff24ffa52)] -> xpath: //ul[@id='filter-p_n_g-101013595158111']//span[@class='a-size-base a-color-base' and text()='OLED']]
2025-12-12 12:24:59.703 PM [TestNG-test-Test-2] INFO  [verifyingDisplayTypeFilterFunctionality] [verifyingDisplayTypeFilterFunctionality] Capturing screenshot: Filter Applied is OLED__2025-12-12_122459.png
2025-12-12 12:24:59.775 PM [TestNG-test-Test-2] INFO  [verifyingDisplayTypeFilterFunctionality] [verifyingDisplayTypeFilterFunctionality] Screenshot saved at: test-output/screenshots/Run_2025-12-12_12-21-35/verifyingDisplayTypeFilterFunctionality/Filter Applied is OLED__2025-12-12_122459.png
2025-12-12 12:25:00.777 PM [TestNG-test-Test-2] INFO  [verifyingDisplayTypeFilterFunctionality] [verifyingDisplayTypeFilterFunctionality] Within safeFindElements 
2025-12-12 12:25:00.786 PM [TestNG-test-Test-2] INFO  [verifyingDisplayTypeFilterFunctionality] [verifyingDisplayTypeFilterFunctionality] Returning the  [[[ChromeDriver: chrome on windows (808525edf8deefc975f7d4aff24ffa52)] -> xpath: //div[@data-cy='title-recipe']], [[ChromeDriver: chrome on windows (808525edf8deefc975f7d4aff24ffa52)] -> xpath: //div[@data-cy='title-recipe']], [[ChromeDriver: chrome on windows (808525edf8deefc975f7d4aff24ffa52)] -> xpath: //div[@data-cy='title-recipe']], [[ChromeDriver: chrome on windows (808525edf8deefc975f7d4aff24ffa52)] -> xpath: //div[@data-cy='title-recipe']], [[ChromeDriver: chrome on windows (808525edf8deefc975f7d4aff24ffa52)] -> xpath: //div[@data-cy='title-recipe']], [[ChromeDriver: chrome on windows (808525edf8deefc975f7d4aff24ffa52)] -> xpath: //div[@data-cy='title-recipe']], [[ChromeDriver: chrome on windows (808525edf8deefc975f7d4aff24ffa52)] -> xpath: //div[@data-cy='title-recipe']], [[ChromeDriver: chrome on windows (808525edf8deefc975f7d4aff24ffa52)] -> xpath: //div[@data-cy='title-recipe']], [[ChromeDriver: chrome on windows (808525edf8deefc975f7d4aff24ffa52)] -> xpath: //div[@data-cy='title-recipe']], [[ChromeDriver: chrome on windows (808525edf8deefc975f7d4aff24ffa52)] -> xpath: //div[@data-cy='title-recipe']], [[ChromeDriver: chrome on windows (808525edf8deefc975f7d4aff24ffa52)] -> xpath: //div[@data-cy='title-recipe']], [[ChromeDriver: chrome on windows (808525edf8deefc975f7d4aff24ffa52)] -> xpath: //div[@data-cy='title-recipe']], [[ChromeDriver: chrome on windows (808525edf8deefc975f7d4aff24ffa52)] -> xpath: //div[@data-cy='title-recipe']], [[ChromeDriver: chrome on windows (808525edf8deefc975f7d4aff24ffa52)] -> xpath: //div[@data-cy='title-recipe']], [[ChromeDriver: chrome on windows (808525edf8deefc975f7d4aff24ffa52)] -> xpath: //div[@data-cy='title-recipe']], [[ChromeDriver: chrome on windows (808525edf8deefc975f7d4aff24ffa52)] -> xpath: //div[@data-cy='title-recipe']]] from the safeFindElements method
2025-12-12 12:25:00.786 PM [TestNG-test-Test-2] INFO  [verifyingDisplayTypeFilterFunctionality] [verifyingDisplayTypeFilterFunctionality] Execution is Not CRON Job Hence refering to normal keys from UtilData
2025-12-12 12:25:00.786 PM [TestNG-test-Test-2] INFO  [verifyingDisplayTypeFilterFunctionality] [verifyingDisplayTypeFilterFunctionality] Within safeClick method
2025-12-12 12:25:00.899 PM [TestNG-test-Test-2] INFO  [verifyingDisplayTypeFilterFunctionality] [verifyingDisplayTypeFilterFunctionality] Clicked the  [[ChromeDriver: chrome on windows (808525edf8deefc975f7d4aff24ffa52)] -> xpath: //span[@class='a-size-base a-color-base' and text()='Clear']]   using safeClick
2025-12-12 12:25:00.900 PM [TestNG-test-Test-2] INFO  [verifyingDisplayTypeFilterFunctionality] [verifyingDisplayTypeFilterFunctionality] Clearing the filter value ->OLEDwithin productNameListingPage loop
2025-12-12 12:25:00.900 PM [TestNG-test-Test-2] INFO  [verifyingDisplayTypeFilterFunctionality] [verifyingDisplayTypeFilterFunctionality]==========================================================================================================
2025-12-12 12:25:00.900 PM [TestNG-test-Test-2] INFO  [verifyingDisplayTypeFilterFunctionality] [verifyingDisplayTypeFilterFunctionality]==========================================================================================================
2025-12-12 12:25:00.900 PM [TestNG-test-Test-2] INFO  [verifyingDisplayTypeFilterFunctionality] [verifyingDisplayTypeFilterFunctionality] returning the 'results' i.e list of Maps
2025-12-12 12:25:00.900 PM [TestNG-test-Test-2] INFO  [verifyingDisplayTypeFilterFunctionality] [verifyingDisplayTypeFilterFunctionality]  Final assertion for display type filter validation...
2025-12-12 12:25:00.906 PM [TestNG-test-Test-2] INFO  [verifyingDisplayTypeFilterFunctionality] ✅ Finished test method: verifyingDisplayTypeFilterFunctionality
2025-12-12 12:25:01.139 PM [TestNG-test-Test-2] INFO  [verifyingDisplayTypeFilterFunctionality] 🔹 Starting test method: verifyingDisplayTypeFilterFunctionality
2025-12-12 12:25:01.139 PM [TestNG-test-Test-2] INFO  [verifyingDisplayTypeFilterFunctionality] No existing WebDriver found for current thread. Initializing a new ChromeDriver...
2025-12-12 12:25:01.148 PM [TestNG-test-Test-2] INFO  [verifyingDisplayTypeFilterFunctionality] WebDriverManager: chromedriver setup OK
2025-12-12 12:25:02.576 PM [TestNG-test-Test-2] INFO  [verifyingDisplayTypeFilterFunctionality] ChromeDriver initialized successfully for thread: 35
2025-12-12 12:25:03.347 PM [TestNG-test-Test-2] INFO  [verifyingDisplayTypeFilterFunctionality] [verifyingDisplayTypeFilterFunctionality] Opening amazon Landing page
2025-12-12 12:25:08.057 PM [TestNG-test-Test-2] INFO  [verifyingDisplayTypeFilterFunctionality] [verifyingDisplayTypeFilterFunctionality] Giving input within the search bar
2025-12-12 12:25:08.059 PM [TestNG-test-Test-2] INFO  [verifyingDisplayTypeFilterFunctionality] [verifyingDisplayTypeFilterFunctionality] Within safeClick method
2025-12-12 12:25:09.900 PM [TestNG-test-Test-2] INFO  [verifyingDisplayTypeFilterFunctionality] [verifyingDisplayTypeFilterFunctionality] Clicked the  [[ChromeDriver: chrome on windows (14da5961e8170b35f6b0cd9ff4f78c23)] -> xpath: //input[@id='nav-search-submit-button']]   using safeClick
2025-12-12 12:25:09.901 PM [TestNG-test-Test-2] INFO  [verifyingDisplayTypeFilterFunctionality] [verifyingDisplayTypeFilterFunctionality] Clicking on the submit in the search bar
2025-12-12 12:25:10.034 PM [TestNG-test-Test-2] INFO  [verifyingDisplayTypeFilterFunctionality] [verifyingDisplayTypeFilterFunctionality] Within filterCheckUnderList method
2025-12-12 12:25:10.243 PM [TestNG-test-Test-2] INFO  [verifyingDisplayTypeFilterFunctionality] [verifyingDisplayTypeFilterFunctionality] Found the Filter within the filter check List
2025-12-12 12:25:10.243 PM [TestNG-test-Test-2] INFO  [verifyingDisplayTypeFilterFunctionality] [verifyingDisplayTypeFilterFunctionality] Within applyFilterAndValidateProductsWithResult method
2025-12-12 12:25:10.243 PM [TestNG-test-Test-2] INFO  [verifyingDisplayTypeFilterFunctionality] [verifyingDisplayTypeFilterFunctionality] Within safeFindElements 
2025-12-12 12:25:10.255 PM [TestNG-test-Test-2] INFO  [verifyingDisplayTypeFilterFunctionality] [verifyingDisplayTypeFilterFunctionality] Returning the  [[[ChromeDriver: chrome on windows (14da5961e8170b35f6b0cd9ff4f78c23)] -> xpath: //span[@class='a-size-base a-color-base puis-bold-weight-text' and text()='Display Type']/parent::div/following-sibling::ul//span[@class='a-size-base a-color-base']], [[ChromeDriver: chrome on windows (14da5961e8170b35f6b0cd9ff4f78c23)] -> xpath: //span[@class='a-size-base a-color-base puis-bold-weight-text' and text()='Display Type']/parent::div/following-sibling::ul//span[@class='a-size-base a-color-base']], [[ChromeDriver: chrome on windows (14da5961e8170b35f6b0cd9ff4f78c23)] -> xpath: //span[@class='a-size-base a-color-base puis-bold-weight-text' and text()='Display Type']/parent::div/following-sibling::ul//span[@class='a-size-base a-color-base']]] from the safeFindElements method
2025-12-12 12:25:10.255 PM [TestNG-test-Test-2] INFO  [verifyingDisplayTypeFilterFunctionality] [verifyingDisplayTypeFilterFunctionality] Within applyFilterAndValidateProductsWithResult filterOptions size is -> 3
2025-12-12 12:25:10.255 PM [TestNG-test-Test-2] INFO  [verifyingDisplayTypeFilterFunctionality] [verifyingDisplayTypeFilterFunctionality] Execution is Not CRON Job Hence refering to normal keys from UtilData
2025-12-12 12:25:10.255 PM [TestNG-test-Test-2] INFO  [verifyingDisplayTypeFilterFunctionality] [verifyingDisplayTypeFilterFunctionality] Within filterOptions loop in applyFilterAndValidateProductsWithResult
2025-12-12 12:25:10.255 PM [TestNG-test-Test-2] INFO  [verifyingDisplayTypeFilterFunctionality] [verifyingDisplayTypeFilterFunctionality] Within safeFindElements 
2025-12-12 12:25:10.264 PM [TestNG-test-Test-2] INFO  [verifyingDisplayTypeFilterFunctionality] [verifyingDisplayTypeFilterFunctionality] Returning the  [[[ChromeDriver: chrome on windows (14da5961e8170b35f6b0cd9ff4f78c23)] -> xpath: //span[@class='a-size-base a-color-base puis-bold-weight-text' and text()='Display Type']/parent::div/following-sibling::ul//span[@class='a-size-base a-color-base']], [[ChromeDriver: chrome on windows (14da5961e8170b35f6b0cd9ff4f78c23)] -> xpath: //span[@class='a-size-base a-color-base puis-bold-weight-text' and text()='Display Type']/parent::div/following-sibling::ul//span[@class='a-size-base a-color-base']], [[ChromeDriver: chrome on windows (14da5961e8170b35f6b0cd9ff4f78c23)] -> xpath: //span[@class='a-size-base a-color-base puis-bold-weight-text' and text()='Display Type']/parent::div/following-sibling::ul//span[@class='a-size-base a-color-base']]] from the safeFindElements method
2025-12-12 12:25:10.264 PM [TestNG-test-Test-2] INFO  [verifyingDisplayTypeFilterFunctionality] [verifyingDisplayTypeFilterFunctionality] Trying to read filter option 0 (attempt 1/3)
2025-12-12 12:25:10.279 PM [TestNG-test-Test-2] INFO  [verifyingDisplayTypeFilterFunctionality] [verifyingDisplayTypeFilterFunctionality] Successfully read filter option 0 = 'LCD'
2025-12-12 12:25:10.279 PM [TestNG-test-Test-2] INFO  [verifyingDisplayTypeFilterFunctionality] [verifyingDisplayTypeFilterFunctionality] Within getfilterByTypeAndName method
2025-12-12 12:25:10.279 PM [TestNG-test-Test-2] INFO  [verifyingDisplayTypeFilterFunctionality] [verifyingDisplayTypeFilterFunctionality] Within safeClickBooleanWithScreenShot method
2025-12-12 12:25:10.280 PM [TestNG-test-Test-2] INFO  [verifyingDisplayTypeFilterFunctionality] [verifyingDisplayTypeFilterFunctionality] Within getAppliedfilterByTypeAndName method
2025-12-12 12:25:10.280 PM [TestNG-test-Test-2] INFO  [verifyingDisplayTypeFilterFunctionality] [verifyingDisplayTypeFilterFunctionality] Within smoothScrollToElement method
2025-12-12 12:25:10.280 PM [TestNG-test-Test-2] INFO  [verifyingDisplayTypeFilterFunctionality] [verifyingDisplayTypeFilterFunctionality] Within safeFindElement method
2025-12-12 12:25:20.569 PM [TestNG-test-Test-2] INFO  [verifyingDisplayTypeFilterFunctionality] [verifyingDisplayTypeFilterFunctionality]Retrying findElement for: ->By.xpath: //ul[@id='filter-p_n_g-101013595158111']
2025-12-12 12:25:21.939 PM [TestNG-test-Test-2] INFO  [verifyingDisplayTypeFilterFunctionality] [verifyingDisplayTypeFilterFunctionality]Refrehsing the page , while trying to safely find : ->By.xpath: //ul[@id='filter-p_n_g-101013595158111']
2025-12-12 12:25:33.217 PM [TestNG-test-Test-2] INFO  [verifyingDisplayTypeFilterFunctionality] [verifyingDisplayTypeFilterFunctionality]Retrying findElement for: ->By.xpath: //ul[@id='filter-p_n_g-101013595158111']
2025-12-12 12:25:34.769 PM [TestNG-test-Test-2] INFO  [verifyingDisplayTypeFilterFunctionality] [verifyingDisplayTypeFilterFunctionality]Refrehsing the page , while trying to safely find : ->By.xpath: //ul[@id='filter-p_n_g-101013595158111']
2025-12-12 12:25:35.770 PM [TestNG-test-Test-2] INFO  [verifyingDisplayTypeFilterFunctionality] [verifyingDisplayTypeFilterFunctionality] Skipping action: Element not found after 2   attemps
2025-12-12 12:25:35.770 PM [TestNG-test-Test-2] WARN  [verifyingDisplayTypeFilterFunctionality] [verifyingDisplayTypeFilterFunctionality] Element not found for locator: By.xpath: //ul[@id='filter-p_n_g-101013595158111']
2025-12-12 12:25:35.770 PM [TestNG-test-Test-2] INFO  [verifyingDisplayTypeFilterFunctionality] [verifyingDisplayTypeFilterFunctionality] Within getMoreButtonByFilterTypeAndName method
2025-12-12 12:25:35.770 PM [TestNG-test-Test-2] INFO  [verifyingDisplayTypeFilterFunctionality] [verifyingDisplayTypeFilterFunctionality] could not find more button
2025-12-12 12:25:46.084 PM [TestNG-test-Test-2] INFO  [verifyingDisplayTypeFilterFunctionality] [verifyingDisplayTypeFilterFunctionality] Cannot click the button, element ->By.xpath: //ul[@id='filter-p_n_g-101013595158111']//span[@class='a-size-base a-color-base' and text()='LCD']
2025-12-12 12:25:48.436 PM [TestNG-test-Test-2] INFO  [verifyingDisplayTypeFilterFunctionality] [verifyingDisplayTypeFilterFunctionality] Cannot apply filter taking failed screenshot for ->LCD
2025-12-12 12:25:48.436 PM [TestNG-test-Test-2] INFO  [verifyingDisplayTypeFilterFunctionality] [verifyingDisplayTypeFilterFunctionality] Within getAppliedfilterByTypeAndName method
2025-12-12 12:25:48.436 PM [TestNG-test-Test-2] INFO  [verifyingDisplayTypeFilterFunctionality] [verifyingDisplayTypeFilterFunctionality] Within smoothScrollToElement method
2025-12-12 12:25:48.436 PM [TestNG-test-Test-2] INFO  [verifyingDisplayTypeFilterFunctionality] [verifyingDisplayTypeFilterFunctionality] Within safeFindElement method
2025-12-12 12:25:58.661 PM [TestNG-test-Test-2] INFO  [verifyingDisplayTypeFilterFunctionality] [verifyingDisplayTypeFilterFunctionality]Retrying findElement for: ->By.xpath: //ul[@id='filter-p_n_g-101013595158111']
2025-12-12 12:25:59.907 PM [TestNG-test-Test-2] INFO  [verifyingDisplayTypeFilterFunctionality] [verifyingDisplayTypeFilterFunctionality]Refrehsing the page , while trying to safely find : ->By.xpath: //ul[@id='filter-p_n_g-101013595158111']
2025-12-12 12:26:11.225 PM [TestNG-test-Test-2] INFO  [verifyingDisplayTypeFilterFunctionality] [verifyingDisplayTypeFilterFunctionality]Retrying findElement for: ->By.xpath: //ul[@id='filter-p_n_g-101013595158111']
2025-12-12 12:26:12.491 PM [TestNG-test-Test-2] INFO  [verifyingDisplayTypeFilterFunctionality] [verifyingDisplayTypeFilterFunctionality]Refrehsing the page , while trying to safely find : ->By.xpath: //ul[@id='filter-p_n_g-101013595158111']
2025-12-12 12:26:13.499 PM [TestNG-test-Test-2] INFO  [verifyingDisplayTypeFilterFunctionality] [verifyingDisplayTypeFilterFunctionality] Skipping action: Element not found after 2   attemps
2025-12-12 12:26:13.499 PM [TestNG-test-Test-2] WARN  [verifyingDisplayTypeFilterFunctionality] [verifyingDisplayTypeFilterFunctionality] Element not found for locator: By.xpath: //ul[@id='filter-p_n_g-101013595158111']
2025-12-12 12:26:15.500 PM [TestNG-test-Test-2] INFO  [verifyingDisplayTypeFilterFunctionality] [verifyingDisplayTypeFilterFunctionality] Within getMoreButtonByFilterTypeAndName method
2025-12-12 12:26:15.500 PM [TestNG-test-Test-2] INFO  [verifyingDisplayTypeFilterFunctionality] [verifyingDisplayTypeFilterFunctionality] could not find more button
2025-12-12 12:26:16.501 PM [TestNG-test-Test-2] INFO  [verifyingDisplayTypeFilterFunctionality] [verifyingDisplayTypeFilterFunctionality] Capturing screenshot: failed filter apply screenshot-  Filter Applied is LCD__2025-12-12_122616.png
2025-12-12 12:26:16.626 PM [TestNG-test-Test-2] INFO  [verifyingDisplayTypeFilterFunctionality] [verifyingDisplayTypeFilterFunctionality] Screenshot saved at: test-output/screenshots/Run_2025-12-12_12-21-35/verifyingDisplayTypeFilterFunctionality/failed filter apply screenshot-  Filter Applied is LCD__2025-12-12_122616.png
2025-12-12 12:26:16.626 PM [TestNG-test-Test-2] INFO  [verifyingDisplayTypeFilterFunctionality] [verifyingDisplayTypeFilterFunctionality] Refrshing the page , while trying to click ->By.xpath: //ul[@id='filter-p_n_g-101013595158111']//span[@class='a-size-base a-color-base' and text()='LCD']
2025-12-12 12:26:17.638 PM [TestNG-test-Test-2] INFO  [verifyingDisplayTypeFilterFunctionality] [verifyingDisplayTypeFilterFunctionality]Skipping click action: Element not clickable after1   attempts
2025-12-12 12:26:17.638 PM [TestNG-test-Test-2] INFO  [verifyingDisplayTypeFilterFunctionality] [verifyingDisplayTypeFilterFunctionality] Within filterOptions loop in applyFilterAndValidateProductsWithResult
2025-12-12 12:26:17.638 PM [TestNG-test-Test-2] INFO  [verifyingDisplayTypeFilterFunctionality] [verifyingDisplayTypeFilterFunctionality] Within safeFindElements 
2025-12-12 12:26:17.649 PM [TestNG-test-Test-2] INFO  [verifyingDisplayTypeFilterFunctionality] [verifyingDisplayTypeFilterFunctionality] Returning the  [[[ChromeDriver: chrome on windows (14da5961e8170b35f6b0cd9ff4f78c23)] -> xpath: //span[@class='a-size-base a-color-base puis-bold-weight-text' and text()='Display Type']/parent::div/following-sibling::ul//span[@class='a-size-base a-color-base']], [[ChromeDriver: chrome on windows (14da5961e8170b35f6b0cd9ff4f78c23)] -> xpath: //span[@class='a-size-base a-color-base puis-bold-weight-text' and text()='Display Type']/parent::div/following-sibling::ul//span[@class='a-size-base a-color-base']], [[ChromeDriver: chrome on windows (14da5961e8170b35f6b0cd9ff4f78c23)] -> xpath: //span[@class='a-size-base a-color-base puis-bold-weight-text' and text()='Display Type']/parent::div/following-sibling::ul//span[@class='a-size-base a-color-base']]] from the safeFindElements method
2025-12-12 12:26:17.649 PM [TestNG-test-Test-2] INFO  [verifyingDisplayTypeFilterFunctionality] [verifyingDisplayTypeFilterFunctionality] Trying to read filter option 1 (attempt 1/3)
2025-12-12 12:26:17.664 PM [TestNG-test-Test-2] INFO  [verifyingDisplayTypeFilterFunctionality] [verifyingDisplayTypeFilterFunctionality] Successfully read filter option 1 = 'LED'
2025-12-12 12:26:17.664 PM [TestNG-test-Test-2] INFO  [verifyingDisplayTypeFilterFunctionality] [verifyingDisplayTypeFilterFunctionality] Within getfilterByTypeAndName method
2025-12-12 12:26:17.664 PM [TestNG-test-Test-2] INFO  [verifyingDisplayTypeFilterFunctionality] [verifyingDisplayTypeFilterFunctionality] Within safeClickBooleanWithScreenShot method
2025-12-12 12:26:17.665 PM [TestNG-test-Test-2] INFO  [verifyingDisplayTypeFilterFunctionality] [verifyingDisplayTypeFilterFunctionality] Within getAppliedfilterByTypeAndName method
2025-12-12 12:26:17.665 PM [TestNG-test-Test-2] INFO  [verifyingDisplayTypeFilterFunctionality] [verifyingDisplayTypeFilterFunctionality] Within smoothScrollToElement method
2025-12-12 12:26:17.665 PM [TestNG-test-Test-2] INFO  [verifyingDisplayTypeFilterFunctionality] [verifyingDisplayTypeFilterFunctionality] Within safeFindElement method
2025-12-12 12:26:27.948 PM [TestNG-test-Test-2] INFO  [verifyingDisplayTypeFilterFunctionality] [verifyingDisplayTypeFilterFunctionality]Retrying findElement for: ->By.xpath: //ul[@id='filter-p_n_g-101013595158111']
2025-12-12 12:26:29.216 PM [TestNG-test-Test-2] INFO  [verifyingDisplayTypeFilterFunctionality] [verifyingDisplayTypeFilterFunctionality]Refrehsing the page , while trying to safely find : ->By.xpath: //ul[@id='filter-p_n_g-101013595158111']
2025-12-12 12:26:40.503 PM [TestNG-test-Test-2] INFO  [verifyingDisplayTypeFilterFunctionality] [verifyingDisplayTypeFilterFunctionality]Retrying findElement for: ->By.xpath: //ul[@id='filter-p_n_g-101013595158111']
2025-12-12 12:26:44.349 PM [TestNG-test-Test-2] INFO  [verifyingDisplayTypeFilterFunctionality] [verifyingDisplayTypeFilterFunctionality]Refrehsing the page , while trying to safely find : ->By.xpath: //ul[@id='filter-p_n_g-101013595158111']
2025-12-12 12:26:45.351 PM [TestNG-test-Test-2] INFO  [verifyingDisplayTypeFilterFunctionality] [verifyingDisplayTypeFilterFunctionality] Skipping action: Element not found after 2   attemps
2025-12-12 12:26:45.351 PM [TestNG-test-Test-2] WARN  [verifyingDisplayTypeFilterFunctionality] [verifyingDisplayTypeFilterFunctionality] Element not found for locator: By.xpath: //ul[@id='filter-p_n_g-101013595158111']
2025-12-12 12:26:45.351 PM [TestNG-test-Test-2] INFO  [verifyingDisplayTypeFilterFunctionality] [verifyingDisplayTypeFilterFunctionality] Within getMoreButtonByFilterTypeAndName method
2025-12-12 12:26:45.351 PM [TestNG-test-Test-2] INFO  [verifyingDisplayTypeFilterFunctionality] [verifyingDisplayTypeFilterFunctionality] could not find more button
2025-12-12 12:26:55.584 PM [TestNG-test-Test-2] INFO  [verifyingDisplayTypeFilterFunctionality] [verifyingDisplayTypeFilterFunctionality] Cannot click the button, element ->By.xpath: //ul[@id='filter-p_n_g-101013595158111']//span[@class='a-size-base a-color-base' and text()='LED']
2025-12-12 12:26:57.995 PM [TestNG-test-Test-2] INFO  [verifyingDisplayTypeFilterFunctionality] [verifyingDisplayTypeFilterFunctionality] Cannot apply filter taking failed screenshot for ->LED
2025-12-12 12:26:57.995 PM [TestNG-test-Test-2] INFO  [verifyingDisplayTypeFilterFunctionality] [verifyingDisplayTypeFilterFunctionality] Within getAppliedfilterByTypeAndName method
2025-12-12 12:26:57.995 PM [TestNG-test-Test-2] INFO  [verifyingDisplayTypeFilterFunctionality] [verifyingDisplayTypeFilterFunctionality] Within smoothScrollToElement method
2025-12-12 12:26:57.995 PM [TestNG-test-Test-2] INFO  [verifyingDisplayTypeFilterFunctionality] [verifyingDisplayTypeFilterFunctionality] Within safeFindElement method
2025-12-12 12:27:08.297 PM [TestNG-test-Test-2] INFO  [verifyingDisplayTypeFilterFunctionality] [verifyingDisplayTypeFilterFunctionality]Retrying findElement for: ->By.xpath: //ul[@id='filter-p_n_g-101013595158111']
2025-12-12 12:27:09.584 PM [TestNG-test-Test-2] INFO  [verifyingDisplayTypeFilterFunctionality] [verifyingDisplayTypeFilterFunctionality]Refrehsing the page , while trying to safely find : ->By.xpath: //ul[@id='filter-p_n_g-101013595158111']
2025-12-12 12:27:20.945 PM [TestNG-test-Test-2] INFO  [verifyingDisplayTypeFilterFunctionality] [verifyingDisplayTypeFilterFunctionality]Retrying findElement for: ->By.xpath: //ul[@id='filter-p_n_g-101013595158111']
2025-12-12 12:27:22.485 PM [TestNG-test-Test-2] INFO  [verifyingDisplayTypeFilterFunctionality] [verifyingDisplayTypeFilterFunctionality]Refrehsing the page , while trying to safely find : ->By.xpath: //ul[@id='filter-p_n_g-101013595158111']
2025-12-12 12:27:23.497 PM [TestNG-test-Test-2] INFO  [verifyingDisplayTypeFilterFunctionality] [verifyingDisplayTypeFilterFunctionality] Skipping action: Element not found after 2   attemps
2025-12-12 12:27:23.497 PM [TestNG-test-Test-2] WARN  [verifyingDisplayTypeFilterFunctionality] [verifyingDisplayTypeFilterFunctionality] Element not found for locator: By.xpath: //ul[@id='filter-p_n_g-101013595158111']
2025-12-12 12:27:25.513 PM [TestNG-test-Test-2] INFO  [verifyingDisplayTypeFilterFunctionality] [verifyingDisplayTypeFilterFunctionality] Within getMoreButtonByFilterTypeAndName method
2025-12-12 12:27:25.514 PM [TestNG-test-Test-2] INFO  [verifyingDisplayTypeFilterFunctionality] [verifyingDisplayTypeFilterFunctionality] could not find more button
2025-12-12 12:27:26.514 PM [TestNG-test-Test-2] INFO  [verifyingDisplayTypeFilterFunctionality] [verifyingDisplayTypeFilterFunctionality] Capturing screenshot: failed filter apply screenshot-  Filter Applied is LED__2025-12-12_122726.png
2025-12-12 12:27:26.665 PM [TestNG-test-Test-2] INFO  [verifyingDisplayTypeFilterFunctionality] [verifyingDisplayTypeFilterFunctionality] Screenshot saved at: test-output/screenshots/Run_2025-12-12_12-21-35/verifyingDisplayTypeFilterFunctionality/failed filter apply screenshot-  Filter Applied is LED__2025-12-12_122726.png
2025-12-12 12:27:26.665 PM [TestNG-test-Test-2] INFO  [verifyingDisplayTypeFilterFunctionality] [verifyingDisplayTypeFilterFunctionality] Refrshing the page , while trying to click ->By.xpath: //ul[@id='filter-p_n_g-101013595158111']//span[@class='a-size-base a-color-base' and text()='LED']
2025-12-12 12:27:27.669 PM [TestNG-test-Test-2] INFO  [verifyingDisplayTypeFilterFunctionality] [verifyingDisplayTypeFilterFunctionality]Skipping click action: Element not clickable after1   attempts
2025-12-12 12:27:27.669 PM [TestNG-test-Test-2] INFO  [verifyingDisplayTypeFilterFunctionality] [verifyingDisplayTypeFilterFunctionality] Within filterOptions loop in applyFilterAndValidateProductsWithResult
2025-12-12 12:27:27.669 PM [TestNG-test-Test-2] INFO  [verifyingDisplayTypeFilterFunctionality] [verifyingDisplayTypeFilterFunctionality] Within safeFindElements 
2025-12-12 12:27:27.683 PM [TestNG-test-Test-2] INFO  [verifyingDisplayTypeFilterFunctionality] [verifyingDisplayTypeFilterFunctionality] Returning the  [[[ChromeDriver: chrome on windows (14da5961e8170b35f6b0cd9ff4f78c23)] -> xpath: //span[@class='a-size-base a-color-base puis-bold-weight-text' and text()='Display Type']/parent::div/following-sibling::ul//span[@class='a-size-base a-color-base']], [[ChromeDriver: chrome on windows (14da5961e8170b35f6b0cd9ff4f78c23)] -> xpath: //span[@class='a-size-base a-color-base puis-bold-weight-text' and text()='Display Type']/parent::div/following-sibling::ul//span[@class='a-size-base a-color-base']], [[ChromeDriver: chrome on windows (14da5961e8170b35f6b0cd9ff4f78c23)] -> xpath: //span[@class='a-size-base a-color-base puis-bold-weight-text' and text()='Display Type']/parent::div/following-sibling::ul//span[@class='a-size-base a-color-base']]] from the safeFindElements method
2025-12-12 12:27:27.683 PM [TestNG-test-Test-2] INFO  [verifyingDisplayTypeFilterFunctionality] [verifyingDisplayTypeFilterFunctionality] Trying to read filter option 2 (attempt 1/3)
2025-12-12 12:27:27.710 PM [TestNG-test-Test-2] INFO  [verifyingDisplayTypeFilterFunctionality] [verifyingDisplayTypeFilterFunctionality] Successfully read filter option 2 = 'OLED'
2025-12-12 12:27:27.711 PM [TestNG-test-Test-2] INFO  [verifyingDisplayTypeFilterFunctionality] [verifyingDisplayTypeFilterFunctionality] Within getfilterByTypeAndName method
2025-12-12 12:27:27.711 PM [TestNG-test-Test-2] INFO  [verifyingDisplayTypeFilterFunctionality] [verifyingDisplayTypeFilterFunctionality] Within safeClickBooleanWithScreenShot method
2025-12-12 12:27:27.711 PM [TestNG-test-Test-2] INFO  [verifyingDisplayTypeFilterFunctionality] [verifyingDisplayTypeFilterFunctionality] Within getAppliedfilterByTypeAndName method
2025-12-12 12:27:27.712 PM [TestNG-test-Test-2] INFO  [verifyingDisplayTypeFilterFunctionality] [verifyingDisplayTypeFilterFunctionality] Within smoothScrollToElement method
2025-12-12 12:27:27.712 PM [TestNG-test-Test-2] INFO  [verifyingDisplayTypeFilterFunctionality] [verifyingDisplayTypeFilterFunctionality] Within safeFindElement method
2025-12-12 12:27:38.011 PM [TestNG-test-Test-2] INFO  [verifyingDisplayTypeFilterFunctionality] [verifyingDisplayTypeFilterFunctionality]Retrying findElement for: ->By.xpath: //ul[@id='filter-p_n_g-101013595158111']
2025-12-12 12:27:40.362 PM [TestNG-test-Test-2] INFO  [verifyingDisplayTypeFilterFunctionality] [verifyingDisplayTypeFilterFunctionality]Refrehsing the page , while trying to safely find : ->By.xpath: //ul[@id='filter-p_n_g-101013595158111']
2025-12-12 12:27:51.642 PM [TestNG-test-Test-2] INFO  [verifyingDisplayTypeFilterFunctionality] [verifyingDisplayTypeFilterFunctionality]Retrying findElement for: ->By.xpath: //ul[@id='filter-p_n_g-101013595158111']
2025-12-12 12:27:53.163 PM [TestNG-test-Test-2] INFO  [verifyingDisplayTypeFilterFunctionality] [verifyingDisplayTypeFilterFunctionality]Refrehsing the page , while trying to safely find : ->By.xpath: //ul[@id='filter-p_n_g-101013595158111']
2025-12-12 12:27:54.170 PM [TestNG-test-Test-2] INFO  [verifyingDisplayTypeFilterFunctionality] [verifyingDisplayTypeFilterFunctionality] Skipping action: Element not found after 2   attemps
2025-12-12 12:27:54.170 PM [TestNG-test-Test-2] WARN  [verifyingDisplayTypeFilterFunctionality] [verifyingDisplayTypeFilterFunctionality] Element not found for locator: By.xpath: //ul[@id='filter-p_n_g-101013595158111']
2025-12-12 12:27:54.170 PM [TestNG-test-Test-2] INFO  [verifyingDisplayTypeFilterFunctionality] [verifyingDisplayTypeFilterFunctionality] Within getMoreButtonByFilterTypeAndName method
2025-12-12 12:27:54.170 PM [TestNG-test-Test-2] INFO  [verifyingDisplayTypeFilterFunctionality] [verifyingDisplayTypeFilterFunctionality] could not find more button
2025-12-12 12:28:04.523 PM [TestNG-test-Test-2] INFO  [verifyingDisplayTypeFilterFunctionality] [verifyingDisplayTypeFilterFunctionality] Cannot click the button, element ->By.xpath: //ul[@id='filter-p_n_g-101013595158111']//span[@class='a-size-base a-color-base' and text()='OLED']
2025-12-12 12:28:07.305 PM [TestNG-test-Test-2] INFO  [verifyingDisplayTypeFilterFunctionality] [verifyingDisplayTypeFilterFunctionality] Cannot apply filter taking failed screenshot for ->OLED
2025-12-12 12:28:07.305 PM [TestNG-test-Test-2] INFO  [verifyingDisplayTypeFilterFunctionality] [verifyingDisplayTypeFilterFunctionality] Within getAppliedfilterByTypeAndName method
2025-12-12 12:28:07.305 PM [TestNG-test-Test-2] INFO  [verifyingDisplayTypeFilterFunctionality] [verifyingDisplayTypeFilterFunctionality] Within smoothScrollToElement method
2025-12-12 12:28:07.305 PM [TestNG-test-Test-2] INFO  [verifyingDisplayTypeFilterFunctionality] [verifyingDisplayTypeFilterFunctionality] Within safeFindElement method
2025-12-12 12:28:17.580 PM [TestNG-test-Test-2] INFO  [verifyingDisplayTypeFilterFunctionality] [verifyingDisplayTypeFilterFunctionality]Retrying findElement for: ->By.xpath: //ul[@id='filter-p_n_g-101013595158111']
2025-12-12 12:28:19.200 PM [TestNG-test-Test-2] INFO  [verifyingDisplayTypeFilterFunctionality] [verifyingDisplayTypeFilterFunctionality]Refrehsing the page , while trying to safely find : ->By.xpath: //ul[@id='filter-p_n_g-101013595158111']
2025-12-12 12:28:30.510 PM [TestNG-test-Test-2] INFO  [verifyingDisplayTypeFilterFunctionality] [verifyingDisplayTypeFilterFunctionality]Retrying findElement for: ->By.xpath: //ul[@id='filter-p_n_g-101013595158111']
2025-12-12 12:28:31.835 PM [TestNG-test-Test-2] INFO  [verifyingDisplayTypeFilterFunctionality] [verifyingDisplayTypeFilterFunctionality]Refrehsing the page , while trying to safely find : ->By.xpath: //ul[@id='filter-p_n_g-101013595158111']
2025-12-12 12:28:32.836 PM [TestNG-test-Test-2] INFO  [verifyingDisplayTypeFilterFunctionality] [verifyingDisplayTypeFilterFunctionality] Skipping action: Element not found after 2   attemps
2025-12-12 12:28:32.836 PM [TestNG-test-Test-2] WARN  [verifyingDisplayTypeFilterFunctionality] [verifyingDisplayTypeFilterFunctionality] Element not found for locator: By.xpath: //ul[@id='filter-p_n_g-101013595158111']
2025-12-12 12:28:34.836 PM [TestNG-test-Test-2] INFO  [verifyingDisplayTypeFilterFunctionality] [verifyingDisplayTypeFilterFunctionality] Within getMoreButtonByFilterTypeAndName method
2025-12-12 12:28:34.836 PM [TestNG-test-Test-2] INFO  [verifyingDisplayTypeFilterFunctionality] [verifyingDisplayTypeFilterFunctionality] could not find more button
2025-12-12 12:28:35.837 PM [TestNG-test-Test-2] INFO  [verifyingDisplayTypeFilterFunctionality] [verifyingDisplayTypeFilterFunctionality] Capturing screenshot: failed filter apply screenshot-  Filter Applied is OLED__2025-12-12_122835.png
2025-12-12 12:28:35.954 PM [TestNG-test-Test-2] INFO  [verifyingDisplayTypeFilterFunctionality] [verifyingDisplayTypeFilterFunctionality] Screenshot saved at: test-output/screenshots/Run_2025-12-12_12-21-35/verifyingDisplayTypeFilterFunctionality/failed filter apply screenshot-  Filter Applied is OLED__2025-12-12_122835.png
2025-12-12 12:28:35.954 PM [TestNG-test-Test-2] INFO  [verifyingDisplayTypeFilterFunctionality] [verifyingDisplayTypeFilterFunctionality] Refrshing the page , while trying to click ->By.xpath: //ul[@id='filter-p_n_g-101013595158111']//span[@class='a-size-base a-color-base' and text()='OLED']
2025-12-12 12:28:36.967 PM [TestNG-test-Test-2] INFO  [verifyingDisplayTypeFilterFunctionality] [verifyingDisplayTypeFilterFunctionality]Skipping click action: Element not clickable after1   attempts
2025-12-12 12:28:36.967 PM [TestNG-test-Test-2] INFO  [verifyingDisplayTypeFilterFunctionality] [verifyingDisplayTypeFilterFunctionality] returning the 'results' i.e list of Maps
2025-12-12 12:28:36.967 PM [TestNG-test-Test-2] INFO  [verifyingDisplayTypeFilterFunctionality] [verifyingDisplayTypeFilterFunctionality]  Final assertion for display type filter validation...
2025-12-12 12:28:36.971 PM [TestNG-test-Test-2] INFO  [verifyingDisplayTypeFilterFunctionality] ✅ Finished test method: verifyingDisplayTypeFilterFunctionality
2025-12-12 12:28:37.369 PM [TestNG-test-Test-2] INFO  [verifyingDisplayTypeFilterFunctionality] 🔹 Starting test method: verifyingDisplayTypeFilterFunctionality
2025-12-12 12:28:37.369 PM [TestNG-test-Test-2] INFO  [verifyingDisplayTypeFilterFunctionality] No existing WebDriver found for current thread. Initializing a new ChromeDriver...
2025-12-12 12:28:37.381 PM [TestNG-test-Test-2] INFO  [verifyingDisplayTypeFilterFunctionality] WebDriverManager: chromedriver setup OK
2025-12-12 12:28:39.165 PM [TestNG-test-Test-2] INFO  [verifyingDisplayTypeFilterFunctionality] ChromeDriver initialized successfully for thread: 35
2025-12-12 12:28:40.000 PM [TestNG-test-Test-2] INFO  [verifyingDisplayTypeFilterFunctionality] [verifyingDisplayTypeFilterFunctionality] Opening amazon Landing page
2025-12-12 12:28:45.509 PM [TestNG-test-Test-2] INFO  [verifyingDisplayTypeFilterFunctionality] [verifyingDisplayTypeFilterFunctionality] Giving input within the search bar
2025-12-12 12:28:45.509 PM [TestNG-test-Test-2] INFO  [verifyingDisplayTypeFilterFunctionality] [verifyingDisplayTypeFilterFunctionality] Within safeClick method
2025-12-12 12:28:48.668 PM [TestNG-test-Test-2] INFO  [verifyingDisplayTypeFilterFunctionality] [verifyingDisplayTypeFilterFunctionality] Clicked the  [[ChromeDriver: chrome on windows (fa03065e61b9ef858963571f984cc997)] -> xpath: //input[@id='nav-search-submit-button']]   using safeClick
2025-12-12 12:28:48.669 PM [TestNG-test-Test-2] INFO  [verifyingDisplayTypeFilterFunctionality] [verifyingDisplayTypeFilterFunctionality] Clicking on the submit in the search bar
2025-12-12 12:28:48.843 PM [TestNG-test-Test-2] INFO  [verifyingDisplayTypeFilterFunctionality] [verifyingDisplayTypeFilterFunctionality] Within filterCheckUnderList method
2025-12-12 12:28:49.050 PM [TestNG-test-Test-2] INFO  [verifyingDisplayTypeFilterFunctionality] [verifyingDisplayTypeFilterFunctionality] Filter option does not exist within the filter check List
2025-12-12 12:28:49.051 PM [TestNG-test-Test-2] WARN  [verifyingDisplayTypeFilterFunctionality] [verifyingDisplayTypeFilterFunctionality]  Filter option 'Display Type' does not exist. Skipping the test.
2025-12-12 12:28:49.054 PM [TestNG-test-Test-2] INFO  [verifyingDisplayTypeFilterFunctionality] ✅ Finished test method: verifyingDisplayTypeFilterFunctionality
