19:25:52 [TestNG-test-Test-3] INFO  verifyingGetItIn2DaysFilterFunctionality_Laptop_19-25-52 - No existing WebDriver found for current thread. Initializing a new ChromeDriver...
19:25:52 [TestNG-test-Test-3] INFO  verifyingGetItIn2DaysFilterFunctionality_Laptop_19-25-52 - WebDriverManager: chromedriver setup OK
19:25:54 [TestNG-test-Test-3] INFO  verifyingGetItIn2DaysFilterFunctionality_Laptop_19-25-52 - ChromeDriver initialized successfully for thread: 36
19:25:54 [TestNG-test-Test-3] INFO  verifyingGetItIn2DaysFilterFunctionality_Laptop_19-25-52 - [verifyingGetItIn2DaysFilterFunctionality_Laptop_19-25-52] Opening amazon Landing page
19:25:54 [TestNG-test-Test-3] INFO  verifyingGetItIn2DaysFilterFunctionality_Laptop_19-25-52 - [verifyingGetItIn2DaysFilterFunctionality_Laptop_19-25-52] Within safeFindElement method
19:25:57 [TestNG-test-Test-3] INFO  verifyingGetItIn2DaysFilterFunctionality_Laptop_19-25-52 - [verifyingGetItIn2DaysFilterFunctionality_Laptop_19-25-52]Found the element returning it ,element ->[[ChromeDriver: chrome on windows (a18322ebe54298c8a4ce44de6a0bf094)] -> xpath: //a[@id='nav-logo-sprites']]
19:25:58 [TestNG-test-Test-3] INFO  verifyingGetItIn2DaysFilterFunctionality_Laptop_19-25-52 - [verifyingGetItIn2DaysFilterFunctionality_Laptop_19-25-52] Giving input within the search bar
19:25:58 [TestNG-test-Test-3] INFO  verifyingGetItIn2DaysFilterFunctionality_Laptop_19-25-52 - [verifyingGetItIn2DaysFilterFunctionality_Laptop_19-25-52] Within safeClick method
19:26:00 [TestNG-test-Test-3] INFO  verifyingGetItIn2DaysFilterFunctionality_Laptop_19-25-52 - [verifyingGetItIn2DaysFilterFunctionality_Laptop_19-25-52] Clicked the  [[ChromeDriver: chrome on windows (a18322ebe54298c8a4ce44de6a0bf094)] -> xpath: //input[@id='nav-search-submit-button']]   using safeClick
19:26:00 [TestNG-test-Test-3] INFO  verifyingGetItIn2DaysFilterFunctionality_Laptop_19-25-52 - [verifyingGetItIn2DaysFilterFunctionality_Laptop_19-25-52] Clicking on the submit in the search bar
19:26:00 [TestNG-test-Test-3] INFO  verifyingGetItIn2DaysFilterFunctionality_Laptop_19-25-52 - [verifyingGetItIn2DaysFilterFunctionality_Laptop_19-25-52] Waiting until element is visible in viewport
19:26:00 [TestNG-test-Test-3] INFO  verifyingGetItIn2DaysFilterFunctionality_Laptop_19-25-52 - [verifyingGetItIn2DaysFilterFunctionality_Laptop_19-25-52] Within validateDeliveryFilterOptionsWithResult method
19:26:00 [TestNG-test-Test-3] INFO  verifyingGetItIn2DaysFilterFunctionality_Laptop_19-25-52 - [verifyingGetItIn2DaysFilterFunctionality_Laptop_19-25-52] Within safeClick method
19:26:01 [TestNG-test-Test-3] INFO  verifyingGetItIn2DaysFilterFunctionality_Laptop_19-25-52 - [verifyingGetItIn2DaysFilterFunctionality_Laptop_19-25-52] Clicked the  [[ChromeDriver: chrome on windows (a18322ebe54298c8a4ce44de6a0bf094)] -> xpath: //span[@class='a-size-base a-color-base puis-bold-weight-text' and text()='Delivery Day']/parent::div/following-sibling::ul//span[@class='a-size-base a-color-base' and text()='Get It in 2 Days']]   using safeClick
19:26:01 [TestNG-test-Test-3] INFO  verifyingGetItIn2DaysFilterFunctionality_Laptop_19-25-52 - [verifyingGetItIn2DaysFilterFunctionality_Laptop_19-25-52] Within getMoreButtonByFilterTypeAndName method
19:26:01 [TestNG-test-Test-3] INFO  verifyingGetItIn2DaysFilterFunctionality_Laptop_19-25-52 - [verifyingGetItIn2DaysFilterFunctionality_Laptop_19-25-52] Clicked on By.xpath: //span[@class='a-size-base a-color-base puis-bold-weight-text' and text()='Delivery Day']/parent::div/following-sibling::ul//span[@class='a-size-base a-color-base' and text()='Get It in 2 Days']
19:26:01 [TestNG-test-Test-3] INFO  verifyingGetItIn2DaysFilterFunctionality_Laptop_19-25-52 - [verifyingGetItIn2DaysFilterFunctionality_Laptop_19-25-52] Within safeFindElements 
19:26:02 [TestNG-test-Test-3] INFO  verifyingGetItIn2DaysFilterFunctionality_Laptop_19-25-52 - [verifyingGetItIn2DaysFilterFunctionality_Laptop_19-25-52] Returning the  [[[ChromeDriver: chrome on windows (a18322ebe54298c8a4ce44de6a0bf094)] -> xpath: //div[@class='a-section a-spacing-small a-spacing-top-small']], [[ChromeDriver: chrome on windows (a18322ebe54298c8a4ce44de6a0bf094)] -> xpath: //div[@class='a-section a-spacing-small a-spacing-top-small']], [[ChromeDriver: chrome on windows (a18322ebe54298c8a4ce44de6a0bf094)] -> xpath: //div[@class='a-section a-spacing-small a-spacing-top-small']], [[ChromeDriver: chrome on windows (a18322ebe54298c8a4ce44de6a0bf094)] -> xpath: //div[@class='a-section a-spacing-small a-spacing-top-small']], [[ChromeDriver: chrome on windows (a18322ebe54298c8a4ce44de6a0bf094)] -> xpath: //div[@class='a-section a-spacing-small a-spacing-top-small']], [[ChromeDriver: chrome on windows (a18322ebe54298c8a4ce44de6a0bf094)] -> xpath: //div[@class='a-section a-spacing-small a-spacing-top-small']], [[ChromeDriver: chrome on windows (a18322ebe54298c8a4ce44de6a0bf094)] -> xpath: //div[@class='a-section a-spacing-small a-spacing-top-small']], [[ChromeDriver: chrome on windows (a18322ebe54298c8a4ce44de6a0bf094)] -> xpath: //div[@class='a-section a-spacing-small a-spacing-top-small']], [[ChromeDriver: chrome on windows (a18322ebe54298c8a4ce44de6a0bf094)] -> xpath: //div[@class='a-section a-spacing-small a-spacing-top-small']], [[ChromeDriver: chrome on windows (a18322ebe54298c8a4ce44de6a0bf094)] -> xpath: //div[@class='a-section a-spacing-small a-spacing-top-small']], [[ChromeDriver: chrome on windows (a18322ebe54298c8a4ce44de6a0bf094)] -> xpath: //div[@class='a-section a-spacing-small a-spacing-top-small']], [[ChromeDriver: chrome on windows (a18322ebe54298c8a4ce44de6a0bf094)] -> xpath: //div[@class='a-section a-spacing-small a-spacing-top-small']], [[ChromeDriver: chrome on windows (a18322ebe54298c8a4ce44de6a0bf094)] -> xpath: //div[@class='a-section a-spacing-small a-spacing-top-small']], [[ChromeDriver: chrome on windows (a18322ebe54298c8a4ce44de6a0bf094)] -> xpath: //div[@class='a-section a-spacing-small a-spacing-top-small']], [[ChromeDriver: chrome on windows (a18322ebe54298c8a4ce44de6a0bf094)] -> xpath: //div[@class='a-section a-spacing-small a-spacing-top-small']], [[ChromeDriver: chrome on windows (a18322ebe54298c8a4ce44de6a0bf094)] -> xpath: //div[@class='a-section a-spacing-small a-spacing-top-small']]] from the safeFindElements method
19:26:02 [TestNG-test-Test-3] INFO  verifyingGetItIn2DaysFilterFunctionality_Laptop_19-25-52 - [verifyingGetItIn2DaysFilterFunctionality_Laptop_19-25-52] Created hashset with required data to assert with Within validateDeliveryFilterOptions method
19:26:02 [TestNG-test-Test-3] INFO  verifyingGetItIn2DaysFilterFunctionality_Laptop_19-25-52 - [verifyingGetItIn2DaysFilterFunctionality_Laptop_19-25-52] this is the set  [Today, May, FREE delivery, Sat, 09, Sun, Tomorrow, 10]
19:26:02 [TestNG-test-Test-3] INFO  verifyingGetItIn2DaysFilterFunctionality_Laptop_19-25-52 - [verifyingGetItIn2DaysFilterFunctionality_Laptop_19-25-52] Within deliveryElements loop iterating over the products  Within validateDeliveryFilterOptions method
19:26:02 [TestNG-test-Test-3] INFO  verifyingGetItIn2DaysFilterFunctionality_Laptop_19-25-52 - [verifyingGetItIn2DaysFilterFunctionality_Laptop_19-25-52] Checking if the allowedDateParts have the assert text   Within validateDeliveryFilterOptions method
19:26:02 [TestNG-test-Test-3] INFO  verifyingGetItIn2DaysFilterFunctionality_Laptop_19-25-52 - [verifyingGetItIn2DaysFilterFunctionality_Laptop_19-25-52] Within deliveryElements loop iterating over the products  Within validateDeliveryFilterOptions method
19:26:02 [TestNG-test-Test-3] INFO  verifyingGetItIn2DaysFilterFunctionality_Laptop_19-25-52 - [verifyingGetItIn2DaysFilterFunctionality_Laptop_19-25-52] Checking if the allowedDateParts have the assert text   Within validateDeliveryFilterOptions method
19:26:02 [TestNG-test-Test-3] INFO  verifyingGetItIn2DaysFilterFunctionality_Laptop_19-25-52 - [verifyingGetItIn2DaysFilterFunctionality_Laptop_19-25-52] Within deliveryElements loop iterating over the products  Within validateDeliveryFilterOptions method
19:26:02 [TestNG-test-Test-3] INFO  verifyingGetItIn2DaysFilterFunctionality_Laptop_19-25-52 - [verifyingGetItIn2DaysFilterFunctionality_Laptop_19-25-52] Assert text not found wihtin AllowedDateParts
19:26:02 [TestNG-test-Test-3] INFO  verifyingGetItIn2DaysFilterFunctionality_Laptop_19-25-52 - [verifyingGetItIn2DaysFilterFunctionality_Laptop_19-25-52] Asserting delivery filter: isValid=false, index=2, text=MSI Modern 14, Intel 12th Gen. i7 1255U,36CM Laptop(16GB/512GB NVMe SSD/Windows 11 Home/Iris Xe/Classic Black/1.4Kg), C12MO-1202IN
4.2
(136)
₹48,000
M.R.P:
₹85,000 (44% off)
Add to cart
