19:45:59 [TestNG-test-Test-2] INFO  verifyingFreeDeliveryFilterFunctionality_Tablet_19-45-59 - No existing WebDriver found for current thread. Initializing a new ChromeDriver...
19:45:59 [TestNG-test-Test-2] INFO  verifyingFreeDeliveryFilterFunctionality_Tablet_19-45-59 - WebDriverManager: chromedriver setup OK
19:46:01 [TestNG-test-Test-2] INFO  verifyingFreeDeliveryFilterFunctionality_Tablet_19-45-59 - ChromeDriver initialized successfully for thread: 35
19:46:02 [TestNG-test-Test-2] INFO  verifyingFreeDeliveryFilterFunctionality_Tablet_19-45-59 - [verifyingFreeDeliveryFilterFunctionality_Tablet_19-45-59] Opening amazon Landing page
19:46:02 [TestNG-test-Test-2] INFO  verifyingFreeDeliveryFilterFunctionality_Tablet_19-45-59 - [verifyingFreeDeliveryFilterFunctionality_Tablet_19-45-59] Within safeFindElement method
19:46:05 [TestNG-test-Test-2] INFO  verifyingFreeDeliveryFilterFunctionality_Tablet_19-45-59 - [verifyingFreeDeliveryFilterFunctionality_Tablet_19-45-59]Found the element returning it ,element ->[[ChromeDriver: chrome on windows (6a677c902a9fcca631e2d4ac3806c87d)] -> xpath: //a[@id='nav-logo-sprites']]
19:46:06 [TestNG-test-Test-2] INFO  verifyingFreeDeliveryFilterFunctionality_Tablet_19-45-59 - [verifyingFreeDeliveryFilterFunctionality_Tablet_19-45-59] Giving input within the search bar
19:46:06 [TestNG-test-Test-2] INFO  verifyingFreeDeliveryFilterFunctionality_Tablet_19-45-59 - [verifyingFreeDeliveryFilterFunctionality_Tablet_19-45-59] Within safeClick method
19:46:08 [TestNG-test-Test-2] INFO  verifyingFreeDeliveryFilterFunctionality_Tablet_19-45-59 - [verifyingFreeDeliveryFilterFunctionality_Tablet_19-45-59] Clicked the  [[ChromeDriver: chrome on windows (6a677c902a9fcca631e2d4ac3806c87d)] -> xpath: //input[@id='nav-search-submit-button']]   using safeClick
19:46:08 [TestNG-test-Test-2] INFO  verifyingFreeDeliveryFilterFunctionality_Tablet_19-45-59 - [verifyingFreeDeliveryFilterFunctionality_Tablet_19-45-59] Clicking on the submit in the search bar
19:46:08 [TestNG-test-Test-2] INFO  verifyingFreeDeliveryFilterFunctionality_Tablet_19-45-59 - [verifyingFreeDeliveryFilterFunctionality_Tablet_19-45-59] Waiting until element is visible in viewport
19:46:08 [TestNG-test-Test-2] INFO  verifyingFreeDeliveryFilterFunctionality_Tablet_19-45-59 - [verifyingFreeDeliveryFilterFunctionality_Tablet_19-45-59] Within validateDeliveryFilterOptionsWithResult method
19:46:08 [TestNG-test-Test-2] INFO  verifyingFreeDeliveryFilterFunctionality_Tablet_19-45-59 - [verifyingFreeDeliveryFilterFunctionality_Tablet_19-45-59] Within safeClick method
19:46:09 [TestNG-test-Test-2] INFO  verifyingFreeDeliveryFilterFunctionality_Tablet_19-45-59 - [verifyingFreeDeliveryFilterFunctionality_Tablet_19-45-59] Clicked the  [[ChromeDriver: chrome on windows (6a677c902a9fcca631e2d4ac3806c87d)] -> xpath: //span[@class='a-size-base a-color-base puis-bold-weight-text' and text()='Eligible for Free Delivery']/parent::div/following-sibling::ul//span[@class='a-size-base a-color-base' and text()='Free Shipping']]   using safeClick
19:46:09 [TestNG-test-Test-2] INFO  verifyingFreeDeliveryFilterFunctionality_Tablet_19-45-59 - [verifyingFreeDeliveryFilterFunctionality_Tablet_19-45-59] Within getMoreButtonByFilterTypeAndName method
19:46:09 [TestNG-test-Test-2] INFO  verifyingFreeDeliveryFilterFunctionality_Tablet_19-45-59 - [verifyingFreeDeliveryFilterFunctionality_Tablet_19-45-59] Clicked on By.xpath: //span[@class='a-size-base a-color-base puis-bold-weight-text' and text()='Eligible for Free Delivery']/parent::div/following-sibling::ul//span[@class='a-size-base a-color-base' and text()='Free Shipping']
19:46:09 [TestNG-test-Test-2] INFO  verifyingFreeDeliveryFilterFunctionality_Tablet_19-45-59 - [verifyingFreeDeliveryFilterFunctionality_Tablet_19-45-59] Within safeFindElements 
19:46:09 [TestNG-test-Test-2] INFO  verifyingFreeDeliveryFilterFunctionality_Tablet_19-45-59 - [verifyingFreeDeliveryFilterFunctionality_Tablet_19-45-59] Returning the  [[[ChromeDriver: chrome on windows (6a677c902a9fcca631e2d4ac3806c87d)] -> xpath: //div[@class='a-section a-spacing-small a-spacing-top-small']], [[ChromeDriver: chrome on windows (6a677c902a9fcca631e2d4ac3806c87d)] -> xpath: //div[@class='a-section a-spacing-small a-spacing-top-small']], [[ChromeDriver: chrome on windows (6a677c902a9fcca631e2d4ac3806c87d)] -> xpath: //div[@class='a-section a-spacing-small a-spacing-top-small']], [[ChromeDriver: chrome on windows (6a677c902a9fcca631e2d4ac3806c87d)] -> xpath: //div[@class='a-section a-spacing-small a-spacing-top-small']], [[ChromeDriver: chrome on windows (6a677c902a9fcca631e2d4ac3806c87d)] -> xpath: //div[@class='a-section a-spacing-small a-spacing-top-small']], [[ChromeDriver: chrome on windows (6a677c902a9fcca631e2d4ac3806c87d)] -> xpath: //div[@class='a-section a-spacing-small a-spacing-top-small']], [[ChromeDriver: chrome on windows (6a677c902a9fcca631e2d4ac3806c87d)] -> xpath: //div[@class='a-section a-spacing-small a-spacing-top-small']], [[ChromeDriver: chrome on windows (6a677c902a9fcca631e2d4ac3806c87d)] -> xpath: //div[@class='a-section a-spacing-small a-spacing-top-small']], [[ChromeDriver: chrome on windows (6a677c902a9fcca631e2d4ac3806c87d)] -> xpath: //div[@class='a-section a-spacing-small a-spacing-top-small']], [[ChromeDriver: chrome on windows (6a677c902a9fcca631e2d4ac3806c87d)] -> xpath: //div[@class='a-section a-spacing-small a-spacing-top-small']], [[ChromeDriver: chrome on windows (6a677c902a9fcca631e2d4ac3806c87d)] -> xpath: //div[@class='a-section a-spacing-small a-spacing-top-small']], [[ChromeDriver: chrome on windows (6a677c902a9fcca631e2d4ac3806c87d)] -> xpath: //div[@class='a-section a-spacing-small a-spacing-top-small']], [[ChromeDriver: chrome on windows (6a677c902a9fcca631e2d4ac3806c87d)] -> xpath: //div[@class='a-section a-spacing-small a-spacing-top-small']], [[ChromeDriver: chrome on windows (6a677c902a9fcca631e2d4ac3806c87d)] -> xpath: //div[@class='a-section a-spacing-small a-spacing-top-small']], [[ChromeDriver: chrome on windows (6a677c902a9fcca631e2d4ac3806c87d)] -> xpath: //div[@class='a-section a-spacing-small a-spacing-top-small']], [[ChromeDriver: chrome on windows (6a677c902a9fcca631e2d4ac3806c87d)] -> xpath: //div[@class='a-section a-spacing-small a-spacing-top-small']]] from the safeFindElements method
19:46:09 [TestNG-test-Test-2] INFO  verifyingFreeDeliveryFilterFunctionality_Tablet_19-45-59 - [verifyingFreeDeliveryFilterFunctionality_Tablet_19-45-59] Created hashset with required data to assert with Within validateDeliveryFilterOptions method
19:46:09 [TestNG-test-Test-2] INFO  verifyingFreeDeliveryFilterFunctionality_Tablet_19-45-59 - [verifyingFreeDeliveryFilterFunctionality_Tablet_19-45-59] this is the set  [Apr, Today, 26, 27, FREE delivery, Sun, Mon, Tomorrow]
19:46:09 [TestNG-test-Test-2] INFO  verifyingFreeDeliveryFilterFunctionality_Tablet_19-45-59 - [verifyingFreeDeliveryFilterFunctionality_Tablet_19-45-59] Within deliveryElements loop iterating over the products  Within validateDeliveryFilterOptions method
19:46:09 [TestNG-test-Test-2] INFO  verifyingFreeDeliveryFilterFunctionality_Tablet_19-45-59 - [verifyingFreeDeliveryFilterFunctionality_Tablet_19-45-59] Checking if the allowedDateParts have the assert text   Within validateDeliveryFilterOptions method
19:46:09 [TestNG-test-Test-2] INFO  verifyingFreeDeliveryFilterFunctionality_Tablet_19-45-59 - [verifyingFreeDeliveryFilterFunctionality_Tablet_19-45-59] Within deliveryElements loop iterating over the products  Within validateDeliveryFilterOptions method
19:46:10 [TestNG-test-Test-2] INFO  verifyingFreeDeliveryFilterFunctionality_Tablet_19-45-59 - [verifyingFreeDeliveryFilterFunctionality_Tablet_19-45-59] Checking if the allowedDateParts have the assert text   Within validateDeliveryFilterOptions method
19:46:10 [TestNG-test-Test-2] INFO  verifyingFreeDeliveryFilterFunctionality_Tablet_19-45-59 - [verifyingFreeDeliveryFilterFunctionality_Tablet_19-45-59] Within deliveryElements loop iterating over the products  Within validateDeliveryFilterOptions method
19:46:10 [TestNG-test-Test-2] INFO  verifyingFreeDeliveryFilterFunctionality_Tablet_19-45-59 - [verifyingFreeDeliveryFilterFunctionality_Tablet_19-45-59] Checking if the allowedDateParts have the assert text   Within validateDeliveryFilterOptions method
19:46:10 [TestNG-test-Test-2] INFO  verifyingFreeDeliveryFilterFunctionality_Tablet_19-45-59 - [verifyingFreeDeliveryFilterFunctionality_Tablet_19-45-59] Within deliveryElements loop iterating over the products  Within validateDeliveryFilterOptions method
19:46:10 [TestNG-test-Test-2] INFO  verifyingFreeDeliveryFilterFunctionality_Tablet_19-45-59 - [verifyingFreeDeliveryFilterFunctionality_Tablet_19-45-59] Checking if the allowedDateParts have the assert text   Within validateDeliveryFilterOptions method
19:46:10 [TestNG-test-Test-2] INFO  verifyingFreeDeliveryFilterFunctionality_Tablet_19-45-59 - [verifyingFreeDeliveryFilterFunctionality_Tablet_19-45-59] Within deliveryElements loop iterating over the products  Within validateDeliveryFilterOptions method
19:46:10 [TestNG-test-Test-2] INFO  verifyingFreeDeliveryFilterFunctionality_Tablet_19-45-59 - [verifyingFreeDeliveryFilterFunctionality_Tablet_19-45-59] Checking if the allowedDateParts have the assert text   Within validateDeliveryFilterOptions method
19:46:10 [TestNG-test-Test-2] INFO  verifyingFreeDeliveryFilterFunctionality_Tablet_19-45-59 - [verifyingFreeDeliveryFilterFunctionality_Tablet_19-45-59] Within deliveryElements loop iterating over the products  Within validateDeliveryFilterOptions method
19:46:10 [TestNG-test-Test-2] INFO  verifyingFreeDeliveryFilterFunctionality_Tablet_19-45-59 - [verifyingFreeDeliveryFilterFunctionality_Tablet_19-45-59] Checking if the allowedDateParts have the assert text   Within validateDeliveryFilterOptions method
19:46:10 [TestNG-test-Test-2] INFO  verifyingFreeDeliveryFilterFunctionality_Tablet_19-45-59 - [verifyingFreeDeliveryFilterFunctionality_Tablet_19-45-59] Within deliveryElements loop iterating over the products  Within validateDeliveryFilterOptions method
19:46:10 [TestNG-test-Test-2] INFO  verifyingFreeDeliveryFilterFunctionality_Tablet_19-45-59 - [verifyingFreeDeliveryFilterFunctionality_Tablet_19-45-59] Checking if the allowedDateParts have the assert text   Within validateDeliveryFilterOptions method
19:46:10 [TestNG-test-Test-2] INFO  verifyingFreeDeliveryFilterFunctionality_Tablet_19-45-59 - [verifyingFreeDeliveryFilterFunctionality_Tablet_19-45-59] Within deliveryElements loop iterating over the products  Within validateDeliveryFilterOptions method
19:46:10 [TestNG-test-Test-2] INFO  verifyingFreeDeliveryFilterFunctionality_Tablet_19-45-59 - [verifyingFreeDeliveryFilterFunctionality_Tablet_19-45-59] Checking if the allowedDateParts have the assert text   Within validateDeliveryFilterOptions method
19:46:10 [TestNG-test-Test-2] INFO  verifyingFreeDeliveryFilterFunctionality_Tablet_19-45-59 - [verifyingFreeDeliveryFilterFunctionality_Tablet_19-45-59] Within deliveryElements loop iterating over the products  Within validateDeliveryFilterOptions method
19:46:10 [TestNG-test-Test-2] INFO  verifyingFreeDeliveryFilterFunctionality_Tablet_19-45-59 - [verifyingFreeDeliveryFilterFunctionality_Tablet_19-45-59] Checking if the allowedDateParts have the assert text   Within validateDeliveryFilterOptions method
19:46:10 [TestNG-test-Test-2] INFO  verifyingFreeDeliveryFilterFunctionality_Tablet_19-45-59 - [verifyingFreeDeliveryFilterFunctionality_Tablet_19-45-59] Within deliveryElements loop iterating over the products  Within validateDeliveryFilterOptions method
19:46:10 [TestNG-test-Test-2] INFO  verifyingFreeDeliveryFilterFunctionality_Tablet_19-45-59 - [verifyingFreeDeliveryFilterFunctionality_Tablet_19-45-59] Checking if the allowedDateParts have the assert text   Within validateDeliveryFilterOptions method
19:46:10 [TestNG-test-Test-2] INFO  verifyingFreeDeliveryFilterFunctionality_Tablet_19-45-59 - [verifyingFreeDeliveryFilterFunctionality_Tablet_19-45-59] Within deliveryElements loop iterating over the products  Within validateDeliveryFilterOptions method
19:46:10 [TestNG-test-Test-2] INFO  verifyingFreeDeliveryFilterFunctionality_Tablet_19-45-59 - [verifyingFreeDeliveryFilterFunctionality_Tablet_19-45-59] Checking if the allowedDateParts have the assert text   Within validateDeliveryFilterOptions method
19:46:10 [TestNG-test-Test-2] INFO  verifyingFreeDeliveryFilterFunctionality_Tablet_19-45-59 - [verifyingFreeDeliveryFilterFunctionality_Tablet_19-45-59] Within deliveryElements loop iterating over the products  Within validateDeliveryFilterOptions method
19:46:10 [TestNG-test-Test-2] INFO  verifyingFreeDeliveryFilterFunctionality_Tablet_19-45-59 - [verifyingFreeDeliveryFilterFunctionality_Tablet_19-45-59] Checking if the allowedDateParts have the assert text   Within validateDeliveryFilterOptions method
19:46:10 [TestNG-test-Test-2] INFO  verifyingFreeDeliveryFilterFunctionality_Tablet_19-45-59 - [verifyingFreeDeliveryFilterFunctionality_Tablet_19-45-59] Within deliveryElements loop iterating over the products  Within validateDeliveryFilterOptions method
19:46:10 [TestNG-test-Test-2] INFO  verifyingFreeDeliveryFilterFunctionality_Tablet_19-45-59 - [verifyingFreeDeliveryFilterFunctionality_Tablet_19-45-59] Checking if the allowedDateParts have the assert text   Within validateDeliveryFilterOptions method
19:46:10 [TestNG-test-Test-2] INFO  verifyingFreeDeliveryFilterFunctionality_Tablet_19-45-59 - [verifyingFreeDeliveryFilterFunctionality_Tablet_19-45-59] Within deliveryElements loop iterating over the products  Within validateDeliveryFilterOptions method
19:46:10 [TestNG-test-Test-2] INFO  verifyingFreeDeliveryFilterFunctionality_Tablet_19-45-59 - [verifyingFreeDeliveryFilterFunctionality_Tablet_19-45-59] Checking if the allowedDateParts have the assert text   Within validateDeliveryFilterOptions method
19:46:10 [TestNG-test-Test-2] INFO  verifyingFreeDeliveryFilterFunctionality_Tablet_19-45-59 - [verifyingFreeDeliveryFilterFunctionality_Tablet_19-45-59] Within deliveryElements loop iterating over the products  Within validateDeliveryFilterOptions method
19:46:10 [TestNG-test-Test-2] INFO  verifyingFreeDeliveryFilterFunctionality_Tablet_19-45-59 - [verifyingFreeDeliveryFilterFunctionality_Tablet_19-45-59] Checking if the allowedDateParts have the assert text   Within validateDeliveryFilterOptions method
19:46:10 [TestNG-test-Test-2] INFO  verifyingFreeDeliveryFilterFunctionality_Tablet_19-45-59 - [verifyingFreeDeliveryFilterFunctionality_Tablet_19-45-59] Within deliveryElements loop iterating over the products  Within validateDeliveryFilterOptions method
19:46:10 [TestNG-test-Test-2] INFO  verifyingFreeDeliveryFilterFunctionality_Tablet_19-45-59 - [verifyingFreeDeliveryFilterFunctionality_Tablet_19-45-59] Checking if the allowedDateParts have the assert text   Within validateDeliveryFilterOptions method
19:46:10 [TestNG-test-Test-2] INFO  verifyingFreeDeliveryFilterFunctionality_Tablet_19-45-59 - [verifyingFreeDeliveryFilterFunctionality_Tablet_19-45-59] Returning the list with boolean values   Within validateDeliveryFilterOptions method
19:46:10 [TestNG-test-Test-2] INFO  verifyingFreeDeliveryFilterFunctionality_Tablet_19-45-59 - [verifyingFreeDeliveryFilterFunctionality_Tablet_19-45-59] Asserting delivery filter: isValid=true, index=-1, text=All the things are valid no errors
