19:31:54 [TestNG-test-Test-1] INFO  verifyingPriceSilderFunctionality_19-31-54 - No existing WebDriver found for current thread. Initializing a new ChromeDriver...
19:31:54 [TestNG-test-Test-1] INFO  verifyingPriceSilderFunctionality_19-31-54 - WebDriverManager: chromedriver setup OK
19:31:56 [TestNG-test-Test-1] INFO  verifyingPriceSilderFunctionality_19-31-54 - ChromeDriver initialized successfully for thread: 34
19:31:57 [TestNG-test-Test-1] INFO  verifyingPriceSilderFunctionality_19-31-54 - [verifyingPriceSilderFunctionality_19-31-54] Opening amazon Landing page
19:31:57 [TestNG-test-Test-1] INFO  verifyingPriceSilderFunctionality_19-31-54 - [verifyingPriceSilderFunctionality_19-31-54] Within safeFindElement method
19:32:02 [TestNG-test-Test-1] INFO  verifyingPriceSilderFunctionality_19-31-54 - [verifyingPriceSilderFunctionality_19-31-54]Retrying findElement for: ->By.xpath: //a[@id='nav-logo-sprites']
19:32:02 [TestNG-test-Test-1] INFO  verifyingPriceSilderFunctionality_19-31-54 - [verifyingPriceSilderFunctionality_19-31-54]Refrehsing the page , while trying to safely find : ->By.xpath: //a[@id='nav-logo-sprites']
19:32:07 [TestNG-test-Test-1] INFO  verifyingPriceSilderFunctionality_19-31-54 - [verifyingPriceSilderFunctionality_19-31-54]Retrying findElement for: ->By.xpath: //a[@id='nav-logo-sprites']
19:32:08 [TestNG-test-Test-1] INFO  verifyingPriceSilderFunctionality_19-31-54 - [verifyingPriceSilderFunctionality_19-31-54]Refrehsing the page , while trying to safely find : ->By.xpath: //a[@id='nav-logo-sprites']
19:32:08 [TestNG-test-Test-1] INFO  verifyingPriceSilderFunctionality_19-31-54 - [verifyingPriceSilderFunctionality_19-31-54] Skipping action: Element not found after 2   attemps
19:32:09 [TestNG-test-Test-1] INFO  verifyingPriceSilderFunctionality_19-31-54 - [verifyingPriceSilderFunctionality_19-31-54] Giving input within the search bar
19:32:09 [TestNG-test-Test-1] INFO  verifyingPriceSilderFunctionality_19-31-54 - [verifyingPriceSilderFunctionality_19-31-54] Within safeClick method
19:32:10 [TestNG-test-Test-1] INFO  verifyingPriceSilderFunctionality_19-31-54 - [verifyingPriceSilderFunctionality_19-31-54] Clicked the  [[ChromeDriver: chrome on windows (dc897dc2f059974f2f886681a467c0f4)] -> xpath: //input[@id='nav-search-submit-button']]   using safeClick
19:32:10 [TestNG-test-Test-1] INFO  verifyingPriceSilderFunctionality_19-31-54 - [verifyingPriceSilderFunctionality_19-31-54] Clicking on the submit in the search bar
19:32:11 [TestNG-test-Test-1] INFO  verifyingPriceSilderFunctionality_19-31-54 - [verifyingPriceSilderFunctionality_19-31-54] Within filterCheckUnderList method
19:32:11 [TestNG-test-Test-1] INFO  verifyingPriceSilderFunctionality_19-31-54 - [verifyingPriceSilderFunctionality_19-31-54] Found the Filter within the filter check List
19:32:11 [TestNG-test-Test-1] INFO  verifyingPriceSilderFunctionality_19-31-54 - [verifyingPriceSilderFunctionality_19-31-54] Within applyPriceSliderAndValidateWithResult method
19:32:11 [TestNG-test-Test-1] INFO  verifyingPriceSilderFunctionality_19-31-54 - [verifyingPriceSilderFunctionality_19-31-54] Within smoothScrollToElement method
19:32:11 [TestNG-test-Test-1] INFO  verifyingPriceSilderFunctionality_19-31-54 - [verifyingPriceSilderFunctionality_19-31-54] Within safeFindElement method
19:32:11 [TestNG-test-Test-1] INFO  verifyingPriceSilderFunctionality_19-31-54 - [verifyingPriceSilderFunctionality_19-31-54]Found the element returning it ,element ->[[ChromeDriver: chrome on windows (dc897dc2f059974f2f886681a467c0f4)] -> id: p_36/range-slider_slider-item_lower-bound-slider]
19:32:11 [TestNG-test-Test-1] INFO  verifyingPriceSilderFunctionality_19-31-54 - [verifyingPriceSilderFunctionality_19-31-54] Successfully scrolled to element: By.id: p_36/range-slider_slider-item_lower-bound-slider
19:32:11 [TestNG-test-Test-1] INFO  verifyingPriceSilderFunctionality_19-31-54 - [verifyingPriceSilderFunctionality_19-31-54] Within safeFindElement method
19:32:11 [TestNG-test-Test-1] INFO  verifyingPriceSilderFunctionality_19-31-54 - [verifyingPriceSilderFunctionality_19-31-54]Found the element returning it ,element ->[[ChromeDriver: chrome on windows (dc897dc2f059974f2f886681a467c0f4)] -> id: p_36/range-slider_slider-item_lower-bound-slider]
19:32:11 [TestNG-test-Test-1] INFO  verifyingPriceSilderFunctionality_19-31-54 - [verifyingPriceSilderFunctionality_19-31-54] Within safeFindElement method
19:32:11 [TestNG-test-Test-1] INFO  verifyingPriceSilderFunctionality_19-31-54 - [verifyingPriceSilderFunctionality_19-31-54]Found the element returning it ,element ->[[ChromeDriver: chrome on windows (dc897dc2f059974f2f886681a467c0f4)] -> id: p_36/range-slider_slider-item_upper-bound-slider]
19:32:11 [TestNG-test-Test-1] INFO  verifyingPriceSilderFunctionality_19-31-54 - [verifyingPriceSilderFunctionality_19-31-54] in the setSliderValue method with value 61
19:32:11 [TestNG-test-Test-1] INFO  verifyingPriceSilderFunctionality_19-31-54 - [verifyingPriceSilderFunctionality_19-31-54] in the setSliderValue method with value 81
19:32:11 [TestNG-test-Test-1] INFO  verifyingPriceSilderFunctionality_19-31-54 - [verifyingPriceSilderFunctionality_19-31-54] Within safeFindElement method
19:32:12 [TestNG-test-Test-1] INFO  verifyingPriceSilderFunctionality_19-31-54 - [verifyingPriceSilderFunctionality_19-31-54]Found the element returning it ,element ->[[ChromeDriver: chrome on windows (dc897dc2f059974f2f886681a467c0f4)] -> xpath: //label[@for='p_36/range-slider_slider-item_upper-bound-slider']]
19:32:12 [TestNG-test-Test-1] INFO  verifyingPriceSilderFunctionality_19-31-54 - [verifyingPriceSilderFunctionality_19-31-54] Within safeFindElement method
19:32:12 [TestNG-test-Test-1] INFO  verifyingPriceSilderFunctionality_19-31-54 - [verifyingPriceSilderFunctionality_19-31-54]Found the element returning it ,element ->[[ChromeDriver: chrome on windows (dc897dc2f059974f2f886681a467c0f4)] -> xpath: //label[@for='p_36/range-slider_slider-item_lower-bound-slider']]
19:32:12 [TestNG-test-Test-1] INFO  verifyingPriceSilderFunctionality_19-31-54 - [verifyingPriceSilderFunctionality_19-31-54] Within smoothScrollToElement method
19:32:12 [TestNG-test-Test-1] INFO  verifyingPriceSilderFunctionality_19-31-54 - [verifyingPriceSilderFunctionality_19-31-54] Within safeFindElement method
19:32:13 [TestNG-test-Test-1] INFO  verifyingPriceSilderFunctionality_19-31-54 - [verifyingPriceSilderFunctionality_19-31-54]Found the element returning it ,element ->[[ChromeDriver: chrome on windows (dc897dc2f059974f2f886681a467c0f4)] -> id: p_36/range-slider_slider-item_lower-bound-slider]
19:32:13 [TestNG-test-Test-1] INFO  verifyingPriceSilderFunctionality_19-31-54 - [verifyingPriceSilderFunctionality_19-31-54] Successfully scrolled to element: By.id: p_36/range-slider_slider-item_lower-bound-slider
19:32:13 [TestNG-test-Test-1] INFO  verifyingPriceSilderFunctionality_19-31-54 - [verifyingPriceSilderFunctionality_19-31-54] Adding the data 'min','max','isValid' ,'mismatches' to 'result' Map->81
19:32:13 [TestNG-test-Test-1] INFO  verifyingPriceSilderFunctionality_19-31-54 - [verifyingPriceSilderFunctionality_19-31-54] Adding the 'results'  Map to the master 'allResults' i.e is List of maps->81
19:32:13 [TestNG-test-Test-1] INFO  verifyingPriceSilderFunctionality_19-31-54 - [verifyingPriceSilderFunctionality_19-31-54] in the setSliderValue method with value 91
19:32:14 [TestNG-test-Test-1] INFO  verifyingPriceSilderFunctionality_19-31-54 - [verifyingPriceSilderFunctionality_19-31-54] in the setSliderValue method with value 121
19:32:14 [TestNG-test-Test-1] INFO  verifyingPriceSilderFunctionality_19-31-54 - [verifyingPriceSilderFunctionality_19-31-54] Within safeFindElement method
19:32:14 [TestNG-test-Test-1] INFO  verifyingPriceSilderFunctionality_19-31-54 - [verifyingPriceSilderFunctionality_19-31-54]Found the element returning it ,element ->[[ChromeDriver: chrome on windows (dc897dc2f059974f2f886681a467c0f4)] -> xpath: //label[@for='p_36/range-slider_slider-item_upper-bound-slider']]
19:32:14 [TestNG-test-Test-1] INFO  verifyingPriceSilderFunctionality_19-31-54 - [verifyingPriceSilderFunctionality_19-31-54] Within safeFindElement method
19:32:14 [TestNG-test-Test-1] INFO  verifyingPriceSilderFunctionality_19-31-54 - [verifyingPriceSilderFunctionality_19-31-54]Found the element returning it ,element ->[[ChromeDriver: chrome on windows (dc897dc2f059974f2f886681a467c0f4)] -> xpath: //label[@for='p_36/range-slider_slider-item_lower-bound-slider']]
19:32:14 [TestNG-test-Test-1] INFO  verifyingPriceSilderFunctionality_19-31-54 - [verifyingPriceSilderFunctionality_19-31-54] Within smoothScrollToElement method
19:32:14 [TestNG-test-Test-1] INFO  verifyingPriceSilderFunctionality_19-31-54 - [verifyingPriceSilderFunctionality_19-31-54] Within safeFindElement method
19:32:15 [TestNG-test-Test-1] INFO  verifyingPriceSilderFunctionality_19-31-54 - [verifyingPriceSilderFunctionality_19-31-54]Found the element returning it ,element ->[[ChromeDriver: chrome on windows (dc897dc2f059974f2f886681a467c0f4)] -> id: p_36/range-slider_slider-item_lower-bound-slider]
19:32:15 [TestNG-test-Test-1] INFO  verifyingPriceSilderFunctionality_19-31-54 - [verifyingPriceSilderFunctionality_19-31-54] Successfully scrolled to element: By.id: p_36/range-slider_slider-item_lower-bound-slider
19:32:16 [TestNG-test-Test-1] INFO  verifyingPriceSilderFunctionality_19-31-54 - [verifyingPriceSilderFunctionality_19-31-54] Adding the data 'min','max','isValid' ,'mismatches' to 'result' Map->121
19:32:16 [TestNG-test-Test-1] INFO  verifyingPriceSilderFunctionality_19-31-54 - [verifyingPriceSilderFunctionality_19-31-54] Adding the 'results'  Map to the master 'allResults' i.e is List of maps->121
19:32:16 [TestNG-test-Test-1] INFO  verifyingPriceSilderFunctionality_19-31-54 - [verifyingPriceSilderFunctionality_19-31-54] in the setSliderValue method with value 131
19:32:16 [TestNG-test-Test-1] INFO  verifyingPriceSilderFunctionality_19-31-54 - [verifyingPriceSilderFunctionality_19-31-54] in the setSliderValue method with value 161
19:32:16 [TestNG-test-Test-1] INFO  verifyingPriceSilderFunctionality_19-31-54 - [verifyingPriceSilderFunctionality_19-31-54] Within safeFindElement method
19:32:16 [TestNG-test-Test-1] INFO  verifyingPriceSilderFunctionality_19-31-54 - [verifyingPriceSilderFunctionality_19-31-54]Found the element returning it ,element ->[[ChromeDriver: chrome on windows (dc897dc2f059974f2f886681a467c0f4)] -> xpath: //label[@for='p_36/range-slider_slider-item_upper-bound-slider']]
19:32:16 [TestNG-test-Test-1] INFO  verifyingPriceSilderFunctionality_19-31-54 - [verifyingPriceSilderFunctionality_19-31-54] Within safeFindElement method
19:32:16 [TestNG-test-Test-1] INFO  verifyingPriceSilderFunctionality_19-31-54 - [verifyingPriceSilderFunctionality_19-31-54]Found the element returning it ,element ->[[ChromeDriver: chrome on windows (dc897dc2f059974f2f886681a467c0f4)] -> xpath: //label[@for='p_36/range-slider_slider-item_lower-bound-slider']]
19:32:16 [TestNG-test-Test-1] INFO  verifyingPriceSilderFunctionality_19-31-54 - [verifyingPriceSilderFunctionality_19-31-54] Within smoothScrollToElement method
19:32:16 [TestNG-test-Test-1] INFO  verifyingPriceSilderFunctionality_19-31-54 - [verifyingPriceSilderFunctionality_19-31-54] Within safeFindElement method
19:32:18 [TestNG-test-Test-1] INFO  verifyingPriceSilderFunctionality_19-31-54 - [verifyingPriceSilderFunctionality_19-31-54]Found the element returning it ,element ->[[ChromeDriver: chrome on windows (dc897dc2f059974f2f886681a467c0f4)] -> id: p_36/range-slider_slider-item_lower-bound-slider]
19:32:18 [TestNG-test-Test-1] INFO  verifyingPriceSilderFunctionality_19-31-54 - [verifyingPriceSilderFunctionality_19-31-54] Successfully scrolled to element: By.id: p_36/range-slider_slider-item_lower-bound-slider
19:32:18 [TestNG-test-Test-1] INFO  verifyingPriceSilderFunctionality_19-31-54 - [verifyingPriceSilderFunctionality_19-31-54] Adding the data 'min','max','isValid' ,'mismatches' to 'result' Map->161
19:32:18 [TestNG-test-Test-1] INFO  verifyingPriceSilderFunctionality_19-31-54 - [verifyingPriceSilderFunctionality_19-31-54] Adding the 'results'  Map to the master 'allResults' i.e is List of maps->161
19:32:18 [TestNG-test-Test-1] INFO  verifyingPriceSilderFunctionality_19-31-54 - [verifyingPriceSilderFunctionality_19-31-54] Returning the data here in the end
19:32:18 [TestNG-test-Test-1] INFO  verifyingPriceSilderFunctionality_19-31-54 - [verifyingPriceSilderFunctionality_19-31-54]  Price range validated successfully: 61 - 81
19:32:18 [TestNG-test-Test-1] INFO  verifyingPriceSilderFunctionality_19-31-54 - [verifyingPriceSilderFunctionality_19-31-54] ------------------------------------------------------------
19:32:18 [TestNG-test-Test-1] INFO  verifyingPriceSilderFunctionality_19-31-54 - [verifyingPriceSilderFunctionality_19-31-54]  Price range validated successfully: 91 - 121
19:32:18 [TestNG-test-Test-1] INFO  verifyingPriceSilderFunctionality_19-31-54 - [verifyingPriceSilderFunctionality_19-31-54] ------------------------------------------------------------
19:32:18 [TestNG-test-Test-1] INFO  verifyingPriceSilderFunctionality_19-31-54 - [verifyingPriceSilderFunctionality_19-31-54]  Price range validated successfully: 131 - 161
19:32:18 [TestNG-test-Test-1] INFO  verifyingPriceSilderFunctionality_19-31-54 - [verifyingPriceSilderFunctionality_19-31-54] ------------------------------------------------------------
19:32:18 [TestNG-test-Test-1] INFO  verifyingPriceSilderFunctionality_19-31-54 - [verifyingPriceSilderFunctionality_19-31-54]  Asserting all soft assertions now...
