20:08:17 [TestNG-test-Test-2] INFO  verifyingTheBrandsFilterFunctionality_Laptop_20-08-17 - No existing WebDriver found for current thread. Initializing a new ChromeDriver...
20:08:17 [TestNG-test-Test-2] INFO  verifyingTheBrandsFilterFunctionality_Laptop_20-08-17 - WebDriverManager: chromedriver setup OK
20:08:19 [TestNG-test-Test-2] INFO  verifyingTheBrandsFilterFunctionality_Laptop_20-08-17 - ChromeDriver initialized successfully for thread: 35
20:08:20 [TestNG-test-Test-2] INFO  verifyingTheBrandsFilterFunctionality_Laptop_20-08-17 - [verifyingTheBrandsFilterFunctionality_Laptop_20-08-17] Opening amazon Landing page
20:08:20 [TestNG-test-Test-2] INFO  verifyingTheBrandsFilterFunctionality_Laptop_20-08-17 - [verifyingTheBrandsFilterFunctionality_Laptop_20-08-17] Within safeFindElement method
20:08:25 [TestNG-test-Test-2] INFO  verifyingTheBrandsFilterFunctionality_Laptop_20-08-17 - [verifyingTheBrandsFilterFunctionality_Laptop_20-08-17]Retrying findElement for: ->By.xpath: //a[@id='nav-logo-sprites']
20:08:25 [TestNG-test-Test-2] INFO  verifyingTheBrandsFilterFunctionality_Laptop_20-08-17 - [verifyingTheBrandsFilterFunctionality_Laptop_20-08-17]Refrehsing the page , while trying to safely find : ->By.xpath: //a[@id='nav-logo-sprites']
20:08:30 [TestNG-test-Test-2] INFO  verifyingTheBrandsFilterFunctionality_Laptop_20-08-17 - [verifyingTheBrandsFilterFunctionality_Laptop_20-08-17]Retrying findElement for: ->By.xpath: //a[@id='nav-logo-sprites']
20:08:30 [TestNG-test-Test-2] INFO  verifyingTheBrandsFilterFunctionality_Laptop_20-08-17 - [verifyingTheBrandsFilterFunctionality_Laptop_20-08-17]Refrehsing the page , while trying to safely find : ->By.xpath: //a[@id='nav-logo-sprites']
20:08:30 [TestNG-test-Test-2] INFO  verifyingTheBrandsFilterFunctionality_Laptop_20-08-17 - [verifyingTheBrandsFilterFunctionality_Laptop_20-08-17] Skipping action: Element not found after 2   attemps
20:08:36 [TestNG-test-Test-2] INFO  verifyingTheBrandsFilterFunctionality_Laptop_20-08-17 - [verifyingTheBrandsFilterFunctionality_Laptop_20-08-17] Giving input within the search bar
20:08:36 [TestNG-test-Test-2] INFO  verifyingTheBrandsFilterFunctionality_Laptop_20-08-17 - [verifyingTheBrandsFilterFunctionality_Laptop_20-08-17] Within safeClick method
20:08:38 [TestNG-test-Test-2] INFO  verifyingTheBrandsFilterFunctionality_Laptop_20-08-17 - [verifyingTheBrandsFilterFunctionality_Laptop_20-08-17] Clicked the  [[ChromeDriver: chrome on windows (80c0342bcbdd0abb7f6e906f3703ca6f)] -> xpath: //input[@id='nav-search-submit-button']]   using safeClick
20:08:38 [TestNG-test-Test-2] INFO  verifyingTheBrandsFilterFunctionality_Laptop_20-08-17 - [verifyingTheBrandsFilterFunctionality_Laptop_20-08-17] Clicking on the submit in the search bar
20:08:38 [TestNG-test-Test-2] INFO  verifyingTheBrandsFilterFunctionality_Laptop_20-08-17 - [verifyingTheBrandsFilterFunctionality_Laptop_20-08-17] Within filterCheckUnderList method
20:08:38 [TestNG-test-Test-2] INFO  verifyingTheBrandsFilterFunctionality_Laptop_20-08-17 - [verifyingTheBrandsFilterFunctionality_Laptop_20-08-17] Found the Filter within the filter check List
20:08:38 [TestNG-test-Test-2] INFO  verifyingTheBrandsFilterFunctionality_Laptop_20-08-17 - [verifyingTheBrandsFilterFunctionality_Laptop_20-08-17] Within safeFindElements 
20:08:44 [TestNG-test-Test-2] INFO  verifyingTheBrandsFilterFunctionality_Laptop_20-08-17 - [verifyingTheBrandsFilterFunctionality_Laptop_20-08-17] Retrying findElements for:By.xpath: //span[@class='a-size-base a-color-base puis-bold-weight-text' and text()='Brands']/parent::div/following-sibling::div[@class='a-section a-spacing-medium sf-navigation-searchable-content']//span[@class='a-size-base a-color-base']
20:08:45 [TestNG-test-Test-2] INFO  verifyingTheBrandsFilterFunctionality_Laptop_20-08-17 - [verifyingTheBrandsFilterFunctionality_Laptop_20-08-17] Refreshing the page while trying to find :By.xpath: //span[@class='a-size-base a-color-base puis-bold-weight-text' and text()='Brands']/parent::div/following-sibling::div[@class='a-section a-spacing-medium sf-navigation-searchable-content']//span[@class='a-size-base a-color-base']
20:08:45 [TestNG-test-Test-2] INFO  verifyingTheBrandsFilterFunctionality_Laptop_20-08-17 - [verifyingTheBrandsFilterFunctionality_Laptop_20-08-17] Skipping action Elements not found after1  Attempts
20:08:50 [TestNG-test-Test-2] INFO  verifyingTheBrandsFilterFunctionality_Laptop_20-08-17 - [verifyingTheBrandsFilterFunctionality_Laptop_20-08-17] Retrying findElements for:By.xpath: //span[@class='a-size-base a-color-base puis-bold-weight-text' and text()='Brands']/parent::div/following-sibling::div[@class='a-section a-spacing-medium sf-navigation-searchable-content']//span[@class='a-size-base a-color-base']
20:08:52 [TestNG-test-Test-2] INFO  verifyingTheBrandsFilterFunctionality_Laptop_20-08-17 - [verifyingTheBrandsFilterFunctionality_Laptop_20-08-17] Refreshing the page while trying to find :By.xpath: //span[@class='a-size-base a-color-base puis-bold-weight-text' and text()='Brands']/parent::div/following-sibling::div[@class='a-section a-spacing-medium sf-navigation-searchable-content']//span[@class='a-size-base a-color-base']
20:08:52 [TestNG-test-Test-2] INFO  verifyingTheBrandsFilterFunctionality_Laptop_20-08-17 - [verifyingTheBrandsFilterFunctionality_Laptop_20-08-17] Skipping action Elements not found after2  Attempts
20:08:52 [TestNG-test-Test-2] INFO  verifyingTheBrandsFilterFunctionality_Laptop_20-08-17 - [verifyingTheBrandsFilterFunctionality_Laptop_20-08-17] Within applyFilterAndValidateBrandsFilterWithResult method
20:08:52 [TestNG-test-Test-2] INFO  verifyingTheBrandsFilterFunctionality_Laptop_20-08-17 - [verifyingTheBrandsFilterFunctionality_Laptop_20-08-17] Scrolling to the 'More' Button under brands filter section
20:08:52 [TestNG-test-Test-2] INFO  verifyingTheBrandsFilterFunctionality_Laptop_20-08-17 - [verifyingTheBrandsFilterFunctionality_Laptop_20-08-17] Within safeFindElement method
20:08:52 [TestNG-test-Test-2] INFO  verifyingTheBrandsFilterFunctionality_Laptop_20-08-17 - [verifyingTheBrandsFilterFunctionality_Laptop_20-08-17]Found the element returning it ,element ->[[ChromeDriver: chrome on windows (80c0342bcbdd0abb7f6e906f3703ca6f)] -> xpath: //a[@aria-label='See more, Brands']]
20:08:52 [TestNG-test-Test-2] INFO  verifyingTheBrandsFilterFunctionality_Laptop_20-08-17 - [verifyingTheBrandsFilterFunctionality_Laptop_20-08-17] Within smoothScrollToElement method
20:08:52 [TestNG-test-Test-2] INFO  verifyingTheBrandsFilterFunctionality_Laptop_20-08-17 - [verifyingTheBrandsFilterFunctionality_Laptop_20-08-17] Within safeFindElement method
20:08:52 [TestNG-test-Test-2] INFO  verifyingTheBrandsFilterFunctionality_Laptop_20-08-17 - [verifyingTheBrandsFilterFunctionality_Laptop_20-08-17]Found the element returning it ,element ->[[ChromeDriver: chrome on windows (80c0342bcbdd0abb7f6e906f3703ca6f)] -> xpath: //a[@aria-label='See more, Brands']]
20:08:52 [TestNG-test-Test-2] INFO  verifyingTheBrandsFilterFunctionality_Laptop_20-08-17 - [verifyingTheBrandsFilterFunctionality_Laptop_20-08-17] Successfully scrolled to element: By.xpath: //a[@aria-label='See more, Brands']
20:08:52 [TestNG-test-Test-2] INFO  verifyingTheBrandsFilterFunctionality_Laptop_20-08-17 - [verifyingTheBrandsFilterFunctionality_Laptop_20-08-17] Within safeClick method
20:08:52 [TestNG-test-Test-2] INFO  verifyingTheBrandsFilterFunctionality_Laptop_20-08-17 - [verifyingTheBrandsFilterFunctionality_Laptop_20-08-17] Clicked the  [[ChromeDriver: chrome on windows (80c0342bcbdd0abb7f6e906f3703ca6f)] -> xpath: //a[@aria-label='See more, Brands']]   using safeClick
20:08:52 [TestNG-test-Test-2] INFO  verifyingTheBrandsFilterFunctionality_Laptop_20-08-17 - [verifyingTheBrandsFilterFunctionality_Laptop_20-08-17] Clicked the 'More' Button under brands filter section
20:08:52 [TestNG-test-Test-2] INFO  verifyingTheBrandsFilterFunctionality_Laptop_20-08-17 - [verifyingTheBrandsFilterFunctionality_Laptop_20-08-17] Within safeFindElements 
20:08:52 [TestNG-test-Test-2] INFO  verifyingTheBrandsFilterFunctionality_Laptop_20-08-17 - [verifyingTheBrandsFilterFunctionality_Laptop_20-08-17] Returning the  [[[ChromeDriver: chrome on windows (80c0342bcbdd0abb7f6e906f3703ca6f)] -> xpath: //ul[@id='filter-p_123']//span[@class='a-size-base a-color-base']], [[ChromeDriver: chrome on windows (80c0342bcbdd0abb7f6e906f3703ca6f)] -> xpath: //ul[@id='filter-p_123']//span[@class='a-size-base a-color-base']], [[ChromeDriver: chrome on windows (80c0342bcbdd0abb7f6e906f3703ca6f)] -> xpath: //ul[@id='filter-p_123']//span[@class='a-size-base a-color-base']], [[ChromeDriver: chrome on windows (80c0342bcbdd0abb7f6e906f3703ca6f)] -> xpath: //ul[@id='filter-p_123']//span[@class='a-size-base a-color-base']], [[ChromeDriver: chrome on windows (80c0342bcbdd0abb7f6e906f3703ca6f)] -> xpath: //ul[@id='filter-p_123']//span[@class='a-size-base a-color-base']], [[ChromeDriver: chrome on windows (80c0342bcbdd0abb7f6e906f3703ca6f)] -> xpath: //ul[@id='filter-p_123']//span[@class='a-size-base a-color-base']], [[ChromeDriver: chrome on windows (80c0342bcbdd0abb7f6e906f3703ca6f)] -> xpath: //ul[@id='filter-p_123']//span[@class='a-size-base a-color-base']], [[ChromeDriver: chrome on windows (80c0342bcbdd0abb7f6e906f3703ca6f)] -> xpath: //ul[@id='filter-p_123']//span[@class='a-size-base a-color-base']], [[ChromeDriver: chrome on windows (80c0342bcbdd0abb7f6e906f3703ca6f)] -> xpath: //ul[@id='filter-p_123']//span[@class='a-size-base a-color-base']], [[ChromeDriver: chrome on windows (80c0342bcbdd0abb7f6e906f3703ca6f)] -> xpath: //ul[@id='filter-p_123']//span[@class='a-size-base a-color-base']], [[ChromeDriver: chrome on windows (80c0342bcbdd0abb7f6e906f3703ca6f)] -> xpath: //ul[@id='filter-p_123']//span[@class='a-size-base a-color-base']]] from the safeFindElements method
20:08:52 [TestNG-test-Test-2] INFO  verifyingTheBrandsFilterFunctionality_Laptop_20-08-17 - [verifyingTheBrandsFilterFunctionality_Laptop_20-08-17] Within the filterOptions loop 
20:08:52 [TestNG-test-Test-2] INFO  verifyingTheBrandsFilterFunctionality_Laptop_20-08-17 - [verifyingTheBrandsFilterFunctionality_Laptop_20-08-17] Within safeFindElements 
20:08:52 [TestNG-test-Test-2] INFO  verifyingTheBrandsFilterFunctionality_Laptop_20-08-17 - [verifyingTheBrandsFilterFunctionality_Laptop_20-08-17] Returning the  [[[ChromeDriver: chrome on windows (80c0342bcbdd0abb7f6e906f3703ca6f)] -> xpath: //ul[@id='filter-p_123']//span[@class='a-size-base a-color-base']], [[ChromeDriver: chrome on windows (80c0342bcbdd0abb7f6e906f3703ca6f)] -> xpath: //ul[@id='filter-p_123']//span[@class='a-size-base a-color-base']], [[ChromeDriver: chrome on windows (80c0342bcbdd0abb7f6e906f3703ca6f)] -> xpath: //ul[@id='filter-p_123']//span[@class='a-size-base a-color-base']], [[ChromeDriver: chrome on windows (80c0342bcbdd0abb7f6e906f3703ca6f)] -> xpath: //ul[@id='filter-p_123']//span[@class='a-size-base a-color-base']], [[ChromeDriver: chrome on windows (80c0342bcbdd0abb7f6e906f3703ca6f)] -> xpath: //ul[@id='filter-p_123']//span[@class='a-size-base a-color-base']], [[ChromeDriver: chrome on windows (80c0342bcbdd0abb7f6e906f3703ca6f)] -> xpath: //ul[@id='filter-p_123']//span[@class='a-size-base a-color-base']], [[ChromeDriver: chrome on windows (80c0342bcbdd0abb7f6e906f3703ca6f)] -> xpath: //ul[@id='filter-p_123']//span[@class='a-size-base a-color-base']], [[ChromeDriver: chrome on windows (80c0342bcbdd0abb7f6e906f3703ca6f)] -> xpath: //ul[@id='filter-p_123']//span[@class='a-size-base a-color-base']], [[ChromeDriver: chrome on windows (80c0342bcbdd0abb7f6e906f3703ca6f)] -> xpath: //ul[@id='filter-p_123']//span[@class='a-size-base a-color-base']], [[ChromeDriver: chrome on windows (80c0342bcbdd0abb7f6e906f3703ca6f)] -> xpath: //ul[@id='filter-p_123']//span[@class='a-size-base a-color-base']], [[ChromeDriver: chrome on windows (80c0342bcbdd0abb7f6e906f3703ca6f)] -> xpath: //ul[@id='filter-p_123']//span[@class='a-size-base a-color-base']]] from the safeFindElements method
20:08:52 [TestNG-test-Test-2] INFO  verifyingTheBrandsFilterFunctionality_Laptop_20-08-17 - [verifyingTheBrandsFilterFunctionality_Laptop_20-08-17] Within safeFindElement method
20:08:52 [TestNG-test-Test-2] INFO  verifyingTheBrandsFilterFunctionality_Laptop_20-08-17 - [verifyingTheBrandsFilterFunctionality_Laptop_20-08-17]Found the element returning it ,element ->[[ChromeDriver: chrome on windows (80c0342bcbdd0abb7f6e906f3703ca6f)] -> xpath: //a[@aria-label='See more, Brands']]
20:08:52 [TestNG-test-Test-2] INFO  verifyingTheBrandsFilterFunctionality_Laptop_20-08-17 - [verifyingTheBrandsFilterFunctionality_Laptop_20-08-17] Within smoothScrollToElement method
20:08:52 [TestNG-test-Test-2] INFO  verifyingTheBrandsFilterFunctionality_Laptop_20-08-17 - [verifyingTheBrandsFilterFunctionality_Laptop_20-08-17] Within safeFindElement method
20:08:52 [TestNG-test-Test-2] INFO  verifyingTheBrandsFilterFunctionality_Laptop_20-08-17 - [verifyingTheBrandsFilterFunctionality_Laptop_20-08-17]Found the element returning it ,element ->[[ChromeDriver: chrome on windows (80c0342bcbdd0abb7f6e906f3703ca6f)] -> xpath: //a[@aria-label='See more, Brands']]
20:08:52 [TestNG-test-Test-2] INFO  verifyingTheBrandsFilterFunctionality_Laptop_20-08-17 - [verifyingTheBrandsFilterFunctionality_Laptop_20-08-17] Successfully scrolled to element: By.xpath: //a[@aria-label='See more, Brands']
20:08:52 [TestNG-test-Test-2] INFO  verifyingTheBrandsFilterFunctionality_Laptop_20-08-17 - [verifyingTheBrandsFilterFunctionality_Laptop_20-08-17] Within safeClick method
20:08:52 [TestNG-test-Test-2] INFO  verifyingTheBrandsFilterFunctionality_Laptop_20-08-17 - [verifyingTheBrandsFilterFunctionality_Laptop_20-08-17] Clicked the  [[ChromeDriver: chrome on windows (80c0342bcbdd0abb7f6e906f3703ca6f)] -> xpath: //a[@aria-label='See more, Brands']]   using safeClick
20:08:52 [TestNG-test-Test-2] INFO  verifyingTheBrandsFilterFunctionality_Laptop_20-08-17 - [verifyingTheBrandsFilterFunctionality_Laptop_20-08-17] Within safeFindElements 
20:08:52 [TestNG-test-Test-2] INFO  verifyingTheBrandsFilterFunctionality_Laptop_20-08-17 - [verifyingTheBrandsFilterFunctionality_Laptop_20-08-17] Returning the  [[[ChromeDriver: chrome on windows (80c0342bcbdd0abb7f6e906f3703ca6f)] -> xpath: //ul[@id='filter-p_123']//span[@class='a-size-base a-color-base']], [[ChromeDriver: chrome on windows (80c0342bcbdd0abb7f6e906f3703ca6f)] -> xpath: //ul[@id='filter-p_123']//span[@class='a-size-base a-color-base']], [[ChromeDriver: chrome on windows (80c0342bcbdd0abb7f6e906f3703ca6f)] -> xpath: //ul[@id='filter-p_123']//span[@class='a-size-base a-color-base']], [[ChromeDriver: chrome on windows (80c0342bcbdd0abb7f6e906f3703ca6f)] -> xpath: //ul[@id='filter-p_123']//span[@class='a-size-base a-color-base']], [[ChromeDriver: chrome on windows (80c0342bcbdd0abb7f6e906f3703ca6f)] -> xpath: //ul[@id='filter-p_123']//span[@class='a-size-base a-color-base']], [[ChromeDriver: chrome on windows (80c0342bcbdd0abb7f6e906f3703ca6f)] -> xpath: //ul[@id='filter-p_123']//span[@class='a-size-base a-color-base']], [[ChromeDriver: chrome on windows (80c0342bcbdd0abb7f6e906f3703ca6f)] -> xpath: //ul[@id='filter-p_123']//span[@class='a-size-base a-color-base']], [[ChromeDriver: chrome on windows (80c0342bcbdd0abb7f6e906f3703ca6f)] -> xpath: //ul[@id='filter-p_123']//span[@class='a-size-base a-color-base']], [[ChromeDriver: chrome on windows (80c0342bcbdd0abb7f6e906f3703ca6f)] -> xpath: //ul[@id='filter-p_123']//span[@class='a-size-base a-color-base']], [[ChromeDriver: chrome on windows (80c0342bcbdd0abb7f6e906f3703ca6f)] -> xpath: //ul[@id='filter-p_123']//span[@class='a-size-base a-color-base']], [[ChromeDriver: chrome on windows (80c0342bcbdd0abb7f6e906f3703ca6f)] -> xpath: //ul[@id='filter-p_123']//span[@class='a-size-base a-color-base']]] from the safeFindElements method
20:08:52 [TestNG-test-Test-2] INFO  verifyingTheBrandsFilterFunctionality_Laptop_20-08-17 - [verifyingTheBrandsFilterFunctionality_Laptop_20-08-17] Within getfilterByTypeAndName method
20:08:52 [TestNG-test-Test-2] INFO  verifyingTheBrandsFilterFunctionality_Laptop_20-08-17 - [verifyingTheBrandsFilterFunctionality_Laptop_20-08-17] Within safeClickBooleanWithScreenShot method
20:08:52 [TestNG-test-Test-2] INFO  verifyingTheBrandsFilterFunctionality_Laptop_20-08-17 - [verifyingTheBrandsFilterFunctionality_Laptop_20-08-17] Within getAppliedfilterByTypeAndName method
20:08:52 [TestNG-test-Test-2] INFO  verifyingTheBrandsFilterFunctionality_Laptop_20-08-17 - [verifyingTheBrandsFilterFunctionality_Laptop_20-08-17] Within smoothScrollToElement method
20:08:52 [TestNG-test-Test-2] INFO  verifyingTheBrandsFilterFunctionality_Laptop_20-08-17 - [verifyingTheBrandsFilterFunctionality_Laptop_20-08-17] Within safeFindElement method
20:08:52 [TestNG-test-Test-2] INFO  verifyingTheBrandsFilterFunctionality_Laptop_20-08-17 - [verifyingTheBrandsFilterFunctionality_Laptop_20-08-17]Found the element returning it ,element ->[[ChromeDriver: chrome on windows (80c0342bcbdd0abb7f6e906f3703ca6f)] -> xpath: //span[@class='a-size-base a-color-base puis-bold-weight-text' and text()='Brands']]
20:08:52 [TestNG-test-Test-2] INFO  verifyingTheBrandsFilterFunctionality_Laptop_20-08-17 - [verifyingTheBrandsFilterFunctionality_Laptop_20-08-17] Successfully scrolled to element: By.xpath: //span[@class='a-size-base a-color-base puis-bold-weight-text' and text()='Brands']
20:08:52 [TestNG-test-Test-2] INFO  verifyingTheBrandsFilterFunctionality_Laptop_20-08-17 - [verifyingTheBrandsFilterFunctionality_Laptop_20-08-17] Within getMoreButtonByFilterTypeAndName method
20:08:52 [TestNG-test-Test-2] INFO  verifyingTheBrandsFilterFunctionality_Laptop_20-08-17 - [verifyingTheBrandsFilterFunctionality_Laptop_20-08-17] could not find more button
20:08:52 [TestNG-test-Test-2] INFO  verifyingTheBrandsFilterFunctionality_Laptop_20-08-17 - [verifyingTheBrandsFilterFunctionality_Laptop_20-08-17] Within getAppliedfilterByTypeAndName method
20:08:52 [TestNG-test-Test-2] INFO  verifyingTheBrandsFilterFunctionality_Laptop_20-08-17 - [verifyingTheBrandsFilterFunctionality_Laptop_20-08-17] Within smoothScrollToElement method
20:08:52 [TestNG-test-Test-2] INFO  verifyingTheBrandsFilterFunctionality_Laptop_20-08-17 - [verifyingTheBrandsFilterFunctionality_Laptop_20-08-17] Within safeFindElement method
20:08:54 [TestNG-test-Test-2] INFO  verifyingTheBrandsFilterFunctionality_Laptop_20-08-17 - [verifyingTheBrandsFilterFunctionality_Laptop_20-08-17]Found the element returning it ,element ->[[ChromeDriver: chrome on windows (80c0342bcbdd0abb7f6e906f3703ca6f)] -> xpath: //span[@class='a-size-base a-color-base puis-bold-weight-text' and text()='Brands']]
20:08:54 [TestNG-test-Test-2] INFO  verifyingTheBrandsFilterFunctionality_Laptop_20-08-17 - [verifyingTheBrandsFilterFunctionality_Laptop_20-08-17] Successfully scrolled to element: By.xpath: //span[@class='a-size-base a-color-base puis-bold-weight-text' and text()='Brands']
20:08:54 [TestNG-test-Test-2] INFO  verifyingTheBrandsFilterFunctionality_Laptop_20-08-17 - [verifyingTheBrandsFilterFunctionality_Laptop_20-08-17] Within getMoreButtonByFilterTypeAndName method
20:08:54 [TestNG-test-Test-2] INFO  verifyingTheBrandsFilterFunctionality_Laptop_20-08-17 - [verifyingTheBrandsFilterFunctionality_Laptop_20-08-17] could not find more button
20:08:54 [TestNG-test-Test-2] INFO  verifyingTheBrandsFilterFunctionality_Laptop_20-08-17 - [verifyingTheBrandsFilterFunctionality_Laptop_20-08-17] Within getfilterByTypeAndName method
20:08:54 [TestNG-test-Test-2] INFO  verifyingTheBrandsFilterFunctionality_Laptop_20-08-17 - [verifyingTheBrandsFilterFunctionality_Laptop_20-08-17] Within smoothScrollToElement method
20:08:54 [TestNG-test-Test-2] INFO  verifyingTheBrandsFilterFunctionality_Laptop_20-08-17 - [verifyingTheBrandsFilterFunctionality_Laptop_20-08-17] Within safeFindElement method
20:08:59 [TestNG-test-Test-2] INFO  verifyingTheBrandsFilterFunctionality_Laptop_20-08-17 - [verifyingTheBrandsFilterFunctionality_Laptop_20-08-17]Retrying findElement for: ->By.xpath: //ul[@id='filter-p_123']//span[@class='a-size-base a-color-base' and text()='Lenovo']
20:09:00 [TestNG-test-Test-2] INFO  verifyingTheBrandsFilterFunctionality_Laptop_20-08-17 - [verifyingTheBrandsFilterFunctionality_Laptop_20-08-17]Refrehsing the page , while trying to safely find : ->By.xpath: //ul[@id='filter-p_123']//span[@class='a-size-base a-color-base' and text()='Lenovo']
20:09:05 [TestNG-test-Test-2] INFO  verifyingTheBrandsFilterFunctionality_Laptop_20-08-17 - [verifyingTheBrandsFilterFunctionality_Laptop_20-08-17]Retrying findElement for: ->By.xpath: //ul[@id='filter-p_123']//span[@class='a-size-base a-color-base' and text()='Lenovo']
20:09:07 [TestNG-test-Test-2] INFO  verifyingTheBrandsFilterFunctionality_Laptop_20-08-17 - [verifyingTheBrandsFilterFunctionality_Laptop_20-08-17]Refrehsing the page , while trying to safely find : ->By.xpath: //ul[@id='filter-p_123']//span[@class='a-size-base a-color-base' and text()='Lenovo']
20:09:07 [TestNG-test-Test-2] INFO  verifyingTheBrandsFilterFunctionality_Laptop_20-08-17 - [verifyingTheBrandsFilterFunctionality_Laptop_20-08-17] Skipping action: Element not found after 2   attemps
20:09:07 [TestNG-test-Test-2] WARN  verifyingTheBrandsFilterFunctionality_Laptop_20-08-17 - [verifyingTheBrandsFilterFunctionality_Laptop_20-08-17] Element not found for locator: By.xpath: //ul[@id='filter-p_123']//span[@class='a-size-base a-color-base' and text()='Lenovo']
20:09:07 [TestNG-test-Test-2] INFO  verifyingTheBrandsFilterFunctionality_Laptop_20-08-17 - [verifyingTheBrandsFilterFunctionality_Laptop_20-08-17] Clicked the element using safe click ,element is [[ChromeDriver: chrome on windows (80c0342bcbdd0abb7f6e906f3703ca6f)] -> xpath: //ul[@id='filter-p_123']//span[@class='a-size-base a-color-base' and text()='Lenovo']]
20:09:07 [TestNG-test-Test-2] INFO  verifyingTheBrandsFilterFunctionality_Laptop_20-08-17 - [verifyingTheBrandsFilterFunctionality_Laptop_20-08-17] Clicked on LenovoWithin the filterOptions loop
20:09:07 [TestNG-test-Test-2] INFO  verifyingTheBrandsFilterFunctionality_Laptop_20-08-17 - [verifyingTheBrandsFilterFunctionality_Laptop_20-08-17] Within safeFindElements 
20:09:07 [TestNG-test-Test-2] INFO  verifyingTheBrandsFilterFunctionality_Laptop_20-08-17 - [verifyingTheBrandsFilterFunctionality_Laptop_20-08-17] Returning the  [[[ChromeDriver: chrome on windows (80c0342bcbdd0abb7f6e906f3703ca6f)] -> xpath: //div[@data-cy='title-recipe']], [[ChromeDriver: chrome on windows (80c0342bcbdd0abb7f6e906f3703ca6f)] -> xpath: //div[@data-cy='title-recipe']], [[ChromeDriver: chrome on windows (80c0342bcbdd0abb7f6e906f3703ca6f)] -> xpath: //div[@data-cy='title-recipe']], [[ChromeDriver: chrome on windows (80c0342bcbdd0abb7f6e906f3703ca6f)] -> xpath: //div[@data-cy='title-recipe']], [[ChromeDriver: chrome on windows (80c0342bcbdd0abb7f6e906f3703ca6f)] -> xpath: //div[@data-cy='title-recipe']], [[ChromeDriver: chrome on windows (80c0342bcbdd0abb7f6e906f3703ca6f)] -> xpath: //div[@data-cy='title-recipe']], [[ChromeDriver: chrome on windows (80c0342bcbdd0abb7f6e906f3703ca6f)] -> xpath: //div[@data-cy='title-recipe']], [[ChromeDriver: chrome on windows (80c0342bcbdd0abb7f6e906f3703ca6f)] -> xpath: //div[@data-cy='title-recipe']], [[ChromeDriver: chrome on windows (80c0342bcbdd0abb7f6e906f3703ca6f)] -> xpath: //div[@data-cy='title-recipe']], [[ChromeDriver: chrome on windows (80c0342bcbdd0abb7f6e906f3703ca6f)] -> xpath: //div[@data-cy='title-recipe']], [[ChromeDriver: chrome on windows (80c0342bcbdd0abb7f6e906f3703ca6f)] -> xpath: //div[@data-cy='title-recipe']], [[ChromeDriver: chrome on windows (80c0342bcbdd0abb7f6e906f3703ca6f)] -> xpath: //div[@data-cy='title-recipe']], [[ChromeDriver: chrome on windows (80c0342bcbdd0abb7f6e906f3703ca6f)] -> xpath: //div[@data-cy='title-recipe']], [[ChromeDriver: chrome on windows (80c0342bcbdd0abb7f6e906f3703ca6f)] -> xpath: //div[@data-cy='title-recipe']], [[ChromeDriver: chrome on windows (80c0342bcbdd0abb7f6e906f3703ca6f)] -> xpath: //div[@data-cy='title-recipe']], [[ChromeDriver: chrome on windows (80c0342bcbdd0abb7f6e906f3703ca6f)] -> xpath: //div[@data-cy='title-recipe']]] from the safeFindElements method
20:09:07 [TestNG-test-Test-2] INFO  verifyingTheBrandsFilterFunctionality_Laptop_20-08-17 - [verifyingTheBrandsFilterFunctionality_Laptop_20-08-17] Within productNameListingPage loop with product index 0and filter name Lenovo
20:09:07 [TestNG-test-Test-2] INFO  verifyingTheBrandsFilterFunctionality_Laptop_20-08-17 - [verifyingTheBrandsFilterFunctionality_Laptop_20-08-17] Within productNameListingPage loop with product index 1and filter name Lenovo
20:09:07 [TestNG-test-Test-2] INFO  verifyingTheBrandsFilterFunctionality_Laptop_20-08-17 - [verifyingTheBrandsFilterFunctionality_Laptop_20-08-17] Within productNameListingPage loop with product index 2and filter name Lenovo
20:09:07 [TestNG-test-Test-2] INFO  verifyingTheBrandsFilterFunctionality_Laptop_20-08-17 - [verifyingTheBrandsFilterFunctionality_Laptop_20-08-17] Within productNameListingPage loop with product index 3and filter name Lenovo
20:09:07 [TestNG-test-Test-2] INFO  verifyingTheBrandsFilterFunctionality_Laptop_20-08-17 - [verifyingTheBrandsFilterFunctionality_Laptop_20-08-17] Within productNameListingPage loop with product index 4and filter name Lenovo
20:09:07 [TestNG-test-Test-2] INFO  verifyingTheBrandsFilterFunctionality_Laptop_20-08-17 - [verifyingTheBrandsFilterFunctionality_Laptop_20-08-17] Within productNameListingPage loop with product index 5and filter name Lenovo
20:09:07 [TestNG-test-Test-2] INFO  verifyingTheBrandsFilterFunctionality_Laptop_20-08-17 - [verifyingTheBrandsFilterFunctionality_Laptop_20-08-17] Within productNameListingPage loop with product index 6and filter name Lenovo
20:09:07 [TestNG-test-Test-2] INFO  verifyingTheBrandsFilterFunctionality_Laptop_20-08-17 - [verifyingTheBrandsFilterFunctionality_Laptop_20-08-17] Within productNameListingPage loop with product index 7and filter name Lenovo
20:09:07 [TestNG-test-Test-2] INFO  verifyingTheBrandsFilterFunctionality_Laptop_20-08-17 - [verifyingTheBrandsFilterFunctionality_Laptop_20-08-17] Within productNameListingPage loop with product index 8and filter name Lenovo
20:09:07 [TestNG-test-Test-2] INFO  verifyingTheBrandsFilterFunctionality_Laptop_20-08-17 - [verifyingTheBrandsFilterFunctionality_Laptop_20-08-17] Within productNameListingPage loop with product index 9and filter name Lenovo
20:09:07 [TestNG-test-Test-2] INFO  verifyingTheBrandsFilterFunctionality_Laptop_20-08-17 - [verifyingTheBrandsFilterFunctionality_Laptop_20-08-17] Within productNameListingPage loop with product index 10and filter name Lenovo
20:09:07 [TestNG-test-Test-2] INFO  verifyingTheBrandsFilterFunctionality_Laptop_20-08-17 - [verifyingTheBrandsFilterFunctionality_Laptop_20-08-17] Within productNameListingPage loop with product index 11and filter name Lenovo
20:09:07 [TestNG-test-Test-2] INFO  verifyingTheBrandsFilterFunctionality_Laptop_20-08-17 - [verifyingTheBrandsFilterFunctionality_Laptop_20-08-17] Within productNameListingPage loop with product index 12and filter name Lenovo
20:09:07 [TestNG-test-Test-2] INFO  verifyingTheBrandsFilterFunctionality_Laptop_20-08-17 - [verifyingTheBrandsFilterFunctionality_Laptop_20-08-17] Within productNameListingPage loop with product index 13and filter name Lenovo
20:09:07 [TestNG-test-Test-2] INFO  verifyingTheBrandsFilterFunctionality_Laptop_20-08-17 - [verifyingTheBrandsFilterFunctionality_Laptop_20-08-17] Within productNameListingPage loop with product index 14and filter name Lenovo
20:09:07 [TestNG-test-Test-2] INFO  verifyingTheBrandsFilterFunctionality_Laptop_20-08-17 - [verifyingTheBrandsFilterFunctionality_Laptop_20-08-17] Within productNameListingPage loop with product index 15and filter name Lenovo
20:09:07 [TestNG-test-Test-2] INFO  verifyingTheBrandsFilterFunctionality_Laptop_20-08-17 - [verifyingTheBrandsFilterFunctionality_Laptop_20-08-17] Creating 'result' Map for storing ,'brand','isValid','mismatches list' with map size ->3
20:09:07 [TestNG-test-Test-2] INFO  verifyingTheBrandsFilterFunctionality_Laptop_20-08-17 - [verifyingTheBrandsFilterFunctionality_Laptop_20-08-17] Adding 'result' with the data into 'allResults' i.e list of Map3
20:09:07 [TestNG-test-Test-2] INFO  verifyingTheBrandsFilterFunctionality_Laptop_20-08-17 - [verifyingTheBrandsFilterFunctionality_Laptop_20-08-17] Waiting until element is visible in viewport
20:09:07 [TestNG-test-Test-2] INFO  verifyingTheBrandsFilterFunctionality_Laptop_20-08-17 - [verifyingTheBrandsFilterFunctionality_Laptop_20-08-17] Within safeClick method
20:09:07 [TestNG-test-Test-2] INFO  verifyingTheBrandsFilterFunctionality_Laptop_20-08-17 - [verifyingTheBrandsFilterFunctionality_Laptop_20-08-17] Clicked the  [[ChromeDriver: chrome on windows (80c0342bcbdd0abb7f6e906f3703ca6f)] -> xpath: //span[@class='a-size-base a-color-base' and text()='Clear']]   using safeClick
20:09:07 [TestNG-test-Test-2] INFO  verifyingTheBrandsFilterFunctionality_Laptop_20-08-17 - [verifyingTheBrandsFilterFunctionality_Laptop_20-08-17] Clicked clear button for the filter ->Lenovo
20:09:07 [TestNG-test-Test-2] INFO  verifyingTheBrandsFilterFunctionality_Laptop_20-08-17 - [verifyingTheBrandsFilterFunctionality_Laptop_20-08-17] Within the filterOptions loop 
20:09:07 [TestNG-test-Test-2] INFO  verifyingTheBrandsFilterFunctionality_Laptop_20-08-17 - [verifyingTheBrandsFilterFunctionality_Laptop_20-08-17] Within safeFindElements 
20:09:08 [TestNG-test-Test-2] INFO  verifyingTheBrandsFilterFunctionality_Laptop_20-08-17 - [verifyingTheBrandsFilterFunctionality_Laptop_20-08-17] Returning the  [[[ChromeDriver: chrome on windows (80c0342bcbdd0abb7f6e906f3703ca6f)] -> xpath: //ul[@id='filter-p_123']//span[@class='a-size-base a-color-base']], [[ChromeDriver: chrome on windows (80c0342bcbdd0abb7f6e906f3703ca6f)] -> xpath: //ul[@id='filter-p_123']//span[@class='a-size-base a-color-base']], [[ChromeDriver: chrome on windows (80c0342bcbdd0abb7f6e906f3703ca6f)] -> xpath: //ul[@id='filter-p_123']//span[@class='a-size-base a-color-base']], [[ChromeDriver: chrome on windows (80c0342bcbdd0abb7f6e906f3703ca6f)] -> xpath: //ul[@id='filter-p_123']//span[@class='a-size-base a-color-base']], [[ChromeDriver: chrome on windows (80c0342bcbdd0abb7f6e906f3703ca6f)] -> xpath: //ul[@id='filter-p_123']//span[@class='a-size-base a-color-base']], [[ChromeDriver: chrome on windows (80c0342bcbdd0abb7f6e906f3703ca6f)] -> xpath: //ul[@id='filter-p_123']//span[@class='a-size-base a-color-base']], [[ChromeDriver: chrome on windows (80c0342bcbdd0abb7f6e906f3703ca6f)] -> xpath: //ul[@id='filter-p_123']//span[@class='a-size-base a-color-base']], [[ChromeDriver: chrome on windows (80c0342bcbdd0abb7f6e906f3703ca6f)] -> xpath: //ul[@id='filter-p_123']//span[@class='a-size-base a-color-base']], [[ChromeDriver: chrome on windows (80c0342bcbdd0abb7f6e906f3703ca6f)] -> xpath: //ul[@id='filter-p_123']//span[@class='a-size-base a-color-base']], [[ChromeDriver: chrome on windows (80c0342bcbdd0abb7f6e906f3703ca6f)] -> xpath: //ul[@id='filter-p_123']//span[@class='a-size-base a-color-base']], [[ChromeDriver: chrome on windows (80c0342bcbdd0abb7f6e906f3703ca6f)] -> xpath: //ul[@id='filter-p_123']//span[@class='a-size-base a-color-base']]] from the safeFindElements method
20:09:08 [TestNG-test-Test-2] INFO  verifyingTheBrandsFilterFunctionality_Laptop_20-08-17 - [verifyingTheBrandsFilterFunctionality_Laptop_20-08-17] Within safeFindElement method
20:09:08 [TestNG-test-Test-2] INFO  verifyingTheBrandsFilterFunctionality_Laptop_20-08-17 - [verifyingTheBrandsFilterFunctionality_Laptop_20-08-17]Found the element returning it ,element ->[[ChromeDriver: chrome on windows (80c0342bcbdd0abb7f6e906f3703ca6f)] -> xpath: //a[@aria-label='See more, Brands']]
20:09:08 [TestNG-test-Test-2] INFO  verifyingTheBrandsFilterFunctionality_Laptop_20-08-17 - [verifyingTheBrandsFilterFunctionality_Laptop_20-08-17] Within smoothScrollToElement method
20:09:08 [TestNG-test-Test-2] INFO  verifyingTheBrandsFilterFunctionality_Laptop_20-08-17 - [verifyingTheBrandsFilterFunctionality_Laptop_20-08-17] Within safeFindElement method
20:09:08 [TestNG-test-Test-2] INFO  verifyingTheBrandsFilterFunctionality_Laptop_20-08-17 - [verifyingTheBrandsFilterFunctionality_Laptop_20-08-17]Found the element returning it ,element ->[[ChromeDriver: chrome on windows (80c0342bcbdd0abb7f6e906f3703ca6f)] -> xpath: //a[@aria-label='See more, Brands']]
20:09:08 [TestNG-test-Test-2] INFO  verifyingTheBrandsFilterFunctionality_Laptop_20-08-17 - [verifyingTheBrandsFilterFunctionality_Laptop_20-08-17] Successfully scrolled to element: By.xpath: //a[@aria-label='See more, Brands']
20:09:08 [TestNG-test-Test-2] INFO  verifyingTheBrandsFilterFunctionality_Laptop_20-08-17 - [verifyingTheBrandsFilterFunctionality_Laptop_20-08-17] Within safeClick method
20:09:09 [TestNG-test-Test-2] INFO  verifyingTheBrandsFilterFunctionality_Laptop_20-08-17 - [verifyingTheBrandsFilterFunctionality_Laptop_20-08-17] Clicked the  [[ChromeDriver: chrome on windows (80c0342bcbdd0abb7f6e906f3703ca6f)] -> xpath: //a[@aria-label='See more, Brands']]   using safeClick
20:09:09 [TestNG-test-Test-2] INFO  verifyingTheBrandsFilterFunctionality_Laptop_20-08-17 - [verifyingTheBrandsFilterFunctionality_Laptop_20-08-17] Within safeFindElements 
20:09:09 [TestNG-test-Test-2] INFO  verifyingTheBrandsFilterFunctionality_Laptop_20-08-17 - [verifyingTheBrandsFilterFunctionality_Laptop_20-08-17] Returning the  [[[ChromeDriver: chrome on windows (80c0342bcbdd0abb7f6e906f3703ca6f)] -> xpath: //ul[@id='filter-p_123']//span[@class='a-size-base a-color-base']], [[ChromeDriver: chrome on windows (80c0342bcbdd0abb7f6e906f3703ca6f)] -> xpath: //ul[@id='filter-p_123']//span[@class='a-size-base a-color-base']], [[ChromeDriver: chrome on windows (80c0342bcbdd0abb7f6e906f3703ca6f)] -> xpath: //ul[@id='filter-p_123']//span[@class='a-size-base a-color-base']], [[ChromeDriver: chrome on windows (80c0342bcbdd0abb7f6e906f3703ca6f)] -> xpath: //ul[@id='filter-p_123']//span[@class='a-size-base a-color-base']], [[ChromeDriver: chrome on windows (80c0342bcbdd0abb7f6e906f3703ca6f)] -> xpath: //ul[@id='filter-p_123']//span[@class='a-size-base a-color-base']], [[ChromeDriver: chrome on windows (80c0342bcbdd0abb7f6e906f3703ca6f)] -> xpath: //ul[@id='filter-p_123']//span[@class='a-size-base a-color-base']], [[ChromeDriver: chrome on windows (80c0342bcbdd0abb7f6e906f3703ca6f)] -> xpath: //ul[@id='filter-p_123']//span[@class='a-size-base a-color-base']], [[ChromeDriver: chrome on windows (80c0342bcbdd0abb7f6e906f3703ca6f)] -> xpath: //ul[@id='filter-p_123']//span[@class='a-size-base a-color-base']], [[ChromeDriver: chrome on windows (80c0342bcbdd0abb7f6e906f3703ca6f)] -> xpath: //ul[@id='filter-p_123']//span[@class='a-size-base a-color-base']], [[ChromeDriver: chrome on windows (80c0342bcbdd0abb7f6e906f3703ca6f)] -> xpath: //ul[@id='filter-p_123']//span[@class='a-size-base a-color-base']], [[ChromeDriver: chrome on windows (80c0342bcbdd0abb7f6e906f3703ca6f)] -> xpath: //ul[@id='filter-p_123']//span[@class='a-size-base a-color-base']]] from the safeFindElements method
20:09:09 [TestNG-test-Test-2] INFO  verifyingTheBrandsFilterFunctionality_Laptop_20-08-17 - [verifyingTheBrandsFilterFunctionality_Laptop_20-08-17] Within getfilterByTypeAndName method
20:09:09 [TestNG-test-Test-2] INFO  verifyingTheBrandsFilterFunctionality_Laptop_20-08-17 - [verifyingTheBrandsFilterFunctionality_Laptop_20-08-17] Within safeClickBooleanWithScreenShot method
20:09:09 [TestNG-test-Test-2] INFO  verifyingTheBrandsFilterFunctionality_Laptop_20-08-17 - [verifyingTheBrandsFilterFunctionality_Laptop_20-08-17] Within getAppliedfilterByTypeAndName method
20:09:09 [TestNG-test-Test-2] INFO  verifyingTheBrandsFilterFunctionality_Laptop_20-08-17 - [verifyingTheBrandsFilterFunctionality_Laptop_20-08-17] Within smoothScrollToElement method
20:09:09 [TestNG-test-Test-2] INFO  verifyingTheBrandsFilterFunctionality_Laptop_20-08-17 - [verifyingTheBrandsFilterFunctionality_Laptop_20-08-17] Within safeFindElement method
20:09:09 [TestNG-test-Test-2] INFO  verifyingTheBrandsFilterFunctionality_Laptop_20-08-17 - [verifyingTheBrandsFilterFunctionality_Laptop_20-08-17]Found the element returning it ,element ->[[ChromeDriver: chrome on windows (80c0342bcbdd0abb7f6e906f3703ca6f)] -> xpath: //span[@class='a-size-base a-color-base puis-bold-weight-text' and text()='Brands']]
20:09:09 [TestNG-test-Test-2] INFO  verifyingTheBrandsFilterFunctionality_Laptop_20-08-17 - [verifyingTheBrandsFilterFunctionality_Laptop_20-08-17] Successfully scrolled to element: By.xpath: //span[@class='a-size-base a-color-base puis-bold-weight-text' and text()='Brands']
20:09:09 [TestNG-test-Test-2] INFO  verifyingTheBrandsFilterFunctionality_Laptop_20-08-17 - [verifyingTheBrandsFilterFunctionality_Laptop_20-08-17] Within getMoreButtonByFilterTypeAndName method
20:09:09 [TestNG-test-Test-2] INFO  verifyingTheBrandsFilterFunctionality_Laptop_20-08-17 - [verifyingTheBrandsFilterFunctionality_Laptop_20-08-17] could not find more button
20:09:09 [TestNG-test-Test-2] INFO  verifyingTheBrandsFilterFunctionality_Laptop_20-08-17 - [verifyingTheBrandsFilterFunctionality_Laptop_20-08-17] Within getAppliedfilterByTypeAndName method
20:09:09 [TestNG-test-Test-2] INFO  verifyingTheBrandsFilterFunctionality_Laptop_20-08-17 - [verifyingTheBrandsFilterFunctionality_Laptop_20-08-17] Within smoothScrollToElement method
20:09:09 [TestNG-test-Test-2] INFO  verifyingTheBrandsFilterFunctionality_Laptop_20-08-17 - [verifyingTheBrandsFilterFunctionality_Laptop_20-08-17] Within safeFindElement method
20:09:10 [TestNG-test-Test-2] INFO  verifyingTheBrandsFilterFunctionality_Laptop_20-08-17 - [verifyingTheBrandsFilterFunctionality_Laptop_20-08-17]Found the element returning it ,element ->[[ChromeDriver: chrome on windows (80c0342bcbdd0abb7f6e906f3703ca6f)] -> xpath: //span[@class='a-size-base a-color-base puis-bold-weight-text' and text()='Brands']]
20:09:10 [TestNG-test-Test-2] INFO  verifyingTheBrandsFilterFunctionality_Laptop_20-08-17 - [verifyingTheBrandsFilterFunctionality_Laptop_20-08-17] Successfully scrolled to element: By.xpath: //span[@class='a-size-base a-color-base puis-bold-weight-text' and text()='Brands']
20:09:10 [TestNG-test-Test-2] INFO  verifyingTheBrandsFilterFunctionality_Laptop_20-08-17 - [verifyingTheBrandsFilterFunctionality_Laptop_20-08-17] Within getMoreButtonByFilterTypeAndName method
20:09:10 [TestNG-test-Test-2] INFO  verifyingTheBrandsFilterFunctionality_Laptop_20-08-17 - [verifyingTheBrandsFilterFunctionality_Laptop_20-08-17] could not find more button
20:09:10 [TestNG-test-Test-2] INFO  verifyingTheBrandsFilterFunctionality_Laptop_20-08-17 - [verifyingTheBrandsFilterFunctionality_Laptop_20-08-17] Within getfilterByTypeAndName method
20:09:10 [TestNG-test-Test-2] INFO  verifyingTheBrandsFilterFunctionality_Laptop_20-08-17 - [verifyingTheBrandsFilterFunctionality_Laptop_20-08-17] Within smoothScrollToElement method
20:09:10 [TestNG-test-Test-2] INFO  verifyingTheBrandsFilterFunctionality_Laptop_20-08-17 - [verifyingTheBrandsFilterFunctionality_Laptop_20-08-17] Within safeFindElement method
20:09:15 [TestNG-test-Test-2] INFO  verifyingTheBrandsFilterFunctionality_Laptop_20-08-17 - [verifyingTheBrandsFilterFunctionality_Laptop_20-08-17]Retrying findElement for: ->By.xpath: //ul[@id='filter-p_123']//span[@class='a-size-base a-color-base' and text()='ASUS']
20:09:17 [TestNG-test-Test-2] INFO  verifyingTheBrandsFilterFunctionality_Laptop_20-08-17 - [verifyingTheBrandsFilterFunctionality_Laptop_20-08-17]Refrehsing the page , while trying to safely find : ->By.xpath: //ul[@id='filter-p_123']//span[@class='a-size-base a-color-base' and text()='ASUS']
20:09:22 [TestNG-test-Test-2] INFO  verifyingTheBrandsFilterFunctionality_Laptop_20-08-17 - [verifyingTheBrandsFilterFunctionality_Laptop_20-08-17]Retrying findElement for: ->By.xpath: //ul[@id='filter-p_123']//span[@class='a-size-base a-color-base' and text()='ASUS']
20:09:23 [TestNG-test-Test-2] INFO  verifyingTheBrandsFilterFunctionality_Laptop_20-08-17 - [verifyingTheBrandsFilterFunctionality_Laptop_20-08-17]Refrehsing the page , while trying to safely find : ->By.xpath: //ul[@id='filter-p_123']//span[@class='a-size-base a-color-base' and text()='ASUS']
20:09:23 [TestNG-test-Test-2] INFO  verifyingTheBrandsFilterFunctionality_Laptop_20-08-17 - [verifyingTheBrandsFilterFunctionality_Laptop_20-08-17] Skipping action: Element not found after 2   attemps
20:09:23 [TestNG-test-Test-2] WARN  verifyingTheBrandsFilterFunctionality_Laptop_20-08-17 - [verifyingTheBrandsFilterFunctionality_Laptop_20-08-17] Element not found for locator: By.xpath: //ul[@id='filter-p_123']//span[@class='a-size-base a-color-base' and text()='ASUS']
20:09:23 [TestNG-test-Test-2] INFO  verifyingTheBrandsFilterFunctionality_Laptop_20-08-17 - [verifyingTheBrandsFilterFunctionality_Laptop_20-08-17] Clicked the element using safe click ,element is [[ChromeDriver: chrome on windows (80c0342bcbdd0abb7f6e906f3703ca6f)] -> xpath: //ul[@id='filter-p_123']//span[@class='a-size-base a-color-base' and text()='ASUS']]
20:09:23 [TestNG-test-Test-2] INFO  verifyingTheBrandsFilterFunctionality_Laptop_20-08-17 - [verifyingTheBrandsFilterFunctionality_Laptop_20-08-17] Clicked on ASUSWithin the filterOptions loop
20:09:23 [TestNG-test-Test-2] INFO  verifyingTheBrandsFilterFunctionality_Laptop_20-08-17 - [verifyingTheBrandsFilterFunctionality_Laptop_20-08-17] Within safeFindElements 
20:09:23 [TestNG-test-Test-2] INFO  verifyingTheBrandsFilterFunctionality_Laptop_20-08-17 - [verifyingTheBrandsFilterFunctionality_Laptop_20-08-17] Returning the  [[[ChromeDriver: chrome on windows (80c0342bcbdd0abb7f6e906f3703ca6f)] -> xpath: //div[@data-cy='title-recipe']], [[ChromeDriver: chrome on windows (80c0342bcbdd0abb7f6e906f3703ca6f)] -> xpath: //div[@data-cy='title-recipe']], [[ChromeDriver: chrome on windows (80c0342bcbdd0abb7f6e906f3703ca6f)] -> xpath: //div[@data-cy='title-recipe']], [[ChromeDriver: chrome on windows (80c0342bcbdd0abb7f6e906f3703ca6f)] -> xpath: //div[@data-cy='title-recipe']], [[ChromeDriver: chrome on windows (80c0342bcbdd0abb7f6e906f3703ca6f)] -> xpath: //div[@data-cy='title-recipe']], [[ChromeDriver: chrome on windows (80c0342bcbdd0abb7f6e906f3703ca6f)] -> xpath: //div[@data-cy='title-recipe']], [[ChromeDriver: chrome on windows (80c0342bcbdd0abb7f6e906f3703ca6f)] -> xpath: //div[@data-cy='title-recipe']], [[ChromeDriver: chrome on windows (80c0342bcbdd0abb7f6e906f3703ca6f)] -> xpath: //div[@data-cy='title-recipe']], [[ChromeDriver: chrome on windows (80c0342bcbdd0abb7f6e906f3703ca6f)] -> xpath: //div[@data-cy='title-recipe']], [[ChromeDriver: chrome on windows (80c0342bcbdd0abb7f6e906f3703ca6f)] -> xpath: //div[@data-cy='title-recipe']], [[ChromeDriver: chrome on windows (80c0342bcbdd0abb7f6e906f3703ca6f)] -> xpath: //div[@data-cy='title-recipe']], [[ChromeDriver: chrome on windows (80c0342bcbdd0abb7f6e906f3703ca6f)] -> xpath: //div[@data-cy='title-recipe']], [[ChromeDriver: chrome on windows (80c0342bcbdd0abb7f6e906f3703ca6f)] -> xpath: //div[@data-cy='title-recipe']], [[ChromeDriver: chrome on windows (80c0342bcbdd0abb7f6e906f3703ca6f)] -> xpath: //div[@data-cy='title-recipe']], [[ChromeDriver: chrome on windows (80c0342bcbdd0abb7f6e906f3703ca6f)] -> xpath: //div[@data-cy='title-recipe']], [[ChromeDriver: chrome on windows (80c0342bcbdd0abb7f6e906f3703ca6f)] -> xpath: //div[@data-cy='title-recipe']]] from the safeFindElements method
20:09:23 [TestNG-test-Test-2] INFO  verifyingTheBrandsFilterFunctionality_Laptop_20-08-17 - [verifyingTheBrandsFilterFunctionality_Laptop_20-08-17] Within productNameListingPage loop with product index 0and filter name ASUS
20:09:23 [TestNG-test-Test-2] INFO  verifyingTheBrandsFilterFunctionality_Laptop_20-08-17 - [verifyingTheBrandsFilterFunctionality_Laptop_20-08-17] Within productNameListingPage loop with product index 1and filter name ASUS
20:09:23 [TestNG-test-Test-2] INFO  verifyingTheBrandsFilterFunctionality_Laptop_20-08-17 - [verifyingTheBrandsFilterFunctionality_Laptop_20-08-17] Within productNameListingPage loop with product index 2and filter name ASUS
20:09:23 [TestNG-test-Test-2] INFO  verifyingTheBrandsFilterFunctionality_Laptop_20-08-17 - [verifyingTheBrandsFilterFunctionality_Laptop_20-08-17] Within productNameListingPage loop with product index 3and filter name ASUS
20:09:23 [TestNG-test-Test-2] INFO  verifyingTheBrandsFilterFunctionality_Laptop_20-08-17 - [verifyingTheBrandsFilterFunctionality_Laptop_20-08-17] Within productNameListingPage loop with product index 4and filter name ASUS
20:09:23 [TestNG-test-Test-2] INFO  verifyingTheBrandsFilterFunctionality_Laptop_20-08-17 - [verifyingTheBrandsFilterFunctionality_Laptop_20-08-17] Within productNameListingPage loop with product index 5and filter name ASUS
20:09:23 [TestNG-test-Test-2] INFO  verifyingTheBrandsFilterFunctionality_Laptop_20-08-17 - [verifyingTheBrandsFilterFunctionality_Laptop_20-08-17] Within productNameListingPage loop with product index 6and filter name ASUS
20:09:23 [TestNG-test-Test-2] INFO  verifyingTheBrandsFilterFunctionality_Laptop_20-08-17 - [verifyingTheBrandsFilterFunctionality_Laptop_20-08-17] Within productNameListingPage loop with product index 7and filter name ASUS
20:09:23 [TestNG-test-Test-2] INFO  verifyingTheBrandsFilterFunctionality_Laptop_20-08-17 - [verifyingTheBrandsFilterFunctionality_Laptop_20-08-17] Within productNameListingPage loop with product index 8and filter name ASUS
20:09:23 [TestNG-test-Test-2] INFO  verifyingTheBrandsFilterFunctionality_Laptop_20-08-17 - [verifyingTheBrandsFilterFunctionality_Laptop_20-08-17] Within productNameListingPage loop with product index 9and filter name ASUS
20:09:23 [TestNG-test-Test-2] INFO  verifyingTheBrandsFilterFunctionality_Laptop_20-08-17 - [verifyingTheBrandsFilterFunctionality_Laptop_20-08-17] Within productNameListingPage loop with product index 10and filter name ASUS
20:09:23 [TestNG-test-Test-2] INFO  verifyingTheBrandsFilterFunctionality_Laptop_20-08-17 - [verifyingTheBrandsFilterFunctionality_Laptop_20-08-17] Within productNameListingPage loop with product index 11and filter name ASUS
20:09:23 [TestNG-test-Test-2] INFO  verifyingTheBrandsFilterFunctionality_Laptop_20-08-17 - [verifyingTheBrandsFilterFunctionality_Laptop_20-08-17] Within productNameListingPage loop with product index 12and filter name ASUS
20:09:23 [TestNG-test-Test-2] INFO  verifyingTheBrandsFilterFunctionality_Laptop_20-08-17 - [verifyingTheBrandsFilterFunctionality_Laptop_20-08-17] Within productNameListingPage loop with product index 13and filter name ASUS
20:09:23 [TestNG-test-Test-2] INFO  verifyingTheBrandsFilterFunctionality_Laptop_20-08-17 - [verifyingTheBrandsFilterFunctionality_Laptop_20-08-17] Within productNameListingPage loop with product index 14and filter name ASUS
20:09:23 [TestNG-test-Test-2] INFO  verifyingTheBrandsFilterFunctionality_Laptop_20-08-17 - [verifyingTheBrandsFilterFunctionality_Laptop_20-08-17] Within productNameListingPage loop with product index 15and filter name ASUS
20:09:23 [TestNG-test-Test-2] INFO  verifyingTheBrandsFilterFunctionality_Laptop_20-08-17 - [verifyingTheBrandsFilterFunctionality_Laptop_20-08-17] Creating 'result' Map for storing ,'brand','isValid','mismatches list' with map size ->3
20:09:23 [TestNG-test-Test-2] INFO  verifyingTheBrandsFilterFunctionality_Laptop_20-08-17 - [verifyingTheBrandsFilterFunctionality_Laptop_20-08-17] Adding 'result' with the data into 'allResults' i.e list of Map3
20:09:23 [TestNG-test-Test-2] INFO  verifyingTheBrandsFilterFunctionality_Laptop_20-08-17 - [verifyingTheBrandsFilterFunctionality_Laptop_20-08-17] Waiting until element is visible in viewport
20:09:23 [TestNG-test-Test-2] INFO  verifyingTheBrandsFilterFunctionality_Laptop_20-08-17 - [verifyingTheBrandsFilterFunctionality_Laptop_20-08-17] Within safeClick method
20:09:24 [TestNG-test-Test-2] INFO  verifyingTheBrandsFilterFunctionality_Laptop_20-08-17 - [verifyingTheBrandsFilterFunctionality_Laptop_20-08-17] Clicked the  [[ChromeDriver: chrome on windows (80c0342bcbdd0abb7f6e906f3703ca6f)] -> xpath: //span[@class='a-size-base a-color-base' and text()='Clear']]   using safeClick
20:09:24 [TestNG-test-Test-2] INFO  verifyingTheBrandsFilterFunctionality_Laptop_20-08-17 - [verifyingTheBrandsFilterFunctionality_Laptop_20-08-17] Clicked clear button for the filter ->ASUS
20:09:24 [TestNG-test-Test-2] INFO  verifyingTheBrandsFilterFunctionality_Laptop_20-08-17 - [verifyingTheBrandsFilterFunctionality_Laptop_20-08-17] Returning the allResults List of Maps containing the data
20:09:24 [TestNG-test-Test-2] INFO  verifyingTheBrandsFilterFunctionality_Laptop_20-08-17 - [verifyingTheBrandsFilterFunctionality_Laptop_20-08-17] All product titles matched for brand: 'Lenovo'
20:09:24 [TestNG-test-Test-2] INFO  verifyingTheBrandsFilterFunctionality_Laptop_20-08-17 - [verifyingTheBrandsFilterFunctionality_Laptop_20-08-17] All product titles matched for brand: 'ASUS'
20:09:24 [TestNG-test-Test-2] INFO  verifyingTheBrandsFilterFunctionality_Laptop_20-08-17 - [verifyingTheBrandsFilterFunctionality_Laptop_20-08-17]  Asserting all soft assertions now...
