19:18:14 [TestNG-test-Test-3] INFO  verifyingGetItByTomorrowFilterFunctionality_Mobile_19-18-14 - No existing WebDriver found for current thread. Initializing a new ChromeDriver...
19:18:14 [TestNG-test-Test-3] INFO  verifyingGetItByTomorrowFilterFunctionality_Mobile_19-18-14 - WebDriverManager: chromedriver setup OK
19:18:15 [TestNG-test-Test-3] INFO  verifyingGetItByTomorrowFilterFunctionality_Mobile_19-18-14 - ChromeDriver initialized successfully for thread: 36
19:18:15 [TestNG-test-Test-3] INFO  verifyingGetItByTomorrowFilterFunctionality_Mobile_19-18-14 - [verifyingGetItByTomorrowFilterFunctionality_Mobile_19-18-14] Opening amazon Landing page
19:18:15 [TestNG-test-Test-3] INFO  verifyingGetItByTomorrowFilterFunctionality_Mobile_19-18-14 - [verifyingGetItByTomorrowFilterFunctionality_Mobile_19-18-14] Within safeFindElement method
19:18:21 [TestNG-test-Test-3] INFO  verifyingGetItByTomorrowFilterFunctionality_Mobile_19-18-14 - [verifyingGetItByTomorrowFilterFunctionality_Mobile_19-18-14]Retrying findElement for: ->By.xpath: //a[@id='nav-logo-sprites']
19:18:21 [TestNG-test-Test-3] INFO  verifyingGetItByTomorrowFilterFunctionality_Mobile_19-18-14 - [verifyingGetItByTomorrowFilterFunctionality_Mobile_19-18-14]Refrehsing the page , while trying to safely find : ->By.xpath: //a[@id='nav-logo-sprites']
19:18:26 [TestNG-test-Test-3] INFO  verifyingGetItByTomorrowFilterFunctionality_Mobile_19-18-14 - [verifyingGetItByTomorrowFilterFunctionality_Mobile_19-18-14]Retrying findElement for: ->By.xpath: //a[@id='nav-logo-sprites']
19:18:26 [TestNG-test-Test-3] INFO  verifyingGetItByTomorrowFilterFunctionality_Mobile_19-18-14 - [verifyingGetItByTomorrowFilterFunctionality_Mobile_19-18-14]Refrehsing the page , while trying to safely find : ->By.xpath: //a[@id='nav-logo-sprites']
19:18:26 [TestNG-test-Test-3] INFO  verifyingGetItByTomorrowFilterFunctionality_Mobile_19-18-14 - [verifyingGetItByTomorrowFilterFunctionality_Mobile_19-18-14] Skipping action: Element not found after 2   attemps
19:18:31 [TestNG-test-Test-3] INFO  verifyingGetItByTomorrowFilterFunctionality_Mobile_19-18-14 - [verifyingGetItByTomorrowFilterFunctionality_Mobile_19-18-14] Giving input within the search bar
19:18:31 [TestNG-test-Test-3] INFO  verifyingGetItByTomorrowFilterFunctionality_Mobile_19-18-14 - [verifyingGetItByTomorrowFilterFunctionality_Mobile_19-18-14] Within safeClick method
19:18:34 [TestNG-test-Test-3] INFO  verifyingGetItByTomorrowFilterFunctionality_Mobile_19-18-14 - [verifyingGetItByTomorrowFilterFunctionality_Mobile_19-18-14] Clicked the  [[ChromeDriver: chrome on windows (74a01fd1911b999624d7bbafa0a7a700)] -> xpath: //input[@id='nav-search-submit-button']]   using safeClick
19:18:34 [TestNG-test-Test-3] INFO  verifyingGetItByTomorrowFilterFunctionality_Mobile_19-18-14 - [verifyingGetItByTomorrowFilterFunctionality_Mobile_19-18-14] Clicking on the submit in the search bar
19:18:35 [TestNG-test-Test-3] INFO  verifyingGetItByTomorrowFilterFunctionality_Mobile_19-18-14 - [verifyingGetItByTomorrowFilterFunctionality_Mobile_19-18-14] Waiting until element is visible in viewport
19:18:35 [TestNG-test-Test-3] INFO  verifyingGetItByTomorrowFilterFunctionality_Mobile_19-18-14 - [verifyingGetItByTomorrowFilterFunctionality_Mobile_19-18-14] Within validateDeliveryFilterOptionsWithResult method
19:18:35 [TestNG-test-Test-3] INFO  verifyingGetItByTomorrowFilterFunctionality_Mobile_19-18-14 - [verifyingGetItByTomorrowFilterFunctionality_Mobile_19-18-14] Within safeClick method
19:18:36 [TestNG-test-Test-3] INFO  verifyingGetItByTomorrowFilterFunctionality_Mobile_19-18-14 - [verifyingGetItByTomorrowFilterFunctionality_Mobile_19-18-14] Clicked the  [[ChromeDriver: chrome on windows (74a01fd1911b999624d7bbafa0a7a700)] -> xpath: //span[@class='a-size-base a-color-base puis-bold-weight-text' and text()='Delivery Day']/parent::div/following-sibling::ul//span[@class='a-size-base a-color-base' and text()='Get It by Tomorrow']]   using safeClick
19:18:36 [TestNG-test-Test-3] INFO  verifyingGetItByTomorrowFilterFunctionality_Mobile_19-18-14 - [verifyingGetItByTomorrowFilterFunctionality_Mobile_19-18-14] Within getMoreButtonByFilterTypeAndName method
19:18:37 [TestNG-test-Test-3] INFO  verifyingGetItByTomorrowFilterFunctionality_Mobile_19-18-14 - [verifyingGetItByTomorrowFilterFunctionality_Mobile_19-18-14] Clicked on By.xpath: //span[@class='a-size-base a-color-base puis-bold-weight-text' and text()='Delivery Day']/parent::div/following-sibling::ul//span[@class='a-size-base a-color-base' and text()='Get It by Tomorrow']
19:18:37 [TestNG-test-Test-3] INFO  verifyingGetItByTomorrowFilterFunctionality_Mobile_19-18-14 - [verifyingGetItByTomorrowFilterFunctionality_Mobile_19-18-14] Within safeFindElements 
19:18:37 [TestNG-test-Test-3] INFO  verifyingGetItByTomorrowFilterFunctionality_Mobile_19-18-14 - [verifyingGetItByTomorrowFilterFunctionality_Mobile_19-18-14] Returning the  [[[ChromeDriver: chrome on windows (74a01fd1911b999624d7bbafa0a7a700)] -> xpath: //div[@class='a-section a-spacing-small a-spacing-top-small']], [[ChromeDriver: chrome on windows (74a01fd1911b999624d7bbafa0a7a700)] -> xpath: //div[@class='a-section a-spacing-small a-spacing-top-small']], [[ChromeDriver: chrome on windows (74a01fd1911b999624d7bbafa0a7a700)] -> xpath: //div[@class='a-section a-spacing-small a-spacing-top-small']], [[ChromeDriver: chrome on windows (74a01fd1911b999624d7bbafa0a7a700)] -> xpath: //div[@class='a-section a-spacing-small a-spacing-top-small']], [[ChromeDriver: chrome on windows (74a01fd1911b999624d7bbafa0a7a700)] -> xpath: //div[@class='a-section a-spacing-small a-spacing-top-small']], [[ChromeDriver: chrome on windows (74a01fd1911b999624d7bbafa0a7a700)] -> xpath: //div[@class='a-section a-spacing-small a-spacing-top-small']], [[ChromeDriver: chrome on windows (74a01fd1911b999624d7bbafa0a7a700)] -> xpath: //div[@class='a-section a-spacing-small a-spacing-top-small']], [[ChromeDriver: chrome on windows (74a01fd1911b999624d7bbafa0a7a700)] -> xpath: //div[@class='a-section a-spacing-small a-spacing-top-small']], [[ChromeDriver: chrome on windows (74a01fd1911b999624d7bbafa0a7a700)] -> xpath: //div[@class='a-section a-spacing-small a-spacing-top-small']], [[ChromeDriver: chrome on windows (74a01fd1911b999624d7bbafa0a7a700)] -> xpath: //div[@class='a-section a-spacing-small a-spacing-top-small']], [[ChromeDriver: chrome on windows (74a01fd1911b999624d7bbafa0a7a700)] -> xpath: //div[@class='a-section a-spacing-small a-spacing-top-small']], [[ChromeDriver: chrome on windows (74a01fd1911b999624d7bbafa0a7a700)] -> xpath: //div[@class='a-section a-spacing-small a-spacing-top-small']], [[ChromeDriver: chrome on windows (74a01fd1911b999624d7bbafa0a7a700)] -> xpath: //div[@class='a-section a-spacing-small a-spacing-top-small']], [[ChromeDriver: chrome on windows (74a01fd1911b999624d7bbafa0a7a700)] -> xpath: //div[@class='a-section a-spacing-small a-spacing-top-small']], [[ChromeDriver: chrome on windows (74a01fd1911b999624d7bbafa0a7a700)] -> xpath: //div[@class='a-section a-spacing-small a-spacing-top-small']], [[ChromeDriver: chrome on windows (74a01fd1911b999624d7bbafa0a7a700)] -> xpath: //div[@class='a-section a-spacing-small a-spacing-top-small']]] from the safeFindElements method
19:18:37 [TestNG-test-Test-3] INFO  verifyingGetItByTomorrowFilterFunctionality_Mobile_19-18-14 - [verifyingGetItByTomorrowFilterFunctionality_Mobile_19-18-14] Created hashset with required data to assert with Within validateDeliveryFilterOptions method
19:18:37 [TestNG-test-Test-3] INFO  verifyingGetItByTomorrowFilterFunctionality_Mobile_19-18-14 - [verifyingGetItByTomorrowFilterFunctionality_Mobile_19-18-14] this is the set  [11, Apr, Today, FREE delivery, Sat, Fri, Tomorrow, 10]
19:18:37 [TestNG-test-Test-3] INFO  verifyingGetItByTomorrowFilterFunctionality_Mobile_19-18-14 - [verifyingGetItByTomorrowFilterFunctionality_Mobile_19-18-14] Within deliveryElements loop iterating over the products  Within validateDeliveryFilterOptions method
19:18:37 [TestNG-test-Test-3] INFO  verifyingGetItByTomorrowFilterFunctionality_Mobile_19-18-14 - [verifyingGetItByTomorrowFilterFunctionality_Mobile_19-18-14] Checking if the allowedDateParts have the assert text   Within validateDeliveryFilterOptions method
19:18:37 [TestNG-test-Test-3] INFO  verifyingGetItByTomorrowFilterFunctionality_Mobile_19-18-14 - [verifyingGetItByTomorrowFilterFunctionality_Mobile_19-18-14] Within deliveryElements loop iterating over the products  Within validateDeliveryFilterOptions method
19:18:37 [TestNG-test-Test-3] INFO  verifyingGetItByTomorrowFilterFunctionality_Mobile_19-18-14 - [verifyingGetItByTomorrowFilterFunctionality_Mobile_19-18-14] Checking if the allowedDateParts have the assert text   Within validateDeliveryFilterOptions method
19:18:37 [TestNG-test-Test-3] INFO  verifyingGetItByTomorrowFilterFunctionality_Mobile_19-18-14 - [verifyingGetItByTomorrowFilterFunctionality_Mobile_19-18-14] Within deliveryElements loop iterating over the products  Within validateDeliveryFilterOptions method
19:18:37 [TestNG-test-Test-3] INFO  verifyingGetItByTomorrowFilterFunctionality_Mobile_19-18-14 - [verifyingGetItByTomorrowFilterFunctionality_Mobile_19-18-14] Checking if the allowedDateParts have the assert text   Within validateDeliveryFilterOptions method
19:18:37 [TestNG-test-Test-3] INFO  verifyingGetItByTomorrowFilterFunctionality_Mobile_19-18-14 - [verifyingGetItByTomorrowFilterFunctionality_Mobile_19-18-14] Within deliveryElements loop iterating over the products  Within validateDeliveryFilterOptions method
19:18:37 [TestNG-test-Test-3] INFO  verifyingGetItByTomorrowFilterFunctionality_Mobile_19-18-14 - [verifyingGetItByTomorrowFilterFunctionality_Mobile_19-18-14] Checking if the allowedDateParts have the assert text   Within validateDeliveryFilterOptions method
19:18:37 [TestNG-test-Test-3] INFO  verifyingGetItByTomorrowFilterFunctionality_Mobile_19-18-14 - [verifyingGetItByTomorrowFilterFunctionality_Mobile_19-18-14] Within deliveryElements loop iterating over the products  Within validateDeliveryFilterOptions method
19:18:37 [TestNG-test-Test-3] INFO  verifyingGetItByTomorrowFilterFunctionality_Mobile_19-18-14 - [verifyingGetItByTomorrowFilterFunctionality_Mobile_19-18-14] Checking if the allowedDateParts have the assert text   Within validateDeliveryFilterOptions method
19:18:37 [TestNG-test-Test-3] INFO  verifyingGetItByTomorrowFilterFunctionality_Mobile_19-18-14 - [verifyingGetItByTomorrowFilterFunctionality_Mobile_19-18-14] Within deliveryElements loop iterating over the products  Within validateDeliveryFilterOptions method
19:18:37 [TestNG-test-Test-3] INFO  verifyingGetItByTomorrowFilterFunctionality_Mobile_19-18-14 - [verifyingGetItByTomorrowFilterFunctionality_Mobile_19-18-14] Checking if the allowedDateParts have the assert text   Within validateDeliveryFilterOptions method
19:18:37 [TestNG-test-Test-3] INFO  verifyingGetItByTomorrowFilterFunctionality_Mobile_19-18-14 - [verifyingGetItByTomorrowFilterFunctionality_Mobile_19-18-14] Within deliveryElements loop iterating over the products  Within validateDeliveryFilterOptions method
19:18:37 [TestNG-test-Test-3] INFO  verifyingGetItByTomorrowFilterFunctionality_Mobile_19-18-14 - [verifyingGetItByTomorrowFilterFunctionality_Mobile_19-18-14] Checking if the allowedDateParts have the assert text   Within validateDeliveryFilterOptions method
19:18:37 [TestNG-test-Test-3] INFO  verifyingGetItByTomorrowFilterFunctionality_Mobile_19-18-14 - [verifyingGetItByTomorrowFilterFunctionality_Mobile_19-18-14] Within deliveryElements loop iterating over the products  Within validateDeliveryFilterOptions method
19:18:37 [TestNG-test-Test-3] INFO  verifyingGetItByTomorrowFilterFunctionality_Mobile_19-18-14 - [verifyingGetItByTomorrowFilterFunctionality_Mobile_19-18-14] Checking if the allowedDateParts have the assert text   Within validateDeliveryFilterOptions method
19:18:37 [TestNG-test-Test-3] INFO  verifyingGetItByTomorrowFilterFunctionality_Mobile_19-18-14 - [verifyingGetItByTomorrowFilterFunctionality_Mobile_19-18-14] Within deliveryElements loop iterating over the products  Within validateDeliveryFilterOptions method
19:18:37 [TestNG-test-Test-3] INFO  verifyingGetItByTomorrowFilterFunctionality_Mobile_19-18-14 - [verifyingGetItByTomorrowFilterFunctionality_Mobile_19-18-14] Checking if the allowedDateParts have the assert text   Within validateDeliveryFilterOptions method
19:18:37 [TestNG-test-Test-3] INFO  verifyingGetItByTomorrowFilterFunctionality_Mobile_19-18-14 - [verifyingGetItByTomorrowFilterFunctionality_Mobile_19-18-14] Within deliveryElements loop iterating over the products  Within validateDeliveryFilterOptions method
19:18:37 [TestNG-test-Test-3] INFO  verifyingGetItByTomorrowFilterFunctionality_Mobile_19-18-14 - [verifyingGetItByTomorrowFilterFunctionality_Mobile_19-18-14] Checking if the allowedDateParts have the assert text   Within validateDeliveryFilterOptions method
19:18:37 [TestNG-test-Test-3] INFO  verifyingGetItByTomorrowFilterFunctionality_Mobile_19-18-14 - [verifyingGetItByTomorrowFilterFunctionality_Mobile_19-18-14] Within deliveryElements loop iterating over the products  Within validateDeliveryFilterOptions method
19:18:37 [TestNG-test-Test-3] INFO  verifyingGetItByTomorrowFilterFunctionality_Mobile_19-18-14 - [verifyingGetItByTomorrowFilterFunctionality_Mobile_19-18-14] Checking if the allowedDateParts have the assert text   Within validateDeliveryFilterOptions method
19:18:37 [TestNG-test-Test-3] INFO  verifyingGetItByTomorrowFilterFunctionality_Mobile_19-18-14 - [verifyingGetItByTomorrowFilterFunctionality_Mobile_19-18-14] Within deliveryElements loop iterating over the products  Within validateDeliveryFilterOptions method
19:18:37 [TestNG-test-Test-3] INFO  verifyingGetItByTomorrowFilterFunctionality_Mobile_19-18-14 - [verifyingGetItByTomorrowFilterFunctionality_Mobile_19-18-14] Checking if the allowedDateParts have the assert text   Within validateDeliveryFilterOptions method
19:18:37 [TestNG-test-Test-3] INFO  verifyingGetItByTomorrowFilterFunctionality_Mobile_19-18-14 - [verifyingGetItByTomorrowFilterFunctionality_Mobile_19-18-14] Within deliveryElements loop iterating over the products  Within validateDeliveryFilterOptions method
19:18:37 [TestNG-test-Test-3] INFO  verifyingGetItByTomorrowFilterFunctionality_Mobile_19-18-14 - [verifyingGetItByTomorrowFilterFunctionality_Mobile_19-18-14] Checking if the allowedDateParts have the assert text   Within validateDeliveryFilterOptions method
19:18:37 [TestNG-test-Test-3] INFO  verifyingGetItByTomorrowFilterFunctionality_Mobile_19-18-14 - [verifyingGetItByTomorrowFilterFunctionality_Mobile_19-18-14] Within deliveryElements loop iterating over the products  Within validateDeliveryFilterOptions method
19:18:37 [TestNG-test-Test-3] INFO  verifyingGetItByTomorrowFilterFunctionality_Mobile_19-18-14 - [verifyingGetItByTomorrowFilterFunctionality_Mobile_19-18-14] Checking if the allowedDateParts have the assert text   Within validateDeliveryFilterOptions method
19:18:37 [TestNG-test-Test-3] INFO  verifyingGetItByTomorrowFilterFunctionality_Mobile_19-18-14 - [verifyingGetItByTomorrowFilterFunctionality_Mobile_19-18-14] Within deliveryElements loop iterating over the products  Within validateDeliveryFilterOptions method
19:18:37 [TestNG-test-Test-3] INFO  verifyingGetItByTomorrowFilterFunctionality_Mobile_19-18-14 - [verifyingGetItByTomorrowFilterFunctionality_Mobile_19-18-14] Checking if the allowedDateParts have the assert text   Within validateDeliveryFilterOptions method
19:18:37 [TestNG-test-Test-3] INFO  verifyingGetItByTomorrowFilterFunctionality_Mobile_19-18-14 - [verifyingGetItByTomorrowFilterFunctionality_Mobile_19-18-14] Within deliveryElements loop iterating over the products  Within validateDeliveryFilterOptions method
19:18:37 [TestNG-test-Test-3] INFO  verifyingGetItByTomorrowFilterFunctionality_Mobile_19-18-14 - [verifyingGetItByTomorrowFilterFunctionality_Mobile_19-18-14] Checking if the allowedDateParts have the assert text   Within validateDeliveryFilterOptions method
19:18:37 [TestNG-test-Test-3] INFO  verifyingGetItByTomorrowFilterFunctionality_Mobile_19-18-14 - [verifyingGetItByTomorrowFilterFunctionality_Mobile_19-18-14] Returning the list with boolean values   Within validateDeliveryFilterOptions method
19:18:37 [TestNG-test-Test-3] INFO  verifyingGetItByTomorrowFilterFunctionality_Mobile_19-18-14 - [verifyingGetItByTomorrowFilterFunctionality_Mobile_19-18-14] Asserting delivery filter: isValid=true, index=-1, text=All the things are valid no errors
