2025-11-01 05:52:21.968 PM [TestNG-test-Test-1] INFO  [verifyingGetItByTomorrowFilterFunctionality] 🔹 Starting test method: verifyingGetItByTomorrowFilterFunctionality
2025-11-01 05:53:09.222 PM [TestNG-test-Test-1] INFO  [verifyingGetItByTomorrowFilterFunctionality] [verifyingGetItByTomorrowFilterFunctionality] Opening amazon Landing page
2025-11-01 05:53:09.709 PM [TestNG-test-Test-1] INFO  [verifyingGetItByTomorrowFilterFunctionality] [verifyingGetItByTomorrowFilterFunctionality] Capturing screenshot: search bar error capture__2025-11-01_175309.png
2025-11-01 05:53:10.935 PM [TestNG-test-Test-1] INFO  [verifyingGetItByTomorrowFilterFunctionality] [verifyingGetItByTomorrowFilterFunctionality] Screenshot saved at: test-output/screenshots/Run_2025-11-01_17-52-09/verifyingGetItByTomorrowFilterFunctionality/search bar error capture__2025-11-01_175309.png
2025-11-01 05:53:12.210 PM [TestNG-test-Test-1] INFO  [verifyingGetItByTomorrowFilterFunctionality] [verifyingGetItByTomorrowFilterFunctionality] Giving input within the search bar
2025-11-01 05:53:12.213 PM [TestNG-test-Test-1] INFO  [verifyingGetItByTomorrowFilterFunctionality] [verifyingGetItByTomorrowFilterFunctionality] Within safeClick method
2025-11-01 05:53:15.953 PM [TestNG-test-Test-1] INFO  [verifyingGetItByTomorrowFilterFunctionality] [verifyingGetItByTomorrowFilterFunctionality] Clicked the  [[ChromeDriver: chrome on windows (a5d6045a7d7f6d4c28fdc9e7a26497ae)] -> xpath: //input[@id='nav-search-submit-button']]   using safeClick
2025-11-01 05:53:15.954 PM [TestNG-test-Test-1] INFO  [verifyingGetItByTomorrowFilterFunctionality] [verifyingGetItByTomorrowFilterFunctionality] Clicking on the submit in the search bar
2025-11-01 05:53:16.376 PM [TestNG-test-Test-1] INFO  [verifyingGetItByTomorrowFilterFunctionality] [verifyingGetItByTomorrowFilterFunctionality] Checking if element visible on UI via isElementVisibleOnUI Method
2025-11-01 05:53:19.463 PM [TestNG-test-Test-1] INFO  [verifyingGetItByTomorrowFilterFunctionality] [verifyingGetItByTomorrowFilterFunctionality] Within printFilterNamesOnly method
2025-11-01 05:53:19.463 PM [TestNG-test-Test-1] INFO  [verifyingGetItByTomorrowFilterFunctionality] [verifyingGetItByTomorrowFilterFunctionality] Within safeFindElements 
2025-11-01 05:53:19.479 PM [TestNG-test-Test-1] INFO  [verifyingGetItByTomorrowFilterFunctionality] [verifyingGetItByTomorrowFilterFunctionality] Returning the  [[[ChromeDriver: chrome on windows (a5d6045a7d7f6d4c28fdc9e7a26497ae)] -> xpath: //span[@class='a-size-base a-color-base' and text()='Get It by Tomorrow']]] from the safeFindElements method
2025-11-01 05:53:19.498 PM [TestNG-test-Test-1] INFO  [verifyingGetItByTomorrowFilterFunctionality] [verifyingGetItByTomorrowFilterFunctionality] Within validateDeliveryFilterOptionsWithResult method
2025-11-01 05:53:19.499 PM [TestNG-test-Test-1] INFO  [verifyingGetItByTomorrowFilterFunctionality] [verifyingGetItByTomorrowFilterFunctionality] Within safeClick method
2025-11-01 05:53:19.732 PM [TestNG-test-Test-1] INFO  [verifyingGetItByTomorrowFilterFunctionality] [verifyingGetItByTomorrowFilterFunctionality] Clicked the  [[ChromeDriver: chrome on windows (a5d6045a7d7f6d4c28fdc9e7a26497ae)] -> xpath: //span[@class='a-size-base a-color-base' and text()='Get It by Tomorrow']]   using safeClick
2025-11-01 05:53:21.736 PM [TestNG-test-Test-1] INFO  [verifyingGetItByTomorrowFilterFunctionality] [verifyingGetItByTomorrowFilterFunctionality] Within getMoreButtonByFilterTypeAndName method
2025-11-01 05:53:21.737 PM [TestNG-test-Test-1] INFO  [verifyingGetItByTomorrowFilterFunctionality] [verifyingGetItByTomorrowFilterFunctionality] Capturing screenshot: Filter Applied is Get It by Tomorrow__2025-11-01_175321.png
2025-11-01 05:53:21.876 PM [TestNG-test-Test-1] INFO  [verifyingGetItByTomorrowFilterFunctionality] [verifyingGetItByTomorrowFilterFunctionality] Screenshot saved at: test-output/screenshots/Run_2025-11-01_17-52-09/verifyingGetItByTomorrowFilterFunctionality/Filter Applied is Get It by Tomorrow__2025-11-01_175321.png
2025-11-01 05:53:21.877 PM [TestNG-test-Test-1] INFO  [verifyingGetItByTomorrowFilterFunctionality] [verifyingGetItByTomorrowFilterFunctionality] Clicked on By.xpath: //span[@class='a-size-base a-color-base' and text()='Get It by Tomorrow']
2025-11-01 05:53:23.878 PM [TestNG-test-Test-1] INFO  [verifyingGetItByTomorrowFilterFunctionality] [verifyingGetItByTomorrowFilterFunctionality] Within safeFindElements 
2025-11-01 05:53:23.891 PM [TestNG-test-Test-1] INFO  [verifyingGetItByTomorrowFilterFunctionality] [verifyingGetItByTomorrowFilterFunctionality] Returning the  [[[ChromeDriver: chrome on windows (a5d6045a7d7f6d4c28fdc9e7a26497ae)] -> xpath: //div[@class='a-section a-spacing-small a-spacing-top-small']], [[ChromeDriver: chrome on windows (a5d6045a7d7f6d4c28fdc9e7a26497ae)] -> xpath: //div[@class='a-section a-spacing-small a-spacing-top-small']], [[ChromeDriver: chrome on windows (a5d6045a7d7f6d4c28fdc9e7a26497ae)] -> xpath: //div[@class='a-section a-spacing-small a-spacing-top-small']], [[ChromeDriver: chrome on windows (a5d6045a7d7f6d4c28fdc9e7a26497ae)] -> xpath: //div[@class='a-section a-spacing-small a-spacing-top-small']], [[ChromeDriver: chrome on windows (a5d6045a7d7f6d4c28fdc9e7a26497ae)] -> xpath: //div[@class='a-section a-spacing-small a-spacing-top-small']], [[ChromeDriver: chrome on windows (a5d6045a7d7f6d4c28fdc9e7a26497ae)] -> xpath: //div[@class='a-section a-spacing-small a-spacing-top-small']], [[ChromeDriver: chrome on windows (a5d6045a7d7f6d4c28fdc9e7a26497ae)] -> xpath: //div[@class='a-section a-spacing-small a-spacing-top-small']], [[ChromeDriver: chrome on windows (a5d6045a7d7f6d4c28fdc9e7a26497ae)] -> xpath: //div[@class='a-section a-spacing-small a-spacing-top-small']], [[ChromeDriver: chrome on windows (a5d6045a7d7f6d4c28fdc9e7a26497ae)] -> xpath: //div[@class='a-section a-spacing-small a-spacing-top-small']], [[ChromeDriver: chrome on windows (a5d6045a7d7f6d4c28fdc9e7a26497ae)] -> xpath: //div[@class='a-section a-spacing-small a-spacing-top-small']], [[ChromeDriver: chrome on windows (a5d6045a7d7f6d4c28fdc9e7a26497ae)] -> xpath: //div[@class='a-section a-spacing-small a-spacing-top-small']], [[ChromeDriver: chrome on windows (a5d6045a7d7f6d4c28fdc9e7a26497ae)] -> xpath: //div[@class='a-section a-spacing-small a-spacing-top-small']], [[ChromeDriver: chrome on windows (a5d6045a7d7f6d4c28fdc9e7a26497ae)] -> xpath: //div[@class='a-section a-spacing-small a-spacing-top-small']], [[ChromeDriver: chrome on windows (a5d6045a7d7f6d4c28fdc9e7a26497ae)] -> xpath: //div[@class='a-section a-spacing-small a-spacing-top-small']], [[ChromeDriver: chrome on windows (a5d6045a7d7f6d4c28fdc9e7a26497ae)] -> xpath: //div[@class='a-section a-spacing-small a-spacing-top-small']], [[ChromeDriver: chrome on windows (a5d6045a7d7f6d4c28fdc9e7a26497ae)] -> xpath: //div[@class='a-section a-spacing-small a-spacing-top-small']]] from the safeFindElements method
2025-11-01 05:53:23.892 PM [TestNG-test-Test-1] INFO  [verifyingGetItByTomorrowFilterFunctionality] [verifyingGetItByTomorrowFilterFunctionality] Created hashset with required data to assert with Within validateDeliveryFilterOptions method
2025-11-01 05:53:23.892 PM [TestNG-test-Test-1] INFO  [verifyingGetItByTomorrowFilterFunctionality] [verifyingGetItByTomorrowFilterFunctionality] this is the set  [01, 02, Today, Nov, Sat, Sun, Tomorrow]
2025-11-01 05:53:23.892 PM [TestNG-test-Test-1] INFO  [verifyingGetItByTomorrowFilterFunctionality] [verifyingGetItByTomorrowFilterFunctionality] Within deliveryElements loop iterating over the products  Within validateDeliveryFilterOptions method
2025-11-01 05:53:23.918 PM [TestNG-test-Test-1] INFO  [verifyingGetItByTomorrowFilterFunctionality] [verifyingGetItByTomorrowFilterFunctionality] Checking if the allowedDateParts have the assert text   Within validateDeliveryFilterOptions method
2025-11-01 05:53:23.918 PM [TestNG-test-Test-1] INFO  [verifyingGetItByTomorrowFilterFunctionality] [verifyingGetItByTomorrowFilterFunctionality] Within deliveryElements loop iterating over the products  Within validateDeliveryFilterOptions method
2025-11-01 05:53:23.943 PM [TestNG-test-Test-1] INFO  [verifyingGetItByTomorrowFilterFunctionality] [verifyingGetItByTomorrowFilterFunctionality] Checking if the allowedDateParts have the assert text   Within validateDeliveryFilterOptions method
2025-11-01 05:53:23.943 PM [TestNG-test-Test-1] INFO  [verifyingGetItByTomorrowFilterFunctionality] [verifyingGetItByTomorrowFilterFunctionality] Within deliveryElements loop iterating over the products  Within validateDeliveryFilterOptions method
2025-11-01 05:53:23.970 PM [TestNG-test-Test-1] INFO  [verifyingGetItByTomorrowFilterFunctionality] [verifyingGetItByTomorrowFilterFunctionality] Checking if the allowedDateParts have the assert text   Within validateDeliveryFilterOptions method
2025-11-01 05:53:23.971 PM [TestNG-test-Test-1] INFO  [verifyingGetItByTomorrowFilterFunctionality] [verifyingGetItByTomorrowFilterFunctionality] Within deliveryElements loop iterating over the products  Within validateDeliveryFilterOptions method
2025-11-01 05:53:24.001 PM [TestNG-test-Test-1] INFO  [verifyingGetItByTomorrowFilterFunctionality] [verifyingGetItByTomorrowFilterFunctionality] Checking if the allowedDateParts have the assert text   Within validateDeliveryFilterOptions method
2025-11-01 05:53:24.002 PM [TestNG-test-Test-1] INFO  [verifyingGetItByTomorrowFilterFunctionality] [verifyingGetItByTomorrowFilterFunctionality] Within deliveryElements loop iterating over the products  Within validateDeliveryFilterOptions method
2025-11-01 05:53:24.028 PM [TestNG-test-Test-1] INFO  [verifyingGetItByTomorrowFilterFunctionality] [verifyingGetItByTomorrowFilterFunctionality] Checking if the allowedDateParts have the assert text   Within validateDeliveryFilterOptions method
2025-11-01 05:53:24.029 PM [TestNG-test-Test-1] INFO  [verifyingGetItByTomorrowFilterFunctionality] [verifyingGetItByTomorrowFilterFunctionality] Within deliveryElements loop iterating over the products  Within validateDeliveryFilterOptions method
2025-11-01 05:53:24.083 PM [TestNG-test-Test-1] INFO  [verifyingGetItByTomorrowFilterFunctionality] [verifyingGetItByTomorrowFilterFunctionality] Checking if the allowedDateParts have the assert text   Within validateDeliveryFilterOptions method
2025-11-01 05:53:24.084 PM [TestNG-test-Test-1] INFO  [verifyingGetItByTomorrowFilterFunctionality] [verifyingGetItByTomorrowFilterFunctionality] Within deliveryElements loop iterating over the products  Within validateDeliveryFilterOptions method
2025-11-01 05:53:24.116 PM [TestNG-test-Test-1] INFO  [verifyingGetItByTomorrowFilterFunctionality] [verifyingGetItByTomorrowFilterFunctionality] Checking if the allowedDateParts have the assert text   Within validateDeliveryFilterOptions method
2025-11-01 05:53:24.117 PM [TestNG-test-Test-1] INFO  [verifyingGetItByTomorrowFilterFunctionality] [verifyingGetItByTomorrowFilterFunctionality] Within deliveryElements loop iterating over the products  Within validateDeliveryFilterOptions method
2025-11-01 05:53:24.161 PM [TestNG-test-Test-1] INFO  [verifyingGetItByTomorrowFilterFunctionality] [verifyingGetItByTomorrowFilterFunctionality] Checking if the allowedDateParts have the assert text   Within validateDeliveryFilterOptions method
2025-11-01 05:53:24.162 PM [TestNG-test-Test-1] INFO  [verifyingGetItByTomorrowFilterFunctionality] [verifyingGetItByTomorrowFilterFunctionality] Within deliveryElements loop iterating over the products  Within validateDeliveryFilterOptions method
2025-11-01 05:53:24.200 PM [TestNG-test-Test-1] INFO  [verifyingGetItByTomorrowFilterFunctionality] [verifyingGetItByTomorrowFilterFunctionality] Checking if the allowedDateParts have the assert text   Within validateDeliveryFilterOptions method
2025-11-01 05:53:24.201 PM [TestNG-test-Test-1] INFO  [verifyingGetItByTomorrowFilterFunctionality] [verifyingGetItByTomorrowFilterFunctionality] Within deliveryElements loop iterating over the products  Within validateDeliveryFilterOptions method
2025-11-01 05:53:24.227 PM [TestNG-test-Test-1] INFO  [verifyingGetItByTomorrowFilterFunctionality] [verifyingGetItByTomorrowFilterFunctionality] Checking if the allowedDateParts have the assert text   Within validateDeliveryFilterOptions method
2025-11-01 05:53:24.227 PM [TestNG-test-Test-1] INFO  [verifyingGetItByTomorrowFilterFunctionality] [verifyingGetItByTomorrowFilterFunctionality] Within deliveryElements loop iterating over the products  Within validateDeliveryFilterOptions method
2025-11-01 05:53:24.262 PM [TestNG-test-Test-1] INFO  [verifyingGetItByTomorrowFilterFunctionality] [verifyingGetItByTomorrowFilterFunctionality] Checking if the allowedDateParts have the assert text   Within validateDeliveryFilterOptions method
2025-11-01 05:53:24.262 PM [TestNG-test-Test-1] INFO  [verifyingGetItByTomorrowFilterFunctionality] [verifyingGetItByTomorrowFilterFunctionality] Within deliveryElements loop iterating over the products  Within validateDeliveryFilterOptions method
2025-11-01 05:53:24.289 PM [TestNG-test-Test-1] INFO  [verifyingGetItByTomorrowFilterFunctionality] [verifyingGetItByTomorrowFilterFunctionality] Checking if the allowedDateParts have the assert text   Within validateDeliveryFilterOptions method
2025-11-01 05:53:24.289 PM [TestNG-test-Test-1] INFO  [verifyingGetItByTomorrowFilterFunctionality] [verifyingGetItByTomorrowFilterFunctionality] Within deliveryElements loop iterating over the products  Within validateDeliveryFilterOptions method
2025-11-01 05:53:24.317 PM [TestNG-test-Test-1] INFO  [verifyingGetItByTomorrowFilterFunctionality] [verifyingGetItByTomorrowFilterFunctionality] Checking if the allowedDateParts have the assert text   Within validateDeliveryFilterOptions method
2025-11-01 05:53:24.318 PM [TestNG-test-Test-1] INFO  [verifyingGetItByTomorrowFilterFunctionality] [verifyingGetItByTomorrowFilterFunctionality] Within deliveryElements loop iterating over the products  Within validateDeliveryFilterOptions method
2025-11-01 05:53:24.345 PM [TestNG-test-Test-1] INFO  [verifyingGetItByTomorrowFilterFunctionality] [verifyingGetItByTomorrowFilterFunctionality] Checking if the allowedDateParts have the assert text   Within validateDeliveryFilterOptions method
2025-11-01 05:53:24.345 PM [TestNG-test-Test-1] INFO  [verifyingGetItByTomorrowFilterFunctionality] [verifyingGetItByTomorrowFilterFunctionality] Within deliveryElements loop iterating over the products  Within validateDeliveryFilterOptions method
2025-11-01 05:53:24.371 PM [TestNG-test-Test-1] INFO  [verifyingGetItByTomorrowFilterFunctionality] [verifyingGetItByTomorrowFilterFunctionality] Checking if the allowedDateParts have the assert text   Within validateDeliveryFilterOptions method
2025-11-01 05:53:24.372 PM [TestNG-test-Test-1] INFO  [verifyingGetItByTomorrowFilterFunctionality] [verifyingGetItByTomorrowFilterFunctionality] Within deliveryElements loop iterating over the products  Within validateDeliveryFilterOptions method
2025-11-01 05:53:24.404 PM [TestNG-test-Test-1] INFO  [verifyingGetItByTomorrowFilterFunctionality] [verifyingGetItByTomorrowFilterFunctionality] Checking if the allowedDateParts have the assert text   Within validateDeliveryFilterOptions method
2025-11-01 05:53:24.404 PM [TestNG-test-Test-1] INFO  [verifyingGetItByTomorrowFilterFunctionality] [verifyingGetItByTomorrowFilterFunctionality] Returning the list with boolean values   Within validateDeliveryFilterOptions method
2025-11-01 05:53:24.404 PM [TestNG-test-Test-1] INFO  [verifyingGetItByTomorrowFilterFunctionality] [verifyingGetItByTomorrowFilterFunctionality] Asserting delivery filter: isValid=true, index=-1, text=All the things are valid no errors
2025-11-01 05:53:24.409 PM [TestNG-test-Test-1] INFO  [verifyingGetItByTomorrowFilterFunctionality] ✅ Finished test method: verifyingGetItByTomorrowFilterFunctionality
