20:15:08 [TestNG-test-Test-1] INFO  verifyingFreeDeliveryFilterFunctionality_Laptop_20-15-08 - No existing WebDriver found for current thread. Initializing a new ChromeDriver...
20:15:08 [TestNG-test-Test-1] INFO  verifyingFreeDeliveryFilterFunctionality_Laptop_20-15-08 - WebDriverManager: chromedriver setup OK
20:15:09 [TestNG-test-Test-1] INFO  verifyingFreeDeliveryFilterFunctionality_Laptop_20-15-08 - ChromeDriver initialized successfully for thread: 34
20:15:10 [TestNG-test-Test-1] INFO  verifyingFreeDeliveryFilterFunctionality_Laptop_20-15-08 - [verifyingFreeDeliveryFilterFunctionality_Laptop_20-15-08] Opening amazon Landing page
20:15:10 [TestNG-test-Test-1] INFO  verifyingFreeDeliveryFilterFunctionality_Laptop_20-15-08 - [verifyingFreeDeliveryFilterFunctionality_Laptop_20-15-08] Within safeFindElement method
20:15:13 [TestNG-test-Test-1] INFO  verifyingFreeDeliveryFilterFunctionality_Laptop_20-15-08 - [verifyingFreeDeliveryFilterFunctionality_Laptop_20-15-08]Found the element returning it ,element ->[[ChromeDriver: chrome on windows (e603a4713dccf044f762a7143261f8dc)] -> xpath: //a[@id='nav-logo-sprites']]
20:15:13 [TestNG-test-Test-1] INFO  verifyingFreeDeliveryFilterFunctionality_Laptop_20-15-08 - [verifyingFreeDeliveryFilterFunctionality_Laptop_20-15-08] Giving input within the search bar
20:15:13 [TestNG-test-Test-1] INFO  verifyingFreeDeliveryFilterFunctionality_Laptop_20-15-08 - [verifyingFreeDeliveryFilterFunctionality_Laptop_20-15-08] Within safeClick method
20:15:16 [TestNG-test-Test-1] INFO  verifyingFreeDeliveryFilterFunctionality_Laptop_20-15-08 - [verifyingFreeDeliveryFilterFunctionality_Laptop_20-15-08] Clicked the  [[ChromeDriver: chrome on windows (e603a4713dccf044f762a7143261f8dc)] -> xpath: //input[@id='nav-search-submit-button']]   using safeClick
20:15:16 [TestNG-test-Test-1] INFO  verifyingFreeDeliveryFilterFunctionality_Laptop_20-15-08 - [verifyingFreeDeliveryFilterFunctionality_Laptop_20-15-08] Clicking on the submit in the search bar
20:15:16 [TestNG-test-Test-1] INFO  verifyingFreeDeliveryFilterFunctionality_Laptop_20-15-08 - [verifyingFreeDeliveryFilterFunctionality_Laptop_20-15-08] Waiting until element is visible in viewport
20:15:16 [TestNG-test-Test-1] INFO  verifyingFreeDeliveryFilterFunctionality_Laptop_20-15-08 - [verifyingFreeDeliveryFilterFunctionality_Laptop_20-15-08] Within validateDeliveryFilterOptionsWithResult method
20:15:16 [TestNG-test-Test-1] INFO  verifyingFreeDeliveryFilterFunctionality_Laptop_20-15-08 - [verifyingFreeDeliveryFilterFunctionality_Laptop_20-15-08] Within safeClick method
20:15:16 [TestNG-test-Test-1] INFO  verifyingFreeDeliveryFilterFunctionality_Laptop_20-15-08 - [verifyingFreeDeliveryFilterFunctionality_Laptop_20-15-08] Clicked the  [[ChromeDriver: chrome on windows (e603a4713dccf044f762a7143261f8dc)] -> xpath: //span[@class='a-size-base a-color-base puis-bold-weight-text' and text()='Eligible for Free Delivery']/parent::div/following-sibling::ul//span[@class='a-size-base a-color-base' and text()='Free Shipping']]   using safeClick
20:15:16 [TestNG-test-Test-1] INFO  verifyingFreeDeliveryFilterFunctionality_Laptop_20-15-08 - [verifyingFreeDeliveryFilterFunctionality_Laptop_20-15-08] Within getMoreButtonByFilterTypeAndName method
20:15:16 [TestNG-test-Test-1] INFO  verifyingFreeDeliveryFilterFunctionality_Laptop_20-15-08 - [verifyingFreeDeliveryFilterFunctionality_Laptop_20-15-08] Clicked on By.xpath: //span[@class='a-size-base a-color-base puis-bold-weight-text' and text()='Eligible for Free Delivery']/parent::div/following-sibling::ul//span[@class='a-size-base a-color-base' and text()='Free Shipping']
20:15:16 [TestNG-test-Test-1] INFO  verifyingFreeDeliveryFilterFunctionality_Laptop_20-15-08 - [verifyingFreeDeliveryFilterFunctionality_Laptop_20-15-08] Within safeFindElements 
20:15:17 [TestNG-test-Test-1] INFO  verifyingFreeDeliveryFilterFunctionality_Laptop_20-15-08 - [verifyingFreeDeliveryFilterFunctionality_Laptop_20-15-08] Returning the  [[[ChromeDriver: chrome on windows (e603a4713dccf044f762a7143261f8dc)] -> xpath: //div[@class='a-section a-spacing-small a-spacing-top-small']], [[ChromeDriver: chrome on windows (e603a4713dccf044f762a7143261f8dc)] -> xpath: //div[@class='a-section a-spacing-small a-spacing-top-small']], [[ChromeDriver: chrome on windows (e603a4713dccf044f762a7143261f8dc)] -> xpath: //div[@class='a-section a-spacing-small a-spacing-top-small']], [[ChromeDriver: chrome on windows (e603a4713dccf044f762a7143261f8dc)] -> xpath: //div[@class='a-section a-spacing-small a-spacing-top-small']], [[ChromeDriver: chrome on windows (e603a4713dccf044f762a7143261f8dc)] -> xpath: //div[@class='a-section a-spacing-small a-spacing-top-small']], [[ChromeDriver: chrome on windows (e603a4713dccf044f762a7143261f8dc)] -> xpath: //div[@class='a-section a-spacing-small a-spacing-top-small']], [[ChromeDriver: chrome on windows (e603a4713dccf044f762a7143261f8dc)] -> xpath: //div[@class='a-section a-spacing-small a-spacing-top-small']], [[ChromeDriver: chrome on windows (e603a4713dccf044f762a7143261f8dc)] -> xpath: //div[@class='a-section a-spacing-small a-spacing-top-small']], [[ChromeDriver: chrome on windows (e603a4713dccf044f762a7143261f8dc)] -> xpath: //div[@class='a-section a-spacing-small a-spacing-top-small']], [[ChromeDriver: chrome on windows (e603a4713dccf044f762a7143261f8dc)] -> xpath: //div[@class='a-section a-spacing-small a-spacing-top-small']], [[ChromeDriver: chrome on windows (e603a4713dccf044f762a7143261f8dc)] -> xpath: //div[@class='a-section a-spacing-small a-spacing-top-small']], [[ChromeDriver: chrome on windows (e603a4713dccf044f762a7143261f8dc)] -> xpath: //div[@class='a-section a-spacing-small a-spacing-top-small']], [[ChromeDriver: chrome on windows (e603a4713dccf044f762a7143261f8dc)] -> xpath: //div[@class='a-section a-spacing-small a-spacing-top-small']], [[ChromeDriver: chrome on windows (e603a4713dccf044f762a7143261f8dc)] -> xpath: //div[@class='a-section a-spacing-small a-spacing-top-small']], [[ChromeDriver: chrome on windows (e603a4713dccf044f762a7143261f8dc)] -> xpath: //div[@class='a-section a-spacing-small a-spacing-top-small']], [[ChromeDriver: chrome on windows (e603a4713dccf044f762a7143261f8dc)] -> xpath: //div[@class='a-section a-spacing-small a-spacing-top-small']]] from the safeFindElements method
20:15:17 [TestNG-test-Test-1] INFO  verifyingFreeDeliveryFilterFunctionality_Laptop_20-15-08 - [verifyingFreeDeliveryFilterFunctionality_Laptop_20-15-08] Created hashset with required data to assert with Within validateDeliveryFilterOptions method
20:15:17 [TestNG-test-Test-1] INFO  verifyingFreeDeliveryFilterFunctionality_Laptop_20-15-08 - [verifyingFreeDeliveryFilterFunctionality_Laptop_20-15-08] this is the set  [Apr, Today, Tue, FREE delivery, 28, Wed, 29, Tomorrow]
20:15:17 [TestNG-test-Test-1] INFO  verifyingFreeDeliveryFilterFunctionality_Laptop_20-15-08 - [verifyingFreeDeliveryFilterFunctionality_Laptop_20-15-08] Within deliveryElements loop iterating over the products  Within validateDeliveryFilterOptions method
20:15:17 [TestNG-test-Test-1] INFO  verifyingFreeDeliveryFilterFunctionality_Laptop_20-15-08 - [verifyingFreeDeliveryFilterFunctionality_Laptop_20-15-08] Checking if the allowedDateParts have the assert text   Within validateDeliveryFilterOptions method
20:15:17 [TestNG-test-Test-1] INFO  verifyingFreeDeliveryFilterFunctionality_Laptop_20-15-08 - [verifyingFreeDeliveryFilterFunctionality_Laptop_20-15-08] Within deliveryElements loop iterating over the products  Within validateDeliveryFilterOptions method
20:15:17 [TestNG-test-Test-1] INFO  verifyingFreeDeliveryFilterFunctionality_Laptop_20-15-08 - [verifyingFreeDeliveryFilterFunctionality_Laptop_20-15-08] Checking if the allowedDateParts have the assert text   Within validateDeliveryFilterOptions method
20:15:17 [TestNG-test-Test-1] INFO  verifyingFreeDeliveryFilterFunctionality_Laptop_20-15-08 - [verifyingFreeDeliveryFilterFunctionality_Laptop_20-15-08] Within deliveryElements loop iterating over the products  Within validateDeliveryFilterOptions method
20:15:17 [TestNG-test-Test-1] INFO  verifyingFreeDeliveryFilterFunctionality_Laptop_20-15-08 - [verifyingFreeDeliveryFilterFunctionality_Laptop_20-15-08] Checking if the allowedDateParts have the assert text   Within validateDeliveryFilterOptions method
20:15:17 [TestNG-test-Test-1] INFO  verifyingFreeDeliveryFilterFunctionality_Laptop_20-15-08 - [verifyingFreeDeliveryFilterFunctionality_Laptop_20-15-08] Within deliveryElements loop iterating over the products  Within validateDeliveryFilterOptions method
20:15:17 [TestNG-test-Test-1] INFO  verifyingFreeDeliveryFilterFunctionality_Laptop_20-15-08 - [verifyingFreeDeliveryFilterFunctionality_Laptop_20-15-08] Checking if the allowedDateParts have the assert text   Within validateDeliveryFilterOptions method
20:15:17 [TestNG-test-Test-1] INFO  verifyingFreeDeliveryFilterFunctionality_Laptop_20-15-08 - [verifyingFreeDeliveryFilterFunctionality_Laptop_20-15-08] Within deliveryElements loop iterating over the products  Within validateDeliveryFilterOptions method
20:15:17 [TestNG-test-Test-1] INFO  verifyingFreeDeliveryFilterFunctionality_Laptop_20-15-08 - [verifyingFreeDeliveryFilterFunctionality_Laptop_20-15-08] Checking if the allowedDateParts have the assert text   Within validateDeliveryFilterOptions method
20:15:17 [TestNG-test-Test-1] INFO  verifyingFreeDeliveryFilterFunctionality_Laptop_20-15-08 - [verifyingFreeDeliveryFilterFunctionality_Laptop_20-15-08] Within deliveryElements loop iterating over the products  Within validateDeliveryFilterOptions method
20:15:17 [TestNG-test-Test-1] INFO  verifyingFreeDeliveryFilterFunctionality_Laptop_20-15-08 - [verifyingFreeDeliveryFilterFunctionality_Laptop_20-15-08] Checking if the allowedDateParts have the assert text   Within validateDeliveryFilterOptions method
20:15:17 [TestNG-test-Test-1] INFO  verifyingFreeDeliveryFilterFunctionality_Laptop_20-15-08 - [verifyingFreeDeliveryFilterFunctionality_Laptop_20-15-08] Within deliveryElements loop iterating over the products  Within validateDeliveryFilterOptions method
20:15:18 [TestNG-test-Test-1] INFO  verifyingFreeDeliveryFilterFunctionality_Laptop_20-15-08 - [verifyingFreeDeliveryFilterFunctionality_Laptop_20-15-08] Checking if the allowedDateParts have the assert text   Within validateDeliveryFilterOptions method
20:15:18 [TestNG-test-Test-1] INFO  verifyingFreeDeliveryFilterFunctionality_Laptop_20-15-08 - [verifyingFreeDeliveryFilterFunctionality_Laptop_20-15-08] Within deliveryElements loop iterating over the products  Within validateDeliveryFilterOptions method
20:15:18 [TestNG-test-Test-1] INFO  verifyingFreeDeliveryFilterFunctionality_Laptop_20-15-08 - [verifyingFreeDeliveryFilterFunctionality_Laptop_20-15-08] Checking if the allowedDateParts have the assert text   Within validateDeliveryFilterOptions method
20:15:18 [TestNG-test-Test-1] INFO  verifyingFreeDeliveryFilterFunctionality_Laptop_20-15-08 - [verifyingFreeDeliveryFilterFunctionality_Laptop_20-15-08] Within deliveryElements loop iterating over the products  Within validateDeliveryFilterOptions method
20:15:18 [TestNG-test-Test-1] INFO  verifyingFreeDeliveryFilterFunctionality_Laptop_20-15-08 - [verifyingFreeDeliveryFilterFunctionality_Laptop_20-15-08] Checking if the allowedDateParts have the assert text   Within validateDeliveryFilterOptions method
20:15:18 [TestNG-test-Test-1] INFO  verifyingFreeDeliveryFilterFunctionality_Laptop_20-15-08 - [verifyingFreeDeliveryFilterFunctionality_Laptop_20-15-08] Within deliveryElements loop iterating over the products  Within validateDeliveryFilterOptions method
20:15:18 [TestNG-test-Test-1] INFO  verifyingFreeDeliveryFilterFunctionality_Laptop_20-15-08 - [verifyingFreeDeliveryFilterFunctionality_Laptop_20-15-08] Checking if the allowedDateParts have the assert text   Within validateDeliveryFilterOptions method
20:15:18 [TestNG-test-Test-1] INFO  verifyingFreeDeliveryFilterFunctionality_Laptop_20-15-08 - [verifyingFreeDeliveryFilterFunctionality_Laptop_20-15-08] Within deliveryElements loop iterating over the products  Within validateDeliveryFilterOptions method
20:15:18 [TestNG-test-Test-1] INFO  verifyingFreeDeliveryFilterFunctionality_Laptop_20-15-08 - [verifyingFreeDeliveryFilterFunctionality_Laptop_20-15-08] Checking if the allowedDateParts have the assert text   Within validateDeliveryFilterOptions method
20:15:18 [TestNG-test-Test-1] INFO  verifyingFreeDeliveryFilterFunctionality_Laptop_20-15-08 - [verifyingFreeDeliveryFilterFunctionality_Laptop_20-15-08] Within deliveryElements loop iterating over the products  Within validateDeliveryFilterOptions method
20:15:18 [TestNG-test-Test-1] INFO  verifyingFreeDeliveryFilterFunctionality_Laptop_20-15-08 - [verifyingFreeDeliveryFilterFunctionality_Laptop_20-15-08] Checking if the allowedDateParts have the assert text   Within validateDeliveryFilterOptions method
20:15:18 [TestNG-test-Test-1] INFO  verifyingFreeDeliveryFilterFunctionality_Laptop_20-15-08 - [verifyingFreeDeliveryFilterFunctionality_Laptop_20-15-08] Within deliveryElements loop iterating over the products  Within validateDeliveryFilterOptions method
20:15:18 [TestNG-test-Test-1] INFO  verifyingFreeDeliveryFilterFunctionality_Laptop_20-15-08 - [verifyingFreeDeliveryFilterFunctionality_Laptop_20-15-08] Checking if the allowedDateParts have the assert text   Within validateDeliveryFilterOptions method
20:15:18 [TestNG-test-Test-1] INFO  verifyingFreeDeliveryFilterFunctionality_Laptop_20-15-08 - [verifyingFreeDeliveryFilterFunctionality_Laptop_20-15-08] Within deliveryElements loop iterating over the products  Within validateDeliveryFilterOptions method
20:15:18 [TestNG-test-Test-1] INFO  verifyingFreeDeliveryFilterFunctionality_Laptop_20-15-08 - [verifyingFreeDeliveryFilterFunctionality_Laptop_20-15-08] Checking if the allowedDateParts have the assert text   Within validateDeliveryFilterOptions method
20:15:18 [TestNG-test-Test-1] INFO  verifyingFreeDeliveryFilterFunctionality_Laptop_20-15-08 - [verifyingFreeDeliveryFilterFunctionality_Laptop_20-15-08] Within deliveryElements loop iterating over the products  Within validateDeliveryFilterOptions method
20:15:18 [TestNG-test-Test-1] INFO  verifyingFreeDeliveryFilterFunctionality_Laptop_20-15-08 - [verifyingFreeDeliveryFilterFunctionality_Laptop_20-15-08] Checking if the allowedDateParts have the assert text   Within validateDeliveryFilterOptions method
20:15:18 [TestNG-test-Test-1] INFO  verifyingFreeDeliveryFilterFunctionality_Laptop_20-15-08 - [verifyingFreeDeliveryFilterFunctionality_Laptop_20-15-08] Within deliveryElements loop iterating over the products  Within validateDeliveryFilterOptions method
20:15:18 [TestNG-test-Test-1] INFO  verifyingFreeDeliveryFilterFunctionality_Laptop_20-15-08 - [verifyingFreeDeliveryFilterFunctionality_Laptop_20-15-08] Checking if the allowedDateParts have the assert text   Within validateDeliveryFilterOptions method
20:15:18 [TestNG-test-Test-1] INFO  verifyingFreeDeliveryFilterFunctionality_Laptop_20-15-08 - [verifyingFreeDeliveryFilterFunctionality_Laptop_20-15-08] Returning the list with boolean values   Within validateDeliveryFilterOptions method
20:15:18 [TestNG-test-Test-1] INFO  verifyingFreeDeliveryFilterFunctionality_Laptop_20-15-08 - [verifyingFreeDeliveryFilterFunctionality_Laptop_20-15-08] Asserting delivery filter: isValid=true, index=-1, text=All the things are valid no errors
