2025-11-17 06:17:56.582 PM [TestNG-test-Test-1] INFO  [verifyingPriceSilderFunctionality] 🔹 Starting test method: verifyingPriceSilderFunctionality
2025-11-17 06:17:56.585 PM [TestNG-test-Test-1] INFO  [verifyingPriceSilderFunctionality] No existing WebDriver found for current thread. Initializing a new ChromeDriver...
2025-11-17 06:17:56.600 PM [TestNG-test-Test-1] INFO  [verifyingPriceSilderFunctionality] WebDriverManager: chromedriver setup OK
2025-11-17 06:17:58.081 PM [TestNG-test-Test-1] INFO  [verifyingPriceSilderFunctionality] ChromeDriver initialized successfully for thread: 34
2025-11-17 06:17:58.630 PM [TestNG-test-Test-1] INFO  [verifyingPriceSilderFunctionality] [verifyingPriceSilderFunctionality] Opening amazon Landing page
2025-11-17 06:18:02.697 PM [TestNG-test-Test-1] INFO  [verifyingPriceSilderFunctionality] [verifyingPriceSilderFunctionality] Capturing screenshot: search bar error capture__2025-11-17_181802.png
2025-11-17 06:18:02.887 PM [TestNG-test-Test-1] INFO  [verifyingPriceSilderFunctionality] [verifyingPriceSilderFunctionality] Screenshot saved at: test-output/screenshots/Run_2025-11-17_17-57-49/verifyingPriceSilderFunctionality/search bar error capture__2025-11-17_181802.png
2025-11-17 06:18:03.148 PM [TestNG-test-Test-1] INFO  [verifyingPriceSilderFunctionality] [verifyingPriceSilderFunctionality] Giving input within the search bar
2025-11-17 06:18:03.148 PM [TestNG-test-Test-1] INFO  [verifyingPriceSilderFunctionality] [verifyingPriceSilderFunctionality] Within safeClick method
2025-11-17 06:18:05.771 PM [TestNG-test-Test-1] INFO  [verifyingPriceSilderFunctionality] [verifyingPriceSilderFunctionality] Clicked the  [[ChromeDriver: chrome on windows (84e6c918d9c0e833e1689ae26dd5a06d)] -> xpath: //input[@id='nav-search-submit-button']]   using safeClick
2025-11-17 06:18:05.771 PM [TestNG-test-Test-1] INFO  [verifyingPriceSilderFunctionality] [verifyingPriceSilderFunctionality] Clicking on the submit in the search bar
2025-11-17 06:18:06.421 PM [TestNG-test-Test-1] INFO  [verifyingPriceSilderFunctionality] [verifyingPriceSilderFunctionality] Within filterCheckUnderList method
2025-11-17 06:18:06.685 PM [TestNG-test-Test-1] INFO  [verifyingPriceSilderFunctionality] [verifyingPriceSilderFunctionality] Found the Filter within the filter check List
2025-11-17 06:18:06.685 PM [TestNG-test-Test-1] INFO  [verifyingPriceSilderFunctionality] [verifyingPriceSilderFunctionality] Within applyPriceSliderAndValidateWithResult method
2025-11-17 06:18:08.806 PM [TestNG-test-Test-1] INFO  [verifyingPriceSilderFunctionality] [verifyingPriceSilderFunctionality] Within safeFindElement method
2025-11-17 06:18:08.870 PM [TestNG-test-Test-1] INFO  [verifyingPriceSilderFunctionality] [verifyingPriceSilderFunctionality]Found the element returning it ,element ->[[ChromeDriver: chrome on windows (84e6c918d9c0e833e1689ae26dd5a06d)] -> id: p_36/range-slider_slider-item_lower-bound-slider]
2025-11-17 06:18:08.871 PM [TestNG-test-Test-1] INFO  [verifyingPriceSilderFunctionality] [verifyingPriceSilderFunctionality] Within safeFindElement method
2025-11-17 06:18:08.893 PM [TestNG-test-Test-1] INFO  [verifyingPriceSilderFunctionality] [verifyingPriceSilderFunctionality]Found the element returning it ,element ->[[ChromeDriver: chrome on windows (84e6c918d9c0e833e1689ae26dd5a06d)] -> id: p_36/range-slider_slider-item_upper-bound-slider]
2025-11-17 06:18:08.910 PM [TestNG-test-Test-1] INFO  [verifyingPriceSilderFunctionality] [verifyingPriceSilderFunctionality] Applying the Min filter , Min filter value->60
2025-11-17 06:18:08.919 PM [TestNG-test-Test-1] INFO  [verifyingPriceSilderFunctionality] [verifyingPriceSilderFunctionality] Applying the Max filter , Max filter value->80
2025-11-17 06:18:09.920 PM [TestNG-test-Test-1] INFO  [verifyingPriceSilderFunctionality] [verifyingPriceSilderFunctionality] Within safeFindElement method
2025-11-17 06:18:09.932 PM [TestNG-test-Test-1] INFO  [verifyingPriceSilderFunctionality] [verifyingPriceSilderFunctionality]Found the element returning it ,element ->[[ChromeDriver: chrome on windows (84e6c918d9c0e833e1689ae26dd5a06d)] -> xpath: //div[@class='a-section sf-submit-range-button']]
2025-11-17 06:18:09.932 PM [TestNG-test-Test-1] INFO  [verifyingPriceSilderFunctionality] [verifyingPriceSilderFunctionality] Hitting the submit button80
2025-11-17 06:18:11.934 PM [TestNG-test-Test-1] INFO  [verifyingPriceSilderFunctionality] [verifyingPriceSilderFunctionality] Within safeFindElement method
2025-11-17 06:18:11.986 PM [TestNG-test-Test-1] INFO  [verifyingPriceSilderFunctionality] [verifyingPriceSilderFunctionality]Found the element returning it ,element ->[[ChromeDriver: chrome on windows (84e6c918d9c0e833e1689ae26dd5a06d)] -> xpath: //label[@for='p_36/range-slider_slider-item_upper-bound-slider']]
2025-11-17 06:18:12.001 PM [TestNG-test-Test-1] INFO  [verifyingPriceSilderFunctionality] [verifyingPriceSilderFunctionality] Within safeFindElement method
2025-11-17 06:18:12.018 PM [TestNG-test-Test-1] INFO  [verifyingPriceSilderFunctionality] [verifyingPriceSilderFunctionality]Found the element returning it ,element ->[[ChromeDriver: chrome on windows (84e6c918d9c0e833e1689ae26dd5a06d)] -> xpath: //label[@for='p_36/range-slider_slider-item_lower-bound-slider']]
2025-11-17 06:18:12.062 PM [TestNG-test-Test-1] INFO  [verifyingPriceSilderFunctionality] [verifyingPriceSilderFunctionality] Within safeFindElements 
2025-11-17 06:18:12.088 PM [TestNG-test-Test-1] INFO  [verifyingPriceSilderFunctionality] [verifyingPriceSilderFunctionality] Returning the  [[[ChromeDriver: chrome on windows (84e6c918d9c0e833e1689ae26dd5a06d)] -> xpath: //span[@class='a-price-whole']], [[ChromeDriver: chrome on windows (84e6c918d9c0e833e1689ae26dd5a06d)] -> xpath: //span[@class='a-price-whole']], [[ChromeDriver: chrome on windows (84e6c918d9c0e833e1689ae26dd5a06d)] -> xpath: //span[@class='a-price-whole']], [[ChromeDriver: chrome on windows (84e6c918d9c0e833e1689ae26dd5a06d)] -> xpath: //span[@class='a-price-whole']], [[ChromeDriver: chrome on windows (84e6c918d9c0e833e1689ae26dd5a06d)] -> xpath: //span[@class='a-price-whole']], [[ChromeDriver: chrome on windows (84e6c918d9c0e833e1689ae26dd5a06d)] -> xpath: //span[@class='a-price-whole']], [[ChromeDriver: chrome on windows (84e6c918d9c0e833e1689ae26dd5a06d)] -> xpath: //span[@class='a-price-whole']], [[ChromeDriver: chrome on windows (84e6c918d9c0e833e1689ae26dd5a06d)] -> xpath: //span[@class='a-price-whole']], [[ChromeDriver: chrome on windows (84e6c918d9c0e833e1689ae26dd5a06d)] -> xpath: //span[@class='a-price-whole']], [[ChromeDriver: chrome on windows (84e6c918d9c0e833e1689ae26dd5a06d)] -> xpath: //span[@class='a-price-whole']], [[ChromeDriver: chrome on windows (84e6c918d9c0e833e1689ae26dd5a06d)] -> xpath: //span[@class='a-price-whole']], [[ChromeDriver: chrome on windows (84e6c918d9c0e833e1689ae26dd5a06d)] -> xpath: //span[@class='a-price-whole']], [[ChromeDriver: chrome on windows (84e6c918d9c0e833e1689ae26dd5a06d)] -> xpath: //span[@class='a-price-whole']], [[ChromeDriver: chrome on windows (84e6c918d9c0e833e1689ae26dd5a06d)] -> xpath: //span[@class='a-price-whole']], [[ChromeDriver: chrome on windows (84e6c918d9c0e833e1689ae26dd5a06d)] -> xpath: //span[@class='a-price-whole']], [[ChromeDriver: chrome on windows (84e6c918d9c0e833e1689ae26dd5a06d)] -> xpath: //span[@class='a-price-whole']], [[ChromeDriver: chrome on windows (84e6c918d9c0e833e1689ae26dd5a06d)] -> xpath: //span[@class='a-price-whole']], [[ChromeDriver: chrome on windows (84e6c918d9c0e833e1689ae26dd5a06d)] -> xpath: //span[@class='a-price-whole']], [[ChromeDriver: chrome on windows (84e6c918d9c0e833e1689ae26dd5a06d)] -> xpath: //span[@class='a-price-whole']]] from the safeFindElements method
2025-11-17 06:18:12.089 PM [TestNG-test-Test-1] INFO  [verifyingPriceSilderFunctionality] [verifyingPriceSilderFunctionality] Capturing screenshot: Filter Applied is Max Price=₹9,700  Min price=₹4,800__2025-11-17_181812.png
2025-11-17 06:18:12.343 PM [TestNG-test-Test-1] INFO  [verifyingPriceSilderFunctionality] [verifyingPriceSilderFunctionality] Screenshot saved at: test-output/screenshots/Run_2025-11-17_17-57-49/verifyingPriceSilderFunctionality/Filter Applied is Max Price=₹9,700  Min price=₹4,800__2025-11-17_181812.png
2025-11-17 06:18:12.498 PM [TestNG-test-Test-1] INFO  [verifyingPriceSilderFunctionality] [verifyingPriceSilderFunctionality] Product price is more then the applied filter, Product price and Max applied ->16999  80
2025-11-17 06:18:12.518 PM [TestNG-test-Test-1] INFO  [verifyingPriceSilderFunctionality] [verifyingPriceSilderFunctionality] Checking if the product price is <= then the max filter applied, Product price and Max applied ->8599  80
2025-11-17 06:18:12.530 PM [TestNG-test-Test-1] INFO  [verifyingPriceSilderFunctionality] [verifyingPriceSilderFunctionality] Checking if the product price is <= then the max filter applied, Product price and Max applied ->6799  80
2025-11-17 06:18:12.542 PM [TestNG-test-Test-1] INFO  [verifyingPriceSilderFunctionality] [verifyingPriceSilderFunctionality] Checking if the product price is <= then the max filter applied, Product price and Max applied ->7540  80
2025-11-17 06:18:12.553 PM [TestNG-test-Test-1] INFO  [verifyingPriceSilderFunctionality] [verifyingPriceSilderFunctionality] Checking if the product price is <= then the max filter applied, Product price and Max applied ->379  80
2025-11-17 06:18:12.565 PM [TestNG-test-Test-1] INFO  [verifyingPriceSilderFunctionality] [verifyingPriceSilderFunctionality] Checking if the product price is <= then the max filter applied, Product price and Max applied ->8299  80
2025-11-17 06:18:12.584 PM [TestNG-test-Test-1] INFO  [verifyingPriceSilderFunctionality] [verifyingPriceSilderFunctionality] Checking if the product price is <= then the max filter applied, Product price and Max applied ->6399  80
2025-11-17 06:18:12.599 PM [TestNG-test-Test-1] INFO  [verifyingPriceSilderFunctionality] [verifyingPriceSilderFunctionality] Product price is more then the applied filter, Product price and Max applied ->13998  80
2025-11-17 06:18:12.619 PM [TestNG-test-Test-1] INFO  [verifyingPriceSilderFunctionality] [verifyingPriceSilderFunctionality] Product price is more then the applied filter, Product price and Max applied ->23900  80
2025-11-17 06:18:12.631 PM [TestNG-test-Test-1] INFO  [verifyingPriceSilderFunctionality] [verifyingPriceSilderFunctionality] Product price is more then the applied filter, Product price and Max applied ->12067  80
2025-11-17 06:18:12.672 PM [TestNG-test-Test-1] INFO  [verifyingPriceSilderFunctionality] [verifyingPriceSilderFunctionality] Checking if the product price is <= then the max filter applied, Product price and Max applied ->7299  80
2025-11-17 06:18:12.702 PM [TestNG-test-Test-1] INFO  [verifyingPriceSilderFunctionality] [verifyingPriceSilderFunctionality] Checking if the product price is <= then the max filter applied, Product price and Max applied ->7719  80
2025-11-17 06:18:12.750 PM [TestNG-test-Test-1] INFO  [verifyingPriceSilderFunctionality] [verifyingPriceSilderFunctionality] Product price is more then the applied filter, Product price and Max applied ->13498  80
2025-11-17 06:18:12.760 PM [TestNG-test-Test-1] INFO  [verifyingPriceSilderFunctionality] [verifyingPriceSilderFunctionality] Checking if the product price is <= then the max filter applied, Product price and Max applied ->1199  80
2025-11-17 06:18:12.780 PM [TestNG-test-Test-1] INFO  [verifyingPriceSilderFunctionality] [verifyingPriceSilderFunctionality] Product price is more then the applied filter, Product price and Max applied ->16998  80
2025-11-17 06:18:12.789 PM [TestNG-test-Test-1] INFO  [verifyingPriceSilderFunctionality] [verifyingPriceSilderFunctionality] Product price is more then the applied filter, Product price and Max applied ->9989  80
2025-11-17 06:18:12.799 PM [TestNG-test-Test-1] INFO  [verifyingPriceSilderFunctionality] [verifyingPriceSilderFunctionality] Product price is more then the applied filter, Product price and Max applied ->10999  80
2025-11-17 06:18:12.807 PM [TestNG-test-Test-1] INFO  [verifyingPriceSilderFunctionality] [verifyingPriceSilderFunctionality] Product price is more then the applied filter, Product price and Max applied ->18999  80
2025-11-17 06:18:12.817 PM [TestNG-test-Test-1] INFO  [verifyingPriceSilderFunctionality] [verifyingPriceSilderFunctionality] Checking if the product price is <= then the max filter applied, Product price and Max applied ->799  80
2025-11-17 06:18:12.817 PM [TestNG-test-Test-1] INFO  [verifyingPriceSilderFunctionality] [verifyingPriceSilderFunctionality] Adding the data 'min','max','isValid' ,'mismatches' to 'result' Map->80
2025-11-17 06:18:12.817 PM [TestNG-test-Test-1] INFO  [verifyingPriceSilderFunctionality] [verifyingPriceSilderFunctionality] Adding the 'results'  Map to the master 'allResults' i.e is List of maps->80
2025-11-17 06:18:14.838 PM [TestNG-test-Test-1] INFO  [verifyingPriceSilderFunctionality] [verifyingPriceSilderFunctionality] Applying the Min filter , Min filter value->90
2025-11-17 06:18:14.862 PM [TestNG-test-Test-1] INFO  [verifyingPriceSilderFunctionality] [verifyingPriceSilderFunctionality] Applying the Max filter , Max filter value->120
2025-11-17 06:18:15.862 PM [TestNG-test-Test-1] INFO  [verifyingPriceSilderFunctionality] [verifyingPriceSilderFunctionality] Within safeFindElement method
2025-11-17 06:18:15.871 PM [TestNG-test-Test-1] INFO  [verifyingPriceSilderFunctionality] [verifyingPriceSilderFunctionality]Found the element returning it ,element ->[[ChromeDriver: chrome on windows (84e6c918d9c0e833e1689ae26dd5a06d)] -> xpath: //div[@class='a-section sf-submit-range-button']]
2025-11-17 06:18:15.871 PM [TestNG-test-Test-1] INFO  [verifyingPriceSilderFunctionality] [verifyingPriceSilderFunctionality] Hitting the submit button120
2025-11-17 06:18:17.871 PM [TestNG-test-Test-1] INFO  [verifyingPriceSilderFunctionality] [verifyingPriceSilderFunctionality] Within safeFindElement method
2025-11-17 06:18:17.878 PM [TestNG-test-Test-1] INFO  [verifyingPriceSilderFunctionality] [verifyingPriceSilderFunctionality]Found the element returning it ,element ->[[ChromeDriver: chrome on windows (84e6c918d9c0e833e1689ae26dd5a06d)] -> xpath: //label[@for='p_36/range-slider_slider-item_upper-bound-slider']]
2025-11-17 06:18:17.885 PM [TestNG-test-Test-1] INFO  [verifyingPriceSilderFunctionality] [verifyingPriceSilderFunctionality] Within safeFindElement method
2025-11-17 06:18:17.893 PM [TestNG-test-Test-1] INFO  [verifyingPriceSilderFunctionality] [verifyingPriceSilderFunctionality]Found the element returning it ,element ->[[ChromeDriver: chrome on windows (84e6c918d9c0e833e1689ae26dd5a06d)] -> xpath: //label[@for='p_36/range-slider_slider-item_lower-bound-slider']]
2025-11-17 06:18:17.900 PM [TestNG-test-Test-1] INFO  [verifyingPriceSilderFunctionality] [verifyingPriceSilderFunctionality] Within safeFindElements 
2025-11-17 06:18:17.909 PM [TestNG-test-Test-1] INFO  [verifyingPriceSilderFunctionality] [verifyingPriceSilderFunctionality] Returning the  [[[ChromeDriver: chrome on windows (84e6c918d9c0e833e1689ae26dd5a06d)] -> xpath: //span[@class='a-price-whole']], [[ChromeDriver: chrome on windows (84e6c918d9c0e833e1689ae26dd5a06d)] -> xpath: //span[@class='a-price-whole']], [[ChromeDriver: chrome on windows (84e6c918d9c0e833e1689ae26dd5a06d)] -> xpath: //span[@class='a-price-whole']], [[ChromeDriver: chrome on windows (84e6c918d9c0e833e1689ae26dd5a06d)] -> xpath: //span[@class='a-price-whole']], [[ChromeDriver: chrome on windows (84e6c918d9c0e833e1689ae26dd5a06d)] -> xpath: //span[@class='a-price-whole']], [[ChromeDriver: chrome on windows (84e6c918d9c0e833e1689ae26dd5a06d)] -> xpath: //span[@class='a-price-whole']], [[ChromeDriver: chrome on windows (84e6c918d9c0e833e1689ae26dd5a06d)] -> xpath: //span[@class='a-price-whole']], [[ChromeDriver: chrome on windows (84e6c918d9c0e833e1689ae26dd5a06d)] -> xpath: //span[@class='a-price-whole']], [[ChromeDriver: chrome on windows (84e6c918d9c0e833e1689ae26dd5a06d)] -> xpath: //span[@class='a-price-whole']], [[ChromeDriver: chrome on windows (84e6c918d9c0e833e1689ae26dd5a06d)] -> xpath: //span[@class='a-price-whole']], [[ChromeDriver: chrome on windows (84e6c918d9c0e833e1689ae26dd5a06d)] -> xpath: //span[@class='a-price-whole']], [[ChromeDriver: chrome on windows (84e6c918d9c0e833e1689ae26dd5a06d)] -> xpath: //span[@class='a-price-whole']], [[ChromeDriver: chrome on windows (84e6c918d9c0e833e1689ae26dd5a06d)] -> xpath: //span[@class='a-price-whole']], [[ChromeDriver: chrome on windows (84e6c918d9c0e833e1689ae26dd5a06d)] -> xpath: //span[@class='a-price-whole']], [[ChromeDriver: chrome on windows (84e6c918d9c0e833e1689ae26dd5a06d)] -> xpath: //span[@class='a-price-whole']], [[ChromeDriver: chrome on windows (84e6c918d9c0e833e1689ae26dd5a06d)] -> xpath: //span[@class='a-price-whole']], [[ChromeDriver: chrome on windows (84e6c918d9c0e833e1689ae26dd5a06d)] -> xpath: //span[@class='a-price-whole']], [[ChromeDriver: chrome on windows (84e6c918d9c0e833e1689ae26dd5a06d)] -> xpath: //span[@class='a-price-whole']], [[ChromeDriver: chrome on windows (84e6c918d9c0e833e1689ae26dd5a06d)] -> xpath: //span[@class='a-price-whole']]] from the safeFindElements method
2025-11-17 06:18:17.909 PM [TestNG-test-Test-1] INFO  [verifyingPriceSilderFunctionality] [verifyingPriceSilderFunctionality] Capturing screenshot: Filter Applied is Max Price=₹26,200  Min price=₹7,000__2025-11-17_181817.png
2025-11-17 06:18:18.026 PM [TestNG-test-Test-1] INFO  [verifyingPriceSilderFunctionality] [verifyingPriceSilderFunctionality] Screenshot saved at: test-output/screenshots/Run_2025-11-17_17-57-49/verifyingPriceSilderFunctionality/Filter Applied is Max Price=₹26,200  Min price=₹7,000__2025-11-17_181817.png
2025-11-17 06:18:18.042 PM [TestNG-test-Test-1] INFO  [verifyingPriceSilderFunctionality] [verifyingPriceSilderFunctionality] Checking if the product price is <= then the max filter applied, Product price and Max applied ->16999  120
2025-11-17 06:18:18.051 PM [TestNG-test-Test-1] INFO  [verifyingPriceSilderFunctionality] [verifyingPriceSilderFunctionality] Checking if the product price is <= then the max filter applied, Product price and Max applied ->8599  120
2025-11-17 06:18:18.058 PM [TestNG-test-Test-1] INFO  [verifyingPriceSilderFunctionality] [verifyingPriceSilderFunctionality] Checking if the product price is <= then the max filter applied, Product price and Max applied ->6799  120
2025-11-17 06:18:18.066 PM [TestNG-test-Test-1] INFO  [verifyingPriceSilderFunctionality] [verifyingPriceSilderFunctionality] Checking if the product price is <= then the max filter applied, Product price and Max applied ->7540  120
2025-11-17 06:18:18.073 PM [TestNG-test-Test-1] INFO  [verifyingPriceSilderFunctionality] [verifyingPriceSilderFunctionality] Checking if the product price is <= then the max filter applied, Product price and Max applied ->379  120
2025-11-17 06:18:18.080 PM [TestNG-test-Test-1] INFO  [verifyingPriceSilderFunctionality] [verifyingPriceSilderFunctionality] Checking if the product price is <= then the max filter applied, Product price and Max applied ->8299  120
2025-11-17 06:18:18.086 PM [TestNG-test-Test-1] INFO  [verifyingPriceSilderFunctionality] [verifyingPriceSilderFunctionality] Checking if the product price is <= then the max filter applied, Product price and Max applied ->6399  120
2025-11-17 06:18:18.093 PM [TestNG-test-Test-1] INFO  [verifyingPriceSilderFunctionality] [verifyingPriceSilderFunctionality] Checking if the product price is <= then the max filter applied, Product price and Max applied ->13998  120
2025-11-17 06:18:18.102 PM [TestNG-test-Test-1] INFO  [verifyingPriceSilderFunctionality] [verifyingPriceSilderFunctionality] Checking if the product price is <= then the max filter applied, Product price and Max applied ->23900  120
2025-11-17 06:18:18.108 PM [TestNG-test-Test-1] INFO  [verifyingPriceSilderFunctionality] [verifyingPriceSilderFunctionality] Checking if the product price is <= then the max filter applied, Product price and Max applied ->12067  120
2025-11-17 06:18:18.117 PM [TestNG-test-Test-1] INFO  [verifyingPriceSilderFunctionality] [verifyingPriceSilderFunctionality] Checking if the product price is <= then the max filter applied, Product price and Max applied ->7299  120
2025-11-17 06:18:18.127 PM [TestNG-test-Test-1] INFO  [verifyingPriceSilderFunctionality] [verifyingPriceSilderFunctionality] Checking if the product price is <= then the max filter applied, Product price and Max applied ->7719  120
2025-11-17 06:18:18.135 PM [TestNG-test-Test-1] INFO  [verifyingPriceSilderFunctionality] [verifyingPriceSilderFunctionality] Checking if the product price is <= then the max filter applied, Product price and Max applied ->13498  120
2025-11-17 06:18:18.142 PM [TestNG-test-Test-1] INFO  [verifyingPriceSilderFunctionality] [verifyingPriceSilderFunctionality] Checking if the product price is <= then the max filter applied, Product price and Max applied ->1199  120
2025-11-17 06:18:18.149 PM [TestNG-test-Test-1] INFO  [verifyingPriceSilderFunctionality] [verifyingPriceSilderFunctionality] Checking if the product price is <= then the max filter applied, Product price and Max applied ->16998  120
2025-11-17 06:18:18.156 PM [TestNG-test-Test-1] INFO  [verifyingPriceSilderFunctionality] [verifyingPriceSilderFunctionality] Checking if the product price is <= then the max filter applied, Product price and Max applied ->9989  120
2025-11-17 06:18:18.163 PM [TestNG-test-Test-1] INFO  [verifyingPriceSilderFunctionality] [verifyingPriceSilderFunctionality] Checking if the product price is <= then the max filter applied, Product price and Max applied ->10999  120
2025-11-17 06:18:18.170 PM [TestNG-test-Test-1] INFO  [verifyingPriceSilderFunctionality] [verifyingPriceSilderFunctionality] Checking if the product price is <= then the max filter applied, Product price and Max applied ->18999  120
2025-11-17 06:18:18.177 PM [TestNG-test-Test-1] INFO  [verifyingPriceSilderFunctionality] [verifyingPriceSilderFunctionality] Checking if the product price is <= then the max filter applied, Product price and Max applied ->799  120
2025-11-17 06:18:18.177 PM [TestNG-test-Test-1] INFO  [verifyingPriceSilderFunctionality] [verifyingPriceSilderFunctionality] Adding the data 'min','max','isValid' ,'mismatches' to 'result' Map->120
2025-11-17 06:18:18.177 PM [TestNG-test-Test-1] INFO  [verifyingPriceSilderFunctionality] [verifyingPriceSilderFunctionality] Adding the 'results'  Map to the master 'allResults' i.e is List of maps->120
2025-11-17 06:18:20.192 PM [TestNG-test-Test-1] INFO  [verifyingPriceSilderFunctionality] [verifyingPriceSilderFunctionality] Applying the Min filter , Min filter value->130
2025-11-17 06:18:20.199 PM [TestNG-test-Test-1] INFO  [verifyingPriceSilderFunctionality] [verifyingPriceSilderFunctionality] Applying the Max filter , Max filter value->160
2025-11-17 06:18:21.199 PM [TestNG-test-Test-1] INFO  [verifyingPriceSilderFunctionality] [verifyingPriceSilderFunctionality] Within safeFindElement method
2025-11-17 06:18:21.208 PM [TestNG-test-Test-1] INFO  [verifyingPriceSilderFunctionality] [verifyingPriceSilderFunctionality]Found the element returning it ,element ->[[ChromeDriver: chrome on windows (84e6c918d9c0e833e1689ae26dd5a06d)] -> xpath: //div[@class='a-section sf-submit-range-button']]
2025-11-17 06:18:21.208 PM [TestNG-test-Test-1] INFO  [verifyingPriceSilderFunctionality] [verifyingPriceSilderFunctionality] Hitting the submit button160
2025-11-17 06:18:23.209 PM [TestNG-test-Test-1] INFO  [verifyingPriceSilderFunctionality] [verifyingPriceSilderFunctionality] Within safeFindElement method
2025-11-17 06:18:23.217 PM [TestNG-test-Test-1] INFO  [verifyingPriceSilderFunctionality] [verifyingPriceSilderFunctionality]Found the element returning it ,element ->[[ChromeDriver: chrome on windows (84e6c918d9c0e833e1689ae26dd5a06d)] -> xpath: //label[@for='p_36/range-slider_slider-item_upper-bound-slider']]
2025-11-17 06:18:23.225 PM [TestNG-test-Test-1] INFO  [verifyingPriceSilderFunctionality] [verifyingPriceSilderFunctionality] Within safeFindElement method
2025-11-17 06:18:23.232 PM [TestNG-test-Test-1] INFO  [verifyingPriceSilderFunctionality] [verifyingPriceSilderFunctionality]Found the element returning it ,element ->[[ChromeDriver: chrome on windows (84e6c918d9c0e833e1689ae26dd5a06d)] -> xpath: //label[@for='p_36/range-slider_slider-item_lower-bound-slider']]
2025-11-17 06:18:23.239 PM [TestNG-test-Test-1] INFO  [verifyingPriceSilderFunctionality] [verifyingPriceSilderFunctionality] Within safeFindElements 
2025-11-17 06:18:23.248 PM [TestNG-test-Test-1] INFO  [verifyingPriceSilderFunctionality] [verifyingPriceSilderFunctionality] Returning the  [[[ChromeDriver: chrome on windows (84e6c918d9c0e833e1689ae26dd5a06d)] -> xpath: //span[@class='a-price-whole']], [[ChromeDriver: chrome on windows (84e6c918d9c0e833e1689ae26dd5a06d)] -> xpath: //span[@class='a-price-whole']], [[ChromeDriver: chrome on windows (84e6c918d9c0e833e1689ae26dd5a06d)] -> xpath: //span[@class='a-price-whole']], [[ChromeDriver: chrome on windows (84e6c918d9c0e833e1689ae26dd5a06d)] -> xpath: //span[@class='a-price-whole']], [[ChromeDriver: chrome on windows (84e6c918d9c0e833e1689ae26dd5a06d)] -> xpath: //span[@class='a-price-whole']], [[ChromeDriver: chrome on windows (84e6c918d9c0e833e1689ae26dd5a06d)] -> xpath: //span[@class='a-price-whole']], [[ChromeDriver: chrome on windows (84e6c918d9c0e833e1689ae26dd5a06d)] -> xpath: //span[@class='a-price-whole']], [[ChromeDriver: chrome on windows (84e6c918d9c0e833e1689ae26dd5a06d)] -> xpath: //span[@class='a-price-whole']], [[ChromeDriver: chrome on windows (84e6c918d9c0e833e1689ae26dd5a06d)] -> xpath: //span[@class='a-price-whole']], [[ChromeDriver: chrome on windows (84e6c918d9c0e833e1689ae26dd5a06d)] -> xpath: //span[@class='a-price-whole']], [[ChromeDriver: chrome on windows (84e6c918d9c0e833e1689ae26dd5a06d)] -> xpath: //span[@class='a-price-whole']], [[ChromeDriver: chrome on windows (84e6c918d9c0e833e1689ae26dd5a06d)] -> xpath: //span[@class='a-price-whole']], [[ChromeDriver: chrome on windows (84e6c918d9c0e833e1689ae26dd5a06d)] -> xpath: //span[@class='a-price-whole']], [[ChromeDriver: chrome on windows (84e6c918d9c0e833e1689ae26dd5a06d)] -> xpath: //span[@class='a-price-whole']], [[ChromeDriver: chrome on windows (84e6c918d9c0e833e1689ae26dd5a06d)] -> xpath: //span[@class='a-price-whole']], [[ChromeDriver: chrome on windows (84e6c918d9c0e833e1689ae26dd5a06d)] -> xpath: //span[@class='a-price-whole']], [[ChromeDriver: chrome on windows (84e6c918d9c0e833e1689ae26dd5a06d)] -> xpath: //span[@class='a-price-whole']], [[ChromeDriver: chrome on windows (84e6c918d9c0e833e1689ae26dd5a06d)] -> xpath: //span[@class='a-price-whole']], [[ChromeDriver: chrome on windows (84e6c918d9c0e833e1689ae26dd5a06d)] -> xpath: //span[@class='a-price-whole']]] from the safeFindElements method
2025-11-17 06:18:23.249 PM [TestNG-test-Test-1] INFO  [verifyingPriceSilderFunctionality] [verifyingPriceSilderFunctionality] Capturing screenshot: Filter Applied is Max Price=₹53,100  Min price=₹21,100__2025-11-17_181823.png
2025-11-17 06:18:23.332 PM [TestNG-test-Test-1] INFO  [verifyingPriceSilderFunctionality] [verifyingPriceSilderFunctionality] Screenshot saved at: test-output/screenshots/Run_2025-11-17_17-57-49/verifyingPriceSilderFunctionality/Filter Applied is Max Price=₹53,100  Min price=₹21,100__2025-11-17_181823.png
2025-11-17 06:18:23.350 PM [TestNG-test-Test-1] INFO  [verifyingPriceSilderFunctionality] [verifyingPriceSilderFunctionality] Checking if the product price is <= then the max filter applied, Product price and Max applied ->16999  160
2025-11-17 06:18:23.366 PM [TestNG-test-Test-1] INFO  [verifyingPriceSilderFunctionality] [verifyingPriceSilderFunctionality] Checking if the product price is <= then the max filter applied, Product price and Max applied ->8599  160
2025-11-17 06:18:23.375 PM [TestNG-test-Test-1] INFO  [verifyingPriceSilderFunctionality] [verifyingPriceSilderFunctionality] Checking if the product price is <= then the max filter applied, Product price and Max applied ->6799  160
2025-11-17 06:18:23.383 PM [TestNG-test-Test-1] INFO  [verifyingPriceSilderFunctionality] [verifyingPriceSilderFunctionality] Checking if the product price is <= then the max filter applied, Product price and Max applied ->7540  160
2025-11-17 06:18:23.392 PM [TestNG-test-Test-1] INFO  [verifyingPriceSilderFunctionality] [verifyingPriceSilderFunctionality] Checking if the product price is <= then the max filter applied, Product price and Max applied ->379  160
2025-11-17 06:18:23.400 PM [TestNG-test-Test-1] INFO  [verifyingPriceSilderFunctionality] [verifyingPriceSilderFunctionality] Checking if the product price is <= then the max filter applied, Product price and Max applied ->8299  160
2025-11-17 06:18:23.409 PM [TestNG-test-Test-1] INFO  [verifyingPriceSilderFunctionality] [verifyingPriceSilderFunctionality] Checking if the product price is <= then the max filter applied, Product price and Max applied ->6399  160
2025-11-17 06:18:23.419 PM [TestNG-test-Test-1] INFO  [verifyingPriceSilderFunctionality] [verifyingPriceSilderFunctionality] Checking if the product price is <= then the max filter applied, Product price and Max applied ->13998  160
2025-11-17 06:18:23.428 PM [TestNG-test-Test-1] INFO  [verifyingPriceSilderFunctionality] [verifyingPriceSilderFunctionality] Checking if the product price is <= then the max filter applied, Product price and Max applied ->23900  160
2025-11-17 06:18:23.436 PM [TestNG-test-Test-1] INFO  [verifyingPriceSilderFunctionality] [verifyingPriceSilderFunctionality] Checking if the product price is <= then the max filter applied, Product price and Max applied ->12067  160
2025-11-17 06:18:23.443 PM [TestNG-test-Test-1] INFO  [verifyingPriceSilderFunctionality] [verifyingPriceSilderFunctionality] Checking if the product price is <= then the max filter applied, Product price and Max applied ->7299  160
2025-11-17 06:18:23.452 PM [TestNG-test-Test-1] INFO  [verifyingPriceSilderFunctionality] [verifyingPriceSilderFunctionality] Checking if the product price is <= then the max filter applied, Product price and Max applied ->7719  160
2025-11-17 06:18:23.460 PM [TestNG-test-Test-1] INFO  [verifyingPriceSilderFunctionality] [verifyingPriceSilderFunctionality] Checking if the product price is <= then the max filter applied, Product price and Max applied ->13498  160
2025-11-17 06:18:23.468 PM [TestNG-test-Test-1] INFO  [verifyingPriceSilderFunctionality] [verifyingPriceSilderFunctionality] Checking if the product price is <= then the max filter applied, Product price and Max applied ->1199  160
2025-11-17 06:18:23.476 PM [TestNG-test-Test-1] INFO  [verifyingPriceSilderFunctionality] [verifyingPriceSilderFunctionality] Checking if the product price is <= then the max filter applied, Product price and Max applied ->16998  160
2025-11-17 06:18:23.488 PM [TestNG-test-Test-1] INFO  [verifyingPriceSilderFunctionality] [verifyingPriceSilderFunctionality] Checking if the product price is <= then the max filter applied, Product price and Max applied ->9989  160
2025-11-17 06:18:23.502 PM [TestNG-test-Test-1] INFO  [verifyingPriceSilderFunctionality] [verifyingPriceSilderFunctionality] Checking if the product price is <= then the max filter applied, Product price and Max applied ->10999  160
2025-11-17 06:18:23.509 PM [TestNG-test-Test-1] INFO  [verifyingPriceSilderFunctionality] [verifyingPriceSilderFunctionality] Checking if the product price is <= then the max filter applied, Product price and Max applied ->18999  160
2025-11-17 06:18:23.518 PM [TestNG-test-Test-1] INFO  [verifyingPriceSilderFunctionality] [verifyingPriceSilderFunctionality] Checking if the product price is <= then the max filter applied, Product price and Max applied ->799  160
2025-11-17 06:18:23.518 PM [TestNG-test-Test-1] INFO  [verifyingPriceSilderFunctionality] [verifyingPriceSilderFunctionality] Adding the data 'min','max','isValid' ,'mismatches' to 'result' Map->160
2025-11-17 06:18:23.518 PM [TestNG-test-Test-1] INFO  [verifyingPriceSilderFunctionality] [verifyingPriceSilderFunctionality] Adding the 'results'  Map to the master 'allResults' i.e is List of maps->160
2025-11-17 06:18:25.520 PM [TestNG-test-Test-1] INFO  [verifyingPriceSilderFunctionality] [verifyingPriceSilderFunctionality] Returning the data here in the end
2025-11-17 06:18:25.520 PM [TestNG-test-Test-1] ERROR [verifyingPriceSilderFunctionality] [verifyingPriceSilderFunctionality]  Validation failed for price range: 60 - 80
2025-11-17 06:18:25.520 PM [TestNG-test-Test-1] ERROR [verifyingPriceSilderFunctionality] [verifyingPriceSilderFunctionality]  Product price is above limit --> product index->0 and applied Max filter->9700  and  applied Min filter->4800 Actual product price -> 16999
2025-11-17 06:18:25.520 PM [TestNG-test-Test-1] ERROR [verifyingPriceSilderFunctionality] [verifyingPriceSilderFunctionality]  Product price is above limit --> product index->7 and applied Max filter->9700  and  applied Min filter->4800 Actual product price -> 13998
2025-11-17 06:18:25.520 PM [TestNG-test-Test-1] ERROR [verifyingPriceSilderFunctionality] [verifyingPriceSilderFunctionality]  Product price is above limit --> product index->8 and applied Max filter->9700  and  applied Min filter->4800 Actual product price -> 23900
2025-11-17 06:18:25.520 PM [TestNG-test-Test-1] ERROR [verifyingPriceSilderFunctionality] [verifyingPriceSilderFunctionality]  Product price is above limit --> product index->9 and applied Max filter->9700  and  applied Min filter->4800 Actual product price -> 12067
2025-11-17 06:18:25.520 PM [TestNG-test-Test-1] ERROR [verifyingPriceSilderFunctionality] [verifyingPriceSilderFunctionality]  Product price is above limit --> product index->12 and applied Max filter->9700  and  applied Min filter->4800 Actual product price -> 13498
2025-11-17 06:18:25.520 PM [TestNG-test-Test-1] ERROR [verifyingPriceSilderFunctionality] [verifyingPriceSilderFunctionality]  Product price is above limit --> product index->14 and applied Max filter->9700  and  applied Min filter->4800 Actual product price -> 16998
2025-11-17 06:18:25.521 PM [TestNG-test-Test-1] ERROR [verifyingPriceSilderFunctionality] [verifyingPriceSilderFunctionality]  Product price is above limit --> product index->15 and applied Max filter->9700  and  applied Min filter->4800 Actual product price -> 9989
2025-11-17 06:18:25.521 PM [TestNG-test-Test-1] ERROR [verifyingPriceSilderFunctionality] [verifyingPriceSilderFunctionality]  Product price is above limit --> product index->16 and applied Max filter->9700  and  applied Min filter->4800 Actual product price -> 10999
2025-11-17 06:18:25.521 PM [TestNG-test-Test-1] ERROR [verifyingPriceSilderFunctionality] [verifyingPriceSilderFunctionality]  Product price is above limit --> product index->17 and applied Max filter->9700  and  applied Min filter->4800 Actual product price -> 18999
2025-11-17 06:18:25.521 PM [TestNG-test-Test-1] INFO  [verifyingPriceSilderFunctionality] [verifyingPriceSilderFunctionality] ------------------------------------------------------------
2025-11-17 06:18:25.521 PM [TestNG-test-Test-1] INFO  [verifyingPriceSilderFunctionality] [verifyingPriceSilderFunctionality]  Price range validated successfully: 90 - 120
2025-11-17 06:18:25.521 PM [TestNG-test-Test-1] INFO  [verifyingPriceSilderFunctionality] [verifyingPriceSilderFunctionality] ------------------------------------------------------------
2025-11-17 06:18:25.521 PM [TestNG-test-Test-1] INFO  [verifyingPriceSilderFunctionality] [verifyingPriceSilderFunctionality]  Price range validated successfully: 130 - 160
2025-11-17 06:18:25.521 PM [TestNG-test-Test-1] INFO  [verifyingPriceSilderFunctionality] [verifyingPriceSilderFunctionality] ------------------------------------------------------------
2025-11-17 06:18:25.521 PM [TestNG-test-Test-1] INFO  [verifyingPriceSilderFunctionality] [verifyingPriceSilderFunctionality]  Asserting all soft assertions now...
2025-11-17 06:18:25.526 PM [TestNG-test-Test-1] INFO  [verifyingPriceSilderFunctionality] ✅ Finished test method: verifyingPriceSilderFunctionality
2025-11-17 06:18:25.795 PM [TestNG-test-Test-1] INFO  [verifyingPriceSilderFunctionality] 🔹 Starting test method: verifyingPriceSilderFunctionality
2025-11-17 06:18:25.795 PM [TestNG-test-Test-1] INFO  [verifyingPriceSilderFunctionality] No existing WebDriver found for current thread. Initializing a new ChromeDriver...
2025-11-17 06:18:25.806 PM [TestNG-test-Test-1] INFO  [verifyingPriceSilderFunctionality] WebDriverManager: chromedriver setup OK
2025-11-17 06:18:26.993 PM [TestNG-test-Test-1] INFO  [verifyingPriceSilderFunctionality] ChromeDriver initialized successfully for thread: 34
2025-11-17 06:18:27.585 PM [TestNG-test-Test-1] INFO  [verifyingPriceSilderFunctionality] [verifyingPriceSilderFunctionality] Opening amazon Landing page
2025-11-17 06:18:31.444 PM [TestNG-test-Test-1] INFO  [verifyingPriceSilderFunctionality] [verifyingPriceSilderFunctionality] Capturing screenshot: search bar error capture__2025-11-17_181831.png
2025-11-17 06:18:31.711 PM [TestNG-test-Test-1] INFO  [verifyingPriceSilderFunctionality] [verifyingPriceSilderFunctionality] Screenshot saved at: test-output/screenshots/Run_2025-11-17_17-57-49/verifyingPriceSilderFunctionality/search bar error capture__2025-11-17_181831.png
2025-11-17 06:18:32.202 PM [TestNG-test-Test-1] INFO  [verifyingPriceSilderFunctionality] [verifyingPriceSilderFunctionality] Giving input within the search bar
2025-11-17 06:18:32.202 PM [TestNG-test-Test-1] INFO  [verifyingPriceSilderFunctionality] [verifyingPriceSilderFunctionality] Within safeClick method
2025-11-17 06:18:32.880 PM [TestNG-test-Test-1] INFO  [verifyingPriceSilderFunctionality] [verifyingPriceSilderFunctionality] Clicked the  [[ChromeDriver: chrome on windows (2a9e12004f8084895288be4fae53c8e8)] -> xpath: //input[@id='nav-search-submit-button']]   using safeClick
2025-11-17 06:18:32.880 PM [TestNG-test-Test-1] INFO  [verifyingPriceSilderFunctionality] [verifyingPriceSilderFunctionality] Clicking on the submit in the search bar
2025-11-17 06:18:37.665 PM [TestNG-test-Test-1] INFO  [verifyingPriceSilderFunctionality] [verifyingPriceSilderFunctionality] Within filterCheckUnderList method
2025-11-17 06:18:37.940 PM [TestNG-test-Test-1] INFO  [verifyingPriceSilderFunctionality] [verifyingPriceSilderFunctionality] Found the Filter within the filter check List
2025-11-17 06:18:37.940 PM [TestNG-test-Test-1] INFO  [verifyingPriceSilderFunctionality] [verifyingPriceSilderFunctionality] Within applyPriceSliderAndValidateWithResult method
2025-11-17 06:18:39.947 PM [TestNG-test-Test-1] INFO  [verifyingPriceSilderFunctionality] [verifyingPriceSilderFunctionality] Within safeFindElement method
2025-11-17 06:18:39.970 PM [TestNG-test-Test-1] INFO  [verifyingPriceSilderFunctionality] [verifyingPriceSilderFunctionality]Found the element returning it ,element ->[[ChromeDriver: chrome on windows (2a9e12004f8084895288be4fae53c8e8)] -> id: p_36/range-slider_slider-item_lower-bound-slider]
2025-11-17 06:18:39.970 PM [TestNG-test-Test-1] INFO  [verifyingPriceSilderFunctionality] [verifyingPriceSilderFunctionality] Within safeFindElement method
2025-11-17 06:18:39.991 PM [TestNG-test-Test-1] INFO  [verifyingPriceSilderFunctionality] [verifyingPriceSilderFunctionality]Found the element returning it ,element ->[[ChromeDriver: chrome on windows (2a9e12004f8084895288be4fae53c8e8)] -> id: p_36/range-slider_slider-item_upper-bound-slider]
2025-11-17 06:18:40.004 PM [TestNG-test-Test-1] INFO  [verifyingPriceSilderFunctionality] [verifyingPriceSilderFunctionality] Applying the Min filter , Min filter value->60
2025-11-17 06:18:40.011 PM [TestNG-test-Test-1] INFO  [verifyingPriceSilderFunctionality] [verifyingPriceSilderFunctionality] Applying the Max filter , Max filter value->80
2025-11-17 06:18:41.011 PM [TestNG-test-Test-1] INFO  [verifyingPriceSilderFunctionality] [verifyingPriceSilderFunctionality] Within safeFindElement method
2025-11-17 06:18:41.025 PM [TestNG-test-Test-1] INFO  [verifyingPriceSilderFunctionality] [verifyingPriceSilderFunctionality]Found the element returning it ,element ->[[ChromeDriver: chrome on windows (2a9e12004f8084895288be4fae53c8e8)] -> xpath: //div[@class='a-section sf-submit-range-button']]
2025-11-17 06:18:41.025 PM [TestNG-test-Test-1] INFO  [verifyingPriceSilderFunctionality] [verifyingPriceSilderFunctionality] Hitting the submit button80
2025-11-17 06:18:43.026 PM [TestNG-test-Test-1] INFO  [verifyingPriceSilderFunctionality] [verifyingPriceSilderFunctionality] Within safeFindElement method
2025-11-17 06:18:43.041 PM [TestNG-test-Test-1] INFO  [verifyingPriceSilderFunctionality] [verifyingPriceSilderFunctionality]Found the element returning it ,element ->[[ChromeDriver: chrome on windows (2a9e12004f8084895288be4fae53c8e8)] -> xpath: //label[@for='p_36/range-slider_slider-item_upper-bound-slider']]
2025-11-17 06:18:43.049 PM [TestNG-test-Test-1] INFO  [verifyingPriceSilderFunctionality] [verifyingPriceSilderFunctionality] Within safeFindElement method
2025-11-17 06:18:43.100 PM [TestNG-test-Test-1] INFO  [verifyingPriceSilderFunctionality] [verifyingPriceSilderFunctionality]Found the element returning it ,element ->[[ChromeDriver: chrome on windows (2a9e12004f8084895288be4fae53c8e8)] -> xpath: //label[@for='p_36/range-slider_slider-item_lower-bound-slider']]
2025-11-17 06:18:43.145 PM [TestNG-test-Test-1] INFO  [verifyingPriceSilderFunctionality] [verifyingPriceSilderFunctionality] Within safeFindElements 
2025-11-17 06:18:43.193 PM [TestNG-test-Test-1] INFO  [verifyingPriceSilderFunctionality] [verifyingPriceSilderFunctionality] Returning the  [[[ChromeDriver: chrome on windows (2a9e12004f8084895288be4fae53c8e8)] -> xpath: //span[@class='a-price-whole']], [[ChromeDriver: chrome on windows (2a9e12004f8084895288be4fae53c8e8)] -> xpath: //span[@class='a-price-whole']], [[ChromeDriver: chrome on windows (2a9e12004f8084895288be4fae53c8e8)] -> xpath: //span[@class='a-price-whole']], [[ChromeDriver: chrome on windows (2a9e12004f8084895288be4fae53c8e8)] -> xpath: //span[@class='a-price-whole']], [[ChromeDriver: chrome on windows (2a9e12004f8084895288be4fae53c8e8)] -> xpath: //span[@class='a-price-whole']], [[ChromeDriver: chrome on windows (2a9e12004f8084895288be4fae53c8e8)] -> xpath: //span[@class='a-price-whole']], [[ChromeDriver: chrome on windows (2a9e12004f8084895288be4fae53c8e8)] -> xpath: //span[@class='a-price-whole']], [[ChromeDriver: chrome on windows (2a9e12004f8084895288be4fae53c8e8)] -> xpath: //span[@class='a-price-whole']], [[ChromeDriver: chrome on windows (2a9e12004f8084895288be4fae53c8e8)] -> xpath: //span[@class='a-price-whole']], [[ChromeDriver: chrome on windows (2a9e12004f8084895288be4fae53c8e8)] -> xpath: //span[@class='a-price-whole']], [[ChromeDriver: chrome on windows (2a9e12004f8084895288be4fae53c8e8)] -> xpath: //span[@class='a-price-whole']], [[ChromeDriver: chrome on windows (2a9e12004f8084895288be4fae53c8e8)] -> xpath: //span[@class='a-price-whole']], [[ChromeDriver: chrome on windows (2a9e12004f8084895288be4fae53c8e8)] -> xpath: //span[@class='a-price-whole']], [[ChromeDriver: chrome on windows (2a9e12004f8084895288be4fae53c8e8)] -> xpath: //span[@class='a-price-whole']], [[ChromeDriver: chrome on windows (2a9e12004f8084895288be4fae53c8e8)] -> xpath: //span[@class='a-price-whole']], [[ChromeDriver: chrome on windows (2a9e12004f8084895288be4fae53c8e8)] -> xpath: //span[@class='a-price-whole']], [[ChromeDriver: chrome on windows (2a9e12004f8084895288be4fae53c8e8)] -> xpath: //span[@class='a-price-whole']], [[ChromeDriver: chrome on windows (2a9e12004f8084895288be4fae53c8e8)] -> xpath: //span[@class='a-price-whole']], [[ChromeDriver: chrome on windows (2a9e12004f8084895288be4fae53c8e8)] -> xpath: //span[@class='a-price-whole']], [[ChromeDriver: chrome on windows (2a9e12004f8084895288be4fae53c8e8)] -> xpath: //span[@class='a-price-whole']], [[ChromeDriver: chrome on windows (2a9e12004f8084895288be4fae53c8e8)] -> xpath: //span[@class='a-price-whole']], [[ChromeDriver: chrome on windows (2a9e12004f8084895288be4fae53c8e8)] -> xpath: //span[@class='a-price-whole']], [[ChromeDriver: chrome on windows (2a9e12004f8084895288be4fae53c8e8)] -> xpath: //span[@class='a-price-whole']], [[ChromeDriver: chrome on windows (2a9e12004f8084895288be4fae53c8e8)] -> xpath: //span[@class='a-price-whole']], [[ChromeDriver: chrome on windows (2a9e12004f8084895288be4fae53c8e8)] -> xpath: //span[@class='a-price-whole']], [[ChromeDriver: chrome on windows (2a9e12004f8084895288be4fae53c8e8)] -> xpath: //span[@class='a-price-whole']], [[ChromeDriver: chrome on windows (2a9e12004f8084895288be4fae53c8e8)] -> xpath: //span[@class='a-price-whole']], [[ChromeDriver: chrome on windows (2a9e12004f8084895288be4fae53c8e8)] -> xpath: //span[@class='a-price-whole']], [[ChromeDriver: chrome on windows (2a9e12004f8084895288be4fae53c8e8)] -> xpath: //span[@class='a-price-whole']], [[ChromeDriver: chrome on windows (2a9e12004f8084895288be4fae53c8e8)] -> xpath: //span[@class='a-price-whole']], [[ChromeDriver: chrome on windows (2a9e12004f8084895288be4fae53c8e8)] -> xpath: //span[@class='a-price-whole']]] from the safeFindElements method
2025-11-17 06:18:43.193 PM [TestNG-test-Test-1] INFO  [verifyingPriceSilderFunctionality] [verifyingPriceSilderFunctionality] Capturing screenshot: Filter Applied is Max Price=₹40,400  Min price=₹20,200__2025-11-17_181843.png
2025-11-17 06:18:43.428 PM [TestNG-test-Test-1] INFO  [verifyingPriceSilderFunctionality] [verifyingPriceSilderFunctionality] Screenshot saved at: test-output/screenshots/Run_2025-11-17_17-57-49/verifyingPriceSilderFunctionality/Filter Applied is Max Price=₹40,400  Min price=₹20,200__2025-11-17_181843.png
2025-11-17 06:18:43.477 PM [TestNG-test-Test-1] INFO  [verifyingPriceSilderFunctionality] [verifyingPriceSilderFunctionality] Checking if the product price is <= then the max filter applied, Product price and Max applied ->499  80
2025-11-17 06:18:43.530 PM [TestNG-test-Test-1] INFO  [verifyingPriceSilderFunctionality] ✅ Finished test method: verifyingPriceSilderFunctionality
2025-11-17 06:18:43.871 PM [TestNG-test-Test-1] INFO  [verifyingPriceSilderFunctionality] 🔹 Starting test method: verifyingPriceSilderFunctionality
2025-11-17 06:18:43.872 PM [TestNG-test-Test-1] INFO  [verifyingPriceSilderFunctionality] No existing WebDriver found for current thread. Initializing a new ChromeDriver...
2025-11-17 06:18:43.882 PM [TestNG-test-Test-1] INFO  [verifyingPriceSilderFunctionality] WebDriverManager: chromedriver setup OK
2025-11-17 06:18:45.104 PM [TestNG-test-Test-1] INFO  [verifyingPriceSilderFunctionality] ChromeDriver initialized successfully for thread: 34
2025-11-17 06:18:45.658 PM [TestNG-test-Test-1] INFO  [verifyingPriceSilderFunctionality] [verifyingPriceSilderFunctionality] Opening amazon Landing page
2025-11-17 06:18:48.484 PM [TestNG-test-Test-1] INFO  [verifyingPriceSilderFunctionality] [verifyingPriceSilderFunctionality] Capturing screenshot: search bar error capture__2025-11-17_181848.png
2025-11-17 06:18:48.694 PM [TestNG-test-Test-1] INFO  [verifyingPriceSilderFunctionality] [verifyingPriceSilderFunctionality] Screenshot saved at: test-output/screenshots/Run_2025-11-17_17-57-49/verifyingPriceSilderFunctionality/search bar error capture__2025-11-17_181848.png
2025-11-17 06:18:49.789 PM [TestNG-test-Test-1] INFO  [verifyingPriceSilderFunctionality] [verifyingPriceSilderFunctionality] Giving input within the search bar
2025-11-17 06:18:49.789 PM [TestNG-test-Test-1] INFO  [verifyingPriceSilderFunctionality] [verifyingPriceSilderFunctionality] Within safeClick method
2025-11-17 06:18:52.098 PM [TestNG-test-Test-1] INFO  [verifyingPriceSilderFunctionality] [verifyingPriceSilderFunctionality] Clicked the  [[ChromeDriver: chrome on windows (f84cacaea1a44b89726aac133f881af4)] -> xpath: //input[@id='nav-search-submit-button']]   using safeClick
2025-11-17 06:18:52.098 PM [TestNG-test-Test-1] INFO  [verifyingPriceSilderFunctionality] [verifyingPriceSilderFunctionality] Clicking on the submit in the search bar
2025-11-17 06:18:52.331 PM [TestNG-test-Test-1] INFO  [verifyingPriceSilderFunctionality] [verifyingPriceSilderFunctionality] Within filterCheckUnderList method
2025-11-17 06:18:52.558 PM [TestNG-test-Test-1] INFO  [verifyingPriceSilderFunctionality] [verifyingPriceSilderFunctionality] Found the Filter within the filter check List
2025-11-17 06:18:52.558 PM [TestNG-test-Test-1] INFO  [verifyingPriceSilderFunctionality] [verifyingPriceSilderFunctionality] Within applyPriceSliderAndValidateWithResult method
2025-11-17 06:18:54.582 PM [TestNG-test-Test-1] INFO  [verifyingPriceSilderFunctionality] [verifyingPriceSilderFunctionality] Within safeFindElement method
2025-11-17 06:18:54.797 PM [TestNG-test-Test-1] INFO  [verifyingPriceSilderFunctionality] [verifyingPriceSilderFunctionality]Found the element returning it ,element ->[[ChromeDriver: chrome on windows (f84cacaea1a44b89726aac133f881af4)] -> id: p_36/range-slider_slider-item_lower-bound-slider]
2025-11-17 06:18:54.797 PM [TestNG-test-Test-1] INFO  [verifyingPriceSilderFunctionality] [verifyingPriceSilderFunctionality] Within safeFindElement method
2025-11-17 06:18:54.822 PM [TestNG-test-Test-1] INFO  [verifyingPriceSilderFunctionality] [verifyingPriceSilderFunctionality]Found the element returning it ,element ->[[ChromeDriver: chrome on windows (f84cacaea1a44b89726aac133f881af4)] -> id: p_36/range-slider_slider-item_upper-bound-slider]
2025-11-17 06:18:54.845 PM [TestNG-test-Test-1] INFO  [verifyingPriceSilderFunctionality] [verifyingPriceSilderFunctionality] Applying the Min filter , Min filter value->60
2025-11-17 06:18:54.856 PM [TestNG-test-Test-1] INFO  [verifyingPriceSilderFunctionality] [verifyingPriceSilderFunctionality] Applying the Max filter , Max filter value->80
2025-11-17 06:18:55.927 PM [TestNG-test-Test-1] INFO  [verifyingPriceSilderFunctionality] [verifyingPriceSilderFunctionality] Within safeFindElement method
2025-11-17 06:18:55.975 PM [TestNG-test-Test-1] INFO  [verifyingPriceSilderFunctionality] [verifyingPriceSilderFunctionality]Found the element returning it ,element ->[[ChromeDriver: chrome on windows (f84cacaea1a44b89726aac133f881af4)] -> xpath: //div[@class='a-section sf-submit-range-button']]
2025-11-17 06:18:55.975 PM [TestNG-test-Test-1] INFO  [verifyingPriceSilderFunctionality] [verifyingPriceSilderFunctionality] Hitting the submit button80
2025-11-17 06:18:57.976 PM [TestNG-test-Test-1] INFO  [verifyingPriceSilderFunctionality] [verifyingPriceSilderFunctionality] Within safeFindElement method
2025-11-17 06:18:57.990 PM [TestNG-test-Test-1] INFO  [verifyingPriceSilderFunctionality] [verifyingPriceSilderFunctionality]Found the element returning it ,element ->[[ChromeDriver: chrome on windows (f84cacaea1a44b89726aac133f881af4)] -> xpath: //label[@for='p_36/range-slider_slider-item_upper-bound-slider']]
2025-11-17 06:18:58.002 PM [TestNG-test-Test-1] INFO  [verifyingPriceSilderFunctionality] [verifyingPriceSilderFunctionality] Within safeFindElement method
2025-11-17 06:18:58.015 PM [TestNG-test-Test-1] INFO  [verifyingPriceSilderFunctionality] [verifyingPriceSilderFunctionality]Found the element returning it ,element ->[[ChromeDriver: chrome on windows (f84cacaea1a44b89726aac133f881af4)] -> xpath: //label[@for='p_36/range-slider_slider-item_lower-bound-slider']]
2025-11-17 06:18:58.024 PM [TestNG-test-Test-1] INFO  [verifyingPriceSilderFunctionality] [verifyingPriceSilderFunctionality] Within safeFindElements 
2025-11-17 06:18:58.040 PM [TestNG-test-Test-1] INFO  [verifyingPriceSilderFunctionality] [verifyingPriceSilderFunctionality] Returning the  [[[ChromeDriver: chrome on windows (f84cacaea1a44b89726aac133f881af4)] -> xpath: //span[@class='a-price-whole']], [[ChromeDriver: chrome on windows (f84cacaea1a44b89726aac133f881af4)] -> xpath: //span[@class='a-price-whole']], [[ChromeDriver: chrome on windows (f84cacaea1a44b89726aac133f881af4)] -> xpath: //span[@class='a-price-whole']], [[ChromeDriver: chrome on windows (f84cacaea1a44b89726aac133f881af4)] -> xpath: //span[@class='a-price-whole']], [[ChromeDriver: chrome on windows (f84cacaea1a44b89726aac133f881af4)] -> xpath: //span[@class='a-price-whole']], [[ChromeDriver: chrome on windows (f84cacaea1a44b89726aac133f881af4)] -> xpath: //span[@class='a-price-whole']], [[ChromeDriver: chrome on windows (f84cacaea1a44b89726aac133f881af4)] -> xpath: //span[@class='a-price-whole']], [[ChromeDriver: chrome on windows (f84cacaea1a44b89726aac133f881af4)] -> xpath: //span[@class='a-price-whole']], [[ChromeDriver: chrome on windows (f84cacaea1a44b89726aac133f881af4)] -> xpath: //span[@class='a-price-whole']], [[ChromeDriver: chrome on windows (f84cacaea1a44b89726aac133f881af4)] -> xpath: //span[@class='a-price-whole']], [[ChromeDriver: chrome on windows (f84cacaea1a44b89726aac133f881af4)] -> xpath: //span[@class='a-price-whole']], [[ChromeDriver: chrome on windows (f84cacaea1a44b89726aac133f881af4)] -> xpath: //span[@class='a-price-whole']], [[ChromeDriver: chrome on windows (f84cacaea1a44b89726aac133f881af4)] -> xpath: //span[@class='a-price-whole']], [[ChromeDriver: chrome on windows (f84cacaea1a44b89726aac133f881af4)] -> xpath: //span[@class='a-price-whole']], [[ChromeDriver: chrome on windows (f84cacaea1a44b89726aac133f881af4)] -> xpath: //span[@class='a-price-whole']], [[ChromeDriver: chrome on windows (f84cacaea1a44b89726aac133f881af4)] -> xpath: //span[@class='a-price-whole']], [[ChromeDriver: chrome on windows (f84cacaea1a44b89726aac133f881af4)] -> xpath: //span[@class='a-price-whole']], [[ChromeDriver: chrome on windows (f84cacaea1a44b89726aac133f881af4)] -> xpath: //span[@class='a-price-whole']], [[ChromeDriver: chrome on windows (f84cacaea1a44b89726aac133f881af4)] -> xpath: //span[@class='a-price-whole']], [[ChromeDriver: chrome on windows (f84cacaea1a44b89726aac133f881af4)] -> xpath: //span[@class='a-price-whole']], [[ChromeDriver: chrome on windows (f84cacaea1a44b89726aac133f881af4)] -> xpath: //span[@class='a-price-whole']], [[ChromeDriver: chrome on windows (f84cacaea1a44b89726aac133f881af4)] -> xpath: //span[@class='a-price-whole']], [[ChromeDriver: chrome on windows (f84cacaea1a44b89726aac133f881af4)] -> xpath: //span[@class='a-price-whole']], [[ChromeDriver: chrome on windows (f84cacaea1a44b89726aac133f881af4)] -> xpath: //span[@class='a-price-whole']], [[ChromeDriver: chrome on windows (f84cacaea1a44b89726aac133f881af4)] -> xpath: //span[@class='a-price-whole']], [[ChromeDriver: chrome on windows (f84cacaea1a44b89726aac133f881af4)] -> xpath: //span[@class='a-price-whole']], [[ChromeDriver: chrome on windows (f84cacaea1a44b89726aac133f881af4)] -> xpath: //span[@class='a-price-whole']], [[ChromeDriver: chrome on windows (f84cacaea1a44b89726aac133f881af4)] -> xpath: //span[@class='a-price-whole']], [[ChromeDriver: chrome on windows (f84cacaea1a44b89726aac133f881af4)] -> xpath: //span[@class='a-price-whole']], [[ChromeDriver: chrome on windows (f84cacaea1a44b89726aac133f881af4)] -> xpath: //span[@class='a-price-whole']], [[ChromeDriver: chrome on windows (f84cacaea1a44b89726aac133f881af4)] -> xpath: //span[@class='a-price-whole']], [[ChromeDriver: chrome on windows (f84cacaea1a44b89726aac133f881af4)] -> xpath: //span[@class='a-price-whole']]] from the safeFindElements method
2025-11-17 06:18:58.041 PM [TestNG-test-Test-1] INFO  [verifyingPriceSilderFunctionality] [verifyingPriceSilderFunctionality] Capturing screenshot: Filter Applied is Max Price=₹63,700  Min price=₹31,600__2025-11-17_181858.png
2025-11-17 06:18:58.215 PM [TestNG-test-Test-1] INFO  [verifyingPriceSilderFunctionality] [verifyingPriceSilderFunctionality] Screenshot saved at: test-output/screenshots/Run_2025-11-17_17-57-49/verifyingPriceSilderFunctionality/Filter Applied is Max Price=₹63,700  Min price=₹31,600__2025-11-17_181858.png
2025-11-17 06:18:58.224 PM [TestNG-test-Test-1] INFO  [verifyingPriceSilderFunctionality] [verifyingPriceSilderFunctionality] Checking if the product price is <= then the max filter applied, Product price and Max applied ->499  80
2025-11-17 06:18:58.235 PM [TestNG-test-Test-1] INFO  [verifyingPriceSilderFunctionality] ✅ Finished test method: verifyingPriceSilderFunctionality
2025-11-17 06:18:58.480 PM [TestNG-test-Test-1] INFO  [verifyingPriceSilderFunctionality] 🔹 Starting test method: verifyingPriceSilderFunctionality
2025-11-17 06:18:58.480 PM [TestNG-test-Test-1] INFO  [verifyingPriceSilderFunctionality] No existing WebDriver found for current thread. Initializing a new ChromeDriver...
2025-11-17 06:18:58.489 PM [TestNG-test-Test-1] INFO  [verifyingPriceSilderFunctionality] WebDriverManager: chromedriver setup OK
2025-11-17 06:18:59.994 PM [TestNG-test-Test-1] INFO  [verifyingPriceSilderFunctionality] ChromeDriver initialized successfully for thread: 34
2025-11-17 06:19:00.541 PM [TestNG-test-Test-1] INFO  [verifyingPriceSilderFunctionality] [verifyingPriceSilderFunctionality] Opening amazon Landing page
2025-11-17 06:19:05.336 PM [TestNG-test-Test-1] INFO  [verifyingPriceSilderFunctionality] [verifyingPriceSilderFunctionality] Capturing screenshot: search bar error capture__2025-11-17_181905.png
2025-11-17 06:19:05.589 PM [TestNG-test-Test-1] INFO  [verifyingPriceSilderFunctionality] [verifyingPriceSilderFunctionality] Screenshot saved at: test-output/screenshots/Run_2025-11-17_17-57-49/verifyingPriceSilderFunctionality/search bar error capture__2025-11-17_181905.png
2025-11-17 06:19:05.784 PM [TestNG-test-Test-1] INFO  [verifyingPriceSilderFunctionality] [verifyingPriceSilderFunctionality] Giving input within the search bar
2025-11-17 06:19:05.784 PM [TestNG-test-Test-1] INFO  [verifyingPriceSilderFunctionality] [verifyingPriceSilderFunctionality] Within safeClick method
2025-11-17 06:19:07.941 PM [TestNG-test-Test-1] INFO  [verifyingPriceSilderFunctionality] [verifyingPriceSilderFunctionality] Clicked the  [[ChromeDriver: chrome on windows (bedf67e3736c57efc48c2c2b33623f1a)] -> xpath: //input[@id='nav-search-submit-button']]   using safeClick
2025-11-17 06:19:07.941 PM [TestNG-test-Test-1] INFO  [verifyingPriceSilderFunctionality] [verifyingPriceSilderFunctionality] Clicking on the submit in the search bar
2025-11-17 06:19:08.120 PM [TestNG-test-Test-1] INFO  [verifyingPriceSilderFunctionality] [verifyingPriceSilderFunctionality] Within filterCheckUnderList method
2025-11-17 06:19:08.299 PM [TestNG-test-Test-1] INFO  [verifyingPriceSilderFunctionality] [verifyingPriceSilderFunctionality] Found the Filter within the filter check List
2025-11-17 06:19:08.299 PM [TestNG-test-Test-1] INFO  [verifyingPriceSilderFunctionality] [verifyingPriceSilderFunctionality] Within applyPriceSliderAndValidateWithResult method
2025-11-17 06:19:10.308 PM [TestNG-test-Test-1] INFO  [verifyingPriceSilderFunctionality] [verifyingPriceSilderFunctionality] Within safeFindElement method
2025-11-17 06:19:10.328 PM [TestNG-test-Test-1] INFO  [verifyingPriceSilderFunctionality] [verifyingPriceSilderFunctionality]Found the element returning it ,element ->[[ChromeDriver: chrome on windows (bedf67e3736c57efc48c2c2b33623f1a)] -> id: p_36/range-slider_slider-item_lower-bound-slider]
2025-11-17 06:19:10.328 PM [TestNG-test-Test-1] INFO  [verifyingPriceSilderFunctionality] [verifyingPriceSilderFunctionality] Within safeFindElement method
2025-11-17 06:19:10.350 PM [TestNG-test-Test-1] INFO  [verifyingPriceSilderFunctionality] [verifyingPriceSilderFunctionality]Found the element returning it ,element ->[[ChromeDriver: chrome on windows (bedf67e3736c57efc48c2c2b33623f1a)] -> id: p_36/range-slider_slider-item_upper-bound-slider]
2025-11-17 06:19:10.363 PM [TestNG-test-Test-1] INFO  [verifyingPriceSilderFunctionality] [verifyingPriceSilderFunctionality] Applying the Min filter , Min filter value->60
2025-11-17 06:19:10.371 PM [TestNG-test-Test-1] INFO  [verifyingPriceSilderFunctionality] [verifyingPriceSilderFunctionality] Applying the Max filter , Max filter value->80
2025-11-17 06:19:11.373 PM [TestNG-test-Test-1] INFO  [verifyingPriceSilderFunctionality] [verifyingPriceSilderFunctionality] Within safeFindElement method
2025-11-17 06:19:11.394 PM [TestNG-test-Test-1] INFO  [verifyingPriceSilderFunctionality] [verifyingPriceSilderFunctionality]Found the element returning it ,element ->[[ChromeDriver: chrome on windows (bedf67e3736c57efc48c2c2b33623f1a)] -> xpath: //div[@class='a-section sf-submit-range-button']]
2025-11-17 06:19:11.394 PM [TestNG-test-Test-1] INFO  [verifyingPriceSilderFunctionality] [verifyingPriceSilderFunctionality] Hitting the submit button80
2025-11-17 06:19:13.402 PM [TestNG-test-Test-1] INFO  [verifyingPriceSilderFunctionality] [verifyingPriceSilderFunctionality] Within safeFindElement method
2025-11-17 06:19:13.554 PM [TestNG-test-Test-1] INFO  [verifyingPriceSilderFunctionality] [verifyingPriceSilderFunctionality]Found the element returning it ,element ->[[ChromeDriver: chrome on windows (bedf67e3736c57efc48c2c2b33623f1a)] -> xpath: //label[@for='p_36/range-slider_slider-item_upper-bound-slider']]
2025-11-17 06:19:13.602 PM [TestNG-test-Test-1] INFO  [verifyingPriceSilderFunctionality] [verifyingPriceSilderFunctionality] Within safeFindElement method
2025-11-17 06:19:13.630 PM [TestNG-test-Test-1] INFO  [verifyingPriceSilderFunctionality] [verifyingPriceSilderFunctionality]Found the element returning it ,element ->[[ChromeDriver: chrome on windows (bedf67e3736c57efc48c2c2b33623f1a)] -> xpath: //label[@for='p_36/range-slider_slider-item_lower-bound-slider']]
2025-11-17 06:19:13.658 PM [TestNG-test-Test-1] INFO  [verifyingPriceSilderFunctionality] [verifyingPriceSilderFunctionality] Within safeFindElements 
2025-11-17 06:19:13.691 PM [TestNG-test-Test-1] INFO  [verifyingPriceSilderFunctionality] [verifyingPriceSilderFunctionality] Returning the  [[[ChromeDriver: chrome on windows (bedf67e3736c57efc48c2c2b33623f1a)] -> xpath: //span[@class='a-price-whole']], [[ChromeDriver: chrome on windows (bedf67e3736c57efc48c2c2b33623f1a)] -> xpath: //span[@class='a-price-whole']], [[ChromeDriver: chrome on windows (bedf67e3736c57efc48c2c2b33623f1a)] -> xpath: //span[@class='a-price-whole']], [[ChromeDriver: chrome on windows (bedf67e3736c57efc48c2c2b33623f1a)] -> xpath: //span[@class='a-price-whole']], [[ChromeDriver: chrome on windows (bedf67e3736c57efc48c2c2b33623f1a)] -> xpath: //span[@class='a-price-whole']], [[ChromeDriver: chrome on windows (bedf67e3736c57efc48c2c2b33623f1a)] -> xpath: //span[@class='a-price-whole']], [[ChromeDriver: chrome on windows (bedf67e3736c57efc48c2c2b33623f1a)] -> xpath: //span[@class='a-price-whole']], [[ChromeDriver: chrome on windows (bedf67e3736c57efc48c2c2b33623f1a)] -> xpath: //span[@class='a-price-whole']], [[ChromeDriver: chrome on windows (bedf67e3736c57efc48c2c2b33623f1a)] -> xpath: //span[@class='a-price-whole']], [[ChromeDriver: chrome on windows (bedf67e3736c57efc48c2c2b33623f1a)] -> xpath: //span[@class='a-price-whole']], [[ChromeDriver: chrome on windows (bedf67e3736c57efc48c2c2b33623f1a)] -> xpath: //span[@class='a-price-whole']], [[ChromeDriver: chrome on windows (bedf67e3736c57efc48c2c2b33623f1a)] -> xpath: //span[@class='a-price-whole']], [[ChromeDriver: chrome on windows (bedf67e3736c57efc48c2c2b33623f1a)] -> xpath: //span[@class='a-price-whole']], [[ChromeDriver: chrome on windows (bedf67e3736c57efc48c2c2b33623f1a)] -> xpath: //span[@class='a-price-whole']], [[ChromeDriver: chrome on windows (bedf67e3736c57efc48c2c2b33623f1a)] -> xpath: //span[@class='a-price-whole']], [[ChromeDriver: chrome on windows (bedf67e3736c57efc48c2c2b33623f1a)] -> xpath: //span[@class='a-price-whole']], [[ChromeDriver: chrome on windows (bedf67e3736c57efc48c2c2b33623f1a)] -> xpath: //span[@class='a-price-whole']], [[ChromeDriver: chrome on windows (bedf67e3736c57efc48c2c2b33623f1a)] -> xpath: //span[@class='a-price-whole']], [[ChromeDriver: chrome on windows (bedf67e3736c57efc48c2c2b33623f1a)] -> xpath: //span[@class='a-price-whole']], [[ChromeDriver: chrome on windows (bedf67e3736c57efc48c2c2b33623f1a)] -> xpath: //span[@class='a-price-whole']], [[ChromeDriver: chrome on windows (bedf67e3736c57efc48c2c2b33623f1a)] -> xpath: //span[@class='a-price-whole']], [[ChromeDriver: chrome on windows (bedf67e3736c57efc48c2c2b33623f1a)] -> xpath: //span[@class='a-price-whole']], [[ChromeDriver: chrome on windows (bedf67e3736c57efc48c2c2b33623f1a)] -> xpath: //span[@class='a-price-whole']], [[ChromeDriver: chrome on windows (bedf67e3736c57efc48c2c2b33623f1a)] -> xpath: //span[@class='a-price-whole']], [[ChromeDriver: chrome on windows (bedf67e3736c57efc48c2c2b33623f1a)] -> xpath: //span[@class='a-price-whole']], [[ChromeDriver: chrome on windows (bedf67e3736c57efc48c2c2b33623f1a)] -> xpath: //span[@class='a-price-whole']], [[ChromeDriver: chrome on windows (bedf67e3736c57efc48c2c2b33623f1a)] -> xpath: //span[@class='a-price-whole']], [[ChromeDriver: chrome on windows (bedf67e3736c57efc48c2c2b33623f1a)] -> xpath: //span[@class='a-price-whole']], [[ChromeDriver: chrome on windows (bedf67e3736c57efc48c2c2b33623f1a)] -> xpath: //span[@class='a-price-whole']]] from the safeFindElements method
2025-11-17 06:19:13.692 PM [TestNG-test-Test-1] INFO  [verifyingPriceSilderFunctionality] [verifyingPriceSilderFunctionality] Capturing screenshot: Filter Applied is Max Price=₹8,500  Min price=₹4,400__2025-11-17_181913.png
2025-11-17 06:19:13.913 PM [TestNG-test-Test-1] INFO  [verifyingPriceSilderFunctionality] [verifyingPriceSilderFunctionality] Screenshot saved at: test-output/screenshots/Run_2025-11-17_17-57-49/verifyingPriceSilderFunctionality/Filter Applied is Max Price=₹8,500  Min price=₹4,400__2025-11-17_181913.png
2025-11-17 06:19:14.028 PM [TestNG-test-Test-1] INFO  [verifyingPriceSilderFunctionality] [verifyingPriceSilderFunctionality] Checking if the product price is <= then the max filter applied, Product price and Max applied ->2414  80
2025-11-17 06:19:15.428 PM [TestNG-test-Test-1] INFO  [verifyingPriceSilderFunctionality] [verifyingPriceSilderFunctionality] Checking if the product price is <= then the max filter applied, Product price and Max applied ->2299  80
2025-11-17 06:19:15.522 PM [TestNG-test-Test-1] INFO  [verifyingPriceSilderFunctionality] [verifyingPriceSilderFunctionality] Checking if the product price is <= then the max filter applied, Product price and Max applied ->569  80
2025-11-17 06:19:15.637 PM [TestNG-test-Test-1] INFO  [verifyingPriceSilderFunctionality] [verifyingPriceSilderFunctionality] Checking if the product price is <= then the max filter applied, Product price and Max applied ->577  80
2025-11-17 06:19:15.668 PM [TestNG-test-Test-1] INFO  [verifyingPriceSilderFunctionality] [verifyingPriceSilderFunctionality] Checking if the product price is <= then the max filter applied, Product price and Max applied ->467  80
2025-11-17 06:19:15.695 PM [TestNG-test-Test-1] INFO  [verifyingPriceSilderFunctionality] [verifyingPriceSilderFunctionality] Checking if the product price is <= then the max filter applied, Product price and Max applied ->2414  80
2025-11-17 06:19:15.709 PM [TestNG-test-Test-1] INFO  [verifyingPriceSilderFunctionality] [verifyingPriceSilderFunctionality] Checking if the product price is <= then the max filter applied, Product price and Max applied ->2299  80
2025-11-17 06:19:15.719 PM [TestNG-test-Test-1] INFO  [verifyingPriceSilderFunctionality] [verifyingPriceSilderFunctionality] Checking if the product price is <= then the max filter applied, Product price and Max applied ->529  80
2025-11-17 06:19:15.737 PM [TestNG-test-Test-1] INFO  [verifyingPriceSilderFunctionality] ✅ Finished test method: verifyingPriceSilderFunctionality
2025-11-17 06:19:17.424 PM [TestNG-test-Test-1] INFO  [verifyingPriceSilderFunctionality] 🔹 Starting test method: verifyingPriceSilderFunctionality
2025-11-17 06:19:17.424 PM [TestNG-test-Test-1] INFO  [verifyingPriceSilderFunctionality] No existing WebDriver found for current thread. Initializing a new ChromeDriver...
2025-11-17 06:19:17.432 PM [TestNG-test-Test-1] INFO  [verifyingPriceSilderFunctionality] WebDriverManager: chromedriver setup OK
2025-11-17 06:19:18.819 PM [TestNG-test-Test-1] INFO  [verifyingPriceSilderFunctionality] ChromeDriver initialized successfully for thread: 34
2025-11-17 06:19:19.990 PM [TestNG-test-Test-1] INFO  [verifyingPriceSilderFunctionality] [verifyingPriceSilderFunctionality] Opening amazon Landing page
2025-11-17 06:19:20.356 PM [TestNG-test-Test-1] INFO  [verifyingPriceSilderFunctionality] [verifyingPriceSilderFunctionality] Capturing screenshot: search bar error capture__2025-11-17_181920.png
2025-11-17 06:19:20.555 PM [TestNG-test-Test-1] INFO  [verifyingPriceSilderFunctionality] [verifyingPriceSilderFunctionality] Screenshot saved at: test-output/screenshots/Run_2025-11-17_17-57-49/verifyingPriceSilderFunctionality/search bar error capture__2025-11-17_181920.png
2025-11-17 06:19:20.758 PM [TestNG-test-Test-1] INFO  [verifyingPriceSilderFunctionality] [verifyingPriceSilderFunctionality] Giving input within the search bar
2025-11-17 06:19:20.758 PM [TestNG-test-Test-1] INFO  [verifyingPriceSilderFunctionality] [verifyingPriceSilderFunctionality] Within safeClick method
2025-11-17 06:19:23.136 PM [TestNG-test-Test-1] INFO  [verifyingPriceSilderFunctionality] [verifyingPriceSilderFunctionality] Clicked the  [[ChromeDriver: chrome on windows (81b2bb71770f464f645954ca6bbde30c)] -> xpath: //input[@id='nav-search-submit-button']]   using safeClick
2025-11-17 06:19:23.137 PM [TestNG-test-Test-1] INFO  [verifyingPriceSilderFunctionality] [verifyingPriceSilderFunctionality] Clicking on the submit in the search bar
2025-11-17 06:19:23.393 PM [TestNG-test-Test-1] INFO  [verifyingPriceSilderFunctionality] [verifyingPriceSilderFunctionality] Within filterCheckUnderList method
2025-11-17 06:19:23.536 PM [TestNG-test-Test-1] INFO  [verifyingPriceSilderFunctionality] [verifyingPriceSilderFunctionality] Found the Filter within the filter check List
2025-11-17 06:19:23.536 PM [TestNG-test-Test-1] INFO  [verifyingPriceSilderFunctionality] [verifyingPriceSilderFunctionality] Within applyPriceSliderAndValidateWithResult method
2025-11-17 06:19:25.552 PM [TestNG-test-Test-1] INFO  [verifyingPriceSilderFunctionality] [verifyingPriceSilderFunctionality] Within safeFindElement method
2025-11-17 06:19:25.568 PM [TestNG-test-Test-1] INFO  [verifyingPriceSilderFunctionality] [verifyingPriceSilderFunctionality]Found the element returning it ,element ->[[ChromeDriver: chrome on windows (81b2bb71770f464f645954ca6bbde30c)] -> id: p_36/range-slider_slider-item_lower-bound-slider]
2025-11-17 06:19:25.569 PM [TestNG-test-Test-1] INFO  [verifyingPriceSilderFunctionality] [verifyingPriceSilderFunctionality] Within safeFindElement method
2025-11-17 06:19:25.578 PM [TestNG-test-Test-1] INFO  [verifyingPriceSilderFunctionality] [verifyingPriceSilderFunctionality]Found the element returning it ,element ->[[ChromeDriver: chrome on windows (81b2bb71770f464f645954ca6bbde30c)] -> id: p_36/range-slider_slider-item_upper-bound-slider]
2025-11-17 06:19:25.589 PM [TestNG-test-Test-1] INFO  [verifyingPriceSilderFunctionality] [verifyingPriceSilderFunctionality] Applying the Min filter , Min filter value->60
2025-11-17 06:19:25.601 PM [TestNG-test-Test-1] INFO  [verifyingPriceSilderFunctionality] [verifyingPriceSilderFunctionality] Applying the Max filter , Max filter value->80
2025-11-17 06:19:26.621 PM [TestNG-test-Test-1] INFO  [verifyingPriceSilderFunctionality] [verifyingPriceSilderFunctionality] Within safeFindElement method
2025-11-17 06:19:26.687 PM [TestNG-test-Test-1] INFO  [verifyingPriceSilderFunctionality] [verifyingPriceSilderFunctionality]Found the element returning it ,element ->[[ChromeDriver: chrome on windows (81b2bb71770f464f645954ca6bbde30c)] -> xpath: //div[@class='a-section sf-submit-range-button']]
2025-11-17 06:19:26.687 PM [TestNG-test-Test-1] INFO  [verifyingPriceSilderFunctionality] [verifyingPriceSilderFunctionality] Hitting the submit button80
2025-11-17 06:19:28.688 PM [TestNG-test-Test-1] INFO  [verifyingPriceSilderFunctionality] [verifyingPriceSilderFunctionality] Within safeFindElement method
2025-11-17 06:19:28.703 PM [TestNG-test-Test-1] INFO  [verifyingPriceSilderFunctionality] [verifyingPriceSilderFunctionality]Found the element returning it ,element ->[[ChromeDriver: chrome on windows (81b2bb71770f464f645954ca6bbde30c)] -> xpath: //label[@for='p_36/range-slider_slider-item_upper-bound-slider']]
2025-11-17 06:19:28.711 PM [TestNG-test-Test-1] INFO  [verifyingPriceSilderFunctionality] [verifyingPriceSilderFunctionality] Within safeFindElement method
2025-11-17 06:19:28.724 PM [TestNG-test-Test-1] INFO  [verifyingPriceSilderFunctionality] [verifyingPriceSilderFunctionality]Found the element returning it ,element ->[[ChromeDriver: chrome on windows (81b2bb71770f464f645954ca6bbde30c)] -> xpath: //label[@for='p_36/range-slider_slider-item_lower-bound-slider']]
2025-11-17 06:19:28.733 PM [TestNG-test-Test-1] INFO  [verifyingPriceSilderFunctionality] [verifyingPriceSilderFunctionality] Within safeFindElements 
2025-11-17 06:19:28.747 PM [TestNG-test-Test-1] INFO  [verifyingPriceSilderFunctionality] [verifyingPriceSilderFunctionality] Returning the  [[[ChromeDriver: chrome on windows (81b2bb71770f464f645954ca6bbde30c)] -> xpath: //span[@class='a-price-whole']], [[ChromeDriver: chrome on windows (81b2bb71770f464f645954ca6bbde30c)] -> xpath: //span[@class='a-price-whole']], [[ChromeDriver: chrome on windows (81b2bb71770f464f645954ca6bbde30c)] -> xpath: //span[@class='a-price-whole']], [[ChromeDriver: chrome on windows (81b2bb71770f464f645954ca6bbde30c)] -> xpath: //span[@class='a-price-whole']], [[ChromeDriver: chrome on windows (81b2bb71770f464f645954ca6bbde30c)] -> xpath: //span[@class='a-price-whole']], [[ChromeDriver: chrome on windows (81b2bb71770f464f645954ca6bbde30c)] -> xpath: //span[@class='a-price-whole']], [[ChromeDriver: chrome on windows (81b2bb71770f464f645954ca6bbde30c)] -> xpath: //span[@class='a-price-whole']], [[ChromeDriver: chrome on windows (81b2bb71770f464f645954ca6bbde30c)] -> xpath: //span[@class='a-price-whole']], [[ChromeDriver: chrome on windows (81b2bb71770f464f645954ca6bbde30c)] -> xpath: //span[@class='a-price-whole']], [[ChromeDriver: chrome on windows (81b2bb71770f464f645954ca6bbde30c)] -> xpath: //span[@class='a-price-whole']], [[ChromeDriver: chrome on windows (81b2bb71770f464f645954ca6bbde30c)] -> xpath: //span[@class='a-price-whole']], [[ChromeDriver: chrome on windows (81b2bb71770f464f645954ca6bbde30c)] -> xpath: //span[@class='a-price-whole']], [[ChromeDriver: chrome on windows (81b2bb71770f464f645954ca6bbde30c)] -> xpath: //span[@class='a-price-whole']], [[ChromeDriver: chrome on windows (81b2bb71770f464f645954ca6bbde30c)] -> xpath: //span[@class='a-price-whole']], [[ChromeDriver: chrome on windows (81b2bb71770f464f645954ca6bbde30c)] -> xpath: //span[@class='a-price-whole']], [[ChromeDriver: chrome on windows (81b2bb71770f464f645954ca6bbde30c)] -> xpath: //span[@class='a-price-whole']], [[ChromeDriver: chrome on windows (81b2bb71770f464f645954ca6bbde30c)] -> xpath: //span[@class='a-price-whole']], [[ChromeDriver: chrome on windows (81b2bb71770f464f645954ca6bbde30c)] -> xpath: //span[@class='a-price-whole']], [[ChromeDriver: chrome on windows (81b2bb71770f464f645954ca6bbde30c)] -> xpath: //span[@class='a-price-whole']], [[ChromeDriver: chrome on windows (81b2bb71770f464f645954ca6bbde30c)] -> xpath: //span[@class='a-price-whole']], [[ChromeDriver: chrome on windows (81b2bb71770f464f645954ca6bbde30c)] -> xpath: //span[@class='a-price-whole']], [[ChromeDriver: chrome on windows (81b2bb71770f464f645954ca6bbde30c)] -> xpath: //span[@class='a-price-whole']], [[ChromeDriver: chrome on windows (81b2bb71770f464f645954ca6bbde30c)] -> xpath: //span[@class='a-price-whole']], [[ChromeDriver: chrome on windows (81b2bb71770f464f645954ca6bbde30c)] -> xpath: //span[@class='a-price-whole']], [[ChromeDriver: chrome on windows (81b2bb71770f464f645954ca6bbde30c)] -> xpath: //span[@class='a-price-whole']], [[ChromeDriver: chrome on windows (81b2bb71770f464f645954ca6bbde30c)] -> xpath: //span[@class='a-price-whole']], [[ChromeDriver: chrome on windows (81b2bb71770f464f645954ca6bbde30c)] -> xpath: //span[@class='a-price-whole']], [[ChromeDriver: chrome on windows (81b2bb71770f464f645954ca6bbde30c)] -> xpath: //span[@class='a-price-whole']], [[ChromeDriver: chrome on windows (81b2bb71770f464f645954ca6bbde30c)] -> xpath: //span[@class='a-price-whole']]] from the safeFindElements method
2025-11-17 06:19:28.748 PM [TestNG-test-Test-1] INFO  [verifyingPriceSilderFunctionality] [verifyingPriceSilderFunctionality] Capturing screenshot: Filter Applied is Max Price=₹6,800  Min price=₹3,500__2025-11-17_181928.png
2025-11-17 06:19:28.847 PM [TestNG-test-Test-1] INFO  [verifyingPriceSilderFunctionality] [verifyingPriceSilderFunctionality] Screenshot saved at: test-output/screenshots/Run_2025-11-17_17-57-49/verifyingPriceSilderFunctionality/Filter Applied is Max Price=₹6,800  Min price=₹3,500__2025-11-17_181928.png
2025-11-17 06:19:28.855 PM [TestNG-test-Test-1] INFO  [verifyingPriceSilderFunctionality] [verifyingPriceSilderFunctionality] Checking if the product price is <= then the max filter applied, Product price and Max applied ->2414  80
2025-11-17 06:19:28.862 PM [TestNG-test-Test-1] INFO  [verifyingPriceSilderFunctionality] [verifyingPriceSilderFunctionality] Checking if the product price is <= then the max filter applied, Product price and Max applied ->2299  80
2025-11-17 06:19:28.869 PM [TestNG-test-Test-1] INFO  [verifyingPriceSilderFunctionality] [verifyingPriceSilderFunctionality] Checking if the product price is <= then the max filter applied, Product price and Max applied ->577  80
2025-11-17 06:19:28.877 PM [TestNG-test-Test-1] INFO  [verifyingPriceSilderFunctionality] [verifyingPriceSilderFunctionality] Checking if the product price is <= then the max filter applied, Product price and Max applied ->229  80
2025-11-17 06:19:28.884 PM [TestNG-test-Test-1] INFO  [verifyingPriceSilderFunctionality] [verifyingPriceSilderFunctionality] Checking if the product price is <= then the max filter applied, Product price and Max applied ->569  80
2025-11-17 06:19:28.891 PM [TestNG-test-Test-1] INFO  [verifyingPriceSilderFunctionality] [verifyingPriceSilderFunctionality] Checking if the product price is <= then the max filter applied, Product price and Max applied ->2414  80
2025-11-17 06:19:28.898 PM [TestNG-test-Test-1] INFO  [verifyingPriceSilderFunctionality] [verifyingPriceSilderFunctionality] Checking if the product price is <= then the max filter applied, Product price and Max applied ->2299  80
2025-11-17 06:19:28.905 PM [TestNG-test-Test-1] INFO  [verifyingPriceSilderFunctionality] [verifyingPriceSilderFunctionality] Checking if the product price is <= then the max filter applied, Product price and Max applied ->529  80
2025-11-17 06:19:28.918 PM [TestNG-test-Test-1] INFO  [verifyingPriceSilderFunctionality] ✅ Finished test method: verifyingPriceSilderFunctionality
