2025-12-09 06:26:42.603 PM [TestNG-test-Test-1] INFO  [verifyingGetItByTomorrowFilterFunctionality] 🔹 Starting test method: verifyingGetItByTomorrowFilterFunctionality
2025-12-09 06:26:42.608 PM [TestNG-test-Test-1] INFO  [verifyingGetItByTomorrowFilterFunctionality] No existing WebDriver found for current thread. Initializing a new ChromeDriver...
2025-12-09 06:26:42.619 PM [TestNG-test-Test-1] INFO  [verifyingGetItByTomorrowFilterFunctionality] WebDriverManager: chromedriver setup OK
2025-12-09 06:26:43.792 PM [TestNG-test-Test-1] INFO  [verifyingGetItByTomorrowFilterFunctionality] ChromeDriver initialized successfully for thread: 34
2025-12-09 06:26:44.479 PM [TestNG-test-Test-1] INFO  [verifyingGetItByTomorrowFilterFunctionality] [verifyingGetItByTomorrowFilterFunctionality] Opening amazon Landing page
2025-12-09 06:26:48.286 PM [TestNG-test-Test-1] INFO  [verifyingGetItByTomorrowFilterFunctionality] [verifyingGetItByTomorrowFilterFunctionality] Giving input within the search bar
2025-12-09 06:26:48.286 PM [TestNG-test-Test-1] INFO  [verifyingGetItByTomorrowFilterFunctionality] [verifyingGetItByTomorrowFilterFunctionality] Within safeClick method
2025-12-09 06:26:50.049 PM [TestNG-test-Test-1] INFO  [verifyingGetItByTomorrowFilterFunctionality] [verifyingGetItByTomorrowFilterFunctionality] Clicked the  [[ChromeDriver: chrome on windows (27a460e66cde18b6fb07599448c49857)] -> xpath: //input[@id='nav-search-submit-button']]   using safeClick
2025-12-09 06:26:50.049 PM [TestNG-test-Test-1] INFO  [verifyingGetItByTomorrowFilterFunctionality] [verifyingGetItByTomorrowFilterFunctionality] Clicking on the submit in the search bar
2025-12-09 06:26:50.155 PM [TestNG-test-Test-1] INFO  [verifyingGetItByTomorrowFilterFunctionality] [verifyingGetItByTomorrowFilterFunctionality] Waiting until element is visible in viewport
2025-12-09 06:26:50.180 PM [TestNG-test-Test-1] INFO  [verifyingGetItByTomorrowFilterFunctionality] [verifyingGetItByTomorrowFilterFunctionality] Within validateDeliveryFilterOptionsWithResult method
2025-12-09 06:26:50.180 PM [TestNG-test-Test-1] INFO  [verifyingGetItByTomorrowFilterFunctionality] [verifyingGetItByTomorrowFilterFunctionality] Within safeClick method
2025-12-09 06:26:50.312 PM [TestNG-test-Test-1] INFO  [verifyingGetItByTomorrowFilterFunctionality] [verifyingGetItByTomorrowFilterFunctionality] Clicked the  [[ChromeDriver: chrome on windows (27a460e66cde18b6fb07599448c49857)] -> xpath: //span[@class='a-size-base a-color-base puis-bold-weight-text' and text()='Delivery Day']/parent::div/following-sibling::ul//span[@class='a-size-base a-color-base' and text()='Get It by Tomorrow']]   using safeClick
2025-12-09 06:26:52.325 PM [TestNG-test-Test-1] INFO  [verifyingGetItByTomorrowFilterFunctionality] [verifyingGetItByTomorrowFilterFunctionality] Within getMoreButtonByFilterTypeAndName method
2025-12-09 06:26:52.326 PM [TestNG-test-Test-1] INFO  [verifyingGetItByTomorrowFilterFunctionality] [verifyingGetItByTomorrowFilterFunctionality] Capturing screenshot: Filter Applied is Get It by Tomorrow__2025-12-09_182652.png
2025-12-09 06:26:52.392 PM [TestNG-test-Test-1] INFO  [verifyingGetItByTomorrowFilterFunctionality] [verifyingGetItByTomorrowFilterFunctionality] Screenshot saved at: test-output/screenshots/Run_2025-12-09_18-20-20/verifyingGetItByTomorrowFilterFunctionality/Filter Applied is Get It by Tomorrow__2025-12-09_182652.png
2025-12-09 06:26:52.392 PM [TestNG-test-Test-1] INFO  [verifyingGetItByTomorrowFilterFunctionality] [verifyingGetItByTomorrowFilterFunctionality] Clicked on By.xpath: //span[@class='a-size-base a-color-base puis-bold-weight-text' and text()='Delivery Day']/parent::div/following-sibling::ul//span[@class='a-size-base a-color-base' and text()='Get It by Tomorrow']
2025-12-09 06:26:54.393 PM [TestNG-test-Test-1] INFO  [verifyingGetItByTomorrowFilterFunctionality] [verifyingGetItByTomorrowFilterFunctionality] Within safeFindElements 
2025-12-09 06:26:54.406 PM [TestNG-test-Test-1] INFO  [verifyingGetItByTomorrowFilterFunctionality] [verifyingGetItByTomorrowFilterFunctionality] Returning the  [[[ChromeDriver: chrome on windows (27a460e66cde18b6fb07599448c49857)] -> xpath: //div[@class='a-section a-spacing-small a-spacing-top-small']], [[ChromeDriver: chrome on windows (27a460e66cde18b6fb07599448c49857)] -> xpath: //div[@class='a-section a-spacing-small a-spacing-top-small']], [[ChromeDriver: chrome on windows (27a460e66cde18b6fb07599448c49857)] -> xpath: //div[@class='a-section a-spacing-small a-spacing-top-small']], [[ChromeDriver: chrome on windows (27a460e66cde18b6fb07599448c49857)] -> xpath: //div[@class='a-section a-spacing-small a-spacing-top-small']], [[ChromeDriver: chrome on windows (27a460e66cde18b6fb07599448c49857)] -> xpath: //div[@class='a-section a-spacing-small a-spacing-top-small']], [[ChromeDriver: chrome on windows (27a460e66cde18b6fb07599448c49857)] -> xpath: //div[@class='a-section a-spacing-small a-spacing-top-small']], [[ChromeDriver: chrome on windows (27a460e66cde18b6fb07599448c49857)] -> xpath: //div[@class='a-section a-spacing-small a-spacing-top-small']], [[ChromeDriver: chrome on windows (27a460e66cde18b6fb07599448c49857)] -> xpath: //div[@class='a-section a-spacing-small a-spacing-top-small']], [[ChromeDriver: chrome on windows (27a460e66cde18b6fb07599448c49857)] -> xpath: //div[@class='a-section a-spacing-small a-spacing-top-small']], [[ChromeDriver: chrome on windows (27a460e66cde18b6fb07599448c49857)] -> xpath: //div[@class='a-section a-spacing-small a-spacing-top-small']], [[ChromeDriver: chrome on windows (27a460e66cde18b6fb07599448c49857)] -> xpath: //div[@class='a-section a-spacing-small a-spacing-top-small']], [[ChromeDriver: chrome on windows (27a460e66cde18b6fb07599448c49857)] -> xpath: //div[@class='a-section a-spacing-small a-spacing-top-small']], [[ChromeDriver: chrome on windows (27a460e66cde18b6fb07599448c49857)] -> xpath: //div[@class='a-section a-spacing-small a-spacing-top-small']], [[ChromeDriver: chrome on windows (27a460e66cde18b6fb07599448c49857)] -> xpath: //div[@class='a-section a-spacing-small a-spacing-top-small']], [[ChromeDriver: chrome on windows (27a460e66cde18b6fb07599448c49857)] -> xpath: //div[@class='a-section a-spacing-small a-spacing-top-small']], [[ChromeDriver: chrome on windows (27a460e66cde18b6fb07599448c49857)] -> xpath: //div[@class='a-section a-spacing-small a-spacing-top-small']]] from the safeFindElements method
2025-12-09 06:26:54.419 PM [TestNG-test-Test-1] INFO  [verifyingGetItByTomorrowFilterFunctionality] [verifyingGetItByTomorrowFilterFunctionality] Created hashset with required data to assert with Within validateDeliveryFilterOptions method
2025-12-09 06:26:54.419 PM [TestNG-test-Test-1] INFO  [verifyingGetItByTomorrowFilterFunctionality] [verifyingGetItByTomorrowFilterFunctionality] this is the set  [Today, Dec, Tue, Wed, 09, Tomorrow, 10]
2025-12-09 06:26:54.419 PM [TestNG-test-Test-1] INFO  [verifyingGetItByTomorrowFilterFunctionality] [verifyingGetItByTomorrowFilterFunctionality] Within deliveryElements loop iterating over the products  Within validateDeliveryFilterOptions method
2025-12-09 06:26:54.455 PM [TestNG-test-Test-1] INFO  [verifyingGetItByTomorrowFilterFunctionality] [verifyingGetItByTomorrowFilterFunctionality] Checking if the allowedDateParts have the assert text   Within validateDeliveryFilterOptions method
2025-12-09 06:26:54.458 PM [TestNG-test-Test-1] INFO  [verifyingGetItByTomorrowFilterFunctionality] [verifyingGetItByTomorrowFilterFunctionality] Within deliveryElements loop iterating over the products  Within validateDeliveryFilterOptions method
2025-12-09 06:26:54.480 PM [TestNG-test-Test-1] INFO  [verifyingGetItByTomorrowFilterFunctionality] [verifyingGetItByTomorrowFilterFunctionality] Checking if the allowedDateParts have the assert text   Within validateDeliveryFilterOptions method
2025-12-09 06:26:54.481 PM [TestNG-test-Test-1] INFO  [verifyingGetItByTomorrowFilterFunctionality] [verifyingGetItByTomorrowFilterFunctionality] Within deliveryElements loop iterating over the products  Within validateDeliveryFilterOptions method
2025-12-09 06:26:54.507 PM [TestNG-test-Test-1] INFO  [verifyingGetItByTomorrowFilterFunctionality] [verifyingGetItByTomorrowFilterFunctionality] Checking if the allowedDateParts have the assert text   Within validateDeliveryFilterOptions method
2025-12-09 06:26:54.507 PM [TestNG-test-Test-1] INFO  [verifyingGetItByTomorrowFilterFunctionality] [verifyingGetItByTomorrowFilterFunctionality] Within deliveryElements loop iterating over the products  Within validateDeliveryFilterOptions method
2025-12-09 06:26:54.533 PM [TestNG-test-Test-1] INFO  [verifyingGetItByTomorrowFilterFunctionality] [verifyingGetItByTomorrowFilterFunctionality] Checking if the allowedDateParts have the assert text   Within validateDeliveryFilterOptions method
2025-12-09 06:26:54.533 PM [TestNG-test-Test-1] INFO  [verifyingGetItByTomorrowFilterFunctionality] [verifyingGetItByTomorrowFilterFunctionality] Within deliveryElements loop iterating over the products  Within validateDeliveryFilterOptions method
2025-12-09 06:26:54.558 PM [TestNG-test-Test-1] INFO  [verifyingGetItByTomorrowFilterFunctionality] [verifyingGetItByTomorrowFilterFunctionality] Checking if the allowedDateParts have the assert text   Within validateDeliveryFilterOptions method
2025-12-09 06:26:54.558 PM [TestNG-test-Test-1] INFO  [verifyingGetItByTomorrowFilterFunctionality] [verifyingGetItByTomorrowFilterFunctionality] Within deliveryElements loop iterating over the products  Within validateDeliveryFilterOptions method
2025-12-09 06:26:54.583 PM [TestNG-test-Test-1] INFO  [verifyingGetItByTomorrowFilterFunctionality] [verifyingGetItByTomorrowFilterFunctionality] Checking if the allowedDateParts have the assert text   Within validateDeliveryFilterOptions method
2025-12-09 06:26:54.584 PM [TestNG-test-Test-1] INFO  [verifyingGetItByTomorrowFilterFunctionality] [verifyingGetItByTomorrowFilterFunctionality] Within deliveryElements loop iterating over the products  Within validateDeliveryFilterOptions method
2025-12-09 06:26:54.617 PM [TestNG-test-Test-1] INFO  [verifyingGetItByTomorrowFilterFunctionality] [verifyingGetItByTomorrowFilterFunctionality] Checking if the allowedDateParts have the assert text   Within validateDeliveryFilterOptions method
2025-12-09 06:26:54.618 PM [TestNG-test-Test-1] INFO  [verifyingGetItByTomorrowFilterFunctionality] [verifyingGetItByTomorrowFilterFunctionality] Within deliveryElements loop iterating over the products  Within validateDeliveryFilterOptions method
2025-12-09 06:26:54.648 PM [TestNG-test-Test-1] INFO  [verifyingGetItByTomorrowFilterFunctionality] [verifyingGetItByTomorrowFilterFunctionality] Checking if the allowedDateParts have the assert text   Within validateDeliveryFilterOptions method
2025-12-09 06:26:54.648 PM [TestNG-test-Test-1] INFO  [verifyingGetItByTomorrowFilterFunctionality] [verifyingGetItByTomorrowFilterFunctionality] Within deliveryElements loop iterating over the products  Within validateDeliveryFilterOptions method
2025-12-09 06:26:54.678 PM [TestNG-test-Test-1] INFO  [verifyingGetItByTomorrowFilterFunctionality] [verifyingGetItByTomorrowFilterFunctionality] Checking if the allowedDateParts have the assert text   Within validateDeliveryFilterOptions method
2025-12-09 06:26:54.678 PM [TestNG-test-Test-1] INFO  [verifyingGetItByTomorrowFilterFunctionality] [verifyingGetItByTomorrowFilterFunctionality] Within deliveryElements loop iterating over the products  Within validateDeliveryFilterOptions method
2025-12-09 06:26:54.712 PM [TestNG-test-Test-1] INFO  [verifyingGetItByTomorrowFilterFunctionality] [verifyingGetItByTomorrowFilterFunctionality] Checking if the allowedDateParts have the assert text   Within validateDeliveryFilterOptions method
2025-12-09 06:26:54.712 PM [TestNG-test-Test-1] INFO  [verifyingGetItByTomorrowFilterFunctionality] [verifyingGetItByTomorrowFilterFunctionality] Within deliveryElements loop iterating over the products  Within validateDeliveryFilterOptions method
2025-12-09 06:26:54.739 PM [TestNG-test-Test-1] INFO  [verifyingGetItByTomorrowFilterFunctionality] [verifyingGetItByTomorrowFilterFunctionality] Checking if the allowedDateParts have the assert text   Within validateDeliveryFilterOptions method
2025-12-09 06:26:54.739 PM [TestNG-test-Test-1] INFO  [verifyingGetItByTomorrowFilterFunctionality] [verifyingGetItByTomorrowFilterFunctionality] Within deliveryElements loop iterating over the products  Within validateDeliveryFilterOptions method
2025-12-09 06:26:54.769 PM [TestNG-test-Test-1] INFO  [verifyingGetItByTomorrowFilterFunctionality] [verifyingGetItByTomorrowFilterFunctionality] Checking if the allowedDateParts have the assert text   Within validateDeliveryFilterOptions method
2025-12-09 06:26:54.769 PM [TestNG-test-Test-1] INFO  [verifyingGetItByTomorrowFilterFunctionality] [verifyingGetItByTomorrowFilterFunctionality] Within deliveryElements loop iterating over the products  Within validateDeliveryFilterOptions method
2025-12-09 06:26:54.796 PM [TestNG-test-Test-1] INFO  [verifyingGetItByTomorrowFilterFunctionality] [verifyingGetItByTomorrowFilterFunctionality] Checking if the allowedDateParts have the assert text   Within validateDeliveryFilterOptions method
2025-12-09 06:26:54.796 PM [TestNG-test-Test-1] INFO  [verifyingGetItByTomorrowFilterFunctionality] [verifyingGetItByTomorrowFilterFunctionality] Within deliveryElements loop iterating over the products  Within validateDeliveryFilterOptions method
2025-12-09 06:26:54.819 PM [TestNG-test-Test-1] INFO  [verifyingGetItByTomorrowFilterFunctionality] [verifyingGetItByTomorrowFilterFunctionality] Checking if the allowedDateParts have the assert text   Within validateDeliveryFilterOptions method
2025-12-09 06:26:54.819 PM [TestNG-test-Test-1] INFO  [verifyingGetItByTomorrowFilterFunctionality] [verifyingGetItByTomorrowFilterFunctionality] Within deliveryElements loop iterating over the products  Within validateDeliveryFilterOptions method
2025-12-09 06:26:54.848 PM [TestNG-test-Test-1] INFO  [verifyingGetItByTomorrowFilterFunctionality] [verifyingGetItByTomorrowFilterFunctionality] Checking if the allowedDateParts have the assert text   Within validateDeliveryFilterOptions method
2025-12-09 06:26:54.848 PM [TestNG-test-Test-1] INFO  [verifyingGetItByTomorrowFilterFunctionality] [verifyingGetItByTomorrowFilterFunctionality] Within deliveryElements loop iterating over the products  Within validateDeliveryFilterOptions method
2025-12-09 06:26:54.875 PM [TestNG-test-Test-1] INFO  [verifyingGetItByTomorrowFilterFunctionality] [verifyingGetItByTomorrowFilterFunctionality] Checking if the allowedDateParts have the assert text   Within validateDeliveryFilterOptions method
2025-12-09 06:26:54.875 PM [TestNG-test-Test-1] INFO  [verifyingGetItByTomorrowFilterFunctionality] [verifyingGetItByTomorrowFilterFunctionality] Returning the list with boolean values   Within validateDeliveryFilterOptions method
2025-12-09 06:26:54.875 PM [TestNG-test-Test-1] INFO  [verifyingGetItByTomorrowFilterFunctionality] [verifyingGetItByTomorrowFilterFunctionality] Asserting delivery filter: isValid=true, index=-1, text=All the things are valid no errors
2025-12-09 06:26:54.880 PM [TestNG-test-Test-1] INFO  [verifyingGetItByTomorrowFilterFunctionality] ✅ Finished test method: verifyingGetItByTomorrowFilterFunctionality
2025-12-09 06:26:55.127 PM [TestNG-test-Test-1] INFO  [verifyingGetItByTomorrowFilterFunctionality] 🔹 Starting test method: verifyingGetItByTomorrowFilterFunctionality
2025-12-09 06:26:55.127 PM [TestNG-test-Test-1] INFO  [verifyingGetItByTomorrowFilterFunctionality] No existing WebDriver found for current thread. Initializing a new ChromeDriver...
2025-12-09 06:26:55.136 PM [TestNG-test-Test-1] INFO  [verifyingGetItByTomorrowFilterFunctionality] WebDriverManager: chromedriver setup OK
2025-12-09 06:26:56.409 PM [TestNG-test-Test-1] INFO  [verifyingGetItByTomorrowFilterFunctionality] ChromeDriver initialized successfully for thread: 34
2025-12-09 06:26:56.958 PM [TestNG-test-Test-1] INFO  [verifyingGetItByTomorrowFilterFunctionality] [verifyingGetItByTomorrowFilterFunctionality] Opening amazon Landing page
2025-12-09 06:27:01.298 PM [TestNG-test-Test-1] INFO  [verifyingGetItByTomorrowFilterFunctionality] [verifyingGetItByTomorrowFilterFunctionality] Giving input within the search bar
2025-12-09 06:27:01.298 PM [TestNG-test-Test-1] INFO  [verifyingGetItByTomorrowFilterFunctionality] [verifyingGetItByTomorrowFilterFunctionality] Within safeClick method
2025-12-09 06:27:03.183 PM [TestNG-test-Test-1] INFO  [verifyingGetItByTomorrowFilterFunctionality] [verifyingGetItByTomorrowFilterFunctionality] Clicked the  [[ChromeDriver: chrome on windows (d3bb4a688b3dec882dead45266a36971)] -> xpath: //input[@id='nav-search-submit-button']]   using safeClick
2025-12-09 06:27:03.183 PM [TestNG-test-Test-1] INFO  [verifyingGetItByTomorrowFilterFunctionality] [verifyingGetItByTomorrowFilterFunctionality] Clicking on the submit in the search bar
2025-12-09 06:27:03.383 PM [TestNG-test-Test-1] INFO  [verifyingGetItByTomorrowFilterFunctionality] [verifyingGetItByTomorrowFilterFunctionality] Waiting until element is visible in viewport
2025-12-09 06:27:13.775 PM [TestNG-test-Test-1] WARN  [verifyingGetItByTomorrowFilterFunctionality] [verifyingGetItByTomorrowFilterFunctionality]   Filter option 'Get It by Tomorrow' does not exist. Skipping the test.
2025-12-09 06:27:13.777 PM [TestNG-test-Test-1] INFO  [verifyingGetItByTomorrowFilterFunctionality] ✅ Finished test method: verifyingGetItByTomorrowFilterFunctionality
2025-12-09 06:27:14.101 PM [TestNG-test-Test-1] INFO  [verifyingGetItByTomorrowFilterFunctionality] 🔹 Starting test method: verifyingGetItByTomorrowFilterFunctionality
2025-12-09 06:27:14.101 PM [TestNG-test-Test-1] INFO  [verifyingGetItByTomorrowFilterFunctionality] No existing WebDriver found for current thread. Initializing a new ChromeDriver...
2025-12-09 06:27:14.110 PM [TestNG-test-Test-1] INFO  [verifyingGetItByTomorrowFilterFunctionality] WebDriverManager: chromedriver setup OK
2025-12-09 06:27:15.340 PM [TestNG-test-Test-1] INFO  [verifyingGetItByTomorrowFilterFunctionality] ChromeDriver initialized successfully for thread: 34
2025-12-09 06:27:15.902 PM [TestNG-test-Test-1] INFO  [verifyingGetItByTomorrowFilterFunctionality] [verifyingGetItByTomorrowFilterFunctionality] Opening amazon Landing page
2025-12-09 06:27:19.118 PM [TestNG-test-Test-1] INFO  [verifyingGetItByTomorrowFilterFunctionality] [verifyingGetItByTomorrowFilterFunctionality] Giving input within the search bar
2025-12-09 06:27:19.119 PM [TestNG-test-Test-1] INFO  [verifyingGetItByTomorrowFilterFunctionality] [verifyingGetItByTomorrowFilterFunctionality] Within safeClick method
2025-12-09 06:27:20.868 PM [TestNG-test-Test-1] INFO  [verifyingGetItByTomorrowFilterFunctionality] [verifyingGetItByTomorrowFilterFunctionality] Clicked the  [[ChromeDriver: chrome on windows (84ecb37862793a50f4c972e3de56093a)] -> xpath: //input[@id='nav-search-submit-button']]   using safeClick
2025-12-09 06:27:20.868 PM [TestNG-test-Test-1] INFO  [verifyingGetItByTomorrowFilterFunctionality] [verifyingGetItByTomorrowFilterFunctionality] Clicking on the submit in the search bar
2025-12-09 06:27:20.993 PM [TestNG-test-Test-1] INFO  [verifyingGetItByTomorrowFilterFunctionality] [verifyingGetItByTomorrowFilterFunctionality] Waiting until element is visible in viewport
2025-12-09 06:27:21.024 PM [TestNG-test-Test-1] INFO  [verifyingGetItByTomorrowFilterFunctionality] [verifyingGetItByTomorrowFilterFunctionality] Within validateDeliveryFilterOptionsWithResult method
2025-12-09 06:27:21.024 PM [TestNG-test-Test-1] INFO  [verifyingGetItByTomorrowFilterFunctionality] [verifyingGetItByTomorrowFilterFunctionality] Within safeClick method
2025-12-09 06:27:21.237 PM [TestNG-test-Test-1] INFO  [verifyingGetItByTomorrowFilterFunctionality] [verifyingGetItByTomorrowFilterFunctionality] Clicked the  [[ChromeDriver: chrome on windows (84ecb37862793a50f4c972e3de56093a)] -> xpath: //span[@class='a-size-base a-color-base puis-bold-weight-text' and text()='Delivery Day']/parent::div/following-sibling::ul//span[@class='a-size-base a-color-base' and text()='Get It by Tomorrow']]   using safeClick
2025-12-09 06:27:23.238 PM [TestNG-test-Test-1] INFO  [verifyingGetItByTomorrowFilterFunctionality] [verifyingGetItByTomorrowFilterFunctionality] Within getMoreButtonByFilterTypeAndName method
2025-12-09 06:27:23.238 PM [TestNG-test-Test-1] INFO  [verifyingGetItByTomorrowFilterFunctionality] [verifyingGetItByTomorrowFilterFunctionality] Capturing screenshot: Filter Applied is Get It by Tomorrow__2025-12-09_182723.png
2025-12-09 06:27:23.349 PM [TestNG-test-Test-1] INFO  [verifyingGetItByTomorrowFilterFunctionality] [verifyingGetItByTomorrowFilterFunctionality] Screenshot saved at: test-output/screenshots/Run_2025-12-09_18-20-20/verifyingGetItByTomorrowFilterFunctionality/Filter Applied is Get It by Tomorrow__2025-12-09_182723.png
2025-12-09 06:27:23.350 PM [TestNG-test-Test-1] INFO  [verifyingGetItByTomorrowFilterFunctionality] [verifyingGetItByTomorrowFilterFunctionality] Clicked on By.xpath: //span[@class='a-size-base a-color-base puis-bold-weight-text' and text()='Delivery Day']/parent::div/following-sibling::ul//span[@class='a-size-base a-color-base' and text()='Get It by Tomorrow']
2025-12-09 06:27:25.350 PM [TestNG-test-Test-1] INFO  [verifyingGetItByTomorrowFilterFunctionality] [verifyingGetItByTomorrowFilterFunctionality] Within safeFindElements 
2025-12-09 06:27:25.364 PM [TestNG-test-Test-1] INFO  [verifyingGetItByTomorrowFilterFunctionality] [verifyingGetItByTomorrowFilterFunctionality] Returning the  [[[ChromeDriver: chrome on windows (84ecb37862793a50f4c972e3de56093a)] -> xpath: //div[@class='a-section a-spacing-small a-spacing-top-small']], [[ChromeDriver: chrome on windows (84ecb37862793a50f4c972e3de56093a)] -> xpath: //div[@class='a-section a-spacing-small a-spacing-top-small']], [[ChromeDriver: chrome on windows (84ecb37862793a50f4c972e3de56093a)] -> xpath: //div[@class='a-section a-spacing-small a-spacing-top-small']], [[ChromeDriver: chrome on windows (84ecb37862793a50f4c972e3de56093a)] -> xpath: //div[@class='a-section a-spacing-small a-spacing-top-small']], [[ChromeDriver: chrome on windows (84ecb37862793a50f4c972e3de56093a)] -> xpath: //div[@class='a-section a-spacing-small a-spacing-top-small']], [[ChromeDriver: chrome on windows (84ecb37862793a50f4c972e3de56093a)] -> xpath: //div[@class='a-section a-spacing-small a-spacing-top-small']], [[ChromeDriver: chrome on windows (84ecb37862793a50f4c972e3de56093a)] -> xpath: //div[@class='a-section a-spacing-small a-spacing-top-small']], [[ChromeDriver: chrome on windows (84ecb37862793a50f4c972e3de56093a)] -> xpath: //div[@class='a-section a-spacing-small a-spacing-top-small']], [[ChromeDriver: chrome on windows (84ecb37862793a50f4c972e3de56093a)] -> xpath: //div[@class='a-section a-spacing-small a-spacing-top-small']], [[ChromeDriver: chrome on windows (84ecb37862793a50f4c972e3de56093a)] -> xpath: //div[@class='a-section a-spacing-small a-spacing-top-small']], [[ChromeDriver: chrome on windows (84ecb37862793a50f4c972e3de56093a)] -> xpath: //div[@class='a-section a-spacing-small a-spacing-top-small']], [[ChromeDriver: chrome on windows (84ecb37862793a50f4c972e3de56093a)] -> xpath: //div[@class='a-section a-spacing-small a-spacing-top-small']], [[ChromeDriver: chrome on windows (84ecb37862793a50f4c972e3de56093a)] -> xpath: //div[@class='a-section a-spacing-small a-spacing-top-small']], [[ChromeDriver: chrome on windows (84ecb37862793a50f4c972e3de56093a)] -> xpath: //div[@class='a-section a-spacing-small a-spacing-top-small']], [[ChromeDriver: chrome on windows (84ecb37862793a50f4c972e3de56093a)] -> xpath: //div[@class='a-section a-spacing-small a-spacing-top-small']], [[ChromeDriver: chrome on windows (84ecb37862793a50f4c972e3de56093a)] -> xpath: //div[@class='a-section a-spacing-small a-spacing-top-small']]] from the safeFindElements method
2025-12-09 06:27:25.364 PM [TestNG-test-Test-1] INFO  [verifyingGetItByTomorrowFilterFunctionality] [verifyingGetItByTomorrowFilterFunctionality] Created hashset with required data to assert with Within validateDeliveryFilterOptions method
2025-12-09 06:27:25.364 PM [TestNG-test-Test-1] INFO  [verifyingGetItByTomorrowFilterFunctionality] [verifyingGetItByTomorrowFilterFunctionality] this is the set  [Today, Dec, Tue, Wed, 09, Tomorrow, 10]
2025-12-09 06:27:25.364 PM [TestNG-test-Test-1] INFO  [verifyingGetItByTomorrowFilterFunctionality] [verifyingGetItByTomorrowFilterFunctionality] Within deliveryElements loop iterating over the products  Within validateDeliveryFilterOptions method
2025-12-09 06:27:25.398 PM [TestNG-test-Test-1] INFO  [verifyingGetItByTomorrowFilterFunctionality] [verifyingGetItByTomorrowFilterFunctionality] Checking if the allowedDateParts have the assert text   Within validateDeliveryFilterOptions method
2025-12-09 06:27:25.398 PM [TestNG-test-Test-1] INFO  [verifyingGetItByTomorrowFilterFunctionality] [verifyingGetItByTomorrowFilterFunctionality] Within deliveryElements loop iterating over the products  Within validateDeliveryFilterOptions method
2025-12-09 06:27:25.425 PM [TestNG-test-Test-1] INFO  [verifyingGetItByTomorrowFilterFunctionality] [verifyingGetItByTomorrowFilterFunctionality] Checking if the allowedDateParts have the assert text   Within validateDeliveryFilterOptions method
2025-12-09 06:27:25.425 PM [TestNG-test-Test-1] INFO  [verifyingGetItByTomorrowFilterFunctionality] [verifyingGetItByTomorrowFilterFunctionality] Within deliveryElements loop iterating over the products  Within validateDeliveryFilterOptions method
2025-12-09 06:27:25.452 PM [TestNG-test-Test-1] INFO  [verifyingGetItByTomorrowFilterFunctionality] [verifyingGetItByTomorrowFilterFunctionality] Checking if the allowedDateParts have the assert text   Within validateDeliveryFilterOptions method
2025-12-09 06:27:25.452 PM [TestNG-test-Test-1] INFO  [verifyingGetItByTomorrowFilterFunctionality] [verifyingGetItByTomorrowFilterFunctionality] Within deliveryElements loop iterating over the products  Within validateDeliveryFilterOptions method
2025-12-09 06:27:25.477 PM [TestNG-test-Test-1] INFO  [verifyingGetItByTomorrowFilterFunctionality] [verifyingGetItByTomorrowFilterFunctionality] Checking if the allowedDateParts have the assert text   Within validateDeliveryFilterOptions method
2025-12-09 06:27:25.477 PM [TestNG-test-Test-1] INFO  [verifyingGetItByTomorrowFilterFunctionality] [verifyingGetItByTomorrowFilterFunctionality] Within deliveryElements loop iterating over the products  Within validateDeliveryFilterOptions method
2025-12-09 06:27:25.528 PM [TestNG-test-Test-1] INFO  [verifyingGetItByTomorrowFilterFunctionality] [verifyingGetItByTomorrowFilterFunctionality] Checking if the allowedDateParts have the assert text   Within validateDeliveryFilterOptions method
2025-12-09 06:27:25.528 PM [TestNG-test-Test-1] INFO  [verifyingGetItByTomorrowFilterFunctionality] [verifyingGetItByTomorrowFilterFunctionality] Within deliveryElements loop iterating over the products  Within validateDeliveryFilterOptions method
2025-12-09 06:27:25.572 PM [TestNG-test-Test-1] INFO  [verifyingGetItByTomorrowFilterFunctionality] [verifyingGetItByTomorrowFilterFunctionality] Checking if the allowedDateParts have the assert text   Within validateDeliveryFilterOptions method
2025-12-09 06:27:25.572 PM [TestNG-test-Test-1] INFO  [verifyingGetItByTomorrowFilterFunctionality] [verifyingGetItByTomorrowFilterFunctionality] Within deliveryElements loop iterating over the products  Within validateDeliveryFilterOptions method
2025-12-09 06:27:25.616 PM [TestNG-test-Test-1] INFO  [verifyingGetItByTomorrowFilterFunctionality] [verifyingGetItByTomorrowFilterFunctionality] Checking if the allowedDateParts have the assert text   Within validateDeliveryFilterOptions method
2025-12-09 06:27:25.616 PM [TestNG-test-Test-1] INFO  [verifyingGetItByTomorrowFilterFunctionality] [verifyingGetItByTomorrowFilterFunctionality] Within deliveryElements loop iterating over the products  Within validateDeliveryFilterOptions method
2025-12-09 06:27:25.666 PM [TestNG-test-Test-1] INFO  [verifyingGetItByTomorrowFilterFunctionality] [verifyingGetItByTomorrowFilterFunctionality] Checking if the allowedDateParts have the assert text   Within validateDeliveryFilterOptions method
2025-12-09 06:27:25.666 PM [TestNG-test-Test-1] INFO  [verifyingGetItByTomorrowFilterFunctionality] [verifyingGetItByTomorrowFilterFunctionality] Within deliveryElements loop iterating over the products  Within validateDeliveryFilterOptions method
2025-12-09 06:27:25.730 PM [TestNG-test-Test-1] INFO  [verifyingGetItByTomorrowFilterFunctionality] [verifyingGetItByTomorrowFilterFunctionality] Checking if the allowedDateParts have the assert text   Within validateDeliveryFilterOptions method
2025-12-09 06:27:25.731 PM [TestNG-test-Test-1] INFO  [verifyingGetItByTomorrowFilterFunctionality] [verifyingGetItByTomorrowFilterFunctionality] Within deliveryElements loop iterating over the products  Within validateDeliveryFilterOptions method
2025-12-09 06:27:25.757 PM [TestNG-test-Test-1] INFO  [verifyingGetItByTomorrowFilterFunctionality] [verifyingGetItByTomorrowFilterFunctionality] Checking if the allowedDateParts have the assert text   Within validateDeliveryFilterOptions method
2025-12-09 06:27:25.757 PM [TestNG-test-Test-1] INFO  [verifyingGetItByTomorrowFilterFunctionality] [verifyingGetItByTomorrowFilterFunctionality] Within deliveryElements loop iterating over the products  Within validateDeliveryFilterOptions method
2025-12-09 06:27:25.780 PM [TestNG-test-Test-1] INFO  [verifyingGetItByTomorrowFilterFunctionality] [verifyingGetItByTomorrowFilterFunctionality] Checking if the allowedDateParts have the assert text   Within validateDeliveryFilterOptions method
2025-12-09 06:27:25.780 PM [TestNG-test-Test-1] INFO  [verifyingGetItByTomorrowFilterFunctionality] [verifyingGetItByTomorrowFilterFunctionality] Within deliveryElements loop iterating over the products  Within validateDeliveryFilterOptions method
2025-12-09 06:27:25.807 PM [TestNG-test-Test-1] INFO  [verifyingGetItByTomorrowFilterFunctionality] [verifyingGetItByTomorrowFilterFunctionality] Checking if the allowedDateParts have the assert text   Within validateDeliveryFilterOptions method
2025-12-09 06:27:25.807 PM [TestNG-test-Test-1] INFO  [verifyingGetItByTomorrowFilterFunctionality] [verifyingGetItByTomorrowFilterFunctionality] Within deliveryElements loop iterating over the products  Within validateDeliveryFilterOptions method
2025-12-09 06:27:25.832 PM [TestNG-test-Test-1] INFO  [verifyingGetItByTomorrowFilterFunctionality] [verifyingGetItByTomorrowFilterFunctionality] Checking if the allowedDateParts have the assert text   Within validateDeliveryFilterOptions method
2025-12-09 06:27:25.832 PM [TestNG-test-Test-1] INFO  [verifyingGetItByTomorrowFilterFunctionality] [verifyingGetItByTomorrowFilterFunctionality] Within deliveryElements loop iterating over the products  Within validateDeliveryFilterOptions method
2025-12-09 06:27:25.854 PM [TestNG-test-Test-1] INFO  [verifyingGetItByTomorrowFilterFunctionality] [verifyingGetItByTomorrowFilterFunctionality] Checking if the allowedDateParts have the assert text   Within validateDeliveryFilterOptions method
2025-12-09 06:27:25.854 PM [TestNG-test-Test-1] INFO  [verifyingGetItByTomorrowFilterFunctionality] [verifyingGetItByTomorrowFilterFunctionality] Within deliveryElements loop iterating over the products  Within validateDeliveryFilterOptions method
2025-12-09 06:27:25.880 PM [TestNG-test-Test-1] INFO  [verifyingGetItByTomorrowFilterFunctionality] [verifyingGetItByTomorrowFilterFunctionality] Checking if the allowedDateParts have the assert text   Within validateDeliveryFilterOptions method
2025-12-09 06:27:25.880 PM [TestNG-test-Test-1] INFO  [verifyingGetItByTomorrowFilterFunctionality] [verifyingGetItByTomorrowFilterFunctionality] Within deliveryElements loop iterating over the products  Within validateDeliveryFilterOptions method
2025-12-09 06:27:25.905 PM [TestNG-test-Test-1] INFO  [verifyingGetItByTomorrowFilterFunctionality] [verifyingGetItByTomorrowFilterFunctionality] Checking if the allowedDateParts have the assert text   Within validateDeliveryFilterOptions method
2025-12-09 06:27:25.905 PM [TestNG-test-Test-1] INFO  [verifyingGetItByTomorrowFilterFunctionality] [verifyingGetItByTomorrowFilterFunctionality] Returning the list with boolean values   Within validateDeliveryFilterOptions method
2025-12-09 06:27:25.905 PM [TestNG-test-Test-1] INFO  [verifyingGetItByTomorrowFilterFunctionality] [verifyingGetItByTomorrowFilterFunctionality] Asserting delivery filter: isValid=true, index=-1, text=All the things are valid no errors
2025-12-09 06:27:25.907 PM [TestNG-test-Test-1] INFO  [verifyingGetItByTomorrowFilterFunctionality] ✅ Finished test method: verifyingGetItByTomorrowFilterFunctionality
