19:58:57 [TestNG-test-Test-3] INFO  verifyingGetItIn2DaysFilterFunctionality_Tablet_19-58-57 - No existing WebDriver found for current thread. Initializing a new ChromeDriver...
19:58:57 [TestNG-test-Test-3] INFO  verifyingGetItIn2DaysFilterFunctionality_Tablet_19-58-57 - WebDriverManager: chromedriver setup OK
19:58:58 [TestNG-test-Test-3] INFO  verifyingGetItIn2DaysFilterFunctionality_Tablet_19-58-57 - ChromeDriver initialized successfully for thread: 36
19:58:59 [TestNG-test-Test-3] INFO  verifyingGetItIn2DaysFilterFunctionality_Tablet_19-58-57 - [verifyingGetItIn2DaysFilterFunctionality_Tablet_19-58-57] Opening amazon Landing page
19:58:59 [TestNG-test-Test-3] INFO  verifyingGetItIn2DaysFilterFunctionality_Tablet_19-58-57 - [verifyingGetItIn2DaysFilterFunctionality_Tablet_19-58-57] Within safeFindElement method
19:59:04 [TestNG-test-Test-3] INFO  verifyingGetItIn2DaysFilterFunctionality_Tablet_19-58-57 - [verifyingGetItIn2DaysFilterFunctionality_Tablet_19-58-57]Retrying findElement for: ->By.xpath: //a[@id='nav-logo-sprites']
19:59:04 [TestNG-test-Test-3] INFO  verifyingGetItIn2DaysFilterFunctionality_Tablet_19-58-57 - [verifyingGetItIn2DaysFilterFunctionality_Tablet_19-58-57]Refrehsing the page , while trying to safely find : ->By.xpath: //a[@id='nav-logo-sprites']
19:59:10 [TestNG-test-Test-3] INFO  verifyingGetItIn2DaysFilterFunctionality_Tablet_19-58-57 - [verifyingGetItIn2DaysFilterFunctionality_Tablet_19-58-57]Retrying findElement for: ->By.xpath: //a[@id='nav-logo-sprites']
19:59:10 [TestNG-test-Test-3] INFO  verifyingGetItIn2DaysFilterFunctionality_Tablet_19-58-57 - [verifyingGetItIn2DaysFilterFunctionality_Tablet_19-58-57]Refrehsing the page , while trying to safely find : ->By.xpath: //a[@id='nav-logo-sprites']
19:59:10 [TestNG-test-Test-3] INFO  verifyingGetItIn2DaysFilterFunctionality_Tablet_19-58-57 - [verifyingGetItIn2DaysFilterFunctionality_Tablet_19-58-57] Skipping action: Element not found after 2   attemps
19:59:15 [TestNG-test-Test-3] INFO  verifyingGetItIn2DaysFilterFunctionality_Tablet_19-58-57 - [verifyingGetItIn2DaysFilterFunctionality_Tablet_19-58-57] Giving input within the search bar
19:59:15 [TestNG-test-Test-3] INFO  verifyingGetItIn2DaysFilterFunctionality_Tablet_19-58-57 - [verifyingGetItIn2DaysFilterFunctionality_Tablet_19-58-57] Within safeClick method
19:59:18 [TestNG-test-Test-3] INFO  verifyingGetItIn2DaysFilterFunctionality_Tablet_19-58-57 - [verifyingGetItIn2DaysFilterFunctionality_Tablet_19-58-57] Clicked the  [[ChromeDriver: chrome on windows (3d742ab5a30ecf712ce4350cb41fe46c)] -> xpath: //input[@id='nav-search-submit-button']]   using safeClick
19:59:18 [TestNG-test-Test-3] INFO  verifyingGetItIn2DaysFilterFunctionality_Tablet_19-58-57 - [verifyingGetItIn2DaysFilterFunctionality_Tablet_19-58-57] Clicking on the submit in the search bar
19:59:18 [TestNG-test-Test-3] INFO  verifyingGetItIn2DaysFilterFunctionality_Tablet_19-58-57 - [verifyingGetItIn2DaysFilterFunctionality_Tablet_19-58-57] Waiting until element is visible in viewport
19:59:18 [TestNG-test-Test-3] INFO  verifyingGetItIn2DaysFilterFunctionality_Tablet_19-58-57 - [verifyingGetItIn2DaysFilterFunctionality_Tablet_19-58-57] Within validateDeliveryFilterOptionsWithResult method
19:59:18 [TestNG-test-Test-3] INFO  verifyingGetItIn2DaysFilterFunctionality_Tablet_19-58-57 - [verifyingGetItIn2DaysFilterFunctionality_Tablet_19-58-57] Within safeClick method
19:59:18 [TestNG-test-Test-3] INFO  verifyingGetItIn2DaysFilterFunctionality_Tablet_19-58-57 - [verifyingGetItIn2DaysFilterFunctionality_Tablet_19-58-57] Clicked the  [[ChromeDriver: chrome on windows (3d742ab5a30ecf712ce4350cb41fe46c)] -> xpath: //span[@class='a-size-base a-color-base puis-bold-weight-text' and text()='Delivery Day']/parent::div/following-sibling::ul//span[@class='a-size-base a-color-base' and text()='Get It in 2 Days']]   using safeClick
19:59:18 [TestNG-test-Test-3] INFO  verifyingGetItIn2DaysFilterFunctionality_Tablet_19-58-57 - [verifyingGetItIn2DaysFilterFunctionality_Tablet_19-58-57] Within getMoreButtonByFilterTypeAndName method
19:59:18 [TestNG-test-Test-3] INFO  verifyingGetItIn2DaysFilterFunctionality_Tablet_19-58-57 - [verifyingGetItIn2DaysFilterFunctionality_Tablet_19-58-57] Clicked on By.xpath: //span[@class='a-size-base a-color-base puis-bold-weight-text' and text()='Delivery Day']/parent::div/following-sibling::ul//span[@class='a-size-base a-color-base' and text()='Get It in 2 Days']
19:59:18 [TestNG-test-Test-3] INFO  verifyingGetItIn2DaysFilterFunctionality_Tablet_19-58-57 - [verifyingGetItIn2DaysFilterFunctionality_Tablet_19-58-57] Within safeFindElements 
19:59:19 [TestNG-test-Test-3] INFO  verifyingGetItIn2DaysFilterFunctionality_Tablet_19-58-57 - [verifyingGetItIn2DaysFilterFunctionality_Tablet_19-58-57] Returning the  [[[ChromeDriver: chrome on windows (3d742ab5a30ecf712ce4350cb41fe46c)] -> xpath: //div[@class='a-section a-spacing-small a-spacing-top-small']], [[ChromeDriver: chrome on windows (3d742ab5a30ecf712ce4350cb41fe46c)] -> xpath: //div[@class='a-section a-spacing-small a-spacing-top-small']], [[ChromeDriver: chrome on windows (3d742ab5a30ecf712ce4350cb41fe46c)] -> xpath: //div[@class='a-section a-spacing-small a-spacing-top-small']], [[ChromeDriver: chrome on windows (3d742ab5a30ecf712ce4350cb41fe46c)] -> xpath: //div[@class='a-section a-spacing-small a-spacing-top-small']], [[ChromeDriver: chrome on windows (3d742ab5a30ecf712ce4350cb41fe46c)] -> xpath: //div[@class='a-section a-spacing-small a-spacing-top-small']], [[ChromeDriver: chrome on windows (3d742ab5a30ecf712ce4350cb41fe46c)] -> xpath: //div[@class='a-section a-spacing-small a-spacing-top-small']], [[ChromeDriver: chrome on windows (3d742ab5a30ecf712ce4350cb41fe46c)] -> xpath: //div[@class='a-section a-spacing-small a-spacing-top-small']], [[ChromeDriver: chrome on windows (3d742ab5a30ecf712ce4350cb41fe46c)] -> xpath: //div[@class='a-section a-spacing-small a-spacing-top-small']], [[ChromeDriver: chrome on windows (3d742ab5a30ecf712ce4350cb41fe46c)] -> xpath: //div[@class='a-section a-spacing-small a-spacing-top-small']], [[ChromeDriver: chrome on windows (3d742ab5a30ecf712ce4350cb41fe46c)] -> xpath: //div[@class='a-section a-spacing-small a-spacing-top-small']], [[ChromeDriver: chrome on windows (3d742ab5a30ecf712ce4350cb41fe46c)] -> xpath: //div[@class='a-section a-spacing-small a-spacing-top-small']], [[ChromeDriver: chrome on windows (3d742ab5a30ecf712ce4350cb41fe46c)] -> xpath: //div[@class='a-section a-spacing-small a-spacing-top-small']], [[ChromeDriver: chrome on windows (3d742ab5a30ecf712ce4350cb41fe46c)] -> xpath: //div[@class='a-section a-spacing-small a-spacing-top-small']], [[ChromeDriver: chrome on windows (3d742ab5a30ecf712ce4350cb41fe46c)] -> xpath: //div[@class='a-section a-spacing-small a-spacing-top-small']], [[ChromeDriver: chrome on windows (3d742ab5a30ecf712ce4350cb41fe46c)] -> xpath: //div[@class='a-section a-spacing-small a-spacing-top-small']], [[ChromeDriver: chrome on windows (3d742ab5a30ecf712ce4350cb41fe46c)] -> xpath: //div[@class='a-section a-spacing-small a-spacing-top-small']]] from the safeFindElements method
19:59:19 [TestNG-test-Test-3] INFO  verifyingGetItIn2DaysFilterFunctionality_Tablet_19-58-57 - [verifyingGetItIn2DaysFilterFunctionality_Tablet_19-58-57] Created hashset with required data to assert with Within validateDeliveryFilterOptions method
19:59:19 [TestNG-test-Test-3] INFO  verifyingGetItIn2DaysFilterFunctionality_Tablet_19-58-57 - [verifyingGetItIn2DaysFilterFunctionality_Tablet_19-58-57] this is the set  [Today, 25, May, 26, Tue, FREE delivery, Mon, Tomorrow]
19:59:19 [TestNG-test-Test-3] INFO  verifyingGetItIn2DaysFilterFunctionality_Tablet_19-58-57 - [verifyingGetItIn2DaysFilterFunctionality_Tablet_19-58-57] Within deliveryElements loop iterating over the products  Within validateDeliveryFilterOptions method
19:59:19 [TestNG-test-Test-3] INFO  verifyingGetItIn2DaysFilterFunctionality_Tablet_19-58-57 - [verifyingGetItIn2DaysFilterFunctionality_Tablet_19-58-57] Checking if the allowedDateParts have the assert text   Within validateDeliveryFilterOptions method
19:59:19 [TestNG-test-Test-3] INFO  verifyingGetItIn2DaysFilterFunctionality_Tablet_19-58-57 - [verifyingGetItIn2DaysFilterFunctionality_Tablet_19-58-57] Within deliveryElements loop iterating over the products  Within validateDeliveryFilterOptions method
19:59:19 [TestNG-test-Test-3] INFO  verifyingGetItIn2DaysFilterFunctionality_Tablet_19-58-57 - [verifyingGetItIn2DaysFilterFunctionality_Tablet_19-58-57] Checking if the allowedDateParts have the assert text   Within validateDeliveryFilterOptions method
19:59:19 [TestNG-test-Test-3] INFO  verifyingGetItIn2DaysFilterFunctionality_Tablet_19-58-57 - [verifyingGetItIn2DaysFilterFunctionality_Tablet_19-58-57] Within deliveryElements loop iterating over the products  Within validateDeliveryFilterOptions method
19:59:19 [TestNG-test-Test-3] INFO  verifyingGetItIn2DaysFilterFunctionality_Tablet_19-58-57 - [verifyingGetItIn2DaysFilterFunctionality_Tablet_19-58-57] Checking if the allowedDateParts have the assert text   Within validateDeliveryFilterOptions method
19:59:19 [TestNG-test-Test-3] INFO  verifyingGetItIn2DaysFilterFunctionality_Tablet_19-58-57 - [verifyingGetItIn2DaysFilterFunctionality_Tablet_19-58-57] Within deliveryElements loop iterating over the products  Within validateDeliveryFilterOptions method
19:59:19 [TestNG-test-Test-3] INFO  verifyingGetItIn2DaysFilterFunctionality_Tablet_19-58-57 - [verifyingGetItIn2DaysFilterFunctionality_Tablet_19-58-57] Checking if the allowedDateParts have the assert text   Within validateDeliveryFilterOptions method
19:59:19 [TestNG-test-Test-3] INFO  verifyingGetItIn2DaysFilterFunctionality_Tablet_19-58-57 - [verifyingGetItIn2DaysFilterFunctionality_Tablet_19-58-57] Within deliveryElements loop iterating over the products  Within validateDeliveryFilterOptions method
19:59:19 [TestNG-test-Test-3] INFO  verifyingGetItIn2DaysFilterFunctionality_Tablet_19-58-57 - [verifyingGetItIn2DaysFilterFunctionality_Tablet_19-58-57] Checking if the allowedDateParts have the assert text   Within validateDeliveryFilterOptions method
19:59:19 [TestNG-test-Test-3] INFO  verifyingGetItIn2DaysFilterFunctionality_Tablet_19-58-57 - [verifyingGetItIn2DaysFilterFunctionality_Tablet_19-58-57] Within deliveryElements loop iterating over the products  Within validateDeliveryFilterOptions method
19:59:19 [TestNG-test-Test-3] INFO  verifyingGetItIn2DaysFilterFunctionality_Tablet_19-58-57 - [verifyingGetItIn2DaysFilterFunctionality_Tablet_19-58-57] Checking if the allowedDateParts have the assert text   Within validateDeliveryFilterOptions method
19:59:19 [TestNG-test-Test-3] INFO  verifyingGetItIn2DaysFilterFunctionality_Tablet_19-58-57 - [verifyingGetItIn2DaysFilterFunctionality_Tablet_19-58-57] Within deliveryElements loop iterating over the products  Within validateDeliveryFilterOptions method
19:59:20 [TestNG-test-Test-3] INFO  verifyingGetItIn2DaysFilterFunctionality_Tablet_19-58-57 - [verifyingGetItIn2DaysFilterFunctionality_Tablet_19-58-57] Checking if the allowedDateParts have the assert text   Within validateDeliveryFilterOptions method
19:59:20 [TestNG-test-Test-3] INFO  verifyingGetItIn2DaysFilterFunctionality_Tablet_19-58-57 - [verifyingGetItIn2DaysFilterFunctionality_Tablet_19-58-57] Within deliveryElements loop iterating over the products  Within validateDeliveryFilterOptions method
19:59:20 [TestNG-test-Test-3] INFO  verifyingGetItIn2DaysFilterFunctionality_Tablet_19-58-57 - [verifyingGetItIn2DaysFilterFunctionality_Tablet_19-58-57] Checking if the allowedDateParts have the assert text   Within validateDeliveryFilterOptions method
19:59:20 [TestNG-test-Test-3] INFO  verifyingGetItIn2DaysFilterFunctionality_Tablet_19-58-57 - [verifyingGetItIn2DaysFilterFunctionality_Tablet_19-58-57] Within deliveryElements loop iterating over the products  Within validateDeliveryFilterOptions method
19:59:20 [TestNG-test-Test-3] INFO  verifyingGetItIn2DaysFilterFunctionality_Tablet_19-58-57 - [verifyingGetItIn2DaysFilterFunctionality_Tablet_19-58-57] Checking if the allowedDateParts have the assert text   Within validateDeliveryFilterOptions method
19:59:20 [TestNG-test-Test-3] INFO  verifyingGetItIn2DaysFilterFunctionality_Tablet_19-58-57 - [verifyingGetItIn2DaysFilterFunctionality_Tablet_19-58-57] Within deliveryElements loop iterating over the products  Within validateDeliveryFilterOptions method
19:59:20 [TestNG-test-Test-3] INFO  verifyingGetItIn2DaysFilterFunctionality_Tablet_19-58-57 - [verifyingGetItIn2DaysFilterFunctionality_Tablet_19-58-57] Checking if the allowedDateParts have the assert text   Within validateDeliveryFilterOptions method
19:59:20 [TestNG-test-Test-3] INFO  verifyingGetItIn2DaysFilterFunctionality_Tablet_19-58-57 - [verifyingGetItIn2DaysFilterFunctionality_Tablet_19-58-57] Within deliveryElements loop iterating over the products  Within validateDeliveryFilterOptions method
19:59:20 [TestNG-test-Test-3] INFO  verifyingGetItIn2DaysFilterFunctionality_Tablet_19-58-57 - [verifyingGetItIn2DaysFilterFunctionality_Tablet_19-58-57] Checking if the allowedDateParts have the assert text   Within validateDeliveryFilterOptions method
19:59:20 [TestNG-test-Test-3] INFO  verifyingGetItIn2DaysFilterFunctionality_Tablet_19-58-57 - [verifyingGetItIn2DaysFilterFunctionality_Tablet_19-58-57] Within deliveryElements loop iterating over the products  Within validateDeliveryFilterOptions method
19:59:20 [TestNG-test-Test-3] INFO  verifyingGetItIn2DaysFilterFunctionality_Tablet_19-58-57 - [verifyingGetItIn2DaysFilterFunctionality_Tablet_19-58-57] Checking if the allowedDateParts have the assert text   Within validateDeliveryFilterOptions method
19:59:20 [TestNG-test-Test-3] INFO  verifyingGetItIn2DaysFilterFunctionality_Tablet_19-58-57 - [verifyingGetItIn2DaysFilterFunctionality_Tablet_19-58-57] Within deliveryElements loop iterating over the products  Within validateDeliveryFilterOptions method
19:59:20 [TestNG-test-Test-3] INFO  verifyingGetItIn2DaysFilterFunctionality_Tablet_19-58-57 - [verifyingGetItIn2DaysFilterFunctionality_Tablet_19-58-57] Checking if the allowedDateParts have the assert text   Within validateDeliveryFilterOptions method
19:59:20 [TestNG-test-Test-3] INFO  verifyingGetItIn2DaysFilterFunctionality_Tablet_19-58-57 - [verifyingGetItIn2DaysFilterFunctionality_Tablet_19-58-57] Within deliveryElements loop iterating over the products  Within validateDeliveryFilterOptions method
19:59:20 [TestNG-test-Test-3] INFO  verifyingGetItIn2DaysFilterFunctionality_Tablet_19-58-57 - [verifyingGetItIn2DaysFilterFunctionality_Tablet_19-58-57] Checking if the allowedDateParts have the assert text   Within validateDeliveryFilterOptions method
19:59:20 [TestNG-test-Test-3] INFO  verifyingGetItIn2DaysFilterFunctionality_Tablet_19-58-57 - [verifyingGetItIn2DaysFilterFunctionality_Tablet_19-58-57] Within deliveryElements loop iterating over the products  Within validateDeliveryFilterOptions method
19:59:20 [TestNG-test-Test-3] INFO  verifyingGetItIn2DaysFilterFunctionality_Tablet_19-58-57 - [verifyingGetItIn2DaysFilterFunctionality_Tablet_19-58-57] Checking if the allowedDateParts have the assert text   Within validateDeliveryFilterOptions method
19:59:20 [TestNG-test-Test-3] INFO  verifyingGetItIn2DaysFilterFunctionality_Tablet_19-58-57 - [verifyingGetItIn2DaysFilterFunctionality_Tablet_19-58-57] Within deliveryElements loop iterating over the products  Within validateDeliveryFilterOptions method
19:59:20 [TestNG-test-Test-3] INFO  verifyingGetItIn2DaysFilterFunctionality_Tablet_19-58-57 - [verifyingGetItIn2DaysFilterFunctionality_Tablet_19-58-57] Checking if the allowedDateParts have the assert text   Within validateDeliveryFilterOptions method
19:59:20 [TestNG-test-Test-3] INFO  verifyingGetItIn2DaysFilterFunctionality_Tablet_19-58-57 - [verifyingGetItIn2DaysFilterFunctionality_Tablet_19-58-57] Returning the list with boolean values   Within validateDeliveryFilterOptions method
19:59:20 [TestNG-test-Test-3] INFO  verifyingGetItIn2DaysFilterFunctionality_Tablet_19-58-57 - [verifyingGetItIn2DaysFilterFunctionality_Tablet_19-58-57] Asserting delivery filter: isValid=true, index=-1, text=All the things are valid no errors
