19:50:16 [TestNG-test-Test-3] INFO  verifyingPriceSilderFunctionality_19-50-16 - No existing WebDriver found for current thread. Initializing a new ChromeDriver...
19:50:16 [TestNG-test-Test-3] INFO  verifyingPriceSilderFunctionality_19-50-16 - WebDriverManager: chromedriver setup OK
19:50:18 [TestNG-test-Test-3] INFO  verifyingPriceSilderFunctionality_19-50-16 - ChromeDriver initialized successfully for thread: 36
19:50:18 [TestNG-test-Test-3] INFO  verifyingPriceSilderFunctionality_19-50-16 - [verifyingPriceSilderFunctionality_19-50-16] Opening amazon Landing page
19:50:18 [TestNG-test-Test-3] INFO  verifyingPriceSilderFunctionality_19-50-16 - [verifyingPriceSilderFunctionality_19-50-16] Within safeFindElement method
19:50:23 [TestNG-test-Test-3] INFO  verifyingPriceSilderFunctionality_19-50-16 - [verifyingPriceSilderFunctionality_19-50-16]Retrying findElement for: ->By.xpath: //a[@id='nav-logo-sprites']
19:50:24 [TestNG-test-Test-3] INFO  verifyingPriceSilderFunctionality_19-50-16 - [verifyingPriceSilderFunctionality_19-50-16]Refrehsing the page , while trying to safely find : ->By.xpath: //a[@id='nav-logo-sprites']
19:50:24 [TestNG-test-Test-3] INFO  verifyingPriceSilderFunctionality_19-50-16 - [verifyingPriceSilderFunctionality_19-50-16]Found the element returning it ,element ->[[ChromeDriver: chrome on windows (668c8567e70c9a4502867f348cadd4dd)] -> xpath: //a[@id='nav-logo-sprites']]
19:50:25 [TestNG-test-Test-3] INFO  verifyingPriceSilderFunctionality_19-50-16 - [verifyingPriceSilderFunctionality_19-50-16] Giving input within the search bar
19:50:25 [TestNG-test-Test-3] INFO  verifyingPriceSilderFunctionality_19-50-16 - [verifyingPriceSilderFunctionality_19-50-16] Within safeClick method
19:50:27 [TestNG-test-Test-3] INFO  verifyingPriceSilderFunctionality_19-50-16 - [verifyingPriceSilderFunctionality_19-50-16] Clicked the  [[ChromeDriver: chrome on windows (668c8567e70c9a4502867f348cadd4dd)] -> xpath: //input[@id='nav-search-submit-button']]   using safeClick
19:50:27 [TestNG-test-Test-3] INFO  verifyingPriceSilderFunctionality_19-50-16 - [verifyingPriceSilderFunctionality_19-50-16] Clicking on the submit in the search bar
19:50:27 [TestNG-test-Test-3] INFO  verifyingPriceSilderFunctionality_19-50-16 - [verifyingPriceSilderFunctionality_19-50-16] Within filterCheckUnderList method
19:50:27 [TestNG-test-Test-3] INFO  verifyingPriceSilderFunctionality_19-50-16 - [verifyingPriceSilderFunctionality_19-50-16] Found the Filter within the filter check List
19:50:27 [TestNG-test-Test-3] INFO  verifyingPriceSilderFunctionality_19-50-16 - [verifyingPriceSilderFunctionality_19-50-16] Within applyPriceSliderAndValidateWithResult method
19:50:27 [TestNG-test-Test-3] INFO  verifyingPriceSilderFunctionality_19-50-16 - [verifyingPriceSilderFunctionality_19-50-16] Within smoothScrollToElement method
19:50:27 [TestNG-test-Test-3] INFO  verifyingPriceSilderFunctionality_19-50-16 - [verifyingPriceSilderFunctionality_19-50-16] Within safeFindElement method
19:50:27 [TestNG-test-Test-3] INFO  verifyingPriceSilderFunctionality_19-50-16 - [verifyingPriceSilderFunctionality_19-50-16]Found the element returning it ,element ->[[ChromeDriver: chrome on windows (668c8567e70c9a4502867f348cadd4dd)] -> id: p_36/range-slider_slider-item_lower-bound-slider]
19:50:27 [TestNG-test-Test-3] INFO  verifyingPriceSilderFunctionality_19-50-16 - [verifyingPriceSilderFunctionality_19-50-16] Successfully scrolled to element: By.id: p_36/range-slider_slider-item_lower-bound-slider
19:50:27 [TestNG-test-Test-3] INFO  verifyingPriceSilderFunctionality_19-50-16 - [verifyingPriceSilderFunctionality_19-50-16] Within safeFindElement method
19:50:27 [TestNG-test-Test-3] INFO  verifyingPriceSilderFunctionality_19-50-16 - [verifyingPriceSilderFunctionality_19-50-16]Found the element returning it ,element ->[[ChromeDriver: chrome on windows (668c8567e70c9a4502867f348cadd4dd)] -> id: p_36/range-slider_slider-item_lower-bound-slider]
19:50:27 [TestNG-test-Test-3] INFO  verifyingPriceSilderFunctionality_19-50-16 - [verifyingPriceSilderFunctionality_19-50-16] Within safeFindElement method
19:50:28 [TestNG-test-Test-3] INFO  verifyingPriceSilderFunctionality_19-50-16 - [verifyingPriceSilderFunctionality_19-50-16]Found the element returning it ,element ->[[ChromeDriver: chrome on windows (668c8567e70c9a4502867f348cadd4dd)] -> id: p_36/range-slider_slider-item_upper-bound-slider]
19:50:28 [TestNG-test-Test-3] INFO  verifyingPriceSilderFunctionality_19-50-16 - [verifyingPriceSilderFunctionality_19-50-16] in the setSliderValue method with value 61
19:50:28 [TestNG-test-Test-3] INFO  verifyingPriceSilderFunctionality_19-50-16 - [verifyingPriceSilderFunctionality_19-50-16] in the setSliderValue method with value 81
19:50:28 [TestNG-test-Test-3] INFO  verifyingPriceSilderFunctionality_19-50-16 - [verifyingPriceSilderFunctionality_19-50-16] Within safeFindElement method
19:50:28 [TestNG-test-Test-3] INFO  verifyingPriceSilderFunctionality_19-50-16 - [verifyingPriceSilderFunctionality_19-50-16]Found the element returning it ,element ->[[ChromeDriver: chrome on windows (668c8567e70c9a4502867f348cadd4dd)] -> xpath: //label[@for='p_36/range-slider_slider-item_upper-bound-slider']]
19:50:28 [TestNG-test-Test-3] INFO  verifyingPriceSilderFunctionality_19-50-16 - [verifyingPriceSilderFunctionality_19-50-16] Within safeFindElement method
19:50:28 [TestNG-test-Test-3] INFO  verifyingPriceSilderFunctionality_19-50-16 - [verifyingPriceSilderFunctionality_19-50-16]Found the element returning it ,element ->[[ChromeDriver: chrome on windows (668c8567e70c9a4502867f348cadd4dd)] -> xpath: //label[@for='p_36/range-slider_slider-item_lower-bound-slider']]
19:50:28 [TestNG-test-Test-3] INFO  verifyingPriceSilderFunctionality_19-50-16 - [verifyingPriceSilderFunctionality_19-50-16] Within smoothScrollToElement method
19:50:28 [TestNG-test-Test-3] INFO  verifyingPriceSilderFunctionality_19-50-16 - [verifyingPriceSilderFunctionality_19-50-16] Within safeFindElement method
19:50:29 [TestNG-test-Test-3] INFO  verifyingPriceSilderFunctionality_19-50-16 - [verifyingPriceSilderFunctionality_19-50-16]Found the element returning it ,element ->[[ChromeDriver: chrome on windows (668c8567e70c9a4502867f348cadd4dd)] -> id: p_36/range-slider_slider-item_lower-bound-slider]
19:50:29 [TestNG-test-Test-3] INFO  verifyingPriceSilderFunctionality_19-50-16 - [verifyingPriceSilderFunctionality_19-50-16] Successfully scrolled to element: By.id: p_36/range-slider_slider-item_lower-bound-slider
19:50:30 [TestNG-test-Test-3] INFO  verifyingPriceSilderFunctionality_19-50-16 - [verifyingPriceSilderFunctionality_19-50-16] Adding the data 'min','max','isValid' ,'mismatches' to 'result' Map->81
19:50:30 [TestNG-test-Test-3] INFO  verifyingPriceSilderFunctionality_19-50-16 - [verifyingPriceSilderFunctionality_19-50-16] Adding the 'results'  Map to the master 'allResults' i.e is List of maps->81
19:50:30 [TestNG-test-Test-3] INFO  verifyingPriceSilderFunctionality_19-50-16 - [verifyingPriceSilderFunctionality_19-50-16] in the setSliderValue method with value 91
19:50:30 [TestNG-test-Test-3] INFO  verifyingPriceSilderFunctionality_19-50-16 - [verifyingPriceSilderFunctionality_19-50-16] in the setSliderValue method with value 121
19:50:30 [TestNG-test-Test-3] INFO  verifyingPriceSilderFunctionality_19-50-16 - [verifyingPriceSilderFunctionality_19-50-16] Within safeFindElement method
19:50:30 [TestNG-test-Test-3] INFO  verifyingPriceSilderFunctionality_19-50-16 - [verifyingPriceSilderFunctionality_19-50-16]Found the element returning it ,element ->[[ChromeDriver: chrome on windows (668c8567e70c9a4502867f348cadd4dd)] -> xpath: //label[@for='p_36/range-slider_slider-item_upper-bound-slider']]
19:50:30 [TestNG-test-Test-3] INFO  verifyingPriceSilderFunctionality_19-50-16 - [verifyingPriceSilderFunctionality_19-50-16] Within safeFindElement method
19:50:30 [TestNG-test-Test-3] INFO  verifyingPriceSilderFunctionality_19-50-16 - [verifyingPriceSilderFunctionality_19-50-16]Found the element returning it ,element ->[[ChromeDriver: chrome on windows (668c8567e70c9a4502867f348cadd4dd)] -> xpath: //label[@for='p_36/range-slider_slider-item_lower-bound-slider']]
19:50:30 [TestNG-test-Test-3] INFO  verifyingPriceSilderFunctionality_19-50-16 - [verifyingPriceSilderFunctionality_19-50-16] Within smoothScrollToElement method
19:50:30 [TestNG-test-Test-3] INFO  verifyingPriceSilderFunctionality_19-50-16 - [verifyingPriceSilderFunctionality_19-50-16] Within safeFindElement method
19:50:32 [TestNG-test-Test-3] INFO  verifyingPriceSilderFunctionality_19-50-16 - [verifyingPriceSilderFunctionality_19-50-16]Found the element returning it ,element ->[[ChromeDriver: chrome on windows (668c8567e70c9a4502867f348cadd4dd)] -> id: p_36/range-slider_slider-item_lower-bound-slider]
19:50:32 [TestNG-test-Test-3] INFO  verifyingPriceSilderFunctionality_19-50-16 - [verifyingPriceSilderFunctionality_19-50-16] Successfully scrolled to element: By.id: p_36/range-slider_slider-item_lower-bound-slider
19:50:32 [TestNG-test-Test-3] INFO  verifyingPriceSilderFunctionality_19-50-16 - [verifyingPriceSilderFunctionality_19-50-16] Adding the data 'min','max','isValid' ,'mismatches' to 'result' Map->121
19:50:32 [TestNG-test-Test-3] INFO  verifyingPriceSilderFunctionality_19-50-16 - [verifyingPriceSilderFunctionality_19-50-16] Adding the 'results'  Map to the master 'allResults' i.e is List of maps->121
19:50:32 [TestNG-test-Test-3] INFO  verifyingPriceSilderFunctionality_19-50-16 - [verifyingPriceSilderFunctionality_19-50-16] in the setSliderValue method with value 131
19:50:32 [TestNG-test-Test-3] INFO  verifyingPriceSilderFunctionality_19-50-16 - [verifyingPriceSilderFunctionality_19-50-16] in the setSliderValue method with value 161
19:50:32 [TestNG-test-Test-3] INFO  verifyingPriceSilderFunctionality_19-50-16 - [verifyingPriceSilderFunctionality_19-50-16] Within safeFindElement method
19:50:32 [TestNG-test-Test-3] INFO  verifyingPriceSilderFunctionality_19-50-16 - [verifyingPriceSilderFunctionality_19-50-16]Found the element returning it ,element ->[[ChromeDriver: chrome on windows (668c8567e70c9a4502867f348cadd4dd)] -> xpath: //label[@for='p_36/range-slider_slider-item_upper-bound-slider']]
19:50:32 [TestNG-test-Test-3] INFO  verifyingPriceSilderFunctionality_19-50-16 - [verifyingPriceSilderFunctionality_19-50-16] Within safeFindElement method
19:50:32 [TestNG-test-Test-3] INFO  verifyingPriceSilderFunctionality_19-50-16 - [verifyingPriceSilderFunctionality_19-50-16]Found the element returning it ,element ->[[ChromeDriver: chrome on windows (668c8567e70c9a4502867f348cadd4dd)] -> xpath: //label[@for='p_36/range-slider_slider-item_lower-bound-slider']]
19:50:32 [TestNG-test-Test-3] INFO  verifyingPriceSilderFunctionality_19-50-16 - [verifyingPriceSilderFunctionality_19-50-16] Within smoothScrollToElement method
19:50:32 [TestNG-test-Test-3] INFO  verifyingPriceSilderFunctionality_19-50-16 - [verifyingPriceSilderFunctionality_19-50-16] Within safeFindElement method
19:50:33 [TestNG-test-Test-3] INFO  verifyingPriceSilderFunctionality_19-50-16 - [verifyingPriceSilderFunctionality_19-50-16]Found the element returning it ,element ->[[ChromeDriver: chrome on windows (668c8567e70c9a4502867f348cadd4dd)] -> id: p_36/range-slider_slider-item_lower-bound-slider]
19:50:33 [TestNG-test-Test-3] INFO  verifyingPriceSilderFunctionality_19-50-16 - [verifyingPriceSilderFunctionality_19-50-16] Successfully scrolled to element: By.id: p_36/range-slider_slider-item_lower-bound-slider
19:50:34 [TestNG-test-Test-3] INFO  verifyingPriceSilderFunctionality_19-50-16 - [verifyingPriceSilderFunctionality_19-50-16] Adding the data 'min','max','isValid' ,'mismatches' to 'result' Map->161
19:50:34 [TestNG-test-Test-3] INFO  verifyingPriceSilderFunctionality_19-50-16 - [verifyingPriceSilderFunctionality_19-50-16] Adding the 'results'  Map to the master 'allResults' i.e is List of maps->161
19:50:34 [TestNG-test-Test-3] INFO  verifyingPriceSilderFunctionality_19-50-16 - [verifyingPriceSilderFunctionality_19-50-16] Returning the data here in the end
19:50:34 [TestNG-test-Test-3] INFO  verifyingPriceSilderFunctionality_19-50-16 - [verifyingPriceSilderFunctionality_19-50-16]  Price range validated successfully: 61 - 81
19:50:34 [TestNG-test-Test-3] INFO  verifyingPriceSilderFunctionality_19-50-16 - [verifyingPriceSilderFunctionality_19-50-16] ------------------------------------------------------------
19:50:34 [TestNG-test-Test-3] INFO  verifyingPriceSilderFunctionality_19-50-16 - [verifyingPriceSilderFunctionality_19-50-16]  Price range validated successfully: 91 - 121
19:50:34 [TestNG-test-Test-3] INFO  verifyingPriceSilderFunctionality_19-50-16 - [verifyingPriceSilderFunctionality_19-50-16] ------------------------------------------------------------
19:50:34 [TestNG-test-Test-3] INFO  verifyingPriceSilderFunctionality_19-50-16 - [verifyingPriceSilderFunctionality_19-50-16]  Price range validated successfully: 131 - 161
19:50:34 [TestNG-test-Test-3] INFO  verifyingPriceSilderFunctionality_19-50-16 - [verifyingPriceSilderFunctionality_19-50-16] ------------------------------------------------------------
19:50:34 [TestNG-test-Test-3] INFO  verifyingPriceSilderFunctionality_19-50-16 - [verifyingPriceSilderFunctionality_19-50-16]  Asserting all soft assertions now...
