2026-02-19 07:24:37.242 PM [TestNG-test-Test-1] INFO  [verifyingDisplaySizeFilterFunctionality] 🔹 Starting test method: verifyingDisplaySizeFilterFunctionality
2026-02-19 07:24:37.249 PM [TestNG-test-Test-1] INFO  [verifyingDisplaySizeFilterFunctionality] No existing WebDriver found for current thread. Initializing a new ChromeDriver...
2026-02-19 07:24:37.277 PM [TestNG-test-Test-1] INFO  [verifyingDisplaySizeFilterFunctionality] WebDriverManager: chromedriver setup OK
2026-02-19 07:24:38.654 PM [TestNG-test-Test-1] INFO  [verifyingDisplaySizeFilterFunctionality] ChromeDriver initialized successfully for thread: 34
2026-02-19 07:24:39.281 PM [TestNG-test-Test-1] INFO  [verifyingDisplaySizeFilterFunctionality] [verifyingDisplaySizeFilterFunctionality] Opening amazon Landing page
2026-02-19 07:24:39.282 PM [TestNG-test-Test-1] INFO  [verifyingDisplaySizeFilterFunctionality] [verifyingDisplaySizeFilterFunctionality] Within safeFindElement method
2026-02-19 07:24:49.611 PM [TestNG-test-Test-1] INFO  [verifyingDisplaySizeFilterFunctionality] [verifyingDisplaySizeFilterFunctionality]Retrying findElement for: ->By.xpath: //a[@id='nav-logo-sprites']
2026-02-19 07:24:49.828 PM [TestNG-test-Test-1] INFO  [verifyingDisplaySizeFilterFunctionality] [verifyingDisplaySizeFilterFunctionality]Refrehsing the page , while trying to safely find : ->By.xpath: //a[@id='nav-logo-sprites']
2026-02-19 07:25:01.026 PM [TestNG-test-Test-1] INFO  [verifyingDisplaySizeFilterFunctionality] [verifyingDisplaySizeFilterFunctionality]Retrying findElement for: ->By.xpath: //a[@id='nav-logo-sprites']
2026-02-19 07:25:01.193 PM [TestNG-test-Test-1] INFO  [verifyingDisplaySizeFilterFunctionality] [verifyingDisplaySizeFilterFunctionality]Refrehsing the page , while trying to safely find : ->By.xpath: //a[@id='nav-logo-sprites']
2026-02-19 07:25:02.193 PM [TestNG-test-Test-1] INFO  [verifyingDisplaySizeFilterFunctionality] [verifyingDisplaySizeFilterFunctionality] Skipping action: Element not found after 2   attemps
2026-02-19 07:25:02.639 PM [TestNG-test-Test-1] INFO  [verifyingDisplaySizeFilterFunctionality] [verifyingDisplaySizeFilterFunctionality] Giving input within the search bar
2026-02-19 07:25:02.639 PM [TestNG-test-Test-1] INFO  [verifyingDisplaySizeFilterFunctionality] [verifyingDisplaySizeFilterFunctionality] Within safeClick method
2026-02-19 07:25:04.867 PM [TestNG-test-Test-1] INFO  [verifyingDisplaySizeFilterFunctionality] [verifyingDisplaySizeFilterFunctionality] Clicked the  [[ChromeDriver: chrome on windows (4b4b3e27a443dc2414a3c889ac528041)] -> xpath: //input[@id='nav-search-submit-button']]   using safeClick
2026-02-19 07:25:04.868 PM [TestNG-test-Test-1] INFO  [verifyingDisplaySizeFilterFunctionality] [verifyingDisplaySizeFilterFunctionality] Clicking on the submit in the search bar
2026-02-19 07:25:05.080 PM [TestNG-test-Test-1] INFO  [verifyingDisplaySizeFilterFunctionality] [verifyingDisplaySizeFilterFunctionality] Within filterCheckUnderList method
2026-02-19 07:25:05.492 PM [TestNG-test-Test-1] INFO  [verifyingDisplaySizeFilterFunctionality] [verifyingDisplaySizeFilterFunctionality] Filter option does not exist within the filter check List
2026-02-19 07:25:05.492 PM [TestNG-test-Test-1] WARN  [verifyingDisplaySizeFilterFunctionality] [verifyingDisplaySizeFilterFunctionality]  Filter option 'Display Size' does not exist in the list. Skipping the test.
2026-02-19 07:25:05.496 PM [TestNG-test-Test-1] INFO  [verifyingDisplaySizeFilterFunctionality] ✅ Finished test method: verifyingDisplaySizeFilterFunctionality
2026-02-19 07:25:05.765 PM [TestNG-test-Test-1] INFO  [verifyingDisplaySizeFilterFunctionality] 🔹 Starting test method: verifyingDisplaySizeFilterFunctionality
2026-02-19 07:25:05.765 PM [TestNG-test-Test-1] INFO  [verifyingDisplaySizeFilterFunctionality] No existing WebDriver found for current thread. Initializing a new ChromeDriver...
2026-02-19 07:25:05.776 PM [TestNG-test-Test-1] INFO  [verifyingDisplaySizeFilterFunctionality] WebDriverManager: chromedriver setup OK
2026-02-19 07:25:07.158 PM [TestNG-test-Test-1] INFO  [verifyingDisplaySizeFilterFunctionality] ChromeDriver initialized successfully for thread: 34
2026-02-19 07:25:07.778 PM [TestNG-test-Test-1] INFO  [verifyingDisplaySizeFilterFunctionality] [verifyingDisplaySizeFilterFunctionality] Opening amazon Landing page
2026-02-19 07:25:07.778 PM [TestNG-test-Test-1] INFO  [verifyingDisplaySizeFilterFunctionality] [verifyingDisplaySizeFilterFunctionality] Within safeFindElement method
2026-02-19 07:25:17.966 PM [TestNG-test-Test-1] INFO  [verifyingDisplaySizeFilterFunctionality] [verifyingDisplaySizeFilterFunctionality]Retrying findElement for: ->By.xpath: //a[@id='nav-logo-sprites']
2026-02-19 07:25:18.095 PM [TestNG-test-Test-1] INFO  [verifyingDisplaySizeFilterFunctionality] [verifyingDisplaySizeFilterFunctionality]Refrehsing the page , while trying to safely find : ->By.xpath: //a[@id='nav-logo-sprites']
2026-02-19 07:25:29.278 PM [TestNG-test-Test-1] INFO  [verifyingDisplaySizeFilterFunctionality] [verifyingDisplaySizeFilterFunctionality]Retrying findElement for: ->By.xpath: //a[@id='nav-logo-sprites']
2026-02-19 07:25:29.437 PM [TestNG-test-Test-1] INFO  [verifyingDisplaySizeFilterFunctionality] [verifyingDisplaySizeFilterFunctionality]Refrehsing the page , while trying to safely find : ->By.xpath: //a[@id='nav-logo-sprites']
2026-02-19 07:25:30.439 PM [TestNG-test-Test-1] INFO  [verifyingDisplaySizeFilterFunctionality] [verifyingDisplaySizeFilterFunctionality] Skipping action: Element not found after 2   attemps
2026-02-19 07:25:34.253 PM [TestNG-test-Test-1] INFO  [verifyingDisplaySizeFilterFunctionality] [verifyingDisplaySizeFilterFunctionality] Giving input within the search bar
2026-02-19 07:25:34.254 PM [TestNG-test-Test-1] INFO  [verifyingDisplaySizeFilterFunctionality] [verifyingDisplaySizeFilterFunctionality] Within safeClick method
2026-02-19 07:25:36.062 PM [TestNG-test-Test-1] INFO  [verifyingDisplaySizeFilterFunctionality] [verifyingDisplaySizeFilterFunctionality] Clicked the  [[ChromeDriver: chrome on windows (fbd99c433b46db1f303e2da7085d98b2)] -> xpath: //input[@id='nav-search-submit-button']]   using safeClick
2026-02-19 07:25:36.062 PM [TestNG-test-Test-1] INFO  [verifyingDisplaySizeFilterFunctionality] [verifyingDisplaySizeFilterFunctionality] Clicking on the submit in the search bar
2026-02-19 07:25:36.200 PM [TestNG-test-Test-1] INFO  [verifyingDisplaySizeFilterFunctionality] [verifyingDisplaySizeFilterFunctionality] Within filterCheckUnderList method
2026-02-19 07:25:36.289 PM [TestNG-test-Test-1] INFO  [verifyingDisplaySizeFilterFunctionality] [verifyingDisplaySizeFilterFunctionality] Found the Filter within the filter check List
2026-02-19 07:25:36.289 PM [TestNG-test-Test-1] INFO  [verifyingDisplaySizeFilterFunctionality] [verifyingDisplaySizeFilterFunctionality] Within applyFilterAndValidateProductsWithResult method
2026-02-19 07:25:36.289 PM [TestNG-test-Test-1] INFO  [verifyingDisplaySizeFilterFunctionality] [verifyingDisplaySizeFilterFunctionality] Within safeFindElements 
2026-02-19 07:25:36.301 PM [TestNG-test-Test-1] INFO  [verifyingDisplaySizeFilterFunctionality] [verifyingDisplaySizeFilterFunctionality] Returning the  [[[ChromeDriver: chrome on windows (fbd99c433b46db1f303e2da7085d98b2)] -> xpath: //span[@class='a-size-base a-color-base puis-bold-weight-text' and text()='Display Size']/parent::div/following-sibling::ul//span[@class='a-size-base a-color-base']], [[ChromeDriver: chrome on windows (fbd99c433b46db1f303e2da7085d98b2)] -> xpath: //span[@class='a-size-base a-color-base puis-bold-weight-text' and text()='Display Size']/parent::div/following-sibling::ul//span[@class='a-size-base a-color-base']], [[ChromeDriver: chrome on windows (fbd99c433b46db1f303e2da7085d98b2)] -> xpath: //span[@class='a-size-base a-color-base puis-bold-weight-text' and text()='Display Size']/parent::div/following-sibling::ul//span[@class='a-size-base a-color-base']], [[ChromeDriver: chrome on windows (fbd99c433b46db1f303e2da7085d98b2)] -> xpath: //span[@class='a-size-base a-color-base puis-bold-weight-text' and text()='Display Size']/parent::div/following-sibling::ul//span[@class='a-size-base a-color-base']]] from the safeFindElements method
2026-02-19 07:25:36.301 PM [TestNG-test-Test-1] INFO  [verifyingDisplaySizeFilterFunctionality] [verifyingDisplaySizeFilterFunctionality] Within applyFilterAndValidateProductsWithResult filterOptions size is -> 4
2026-02-19 07:25:36.301 PM [TestNG-test-Test-1] INFO  [verifyingDisplaySizeFilterFunctionality] [verifyingDisplaySizeFilterFunctionality] Execution is scheduled type /CRON Job on CI Hence refering to CI keys from UtilData
2026-02-19 07:25:36.302 PM [TestNG-test-Test-1] INFO  [verifyingDisplaySizeFilterFunctionality] [verifyingDisplaySizeFilterFunctionality] Within filterOptions loop in applyFilterAndValidateProductsWithResult
2026-02-19 07:25:36.302 PM [TestNG-test-Test-1] INFO  [verifyingDisplaySizeFilterFunctionality] [verifyingDisplaySizeFilterFunctionality] Within safeFindElements 
2026-02-19 07:25:36.310 PM [TestNG-test-Test-1] INFO  [verifyingDisplaySizeFilterFunctionality] [verifyingDisplaySizeFilterFunctionality] Returning the  [[[ChromeDriver: chrome on windows (fbd99c433b46db1f303e2da7085d98b2)] -> xpath: //span[@class='a-size-base a-color-base puis-bold-weight-text' and text()='Display Size']/parent::div/following-sibling::ul//span[@class='a-size-base a-color-base']], [[ChromeDriver: chrome on windows (fbd99c433b46db1f303e2da7085d98b2)] -> xpath: //span[@class='a-size-base a-color-base puis-bold-weight-text' and text()='Display Size']/parent::div/following-sibling::ul//span[@class='a-size-base a-color-base']], [[ChromeDriver: chrome on windows (fbd99c433b46db1f303e2da7085d98b2)] -> xpath: //span[@class='a-size-base a-color-base puis-bold-weight-text' and text()='Display Size']/parent::div/following-sibling::ul//span[@class='a-size-base a-color-base']], [[ChromeDriver: chrome on windows (fbd99c433b46db1f303e2da7085d98b2)] -> xpath: //span[@class='a-size-base a-color-base puis-bold-weight-text' and text()='Display Size']/parent::div/following-sibling::ul//span[@class='a-size-base a-color-base']]] from the safeFindElements method
2026-02-19 07:25:36.310 PM [TestNG-test-Test-1] INFO  [verifyingDisplaySizeFilterFunctionality] [verifyingDisplaySizeFilterFunctionality] Trying to read filter option 0 (attempt 1/3)
2026-02-19 07:25:36.338 PM [TestNG-test-Test-1] INFO  [verifyingDisplaySizeFilterFunctionality] [verifyingDisplaySizeFilterFunctionality] Successfully read filter option 0 = 'Up to 10"'
2026-02-19 07:25:36.338 PM [TestNG-test-Test-1] INFO  [verifyingDisplaySizeFilterFunctionality] [verifyingDisplaySizeFilterFunctionality] Within getfilterByTypeAndName method
2026-02-19 07:25:36.338 PM [TestNG-test-Test-1] INFO  [verifyingDisplaySizeFilterFunctionality] [verifyingDisplaySizeFilterFunctionality] Within safeClickBooleanWithScreenShot method
2026-02-19 07:25:36.340 PM [TestNG-test-Test-1] INFO  [verifyingDisplaySizeFilterFunctionality] [verifyingDisplaySizeFilterFunctionality] Within getAppliedfilterByTypeAndName method
2026-02-19 07:25:36.340 PM [TestNG-test-Test-1] INFO  [verifyingDisplaySizeFilterFunctionality] [verifyingDisplaySizeFilterFunctionality] Within smoothScrollToElement method
2026-02-19 07:25:36.340 PM [TestNG-test-Test-1] INFO  [verifyingDisplaySizeFilterFunctionality] [verifyingDisplaySizeFilterFunctionality] Within safeFindElement method
2026-02-19 07:25:36.353 PM [TestNG-test-Test-1] INFO  [verifyingDisplaySizeFilterFunctionality] [verifyingDisplaySizeFilterFunctionality]Found the element returning it ,element ->[[ChromeDriver: chrome on windows (fbd99c433b46db1f303e2da7085d98b2)] -> xpath: //span[@class='a-size-base a-color-base puis-bold-weight-text' and text()='Display Size']]
2026-02-19 07:25:36.379 PM [TestNG-test-Test-1] INFO  [verifyingDisplaySizeFilterFunctionality] [verifyingDisplaySizeFilterFunctionality] Successfully scrolled to element: By.xpath: //span[@class='a-size-base a-color-base puis-bold-weight-text' and text()='Display Size']
2026-02-19 07:25:36.379 PM [TestNG-test-Test-1] INFO  [verifyingDisplaySizeFilterFunctionality] [verifyingDisplaySizeFilterFunctionality] Within getMoreButtonByFilterTypeAndName method
2026-02-19 07:25:36.379 PM [TestNG-test-Test-1] INFO  [verifyingDisplaySizeFilterFunctionality] [verifyingDisplaySizeFilterFunctionality] could not find more button
2026-02-19 07:25:46.685 PM [TestNG-test-Test-1] INFO  [verifyingDisplaySizeFilterFunctionality] [verifyingDisplaySizeFilterFunctionality] Cannot click the button, element ->By.xpath: //ul[@id='filter-p_n_g-1004194492091']//span[@class='a-size-base a-color-base' and text()='Up to 10"']
2026-02-19 07:25:49.130 PM [TestNG-test-Test-1] INFO  [verifyingDisplaySizeFilterFunctionality] [verifyingDisplaySizeFilterFunctionality] Cannot apply filter taking failed screenshot for ->Up to 10"
2026-02-19 07:25:49.130 PM [TestNG-test-Test-1] INFO  [verifyingDisplaySizeFilterFunctionality] [verifyingDisplaySizeFilterFunctionality] Within getAppliedfilterByTypeAndName method
2026-02-19 07:25:49.130 PM [TestNG-test-Test-1] INFO  [verifyingDisplaySizeFilterFunctionality] [verifyingDisplaySizeFilterFunctionality] Within smoothScrollToElement method
2026-02-19 07:25:49.130 PM [TestNG-test-Test-1] INFO  [verifyingDisplaySizeFilterFunctionality] [verifyingDisplaySizeFilterFunctionality] Within safeFindElement method
2026-02-19 07:25:49.157 PM [TestNG-test-Test-1] INFO  [verifyingDisplaySizeFilterFunctionality] [verifyingDisplaySizeFilterFunctionality]Found the element returning it ,element ->[[ChromeDriver: chrome on windows (fbd99c433b46db1f303e2da7085d98b2)] -> xpath: //span[@class='a-size-base a-color-base puis-bold-weight-text' and text()='Display Size']]
2026-02-19 07:25:49.170 PM [TestNG-test-Test-1] INFO  [verifyingDisplaySizeFilterFunctionality] [verifyingDisplaySizeFilterFunctionality] Successfully scrolled to element: By.xpath: //span[@class='a-size-base a-color-base puis-bold-weight-text' and text()='Display Size']
2026-02-19 07:25:51.171 PM [TestNG-test-Test-1] INFO  [verifyingDisplaySizeFilterFunctionality] [verifyingDisplaySizeFilterFunctionality] Within getMoreButtonByFilterTypeAndName method
2026-02-19 07:25:51.171 PM [TestNG-test-Test-1] INFO  [verifyingDisplaySizeFilterFunctionality] [verifyingDisplaySizeFilterFunctionality] could not find more button
2026-02-19 07:25:52.171 PM [TestNG-test-Test-1] INFO  [verifyingDisplaySizeFilterFunctionality] [verifyingDisplaySizeFilterFunctionality] Capturing screenshot: failed_filter_apply_screenshot-_Filter_Applied_is_Up_to_10___2026-02-19_192552jpg
2026-02-19 07:25:52.427 PM [TestNG-test-Test-1] INFO  [verifyingDisplaySizeFilterFunctionality] [verifyingDisplaySizeFilterFunctionality] Screenshot saved at: test-output/screenshots/Run_2026-02-19_18-35-43/verifyingDisplaySizeFilterFunctionality/failed_filter_apply_screenshot-_Filter_Applied_is_Up_to_10___2026-02-19_192552jpg
2026-02-19 07:25:52.427 PM [TestNG-test-Test-1] INFO  [verifyingDisplaySizeFilterFunctionality] [verifyingDisplaySizeFilterFunctionality] Refrshing the page , while trying to click ->By.xpath: //ul[@id='filter-p_n_g-1004194492091']//span[@class='a-size-base a-color-base' and text()='Up to 10"']
2026-02-19 07:25:53.428 PM [TestNG-test-Test-1] INFO  [verifyingDisplaySizeFilterFunctionality] [verifyingDisplaySizeFilterFunctionality]Skipping click action: Element not clickable after1   attempts
2026-02-19 07:25:53.428 PM [TestNG-test-Test-1] INFO  [verifyingDisplaySizeFilterFunctionality] [verifyingDisplaySizeFilterFunctionality] Within filterOptions loop in applyFilterAndValidateProductsWithResult
2026-02-19 07:25:53.428 PM [TestNG-test-Test-1] INFO  [verifyingDisplaySizeFilterFunctionality] [verifyingDisplaySizeFilterFunctionality] Within safeFindElements 
2026-02-19 07:25:53.437 PM [TestNG-test-Test-1] INFO  [verifyingDisplaySizeFilterFunctionality] [verifyingDisplaySizeFilterFunctionality] Returning the  [[[ChromeDriver: chrome on windows (fbd99c433b46db1f303e2da7085d98b2)] -> xpath: //span[@class='a-size-base a-color-base puis-bold-weight-text' and text()='Display Size']/parent::div/following-sibling::ul//span[@class='a-size-base a-color-base']], [[ChromeDriver: chrome on windows (fbd99c433b46db1f303e2da7085d98b2)] -> xpath: //span[@class='a-size-base a-color-base puis-bold-weight-text' and text()='Display Size']/parent::div/following-sibling::ul//span[@class='a-size-base a-color-base']], [[ChromeDriver: chrome on windows (fbd99c433b46db1f303e2da7085d98b2)] -> xpath: //span[@class='a-size-base a-color-base puis-bold-weight-text' and text()='Display Size']/parent::div/following-sibling::ul//span[@class='a-size-base a-color-base']], [[ChromeDriver: chrome on windows (fbd99c433b46db1f303e2da7085d98b2)] -> xpath: //span[@class='a-size-base a-color-base puis-bold-weight-text' and text()='Display Size']/parent::div/following-sibling::ul//span[@class='a-size-base a-color-base']]] from the safeFindElements method
2026-02-19 07:25:53.437 PM [TestNG-test-Test-1] INFO  [verifyingDisplaySizeFilterFunctionality] [verifyingDisplaySizeFilterFunctionality] Trying to read filter option 1 (attempt 1/3)
2026-02-19 07:25:53.454 PM [TestNG-test-Test-1] INFO  [verifyingDisplaySizeFilterFunctionality] [verifyingDisplaySizeFilterFunctionality] Successfully read filter option 1 = '13" - 14"'
2026-02-19 07:25:53.454 PM [TestNG-test-Test-1] INFO  [verifyingDisplaySizeFilterFunctionality] [verifyingDisplaySizeFilterFunctionality] Within getfilterByTypeAndName method
2026-02-19 07:25:53.454 PM [TestNG-test-Test-1] INFO  [verifyingDisplaySizeFilterFunctionality] [verifyingDisplaySizeFilterFunctionality] Within safeClickBooleanWithScreenShot method
2026-02-19 07:25:53.454 PM [TestNG-test-Test-1] INFO  [verifyingDisplaySizeFilterFunctionality] [verifyingDisplaySizeFilterFunctionality] Within getAppliedfilterByTypeAndName method
2026-02-19 07:25:53.454 PM [TestNG-test-Test-1] INFO  [verifyingDisplaySizeFilterFunctionality] [verifyingDisplaySizeFilterFunctionality] Within smoothScrollToElement method
2026-02-19 07:25:53.454 PM [TestNG-test-Test-1] INFO  [verifyingDisplaySizeFilterFunctionality] [verifyingDisplaySizeFilterFunctionality] Within safeFindElement method
2026-02-19 07:25:53.463 PM [TestNG-test-Test-1] INFO  [verifyingDisplaySizeFilterFunctionality] [verifyingDisplaySizeFilterFunctionality]Found the element returning it ,element ->[[ChromeDriver: chrome on windows (fbd99c433b46db1f303e2da7085d98b2)] -> xpath: //span[@class='a-size-base a-color-base puis-bold-weight-text' and text()='Display Size']]
2026-02-19 07:25:53.469 PM [TestNG-test-Test-1] INFO  [verifyingDisplaySizeFilterFunctionality] [verifyingDisplaySizeFilterFunctionality] Successfully scrolled to element: By.xpath: //span[@class='a-size-base a-color-base puis-bold-weight-text' and text()='Display Size']
2026-02-19 07:25:53.469 PM [TestNG-test-Test-1] INFO  [verifyingDisplaySizeFilterFunctionality] [verifyingDisplaySizeFilterFunctionality] Within getMoreButtonByFilterTypeAndName method
2026-02-19 07:25:53.469 PM [TestNG-test-Test-1] INFO  [verifyingDisplaySizeFilterFunctionality] [verifyingDisplaySizeFilterFunctionality] could not find more button
2026-02-19 07:26:03.718 PM [TestNG-test-Test-1] INFO  [verifyingDisplaySizeFilterFunctionality] [verifyingDisplaySizeFilterFunctionality] Cannot click the button, element ->By.xpath: //ul[@id='filter-p_n_g-1004194492091']//span[@class='a-size-base a-color-base' and text()='13" - 14"']
2026-02-19 07:26:06.210 PM [TestNG-test-Test-1] INFO  [verifyingDisplaySizeFilterFunctionality] [verifyingDisplaySizeFilterFunctionality] Cannot apply filter taking failed screenshot for ->13" - 14"
2026-02-19 07:26:06.210 PM [TestNG-test-Test-1] INFO  [verifyingDisplaySizeFilterFunctionality] [verifyingDisplaySizeFilterFunctionality] Within getAppliedfilterByTypeAndName method
2026-02-19 07:26:06.210 PM [TestNG-test-Test-1] INFO  [verifyingDisplaySizeFilterFunctionality] [verifyingDisplaySizeFilterFunctionality] Within smoothScrollToElement method
2026-02-19 07:26:06.210 PM [TestNG-test-Test-1] INFO  [verifyingDisplaySizeFilterFunctionality] [verifyingDisplaySizeFilterFunctionality] Within safeFindElement method
2026-02-19 07:26:06.237 PM [TestNG-test-Test-1] INFO  [verifyingDisplaySizeFilterFunctionality] [verifyingDisplaySizeFilterFunctionality]Found the element returning it ,element ->[[ChromeDriver: chrome on windows (fbd99c433b46db1f303e2da7085d98b2)] -> xpath: //span[@class='a-size-base a-color-base puis-bold-weight-text' and text()='Display Size']]
2026-02-19 07:26:06.249 PM [TestNG-test-Test-1] INFO  [verifyingDisplaySizeFilterFunctionality] [verifyingDisplaySizeFilterFunctionality] Successfully scrolled to element: By.xpath: //span[@class='a-size-base a-color-base puis-bold-weight-text' and text()='Display Size']
2026-02-19 07:26:08.251 PM [TestNG-test-Test-1] INFO  [verifyingDisplaySizeFilterFunctionality] [verifyingDisplaySizeFilterFunctionality] Within getMoreButtonByFilterTypeAndName method
2026-02-19 07:26:08.251 PM [TestNG-test-Test-1] INFO  [verifyingDisplaySizeFilterFunctionality] [verifyingDisplaySizeFilterFunctionality] could not find more button
2026-02-19 07:26:09.252 PM [TestNG-test-Test-1] INFO  [verifyingDisplaySizeFilterFunctionality] [verifyingDisplaySizeFilterFunctionality] Capturing screenshot: failed_filter_apply_screenshot-_Filter_Applied_is_13_-_14___2026-02-19_192609jpg
2026-02-19 07:26:09.444 PM [TestNG-test-Test-1] INFO  [verifyingDisplaySizeFilterFunctionality] [verifyingDisplaySizeFilterFunctionality] Screenshot saved at: test-output/screenshots/Run_2026-02-19_18-35-43/verifyingDisplaySizeFilterFunctionality/failed_filter_apply_screenshot-_Filter_Applied_is_13_-_14___2026-02-19_192609jpg
2026-02-19 07:26:09.444 PM [TestNG-test-Test-1] INFO  [verifyingDisplaySizeFilterFunctionality] [verifyingDisplaySizeFilterFunctionality] Refrshing the page , while trying to click ->By.xpath: //ul[@id='filter-p_n_g-1004194492091']//span[@class='a-size-base a-color-base' and text()='13" - 14"']
2026-02-19 07:26:10.445 PM [TestNG-test-Test-1] INFO  [verifyingDisplaySizeFilterFunctionality] [verifyingDisplaySizeFilterFunctionality]Skipping click action: Element not clickable after1   attempts
2026-02-19 07:26:10.445 PM [TestNG-test-Test-1] INFO  [verifyingDisplaySizeFilterFunctionality] [verifyingDisplaySizeFilterFunctionality] Within filterOptions loop in applyFilterAndValidateProductsWithResult
2026-02-19 07:26:10.445 PM [TestNG-test-Test-1] INFO  [verifyingDisplaySizeFilterFunctionality] [verifyingDisplaySizeFilterFunctionality] Within safeFindElements 
2026-02-19 07:26:10.481 PM [TestNG-test-Test-1] INFO  [verifyingDisplaySizeFilterFunctionality] [verifyingDisplaySizeFilterFunctionality] Returning the  [[[ChromeDriver: chrome on windows (fbd99c433b46db1f303e2da7085d98b2)] -> xpath: //span[@class='a-size-base a-color-base puis-bold-weight-text' and text()='Display Size']/parent::div/following-sibling::ul//span[@class='a-size-base a-color-base']], [[ChromeDriver: chrome on windows (fbd99c433b46db1f303e2da7085d98b2)] -> xpath: //span[@class='a-size-base a-color-base puis-bold-weight-text' and text()='Display Size']/parent::div/following-sibling::ul//span[@class='a-size-base a-color-base']], [[ChromeDriver: chrome on windows (fbd99c433b46db1f303e2da7085d98b2)] -> xpath: //span[@class='a-size-base a-color-base puis-bold-weight-text' and text()='Display Size']/parent::div/following-sibling::ul//span[@class='a-size-base a-color-base']], [[ChromeDriver: chrome on windows (fbd99c433b46db1f303e2da7085d98b2)] -> xpath: //span[@class='a-size-base a-color-base puis-bold-weight-text' and text()='Display Size']/parent::div/following-sibling::ul//span[@class='a-size-base a-color-base']]] from the safeFindElements method
2026-02-19 07:26:10.481 PM [TestNG-test-Test-1] INFO  [verifyingDisplaySizeFilterFunctionality] [verifyingDisplaySizeFilterFunctionality] Trying to read filter option 2 (attempt 1/3)
2026-02-19 07:26:10.500 PM [TestNG-test-Test-1] INFO  [verifyingDisplaySizeFilterFunctionality] [verifyingDisplaySizeFilterFunctionality] Successfully read filter option 2 = '15" - 16"'
2026-02-19 07:26:10.500 PM [TestNG-test-Test-1] INFO  [verifyingDisplaySizeFilterFunctionality] [verifyingDisplaySizeFilterFunctionality] Within getfilterByTypeAndName method
2026-02-19 07:26:10.500 PM [TestNG-test-Test-1] INFO  [verifyingDisplaySizeFilterFunctionality] [verifyingDisplaySizeFilterFunctionality] Within safeClickBooleanWithScreenShot method
2026-02-19 07:26:10.500 PM [TestNG-test-Test-1] INFO  [verifyingDisplaySizeFilterFunctionality] [verifyingDisplaySizeFilterFunctionality] Within getAppliedfilterByTypeAndName method
2026-02-19 07:26:10.500 PM [TestNG-test-Test-1] INFO  [verifyingDisplaySizeFilterFunctionality] [verifyingDisplaySizeFilterFunctionality] Within smoothScrollToElement method
2026-02-19 07:26:10.500 PM [TestNG-test-Test-1] INFO  [verifyingDisplaySizeFilterFunctionality] [verifyingDisplaySizeFilterFunctionality] Within safeFindElement method
2026-02-19 07:26:10.509 PM [TestNG-test-Test-1] INFO  [verifyingDisplaySizeFilterFunctionality] [verifyingDisplaySizeFilterFunctionality]Found the element returning it ,element ->[[ChromeDriver: chrome on windows (fbd99c433b46db1f303e2da7085d98b2)] -> xpath: //span[@class='a-size-base a-color-base puis-bold-weight-text' and text()='Display Size']]
2026-02-19 07:26:10.514 PM [TestNG-test-Test-1] INFO  [verifyingDisplaySizeFilterFunctionality] [verifyingDisplaySizeFilterFunctionality] Successfully scrolled to element: By.xpath: //span[@class='a-size-base a-color-base puis-bold-weight-text' and text()='Display Size']
2026-02-19 07:26:10.514 PM [TestNG-test-Test-1] INFO  [verifyingDisplaySizeFilterFunctionality] [verifyingDisplaySizeFilterFunctionality] Within getMoreButtonByFilterTypeAndName method
2026-02-19 07:26:10.514 PM [TestNG-test-Test-1] INFO  [verifyingDisplaySizeFilterFunctionality] [verifyingDisplaySizeFilterFunctionality] could not find more button
2026-02-19 07:26:20.743 PM [TestNG-test-Test-1] INFO  [verifyingDisplaySizeFilterFunctionality] [verifyingDisplaySizeFilterFunctionality] Cannot click the button, element ->By.xpath: //ul[@id='filter-p_n_g-1004194492091']//span[@class='a-size-base a-color-base' and text()='15" - 16"']
2026-02-19 07:26:23.141 PM [TestNG-test-Test-1] INFO  [verifyingDisplaySizeFilterFunctionality] [verifyingDisplaySizeFilterFunctionality] Cannot apply filter taking failed screenshot for ->15" - 16"
2026-02-19 07:26:23.141 PM [TestNG-test-Test-1] INFO  [verifyingDisplaySizeFilterFunctionality] [verifyingDisplaySizeFilterFunctionality] Within getAppliedfilterByTypeAndName method
2026-02-19 07:26:23.141 PM [TestNG-test-Test-1] INFO  [verifyingDisplaySizeFilterFunctionality] [verifyingDisplaySizeFilterFunctionality] Within smoothScrollToElement method
2026-02-19 07:26:23.141 PM [TestNG-test-Test-1] INFO  [verifyingDisplaySizeFilterFunctionality] [verifyingDisplaySizeFilterFunctionality] Within safeFindElement method
2026-02-19 07:26:23.181 PM [TestNG-test-Test-1] INFO  [verifyingDisplaySizeFilterFunctionality] [verifyingDisplaySizeFilterFunctionality]Found the element returning it ,element ->[[ChromeDriver: chrome on windows (fbd99c433b46db1f303e2da7085d98b2)] -> xpath: //span[@class='a-size-base a-color-base puis-bold-weight-text' and text()='Display Size']]
2026-02-19 07:26:23.201 PM [TestNG-test-Test-1] INFO  [verifyingDisplaySizeFilterFunctionality] [verifyingDisplaySizeFilterFunctionality] Successfully scrolled to element: By.xpath: //span[@class='a-size-base a-color-base puis-bold-weight-text' and text()='Display Size']
2026-02-19 07:26:25.203 PM [TestNG-test-Test-1] INFO  [verifyingDisplaySizeFilterFunctionality] [verifyingDisplaySizeFilterFunctionality] Within getMoreButtonByFilterTypeAndName method
2026-02-19 07:26:25.203 PM [TestNG-test-Test-1] INFO  [verifyingDisplaySizeFilterFunctionality] [verifyingDisplaySizeFilterFunctionality] could not find more button
2026-02-19 07:26:26.204 PM [TestNG-test-Test-1] INFO  [verifyingDisplaySizeFilterFunctionality] [verifyingDisplaySizeFilterFunctionality] Capturing screenshot: failed_filter_apply_screenshot-_Filter_Applied_is_15_-_16___2026-02-19_192626jpg
2026-02-19 07:26:26.397 PM [TestNG-test-Test-1] INFO  [verifyingDisplaySizeFilterFunctionality] [verifyingDisplaySizeFilterFunctionality] Screenshot saved at: test-output/screenshots/Run_2026-02-19_18-35-43/verifyingDisplaySizeFilterFunctionality/failed_filter_apply_screenshot-_Filter_Applied_is_15_-_16___2026-02-19_192626jpg
2026-02-19 07:26:26.397 PM [TestNG-test-Test-1] INFO  [verifyingDisplaySizeFilterFunctionality] [verifyingDisplaySizeFilterFunctionality] Refrshing the page , while trying to click ->By.xpath: //ul[@id='filter-p_n_g-1004194492091']//span[@class='a-size-base a-color-base' and text()='15" - 16"']
2026-02-19 07:26:27.399 PM [TestNG-test-Test-1] INFO  [verifyingDisplaySizeFilterFunctionality] [verifyingDisplaySizeFilterFunctionality]Skipping click action: Element not clickable after1   attempts
2026-02-19 07:26:27.399 PM [TestNG-test-Test-1] INFO  [verifyingDisplaySizeFilterFunctionality] [verifyingDisplaySizeFilterFunctionality] Within filterOptions loop in applyFilterAndValidateProductsWithResult
2026-02-19 07:26:27.399 PM [TestNG-test-Test-1] INFO  [verifyingDisplaySizeFilterFunctionality] [verifyingDisplaySizeFilterFunctionality] Within safeFindElements 
2026-02-19 07:26:27.409 PM [TestNG-test-Test-1] INFO  [verifyingDisplaySizeFilterFunctionality] [verifyingDisplaySizeFilterFunctionality] Returning the  [[[ChromeDriver: chrome on windows (fbd99c433b46db1f303e2da7085d98b2)] -> xpath: //span[@class='a-size-base a-color-base puis-bold-weight-text' and text()='Display Size']/parent::div/following-sibling::ul//span[@class='a-size-base a-color-base']], [[ChromeDriver: chrome on windows (fbd99c433b46db1f303e2da7085d98b2)] -> xpath: //span[@class='a-size-base a-color-base puis-bold-weight-text' and text()='Display Size']/parent::div/following-sibling::ul//span[@class='a-size-base a-color-base']], [[ChromeDriver: chrome on windows (fbd99c433b46db1f303e2da7085d98b2)] -> xpath: //span[@class='a-size-base a-color-base puis-bold-weight-text' and text()='Display Size']/parent::div/following-sibling::ul//span[@class='a-size-base a-color-base']], [[ChromeDriver: chrome on windows (fbd99c433b46db1f303e2da7085d98b2)] -> xpath: //span[@class='a-size-base a-color-base puis-bold-weight-text' and text()='Display Size']/parent::div/following-sibling::ul//span[@class='a-size-base a-color-base']]] from the safeFindElements method
2026-02-19 07:26:27.409 PM [TestNG-test-Test-1] INFO  [verifyingDisplaySizeFilterFunctionality] [verifyingDisplaySizeFilterFunctionality] Trying to read filter option 3 (attempt 1/3)
2026-02-19 07:26:27.424 PM [TestNG-test-Test-1] INFO  [verifyingDisplaySizeFilterFunctionality] [verifyingDisplaySizeFilterFunctionality] Successfully read filter option 3 = '17" & More'
2026-02-19 07:26:27.424 PM [TestNG-test-Test-1] INFO  [verifyingDisplaySizeFilterFunctionality] [verifyingDisplaySizeFilterFunctionality] Within getfilterByTypeAndName method
2026-02-19 07:26:27.424 PM [TestNG-test-Test-1] INFO  [verifyingDisplaySizeFilterFunctionality] [verifyingDisplaySizeFilterFunctionality] Within safeClickBooleanWithScreenShot method
2026-02-19 07:26:27.424 PM [TestNG-test-Test-1] INFO  [verifyingDisplaySizeFilterFunctionality] [verifyingDisplaySizeFilterFunctionality] Within getAppliedfilterByTypeAndName method
2026-02-19 07:26:27.424 PM [TestNG-test-Test-1] INFO  [verifyingDisplaySizeFilterFunctionality] [verifyingDisplaySizeFilterFunctionality] Within smoothScrollToElement method
2026-02-19 07:26:27.424 PM [TestNG-test-Test-1] INFO  [verifyingDisplaySizeFilterFunctionality] [verifyingDisplaySizeFilterFunctionality] Within safeFindElement method
2026-02-19 07:26:27.432 PM [TestNG-test-Test-1] INFO  [verifyingDisplaySizeFilterFunctionality] [verifyingDisplaySizeFilterFunctionality]Found the element returning it ,element ->[[ChromeDriver: chrome on windows (fbd99c433b46db1f303e2da7085d98b2)] -> xpath: //span[@class='a-size-base a-color-base puis-bold-weight-text' and text()='Display Size']]
2026-02-19 07:26:27.437 PM [TestNG-test-Test-1] INFO  [verifyingDisplaySizeFilterFunctionality] [verifyingDisplaySizeFilterFunctionality] Successfully scrolled to element: By.xpath: //span[@class='a-size-base a-color-base puis-bold-weight-text' and text()='Display Size']
2026-02-19 07:26:27.437 PM [TestNG-test-Test-1] INFO  [verifyingDisplaySizeFilterFunctionality] [verifyingDisplaySizeFilterFunctionality] Within getMoreButtonByFilterTypeAndName method
2026-02-19 07:26:27.437 PM [TestNG-test-Test-1] INFO  [verifyingDisplaySizeFilterFunctionality] [verifyingDisplaySizeFilterFunctionality] could not find more button
2026-02-19 07:26:37.665 PM [TestNG-test-Test-1] INFO  [verifyingDisplaySizeFilterFunctionality] [verifyingDisplaySizeFilterFunctionality] Cannot click the button, element ->By.xpath: //ul[@id='filter-p_n_g-1004194492091']//span[@class='a-size-base a-color-base' and text()='17" & More']
2026-02-19 07:26:39.927 PM [TestNG-test-Test-1] INFO  [verifyingDisplaySizeFilterFunctionality] [verifyingDisplaySizeFilterFunctionality] Cannot apply filter taking failed screenshot for ->17" & More
2026-02-19 07:26:39.927 PM [TestNG-test-Test-1] INFO  [verifyingDisplaySizeFilterFunctionality] [verifyingDisplaySizeFilterFunctionality] Within getAppliedfilterByTypeAndName method
2026-02-19 07:26:39.927 PM [TestNG-test-Test-1] INFO  [verifyingDisplaySizeFilterFunctionality] [verifyingDisplaySizeFilterFunctionality] Within smoothScrollToElement method
2026-02-19 07:26:39.927 PM [TestNG-test-Test-1] INFO  [verifyingDisplaySizeFilterFunctionality] [verifyingDisplaySizeFilterFunctionality] Within safeFindElement method
2026-02-19 07:26:39.941 PM [TestNG-test-Test-1] INFO  [verifyingDisplaySizeFilterFunctionality] [verifyingDisplaySizeFilterFunctionality]Found the element returning it ,element ->[[ChromeDriver: chrome on windows (fbd99c433b46db1f303e2da7085d98b2)] -> xpath: //span[@class='a-size-base a-color-base puis-bold-weight-text' and text()='Display Size']]
2026-02-19 07:26:39.946 PM [TestNG-test-Test-1] INFO  [verifyingDisplaySizeFilterFunctionality] [verifyingDisplaySizeFilterFunctionality] Successfully scrolled to element: By.xpath: //span[@class='a-size-base a-color-base puis-bold-weight-text' and text()='Display Size']
2026-02-19 07:26:41.947 PM [TestNG-test-Test-1] INFO  [verifyingDisplaySizeFilterFunctionality] [verifyingDisplaySizeFilterFunctionality] Within getMoreButtonByFilterTypeAndName method
2026-02-19 07:26:41.947 PM [TestNG-test-Test-1] INFO  [verifyingDisplaySizeFilterFunctionality] [verifyingDisplaySizeFilterFunctionality] could not find more button
2026-02-19 07:26:42.948 PM [TestNG-test-Test-1] INFO  [verifyingDisplaySizeFilterFunctionality] [verifyingDisplaySizeFilterFunctionality] Capturing screenshot: failed_filter_apply_screenshot-_Filter_Applied_is_17_More__2026-02-19_192642jpg
2026-02-19 07:26:43.146 PM [TestNG-test-Test-1] INFO  [verifyingDisplaySizeFilterFunctionality] [verifyingDisplaySizeFilterFunctionality] Screenshot saved at: test-output/screenshots/Run_2026-02-19_18-35-43/verifyingDisplaySizeFilterFunctionality/failed_filter_apply_screenshot-_Filter_Applied_is_17_More__2026-02-19_192642jpg
2026-02-19 07:26:43.146 PM [TestNG-test-Test-1] INFO  [verifyingDisplaySizeFilterFunctionality] [verifyingDisplaySizeFilterFunctionality] Refrshing the page , while trying to click ->By.xpath: //ul[@id='filter-p_n_g-1004194492091']//span[@class='a-size-base a-color-base' and text()='17" & More']
2026-02-19 07:26:44.149 PM [TestNG-test-Test-1] INFO  [verifyingDisplaySizeFilterFunctionality] [verifyingDisplaySizeFilterFunctionality]Skipping click action: Element not clickable after1   attempts
2026-02-19 07:26:44.149 PM [TestNG-test-Test-1] INFO  [verifyingDisplaySizeFilterFunctionality] [verifyingDisplaySizeFilterFunctionality] returning the 'results' i.e list of Maps
2026-02-19 07:26:44.149 PM [TestNG-test-Test-1] INFO  [verifyingDisplaySizeFilterFunctionality] [verifyingDisplaySizeFilterFunctionality]  Final assertion for display size filter validation starting...
2026-02-19 07:26:44.153 PM [TestNG-test-Test-1] INFO  [verifyingDisplaySizeFilterFunctionality] ✅ Finished test method: verifyingDisplaySizeFilterFunctionality
2026-02-19 07:26:44.456 PM [TestNG-test-Test-1] INFO  [verifyingDisplaySizeFilterFunctionality] 🔹 Starting test method: verifyingDisplaySizeFilterFunctionality
2026-02-19 07:26:44.456 PM [TestNG-test-Test-1] INFO  [verifyingDisplaySizeFilterFunctionality] No existing WebDriver found for current thread. Initializing a new ChromeDriver...
2026-02-19 07:26:44.465 PM [TestNG-test-Test-1] INFO  [verifyingDisplaySizeFilterFunctionality] WebDriverManager: chromedriver setup OK
2026-02-19 07:26:45.705 PM [TestNG-test-Test-1] INFO  [verifyingDisplaySizeFilterFunctionality] ChromeDriver initialized successfully for thread: 34
2026-02-19 07:26:46.206 PM [TestNG-test-Test-1] INFO  [verifyingDisplaySizeFilterFunctionality] [verifyingDisplaySizeFilterFunctionality] Opening amazon Landing page
2026-02-19 07:26:46.206 PM [TestNG-test-Test-1] INFO  [verifyingDisplaySizeFilterFunctionality] [verifyingDisplaySizeFilterFunctionality] Within safeFindElement method
2026-02-19 07:26:56.372 PM [TestNG-test-Test-1] INFO  [verifyingDisplaySizeFilterFunctionality] [verifyingDisplaySizeFilterFunctionality]Retrying findElement for: ->By.xpath: //a[@id='nav-logo-sprites']
2026-02-19 07:26:56.508 PM [TestNG-test-Test-1] INFO  [verifyingDisplaySizeFilterFunctionality] [verifyingDisplaySizeFilterFunctionality]Refrehsing the page , while trying to safely find : ->By.xpath: //a[@id='nav-logo-sprites']
2026-02-19 07:27:07.761 PM [TestNG-test-Test-1] INFO  [verifyingDisplaySizeFilterFunctionality] [verifyingDisplaySizeFilterFunctionality]Retrying findElement for: ->By.xpath: //a[@id='nav-logo-sprites']
2026-02-19 07:27:07.892 PM [TestNG-test-Test-1] INFO  [verifyingDisplaySizeFilterFunctionality] [verifyingDisplaySizeFilterFunctionality]Refrehsing the page , while trying to safely find : ->By.xpath: //a[@id='nav-logo-sprites']
2026-02-19 07:27:08.892 PM [TestNG-test-Test-1] INFO  [verifyingDisplaySizeFilterFunctionality] [verifyingDisplaySizeFilterFunctionality] Skipping action: Element not found after 2   attemps
2026-02-19 07:27:13.146 PM [TestNG-test-Test-1] INFO  [verifyingDisplaySizeFilterFunctionality] [verifyingDisplaySizeFilterFunctionality] Giving input within the search bar
2026-02-19 07:27:13.147 PM [TestNG-test-Test-1] INFO  [verifyingDisplaySizeFilterFunctionality] [verifyingDisplaySizeFilterFunctionality] Within safeClick method
2026-02-19 07:27:14.598 PM [TestNG-test-Test-1] INFO  [verifyingDisplaySizeFilterFunctionality] [verifyingDisplaySizeFilterFunctionality] Clicked the  [[ChromeDriver: chrome on windows (002e5e2f3001d8ad32f0c835da9494bb)] -> xpath: //input[@id='nav-search-submit-button']]   using safeClick
2026-02-19 07:27:14.598 PM [TestNG-test-Test-1] INFO  [verifyingDisplaySizeFilterFunctionality] [verifyingDisplaySizeFilterFunctionality] Clicking on the submit in the search bar
2026-02-19 07:27:14.681 PM [TestNG-test-Test-1] INFO  [verifyingDisplaySizeFilterFunctionality] [verifyingDisplaySizeFilterFunctionality] Within filterCheckUnderList method
2026-02-19 07:27:14.842 PM [TestNG-test-Test-1] INFO  [verifyingDisplaySizeFilterFunctionality] [verifyingDisplaySizeFilterFunctionality] Filter option does not exist within the filter check List
2026-02-19 07:27:14.842 PM [TestNG-test-Test-1] WARN  [verifyingDisplaySizeFilterFunctionality] [verifyingDisplaySizeFilterFunctionality]  Filter option 'Display Size' does not exist in the list. Skipping the test.
2026-02-19 07:27:14.848 PM [TestNG-test-Test-1] INFO  [verifyingDisplaySizeFilterFunctionality] ✅ Finished test method: verifyingDisplaySizeFilterFunctionality
