2026-02-19 07:46:43.240 PM [TestNG-test-Test-1] INFO  [verifyingGetItByTodayFilterFunctionality] 🔹 Starting test method: verifyingGetItByTodayFilterFunctionality
2026-02-19 07:46:43.247 PM [TestNG-test-Test-1] INFO  [verifyingGetItByTodayFilterFunctionality] No existing WebDriver found for current thread. Initializing a new ChromeDriver...
2026-02-19 07:46:43.256 PM [TestNG-test-Test-1] INFO  [verifyingGetItByTodayFilterFunctionality] WebDriverManager: chromedriver setup OK
2026-02-19 07:46:44.255 PM [TestNG-test-Test-1] INFO  [verifyingGetItByTodayFilterFunctionality] ChromeDriver initialized successfully for thread: 34
2026-02-19 07:46:45.035 PM [TestNG-test-Test-1] INFO  [verifyingGetItByTodayFilterFunctionality] [verifyingGetItByTodayFilterFunctionality] Opening amazon Landing page
2026-02-19 07:46:45.036 PM [TestNG-test-Test-1] INFO  [verifyingGetItByTodayFilterFunctionality] [verifyingGetItByTodayFilterFunctionality] Within safeFindElement method
2026-02-19 07:46:55.235 PM [TestNG-test-Test-1] INFO  [verifyingGetItByTodayFilterFunctionality] [verifyingGetItByTodayFilterFunctionality]Retrying findElement for: ->By.xpath: //a[@id='nav-logo-sprites']
2026-02-19 07:46:55.364 PM [TestNG-test-Test-1] INFO  [verifyingGetItByTodayFilterFunctionality] [verifyingGetItByTodayFilterFunctionality]Refrehsing the page , while trying to safely find : ->By.xpath: //a[@id='nav-logo-sprites']
2026-02-19 07:47:06.526 PM [TestNG-test-Test-1] INFO  [verifyingGetItByTodayFilterFunctionality] [verifyingGetItByTodayFilterFunctionality]Retrying findElement for: ->By.xpath: //a[@id='nav-logo-sprites']
2026-02-19 07:47:06.654 PM [TestNG-test-Test-1] INFO  [verifyingGetItByTodayFilterFunctionality] [verifyingGetItByTodayFilterFunctionality]Refrehsing the page , while trying to safely find : ->By.xpath: //a[@id='nav-logo-sprites']
2026-02-19 07:47:07.654 PM [TestNG-test-Test-1] INFO  [verifyingGetItByTodayFilterFunctionality] [verifyingGetItByTodayFilterFunctionality] Skipping action: Element not found after 2   attemps
2026-02-19 07:47:11.822 PM [TestNG-test-Test-1] INFO  [verifyingGetItByTodayFilterFunctionality] [verifyingGetItByTodayFilterFunctionality] Giving input within the search bar
2026-02-19 07:47:11.822 PM [TestNG-test-Test-1] INFO  [verifyingGetItByTodayFilterFunctionality] [verifyingGetItByTodayFilterFunctionality] Within safeClick method
2026-02-19 07:47:13.877 PM [TestNG-test-Test-1] INFO  [verifyingGetItByTodayFilterFunctionality] [verifyingGetItByTodayFilterFunctionality] Clicked the  [[ChromeDriver: chrome on windows (d3c5093a2a591a61bdd63da38b073922)] -> xpath: //input[@id='nav-search-submit-button']]   using safeClick
2026-02-19 07:47:13.877 PM [TestNG-test-Test-1] INFO  [verifyingGetItByTodayFilterFunctionality] [verifyingGetItByTodayFilterFunctionality] Clicking on the submit in the search bar
2026-02-19 07:47:14.072 PM [TestNG-test-Test-1] INFO  [verifyingGetItByTodayFilterFunctionality] [verifyingGetItByTodayFilterFunctionality] Waiting until element is visible in viewport
2026-02-19 07:47:14.096 PM [TestNG-test-Test-1] INFO  [verifyingGetItByTodayFilterFunctionality] [verifyingGetItByTodayFilterFunctionality] Within validateDeliveryFilterOptionsWithResult method
2026-02-19 07:47:14.096 PM [TestNG-test-Test-1] INFO  [verifyingGetItByTodayFilterFunctionality] [verifyingGetItByTodayFilterFunctionality] Within safeClick method
2026-02-19 07:47:14.297 PM [TestNG-test-Test-1] INFO  [verifyingGetItByTodayFilterFunctionality] [verifyingGetItByTodayFilterFunctionality] Clicked the  [[ChromeDriver: chrome on windows (d3c5093a2a591a61bdd63da38b073922)] -> xpath: //span[@class='a-size-base a-color-base puis-bold-weight-text' and text()='Delivery Day']/parent::div/following-sibling::ul//span[@class='a-size-base a-color-base' and text()='Get It Today']]   using safeClick
2026-02-19 07:47:16.300 PM [TestNG-test-Test-1] INFO  [verifyingGetItByTodayFilterFunctionality] [verifyingGetItByTodayFilterFunctionality] Within getMoreButtonByFilterTypeAndName method
2026-02-19 07:47:16.301 PM [TestNG-test-Test-1] INFO  [verifyingGetItByTodayFilterFunctionality] [verifyingGetItByTodayFilterFunctionality] Capturing screenshot: Filter_Applied_is_Get_It_By_Today__2026-02-19_194716jpg
2026-02-19 07:47:16.500 PM [TestNG-test-Test-1] INFO  [verifyingGetItByTodayFilterFunctionality] [verifyingGetItByTodayFilterFunctionality] Screenshot saved at: test-output/screenshots/Run_2026-02-19_18-35-43/verifyingGetItByTodayFilterFunctionality/Filter_Applied_is_Get_It_By_Today__2026-02-19_194716jpg
2026-02-19 07:47:16.500 PM [TestNG-test-Test-1] INFO  [verifyingGetItByTodayFilterFunctionality] [verifyingGetItByTodayFilterFunctionality] Clicked on By.xpath: //span[@class='a-size-base a-color-base puis-bold-weight-text' and text()='Delivery Day']/parent::div/following-sibling::ul//span[@class='a-size-base a-color-base' and text()='Get It Today']
2026-02-19 07:47:18.502 PM [TestNG-test-Test-1] INFO  [verifyingGetItByTodayFilterFunctionality] [verifyingGetItByTodayFilterFunctionality] Within safeFindElements 
2026-02-19 07:47:18.515 PM [TestNG-test-Test-1] INFO  [verifyingGetItByTodayFilterFunctionality] [verifyingGetItByTodayFilterFunctionality] Returning the  [[[ChromeDriver: chrome on windows (d3c5093a2a591a61bdd63da38b073922)] -> xpath: //div[@class='a-section a-spacing-small a-spacing-top-small']], [[ChromeDriver: chrome on windows (d3c5093a2a591a61bdd63da38b073922)] -> xpath: //div[@class='a-section a-spacing-small a-spacing-top-small']], [[ChromeDriver: chrome on windows (d3c5093a2a591a61bdd63da38b073922)] -> xpath: //div[@class='a-section a-spacing-small a-spacing-top-small']], [[ChromeDriver: chrome on windows (d3c5093a2a591a61bdd63da38b073922)] -> xpath: //div[@class='a-section a-spacing-small a-spacing-top-small']], [[ChromeDriver: chrome on windows (d3c5093a2a591a61bdd63da38b073922)] -> xpath: //div[@class='a-section a-spacing-small a-spacing-top-small']], [[ChromeDriver: chrome on windows (d3c5093a2a591a61bdd63da38b073922)] -> xpath: //div[@class='a-section a-spacing-small a-spacing-top-small']], [[ChromeDriver: chrome on windows (d3c5093a2a591a61bdd63da38b073922)] -> xpath: //div[@class='a-section a-spacing-small a-spacing-top-small']], [[ChromeDriver: chrome on windows (d3c5093a2a591a61bdd63da38b073922)] -> xpath: //div[@class='a-section a-spacing-small a-spacing-top-small']], [[ChromeDriver: chrome on windows (d3c5093a2a591a61bdd63da38b073922)] -> xpath: //div[@class='a-section a-spacing-small a-spacing-top-small']], [[ChromeDriver: chrome on windows (d3c5093a2a591a61bdd63da38b073922)] -> xpath: //div[@class='a-section a-spacing-small a-spacing-top-small']], [[ChromeDriver: chrome on windows (d3c5093a2a591a61bdd63da38b073922)] -> xpath: //div[@class='a-section a-spacing-small a-spacing-top-small']], [[ChromeDriver: chrome on windows (d3c5093a2a591a61bdd63da38b073922)] -> xpath: //div[@class='a-section a-spacing-small a-spacing-top-small']], [[ChromeDriver: chrome on windows (d3c5093a2a591a61bdd63da38b073922)] -> xpath: //div[@class='a-section a-spacing-small a-spacing-top-small']], [[ChromeDriver: chrome on windows (d3c5093a2a591a61bdd63da38b073922)] -> xpath: //div[@class='a-section a-spacing-small a-spacing-top-small']], [[ChromeDriver: chrome on windows (d3c5093a2a591a61bdd63da38b073922)] -> xpath: //div[@class='a-section a-spacing-small a-spacing-top-small']], [[ChromeDriver: chrome on windows (d3c5093a2a591a61bdd63da38b073922)] -> xpath: //div[@class='a-section a-spacing-small a-spacing-top-small']]] from the safeFindElements method
2026-02-19 07:47:18.528 PM [TestNG-test-Test-1] INFO  [verifyingGetItByTodayFilterFunctionality] [verifyingGetItByTodayFilterFunctionality] Created hashset with required data to assert with Within validateDeliveryFilterOptions method
2026-02-19 07:47:18.528 PM [TestNG-test-Test-1] INFO  [verifyingGetItByTodayFilterFunctionality] [verifyingGetItByTodayFilterFunctionality] this is the set  [Thu, Feb, Today, 19, Fri, Tomorrow, 20]
2026-02-19 07:47:18.528 PM [TestNG-test-Test-1] INFO  [verifyingGetItByTodayFilterFunctionality] [verifyingGetItByTodayFilterFunctionality] Within deliveryElements loop iterating over the products  Within validateDeliveryFilterOptions method
2026-02-19 07:47:18.558 PM [TestNG-test-Test-1] INFO  [verifyingGetItByTodayFilterFunctionality] [verifyingGetItByTodayFilterFunctionality] Checking if the allowedDateParts have the assert text   Within validateDeliveryFilterOptions method
2026-02-19 07:47:18.560 PM [TestNG-test-Test-1] INFO  [verifyingGetItByTodayFilterFunctionality] [verifyingGetItByTodayFilterFunctionality] Within deliveryElements loop iterating over the products  Within validateDeliveryFilterOptions method
2026-02-19 07:47:18.585 PM [TestNG-test-Test-1] INFO  [verifyingGetItByTodayFilterFunctionality] [verifyingGetItByTodayFilterFunctionality] Checking if the allowedDateParts have the assert text   Within validateDeliveryFilterOptions method
2026-02-19 07:47:18.585 PM [TestNG-test-Test-1] INFO  [verifyingGetItByTodayFilterFunctionality] [verifyingGetItByTodayFilterFunctionality] Within deliveryElements loop iterating over the products  Within validateDeliveryFilterOptions method
2026-02-19 07:47:18.610 PM [TestNG-test-Test-1] INFO  [verifyingGetItByTodayFilterFunctionality] [verifyingGetItByTodayFilterFunctionality] Checking if the allowedDateParts have the assert text   Within validateDeliveryFilterOptions method
2026-02-19 07:47:18.610 PM [TestNG-test-Test-1] INFO  [verifyingGetItByTodayFilterFunctionality] [verifyingGetItByTodayFilterFunctionality] Within deliveryElements loop iterating over the products  Within validateDeliveryFilterOptions method
2026-02-19 07:47:18.637 PM [TestNG-test-Test-1] INFO  [verifyingGetItByTodayFilterFunctionality] [verifyingGetItByTodayFilterFunctionality] Checking if the allowedDateParts have the assert text   Within validateDeliveryFilterOptions method
2026-02-19 07:47:18.637 PM [TestNG-test-Test-1] INFO  [verifyingGetItByTodayFilterFunctionality] [verifyingGetItByTodayFilterFunctionality] Within deliveryElements loop iterating over the products  Within validateDeliveryFilterOptions method
2026-02-19 07:47:18.660 PM [TestNG-test-Test-1] INFO  [verifyingGetItByTodayFilterFunctionality] [verifyingGetItByTodayFilterFunctionality] Checking if the allowedDateParts have the assert text   Within validateDeliveryFilterOptions method
2026-02-19 07:47:18.660 PM [TestNG-test-Test-1] INFO  [verifyingGetItByTodayFilterFunctionality] [verifyingGetItByTodayFilterFunctionality] Within deliveryElements loop iterating over the products  Within validateDeliveryFilterOptions method
2026-02-19 07:47:18.685 PM [TestNG-test-Test-1] INFO  [verifyingGetItByTodayFilterFunctionality] [verifyingGetItByTodayFilterFunctionality] Checking if the allowedDateParts have the assert text   Within validateDeliveryFilterOptions method
2026-02-19 07:47:18.685 PM [TestNG-test-Test-1] INFO  [verifyingGetItByTodayFilterFunctionality] [verifyingGetItByTodayFilterFunctionality] Within deliveryElements loop iterating over the products  Within validateDeliveryFilterOptions method
2026-02-19 07:47:18.710 PM [TestNG-test-Test-1] INFO  [verifyingGetItByTodayFilterFunctionality] [verifyingGetItByTodayFilterFunctionality] Checking if the allowedDateParts have the assert text   Within validateDeliveryFilterOptions method
2026-02-19 07:47:18.710 PM [TestNG-test-Test-1] INFO  [verifyingGetItByTodayFilterFunctionality] [verifyingGetItByTodayFilterFunctionality] Within deliveryElements loop iterating over the products  Within validateDeliveryFilterOptions method
2026-02-19 07:47:18.736 PM [TestNG-test-Test-1] INFO  [verifyingGetItByTodayFilterFunctionality] [verifyingGetItByTodayFilterFunctionality] Checking if the allowedDateParts have the assert text   Within validateDeliveryFilterOptions method
2026-02-19 07:47:18.736 PM [TestNG-test-Test-1] INFO  [verifyingGetItByTodayFilterFunctionality] [verifyingGetItByTodayFilterFunctionality] Within deliveryElements loop iterating over the products  Within validateDeliveryFilterOptions method
2026-02-19 07:47:18.761 PM [TestNG-test-Test-1] INFO  [verifyingGetItByTodayFilterFunctionality] [verifyingGetItByTodayFilterFunctionality] Checking if the allowedDateParts have the assert text   Within validateDeliveryFilterOptions method
2026-02-19 07:47:18.761 PM [TestNG-test-Test-1] INFO  [verifyingGetItByTodayFilterFunctionality] [verifyingGetItByTodayFilterFunctionality] Within deliveryElements loop iterating over the products  Within validateDeliveryFilterOptions method
2026-02-19 07:47:18.790 PM [TestNG-test-Test-1] INFO  [verifyingGetItByTodayFilterFunctionality] [verifyingGetItByTodayFilterFunctionality] Checking if the allowedDateParts have the assert text   Within validateDeliveryFilterOptions method
2026-02-19 07:47:18.790 PM [TestNG-test-Test-1] INFO  [verifyingGetItByTodayFilterFunctionality] [verifyingGetItByTodayFilterFunctionality] Within deliveryElements loop iterating over the products  Within validateDeliveryFilterOptions method
2026-02-19 07:47:18.813 PM [TestNG-test-Test-1] INFO  [verifyingGetItByTodayFilterFunctionality] [verifyingGetItByTodayFilterFunctionality] Checking if the allowedDateParts have the assert text   Within validateDeliveryFilterOptions method
2026-02-19 07:47:18.813 PM [TestNG-test-Test-1] INFO  [verifyingGetItByTodayFilterFunctionality] [verifyingGetItByTodayFilterFunctionality] Within deliveryElements loop iterating over the products  Within validateDeliveryFilterOptions method
2026-02-19 07:47:18.838 PM [TestNG-test-Test-1] INFO  [verifyingGetItByTodayFilterFunctionality] [verifyingGetItByTodayFilterFunctionality] Checking if the allowedDateParts have the assert text   Within validateDeliveryFilterOptions method
2026-02-19 07:47:18.838 PM [TestNG-test-Test-1] INFO  [verifyingGetItByTodayFilterFunctionality] [verifyingGetItByTodayFilterFunctionality] Within deliveryElements loop iterating over the products  Within validateDeliveryFilterOptions method
2026-02-19 07:47:18.863 PM [TestNG-test-Test-1] INFO  [verifyingGetItByTodayFilterFunctionality] [verifyingGetItByTodayFilterFunctionality] Checking if the allowedDateParts have the assert text   Within validateDeliveryFilterOptions method
2026-02-19 07:47:18.863 PM [TestNG-test-Test-1] INFO  [verifyingGetItByTodayFilterFunctionality] [verifyingGetItByTodayFilterFunctionality] Within deliveryElements loop iterating over the products  Within validateDeliveryFilterOptions method
2026-02-19 07:47:18.894 PM [TestNG-test-Test-1] INFO  [verifyingGetItByTodayFilterFunctionality] [verifyingGetItByTodayFilterFunctionality] Checking if the allowedDateParts have the assert text   Within validateDeliveryFilterOptions method
2026-02-19 07:47:18.895 PM [TestNG-test-Test-1] INFO  [verifyingGetItByTodayFilterFunctionality] [verifyingGetItByTodayFilterFunctionality] Within deliveryElements loop iterating over the products  Within validateDeliveryFilterOptions method
2026-02-19 07:47:18.920 PM [TestNG-test-Test-1] INFO  [verifyingGetItByTodayFilterFunctionality] [verifyingGetItByTodayFilterFunctionality] Checking if the allowedDateParts have the assert text   Within validateDeliveryFilterOptions method
2026-02-19 07:47:18.921 PM [TestNG-test-Test-1] INFO  [verifyingGetItByTodayFilterFunctionality] [verifyingGetItByTodayFilterFunctionality] Within deliveryElements loop iterating over the products  Within validateDeliveryFilterOptions method
2026-02-19 07:47:18.945 PM [TestNG-test-Test-1] INFO  [verifyingGetItByTodayFilterFunctionality] [verifyingGetItByTodayFilterFunctionality] Checking if the allowedDateParts have the assert text   Within validateDeliveryFilterOptions method
2026-02-19 07:47:18.945 PM [TestNG-test-Test-1] INFO  [verifyingGetItByTodayFilterFunctionality] [verifyingGetItByTodayFilterFunctionality] Returning the list with boolean values   Within validateDeliveryFilterOptions method
2026-02-19 07:47:18.945 PM [TestNG-test-Test-1] INFO  [verifyingGetItByTodayFilterFunctionality] [verifyingGetItByTodayFilterFunctionality] Asserting delivery filter: isValid=true, index=-1, text=All the things are valid no errors
2026-02-19 07:47:18.952 PM [TestNG-test-Test-1] INFO  [verifyingGetItByTodayFilterFunctionality] ✅ Finished test method: verifyingGetItByTodayFilterFunctionality
2026-02-19 07:47:19.210 PM [TestNG-test-Test-1] INFO  [verifyingGetItByTodayFilterFunctionality] 🔹 Starting test method: verifyingGetItByTodayFilterFunctionality
2026-02-19 07:47:19.210 PM [TestNG-test-Test-1] INFO  [verifyingGetItByTodayFilterFunctionality] No existing WebDriver found for current thread. Initializing a new ChromeDriver...
2026-02-19 07:47:19.220 PM [TestNG-test-Test-1] INFO  [verifyingGetItByTodayFilterFunctionality] WebDriverManager: chromedriver setup OK
2026-02-19 07:47:20.568 PM [TestNG-test-Test-1] INFO  [verifyingGetItByTodayFilterFunctionality] ChromeDriver initialized successfully for thread: 34
2026-02-19 07:47:21.083 PM [TestNG-test-Test-1] INFO  [verifyingGetItByTodayFilterFunctionality] [verifyingGetItByTodayFilterFunctionality] Opening amazon Landing page
2026-02-19 07:47:21.083 PM [TestNG-test-Test-1] INFO  [verifyingGetItByTodayFilterFunctionality] [verifyingGetItByTodayFilterFunctionality] Within safeFindElement method
2026-02-19 07:47:31.269 PM [TestNG-test-Test-1] INFO  [verifyingGetItByTodayFilterFunctionality] [verifyingGetItByTodayFilterFunctionality]Retrying findElement for: ->By.xpath: //a[@id='nav-logo-sprites']
2026-02-19 07:47:31.398 PM [TestNG-test-Test-1] INFO  [verifyingGetItByTodayFilterFunctionality] [verifyingGetItByTodayFilterFunctionality]Refrehsing the page , while trying to safely find : ->By.xpath: //a[@id='nav-logo-sprites']
2026-02-19 07:47:42.588 PM [TestNG-test-Test-1] INFO  [verifyingGetItByTodayFilterFunctionality] [verifyingGetItByTodayFilterFunctionality]Retrying findElement for: ->By.xpath: //a[@id='nav-logo-sprites']
2026-02-19 07:47:42.798 PM [TestNG-test-Test-1] INFO  [verifyingGetItByTodayFilterFunctionality] [verifyingGetItByTodayFilterFunctionality]Refrehsing the page , while trying to safely find : ->By.xpath: //a[@id='nav-logo-sprites']
2026-02-19 07:47:43.799 PM [TestNG-test-Test-1] INFO  [verifyingGetItByTodayFilterFunctionality] [verifyingGetItByTodayFilterFunctionality] Skipping action: Element not found after 2   attemps
2026-02-19 07:47:47.980 PM [TestNG-test-Test-1] INFO  [verifyingGetItByTodayFilterFunctionality] [verifyingGetItByTodayFilterFunctionality] Giving input within the search bar
2026-02-19 07:47:47.980 PM [TestNG-test-Test-1] INFO  [verifyingGetItByTodayFilterFunctionality] [verifyingGetItByTodayFilterFunctionality] Within safeClick method
2026-02-19 07:47:49.731 PM [TestNG-test-Test-1] INFO  [verifyingGetItByTodayFilterFunctionality] [verifyingGetItByTodayFilterFunctionality] Clicked the  [[ChromeDriver: chrome on windows (ce608841aa4e054741bcc92b47834ed7)] -> xpath: //input[@id='nav-search-submit-button']]   using safeClick
2026-02-19 07:47:49.731 PM [TestNG-test-Test-1] INFO  [verifyingGetItByTodayFilterFunctionality] [verifyingGetItByTodayFilterFunctionality] Clicking on the submit in the search bar
2026-02-19 07:47:49.881 PM [TestNG-test-Test-1] INFO  [verifyingGetItByTodayFilterFunctionality] [verifyingGetItByTodayFilterFunctionality] Waiting until element is visible in viewport
2026-02-19 07:48:00.158 PM [TestNG-test-Test-1] WARN  [verifyingGetItByTodayFilterFunctionality] [verifyingGetItByTodayFilterFunctionality]  Filter option 'Get It Today' does not exist. Skipping the test.
2026-02-19 07:48:00.162 PM [TestNG-test-Test-1] INFO  [verifyingGetItByTodayFilterFunctionality] ✅ Finished test method: verifyingGetItByTodayFilterFunctionality
2026-02-19 07:48:00.410 PM [TestNG-test-Test-1] INFO  [verifyingGetItByTodayFilterFunctionality] 🔹 Starting test method: verifyingGetItByTodayFilterFunctionality
2026-02-19 07:48:00.410 PM [TestNG-test-Test-1] INFO  [verifyingGetItByTodayFilterFunctionality] No existing WebDriver found for current thread. Initializing a new ChromeDriver...
2026-02-19 07:48:00.423 PM [TestNG-test-Test-1] INFO  [verifyingGetItByTodayFilterFunctionality] WebDriverManager: chromedriver setup OK
2026-02-19 07:48:01.590 PM [TestNG-test-Test-1] INFO  [verifyingGetItByTodayFilterFunctionality] ChromeDriver initialized successfully for thread: 34
2026-02-19 07:48:02.096 PM [TestNG-test-Test-1] INFO  [verifyingGetItByTodayFilterFunctionality] [verifyingGetItByTodayFilterFunctionality] Opening amazon Landing page
2026-02-19 07:48:02.097 PM [TestNG-test-Test-1] INFO  [verifyingGetItByTodayFilterFunctionality] [verifyingGetItByTodayFilterFunctionality] Within safeFindElement method
2026-02-19 07:48:12.260 PM [TestNG-test-Test-1] INFO  [verifyingGetItByTodayFilterFunctionality] [verifyingGetItByTodayFilterFunctionality]Retrying findElement for: ->By.xpath: //a[@id='nav-logo-sprites']
2026-02-19 07:48:12.389 PM [TestNG-test-Test-1] INFO  [verifyingGetItByTodayFilterFunctionality] [verifyingGetItByTodayFilterFunctionality]Refrehsing the page , while trying to safely find : ->By.xpath: //a[@id='nav-logo-sprites']
2026-02-19 07:48:23.562 PM [TestNG-test-Test-1] INFO  [verifyingGetItByTodayFilterFunctionality] [verifyingGetItByTodayFilterFunctionality]Retrying findElement for: ->By.xpath: //a[@id='nav-logo-sprites']
2026-02-19 07:48:23.726 PM [TestNG-test-Test-1] INFO  [verifyingGetItByTodayFilterFunctionality] [verifyingGetItByTodayFilterFunctionality]Refrehsing the page , while trying to safely find : ->By.xpath: //a[@id='nav-logo-sprites']
2026-02-19 07:48:24.728 PM [TestNG-test-Test-1] INFO  [verifyingGetItByTodayFilterFunctionality] [verifyingGetItByTodayFilterFunctionality] Skipping action: Element not found after 2   attemps
2026-02-19 07:48:25.193 PM [TestNG-test-Test-1] INFO  [verifyingGetItByTodayFilterFunctionality] [verifyingGetItByTodayFilterFunctionality] Giving input within the search bar
2026-02-19 07:48:25.193 PM [TestNG-test-Test-1] INFO  [verifyingGetItByTodayFilterFunctionality] [verifyingGetItByTodayFilterFunctionality] Within safeClick method
2026-02-19 07:48:26.726 PM [TestNG-test-Test-1] INFO  [verifyingGetItByTodayFilterFunctionality] [verifyingGetItByTodayFilterFunctionality] Clicked the  [[ChromeDriver: chrome on windows (49a7c768f5098c00c574da3ec530e079)] -> xpath: //input[@id='nav-search-submit-button']]   using safeClick
2026-02-19 07:48:26.726 PM [TestNG-test-Test-1] INFO  [verifyingGetItByTodayFilterFunctionality] [verifyingGetItByTodayFilterFunctionality] Clicking on the submit in the search bar
2026-02-19 07:48:26.810 PM [TestNG-test-Test-1] INFO  [verifyingGetItByTodayFilterFunctionality] [verifyingGetItByTodayFilterFunctionality] Waiting until element is visible in viewport
2026-02-19 07:48:26.846 PM [TestNG-test-Test-1] INFO  [verifyingGetItByTodayFilterFunctionality] [verifyingGetItByTodayFilterFunctionality] Within validateDeliveryFilterOptionsWithResult method
2026-02-19 07:48:26.846 PM [TestNG-test-Test-1] INFO  [verifyingGetItByTodayFilterFunctionality] [verifyingGetItByTodayFilterFunctionality] Within safeClick method
2026-02-19 07:48:27.025 PM [TestNG-test-Test-1] INFO  [verifyingGetItByTodayFilterFunctionality] [verifyingGetItByTodayFilterFunctionality] Clicked the  [[ChromeDriver: chrome on windows (49a7c768f5098c00c574da3ec530e079)] -> xpath: //span[@class='a-size-base a-color-base puis-bold-weight-text' and text()='Delivery Day']/parent::div/following-sibling::ul//span[@class='a-size-base a-color-base' and text()='Get It Today']]   using safeClick
2026-02-19 07:48:29.027 PM [TestNG-test-Test-1] INFO  [verifyingGetItByTodayFilterFunctionality] [verifyingGetItByTodayFilterFunctionality] Within getMoreButtonByFilterTypeAndName method
2026-02-19 07:48:29.028 PM [TestNG-test-Test-1] INFO  [verifyingGetItByTodayFilterFunctionality] [verifyingGetItByTodayFilterFunctionality] Capturing screenshot: Filter_Applied_is_Get_It_By_Today__2026-02-19_194829jpg
2026-02-19 07:48:29.212 PM [TestNG-test-Test-1] INFO  [verifyingGetItByTodayFilterFunctionality] [verifyingGetItByTodayFilterFunctionality] Screenshot saved at: test-output/screenshots/Run_2026-02-19_18-35-43/verifyingGetItByTodayFilterFunctionality/Filter_Applied_is_Get_It_By_Today__2026-02-19_194829jpg
2026-02-19 07:48:29.212 PM [TestNG-test-Test-1] INFO  [verifyingGetItByTodayFilterFunctionality] [verifyingGetItByTodayFilterFunctionality] Clicked on By.xpath: //span[@class='a-size-base a-color-base puis-bold-weight-text' and text()='Delivery Day']/parent::div/following-sibling::ul//span[@class='a-size-base a-color-base' and text()='Get It Today']
2026-02-19 07:48:31.213 PM [TestNG-test-Test-1] INFO  [verifyingGetItByTodayFilterFunctionality] [verifyingGetItByTodayFilterFunctionality] Within safeFindElements 
2026-02-19 07:48:31.224 PM [TestNG-test-Test-1] INFO  [verifyingGetItByTodayFilterFunctionality] [verifyingGetItByTodayFilterFunctionality] Returning the  [[[ChromeDriver: chrome on windows (49a7c768f5098c00c574da3ec530e079)] -> xpath: //div[@class='a-section a-spacing-small a-spacing-top-small']], [[ChromeDriver: chrome on windows (49a7c768f5098c00c574da3ec530e079)] -> xpath: //div[@class='a-section a-spacing-small a-spacing-top-small']], [[ChromeDriver: chrome on windows (49a7c768f5098c00c574da3ec530e079)] -> xpath: //div[@class='a-section a-spacing-small a-spacing-top-small']], [[ChromeDriver: chrome on windows (49a7c768f5098c00c574da3ec530e079)] -> xpath: //div[@class='a-section a-spacing-small a-spacing-top-small']], [[ChromeDriver: chrome on windows (49a7c768f5098c00c574da3ec530e079)] -> xpath: //div[@class='a-section a-spacing-small a-spacing-top-small']], [[ChromeDriver: chrome on windows (49a7c768f5098c00c574da3ec530e079)] -> xpath: //div[@class='a-section a-spacing-small a-spacing-top-small']], [[ChromeDriver: chrome on windows (49a7c768f5098c00c574da3ec530e079)] -> xpath: //div[@class='a-section a-spacing-small a-spacing-top-small']], [[ChromeDriver: chrome on windows (49a7c768f5098c00c574da3ec530e079)] -> xpath: //div[@class='a-section a-spacing-small a-spacing-top-small']], [[ChromeDriver: chrome on windows (49a7c768f5098c00c574da3ec530e079)] -> xpath: //div[@class='a-section a-spacing-small a-spacing-top-small']], [[ChromeDriver: chrome on windows (49a7c768f5098c00c574da3ec530e079)] -> xpath: //div[@class='a-section a-spacing-small a-spacing-top-small']], [[ChromeDriver: chrome on windows (49a7c768f5098c00c574da3ec530e079)] -> xpath: //div[@class='a-section a-spacing-small a-spacing-top-small']], [[ChromeDriver: chrome on windows (49a7c768f5098c00c574da3ec530e079)] -> xpath: //div[@class='a-section a-spacing-small a-spacing-top-small']], [[ChromeDriver: chrome on windows (49a7c768f5098c00c574da3ec530e079)] -> xpath: //div[@class='a-section a-spacing-small a-spacing-top-small']], [[ChromeDriver: chrome on windows (49a7c768f5098c00c574da3ec530e079)] -> xpath: //div[@class='a-section a-spacing-small a-spacing-top-small']], [[ChromeDriver: chrome on windows (49a7c768f5098c00c574da3ec530e079)] -> xpath: //div[@class='a-section a-spacing-small a-spacing-top-small']], [[ChromeDriver: chrome on windows (49a7c768f5098c00c574da3ec530e079)] -> xpath: //div[@class='a-section a-spacing-small a-spacing-top-small']]] from the safeFindElements method
2026-02-19 07:48:31.225 PM [TestNG-test-Test-1] INFO  [verifyingGetItByTodayFilterFunctionality] [verifyingGetItByTodayFilterFunctionality] Created hashset with required data to assert with Within validateDeliveryFilterOptions method
2026-02-19 07:48:31.225 PM [TestNG-test-Test-1] INFO  [verifyingGetItByTodayFilterFunctionality] [verifyingGetItByTodayFilterFunctionality] this is the set  [Thu, Feb, Today, 19, Fri, Tomorrow, 20]
2026-02-19 07:48:31.225 PM [TestNG-test-Test-1] INFO  [verifyingGetItByTodayFilterFunctionality] [verifyingGetItByTodayFilterFunctionality] Within deliveryElements loop iterating over the products  Within validateDeliveryFilterOptions method
2026-02-19 07:48:31.253 PM [TestNG-test-Test-1] INFO  [verifyingGetItByTodayFilterFunctionality] [verifyingGetItByTodayFilterFunctionality] Checking if the allowedDateParts have the assert text   Within validateDeliveryFilterOptions method
2026-02-19 07:48:31.253 PM [TestNG-test-Test-1] INFO  [verifyingGetItByTodayFilterFunctionality] [verifyingGetItByTodayFilterFunctionality] Within deliveryElements loop iterating over the products  Within validateDeliveryFilterOptions method
2026-02-19 07:48:31.290 PM [TestNG-test-Test-1] INFO  [verifyingGetItByTodayFilterFunctionality] [verifyingGetItByTodayFilterFunctionality] Checking if the allowedDateParts have the assert text   Within validateDeliveryFilterOptions method
2026-02-19 07:48:31.290 PM [TestNG-test-Test-1] INFO  [verifyingGetItByTodayFilterFunctionality] [verifyingGetItByTodayFilterFunctionality] Within deliveryElements loop iterating over the products  Within validateDeliveryFilterOptions method
2026-02-19 07:48:31.320 PM [TestNG-test-Test-1] INFO  [verifyingGetItByTodayFilterFunctionality] [verifyingGetItByTodayFilterFunctionality] Checking if the allowedDateParts have the assert text   Within validateDeliveryFilterOptions method
2026-02-19 07:48:31.320 PM [TestNG-test-Test-1] INFO  [verifyingGetItByTodayFilterFunctionality] [verifyingGetItByTodayFilterFunctionality] Within deliveryElements loop iterating over the products  Within validateDeliveryFilterOptions method
2026-02-19 07:48:31.340 PM [TestNG-test-Test-1] INFO  [verifyingGetItByTodayFilterFunctionality] [verifyingGetItByTodayFilterFunctionality] Checking if the allowedDateParts have the assert text   Within validateDeliveryFilterOptions method
2026-02-19 07:48:31.340 PM [TestNG-test-Test-1] INFO  [verifyingGetItByTodayFilterFunctionality] [verifyingGetItByTodayFilterFunctionality] Within deliveryElements loop iterating over the products  Within validateDeliveryFilterOptions method
2026-02-19 07:48:31.362 PM [TestNG-test-Test-1] INFO  [verifyingGetItByTodayFilterFunctionality] [verifyingGetItByTodayFilterFunctionality] Checking if the allowedDateParts have the assert text   Within validateDeliveryFilterOptions method
2026-02-19 07:48:31.362 PM [TestNG-test-Test-1] INFO  [verifyingGetItByTodayFilterFunctionality] [verifyingGetItByTodayFilterFunctionality] Within deliveryElements loop iterating over the products  Within validateDeliveryFilterOptions method
2026-02-19 07:48:31.385 PM [TestNG-test-Test-1] INFO  [verifyingGetItByTodayFilterFunctionality] [verifyingGetItByTodayFilterFunctionality] Checking if the allowedDateParts have the assert text   Within validateDeliveryFilterOptions method
2026-02-19 07:48:31.385 PM [TestNG-test-Test-1] INFO  [verifyingGetItByTodayFilterFunctionality] [verifyingGetItByTodayFilterFunctionality] Within deliveryElements loop iterating over the products  Within validateDeliveryFilterOptions method
2026-02-19 07:48:31.411 PM [TestNG-test-Test-1] INFO  [verifyingGetItByTodayFilterFunctionality] [verifyingGetItByTodayFilterFunctionality] Checking if the allowedDateParts have the assert text   Within validateDeliveryFilterOptions method
2026-02-19 07:48:31.411 PM [TestNG-test-Test-1] INFO  [verifyingGetItByTodayFilterFunctionality] [verifyingGetItByTodayFilterFunctionality] Within deliveryElements loop iterating over the products  Within validateDeliveryFilterOptions method
2026-02-19 07:48:31.432 PM [TestNG-test-Test-1] INFO  [verifyingGetItByTodayFilterFunctionality] [verifyingGetItByTodayFilterFunctionality] Checking if the allowedDateParts have the assert text   Within validateDeliveryFilterOptions method
2026-02-19 07:48:31.432 PM [TestNG-test-Test-1] INFO  [verifyingGetItByTodayFilterFunctionality] [verifyingGetItByTodayFilterFunctionality] Within deliveryElements loop iterating over the products  Within validateDeliveryFilterOptions method
2026-02-19 07:48:31.446 PM [TestNG-test-Test-1] INFO  [verifyingGetItByTodayFilterFunctionality] [verifyingGetItByTodayFilterFunctionality] Assert text not found wihtin AllowedDateParts
2026-02-19 07:48:31.447 PM [TestNG-test-Test-1] INFO  [verifyingGetItByTodayFilterFunctionality] [verifyingGetItByTodayFilterFunctionality] Asserting delivery filter: isValid=false, index=8, text=SanDisk Ultra Dual Drive Go Type-C 128GB, OTG, Upto 400MB/S,usb3.2_gen_1 Pendrive, Navagio Bay, 5Y Warranty (SDDDC3-128G-I46NPD)
4.2
(3.5K)
1K+ bought in past month
See options
No featured offers available
₹2,299(2 new offers)
2026-02-19 07:48:31.456 PM [TestNG-test-Test-1] INFO  [verifyingGetItByTodayFilterFunctionality] ✅ Finished test method: verifyingGetItByTodayFilterFunctionality
