2026-03-02 02:20:09.458 PM [TestNG-test-Test-1] INFO  [verifyingFreeDeliveryFilterFunctionality] 🔹 Starting test method: verifyingFreeDeliveryFilterFunctionality
2026-03-02 02:20:09.463 PM [TestNG-test-Test-1] INFO  [verifyingFreeDeliveryFilterFunctionality] No existing WebDriver found for current thread. Initializing a new ChromeDriver...
2026-03-02 02:20:09.475 PM [TestNG-test-Test-1] INFO  [verifyingFreeDeliveryFilterFunctionality] WebDriverManager: chromedriver setup OK
2026-03-02 02:20:10.612 PM [TestNG-test-Test-1] INFO  [verifyingFreeDeliveryFilterFunctionality] ChromeDriver initialized successfully for thread: 34
2026-03-02 02:20:27.226 PM [TestNG-test-Test-1] INFO  [verifyingFreeDeliveryFilterFunctionality] [verifyingFreeDeliveryFilterFunctionality] Opening amazon Landing page
2026-03-02 02:20:27.226 PM [TestNG-test-Test-1] INFO  [verifyingFreeDeliveryFilterFunctionality] [verifyingFreeDeliveryFilterFunctionality] Within safeFindElement method
2026-03-02 02:20:27.349 PM [TestNG-test-Test-1] INFO  [verifyingFreeDeliveryFilterFunctionality] [verifyingFreeDeliveryFilterFunctionality]Found the element returning it ,element ->[[ChromeDriver: chrome on windows (90b52439794ae5acb3a95b211bba1c88)] -> xpath: //a[@id='nav-logo-sprites']]
2026-03-02 02:20:27.906 PM [TestNG-test-Test-1] INFO  [verifyingFreeDeliveryFilterFunctionality] [verifyingFreeDeliveryFilterFunctionality] Giving input within the search bar
2026-03-02 02:20:27.907 PM [TestNG-test-Test-1] INFO  [verifyingFreeDeliveryFilterFunctionality] [verifyingFreeDeliveryFilterFunctionality] Within safeClick method
2026-03-02 02:20:30.746 PM [TestNG-test-Test-1] INFO  [verifyingFreeDeliveryFilterFunctionality] [verifyingFreeDeliveryFilterFunctionality] Clicked the  [[ChromeDriver: chrome on windows (90b52439794ae5acb3a95b211bba1c88)] -> xpath: //input[@id='nav-search-submit-button']]   using safeClick
2026-03-02 02:20:30.746 PM [TestNG-test-Test-1] INFO  [verifyingFreeDeliveryFilterFunctionality] [verifyingFreeDeliveryFilterFunctionality] Clicking on the submit in the search bar
2026-03-02 02:20:30.904 PM [TestNG-test-Test-1] INFO  [verifyingFreeDeliveryFilterFunctionality] [verifyingFreeDeliveryFilterFunctionality] Waiting until element is visible in viewport
2026-03-02 02:20:30.931 PM [TestNG-test-Test-1] INFO  [verifyingFreeDeliveryFilterFunctionality] [verifyingFreeDeliveryFilterFunctionality] Within validateDeliveryFilterOptionsWithResult method
2026-03-02 02:20:30.931 PM [TestNG-test-Test-1] INFO  [verifyingFreeDeliveryFilterFunctionality] [verifyingFreeDeliveryFilterFunctionality] Within safeClick method
2026-03-02 02:20:31.201 PM [TestNG-test-Test-1] INFO  [verifyingFreeDeliveryFilterFunctionality] [verifyingFreeDeliveryFilterFunctionality] Clicked the  [[ChromeDriver: chrome on windows (90b52439794ae5acb3a95b211bba1c88)] -> xpath: //span[@class='a-size-base a-color-base puis-bold-weight-text' and text()='Eligible for Free Delivery']/parent::div/following-sibling::ul//span[@class='a-size-base a-color-base' and text()='Free Shipping']]   using safeClick
2026-03-02 02:20:31.201 PM [TestNG-test-Test-1] INFO  [verifyingFreeDeliveryFilterFunctionality] [verifyingFreeDeliveryFilterFunctionality] Within getMoreButtonByFilterTypeAndName method
2026-03-02 02:20:31.203 PM [TestNG-test-Test-1] INFO  [verifyingFreeDeliveryFilterFunctionality] [verifyingFreeDeliveryFilterFunctionality] Capturing screenshot: Filter_Applied_is_Eligible_for_Free_Delivery__2026-03-02_142031.jpg
2026-03-02 02:20:31.372 PM [TestNG-test-Test-1] INFO  [verifyingFreeDeliveryFilterFunctionality] [verifyingFreeDeliveryFilterFunctionality] Screenshot saved at: test-output/screenshots/Run_2026-03-02_14-16-10/verifyingFreeDeliveryFilterFunctionality/Filter_Applied_is_Eligible_for_Free_Delivery__2026-03-02_142031.jpg
2026-03-02 02:20:31.373 PM [TestNG-test-Test-1] INFO  [verifyingFreeDeliveryFilterFunctionality] [verifyingFreeDeliveryFilterFunctionality] Clicked on By.xpath: //span[@class='a-size-base a-color-base puis-bold-weight-text' and text()='Eligible for Free Delivery']/parent::div/following-sibling::ul//span[@class='a-size-base a-color-base' and text()='Free Shipping']
2026-03-02 02:20:31.373 PM [TestNG-test-Test-1] INFO  [verifyingFreeDeliveryFilterFunctionality] [verifyingFreeDeliveryFilterFunctionality] Within safeFindElements 
2026-03-02 02:20:31.993 PM [TestNG-test-Test-1] INFO  [verifyingFreeDeliveryFilterFunctionality] [verifyingFreeDeliveryFilterFunctionality] Returning the  [[[ChromeDriver: chrome on windows (90b52439794ae5acb3a95b211bba1c88)] -> xpath: //div[@class='a-section a-spacing-small a-spacing-top-small']], [[ChromeDriver: chrome on windows (90b52439794ae5acb3a95b211bba1c88)] -> xpath: //div[@class='a-section a-spacing-small a-spacing-top-small']], [[ChromeDriver: chrome on windows (90b52439794ae5acb3a95b211bba1c88)] -> xpath: //div[@class='a-section a-spacing-small a-spacing-top-small']], [[ChromeDriver: chrome on windows (90b52439794ae5acb3a95b211bba1c88)] -> xpath: //div[@class='a-section a-spacing-small a-spacing-top-small']], [[ChromeDriver: chrome on windows (90b52439794ae5acb3a95b211bba1c88)] -> xpath: //div[@class='a-section a-spacing-small a-spacing-top-small']], [[ChromeDriver: chrome on windows (90b52439794ae5acb3a95b211bba1c88)] -> xpath: //div[@class='a-section a-spacing-small a-spacing-top-small']], [[ChromeDriver: chrome on windows (90b52439794ae5acb3a95b211bba1c88)] -> xpath: //div[@class='a-section a-spacing-small a-spacing-top-small']], [[ChromeDriver: chrome on windows (90b52439794ae5acb3a95b211bba1c88)] -> xpath: //div[@class='a-section a-spacing-small a-spacing-top-small']], [[ChromeDriver: chrome on windows (90b52439794ae5acb3a95b211bba1c88)] -> xpath: //div[@class='a-section a-spacing-small a-spacing-top-small']], [[ChromeDriver: chrome on windows (90b52439794ae5acb3a95b211bba1c88)] -> xpath: //div[@class='a-section a-spacing-small a-spacing-top-small']], [[ChromeDriver: chrome on windows (90b52439794ae5acb3a95b211bba1c88)] -> xpath: //div[@class='a-section a-spacing-small a-spacing-top-small']], [[ChromeDriver: chrome on windows (90b52439794ae5acb3a95b211bba1c88)] -> xpath: //div[@class='a-section a-spacing-small a-spacing-top-small']], [[ChromeDriver: chrome on windows (90b52439794ae5acb3a95b211bba1c88)] -> xpath: //div[@class='a-section a-spacing-small a-spacing-top-small']], [[ChromeDriver: chrome on windows (90b52439794ae5acb3a95b211bba1c88)] -> xpath: //div[@class='a-section a-spacing-small a-spacing-top-small']], [[ChromeDriver: chrome on windows (90b52439794ae5acb3a95b211bba1c88)] -> xpath: //div[@class='a-section a-spacing-small a-spacing-top-small']], [[ChromeDriver: chrome on windows (90b52439794ae5acb3a95b211bba1c88)] -> xpath: //div[@class='a-section a-spacing-small a-spacing-top-small']]] from the safeFindElements method
2026-03-02 02:20:32.034 PM [TestNG-test-Test-1] INFO  [verifyingFreeDeliveryFilterFunctionality] [verifyingFreeDeliveryFilterFunctionality] Created hashset with required data to assert with Within validateDeliveryFilterOptions method
2026-03-02 02:20:32.034 PM [TestNG-test-Test-1] INFO  [verifyingFreeDeliveryFilterFunctionality] [verifyingFreeDeliveryFilterFunctionality] this is the set  [02, Today, 03, Tue, FREE delivery, Mon, Tomorrow, Mar]
2026-03-02 02:20:32.035 PM [TestNG-test-Test-1] INFO  [verifyingFreeDeliveryFilterFunctionality] [verifyingFreeDeliveryFilterFunctionality] Within deliveryElements loop iterating over the products  Within validateDeliveryFilterOptions method
2026-03-02 02:20:32.174 PM [TestNG-test-Test-1] INFO  [verifyingFreeDeliveryFilterFunctionality] [verifyingFreeDeliveryFilterFunctionality] Checking if the allowedDateParts have the assert text   Within validateDeliveryFilterOptions method
2026-03-02 02:20:32.177 PM [TestNG-test-Test-1] INFO  [verifyingFreeDeliveryFilterFunctionality] [verifyingFreeDeliveryFilterFunctionality] Within deliveryElements loop iterating over the products  Within validateDeliveryFilterOptions method
2026-03-02 02:20:32.231 PM [TestNG-test-Test-1] INFO  [verifyingFreeDeliveryFilterFunctionality] [verifyingFreeDeliveryFilterFunctionality] Checking if the allowedDateParts have the assert text   Within validateDeliveryFilterOptions method
2026-03-02 02:20:32.231 PM [TestNG-test-Test-1] INFO  [verifyingFreeDeliveryFilterFunctionality] [verifyingFreeDeliveryFilterFunctionality] Within deliveryElements loop iterating over the products  Within validateDeliveryFilterOptions method
2026-03-02 02:20:32.272 PM [TestNG-test-Test-1] INFO  [verifyingFreeDeliveryFilterFunctionality] [verifyingFreeDeliveryFilterFunctionality] Checking if the allowedDateParts have the assert text   Within validateDeliveryFilterOptions method
2026-03-02 02:20:32.274 PM [TestNG-test-Test-1] INFO  [verifyingFreeDeliveryFilterFunctionality] [verifyingFreeDeliveryFilterFunctionality] Within deliveryElements loop iterating over the products  Within validateDeliveryFilterOptions method
2026-03-02 02:20:32.349 PM [TestNG-test-Test-1] INFO  [verifyingFreeDeliveryFilterFunctionality] [verifyingFreeDeliveryFilterFunctionality] Checking if the allowedDateParts have the assert text   Within validateDeliveryFilterOptions method
2026-03-02 02:20:32.349 PM [TestNG-test-Test-1] INFO  [verifyingFreeDeliveryFilterFunctionality] [verifyingFreeDeliveryFilterFunctionality] Within deliveryElements loop iterating over the products  Within validateDeliveryFilterOptions method
2026-03-02 02:20:32.387 PM [TestNG-test-Test-1] INFO  [verifyingFreeDeliveryFilterFunctionality] [verifyingFreeDeliveryFilterFunctionality] Checking if the allowedDateParts have the assert text   Within validateDeliveryFilterOptions method
2026-03-02 02:20:32.387 PM [TestNG-test-Test-1] INFO  [verifyingFreeDeliveryFilterFunctionality] [verifyingFreeDeliveryFilterFunctionality] Within deliveryElements loop iterating over the products  Within validateDeliveryFilterOptions method
2026-03-02 02:20:32.416 PM [TestNG-test-Test-1] INFO  [verifyingFreeDeliveryFilterFunctionality] [verifyingFreeDeliveryFilterFunctionality] Checking if the allowedDateParts have the assert text   Within validateDeliveryFilterOptions method
2026-03-02 02:20:32.417 PM [TestNG-test-Test-1] INFO  [verifyingFreeDeliveryFilterFunctionality] [verifyingFreeDeliveryFilterFunctionality] Within deliveryElements loop iterating over the products  Within validateDeliveryFilterOptions method
2026-03-02 02:20:32.442 PM [TestNG-test-Test-1] INFO  [verifyingFreeDeliveryFilterFunctionality] [verifyingFreeDeliveryFilterFunctionality] Checking if the allowedDateParts have the assert text   Within validateDeliveryFilterOptions method
2026-03-02 02:20:32.442 PM [TestNG-test-Test-1] INFO  [verifyingFreeDeliveryFilterFunctionality] [verifyingFreeDeliveryFilterFunctionality] Within deliveryElements loop iterating over the products  Within validateDeliveryFilterOptions method
2026-03-02 02:20:32.469 PM [TestNG-test-Test-1] INFO  [verifyingFreeDeliveryFilterFunctionality] [verifyingFreeDeliveryFilterFunctionality] Checking if the allowedDateParts have the assert text   Within validateDeliveryFilterOptions method
2026-03-02 02:20:32.469 PM [TestNG-test-Test-1] INFO  [verifyingFreeDeliveryFilterFunctionality] [verifyingFreeDeliveryFilterFunctionality] Within deliveryElements loop iterating over the products  Within validateDeliveryFilterOptions method
2026-03-02 02:20:32.492 PM [TestNG-test-Test-1] INFO  [verifyingFreeDeliveryFilterFunctionality] [verifyingFreeDeliveryFilterFunctionality] Checking if the allowedDateParts have the assert text   Within validateDeliveryFilterOptions method
2026-03-02 02:20:32.492 PM [TestNG-test-Test-1] INFO  [verifyingFreeDeliveryFilterFunctionality] [verifyingFreeDeliveryFilterFunctionality] Within deliveryElements loop iterating over the products  Within validateDeliveryFilterOptions method
2026-03-02 02:20:32.528 PM [TestNG-test-Test-1] INFO  [verifyingFreeDeliveryFilterFunctionality] [verifyingFreeDeliveryFilterFunctionality] Checking if the allowedDateParts have the assert text   Within validateDeliveryFilterOptions method
2026-03-02 02:20:32.528 PM [TestNG-test-Test-1] INFO  [verifyingFreeDeliveryFilterFunctionality] [verifyingFreeDeliveryFilterFunctionality] Within deliveryElements loop iterating over the products  Within validateDeliveryFilterOptions method
2026-03-02 02:20:32.556 PM [TestNG-test-Test-1] INFO  [verifyingFreeDeliveryFilterFunctionality] [verifyingFreeDeliveryFilterFunctionality] Checking if the allowedDateParts have the assert text   Within validateDeliveryFilterOptions method
2026-03-02 02:20:32.557 PM [TestNG-test-Test-1] INFO  [verifyingFreeDeliveryFilterFunctionality] [verifyingFreeDeliveryFilterFunctionality] Within deliveryElements loop iterating over the products  Within validateDeliveryFilterOptions method
2026-03-02 02:20:32.603 PM [TestNG-test-Test-1] INFO  [verifyingFreeDeliveryFilterFunctionality] [verifyingFreeDeliveryFilterFunctionality] Checking if the allowedDateParts have the assert text   Within validateDeliveryFilterOptions method
2026-03-02 02:20:32.604 PM [TestNG-test-Test-1] INFO  [verifyingFreeDeliveryFilterFunctionality] [verifyingFreeDeliveryFilterFunctionality] Within deliveryElements loop iterating over the products  Within validateDeliveryFilterOptions method
2026-03-02 02:20:32.631 PM [TestNG-test-Test-1] INFO  [verifyingFreeDeliveryFilterFunctionality] [verifyingFreeDeliveryFilterFunctionality] Checking if the allowedDateParts have the assert text   Within validateDeliveryFilterOptions method
2026-03-02 02:20:32.631 PM [TestNG-test-Test-1] INFO  [verifyingFreeDeliveryFilterFunctionality] [verifyingFreeDeliveryFilterFunctionality] Within deliveryElements loop iterating over the products  Within validateDeliveryFilterOptions method
2026-03-02 02:20:32.662 PM [TestNG-test-Test-1] INFO  [verifyingFreeDeliveryFilterFunctionality] [verifyingFreeDeliveryFilterFunctionality] Checking if the allowedDateParts have the assert text   Within validateDeliveryFilterOptions method
2026-03-02 02:20:32.662 PM [TestNG-test-Test-1] INFO  [verifyingFreeDeliveryFilterFunctionality] [verifyingFreeDeliveryFilterFunctionality] Within deliveryElements loop iterating over the products  Within validateDeliveryFilterOptions method
2026-03-02 02:20:32.696 PM [TestNG-test-Test-1] INFO  [verifyingFreeDeliveryFilterFunctionality] [verifyingFreeDeliveryFilterFunctionality] Checking if the allowedDateParts have the assert text   Within validateDeliveryFilterOptions method
2026-03-02 02:20:32.696 PM [TestNG-test-Test-1] INFO  [verifyingFreeDeliveryFilterFunctionality] [verifyingFreeDeliveryFilterFunctionality] Within deliveryElements loop iterating over the products  Within validateDeliveryFilterOptions method
2026-03-02 02:20:32.727 PM [TestNG-test-Test-1] INFO  [verifyingFreeDeliveryFilterFunctionality] [verifyingFreeDeliveryFilterFunctionality] Checking if the allowedDateParts have the assert text   Within validateDeliveryFilterOptions method
2026-03-02 02:20:32.727 PM [TestNG-test-Test-1] INFO  [verifyingFreeDeliveryFilterFunctionality] [verifyingFreeDeliveryFilterFunctionality] Returning the list with boolean values   Within validateDeliveryFilterOptions method
2026-03-02 02:20:32.727 PM [TestNG-test-Test-1] INFO  [verifyingFreeDeliveryFilterFunctionality] [verifyingFreeDeliveryFilterFunctionality] Asserting delivery filter: isValid=true, index=-1, text=All the things are valid no errors
2026-03-02 02:20:32.732 PM [TestNG-test-Test-1] INFO  [verifyingFreeDeliveryFilterFunctionality] ✅ Finished test method: verifyingFreeDeliveryFilterFunctionality
2026-03-02 02:20:32.965 PM [TestNG-test-Test-1] INFO  [verifyingFreeDeliveryFilterFunctionality] 🔹 Starting test method: verifyingFreeDeliveryFilterFunctionality
2026-03-02 02:20:32.965 PM [TestNG-test-Test-1] INFO  [verifyingFreeDeliveryFilterFunctionality] No existing WebDriver found for current thread. Initializing a new ChromeDriver...
2026-03-02 02:20:32.975 PM [TestNG-test-Test-1] INFO  [verifyingFreeDeliveryFilterFunctionality] WebDriverManager: chromedriver setup OK
2026-03-02 02:20:34.552 PM [TestNG-test-Test-1] INFO  [verifyingFreeDeliveryFilterFunctionality] ChromeDriver initialized successfully for thread: 34
2026-03-02 02:20:37.128 PM [TestNG-test-Test-1] INFO  [verifyingFreeDeliveryFilterFunctionality] [verifyingFreeDeliveryFilterFunctionality] Opening amazon Landing page
2026-03-02 02:20:37.128 PM [TestNG-test-Test-1] INFO  [verifyingFreeDeliveryFilterFunctionality] [verifyingFreeDeliveryFilterFunctionality] Within safeFindElement method
2026-03-02 02:20:37.302 PM [TestNG-test-Test-1] INFO  [verifyingFreeDeliveryFilterFunctionality] [verifyingFreeDeliveryFilterFunctionality]Found the element returning it ,element ->[[ChromeDriver: chrome on windows (c8cd3cb3dd5605e30624f1ee3f4eeeea)] -> xpath: //a[@id='nav-logo-sprites']]
2026-03-02 02:20:38.676 PM [TestNG-test-Test-1] INFO  [verifyingFreeDeliveryFilterFunctionality] [verifyingFreeDeliveryFilterFunctionality] Giving input within the search bar
2026-03-02 02:20:38.677 PM [TestNG-test-Test-1] INFO  [verifyingFreeDeliveryFilterFunctionality] [verifyingFreeDeliveryFilterFunctionality] Within safeClick method
2026-03-02 02:20:42.115 PM [TestNG-test-Test-1] INFO  [verifyingFreeDeliveryFilterFunctionality] [verifyingFreeDeliveryFilterFunctionality] Clicked the  [[ChromeDriver: chrome on windows (c8cd3cb3dd5605e30624f1ee3f4eeeea)] -> xpath: //input[@id='nav-search-submit-button']]   using safeClick
2026-03-02 02:20:42.115 PM [TestNG-test-Test-1] INFO  [verifyingFreeDeliveryFilterFunctionality] [verifyingFreeDeliveryFilterFunctionality] Clicking on the submit in the search bar
2026-03-02 02:20:42.337 PM [TestNG-test-Test-1] INFO  [verifyingFreeDeliveryFilterFunctionality] [verifyingFreeDeliveryFilterFunctionality] Waiting until element is visible in viewport
2026-03-02 02:20:42.402 PM [TestNG-test-Test-1] INFO  [verifyingFreeDeliveryFilterFunctionality] [verifyingFreeDeliveryFilterFunctionality] Within validateDeliveryFilterOptionsWithResult method
2026-03-02 02:20:42.402 PM [TestNG-test-Test-1] INFO  [verifyingFreeDeliveryFilterFunctionality] [verifyingFreeDeliveryFilterFunctionality] Within safeClick method
2026-03-02 02:20:42.898 PM [TestNG-test-Test-1] INFO  [verifyingFreeDeliveryFilterFunctionality] [verifyingFreeDeliveryFilterFunctionality] Clicked the  [[ChromeDriver: chrome on windows (c8cd3cb3dd5605e30624f1ee3f4eeeea)] -> xpath: //span[@class='a-size-base a-color-base puis-bold-weight-text' and text()='Eligible for Free Delivery']/parent::div/following-sibling::ul//span[@class='a-size-base a-color-base' and text()='Free Shipping']]   using safeClick
2026-03-02 02:20:42.898 PM [TestNG-test-Test-1] INFO  [verifyingFreeDeliveryFilterFunctionality] [verifyingFreeDeliveryFilterFunctionality] Within getMoreButtonByFilterTypeAndName method
2026-03-02 02:20:42.899 PM [TestNG-test-Test-1] INFO  [verifyingFreeDeliveryFilterFunctionality] [verifyingFreeDeliveryFilterFunctionality] Capturing screenshot: Filter_Applied_is_Eligible_for_Free_Delivery__2026-03-02_142042.jpg
2026-03-02 02:20:43.350 PM [TestNG-test-Test-1] INFO  [verifyingFreeDeliveryFilterFunctionality] [verifyingFreeDeliveryFilterFunctionality] Screenshot saved at: test-output/screenshots/Run_2026-03-02_14-16-10/verifyingFreeDeliveryFilterFunctionality/Filter_Applied_is_Eligible_for_Free_Delivery__2026-03-02_142042.jpg
2026-03-02 02:20:43.350 PM [TestNG-test-Test-1] INFO  [verifyingFreeDeliveryFilterFunctionality] [verifyingFreeDeliveryFilterFunctionality] Clicked on By.xpath: //span[@class='a-size-base a-color-base puis-bold-weight-text' and text()='Eligible for Free Delivery']/parent::div/following-sibling::ul//span[@class='a-size-base a-color-base' and text()='Free Shipping']
2026-03-02 02:20:43.350 PM [TestNG-test-Test-1] INFO  [verifyingFreeDeliveryFilterFunctionality] [verifyingFreeDeliveryFilterFunctionality] Within safeFindElements 
2026-03-02 02:20:44.012 PM [TestNG-test-Test-1] INFO  [verifyingFreeDeliveryFilterFunctionality] [verifyingFreeDeliveryFilterFunctionality] Returning the  [[[ChromeDriver: chrome on windows (c8cd3cb3dd5605e30624f1ee3f4eeeea)] -> xpath: //div[@class='a-section a-spacing-small a-spacing-top-small']], [[ChromeDriver: chrome on windows (c8cd3cb3dd5605e30624f1ee3f4eeeea)] -> xpath: //div[@class='a-section a-spacing-small a-spacing-top-small']], [[ChromeDriver: chrome on windows (c8cd3cb3dd5605e30624f1ee3f4eeeea)] -> xpath: //div[@class='a-section a-spacing-small a-spacing-top-small']], [[ChromeDriver: chrome on windows (c8cd3cb3dd5605e30624f1ee3f4eeeea)] -> xpath: //div[@class='a-section a-spacing-small a-spacing-top-small']], [[ChromeDriver: chrome on windows (c8cd3cb3dd5605e30624f1ee3f4eeeea)] -> xpath: //div[@class='a-section a-spacing-small a-spacing-top-small']], [[ChromeDriver: chrome on windows (c8cd3cb3dd5605e30624f1ee3f4eeeea)] -> xpath: //div[@class='a-section a-spacing-small a-spacing-top-small']], [[ChromeDriver: chrome on windows (c8cd3cb3dd5605e30624f1ee3f4eeeea)] -> xpath: //div[@class='a-section a-spacing-small a-spacing-top-small']], [[ChromeDriver: chrome on windows (c8cd3cb3dd5605e30624f1ee3f4eeeea)] -> xpath: //div[@class='a-section a-spacing-small a-spacing-top-small']], [[ChromeDriver: chrome on windows (c8cd3cb3dd5605e30624f1ee3f4eeeea)] -> xpath: //div[@class='a-section a-spacing-small a-spacing-top-small']], [[ChromeDriver: chrome on windows (c8cd3cb3dd5605e30624f1ee3f4eeeea)] -> xpath: //div[@class='a-section a-spacing-small a-spacing-top-small']], [[ChromeDriver: chrome on windows (c8cd3cb3dd5605e30624f1ee3f4eeeea)] -> xpath: //div[@class='a-section a-spacing-small a-spacing-top-small']], [[ChromeDriver: chrome on windows (c8cd3cb3dd5605e30624f1ee3f4eeeea)] -> xpath: //div[@class='a-section a-spacing-small a-spacing-top-small']], [[ChromeDriver: chrome on windows (c8cd3cb3dd5605e30624f1ee3f4eeeea)] -> xpath: //div[@class='a-section a-spacing-small a-spacing-top-small']], [[ChromeDriver: chrome on windows (c8cd3cb3dd5605e30624f1ee3f4eeeea)] -> xpath: //div[@class='a-section a-spacing-small a-spacing-top-small']], [[ChromeDriver: chrome on windows (c8cd3cb3dd5605e30624f1ee3f4eeeea)] -> xpath: //div[@class='a-section a-spacing-small a-spacing-top-small']], [[ChromeDriver: chrome on windows (c8cd3cb3dd5605e30624f1ee3f4eeeea)] -> xpath: //div[@class='a-section a-spacing-small a-spacing-top-small']]] from the safeFindElements method
2026-03-02 02:20:44.012 PM [TestNG-test-Test-1] INFO  [verifyingFreeDeliveryFilterFunctionality] [verifyingFreeDeliveryFilterFunctionality] Created hashset with required data to assert with Within validateDeliveryFilterOptions method
2026-03-02 02:20:44.012 PM [TestNG-test-Test-1] INFO  [verifyingFreeDeliveryFilterFunctionality] [verifyingFreeDeliveryFilterFunctionality] this is the set  [02, Today, 03, Tue, FREE delivery, Mon, Tomorrow, Mar]
2026-03-02 02:20:44.012 PM [TestNG-test-Test-1] INFO  [verifyingFreeDeliveryFilterFunctionality] [verifyingFreeDeliveryFilterFunctionality] Within deliveryElements loop iterating over the products  Within validateDeliveryFilterOptions method
2026-03-02 02:20:44.072 PM [TestNG-test-Test-1] INFO  [verifyingFreeDeliveryFilterFunctionality] [verifyingFreeDeliveryFilterFunctionality] Checking if the allowedDateParts have the assert text   Within validateDeliveryFilterOptions method
2026-03-02 02:20:44.074 PM [TestNG-test-Test-1] INFO  [verifyingFreeDeliveryFilterFunctionality] [verifyingFreeDeliveryFilterFunctionality] Within deliveryElements loop iterating over the products  Within validateDeliveryFilterOptions method
2026-03-02 02:20:44.122 PM [TestNG-test-Test-1] INFO  [verifyingFreeDeliveryFilterFunctionality] [verifyingFreeDeliveryFilterFunctionality] Checking if the allowedDateParts have the assert text   Within validateDeliveryFilterOptions method
2026-03-02 02:20:44.122 PM [TestNG-test-Test-1] INFO  [verifyingFreeDeliveryFilterFunctionality] [verifyingFreeDeliveryFilterFunctionality] Within deliveryElements loop iterating over the products  Within validateDeliveryFilterOptions method
2026-03-02 02:20:44.167 PM [TestNG-test-Test-1] INFO  [verifyingFreeDeliveryFilterFunctionality] [verifyingFreeDeliveryFilterFunctionality] Checking if the allowedDateParts have the assert text   Within validateDeliveryFilterOptions method
2026-03-02 02:20:44.167 PM [TestNG-test-Test-1] INFO  [verifyingFreeDeliveryFilterFunctionality] [verifyingFreeDeliveryFilterFunctionality] Within deliveryElements loop iterating over the products  Within validateDeliveryFilterOptions method
2026-03-02 02:20:44.200 PM [TestNG-test-Test-1] INFO  [verifyingFreeDeliveryFilterFunctionality] [verifyingFreeDeliveryFilterFunctionality] Checking if the allowedDateParts have the assert text   Within validateDeliveryFilterOptions method
2026-03-02 02:20:44.201 PM [TestNG-test-Test-1] INFO  [verifyingFreeDeliveryFilterFunctionality] [verifyingFreeDeliveryFilterFunctionality] Within deliveryElements loop iterating over the products  Within validateDeliveryFilterOptions method
2026-03-02 02:20:44.231 PM [TestNG-test-Test-1] INFO  [verifyingFreeDeliveryFilterFunctionality] [verifyingFreeDeliveryFilterFunctionality] Checking if the allowedDateParts have the assert text   Within validateDeliveryFilterOptions method
2026-03-02 02:20:44.231 PM [TestNG-test-Test-1] INFO  [verifyingFreeDeliveryFilterFunctionality] [verifyingFreeDeliveryFilterFunctionality] Within deliveryElements loop iterating over the products  Within validateDeliveryFilterOptions method
2026-03-02 02:20:44.256 PM [TestNG-test-Test-1] INFO  [verifyingFreeDeliveryFilterFunctionality] [verifyingFreeDeliveryFilterFunctionality] Checking if the allowedDateParts have the assert text   Within validateDeliveryFilterOptions method
2026-03-02 02:20:44.257 PM [TestNG-test-Test-1] INFO  [verifyingFreeDeliveryFilterFunctionality] [verifyingFreeDeliveryFilterFunctionality] Within deliveryElements loop iterating over the products  Within validateDeliveryFilterOptions method
2026-03-02 02:20:44.294 PM [TestNG-test-Test-1] INFO  [verifyingFreeDeliveryFilterFunctionality] [verifyingFreeDeliveryFilterFunctionality] Checking if the allowedDateParts have the assert text   Within validateDeliveryFilterOptions method
2026-03-02 02:20:44.295 PM [TestNG-test-Test-1] INFO  [verifyingFreeDeliveryFilterFunctionality] [verifyingFreeDeliveryFilterFunctionality] Within deliveryElements loop iterating over the products  Within validateDeliveryFilterOptions method
2026-03-02 02:20:44.354 PM [TestNG-test-Test-1] INFO  [verifyingFreeDeliveryFilterFunctionality] [verifyingFreeDeliveryFilterFunctionality] Checking if the allowedDateParts have the assert text   Within validateDeliveryFilterOptions method
2026-03-02 02:20:44.355 PM [TestNG-test-Test-1] INFO  [verifyingFreeDeliveryFilterFunctionality] [verifyingFreeDeliveryFilterFunctionality] Within deliveryElements loop iterating over the products  Within validateDeliveryFilterOptions method
2026-03-02 02:20:44.399 PM [TestNG-test-Test-1] INFO  [verifyingFreeDeliveryFilterFunctionality] [verifyingFreeDeliveryFilterFunctionality] Checking if the allowedDateParts have the assert text   Within validateDeliveryFilterOptions method
2026-03-02 02:20:44.399 PM [TestNG-test-Test-1] INFO  [verifyingFreeDeliveryFilterFunctionality] [verifyingFreeDeliveryFilterFunctionality] Within deliveryElements loop iterating over the products  Within validateDeliveryFilterOptions method
2026-03-02 02:20:44.460 PM [TestNG-test-Test-1] INFO  [verifyingFreeDeliveryFilterFunctionality] [verifyingFreeDeliveryFilterFunctionality] Checking if the allowedDateParts have the assert text   Within validateDeliveryFilterOptions method
2026-03-02 02:20:44.460 PM [TestNG-test-Test-1] INFO  [verifyingFreeDeliveryFilterFunctionality] [verifyingFreeDeliveryFilterFunctionality] Within deliveryElements loop iterating over the products  Within validateDeliveryFilterOptions method
2026-03-02 02:20:44.500 PM [TestNG-test-Test-1] INFO  [verifyingFreeDeliveryFilterFunctionality] [verifyingFreeDeliveryFilterFunctionality] Checking if the allowedDateParts have the assert text   Within validateDeliveryFilterOptions method
2026-03-02 02:20:44.500 PM [TestNG-test-Test-1] INFO  [verifyingFreeDeliveryFilterFunctionality] [verifyingFreeDeliveryFilterFunctionality] Within deliveryElements loop iterating over the products  Within validateDeliveryFilterOptions method
2026-03-02 02:20:44.543 PM [TestNG-test-Test-1] INFO  [verifyingFreeDeliveryFilterFunctionality] [verifyingFreeDeliveryFilterFunctionality] Checking if the allowedDateParts have the assert text   Within validateDeliveryFilterOptions method
2026-03-02 02:20:44.543 PM [TestNG-test-Test-1] INFO  [verifyingFreeDeliveryFilterFunctionality] [verifyingFreeDeliveryFilterFunctionality] Within deliveryElements loop iterating over the products  Within validateDeliveryFilterOptions method
2026-03-02 02:20:44.576 PM [TestNG-test-Test-1] INFO  [verifyingFreeDeliveryFilterFunctionality] [verifyingFreeDeliveryFilterFunctionality] Checking if the allowedDateParts have the assert text   Within validateDeliveryFilterOptions method
2026-03-02 02:20:44.576 PM [TestNG-test-Test-1] INFO  [verifyingFreeDeliveryFilterFunctionality] [verifyingFreeDeliveryFilterFunctionality] Within deliveryElements loop iterating over the products  Within validateDeliveryFilterOptions method
2026-03-02 02:20:44.607 PM [TestNG-test-Test-1] INFO  [verifyingFreeDeliveryFilterFunctionality] [verifyingFreeDeliveryFilterFunctionality] Checking if the allowedDateParts have the assert text   Within validateDeliveryFilterOptions method
2026-03-02 02:20:44.608 PM [TestNG-test-Test-1] INFO  [verifyingFreeDeliveryFilterFunctionality] [verifyingFreeDeliveryFilterFunctionality] Within deliveryElements loop iterating over the products  Within validateDeliveryFilterOptions method
2026-03-02 02:20:44.727 PM [TestNG-test-Test-1] INFO  [verifyingFreeDeliveryFilterFunctionality] [verifyingFreeDeliveryFilterFunctionality] Checking if the allowedDateParts have the assert text   Within validateDeliveryFilterOptions method
2026-03-02 02:20:44.727 PM [TestNG-test-Test-1] INFO  [verifyingFreeDeliveryFilterFunctionality] [verifyingFreeDeliveryFilterFunctionality] Within deliveryElements loop iterating over the products  Within validateDeliveryFilterOptions method
2026-03-02 02:20:44.794 PM [TestNG-test-Test-1] INFO  [verifyingFreeDeliveryFilterFunctionality] [verifyingFreeDeliveryFilterFunctionality] Checking if the allowedDateParts have the assert text   Within validateDeliveryFilterOptions method
2026-03-02 02:20:44.794 PM [TestNG-test-Test-1] INFO  [verifyingFreeDeliveryFilterFunctionality] [verifyingFreeDeliveryFilterFunctionality] Returning the list with boolean values   Within validateDeliveryFilterOptions method
2026-03-02 02:20:44.794 PM [TestNG-test-Test-1] INFO  [verifyingFreeDeliveryFilterFunctionality] [verifyingFreeDeliveryFilterFunctionality] Asserting delivery filter: isValid=true, index=-1, text=All the things are valid no errors
2026-03-02 02:20:44.804 PM [TestNG-test-Test-1] INFO  [verifyingFreeDeliveryFilterFunctionality] ✅ Finished test method: verifyingFreeDeliveryFilterFunctionality
2026-03-02 02:20:45.684 PM [TestNG-test-Test-1] INFO  [verifyingFreeDeliveryFilterFunctionality] 🔹 Starting test method: verifyingFreeDeliveryFilterFunctionality
2026-03-02 02:20:45.684 PM [TestNG-test-Test-1] INFO  [verifyingFreeDeliveryFilterFunctionality] No existing WebDriver found for current thread. Initializing a new ChromeDriver...
2026-03-02 02:20:45.699 PM [TestNG-test-Test-1] INFO  [verifyingFreeDeliveryFilterFunctionality] WebDriverManager: chromedriver setup OK
2026-03-02 02:20:47.597 PM [TestNG-test-Test-1] INFO  [verifyingFreeDeliveryFilterFunctionality] ChromeDriver initialized successfully for thread: 34
2026-03-02 02:21:00.721 PM [TestNG-test-Test-1] INFO  [verifyingFreeDeliveryFilterFunctionality] [verifyingFreeDeliveryFilterFunctionality] Opening amazon Landing page
2026-03-02 02:21:00.721 PM [TestNG-test-Test-1] INFO  [verifyingFreeDeliveryFilterFunctionality] [verifyingFreeDeliveryFilterFunctionality] Within safeFindElement method
2026-03-02 02:21:01.000 PM [TestNG-test-Test-1] INFO  [verifyingFreeDeliveryFilterFunctionality] [verifyingFreeDeliveryFilterFunctionality]Found the element returning it ,element ->[[ChromeDriver: chrome on windows (89952689977c93dd931e0f3f2899a338)] -> xpath: //a[@id='nav-logo-sprites']]
2026-03-02 02:21:01.697 PM [TestNG-test-Test-1] INFO  [verifyingFreeDeliveryFilterFunctionality] [verifyingFreeDeliveryFilterFunctionality] Giving input within the search bar
2026-03-02 02:21:01.697 PM [TestNG-test-Test-1] INFO  [verifyingFreeDeliveryFilterFunctionality] [verifyingFreeDeliveryFilterFunctionality] Within safeClick method
2026-03-02 02:21:04.453 PM [TestNG-test-Test-1] INFO  [verifyingFreeDeliveryFilterFunctionality] [verifyingFreeDeliveryFilterFunctionality] Clicked the  [[ChromeDriver: chrome on windows (89952689977c93dd931e0f3f2899a338)] -> xpath: //input[@id='nav-search-submit-button']]   using safeClick
2026-03-02 02:21:04.454 PM [TestNG-test-Test-1] INFO  [verifyingFreeDeliveryFilterFunctionality] [verifyingFreeDeliveryFilterFunctionality] Clicking on the submit in the search bar
2026-03-02 02:21:04.694 PM [TestNG-test-Test-1] INFO  [verifyingFreeDeliveryFilterFunctionality] [verifyingFreeDeliveryFilterFunctionality] Waiting until element is visible in viewport
2026-03-02 02:21:04.735 PM [TestNG-test-Test-1] INFO  [verifyingFreeDeliveryFilterFunctionality] [verifyingFreeDeliveryFilterFunctionality] Within validateDeliveryFilterOptionsWithResult method
2026-03-02 02:21:04.736 PM [TestNG-test-Test-1] INFO  [verifyingFreeDeliveryFilterFunctionality] [verifyingFreeDeliveryFilterFunctionality] Within safeClick method
2026-03-02 02:21:04.991 PM [TestNG-test-Test-1] INFO  [verifyingFreeDeliveryFilterFunctionality] [verifyingFreeDeliveryFilterFunctionality] Clicked the  [[ChromeDriver: chrome on windows (89952689977c93dd931e0f3f2899a338)] -> xpath: //span[@class='a-size-base a-color-base puis-bold-weight-text' and text()='Eligible for Free Delivery']/parent::div/following-sibling::ul//span[@class='a-size-base a-color-base' and text()='Free Shipping']]   using safeClick
2026-03-02 02:21:04.992 PM [TestNG-test-Test-1] INFO  [verifyingFreeDeliveryFilterFunctionality] [verifyingFreeDeliveryFilterFunctionality] Within getMoreButtonByFilterTypeAndName method
2026-03-02 02:21:04.993 PM [TestNG-test-Test-1] INFO  [verifyingFreeDeliveryFilterFunctionality] [verifyingFreeDeliveryFilterFunctionality] Capturing screenshot: Filter_Applied_is_Eligible_for_Free_Delivery__2026-03-02_142104.jpg
2026-03-02 02:21:05.166 PM [TestNG-test-Test-1] INFO  [verifyingFreeDeliveryFilterFunctionality] [verifyingFreeDeliveryFilterFunctionality] Screenshot saved at: test-output/screenshots/Run_2026-03-02_14-16-10/verifyingFreeDeliveryFilterFunctionality/Filter_Applied_is_Eligible_for_Free_Delivery__2026-03-02_142104.jpg
2026-03-02 02:21:05.166 PM [TestNG-test-Test-1] INFO  [verifyingFreeDeliveryFilterFunctionality] [verifyingFreeDeliveryFilterFunctionality] Clicked on By.xpath: //span[@class='a-size-base a-color-base puis-bold-weight-text' and text()='Eligible for Free Delivery']/parent::div/following-sibling::ul//span[@class='a-size-base a-color-base' and text()='Free Shipping']
2026-03-02 02:21:05.167 PM [TestNG-test-Test-1] INFO  [verifyingFreeDeliveryFilterFunctionality] [verifyingFreeDeliveryFilterFunctionality] Within safeFindElements 
2026-03-02 02:21:05.778 PM [TestNG-test-Test-1] INFO  [verifyingFreeDeliveryFilterFunctionality] [verifyingFreeDeliveryFilterFunctionality] Returning the  [[[ChromeDriver: chrome on windows (89952689977c93dd931e0f3f2899a338)] -> xpath: //div[@class='a-section a-spacing-small a-spacing-top-small']], [[ChromeDriver: chrome on windows (89952689977c93dd931e0f3f2899a338)] -> xpath: //div[@class='a-section a-spacing-small a-spacing-top-small']], [[ChromeDriver: chrome on windows (89952689977c93dd931e0f3f2899a338)] -> xpath: //div[@class='a-section a-spacing-small a-spacing-top-small']], [[ChromeDriver: chrome on windows (89952689977c93dd931e0f3f2899a338)] -> xpath: //div[@class='a-section a-spacing-small a-spacing-top-small']], [[ChromeDriver: chrome on windows (89952689977c93dd931e0f3f2899a338)] -> xpath: //div[@class='a-section a-spacing-small a-spacing-top-small']], [[ChromeDriver: chrome on windows (89952689977c93dd931e0f3f2899a338)] -> xpath: //div[@class='a-section a-spacing-small a-spacing-top-small']], [[ChromeDriver: chrome on windows (89952689977c93dd931e0f3f2899a338)] -> xpath: //div[@class='a-section a-spacing-small a-spacing-top-small']], [[ChromeDriver: chrome on windows (89952689977c93dd931e0f3f2899a338)] -> xpath: //div[@class='a-section a-spacing-small a-spacing-top-small']], [[ChromeDriver: chrome on windows (89952689977c93dd931e0f3f2899a338)] -> xpath: //div[@class='a-section a-spacing-small a-spacing-top-small']], [[ChromeDriver: chrome on windows (89952689977c93dd931e0f3f2899a338)] -> xpath: //div[@class='a-section a-spacing-small a-spacing-top-small']], [[ChromeDriver: chrome on windows (89952689977c93dd931e0f3f2899a338)] -> xpath: //div[@class='a-section a-spacing-small a-spacing-top-small']], [[ChromeDriver: chrome on windows (89952689977c93dd931e0f3f2899a338)] -> xpath: //div[@class='a-section a-spacing-small a-spacing-top-small']], [[ChromeDriver: chrome on windows (89952689977c93dd931e0f3f2899a338)] -> xpath: //div[@class='a-section a-spacing-small a-spacing-top-small']], [[ChromeDriver: chrome on windows (89952689977c93dd931e0f3f2899a338)] -> xpath: //div[@class='a-section a-spacing-small a-spacing-top-small']], [[ChromeDriver: chrome on windows (89952689977c93dd931e0f3f2899a338)] -> xpath: //div[@class='a-section a-spacing-small a-spacing-top-small']], [[ChromeDriver: chrome on windows (89952689977c93dd931e0f3f2899a338)] -> xpath: //div[@class='a-section a-spacing-small a-spacing-top-small']]] from the safeFindElements method
2026-03-02 02:21:05.779 PM [TestNG-test-Test-1] INFO  [verifyingFreeDeliveryFilterFunctionality] [verifyingFreeDeliveryFilterFunctionality] Created hashset with required data to assert with Within validateDeliveryFilterOptions method
2026-03-02 02:21:05.779 PM [TestNG-test-Test-1] INFO  [verifyingFreeDeliveryFilterFunctionality] [verifyingFreeDeliveryFilterFunctionality] this is the set  [02, Today, 03, Tue, FREE delivery, Mon, Tomorrow, Mar]
2026-03-02 02:21:05.779 PM [TestNG-test-Test-1] INFO  [verifyingFreeDeliveryFilterFunctionality] [verifyingFreeDeliveryFilterFunctionality] Within deliveryElements loop iterating over the products  Within validateDeliveryFilterOptions method
2026-03-02 02:21:05.815 PM [TestNG-test-Test-1] INFO  [verifyingFreeDeliveryFilterFunctionality] [verifyingFreeDeliveryFilterFunctionality] Checking if the allowedDateParts have the assert text   Within validateDeliveryFilterOptions method
2026-03-02 02:21:05.816 PM [TestNG-test-Test-1] INFO  [verifyingFreeDeliveryFilterFunctionality] [verifyingFreeDeliveryFilterFunctionality] Within deliveryElements loop iterating over the products  Within validateDeliveryFilterOptions method
2026-03-02 02:21:05.883 PM [TestNG-test-Test-1] INFO  [verifyingFreeDeliveryFilterFunctionality] [verifyingFreeDeliveryFilterFunctionality] Checking if the allowedDateParts have the assert text   Within validateDeliveryFilterOptions method
2026-03-02 02:21:05.883 PM [TestNG-test-Test-1] INFO  [verifyingFreeDeliveryFilterFunctionality] [verifyingFreeDeliveryFilterFunctionality] Within deliveryElements loop iterating over the products  Within validateDeliveryFilterOptions method
2026-03-02 02:21:05.914 PM [TestNG-test-Test-1] INFO  [verifyingFreeDeliveryFilterFunctionality] [verifyingFreeDeliveryFilterFunctionality] Checking if the allowedDateParts have the assert text   Within validateDeliveryFilterOptions method
2026-03-02 02:21:05.914 PM [TestNG-test-Test-1] INFO  [verifyingFreeDeliveryFilterFunctionality] [verifyingFreeDeliveryFilterFunctionality] Within deliveryElements loop iterating over the products  Within validateDeliveryFilterOptions method
2026-03-02 02:21:05.979 PM [TestNG-test-Test-1] INFO  [verifyingFreeDeliveryFilterFunctionality] [verifyingFreeDeliveryFilterFunctionality] Checking if the allowedDateParts have the assert text   Within validateDeliveryFilterOptions method
2026-03-02 02:21:05.979 PM [TestNG-test-Test-1] INFO  [verifyingFreeDeliveryFilterFunctionality] [verifyingFreeDeliveryFilterFunctionality] Within deliveryElements loop iterating over the products  Within validateDeliveryFilterOptions method
2026-03-02 02:21:06.015 PM [TestNG-test-Test-1] INFO  [verifyingFreeDeliveryFilterFunctionality] [verifyingFreeDeliveryFilterFunctionality] Checking if the allowedDateParts have the assert text   Within validateDeliveryFilterOptions method
2026-03-02 02:21:06.015 PM [TestNG-test-Test-1] INFO  [verifyingFreeDeliveryFilterFunctionality] [verifyingFreeDeliveryFilterFunctionality] Within deliveryElements loop iterating over the products  Within validateDeliveryFilterOptions method
2026-03-02 02:21:06.042 PM [TestNG-test-Test-1] INFO  [verifyingFreeDeliveryFilterFunctionality] [verifyingFreeDeliveryFilterFunctionality] Checking if the allowedDateParts have the assert text   Within validateDeliveryFilterOptions method
2026-03-02 02:21:06.042 PM [TestNG-test-Test-1] INFO  [verifyingFreeDeliveryFilterFunctionality] [verifyingFreeDeliveryFilterFunctionality] Within deliveryElements loop iterating over the products  Within validateDeliveryFilterOptions method
2026-03-02 02:21:06.073 PM [TestNG-test-Test-1] INFO  [verifyingFreeDeliveryFilterFunctionality] [verifyingFreeDeliveryFilterFunctionality] Checking if the allowedDateParts have the assert text   Within validateDeliveryFilterOptions method
2026-03-02 02:21:06.073 PM [TestNG-test-Test-1] INFO  [verifyingFreeDeliveryFilterFunctionality] [verifyingFreeDeliveryFilterFunctionality] Within deliveryElements loop iterating over the products  Within validateDeliveryFilterOptions method
2026-03-02 02:21:06.097 PM [TestNG-test-Test-1] INFO  [verifyingFreeDeliveryFilterFunctionality] [verifyingFreeDeliveryFilterFunctionality] Checking if the allowedDateParts have the assert text   Within validateDeliveryFilterOptions method
2026-03-02 02:21:06.097 PM [TestNG-test-Test-1] INFO  [verifyingFreeDeliveryFilterFunctionality] [verifyingFreeDeliveryFilterFunctionality] Within deliveryElements loop iterating over the products  Within validateDeliveryFilterOptions method
2026-03-02 02:21:06.119 PM [TestNG-test-Test-1] INFO  [verifyingFreeDeliveryFilterFunctionality] [verifyingFreeDeliveryFilterFunctionality] Checking if the allowedDateParts have the assert text   Within validateDeliveryFilterOptions method
2026-03-02 02:21:06.119 PM [TestNG-test-Test-1] INFO  [verifyingFreeDeliveryFilterFunctionality] [verifyingFreeDeliveryFilterFunctionality] Within deliveryElements loop iterating over the products  Within validateDeliveryFilterOptions method
2026-03-02 02:21:06.144 PM [TestNG-test-Test-1] INFO  [verifyingFreeDeliveryFilterFunctionality] [verifyingFreeDeliveryFilterFunctionality] Checking if the allowedDateParts have the assert text   Within validateDeliveryFilterOptions method
2026-03-02 02:21:06.144 PM [TestNG-test-Test-1] INFO  [verifyingFreeDeliveryFilterFunctionality] [verifyingFreeDeliveryFilterFunctionality] Within deliveryElements loop iterating over the products  Within validateDeliveryFilterOptions method
2026-03-02 02:21:06.165 PM [TestNG-test-Test-1] INFO  [verifyingFreeDeliveryFilterFunctionality] [verifyingFreeDeliveryFilterFunctionality] Checking if the allowedDateParts have the assert text   Within validateDeliveryFilterOptions method
2026-03-02 02:21:06.166 PM [TestNG-test-Test-1] INFO  [verifyingFreeDeliveryFilterFunctionality] [verifyingFreeDeliveryFilterFunctionality] Within deliveryElements loop iterating over the products  Within validateDeliveryFilterOptions method
2026-03-02 02:21:06.194 PM [TestNG-test-Test-1] INFO  [verifyingFreeDeliveryFilterFunctionality] [verifyingFreeDeliveryFilterFunctionality] Checking if the allowedDateParts have the assert text   Within validateDeliveryFilterOptions method
2026-03-02 02:21:06.194 PM [TestNG-test-Test-1] INFO  [verifyingFreeDeliveryFilterFunctionality] [verifyingFreeDeliveryFilterFunctionality] Within deliveryElements loop iterating over the products  Within validateDeliveryFilterOptions method
2026-03-02 02:21:06.224 PM [TestNG-test-Test-1] INFO  [verifyingFreeDeliveryFilterFunctionality] [verifyingFreeDeliveryFilterFunctionality] Checking if the allowedDateParts have the assert text   Within validateDeliveryFilterOptions method
2026-03-02 02:21:06.225 PM [TestNG-test-Test-1] INFO  [verifyingFreeDeliveryFilterFunctionality] [verifyingFreeDeliveryFilterFunctionality] Within deliveryElements loop iterating over the products  Within validateDeliveryFilterOptions method
2026-03-02 02:21:06.258 PM [TestNG-test-Test-1] INFO  [verifyingFreeDeliveryFilterFunctionality] [verifyingFreeDeliveryFilterFunctionality] Checking if the allowedDateParts have the assert text   Within validateDeliveryFilterOptions method
2026-03-02 02:21:06.258 PM [TestNG-test-Test-1] INFO  [verifyingFreeDeliveryFilterFunctionality] [verifyingFreeDeliveryFilterFunctionality] Within deliveryElements loop iterating over the products  Within validateDeliveryFilterOptions method
2026-03-02 02:21:06.279 PM [TestNG-test-Test-1] INFO  [verifyingFreeDeliveryFilterFunctionality] [verifyingFreeDeliveryFilterFunctionality] Checking if the allowedDateParts have the assert text   Within validateDeliveryFilterOptions method
2026-03-02 02:21:06.279 PM [TestNG-test-Test-1] INFO  [verifyingFreeDeliveryFilterFunctionality] [verifyingFreeDeliveryFilterFunctionality] Within deliveryElements loop iterating over the products  Within validateDeliveryFilterOptions method
2026-03-02 02:21:06.313 PM [TestNG-test-Test-1] INFO  [verifyingFreeDeliveryFilterFunctionality] [verifyingFreeDeliveryFilterFunctionality] Checking if the allowedDateParts have the assert text   Within validateDeliveryFilterOptions method
2026-03-02 02:21:06.313 PM [TestNG-test-Test-1] INFO  [verifyingFreeDeliveryFilterFunctionality] [verifyingFreeDeliveryFilterFunctionality] Returning the list with boolean values   Within validateDeliveryFilterOptions method
2026-03-02 02:21:06.313 PM [TestNG-test-Test-1] INFO  [verifyingFreeDeliveryFilterFunctionality] [verifyingFreeDeliveryFilterFunctionality] Asserting delivery filter: isValid=true, index=-1, text=All the things are valid no errors
2026-03-02 02:21:06.321 PM [TestNG-test-Test-1] INFO  [verifyingFreeDeliveryFilterFunctionality] ✅ Finished test method: verifyingFreeDeliveryFilterFunctionality
