2026-02-05 07:20:15.731 PM [TestNG-test-Test-1] INFO  [verifyingGetItByTodayFilterFunctionality] 🔹 Starting test method: verifyingGetItByTodayFilterFunctionality
2026-02-05 07:20:15.736 PM [TestNG-test-Test-1] INFO  [verifyingGetItByTodayFilterFunctionality] No existing WebDriver found for current thread. Initializing a new ChromeDriver...
2026-02-05 07:20:15.746 PM [TestNG-test-Test-1] INFO  [verifyingGetItByTodayFilterFunctionality] WebDriverManager: chromedriver setup OK
2026-02-05 07:20:17.005 PM [TestNG-test-Test-1] INFO  [verifyingGetItByTodayFilterFunctionality] ChromeDriver initialized successfully for thread: 34
2026-02-05 07:20:17.658 PM [TestNG-test-Test-1] INFO  [verifyingGetItByTodayFilterFunctionality] [verifyingGetItByTodayFilterFunctionality] Opening amazon Landing page
2026-02-05 07:20:17.658 PM [TestNG-test-Test-1] INFO  [verifyingGetItByTodayFilterFunctionality] [verifyingGetItByTodayFilterFunctionality] Within safeFindElement method
2026-02-05 07:20:27.911 PM [TestNG-test-Test-1] INFO  [verifyingGetItByTodayFilterFunctionality] [verifyingGetItByTodayFilterFunctionality]Retrying findElement for: ->By.xpath: //a[@id='nav-logo-sprites']
2026-02-05 07:20:28.091 PM [TestNG-test-Test-1] INFO  [verifyingGetItByTodayFilterFunctionality] [verifyingGetItByTodayFilterFunctionality]Refrehsing the page , while trying to safely find : ->By.xpath: //a[@id='nav-logo-sprites']
2026-02-05 07:20:29.158 PM [TestNG-test-Test-1] INFO  [verifyingGetItByTodayFilterFunctionality] [verifyingGetItByTodayFilterFunctionality]Found the element returning it ,element ->[[ChromeDriver: chrome on windows (09d6cd0a521e7c2ebe5f71ae12edc31e)] -> xpath: //a[@id='nav-logo-sprites']]
2026-02-05 07:20:29.759 PM [TestNG-test-Test-1] INFO  [verifyingGetItByTodayFilterFunctionality] [verifyingGetItByTodayFilterFunctionality] Giving input within the search bar
2026-02-05 07:20:29.759 PM [TestNG-test-Test-1] INFO  [verifyingGetItByTodayFilterFunctionality] [verifyingGetItByTodayFilterFunctionality] Within safeClick method
2026-02-05 07:20:32.010 PM [TestNG-test-Test-1] INFO  [verifyingGetItByTodayFilterFunctionality] [verifyingGetItByTodayFilterFunctionality] Clicked the  [[ChromeDriver: chrome on windows (09d6cd0a521e7c2ebe5f71ae12edc31e)] -> xpath: //input[@id='nav-search-submit-button']]   using safeClick
2026-02-05 07:20:32.011 PM [TestNG-test-Test-1] INFO  [verifyingGetItByTodayFilterFunctionality] [verifyingGetItByTodayFilterFunctionality] Clicking on the submit in the search bar
2026-02-05 07:20:32.348 PM [TestNG-test-Test-1] INFO  [verifyingGetItByTodayFilterFunctionality] [verifyingGetItByTodayFilterFunctionality] Waiting until element is visible in viewport
2026-02-05 07:20:32.392 PM [TestNG-test-Test-1] INFO  [verifyingGetItByTodayFilterFunctionality] [verifyingGetItByTodayFilterFunctionality] Within validateDeliveryFilterOptionsWithResult method
2026-02-05 07:20:32.392 PM [TestNG-test-Test-1] INFO  [verifyingGetItByTodayFilterFunctionality] [verifyingGetItByTodayFilterFunctionality] Within safeClick method
2026-02-05 07:20:32.542 PM [TestNG-test-Test-1] INFO  [verifyingGetItByTodayFilterFunctionality] [verifyingGetItByTodayFilterFunctionality] Clicked the  [[ChromeDriver: chrome on windows (09d6cd0a521e7c2ebe5f71ae12edc31e)] -> xpath: //span[@class='a-size-base a-color-base puis-bold-weight-text' and text()='Delivery Day']/parent::div/following-sibling::ul//span[@class='a-size-base a-color-base' and text()='Get It Today']]   using safeClick
2026-02-05 07:20:34.545 PM [TestNG-test-Test-1] INFO  [verifyingGetItByTodayFilterFunctionality] [verifyingGetItByTodayFilterFunctionality] Within getMoreButtonByFilterTypeAndName method
2026-02-05 07:20:34.546 PM [TestNG-test-Test-1] INFO  [verifyingGetItByTodayFilterFunctionality] [verifyingGetItByTodayFilterFunctionality] Capturing screenshot: Filter_Applied_is_Get_It_By_Today__2026-02-05_192034.png
2026-02-05 07:20:34.629 PM [TestNG-test-Test-1] INFO  [verifyingGetItByTodayFilterFunctionality] [verifyingGetItByTodayFilterFunctionality] Screenshot saved at: test-output/screenshots/Run_2026-02-05_18-32-46/verifyingGetItByTodayFilterFunctionality/Filter_Applied_is_Get_It_By_Today__2026-02-05_192034.png
2026-02-05 07:20:34.629 PM [TestNG-test-Test-1] INFO  [verifyingGetItByTodayFilterFunctionality] [verifyingGetItByTodayFilterFunctionality] Clicked on By.xpath: //span[@class='a-size-base a-color-base puis-bold-weight-text' and text()='Delivery Day']/parent::div/following-sibling::ul//span[@class='a-size-base a-color-base' and text()='Get It Today']
2026-02-05 07:20:36.630 PM [TestNG-test-Test-1] INFO  [verifyingGetItByTodayFilterFunctionality] [verifyingGetItByTodayFilterFunctionality] Within safeFindElements 
2026-02-05 07:20:36.671 PM [TestNG-test-Test-1] INFO  [verifyingGetItByTodayFilterFunctionality] [verifyingGetItByTodayFilterFunctionality] Returning the  [[[ChromeDriver: chrome on windows (09d6cd0a521e7c2ebe5f71ae12edc31e)] -> xpath: //div[@class='a-section a-spacing-small a-spacing-top-small']], [[ChromeDriver: chrome on windows (09d6cd0a521e7c2ebe5f71ae12edc31e)] -> xpath: //div[@class='a-section a-spacing-small a-spacing-top-small']], [[ChromeDriver: chrome on windows (09d6cd0a521e7c2ebe5f71ae12edc31e)] -> xpath: //div[@class='a-section a-spacing-small a-spacing-top-small']], [[ChromeDriver: chrome on windows (09d6cd0a521e7c2ebe5f71ae12edc31e)] -> xpath: //div[@class='a-section a-spacing-small a-spacing-top-small']], [[ChromeDriver: chrome on windows (09d6cd0a521e7c2ebe5f71ae12edc31e)] -> xpath: //div[@class='a-section a-spacing-small a-spacing-top-small']], [[ChromeDriver: chrome on windows (09d6cd0a521e7c2ebe5f71ae12edc31e)] -> xpath: //div[@class='a-section a-spacing-small a-spacing-top-small']], [[ChromeDriver: chrome on windows (09d6cd0a521e7c2ebe5f71ae12edc31e)] -> xpath: //div[@class='a-section a-spacing-small a-spacing-top-small']], [[ChromeDriver: chrome on windows (09d6cd0a521e7c2ebe5f71ae12edc31e)] -> xpath: //div[@class='a-section a-spacing-small a-spacing-top-small']], [[ChromeDriver: chrome on windows (09d6cd0a521e7c2ebe5f71ae12edc31e)] -> xpath: //div[@class='a-section a-spacing-small a-spacing-top-small']], [[ChromeDriver: chrome on windows (09d6cd0a521e7c2ebe5f71ae12edc31e)] -> xpath: //div[@class='a-section a-spacing-small a-spacing-top-small']], [[ChromeDriver: chrome on windows (09d6cd0a521e7c2ebe5f71ae12edc31e)] -> xpath: //div[@class='a-section a-spacing-small a-spacing-top-small']], [[ChromeDriver: chrome on windows (09d6cd0a521e7c2ebe5f71ae12edc31e)] -> xpath: //div[@class='a-section a-spacing-small a-spacing-top-small']], [[ChromeDriver: chrome on windows (09d6cd0a521e7c2ebe5f71ae12edc31e)] -> xpath: //div[@class='a-section a-spacing-small a-spacing-top-small']], [[ChromeDriver: chrome on windows (09d6cd0a521e7c2ebe5f71ae12edc31e)] -> xpath: //div[@class='a-section a-spacing-small a-spacing-top-small']], [[ChromeDriver: chrome on windows (09d6cd0a521e7c2ebe5f71ae12edc31e)] -> xpath: //div[@class='a-section a-spacing-small a-spacing-top-small']], [[ChromeDriver: chrome on windows (09d6cd0a521e7c2ebe5f71ae12edc31e)] -> xpath: //div[@class='a-section a-spacing-small a-spacing-top-small']]] from the safeFindElements method
2026-02-05 07:20:36.688 PM [TestNG-test-Test-1] INFO  [verifyingGetItByTodayFilterFunctionality] [verifyingGetItByTodayFilterFunctionality] Created hashset with required data to assert with Within validateDeliveryFilterOptions method
2026-02-05 07:20:36.688 PM [TestNG-test-Test-1] INFO  [verifyingGetItByTodayFilterFunctionality] [verifyingGetItByTodayFilterFunctionality] this is the set  [Thu, Feb, Today, 05, 06, Fri, Tomorrow]
2026-02-05 07:20:36.688 PM [TestNG-test-Test-1] INFO  [verifyingGetItByTodayFilterFunctionality] [verifyingGetItByTodayFilterFunctionality] Within deliveryElements loop iterating over the products  Within validateDeliveryFilterOptions method
2026-02-05 07:20:36.718 PM [TestNG-test-Test-1] INFO  [verifyingGetItByTodayFilterFunctionality] [verifyingGetItByTodayFilterFunctionality] Checking if the allowedDateParts have the assert text   Within validateDeliveryFilterOptions method
2026-02-05 07:20:36.720 PM [TestNG-test-Test-1] INFO  [verifyingGetItByTodayFilterFunctionality] [verifyingGetItByTodayFilterFunctionality] Within deliveryElements loop iterating over the products  Within validateDeliveryFilterOptions method
2026-02-05 07:20:36.746 PM [TestNG-test-Test-1] INFO  [verifyingGetItByTodayFilterFunctionality] [verifyingGetItByTodayFilterFunctionality] Checking if the allowedDateParts have the assert text   Within validateDeliveryFilterOptions method
2026-02-05 07:20:36.746 PM [TestNG-test-Test-1] INFO  [verifyingGetItByTodayFilterFunctionality] [verifyingGetItByTodayFilterFunctionality] Within deliveryElements loop iterating over the products  Within validateDeliveryFilterOptions method
2026-02-05 07:20:36.769 PM [TestNG-test-Test-1] INFO  [verifyingGetItByTodayFilterFunctionality] [verifyingGetItByTodayFilterFunctionality] Checking if the allowedDateParts have the assert text   Within validateDeliveryFilterOptions method
2026-02-05 07:20:36.769 PM [TestNG-test-Test-1] INFO  [verifyingGetItByTodayFilterFunctionality] [verifyingGetItByTodayFilterFunctionality] Within deliveryElements loop iterating over the products  Within validateDeliveryFilterOptions method
2026-02-05 07:20:36.791 PM [TestNG-test-Test-1] INFO  [verifyingGetItByTodayFilterFunctionality] [verifyingGetItByTodayFilterFunctionality] Checking if the allowedDateParts have the assert text   Within validateDeliveryFilterOptions method
2026-02-05 07:20:36.792 PM [TestNG-test-Test-1] INFO  [verifyingGetItByTodayFilterFunctionality] [verifyingGetItByTodayFilterFunctionality] Within deliveryElements loop iterating over the products  Within validateDeliveryFilterOptions method
2026-02-05 07:20:36.812 PM [TestNG-test-Test-1] INFO  [verifyingGetItByTodayFilterFunctionality] [verifyingGetItByTodayFilterFunctionality] Checking if the allowedDateParts have the assert text   Within validateDeliveryFilterOptions method
2026-02-05 07:20:36.812 PM [TestNG-test-Test-1] INFO  [verifyingGetItByTodayFilterFunctionality] [verifyingGetItByTodayFilterFunctionality] Within deliveryElements loop iterating over the products  Within validateDeliveryFilterOptions method
2026-02-05 07:20:36.839 PM [TestNG-test-Test-1] INFO  [verifyingGetItByTodayFilterFunctionality] [verifyingGetItByTodayFilterFunctionality] Checking if the allowedDateParts have the assert text   Within validateDeliveryFilterOptions method
2026-02-05 07:20:36.839 PM [TestNG-test-Test-1] INFO  [verifyingGetItByTodayFilterFunctionality] [verifyingGetItByTodayFilterFunctionality] Within deliveryElements loop iterating over the products  Within validateDeliveryFilterOptions method
2026-02-05 07:20:36.862 PM [TestNG-test-Test-1] INFO  [verifyingGetItByTodayFilterFunctionality] [verifyingGetItByTodayFilterFunctionality] Checking if the allowedDateParts have the assert text   Within validateDeliveryFilterOptions method
2026-02-05 07:20:36.862 PM [TestNG-test-Test-1] INFO  [verifyingGetItByTodayFilterFunctionality] [verifyingGetItByTodayFilterFunctionality] Within deliveryElements loop iterating over the products  Within validateDeliveryFilterOptions method
2026-02-05 07:20:36.909 PM [TestNG-test-Test-1] INFO  [verifyingGetItByTodayFilterFunctionality] [verifyingGetItByTodayFilterFunctionality] Checking if the allowedDateParts have the assert text   Within validateDeliveryFilterOptions method
2026-02-05 07:20:36.909 PM [TestNG-test-Test-1] INFO  [verifyingGetItByTodayFilterFunctionality] [verifyingGetItByTodayFilterFunctionality] Within deliveryElements loop iterating over the products  Within validateDeliveryFilterOptions method
2026-02-05 07:20:36.939 PM [TestNG-test-Test-1] INFO  [verifyingGetItByTodayFilterFunctionality] [verifyingGetItByTodayFilterFunctionality] Checking if the allowedDateParts have the assert text   Within validateDeliveryFilterOptions method
2026-02-05 07:20:36.939 PM [TestNG-test-Test-1] INFO  [verifyingGetItByTodayFilterFunctionality] [verifyingGetItByTodayFilterFunctionality] Within deliveryElements loop iterating over the products  Within validateDeliveryFilterOptions method
2026-02-05 07:20:36.964 PM [TestNG-test-Test-1] INFO  [verifyingGetItByTodayFilterFunctionality] [verifyingGetItByTodayFilterFunctionality] Checking if the allowedDateParts have the assert text   Within validateDeliveryFilterOptions method
2026-02-05 07:20:36.964 PM [TestNG-test-Test-1] INFO  [verifyingGetItByTodayFilterFunctionality] [verifyingGetItByTodayFilterFunctionality] Within deliveryElements loop iterating over the products  Within validateDeliveryFilterOptions method
2026-02-05 07:20:36.987 PM [TestNG-test-Test-1] INFO  [verifyingGetItByTodayFilterFunctionality] [verifyingGetItByTodayFilterFunctionality] Checking if the allowedDateParts have the assert text   Within validateDeliveryFilterOptions method
2026-02-05 07:20:36.988 PM [TestNG-test-Test-1] INFO  [verifyingGetItByTodayFilterFunctionality] [verifyingGetItByTodayFilterFunctionality] Within deliveryElements loop iterating over the products  Within validateDeliveryFilterOptions method
2026-02-05 07:20:37.012 PM [TestNG-test-Test-1] INFO  [verifyingGetItByTodayFilterFunctionality] [verifyingGetItByTodayFilterFunctionality] Checking if the allowedDateParts have the assert text   Within validateDeliveryFilterOptions method
2026-02-05 07:20:37.012 PM [TestNG-test-Test-1] INFO  [verifyingGetItByTodayFilterFunctionality] [verifyingGetItByTodayFilterFunctionality] Within deliveryElements loop iterating over the products  Within validateDeliveryFilterOptions method
2026-02-05 07:20:37.034 PM [TestNG-test-Test-1] INFO  [verifyingGetItByTodayFilterFunctionality] [verifyingGetItByTodayFilterFunctionality] Checking if the allowedDateParts have the assert text   Within validateDeliveryFilterOptions method
2026-02-05 07:20:37.034 PM [TestNG-test-Test-1] INFO  [verifyingGetItByTodayFilterFunctionality] [verifyingGetItByTodayFilterFunctionality] Within deliveryElements loop iterating over the products  Within validateDeliveryFilterOptions method
2026-02-05 07:20:37.058 PM [TestNG-test-Test-1] INFO  [verifyingGetItByTodayFilterFunctionality] [verifyingGetItByTodayFilterFunctionality] Checking if the allowedDateParts have the assert text   Within validateDeliveryFilterOptions method
2026-02-05 07:20:37.058 PM [TestNG-test-Test-1] INFO  [verifyingGetItByTodayFilterFunctionality] [verifyingGetItByTodayFilterFunctionality] Within deliveryElements loop iterating over the products  Within validateDeliveryFilterOptions method
2026-02-05 07:20:37.091 PM [TestNG-test-Test-1] INFO  [verifyingGetItByTodayFilterFunctionality] [verifyingGetItByTodayFilterFunctionality] Checking if the allowedDateParts have the assert text   Within validateDeliveryFilterOptions method
2026-02-05 07:20:37.091 PM [TestNG-test-Test-1] INFO  [verifyingGetItByTodayFilterFunctionality] [verifyingGetItByTodayFilterFunctionality] Within deliveryElements loop iterating over the products  Within validateDeliveryFilterOptions method
2026-02-05 07:20:37.125 PM [TestNG-test-Test-1] INFO  [verifyingGetItByTodayFilterFunctionality] [verifyingGetItByTodayFilterFunctionality] Checking if the allowedDateParts have the assert text   Within validateDeliveryFilterOptions method
2026-02-05 07:20:37.126 PM [TestNG-test-Test-1] INFO  [verifyingGetItByTodayFilterFunctionality] [verifyingGetItByTodayFilterFunctionality] Returning the list with boolean values   Within validateDeliveryFilterOptions method
2026-02-05 07:20:37.126 PM [TestNG-test-Test-1] INFO  [verifyingGetItByTodayFilterFunctionality] [verifyingGetItByTodayFilterFunctionality] Asserting delivery filter: isValid=true, index=-1, text=All the things are valid no errors
2026-02-05 07:20:37.132 PM [TestNG-test-Test-1] INFO  [verifyingGetItByTodayFilterFunctionality] ✅ Finished test method: verifyingGetItByTodayFilterFunctionality
2026-02-05 07:20:37.372 PM [TestNG-test-Test-1] INFO  [verifyingGetItByTodayFilterFunctionality] 🔹 Starting test method: verifyingGetItByTodayFilterFunctionality
2026-02-05 07:20:37.372 PM [TestNG-test-Test-1] INFO  [verifyingGetItByTodayFilterFunctionality] No existing WebDriver found for current thread. Initializing a new ChromeDriver...
2026-02-05 07:20:37.382 PM [TestNG-test-Test-1] INFO  [verifyingGetItByTodayFilterFunctionality] WebDriverManager: chromedriver setup OK
2026-02-05 07:20:38.577 PM [TestNG-test-Test-1] INFO  [verifyingGetItByTodayFilterFunctionality] ChromeDriver initialized successfully for thread: 34
2026-02-05 07:20:39.226 PM [TestNG-test-Test-1] INFO  [verifyingGetItByTodayFilterFunctionality] [verifyingGetItByTodayFilterFunctionality] Opening amazon Landing page
2026-02-05 07:20:39.227 PM [TestNG-test-Test-1] INFO  [verifyingGetItByTodayFilterFunctionality] [verifyingGetItByTodayFilterFunctionality] Within safeFindElement method
2026-02-05 07:20:49.430 PM [TestNG-test-Test-1] INFO  [verifyingGetItByTodayFilterFunctionality] [verifyingGetItByTodayFilterFunctionality]Retrying findElement for: ->By.xpath: //a[@id='nav-logo-sprites']
2026-02-05 07:20:49.676 PM [TestNG-test-Test-1] INFO  [verifyingGetItByTodayFilterFunctionality] [verifyingGetItByTodayFilterFunctionality]Refrehsing the page , while trying to safely find : ->By.xpath: //a[@id='nav-logo-sprites']
2026-02-05 07:21:00.899 PM [TestNG-test-Test-1] INFO  [verifyingGetItByTodayFilterFunctionality] [verifyingGetItByTodayFilterFunctionality]Retrying findElement for: ->By.xpath: //a[@id='nav-logo-sprites']
2026-02-05 07:21:01.042 PM [TestNG-test-Test-1] INFO  [verifyingGetItByTodayFilterFunctionality] [verifyingGetItByTodayFilterFunctionality]Refrehsing the page , while trying to safely find : ->By.xpath: //a[@id='nav-logo-sprites']
2026-02-05 07:21:02.045 PM [TestNG-test-Test-1] INFO  [verifyingGetItByTodayFilterFunctionality] [verifyingGetItByTodayFilterFunctionality] Skipping action: Element not found after 2   attemps
2026-02-05 07:21:06.560 PM [TestNG-test-Test-1] INFO  [verifyingGetItByTodayFilterFunctionality] [verifyingGetItByTodayFilterFunctionality] Giving input within the search bar
2026-02-05 07:21:06.561 PM [TestNG-test-Test-1] INFO  [verifyingGetItByTodayFilterFunctionality] [verifyingGetItByTodayFilterFunctionality] Within safeClick method
2026-02-05 07:21:08.277 PM [TestNG-test-Test-1] INFO  [verifyingGetItByTodayFilterFunctionality] [verifyingGetItByTodayFilterFunctionality] Clicked the  [[ChromeDriver: chrome on windows (fbb14a20aa634c648868f165bf32cd7e)] -> xpath: //input[@id='nav-search-submit-button']]   using safeClick
2026-02-05 07:21:08.277 PM [TestNG-test-Test-1] INFO  [verifyingGetItByTodayFilterFunctionality] [verifyingGetItByTodayFilterFunctionality] Clicking on the submit in the search bar
2026-02-05 07:21:08.432 PM [TestNG-test-Test-1] INFO  [verifyingGetItByTodayFilterFunctionality] [verifyingGetItByTodayFilterFunctionality] Waiting until element is visible in viewport
2026-02-05 07:21:18.816 PM [TestNG-test-Test-1] WARN  [verifyingGetItByTodayFilterFunctionality] [verifyingGetItByTodayFilterFunctionality]  Filter option 'Get It Today' does not exist. Skipping the test.
2026-02-05 07:21:18.820 PM [TestNG-test-Test-1] INFO  [verifyingGetItByTodayFilterFunctionality] ✅ Finished test method: verifyingGetItByTodayFilterFunctionality
2026-02-05 07:21:19.039 PM [TestNG-test-Test-1] INFO  [verifyingGetItByTodayFilterFunctionality] 🔹 Starting test method: verifyingGetItByTodayFilterFunctionality
2026-02-05 07:21:19.040 PM [TestNG-test-Test-1] INFO  [verifyingGetItByTodayFilterFunctionality] No existing WebDriver found for current thread. Initializing a new ChromeDriver...
2026-02-05 07:21:19.048 PM [TestNG-test-Test-1] INFO  [verifyingGetItByTodayFilterFunctionality] WebDriverManager: chromedriver setup OK
2026-02-05 07:21:20.569 PM [TestNG-test-Test-1] INFO  [verifyingGetItByTodayFilterFunctionality] ChromeDriver initialized successfully for thread: 34
2026-02-05 07:21:21.317 PM [TestNG-test-Test-1] INFO  [verifyingGetItByTodayFilterFunctionality] [verifyingGetItByTodayFilterFunctionality] Opening amazon Landing page
2026-02-05 07:21:21.317 PM [TestNG-test-Test-1] INFO  [verifyingGetItByTodayFilterFunctionality] [verifyingGetItByTodayFilterFunctionality] Within safeFindElement method
2026-02-05 07:21:31.551 PM [TestNG-test-Test-1] INFO  [verifyingGetItByTodayFilterFunctionality] [verifyingGetItByTodayFilterFunctionality]Retrying findElement for: ->By.xpath: //a[@id='nav-logo-sprites']
2026-02-05 07:21:31.814 PM [TestNG-test-Test-1] INFO  [verifyingGetItByTodayFilterFunctionality] [verifyingGetItByTodayFilterFunctionality]Refrehsing the page , while trying to safely find : ->By.xpath: //a[@id='nav-logo-sprites']
2026-02-05 07:21:43.033 PM [TestNG-test-Test-1] INFO  [verifyingGetItByTodayFilterFunctionality] [verifyingGetItByTodayFilterFunctionality]Retrying findElement for: ->By.xpath: //a[@id='nav-logo-sprites']
2026-02-05 07:21:43.327 PM [TestNG-test-Test-1] INFO  [verifyingGetItByTodayFilterFunctionality] [verifyingGetItByTodayFilterFunctionality]Refrehsing the page , while trying to safely find : ->By.xpath: //a[@id='nav-logo-sprites']
2026-02-05 07:21:44.328 PM [TestNG-test-Test-1] INFO  [verifyingGetItByTodayFilterFunctionality] [verifyingGetItByTodayFilterFunctionality] Skipping action: Element not found after 2   attemps
2026-02-05 07:21:47.421 PM [TestNG-test-Test-1] INFO  [verifyingGetItByTodayFilterFunctionality] [verifyingGetItByTodayFilterFunctionality] Giving input within the search bar
2026-02-05 07:21:47.422 PM [TestNG-test-Test-1] INFO  [verifyingGetItByTodayFilterFunctionality] [verifyingGetItByTodayFilterFunctionality] Within safeClick method
2026-02-05 07:21:49.429 PM [TestNG-test-Test-1] INFO  [verifyingGetItByTodayFilterFunctionality] [verifyingGetItByTodayFilterFunctionality] Clicked the  [[ChromeDriver: chrome on windows (093646bb4937524cabeb315b945e4a0f)] -> xpath: //input[@id='nav-search-submit-button']]   using safeClick
2026-02-05 07:21:49.429 PM [TestNG-test-Test-1] INFO  [verifyingGetItByTodayFilterFunctionality] [verifyingGetItByTodayFilterFunctionality] Clicking on the submit in the search bar
2026-02-05 07:21:49.541 PM [TestNG-test-Test-1] INFO  [verifyingGetItByTodayFilterFunctionality] [verifyingGetItByTodayFilterFunctionality] Waiting until element is visible in viewport
2026-02-05 07:21:49.568 PM [TestNG-test-Test-1] INFO  [verifyingGetItByTodayFilterFunctionality] [verifyingGetItByTodayFilterFunctionality] Within validateDeliveryFilterOptionsWithResult method
2026-02-05 07:21:49.568 PM [TestNG-test-Test-1] INFO  [verifyingGetItByTodayFilterFunctionality] [verifyingGetItByTodayFilterFunctionality] Within safeClick method
2026-02-05 07:21:49.708 PM [TestNG-test-Test-1] INFO  [verifyingGetItByTodayFilterFunctionality] [verifyingGetItByTodayFilterFunctionality] Clicked the  [[ChromeDriver: chrome on windows (093646bb4937524cabeb315b945e4a0f)] -> xpath: //span[@class='a-size-base a-color-base puis-bold-weight-text' and text()='Delivery Day']/parent::div/following-sibling::ul//span[@class='a-size-base a-color-base' and text()='Get It Today']]   using safeClick
2026-02-05 07:21:51.716 PM [TestNG-test-Test-1] INFO  [verifyingGetItByTodayFilterFunctionality] [verifyingGetItByTodayFilterFunctionality] Within getMoreButtonByFilterTypeAndName method
2026-02-05 07:21:51.716 PM [TestNG-test-Test-1] INFO  [verifyingGetItByTodayFilterFunctionality] [verifyingGetItByTodayFilterFunctionality] Capturing screenshot: Filter_Applied_is_Get_It_By_Today__2026-02-05_192151.png
2026-02-05 07:21:51.864 PM [TestNG-test-Test-1] INFO  [verifyingGetItByTodayFilterFunctionality] [verifyingGetItByTodayFilterFunctionality] Screenshot saved at: test-output/screenshots/Run_2026-02-05_18-32-46/verifyingGetItByTodayFilterFunctionality/Filter_Applied_is_Get_It_By_Today__2026-02-05_192151.png
2026-02-05 07:21:51.864 PM [TestNG-test-Test-1] INFO  [verifyingGetItByTodayFilterFunctionality] [verifyingGetItByTodayFilterFunctionality] Clicked on By.xpath: //span[@class='a-size-base a-color-base puis-bold-weight-text' and text()='Delivery Day']/parent::div/following-sibling::ul//span[@class='a-size-base a-color-base' and text()='Get It Today']
2026-02-05 07:21:53.871 PM [TestNG-test-Test-1] INFO  [verifyingGetItByTodayFilterFunctionality] [verifyingGetItByTodayFilterFunctionality] Within safeFindElements 
2026-02-05 07:21:53.883 PM [TestNG-test-Test-1] INFO  [verifyingGetItByTodayFilterFunctionality] [verifyingGetItByTodayFilterFunctionality] Returning the  [[[ChromeDriver: chrome on windows (093646bb4937524cabeb315b945e4a0f)] -> xpath: //div[@class='a-section a-spacing-small a-spacing-top-small']], [[ChromeDriver: chrome on windows (093646bb4937524cabeb315b945e4a0f)] -> xpath: //div[@class='a-section a-spacing-small a-spacing-top-small']], [[ChromeDriver: chrome on windows (093646bb4937524cabeb315b945e4a0f)] -> xpath: //div[@class='a-section a-spacing-small a-spacing-top-small']], [[ChromeDriver: chrome on windows (093646bb4937524cabeb315b945e4a0f)] -> xpath: //div[@class='a-section a-spacing-small a-spacing-top-small']], [[ChromeDriver: chrome on windows (093646bb4937524cabeb315b945e4a0f)] -> xpath: //div[@class='a-section a-spacing-small a-spacing-top-small']], [[ChromeDriver: chrome on windows (093646bb4937524cabeb315b945e4a0f)] -> xpath: //div[@class='a-section a-spacing-small a-spacing-top-small']], [[ChromeDriver: chrome on windows (093646bb4937524cabeb315b945e4a0f)] -> xpath: //div[@class='a-section a-spacing-small a-spacing-top-small']], [[ChromeDriver: chrome on windows (093646bb4937524cabeb315b945e4a0f)] -> xpath: //div[@class='a-section a-spacing-small a-spacing-top-small']], [[ChromeDriver: chrome on windows (093646bb4937524cabeb315b945e4a0f)] -> xpath: //div[@class='a-section a-spacing-small a-spacing-top-small']], [[ChromeDriver: chrome on windows (093646bb4937524cabeb315b945e4a0f)] -> xpath: //div[@class='a-section a-spacing-small a-spacing-top-small']], [[ChromeDriver: chrome on windows (093646bb4937524cabeb315b945e4a0f)] -> xpath: //div[@class='a-section a-spacing-small a-spacing-top-small']], [[ChromeDriver: chrome on windows (093646bb4937524cabeb315b945e4a0f)] -> xpath: //div[@class='a-section a-spacing-small a-spacing-top-small']], [[ChromeDriver: chrome on windows (093646bb4937524cabeb315b945e4a0f)] -> xpath: //div[@class='a-section a-spacing-small a-spacing-top-small']], [[ChromeDriver: chrome on windows (093646bb4937524cabeb315b945e4a0f)] -> xpath: //div[@class='a-section a-spacing-small a-spacing-top-small']], [[ChromeDriver: chrome on windows (093646bb4937524cabeb315b945e4a0f)] -> xpath: //div[@class='a-section a-spacing-small a-spacing-top-small']], [[ChromeDriver: chrome on windows (093646bb4937524cabeb315b945e4a0f)] -> xpath: //div[@class='a-section a-spacing-small a-spacing-top-small']]] from the safeFindElements method
2026-02-05 07:21:53.883 PM [TestNG-test-Test-1] INFO  [verifyingGetItByTodayFilterFunctionality] [verifyingGetItByTodayFilterFunctionality] Created hashset with required data to assert with Within validateDeliveryFilterOptions method
2026-02-05 07:21:53.883 PM [TestNG-test-Test-1] INFO  [verifyingGetItByTodayFilterFunctionality] [verifyingGetItByTodayFilterFunctionality] this is the set  [Thu, Feb, Today, 05, 06, Fri, Tomorrow]
2026-02-05 07:21:53.883 PM [TestNG-test-Test-1] INFO  [verifyingGetItByTodayFilterFunctionality] [verifyingGetItByTodayFilterFunctionality] Within deliveryElements loop iterating over the products  Within validateDeliveryFilterOptions method
2026-02-05 07:21:53.911 PM [TestNG-test-Test-1] INFO  [verifyingGetItByTodayFilterFunctionality] [verifyingGetItByTodayFilterFunctionality] Checking if the allowedDateParts have the assert text   Within validateDeliveryFilterOptions method
2026-02-05 07:21:53.911 PM [TestNG-test-Test-1] INFO  [verifyingGetItByTodayFilterFunctionality] [verifyingGetItByTodayFilterFunctionality] Within deliveryElements loop iterating over the products  Within validateDeliveryFilterOptions method
2026-02-05 07:21:53.931 PM [TestNG-test-Test-1] INFO  [verifyingGetItByTodayFilterFunctionality] [verifyingGetItByTodayFilterFunctionality] Checking if the allowedDateParts have the assert text   Within validateDeliveryFilterOptions method
2026-02-05 07:21:53.931 PM [TestNG-test-Test-1] INFO  [verifyingGetItByTodayFilterFunctionality] [verifyingGetItByTodayFilterFunctionality] Within deliveryElements loop iterating over the products  Within validateDeliveryFilterOptions method
2026-02-05 07:21:53.952 PM [TestNG-test-Test-1] INFO  [verifyingGetItByTodayFilterFunctionality] [verifyingGetItByTodayFilterFunctionality] Checking if the allowedDateParts have the assert text   Within validateDeliveryFilterOptions method
2026-02-05 07:21:53.952 PM [TestNG-test-Test-1] INFO  [verifyingGetItByTodayFilterFunctionality] [verifyingGetItByTodayFilterFunctionality] Within deliveryElements loop iterating over the products  Within validateDeliveryFilterOptions method
2026-02-05 07:21:53.972 PM [TestNG-test-Test-1] INFO  [verifyingGetItByTodayFilterFunctionality] [verifyingGetItByTodayFilterFunctionality] Checking if the allowedDateParts have the assert text   Within validateDeliveryFilterOptions method
2026-02-05 07:21:53.972 PM [TestNG-test-Test-1] INFO  [verifyingGetItByTodayFilterFunctionality] [verifyingGetItByTodayFilterFunctionality] Within deliveryElements loop iterating over the products  Within validateDeliveryFilterOptions method
2026-02-05 07:21:53.993 PM [TestNG-test-Test-1] INFO  [verifyingGetItByTodayFilterFunctionality] [verifyingGetItByTodayFilterFunctionality] Checking if the allowedDateParts have the assert text   Within validateDeliveryFilterOptions method
2026-02-05 07:21:53.993 PM [TestNG-test-Test-1] INFO  [verifyingGetItByTodayFilterFunctionality] [verifyingGetItByTodayFilterFunctionality] Within deliveryElements loop iterating over the products  Within validateDeliveryFilterOptions method
2026-02-05 07:21:54.014 PM [TestNG-test-Test-1] INFO  [verifyingGetItByTodayFilterFunctionality] [verifyingGetItByTodayFilterFunctionality] Checking if the allowedDateParts have the assert text   Within validateDeliveryFilterOptions method
2026-02-05 07:21:54.014 PM [TestNG-test-Test-1] INFO  [verifyingGetItByTodayFilterFunctionality] [verifyingGetItByTodayFilterFunctionality] Within deliveryElements loop iterating over the products  Within validateDeliveryFilterOptions method
2026-02-05 07:21:54.033 PM [TestNG-test-Test-1] INFO  [verifyingGetItByTodayFilterFunctionality] [verifyingGetItByTodayFilterFunctionality] Checking if the allowedDateParts have the assert text   Within validateDeliveryFilterOptions method
2026-02-05 07:21:54.033 PM [TestNG-test-Test-1] INFO  [verifyingGetItByTodayFilterFunctionality] [verifyingGetItByTodayFilterFunctionality] Within deliveryElements loop iterating over the products  Within validateDeliveryFilterOptions method
2026-02-05 07:21:54.053 PM [TestNG-test-Test-1] INFO  [verifyingGetItByTodayFilterFunctionality] [verifyingGetItByTodayFilterFunctionality] Checking if the allowedDateParts have the assert text   Within validateDeliveryFilterOptions method
2026-02-05 07:21:54.053 PM [TestNG-test-Test-1] INFO  [verifyingGetItByTodayFilterFunctionality] [verifyingGetItByTodayFilterFunctionality] Within deliveryElements loop iterating over the products  Within validateDeliveryFilterOptions method
2026-02-05 07:21:54.074 PM [TestNG-test-Test-1] INFO  [verifyingGetItByTodayFilterFunctionality] [verifyingGetItByTodayFilterFunctionality] Checking if the allowedDateParts have the assert text   Within validateDeliveryFilterOptions method
2026-02-05 07:21:54.074 PM [TestNG-test-Test-1] INFO  [verifyingGetItByTodayFilterFunctionality] [verifyingGetItByTodayFilterFunctionality] Within deliveryElements loop iterating over the products  Within validateDeliveryFilterOptions method
2026-02-05 07:21:54.095 PM [TestNG-test-Test-1] INFO  [verifyingGetItByTodayFilterFunctionality] [verifyingGetItByTodayFilterFunctionality] Checking if the allowedDateParts have the assert text   Within validateDeliveryFilterOptions method
2026-02-05 07:21:54.096 PM [TestNG-test-Test-1] INFO  [verifyingGetItByTodayFilterFunctionality] [verifyingGetItByTodayFilterFunctionality] Within deliveryElements loop iterating over the products  Within validateDeliveryFilterOptions method
2026-02-05 07:21:54.119 PM [TestNG-test-Test-1] INFO  [verifyingGetItByTodayFilterFunctionality] [verifyingGetItByTodayFilterFunctionality] Checking if the allowedDateParts have the assert text   Within validateDeliveryFilterOptions method
2026-02-05 07:21:54.120 PM [TestNG-test-Test-1] INFO  [verifyingGetItByTodayFilterFunctionality] [verifyingGetItByTodayFilterFunctionality] Within deliveryElements loop iterating over the products  Within validateDeliveryFilterOptions method
2026-02-05 07:21:54.140 PM [TestNG-test-Test-1] INFO  [verifyingGetItByTodayFilterFunctionality] [verifyingGetItByTodayFilterFunctionality] Checking if the allowedDateParts have the assert text   Within validateDeliveryFilterOptions method
2026-02-05 07:21:54.140 PM [TestNG-test-Test-1] INFO  [verifyingGetItByTodayFilterFunctionality] [verifyingGetItByTodayFilterFunctionality] Within deliveryElements loop iterating over the products  Within validateDeliveryFilterOptions method
2026-02-05 07:21:54.160 PM [TestNG-test-Test-1] INFO  [verifyingGetItByTodayFilterFunctionality] [verifyingGetItByTodayFilterFunctionality] Checking if the allowedDateParts have the assert text   Within validateDeliveryFilterOptions method
2026-02-05 07:21:54.160 PM [TestNG-test-Test-1] INFO  [verifyingGetItByTodayFilterFunctionality] [verifyingGetItByTodayFilterFunctionality] Within deliveryElements loop iterating over the products  Within validateDeliveryFilterOptions method
2026-02-05 07:21:54.178 PM [TestNG-test-Test-1] INFO  [verifyingGetItByTodayFilterFunctionality] [verifyingGetItByTodayFilterFunctionality] Checking if the allowedDateParts have the assert text   Within validateDeliveryFilterOptions method
2026-02-05 07:21:54.180 PM [TestNG-test-Test-1] INFO  [verifyingGetItByTodayFilterFunctionality] [verifyingGetItByTodayFilterFunctionality] Within deliveryElements loop iterating over the products  Within validateDeliveryFilterOptions method
2026-02-05 07:21:54.198 PM [TestNG-test-Test-1] INFO  [verifyingGetItByTodayFilterFunctionality] [verifyingGetItByTodayFilterFunctionality] Checking if the allowedDateParts have the assert text   Within validateDeliveryFilterOptions method
2026-02-05 07:21:54.198 PM [TestNG-test-Test-1] INFO  [verifyingGetItByTodayFilterFunctionality] [verifyingGetItByTodayFilterFunctionality] Within deliveryElements loop iterating over the products  Within validateDeliveryFilterOptions method
2026-02-05 07:21:54.221 PM [TestNG-test-Test-1] INFO  [verifyingGetItByTodayFilterFunctionality] [verifyingGetItByTodayFilterFunctionality] Checking if the allowedDateParts have the assert text   Within validateDeliveryFilterOptions method
2026-02-05 07:21:54.221 PM [TestNG-test-Test-1] INFO  [verifyingGetItByTodayFilterFunctionality] [verifyingGetItByTodayFilterFunctionality] Returning the list with boolean values   Within validateDeliveryFilterOptions method
2026-02-05 07:21:54.221 PM [TestNG-test-Test-1] INFO  [verifyingGetItByTodayFilterFunctionality] [verifyingGetItByTodayFilterFunctionality] Asserting delivery filter: isValid=true, index=-1, text=All the things are valid no errors
2026-02-05 07:21:54.223 PM [TestNG-test-Test-1] INFO  [verifyingGetItByTodayFilterFunctionality] ✅ Finished test method: verifyingGetItByTodayFilterFunctionality
