17:27:47 [TestNG-test-Test-3] INFO  verifyingFreeDeliveryFilterFunctionality_Mobile_17-27-47 - No existing WebDriver found for current thread. Initializing a new ChromeDriver...
17:27:47 [TestNG-test-Test-3] INFO  verifyingFreeDeliveryFilterFunctionality_Mobile_17-27-47 - WebDriverManager: chromedriver setup OK
17:27:49 [TestNG-test-Test-3] INFO  verifyingFreeDeliveryFilterFunctionality_Mobile_17-27-47 - ChromeDriver initialized successfully for thread: 36
17:27:49 [TestNG-test-Test-3] INFO  verifyingFreeDeliveryFilterFunctionality_Mobile_17-27-47 - [verifyingFreeDeliveryFilterFunctionality_Mobile_17-27-47] Opening amazon Landing page
17:27:49 [TestNG-test-Test-3] INFO  verifyingFreeDeliveryFilterFunctionality_Mobile_17-27-47 - [verifyingFreeDeliveryFilterFunctionality_Mobile_17-27-47] Within safeFindElement method
17:27:54 [TestNG-test-Test-3] INFO  verifyingFreeDeliveryFilterFunctionality_Mobile_17-27-47 - [verifyingFreeDeliveryFilterFunctionality_Mobile_17-27-47]Retrying findElement for: ->By.xpath: //a[@id='nav-logo-sprites']
17:27:54 [TestNG-test-Test-3] INFO  verifyingFreeDeliveryFilterFunctionality_Mobile_17-27-47 - [verifyingFreeDeliveryFilterFunctionality_Mobile_17-27-47]Refrehsing the page , while trying to safely find : ->By.xpath: //a[@id='nav-logo-sprites']
17:28:00 [TestNG-test-Test-3] INFO  verifyingFreeDeliveryFilterFunctionality_Mobile_17-27-47 - [verifyingFreeDeliveryFilterFunctionality_Mobile_17-27-47]Retrying findElement for: ->By.xpath: //a[@id='nav-logo-sprites']
17:28:00 [TestNG-test-Test-3] INFO  verifyingFreeDeliveryFilterFunctionality_Mobile_17-27-47 - [verifyingFreeDeliveryFilterFunctionality_Mobile_17-27-47]Refrehsing the page , while trying to safely find : ->By.xpath: //a[@id='nav-logo-sprites']
17:28:00 [TestNG-test-Test-3] INFO  verifyingFreeDeliveryFilterFunctionality_Mobile_17-27-47 - [verifyingFreeDeliveryFilterFunctionality_Mobile_17-27-47] Skipping action: Element not found after 2   attemps
17:28:03 [TestNG-test-Test-3] INFO  verifyingFreeDeliveryFilterFunctionality_Mobile_17-27-47 - [verifyingFreeDeliveryFilterFunctionality_Mobile_17-27-47] Giving input within the search bar
17:28:03 [TestNG-test-Test-3] INFO  verifyingFreeDeliveryFilterFunctionality_Mobile_17-27-47 - [verifyingFreeDeliveryFilterFunctionality_Mobile_17-27-47] Within safeClick method
17:28:06 [TestNG-test-Test-3] INFO  verifyingFreeDeliveryFilterFunctionality_Mobile_17-27-47 - [verifyingFreeDeliveryFilterFunctionality_Mobile_17-27-47] Clicked the  [[ChromeDriver: chrome on windows (398708deeb2e27c7ab1c1fb6c8ced73d)] -> xpath: //input[@id='nav-search-submit-button']]   using safeClick
17:28:06 [TestNG-test-Test-3] INFO  verifyingFreeDeliveryFilterFunctionality_Mobile_17-27-47 - [verifyingFreeDeliveryFilterFunctionality_Mobile_17-27-47] Clicking on the submit in the search bar
17:28:06 [TestNG-test-Test-3] INFO  verifyingFreeDeliveryFilterFunctionality_Mobile_17-27-47 - [verifyingFreeDeliveryFilterFunctionality_Mobile_17-27-47] Waiting until element is visible in viewport
17:28:06 [TestNG-test-Test-3] INFO  verifyingFreeDeliveryFilterFunctionality_Mobile_17-27-47 - [verifyingFreeDeliveryFilterFunctionality_Mobile_17-27-47] Within validateDeliveryFilterOptionsWithResult method
17:28:06 [TestNG-test-Test-3] INFO  verifyingFreeDeliveryFilterFunctionality_Mobile_17-27-47 - [verifyingFreeDeliveryFilterFunctionality_Mobile_17-27-47] Within safeClick method
17:28:08 [TestNG-test-Test-3] INFO  verifyingFreeDeliveryFilterFunctionality_Mobile_17-27-47 - [verifyingFreeDeliveryFilterFunctionality_Mobile_17-27-47] Clicked the  [[ChromeDriver: chrome on windows (398708deeb2e27c7ab1c1fb6c8ced73d)] -> xpath: //span[@class='a-size-base a-color-base puis-bold-weight-text' and text()='Eligible for Free Delivery']/parent::div/following-sibling::ul//span[@class='a-size-base a-color-base' and text()='Free Shipping']]   using safeClick
17:28:08 [TestNG-test-Test-3] INFO  verifyingFreeDeliveryFilterFunctionality_Mobile_17-27-47 - [verifyingFreeDeliveryFilterFunctionality_Mobile_17-27-47] Within getMoreButtonByFilterTypeAndName method
17:28:08 [TestNG-test-Test-3] INFO  verifyingFreeDeliveryFilterFunctionality_Mobile_17-27-47 - [verifyingFreeDeliveryFilterFunctionality_Mobile_17-27-47] Clicked on By.xpath: //span[@class='a-size-base a-color-base puis-bold-weight-text' and text()='Eligible for Free Delivery']/parent::div/following-sibling::ul//span[@class='a-size-base a-color-base' and text()='Free Shipping']
17:28:08 [TestNG-test-Test-3] INFO  verifyingFreeDeliveryFilterFunctionality_Mobile_17-27-47 - [verifyingFreeDeliveryFilterFunctionality_Mobile_17-27-47] Within safeFindElements 
17:28:08 [TestNG-test-Test-3] INFO  verifyingFreeDeliveryFilterFunctionality_Mobile_17-27-47 - [verifyingFreeDeliveryFilterFunctionality_Mobile_17-27-47] Returning the  [[[ChromeDriver: chrome on windows (398708deeb2e27c7ab1c1fb6c8ced73d)] -> xpath: //div[@class='a-section a-spacing-small a-spacing-top-small']], [[ChromeDriver: chrome on windows (398708deeb2e27c7ab1c1fb6c8ced73d)] -> xpath: //div[@class='a-section a-spacing-small a-spacing-top-small']], [[ChromeDriver: chrome on windows (398708deeb2e27c7ab1c1fb6c8ced73d)] -> xpath: //div[@class='a-section a-spacing-small a-spacing-top-small']], [[ChromeDriver: chrome on windows (398708deeb2e27c7ab1c1fb6c8ced73d)] -> xpath: //div[@class='a-section a-spacing-small a-spacing-top-small']], [[ChromeDriver: chrome on windows (398708deeb2e27c7ab1c1fb6c8ced73d)] -> xpath: //div[@class='a-section a-spacing-small a-spacing-top-small']], [[ChromeDriver: chrome on windows (398708deeb2e27c7ab1c1fb6c8ced73d)] -> xpath: //div[@class='a-section a-spacing-small a-spacing-top-small']], [[ChromeDriver: chrome on windows (398708deeb2e27c7ab1c1fb6c8ced73d)] -> xpath: //div[@class='a-section a-spacing-small a-spacing-top-small']], [[ChromeDriver: chrome on windows (398708deeb2e27c7ab1c1fb6c8ced73d)] -> xpath: //div[@class='a-section a-spacing-small a-spacing-top-small']], [[ChromeDriver: chrome on windows (398708deeb2e27c7ab1c1fb6c8ced73d)] -> xpath: //div[@class='a-section a-spacing-small a-spacing-top-small']], [[ChromeDriver: chrome on windows (398708deeb2e27c7ab1c1fb6c8ced73d)] -> xpath: //div[@class='a-section a-spacing-small a-spacing-top-small']], [[ChromeDriver: chrome on windows (398708deeb2e27c7ab1c1fb6c8ced73d)] -> xpath: //div[@class='a-section a-spacing-small a-spacing-top-small']], [[ChromeDriver: chrome on windows (398708deeb2e27c7ab1c1fb6c8ced73d)] -> xpath: //div[@class='a-section a-spacing-small a-spacing-top-small']], [[ChromeDriver: chrome on windows (398708deeb2e27c7ab1c1fb6c8ced73d)] -> xpath: //div[@class='a-section a-spacing-small a-spacing-top-small']], [[ChromeDriver: chrome on windows (398708deeb2e27c7ab1c1fb6c8ced73d)] -> xpath: //div[@class='a-section a-spacing-small a-spacing-top-small']], [[ChromeDriver: chrome on windows (398708deeb2e27c7ab1c1fb6c8ced73d)] -> xpath: //div[@class='a-section a-spacing-small a-spacing-top-small']], [[ChromeDriver: chrome on windows (398708deeb2e27c7ab1c1fb6c8ced73d)] -> xpath: //div[@class='a-section a-spacing-small a-spacing-top-small']]] from the safeFindElements method
17:28:08 [TestNG-test-Test-3] INFO  verifyingFreeDeliveryFilterFunctionality_Mobile_17-27-47 - [verifyingFreeDeliveryFilterFunctionality_Mobile_17-27-47] Created hashset with required data to assert with Within validateDeliveryFilterOptions method
17:28:08 [TestNG-test-Test-3] INFO  verifyingFreeDeliveryFilterFunctionality_Mobile_17-27-47 - [verifyingFreeDeliveryFilterFunctionality_Mobile_17-27-47] this is the set  [Apr, Today, 05, FREE delivery, 06, Sun, Mon, Tomorrow]
17:28:08 [TestNG-test-Test-3] INFO  verifyingFreeDeliveryFilterFunctionality_Mobile_17-27-47 - [verifyingFreeDeliveryFilterFunctionality_Mobile_17-27-47] Within deliveryElements loop iterating over the products  Within validateDeliveryFilterOptions method
17:28:08 [TestNG-test-Test-3] INFO  verifyingFreeDeliveryFilterFunctionality_Mobile_17-27-47 - [verifyingFreeDeliveryFilterFunctionality_Mobile_17-27-47] Checking if the allowedDateParts have the assert text   Within validateDeliveryFilterOptions method
17:28:08 [TestNG-test-Test-3] INFO  verifyingFreeDeliveryFilterFunctionality_Mobile_17-27-47 - [verifyingFreeDeliveryFilterFunctionality_Mobile_17-27-47] Within deliveryElements loop iterating over the products  Within validateDeliveryFilterOptions method
17:28:08 [TestNG-test-Test-3] INFO  verifyingFreeDeliveryFilterFunctionality_Mobile_17-27-47 - [verifyingFreeDeliveryFilterFunctionality_Mobile_17-27-47] Checking if the allowedDateParts have the assert text   Within validateDeliveryFilterOptions method
17:28:08 [TestNG-test-Test-3] INFO  verifyingFreeDeliveryFilterFunctionality_Mobile_17-27-47 - [verifyingFreeDeliveryFilterFunctionality_Mobile_17-27-47] Within deliveryElements loop iterating over the products  Within validateDeliveryFilterOptions method
17:28:09 [TestNG-test-Test-3] INFO  verifyingFreeDeliveryFilterFunctionality_Mobile_17-27-47 - [verifyingFreeDeliveryFilterFunctionality_Mobile_17-27-47] Checking if the allowedDateParts have the assert text   Within validateDeliveryFilterOptions method
17:28:09 [TestNG-test-Test-3] INFO  verifyingFreeDeliveryFilterFunctionality_Mobile_17-27-47 - [verifyingFreeDeliveryFilterFunctionality_Mobile_17-27-47] Within deliveryElements loop iterating over the products  Within validateDeliveryFilterOptions method
17:28:09 [TestNG-test-Test-3] INFO  verifyingFreeDeliveryFilterFunctionality_Mobile_17-27-47 - [verifyingFreeDeliveryFilterFunctionality_Mobile_17-27-47] Checking if the allowedDateParts have the assert text   Within validateDeliveryFilterOptions method
17:28:09 [TestNG-test-Test-3] INFO  verifyingFreeDeliveryFilterFunctionality_Mobile_17-27-47 - [verifyingFreeDeliveryFilterFunctionality_Mobile_17-27-47] Within deliveryElements loop iterating over the products  Within validateDeliveryFilterOptions method
17:28:09 [TestNG-test-Test-3] INFO  verifyingFreeDeliveryFilterFunctionality_Mobile_17-27-47 - [verifyingFreeDeliveryFilterFunctionality_Mobile_17-27-47] Checking if the allowedDateParts have the assert text   Within validateDeliveryFilterOptions method
17:28:09 [TestNG-test-Test-3] INFO  verifyingFreeDeliveryFilterFunctionality_Mobile_17-27-47 - [verifyingFreeDeliveryFilterFunctionality_Mobile_17-27-47] Within deliveryElements loop iterating over the products  Within validateDeliveryFilterOptions method
17:28:09 [TestNG-test-Test-3] INFO  verifyingFreeDeliveryFilterFunctionality_Mobile_17-27-47 - [verifyingFreeDeliveryFilterFunctionality_Mobile_17-27-47] Checking if the allowedDateParts have the assert text   Within validateDeliveryFilterOptions method
17:28:09 [TestNG-test-Test-3] INFO  verifyingFreeDeliveryFilterFunctionality_Mobile_17-27-47 - [verifyingFreeDeliveryFilterFunctionality_Mobile_17-27-47] Within deliveryElements loop iterating over the products  Within validateDeliveryFilterOptions method
17:28:09 [TestNG-test-Test-3] INFO  verifyingFreeDeliveryFilterFunctionality_Mobile_17-27-47 - [verifyingFreeDeliveryFilterFunctionality_Mobile_17-27-47] Checking if the allowedDateParts have the assert text   Within validateDeliveryFilterOptions method
17:28:09 [TestNG-test-Test-3] INFO  verifyingFreeDeliveryFilterFunctionality_Mobile_17-27-47 - [verifyingFreeDeliveryFilterFunctionality_Mobile_17-27-47] Within deliveryElements loop iterating over the products  Within validateDeliveryFilterOptions method
17:28:09 [TestNG-test-Test-3] INFO  verifyingFreeDeliveryFilterFunctionality_Mobile_17-27-47 - [verifyingFreeDeliveryFilterFunctionality_Mobile_17-27-47] Checking if the allowedDateParts have the assert text   Within validateDeliveryFilterOptions method
17:28:09 [TestNG-test-Test-3] INFO  verifyingFreeDeliveryFilterFunctionality_Mobile_17-27-47 - [verifyingFreeDeliveryFilterFunctionality_Mobile_17-27-47] Within deliveryElements loop iterating over the products  Within validateDeliveryFilterOptions method
17:28:09 [TestNG-test-Test-3] INFO  verifyingFreeDeliveryFilterFunctionality_Mobile_17-27-47 - [verifyingFreeDeliveryFilterFunctionality_Mobile_17-27-47] Checking if the allowedDateParts have the assert text   Within validateDeliveryFilterOptions method
17:28:09 [TestNG-test-Test-3] INFO  verifyingFreeDeliveryFilterFunctionality_Mobile_17-27-47 - [verifyingFreeDeliveryFilterFunctionality_Mobile_17-27-47] Within deliveryElements loop iterating over the products  Within validateDeliveryFilterOptions method
17:28:09 [TestNG-test-Test-3] INFO  verifyingFreeDeliveryFilterFunctionality_Mobile_17-27-47 - [verifyingFreeDeliveryFilterFunctionality_Mobile_17-27-47] Checking if the allowedDateParts have the assert text   Within validateDeliveryFilterOptions method
17:28:09 [TestNG-test-Test-3] INFO  verifyingFreeDeliveryFilterFunctionality_Mobile_17-27-47 - [verifyingFreeDeliveryFilterFunctionality_Mobile_17-27-47] Within deliveryElements loop iterating over the products  Within validateDeliveryFilterOptions method
17:28:09 [TestNG-test-Test-3] INFO  verifyingFreeDeliveryFilterFunctionality_Mobile_17-27-47 - [verifyingFreeDeliveryFilterFunctionality_Mobile_17-27-47] Checking if the allowedDateParts have the assert text   Within validateDeliveryFilterOptions method
17:28:09 [TestNG-test-Test-3] INFO  verifyingFreeDeliveryFilterFunctionality_Mobile_17-27-47 - [verifyingFreeDeliveryFilterFunctionality_Mobile_17-27-47] Within deliveryElements loop iterating over the products  Within validateDeliveryFilterOptions method
17:28:09 [TestNG-test-Test-3] INFO  verifyingFreeDeliveryFilterFunctionality_Mobile_17-27-47 - [verifyingFreeDeliveryFilterFunctionality_Mobile_17-27-47] Checking if the allowedDateParts have the assert text   Within validateDeliveryFilterOptions method
17:28:09 [TestNG-test-Test-3] INFO  verifyingFreeDeliveryFilterFunctionality_Mobile_17-27-47 - [verifyingFreeDeliveryFilterFunctionality_Mobile_17-27-47] Within deliveryElements loop iterating over the products  Within validateDeliveryFilterOptions method
17:28:09 [TestNG-test-Test-3] INFO  verifyingFreeDeliveryFilterFunctionality_Mobile_17-27-47 - [verifyingFreeDeliveryFilterFunctionality_Mobile_17-27-47] Checking if the allowedDateParts have the assert text   Within validateDeliveryFilterOptions method
17:28:09 [TestNG-test-Test-3] INFO  verifyingFreeDeliveryFilterFunctionality_Mobile_17-27-47 - [verifyingFreeDeliveryFilterFunctionality_Mobile_17-27-47] Within deliveryElements loop iterating over the products  Within validateDeliveryFilterOptions method
17:28:09 [TestNG-test-Test-3] INFO  verifyingFreeDeliveryFilterFunctionality_Mobile_17-27-47 - [verifyingFreeDeliveryFilterFunctionality_Mobile_17-27-47] Checking if the allowedDateParts have the assert text   Within validateDeliveryFilterOptions method
17:28:09 [TestNG-test-Test-3] INFO  verifyingFreeDeliveryFilterFunctionality_Mobile_17-27-47 - [verifyingFreeDeliveryFilterFunctionality_Mobile_17-27-47] Within deliveryElements loop iterating over the products  Within validateDeliveryFilterOptions method
17:28:09 [TestNG-test-Test-3] INFO  verifyingFreeDeliveryFilterFunctionality_Mobile_17-27-47 - [verifyingFreeDeliveryFilterFunctionality_Mobile_17-27-47] Checking if the allowedDateParts have the assert text   Within validateDeliveryFilterOptions method
17:28:09 [TestNG-test-Test-3] INFO  verifyingFreeDeliveryFilterFunctionality_Mobile_17-27-47 - [verifyingFreeDeliveryFilterFunctionality_Mobile_17-27-47] Within deliveryElements loop iterating over the products  Within validateDeliveryFilterOptions method
17:28:09 [TestNG-test-Test-3] INFO  verifyingFreeDeliveryFilterFunctionality_Mobile_17-27-47 - [verifyingFreeDeliveryFilterFunctionality_Mobile_17-27-47] Checking if the allowedDateParts have the assert text   Within validateDeliveryFilterOptions method
17:28:09 [TestNG-test-Test-3] INFO  verifyingFreeDeliveryFilterFunctionality_Mobile_17-27-47 - [verifyingFreeDeliveryFilterFunctionality_Mobile_17-27-47] Returning the list with boolean values   Within validateDeliveryFilterOptions method
17:28:09 [TestNG-test-Test-3] INFO  verifyingFreeDeliveryFilterFunctionality_Mobile_17-27-47 - [verifyingFreeDeliveryFilterFunctionality_Mobile_17-27-47] Asserting delivery filter: isValid=true, index=-1, text=All the things are valid no errors
