2025-12-12 11:09:00.986 PM [TestNG-test=Test-2] INFO  [verifyingDiscountFilterFunctionality] 🔹 Starting test method: verifyingDiscountFilterFunctionality
2025-12-12 11:09:01.021 PM [TestNG-test=Test-2] INFO  [verifyingDiscountFilterFunctionality] No existing WebDriver found for current thread. Initializing a new ChromeDriver...
2025-12-12 11:09:01.035 PM [TestNG-test=Test-2] INFO  [verifyingDiscountFilterFunctionality] Loaded config from classpath: UtilData.properties
2025-12-12 11:09:01.955 PM [TestNG-test=Test-2] INFO  [verifyingDiscountFilterFunctionality] WebDriverManager: chromedriver setup OK
2025-12-12 11:09:05.589 PM [TestNG-test=Test-2] INFO  [verifyingDiscountFilterFunctionality] ChromeDriver initialized successfully for thread: 30
2025-12-12 11:09:12.154 PM [TestNG-test=Test-2] INFO  [verifyingDiscountFilterFunctionality] [verifyingDiscountFilterFunctionality] Opening amazon Landing page
2025-12-12 11:09:17.473 PM [TestNG-test=Test-2] INFO  [verifyingDiscountFilterFunctionality] [verifyingDiscountFilterFunctionality] Giving input within the search bar
2025-12-12 11:09:17.474 PM [TestNG-test=Test-2] INFO  [verifyingDiscountFilterFunctionality] [verifyingDiscountFilterFunctionality] Within safeClick method
2025-12-12 11:09:23.425 PM [TestNG-test=Test-2] INFO  [verifyingDiscountFilterFunctionality] [verifyingDiscountFilterFunctionality] Clicked the  [[ChromeDriver: chrome on windows (7cc2dff0a33c6a103c600d58d329ccb4)] -> xpath: //input[@id='nav-search-submit-button']]   using safeClick
2025-12-12 11:09:23.426 PM [TestNG-test=Test-2] INFO  [verifyingDiscountFilterFunctionality] [verifyingDiscountFilterFunctionality] Clicking on the submit in the search bar
2025-12-12 11:09:24.115 PM [TestNG-test=Test-2] INFO  [verifyingDiscountFilterFunctionality] [verifyingDiscountFilterFunctionality] Within filterCheckUnderList method
2025-12-12 11:09:26.464 PM [TestNG-test=Test-2] INFO  [verifyingDiscountFilterFunctionality] [verifyingDiscountFilterFunctionality] Found the Filter within the filter check List
2025-12-12 11:09:26.464 PM [TestNG-test=Test-2] INFO  [verifyingDiscountFilterFunctionality] [verifyingDiscountFilterFunctionality] Within applyFilterAndValidateProductsWithResult method
2025-12-12 11:09:26.465 PM [TestNG-test=Test-2] INFO  [verifyingDiscountFilterFunctionality] [verifyingDiscountFilterFunctionality] Within safeFindElements 
2025-12-12 11:09:26.550 PM [TestNG-test=Test-2] INFO  [verifyingDiscountFilterFunctionality] [verifyingDiscountFilterFunctionality] Returning the  [[[ChromeDriver: chrome on windows (7cc2dff0a33c6a103c600d58d329ccb4)] -> xpath: //span[@class='a-size-base a-color-base puis-bold-weight-text' and text()='Discount']/parent::div/following-sibling::ul//span[@class='a-size-base a-color-base']], [[ChromeDriver: chrome on windows (7cc2dff0a33c6a103c600d58d329ccb4)] -> xpath: //span[@class='a-size-base a-color-base puis-bold-weight-text' and text()='Discount']/parent::div/following-sibling::ul//span[@class='a-size-base a-color-base']], [[ChromeDriver: chrome on windows (7cc2dff0a33c6a103c600d58d329ccb4)] -> xpath: //span[@class='a-size-base a-color-base puis-bold-weight-text' and text()='Discount']/parent::div/following-sibling::ul//span[@class='a-size-base a-color-base']], [[ChromeDriver: chrome on windows (7cc2dff0a33c6a103c600d58d329ccb4)] -> xpath: //span[@class='a-size-base a-color-base puis-bold-weight-text' and text()='Discount']/parent::div/following-sibling::ul//span[@class='a-size-base a-color-base']], [[ChromeDriver: chrome on windows (7cc2dff0a33c6a103c600d58d329ccb4)] -> xpath: //span[@class='a-size-base a-color-base puis-bold-weight-text' and text()='Discount']/parent::div/following-sibling::ul//span[@class='a-size-base a-color-base']], [[ChromeDriver: chrome on windows (7cc2dff0a33c6a103c600d58d329ccb4)] -> xpath: //span[@class='a-size-base a-color-base puis-bold-weight-text' and text()='Discount']/parent::div/following-sibling::ul//span[@class='a-size-base a-color-base']]] from the safeFindElements method
2025-12-12 11:09:26.563 PM [TestNG-test=Test-2] INFO  [verifyingDiscountFilterFunctionality] [verifyingDiscountFilterFunctionality] Within applyFilterAndValidateProductsWithResult filterOptions size is -> 6
2025-12-12 11:09:26.570 PM [TestNG-test=Test-2] INFO  [verifyingDiscountFilterFunctionality] [verifyingDiscountFilterFunctionality] Execution is Not CRON Job Hence refering to normal keys from UtilData
2025-12-12 11:09:26.571 PM [TestNG-test=Test-2] INFO  [verifyingDiscountFilterFunctionality] [verifyingDiscountFilterFunctionality] Within filterOptions loop in applyFilterAndValidateProductsWithResult
2025-12-12 11:09:26.571 PM [TestNG-test=Test-2] INFO  [verifyingDiscountFilterFunctionality] [verifyingDiscountFilterFunctionality] Within safeFindElements 
2025-12-12 11:09:26.655 PM [TestNG-test=Test-2] INFO  [verifyingDiscountFilterFunctionality] [verifyingDiscountFilterFunctionality] Returning the  [[[ChromeDriver: chrome on windows (7cc2dff0a33c6a103c600d58d329ccb4)] -> xpath: //span[@class='a-size-base a-color-base puis-bold-weight-text' and text()='Discount']/parent::div/following-sibling::ul//span[@class='a-size-base a-color-base']], [[ChromeDriver: chrome on windows (7cc2dff0a33c6a103c600d58d329ccb4)] -> xpath: //span[@class='a-size-base a-color-base puis-bold-weight-text' and text()='Discount']/parent::div/following-sibling::ul//span[@class='a-size-base a-color-base']], [[ChromeDriver: chrome on windows (7cc2dff0a33c6a103c600d58d329ccb4)] -> xpath: //span[@class='a-size-base a-color-base puis-bold-weight-text' and text()='Discount']/parent::div/following-sibling::ul//span[@class='a-size-base a-color-base']], [[ChromeDriver: chrome on windows (7cc2dff0a33c6a103c600d58d329ccb4)] -> xpath: //span[@class='a-size-base a-color-base puis-bold-weight-text' and text()='Discount']/parent::div/following-sibling::ul//span[@class='a-size-base a-color-base']], [[ChromeDriver: chrome on windows (7cc2dff0a33c6a103c600d58d329ccb4)] -> xpath: //span[@class='a-size-base a-color-base puis-bold-weight-text' and text()='Discount']/parent::div/following-sibling::ul//span[@class='a-size-base a-color-base']], [[ChromeDriver: chrome on windows (7cc2dff0a33c6a103c600d58d329ccb4)] -> xpath: //span[@class='a-size-base a-color-base puis-bold-weight-text' and text()='Discount']/parent::div/following-sibling::ul//span[@class='a-size-base a-color-base']]] from the safeFindElements method
2025-12-12 11:09:26.807 PM [TestNG-test=Test-2] INFO  [verifyingDiscountFilterFunctionality] [verifyingDiscountFilterFunctionality] Trying to read filter option 0 (attempt 1/3)
2025-12-12 11:09:26.859 PM [TestNG-test=Test-2] INFO  [verifyingDiscountFilterFunctionality] [verifyingDiscountFilterFunctionality] Successfully read filter option 0 = '10% Off or more'
2025-12-12 11:09:26.862 PM [TestNG-test=Test-2] INFO  [verifyingDiscountFilterFunctionality] [verifyingDiscountFilterFunctionality] Within getfilterByTypeAndName method
2025-12-12 11:09:26.865 PM [TestNG-test=Test-2] INFO  [verifyingDiscountFilterFunctionality] [verifyingDiscountFilterFunctionality] Within safeClickBooleanWithScreenShot method
2025-12-12 11:09:26.907 PM [TestNG-test=Test-2] INFO  [verifyingDiscountFilterFunctionality] [verifyingDiscountFilterFunctionality] Within getAppliedfilterByTypeAndName method
2025-12-12 11:09:27.051 PM [TestNG-test=Test-2] INFO  [verifyingDiscountFilterFunctionality] [verifyingDiscountFilterFunctionality] Within smoothScrollToElement method
2025-12-12 11:09:27.052 PM [TestNG-test=Test-2] INFO  [verifyingDiscountFilterFunctionality] [verifyingDiscountFilterFunctionality] Within safeFindElement method
2025-12-12 11:09:27.223 PM [TestNG-test=Test-2] INFO  [verifyingDiscountFilterFunctionality] [verifyingDiscountFilterFunctionality]Found the element returning it ,element ->[[ChromeDriver: chrome on windows (7cc2dff0a33c6a103c600d58d329ccb4)] -> xpath: //ul[@id='filter-p_n_pct-off-with-tax']]
2025-12-12 11:09:27.271 PM [TestNG-test=Test-2] INFO  [verifyingDiscountFilterFunctionality] [verifyingDiscountFilterFunctionality] Successfully scrolled to element: By.xpath: //ul[@id='filter-p_n_pct-off-with-tax']
2025-12-12 11:09:27.272 PM [TestNG-test=Test-2] INFO  [verifyingDiscountFilterFunctionality] [verifyingDiscountFilterFunctionality] Within getMoreButtonByFilterTypeAndName method
2025-12-12 11:09:27.272 PM [TestNG-test=Test-2] INFO  [verifyingDiscountFilterFunctionality] [verifyingDiscountFilterFunctionality] could not find more button
2025-12-12 11:09:30.771 PM [TestNG-test=Test-2] INFO  [verifyingDiscountFilterFunctionality] [verifyingDiscountFilterFunctionality] Within getAppliedfilterByTypeAndName method
2025-12-12 11:09:30.772 PM [TestNG-test=Test-2] INFO  [verifyingDiscountFilterFunctionality] [verifyingDiscountFilterFunctionality] Within smoothScrollToElement method
2025-12-12 11:09:30.772 PM [TestNG-test=Test-2] INFO  [verifyingDiscountFilterFunctionality] [verifyingDiscountFilterFunctionality] Within safeFindElement method
2025-12-12 11:09:31.934 PM [TestNG-test=Test-2] INFO  [verifyingDiscountFilterFunctionality] [verifyingDiscountFilterFunctionality]Found the element returning it ,element ->[[ChromeDriver: chrome on windows (7cc2dff0a33c6a103c600d58d329ccb4)] -> xpath: //ul[@id='filter-p_n_pct-off-with-tax']]
2025-12-12 11:09:32.084 PM [TestNG-test=Test-2] INFO  [verifyingDiscountFilterFunctionality] [verifyingDiscountFilterFunctionality] Successfully scrolled to element: By.xpath: //ul[@id='filter-p_n_pct-off-with-tax']
2025-12-12 11:09:33.099 PM [TestNG-test=Test-2] INFO  [verifyingDiscountFilterFunctionality] [verifyingDiscountFilterFunctionality] Within getMoreButtonByFilterTypeAndName method
2025-12-12 11:09:33.099 PM [TestNG-test=Test-2] INFO  [verifyingDiscountFilterFunctionality] [verifyingDiscountFilterFunctionality] could not find more button
2025-12-12 11:09:34.121 PM [TestNG-test=Test-2] INFO  [verifyingDiscountFilterFunctionality] [verifyingDiscountFilterFunctionality] Within getAppliedfilterByTypeAndName method
2025-12-12 11:09:34.281 PM [TestNG-test=Test-2] INFO  [verifyingDiscountFilterFunctionality] [verifyingDiscountFilterFunctionality] Within smoothScrollToElement method
2025-12-12 11:09:34.313 PM [TestNG-test=Test-2] INFO  [verifyingDiscountFilterFunctionality] [verifyingDiscountFilterFunctionality] Within safeFindElement method
2025-12-12 11:09:34.456 PM [TestNG-test=Test-2] INFO  [verifyingDiscountFilterFunctionality] [verifyingDiscountFilterFunctionality]Found the element returning it ,element ->[[ChromeDriver: chrome on windows (7cc2dff0a33c6a103c600d58d329ccb4)] -> xpath: //ul[@id='filter-p_n_pct-off-with-tax']//span[@class='a-size-base a-color-base a-text-bold' and text()='10% Off or more']]
2025-12-12 11:09:35.017 PM [TestNG-test=Test-2] INFO  [verifyingDiscountFilterFunctionality] [verifyingDiscountFilterFunctionality] Successfully scrolled to element: By.xpath: //ul[@id='filter-p_n_pct-off-with-tax']//span[@class='a-size-base a-color-base a-text-bold' and text()='10% Off or more']
2025-12-12 11:09:36.033 PM [TestNG-test=Test-2] INFO  [verifyingDiscountFilterFunctionality] [verifyingDiscountFilterFunctionality] Clicked the element using safe click ,element is [[ChromeDriver: chrome on windows (7cc2dff0a33c6a103c600d58d329ccb4)] -> xpath: //ul[@id='filter-p_n_pct-off-with-tax']//span[@class='a-size-base a-color-base' and text()='10% Off or more']]
2025-12-12 11:09:36.426 PM [TestNG-test=Test-2] INFO  [verifyingDiscountFilterFunctionality] [verifyingDiscountFilterFunctionality] Capturing screenshot: Filter Applied is 10% Off or more__2025-12-12_230936.png
2025-12-12 11:09:37.679 PM [TestNG-test=Test-2] INFO  [verifyingDiscountFilterFunctionality] [verifyingDiscountFilterFunctionality] Screenshot saved at: test-output/screenshots/Run_2025-12-12_23-08-59/verifyingDiscountFilterFunctionality/Filter Applied is 10% Off or more__2025-12-12_230936.png
2025-12-12 11:09:39.452 PM [TestNG-test=Test-2] INFO  [verifyingDiscountFilterFunctionality] [verifyingDiscountFilterFunctionality] Within safeFindElements 
2025-12-12 11:09:39.608 PM [TestNG-test=Test-2] INFO  [verifyingDiscountFilterFunctionality] [verifyingDiscountFilterFunctionality] Returning the  [[[ChromeDriver: chrome on windows (7cc2dff0a33c6a103c600d58d329ccb4)] -> xpath: //div[@data-cy='title-recipe']], [[ChromeDriver: chrome on windows (7cc2dff0a33c6a103c600d58d329ccb4)] -> xpath: //div[@data-cy='title-recipe']], [[ChromeDriver: chrome on windows (7cc2dff0a33c6a103c600d58d329ccb4)] -> xpath: //div[@data-cy='title-recipe']], [[ChromeDriver: chrome on windows (7cc2dff0a33c6a103c600d58d329ccb4)] -> xpath: //div[@data-cy='title-recipe']], [[ChromeDriver: chrome on windows (7cc2dff0a33c6a103c600d58d329ccb4)] -> xpath: //div[@data-cy='title-recipe']], [[ChromeDriver: chrome on windows (7cc2dff0a33c6a103c600d58d329ccb4)] -> xpath: //div[@data-cy='title-recipe']], [[ChromeDriver: chrome on windows (7cc2dff0a33c6a103c600d58d329ccb4)] -> xpath: //div[@data-cy='title-recipe']], [[ChromeDriver: chrome on windows (7cc2dff0a33c6a103c600d58d329ccb4)] -> xpath: //div[@data-cy='title-recipe']], [[ChromeDriver: chrome on windows (7cc2dff0a33c6a103c600d58d329ccb4)] -> xpath: //div[@data-cy='title-recipe']], [[ChromeDriver: chrome on windows (7cc2dff0a33c6a103c600d58d329ccb4)] -> xpath: //div[@data-cy='title-recipe']], [[ChromeDriver: chrome on windows (7cc2dff0a33c6a103c600d58d329ccb4)] -> xpath: //div[@data-cy='title-recipe']], [[ChromeDriver: chrome on windows (7cc2dff0a33c6a103c600d58d329ccb4)] -> xpath: //div[@data-cy='title-recipe']], [[ChromeDriver: chrome on windows (7cc2dff0a33c6a103c600d58d329ccb4)] -> xpath: //div[@data-cy='title-recipe']], [[ChromeDriver: chrome on windows (7cc2dff0a33c6a103c600d58d329ccb4)] -> xpath: //div[@data-cy='title-recipe']], [[ChromeDriver: chrome on windows (7cc2dff0a33c6a103c600d58d329ccb4)] -> xpath: //div[@data-cy='title-recipe']], [[ChromeDriver: chrome on windows (7cc2dff0a33c6a103c600d58d329ccb4)] -> xpath: //div[@data-cy='title-recipe']], [[ChromeDriver: chrome on windows (7cc2dff0a33c6a103c600d58d329ccb4)] -> xpath: //div[@data-cy='title-recipe']], [[ChromeDriver: chrome on windows (7cc2dff0a33c6a103c600d58d329ccb4)] -> xpath: //div[@data-cy='title-recipe']], [[ChromeDriver: chrome on windows (7cc2dff0a33c6a103c600d58d329ccb4)] -> xpath: //div[@data-cy='title-recipe']]] from the safeFindElements method
2025-12-12 11:09:39.609 PM [TestNG-test=Test-2] INFO  [verifyingDiscountFilterFunctionality] [verifyingDiscountFilterFunctionality] Execution is Not CRON Job Hence refering to normal keys from UtilData
2025-12-12 11:09:39.609 PM [TestNG-test=Test-2] INFO  [verifyingDiscountFilterFunctionality] [verifyingDiscountFilterFunctionality] Within safeFindElements 
2025-12-12 11:09:39.773 PM [TestNG-test=Test-2] INFO  [verifyingDiscountFilterFunctionality] [verifyingDiscountFilterFunctionality] Returning the  [[[ChromeDriver: chrome on windows (7cc2dff0a33c6a103c600d58d329ccb4)] -> xpath: //div[@data-cy='title-recipe']], [[ChromeDriver: chrome on windows (7cc2dff0a33c6a103c600d58d329ccb4)] -> xpath: //div[@data-cy='title-recipe']], [[ChromeDriver: chrome on windows (7cc2dff0a33c6a103c600d58d329ccb4)] -> xpath: //div[@data-cy='title-recipe']], [[ChromeDriver: chrome on windows (7cc2dff0a33c6a103c600d58d329ccb4)] -> xpath: //div[@data-cy='title-recipe']], [[ChromeDriver: chrome on windows (7cc2dff0a33c6a103c600d58d329ccb4)] -> xpath: //div[@data-cy='title-recipe']], [[ChromeDriver: chrome on windows (7cc2dff0a33c6a103c600d58d329ccb4)] -> xpath: //div[@data-cy='title-recipe']], [[ChromeDriver: chrome on windows (7cc2dff0a33c6a103c600d58d329ccb4)] -> xpath: //div[@data-cy='title-recipe']], [[ChromeDriver: chrome on windows (7cc2dff0a33c6a103c600d58d329ccb4)] -> xpath: //div[@data-cy='title-recipe']], [[ChromeDriver: chrome on windows (7cc2dff0a33c6a103c600d58d329ccb4)] -> xpath: //div[@data-cy='title-recipe']], [[ChromeDriver: chrome on windows (7cc2dff0a33c6a103c600d58d329ccb4)] -> xpath: //div[@data-cy='title-recipe']], [[ChromeDriver: chrome on windows (7cc2dff0a33c6a103c600d58d329ccb4)] -> xpath: //div[@data-cy='title-recipe']], [[ChromeDriver: chrome on windows (7cc2dff0a33c6a103c600d58d329ccb4)] -> xpath: //div[@data-cy='title-recipe']], [[ChromeDriver: chrome on windows (7cc2dff0a33c6a103c600d58d329ccb4)] -> xpath: //div[@data-cy='title-recipe']], [[ChromeDriver: chrome on windows (7cc2dff0a33c6a103c600d58d329ccb4)] -> xpath: //div[@data-cy='title-recipe']], [[ChromeDriver: chrome on windows (7cc2dff0a33c6a103c600d58d329ccb4)] -> xpath: //div[@data-cy='title-recipe']], [[ChromeDriver: chrome on windows (7cc2dff0a33c6a103c600d58d329ccb4)] -> xpath: //div[@data-cy='title-recipe']], [[ChromeDriver: chrome on windows (7cc2dff0a33c6a103c600d58d329ccb4)] -> xpath: //div[@data-cy='title-recipe']], [[ChromeDriver: chrome on windows (7cc2dff0a33c6a103c600d58d329ccb4)] -> xpath: //div[@data-cy='title-recipe']], [[ChromeDriver: chrome on windows (7cc2dff0a33c6a103c600d58d329ccb4)] -> xpath: //div[@data-cy='title-recipe']]] from the safeFindElements method
2025-12-12 11:09:39.774 PM [TestNG-test=Test-2] INFO  [verifyingDiscountFilterFunctionality] [verifyingDiscountFilterFunctionality] Within productNameListingPage loop in applyFilterAndValidateProductsWithResult
2025-12-12 11:09:40.190 PM [TestNG-test=Test-2] INFO  [verifyingDiscountFilterFunctionality] [verifyingDiscountFilterFunctionality] Within getProductByIndex method
2025-12-12 11:09:40.191 PM [TestNG-test=Test-2] INFO  [verifyingDiscountFilterFunctionality] [verifyingDiscountFilterFunctionality] Within safeFindElement method
2025-12-12 11:09:40.308 PM [TestNG-test=Test-2] INFO  [verifyingDiscountFilterFunctionality] [verifyingDiscountFilterFunctionality]Found the element returning it ,element ->[[ChromeDriver: chrome on windows (7cc2dff0a33c6a103c600d58d329ccb4)] -> xpath: (//div[@data-cy='title-recipe'])[1]]
2025-12-12 11:09:40.308 PM [TestNG-test=Test-2] INFO  [verifyingDiscountFilterFunctionality] [verifyingDiscountFilterFunctionality] Within getProductByIndex method
2025-12-12 11:09:40.308 PM [TestNG-test=Test-2] INFO  [verifyingDiscountFilterFunctionality] [verifyingDiscountFilterFunctionality] Within smoothScrollToElement method
2025-12-12 11:09:40.309 PM [TestNG-test=Test-2] INFO  [verifyingDiscountFilterFunctionality] [verifyingDiscountFilterFunctionality] Within safeFindElement method
2025-12-12 11:09:40.480 PM [TestNG-test=Test-2] INFO  [verifyingDiscountFilterFunctionality] [verifyingDiscountFilterFunctionality]Found the element returning it ,element ->[[ChromeDriver: chrome on windows (7cc2dff0a33c6a103c600d58d329ccb4)] -> xpath: (//div[@data-cy='title-recipe'])[1]]
2025-12-12 11:09:40.638 PM [TestNG-test=Test-2] INFO  [verifyingDiscountFilterFunctionality] [verifyingDiscountFilterFunctionality] Successfully scrolled to element: By.xpath: (//div[@data-cy='title-recipe'])[1]
2025-12-12 11:09:40.638 PM [TestNG-test=Test-2] INFO  [verifyingDiscountFilterFunctionality] [verifyingDiscountFilterFunctionality] Getting product by index in productNameListingPage loop
2025-12-12 11:09:43.202 PM [TestNG-test=Test-2] INFO  [verifyingDiscountFilterFunctionality] [verifyingDiscountFilterFunctionality] Opened product in new tab via Ctrl+Click inside productNameListingPage loop
2025-12-12 11:09:43.203 PM [TestNG-test=Test-2] INFO  [verifyingDiscountFilterFunctionality] [verifyingDiscountFilterFunctionality] Waiting for new window to open...
2025-12-12 11:09:43.542 PM [TestNG-test=Test-2] INFO  [verifyingDiscountFilterFunctionality] [verifyingDiscountFilterFunctionality] Switched to new window -> 7A5190F3611E757DCC46F6C84045147A
2025-12-12 11:09:43.542 PM [TestNG-test=Test-2] INFO  [verifyingDiscountFilterFunctionality] [verifyingDiscountFilterFunctionality] Swithcing to the new window  within productNameListingPage loop
2025-12-12 11:09:43.547 PM [TestNG-test=Test-2] INFO  [verifyingDiscountFilterFunctionality] [verifyingDiscountFilterFunctionality] Clicked product name to open in new tab from productNameListingPage loop
2025-12-12 11:09:43.555 PM [TestNG-test=Test-2] INFO  [verifyingDiscountFilterFunctionality] [verifyingDiscountFilterFunctionality] Within safeFindElement method
2025-12-12 11:09:51.391 PM [TestNG-test=Test-2] INFO  [verifyingDiscountFilterFunctionality] [verifyingDiscountFilterFunctionality]Found the element returning it ,element ->[[ChromeDriver: chrome on windows (7cc2dff0a33c6a103c600d58d329ccb4)] -> xpath: //span[@id='productTitle']]
2025-12-12 11:09:51.559 PM [TestNG-test=Test-2] INFO  [verifyingDiscountFilterFunctionality] [verifyingDiscountFilterFunctionality] Within safeFindElement method
2025-12-12 11:09:51.614 PM [TestNG-test=Test-2] INFO  [verifyingDiscountFilterFunctionality] [verifyingDiscountFilterFunctionality]Found the element returning it ,element ->[[ChromeDriver: chrome on windows (7cc2dff0a33c6a103c600d58d329ccb4)] -> xpath: //div[@class='a-section a-spacing-small a-spacing-top-small']]
2025-12-12 11:09:51.656 PM [TestNG-test=Test-2] INFO  [verifyingDiscountFilterFunctionality] [verifyingDiscountFilterFunctionality] Within safeFindElement method
2025-12-12 11:09:51.686 PM [TestNG-test=Test-2] INFO  [verifyingDiscountFilterFunctionality] [verifyingDiscountFilterFunctionality]Found the element returning it ,element ->[[ChromeDriver: chrome on windows (7cc2dff0a33c6a103c600d58d329ccb4)] -> xpath: //div[@id='feature-bullets']]
2025-12-12 11:09:51.715 PM [TestNG-test=Test-2] INFO  [verifyingDiscountFilterFunctionality] [verifyingDiscountFilterFunctionality] Within safeFindElement method
2025-12-12 11:09:51.805 PM [TestNG-test=Test-2] INFO  [verifyingDiscountFilterFunctionality] [verifyingDiscountFilterFunctionality]Found the element returning it ,element ->[[ChromeDriver: chrome on windows (7cc2dff0a33c6a103c600d58d329ccb4)] -> xpath: //div[@id='prodDetails']]
2025-12-12 11:09:52.110 PM [TestNG-test=Test-2] INFO  [verifyingDiscountFilterFunctionality] [verifyingDiscountFilterFunctionality] Extracting 'name' , 'keyFeatures', 'about' , 'techDetails' within productNameListingPage loop
2025-12-12 11:09:52.111 PM [TestNG-test=Test-2] INFO  [verifyingDiscountFilterFunctionality] [verifyingDiscountFilterFunctionality] Waiting until element is visible in viewport
