19:36:59 [TestNG-test-Test-3] INFO  verifyingGetItByTodayFilterFunctionality_Mobile_19-36-59 - No existing WebDriver found for current thread. Initializing a new ChromeDriver...
19:36:59 [TestNG-test-Test-3] INFO  verifyingGetItByTodayFilterFunctionality_Mobile_19-36-59 - WebDriverManager: chromedriver setup OK
19:37:00 [TestNG-test-Test-3] INFO  verifyingGetItByTodayFilterFunctionality_Mobile_19-36-59 - ChromeDriver initialized successfully for thread: 36
19:37:01 [TestNG-test-Test-3] INFO  verifyingGetItByTodayFilterFunctionality_Mobile_19-36-59 - [verifyingGetItByTodayFilterFunctionality_Mobile_19-36-59] Opening amazon Landing page
19:37:01 [TestNG-test-Test-3] INFO  verifyingGetItByTodayFilterFunctionality_Mobile_19-36-59 - [verifyingGetItByTodayFilterFunctionality_Mobile_19-36-59] Within safeFindElement method
19:37:06 [TestNG-test-Test-3] INFO  verifyingGetItByTodayFilterFunctionality_Mobile_19-36-59 - [verifyingGetItByTodayFilterFunctionality_Mobile_19-36-59]Retrying findElement for: ->By.xpath: //a[@id='nav-logo-sprites']
19:37:06 [TestNG-test-Test-3] INFO  verifyingGetItByTodayFilterFunctionality_Mobile_19-36-59 - [verifyingGetItByTodayFilterFunctionality_Mobile_19-36-59]Refrehsing the page , while trying to safely find : ->By.xpath: //a[@id='nav-logo-sprites']
19:37:12 [TestNG-test-Test-3] INFO  verifyingGetItByTodayFilterFunctionality_Mobile_19-36-59 - [verifyingGetItByTodayFilterFunctionality_Mobile_19-36-59]Retrying findElement for: ->By.xpath: //a[@id='nav-logo-sprites']
19:37:12 [TestNG-test-Test-3] INFO  verifyingGetItByTodayFilterFunctionality_Mobile_19-36-59 - [verifyingGetItByTodayFilterFunctionality_Mobile_19-36-59]Refrehsing the page , while trying to safely find : ->By.xpath: //a[@id='nav-logo-sprites']
19:37:12 [TestNG-test-Test-3] INFO  verifyingGetItByTodayFilterFunctionality_Mobile_19-36-59 - [verifyingGetItByTodayFilterFunctionality_Mobile_19-36-59] Skipping action: Element not found after 2   attemps
19:37:19 [TestNG-test-Test-3] INFO  verifyingGetItByTodayFilterFunctionality_Mobile_19-36-59 - [verifyingGetItByTodayFilterFunctionality_Mobile_19-36-59] Giving input within the search bar
19:37:19 [TestNG-test-Test-3] INFO  verifyingGetItByTodayFilterFunctionality_Mobile_19-36-59 - [verifyingGetItByTodayFilterFunctionality_Mobile_19-36-59] Within safeClick method
19:37:21 [TestNG-test-Test-3] INFO  verifyingGetItByTodayFilterFunctionality_Mobile_19-36-59 - [verifyingGetItByTodayFilterFunctionality_Mobile_19-36-59] Clicked the  [[ChromeDriver: chrome on windows (07f397141e5e83a01d5adae0d17465fb)] -> xpath: //input[@id='nav-search-submit-button']]   using safeClick
19:37:21 [TestNG-test-Test-3] INFO  verifyingGetItByTodayFilterFunctionality_Mobile_19-36-59 - [verifyingGetItByTodayFilterFunctionality_Mobile_19-36-59] Clicking on the submit in the search bar
19:37:22 [TestNG-test-Test-3] INFO  verifyingGetItByTodayFilterFunctionality_Mobile_19-36-59 - [verifyingGetItByTodayFilterFunctionality_Mobile_19-36-59] Waiting until element is visible in viewport
19:37:22 [TestNG-test-Test-3] INFO  verifyingGetItByTodayFilterFunctionality_Mobile_19-36-59 - [verifyingGetItByTodayFilterFunctionality_Mobile_19-36-59] Within validateDeliveryFilterOptionsWithResult method
19:37:22 [TestNG-test-Test-3] INFO  verifyingGetItByTodayFilterFunctionality_Mobile_19-36-59 - [verifyingGetItByTodayFilterFunctionality_Mobile_19-36-59] Within safeClick method
19:37:24 [TestNG-test-Test-3] INFO  verifyingGetItByTodayFilterFunctionality_Mobile_19-36-59 - [verifyingGetItByTodayFilterFunctionality_Mobile_19-36-59] Clicked the  [[ChromeDriver: chrome on windows (07f397141e5e83a01d5adae0d17465fb)] -> xpath: //span[@class='a-size-base a-color-base puis-bold-weight-text' and text()='Delivery Day']/parent::div/following-sibling::ul//span[@class='a-size-base a-color-base' and text()='Get It Today']]   using safeClick
19:37:24 [TestNG-test-Test-3] INFO  verifyingGetItByTodayFilterFunctionality_Mobile_19-36-59 - [verifyingGetItByTodayFilterFunctionality_Mobile_19-36-59] Within getMoreButtonByFilterTypeAndName method
19:37:24 [TestNG-test-Test-3] INFO  verifyingGetItByTodayFilterFunctionality_Mobile_19-36-59 - [verifyingGetItByTodayFilterFunctionality_Mobile_19-36-59] Clicked on By.xpath: //span[@class='a-size-base a-color-base puis-bold-weight-text' and text()='Delivery Day']/parent::div/following-sibling::ul//span[@class='a-size-base a-color-base' and text()='Get It Today']
19:37:24 [TestNG-test-Test-3] INFO  verifyingGetItByTodayFilterFunctionality_Mobile_19-36-59 - [verifyingGetItByTodayFilterFunctionality_Mobile_19-36-59] Within safeFindElements 
19:37:24 [TestNG-test-Test-3] INFO  verifyingGetItByTodayFilterFunctionality_Mobile_19-36-59 - [verifyingGetItByTodayFilterFunctionality_Mobile_19-36-59] Returning the  [[[ChromeDriver: chrome on windows (07f397141e5e83a01d5adae0d17465fb)] -> xpath: //div[@class='a-section a-spacing-small a-spacing-top-small']], [[ChromeDriver: chrome on windows (07f397141e5e83a01d5adae0d17465fb)] -> xpath: //div[@class='a-section a-spacing-small a-spacing-top-small']], [[ChromeDriver: chrome on windows (07f397141e5e83a01d5adae0d17465fb)] -> xpath: //div[@class='a-section a-spacing-small a-spacing-top-small']], [[ChromeDriver: chrome on windows (07f397141e5e83a01d5adae0d17465fb)] -> xpath: //div[@class='a-section a-spacing-small a-spacing-top-small']], [[ChromeDriver: chrome on windows (07f397141e5e83a01d5adae0d17465fb)] -> xpath: //div[@class='a-section a-spacing-small a-spacing-top-small']], [[ChromeDriver: chrome on windows (07f397141e5e83a01d5adae0d17465fb)] -> xpath: //div[@class='a-section a-spacing-small a-spacing-top-small']], [[ChromeDriver: chrome on windows (07f397141e5e83a01d5adae0d17465fb)] -> xpath: //div[@class='a-section a-spacing-small a-spacing-top-small']], [[ChromeDriver: chrome on windows (07f397141e5e83a01d5adae0d17465fb)] -> xpath: //div[@class='a-section a-spacing-small a-spacing-top-small']], [[ChromeDriver: chrome on windows (07f397141e5e83a01d5adae0d17465fb)] -> xpath: //div[@class='a-section a-spacing-small a-spacing-top-small']], [[ChromeDriver: chrome on windows (07f397141e5e83a01d5adae0d17465fb)] -> xpath: //div[@class='a-section a-spacing-small a-spacing-top-small']], [[ChromeDriver: chrome on windows (07f397141e5e83a01d5adae0d17465fb)] -> xpath: //div[@class='a-section a-spacing-small a-spacing-top-small']], [[ChromeDriver: chrome on windows (07f397141e5e83a01d5adae0d17465fb)] -> xpath: //div[@class='a-section a-spacing-small a-spacing-top-small']], [[ChromeDriver: chrome on windows (07f397141e5e83a01d5adae0d17465fb)] -> xpath: //div[@class='a-section a-spacing-small a-spacing-top-small']], [[ChromeDriver: chrome on windows (07f397141e5e83a01d5adae0d17465fb)] -> xpath: //div[@class='a-section a-spacing-small a-spacing-top-small']], [[ChromeDriver: chrome on windows (07f397141e5e83a01d5adae0d17465fb)] -> xpath: //div[@class='a-section a-spacing-small a-spacing-top-small']], [[ChromeDriver: chrome on windows (07f397141e5e83a01d5adae0d17465fb)] -> xpath: //div[@class='a-section a-spacing-small a-spacing-top-small']]] from the safeFindElements method
19:37:24 [TestNG-test-Test-3] INFO  verifyingGetItByTodayFilterFunctionality_Mobile_19-36-59 - [verifyingGetItByTodayFilterFunctionality_Mobile_19-36-59] Created hashset with required data to assert with Within validateDeliveryFilterOptions method
19:37:24 [TestNG-test-Test-3] INFO  verifyingGetItByTodayFilterFunctionality_Mobile_19-36-59 - [verifyingGetItByTodayFilterFunctionality_Mobile_19-36-59] this is the set  [13, Apr, Today, 14, Tue, FREE delivery, Mon, Tomorrow]
19:37:24 [TestNG-test-Test-3] INFO  verifyingGetItByTodayFilterFunctionality_Mobile_19-36-59 - [verifyingGetItByTodayFilterFunctionality_Mobile_19-36-59] Within deliveryElements loop iterating over the products  Within validateDeliveryFilterOptions method
19:37:24 [TestNG-test-Test-3] INFO  verifyingGetItByTodayFilterFunctionality_Mobile_19-36-59 - [verifyingGetItByTodayFilterFunctionality_Mobile_19-36-59] Checking if the allowedDateParts have the assert text   Within validateDeliveryFilterOptions method
19:37:24 [TestNG-test-Test-3] INFO  verifyingGetItByTodayFilterFunctionality_Mobile_19-36-59 - [verifyingGetItByTodayFilterFunctionality_Mobile_19-36-59] Within deliveryElements loop iterating over the products  Within validateDeliveryFilterOptions method
19:37:24 [TestNG-test-Test-3] INFO  verifyingGetItByTodayFilterFunctionality_Mobile_19-36-59 - [verifyingGetItByTodayFilterFunctionality_Mobile_19-36-59] Checking if the allowedDateParts have the assert text   Within validateDeliveryFilterOptions method
19:37:24 [TestNG-test-Test-3] INFO  verifyingGetItByTodayFilterFunctionality_Mobile_19-36-59 - [verifyingGetItByTodayFilterFunctionality_Mobile_19-36-59] Within deliveryElements loop iterating over the products  Within validateDeliveryFilterOptions method
19:37:24 [TestNG-test-Test-3] INFO  verifyingGetItByTodayFilterFunctionality_Mobile_19-36-59 - [verifyingGetItByTodayFilterFunctionality_Mobile_19-36-59] Checking if the allowedDateParts have the assert text   Within validateDeliveryFilterOptions method
19:37:24 [TestNG-test-Test-3] INFO  verifyingGetItByTodayFilterFunctionality_Mobile_19-36-59 - [verifyingGetItByTodayFilterFunctionality_Mobile_19-36-59] Within deliveryElements loop iterating over the products  Within validateDeliveryFilterOptions method
19:37:24 [TestNG-test-Test-3] INFO  verifyingGetItByTodayFilterFunctionality_Mobile_19-36-59 - [verifyingGetItByTodayFilterFunctionality_Mobile_19-36-59] Checking if the allowedDateParts have the assert text   Within validateDeliveryFilterOptions method
19:37:24 [TestNG-test-Test-3] INFO  verifyingGetItByTodayFilterFunctionality_Mobile_19-36-59 - [verifyingGetItByTodayFilterFunctionality_Mobile_19-36-59] Within deliveryElements loop iterating over the products  Within validateDeliveryFilterOptions method
19:37:24 [TestNG-test-Test-3] INFO  verifyingGetItByTodayFilterFunctionality_Mobile_19-36-59 - [verifyingGetItByTodayFilterFunctionality_Mobile_19-36-59] Checking if the allowedDateParts have the assert text   Within validateDeliveryFilterOptions method
19:37:24 [TestNG-test-Test-3] INFO  verifyingGetItByTodayFilterFunctionality_Mobile_19-36-59 - [verifyingGetItByTodayFilterFunctionality_Mobile_19-36-59] Within deliveryElements loop iterating over the products  Within validateDeliveryFilterOptions method
19:37:24 [TestNG-test-Test-3] INFO  verifyingGetItByTodayFilterFunctionality_Mobile_19-36-59 - [verifyingGetItByTodayFilterFunctionality_Mobile_19-36-59] Checking if the allowedDateParts have the assert text   Within validateDeliveryFilterOptions method
19:37:24 [TestNG-test-Test-3] INFO  verifyingGetItByTodayFilterFunctionality_Mobile_19-36-59 - [verifyingGetItByTodayFilterFunctionality_Mobile_19-36-59] Within deliveryElements loop iterating over the products  Within validateDeliveryFilterOptions method
19:37:24 [TestNG-test-Test-3] INFO  verifyingGetItByTodayFilterFunctionality_Mobile_19-36-59 - [verifyingGetItByTodayFilterFunctionality_Mobile_19-36-59] Checking if the allowedDateParts have the assert text   Within validateDeliveryFilterOptions method
19:37:24 [TestNG-test-Test-3] INFO  verifyingGetItByTodayFilterFunctionality_Mobile_19-36-59 - [verifyingGetItByTodayFilterFunctionality_Mobile_19-36-59] Within deliveryElements loop iterating over the products  Within validateDeliveryFilterOptions method
19:37:24 [TestNG-test-Test-3] INFO  verifyingGetItByTodayFilterFunctionality_Mobile_19-36-59 - [verifyingGetItByTodayFilterFunctionality_Mobile_19-36-59] Checking if the allowedDateParts have the assert text   Within validateDeliveryFilterOptions method
19:37:24 [TestNG-test-Test-3] INFO  verifyingGetItByTodayFilterFunctionality_Mobile_19-36-59 - [verifyingGetItByTodayFilterFunctionality_Mobile_19-36-59] Within deliveryElements loop iterating over the products  Within validateDeliveryFilterOptions method
19:37:24 [TestNG-test-Test-3] INFO  verifyingGetItByTodayFilterFunctionality_Mobile_19-36-59 - [verifyingGetItByTodayFilterFunctionality_Mobile_19-36-59] Checking if the allowedDateParts have the assert text   Within validateDeliveryFilterOptions method
19:37:24 [TestNG-test-Test-3] INFO  verifyingGetItByTodayFilterFunctionality_Mobile_19-36-59 - [verifyingGetItByTodayFilterFunctionality_Mobile_19-36-59] Within deliveryElements loop iterating over the products  Within validateDeliveryFilterOptions method
19:37:24 [TestNG-test-Test-3] INFO  verifyingGetItByTodayFilterFunctionality_Mobile_19-36-59 - [verifyingGetItByTodayFilterFunctionality_Mobile_19-36-59] Checking if the allowedDateParts have the assert text   Within validateDeliveryFilterOptions method
19:37:24 [TestNG-test-Test-3] INFO  verifyingGetItByTodayFilterFunctionality_Mobile_19-36-59 - [verifyingGetItByTodayFilterFunctionality_Mobile_19-36-59] Within deliveryElements loop iterating over the products  Within validateDeliveryFilterOptions method
19:37:24 [TestNG-test-Test-3] INFO  verifyingGetItByTodayFilterFunctionality_Mobile_19-36-59 - [verifyingGetItByTodayFilterFunctionality_Mobile_19-36-59] Checking if the allowedDateParts have the assert text   Within validateDeliveryFilterOptions method
19:37:24 [TestNG-test-Test-3] INFO  verifyingGetItByTodayFilterFunctionality_Mobile_19-36-59 - [verifyingGetItByTodayFilterFunctionality_Mobile_19-36-59] Within deliveryElements loop iterating over the products  Within validateDeliveryFilterOptions method
19:37:24 [TestNG-test-Test-3] INFO  verifyingGetItByTodayFilterFunctionality_Mobile_19-36-59 - [verifyingGetItByTodayFilterFunctionality_Mobile_19-36-59] Checking if the allowedDateParts have the assert text   Within validateDeliveryFilterOptions method
19:37:24 [TestNG-test-Test-3] INFO  verifyingGetItByTodayFilterFunctionality_Mobile_19-36-59 - [verifyingGetItByTodayFilterFunctionality_Mobile_19-36-59] Within deliveryElements loop iterating over the products  Within validateDeliveryFilterOptions method
19:37:24 [TestNG-test-Test-3] INFO  verifyingGetItByTodayFilterFunctionality_Mobile_19-36-59 - [verifyingGetItByTodayFilterFunctionality_Mobile_19-36-59] Checking if the allowedDateParts have the assert text   Within validateDeliveryFilterOptions method
19:37:24 [TestNG-test-Test-3] INFO  verifyingGetItByTodayFilterFunctionality_Mobile_19-36-59 - [verifyingGetItByTodayFilterFunctionality_Mobile_19-36-59] Within deliveryElements loop iterating over the products  Within validateDeliveryFilterOptions method
19:37:24 [TestNG-test-Test-3] INFO  verifyingGetItByTodayFilterFunctionality_Mobile_19-36-59 - [verifyingGetItByTodayFilterFunctionality_Mobile_19-36-59] Checking if the allowedDateParts have the assert text   Within validateDeliveryFilterOptions method
19:37:24 [TestNG-test-Test-3] INFO  verifyingGetItByTodayFilterFunctionality_Mobile_19-36-59 - [verifyingGetItByTodayFilterFunctionality_Mobile_19-36-59] Within deliveryElements loop iterating over the products  Within validateDeliveryFilterOptions method
19:37:24 [TestNG-test-Test-3] INFO  verifyingGetItByTodayFilterFunctionality_Mobile_19-36-59 - [verifyingGetItByTodayFilterFunctionality_Mobile_19-36-59] Checking if the allowedDateParts have the assert text   Within validateDeliveryFilterOptions method
19:37:24 [TestNG-test-Test-3] INFO  verifyingGetItByTodayFilterFunctionality_Mobile_19-36-59 - [verifyingGetItByTodayFilterFunctionality_Mobile_19-36-59] Within deliveryElements loop iterating over the products  Within validateDeliveryFilterOptions method
19:37:24 [TestNG-test-Test-3] INFO  verifyingGetItByTodayFilterFunctionality_Mobile_19-36-59 - [verifyingGetItByTodayFilterFunctionality_Mobile_19-36-59] Checking if the allowedDateParts have the assert text   Within validateDeliveryFilterOptions method
19:37:24 [TestNG-test-Test-3] INFO  verifyingGetItByTodayFilterFunctionality_Mobile_19-36-59 - [verifyingGetItByTodayFilterFunctionality_Mobile_19-36-59] Returning the list with boolean values   Within validateDeliveryFilterOptions method
19:37:24 [TestNG-test-Test-3] INFO  verifyingGetItByTodayFilterFunctionality_Mobile_19-36-59 - [verifyingGetItByTodayFilterFunctionality_Mobile_19-36-59] Asserting delivery filter: isValid=true, index=-1, text=All the things are valid no errors
