14:25:02 [TestNG-test-Test-3] INFO  verifyingGetItIn2DaysFilterFunctionality_Laptop_14-25-02 - No existing WebDriver found for current thread. Initializing a new ChromeDriver...
14:25:02 [TestNG-test-Test-3] INFO  verifyingGetItIn2DaysFilterFunctionality_Laptop_14-25-02 - WebDriverManager: chromedriver setup OK
14:25:04 [TestNG-test-Test-3] INFO  verifyingGetItIn2DaysFilterFunctionality_Laptop_14-25-02 - ChromeDriver initialized successfully for thread: 36
14:25:05 [TestNG-test-Test-3] INFO  verifyingGetItIn2DaysFilterFunctionality_Laptop_14-25-02 - [verifyingGetItIn2DaysFilterFunctionality_Laptop_14-25-02] Opening amazon Landing page
14:25:05 [TestNG-test-Test-3] INFO  verifyingGetItIn2DaysFilterFunctionality_Laptop_14-25-02 - [verifyingGetItIn2DaysFilterFunctionality_Laptop_14-25-02] Within safeFindElement method
14:25:10 [TestNG-test-Test-3] INFO  verifyingGetItIn2DaysFilterFunctionality_Laptop_14-25-02 - [verifyingGetItIn2DaysFilterFunctionality_Laptop_14-25-02]Retrying findElement for: ->By.xpath: //a[@id='nav-logo-sprites']
14:25:10 [TestNG-test-Test-3] INFO  verifyingGetItIn2DaysFilterFunctionality_Laptop_14-25-02 - [verifyingGetItIn2DaysFilterFunctionality_Laptop_14-25-02]Refrehsing the page , while trying to safely find : ->By.xpath: //a[@id='nav-logo-sprites']
14:25:15 [TestNG-test-Test-3] INFO  verifyingGetItIn2DaysFilterFunctionality_Laptop_14-25-02 - [verifyingGetItIn2DaysFilterFunctionality_Laptop_14-25-02]Retrying findElement for: ->By.xpath: //a[@id='nav-logo-sprites']
14:25:16 [TestNG-test-Test-3] INFO  verifyingGetItIn2DaysFilterFunctionality_Laptop_14-25-02 - [verifyingGetItIn2DaysFilterFunctionality_Laptop_14-25-02]Refrehsing the page , while trying to safely find : ->By.xpath: //a[@id='nav-logo-sprites']
14:25:16 [TestNG-test-Test-3] INFO  verifyingGetItIn2DaysFilterFunctionality_Laptop_14-25-02 - [verifyingGetItIn2DaysFilterFunctionality_Laptop_14-25-02] Skipping action: Element not found after 2   attemps
14:25:23 [TestNG-test-Test-3] INFO  verifyingGetItIn2DaysFilterFunctionality_Laptop_14-25-02 - [verifyingGetItIn2DaysFilterFunctionality_Laptop_14-25-02] Giving input within the search bar
14:25:23 [TestNG-test-Test-3] INFO  verifyingGetItIn2DaysFilterFunctionality_Laptop_14-25-02 - [verifyingGetItIn2DaysFilterFunctionality_Laptop_14-25-02] Within safeClick method
14:25:26 [TestNG-test-Test-3] INFO  verifyingGetItIn2DaysFilterFunctionality_Laptop_14-25-02 - [verifyingGetItIn2DaysFilterFunctionality_Laptop_14-25-02] Clicked the  [[ChromeDriver: chrome on windows (574bc9ade1da5583c4ba8a0923f35afc)] -> xpath: //input[@id='nav-search-submit-button']]   using safeClick
14:25:26 [TestNG-test-Test-3] INFO  verifyingGetItIn2DaysFilterFunctionality_Laptop_14-25-02 - [verifyingGetItIn2DaysFilterFunctionality_Laptop_14-25-02] Clicking on the submit in the search bar
14:25:26 [TestNG-test-Test-3] INFO  verifyingGetItIn2DaysFilterFunctionality_Laptop_14-25-02 - [verifyingGetItIn2DaysFilterFunctionality_Laptop_14-25-02] Waiting until element is visible in viewport
14:25:26 [TestNG-test-Test-3] INFO  verifyingGetItIn2DaysFilterFunctionality_Laptop_14-25-02 - [verifyingGetItIn2DaysFilterFunctionality_Laptop_14-25-02] Within validateDeliveryFilterOptionsWithResult method
14:25:26 [TestNG-test-Test-3] INFO  verifyingGetItIn2DaysFilterFunctionality_Laptop_14-25-02 - [verifyingGetItIn2DaysFilterFunctionality_Laptop_14-25-02] Within safeClick method
14:25:28 [TestNG-test-Test-3] INFO  verifyingGetItIn2DaysFilterFunctionality_Laptop_14-25-02 - [verifyingGetItIn2DaysFilterFunctionality_Laptop_14-25-02] Clicked the  [[ChromeDriver: chrome on windows (574bc9ade1da5583c4ba8a0923f35afc)] -> xpath: //span[@class='a-size-base a-color-base puis-bold-weight-text' and text()='Delivery Day']/parent::div/following-sibling::ul//span[@class='a-size-base a-color-base' and text()='Get It in 2 Days']]   using safeClick
14:25:28 [TestNG-test-Test-3] INFO  verifyingGetItIn2DaysFilterFunctionality_Laptop_14-25-02 - [verifyingGetItIn2DaysFilterFunctionality_Laptop_14-25-02] Within getMoreButtonByFilterTypeAndName method
14:25:28 [TestNG-test-Test-3] INFO  verifyingGetItIn2DaysFilterFunctionality_Laptop_14-25-02 - [verifyingGetItIn2DaysFilterFunctionality_Laptop_14-25-02] Clicked on By.xpath: //span[@class='a-size-base a-color-base puis-bold-weight-text' and text()='Delivery Day']/parent::div/following-sibling::ul//span[@class='a-size-base a-color-base' and text()='Get It in 2 Days']
14:25:28 [TestNG-test-Test-3] INFO  verifyingGetItIn2DaysFilterFunctionality_Laptop_14-25-02 - [verifyingGetItIn2DaysFilterFunctionality_Laptop_14-25-02] Within safeFindElements 
14:25:28 [TestNG-test-Test-3] INFO  verifyingGetItIn2DaysFilterFunctionality_Laptop_14-25-02 - [verifyingGetItIn2DaysFilterFunctionality_Laptop_14-25-02] Returning the  [[[ChromeDriver: chrome on windows (574bc9ade1da5583c4ba8a0923f35afc)] -> xpath: //div[@class='a-section a-spacing-small a-spacing-top-small']], [[ChromeDriver: chrome on windows (574bc9ade1da5583c4ba8a0923f35afc)] -> xpath: //div[@class='a-section a-spacing-small a-spacing-top-small']], [[ChromeDriver: chrome on windows (574bc9ade1da5583c4ba8a0923f35afc)] -> xpath: //div[@class='a-section a-spacing-small a-spacing-top-small']], [[ChromeDriver: chrome on windows (574bc9ade1da5583c4ba8a0923f35afc)] -> xpath: //div[@class='a-section a-spacing-small a-spacing-top-small']], [[ChromeDriver: chrome on windows (574bc9ade1da5583c4ba8a0923f35afc)] -> xpath: //div[@class='a-section a-spacing-small a-spacing-top-small']], [[ChromeDriver: chrome on windows (574bc9ade1da5583c4ba8a0923f35afc)] -> xpath: //div[@class='a-section a-spacing-small a-spacing-top-small']], [[ChromeDriver: chrome on windows (574bc9ade1da5583c4ba8a0923f35afc)] -> xpath: //div[@class='a-section a-spacing-small a-spacing-top-small']], [[ChromeDriver: chrome on windows (574bc9ade1da5583c4ba8a0923f35afc)] -> xpath: //div[@class='a-section a-spacing-small a-spacing-top-small']], [[ChromeDriver: chrome on windows (574bc9ade1da5583c4ba8a0923f35afc)] -> xpath: //div[@class='a-section a-spacing-small a-spacing-top-small']], [[ChromeDriver: chrome on windows (574bc9ade1da5583c4ba8a0923f35afc)] -> xpath: //div[@class='a-section a-spacing-small a-spacing-top-small']], [[ChromeDriver: chrome on windows (574bc9ade1da5583c4ba8a0923f35afc)] -> xpath: //div[@class='a-section a-spacing-small a-spacing-top-small']], [[ChromeDriver: chrome on windows (574bc9ade1da5583c4ba8a0923f35afc)] -> xpath: //div[@class='a-section a-spacing-small a-spacing-top-small']], [[ChromeDriver: chrome on windows (574bc9ade1da5583c4ba8a0923f35afc)] -> xpath: //div[@class='a-section a-spacing-small a-spacing-top-small']], [[ChromeDriver: chrome on windows (574bc9ade1da5583c4ba8a0923f35afc)] -> xpath: //div[@class='a-section a-spacing-small a-spacing-top-small']], [[ChromeDriver: chrome on windows (574bc9ade1da5583c4ba8a0923f35afc)] -> xpath: //div[@class='a-section a-spacing-small a-spacing-top-small']], [[ChromeDriver: chrome on windows (574bc9ade1da5583c4ba8a0923f35afc)] -> xpath: //div[@class='a-section a-spacing-small a-spacing-top-small']]] from the safeFindElements method
14:25:28 [TestNG-test-Test-3] INFO  verifyingGetItIn2DaysFilterFunctionality_Laptop_14-25-02 - [verifyingGetItIn2DaysFilterFunctionality_Laptop_14-25-02] Created hashset with required data to assert with Within validateDeliveryFilterOptions method
14:25:28 [TestNG-test-Test-3] INFO  verifyingGetItIn2DaysFilterFunctionality_Laptop_14-25-02 - [verifyingGetItIn2DaysFilterFunctionality_Laptop_14-25-02] this is the set  [Apr, Today, 04, 05, FREE delivery, Sat, Sun, Tomorrow]
14:25:28 [TestNG-test-Test-3] INFO  verifyingGetItIn2DaysFilterFunctionality_Laptop_14-25-02 - [verifyingGetItIn2DaysFilterFunctionality_Laptop_14-25-02] Within deliveryElements loop iterating over the products  Within validateDeliveryFilterOptions method
14:25:28 [TestNG-test-Test-3] INFO  verifyingGetItIn2DaysFilterFunctionality_Laptop_14-25-02 - [verifyingGetItIn2DaysFilterFunctionality_Laptop_14-25-02] Checking if the allowedDateParts have the assert text   Within validateDeliveryFilterOptions method
14:25:28 [TestNG-test-Test-3] INFO  verifyingGetItIn2DaysFilterFunctionality_Laptop_14-25-02 - [verifyingGetItIn2DaysFilterFunctionality_Laptop_14-25-02] Within deliveryElements loop iterating over the products  Within validateDeliveryFilterOptions method
14:25:28 [TestNG-test-Test-3] INFO  verifyingGetItIn2DaysFilterFunctionality_Laptop_14-25-02 - [verifyingGetItIn2DaysFilterFunctionality_Laptop_14-25-02] Checking if the allowedDateParts have the assert text   Within validateDeliveryFilterOptions method
14:25:28 [TestNG-test-Test-3] INFO  verifyingGetItIn2DaysFilterFunctionality_Laptop_14-25-02 - [verifyingGetItIn2DaysFilterFunctionality_Laptop_14-25-02] Within deliveryElements loop iterating over the products  Within validateDeliveryFilterOptions method
14:25:28 [TestNG-test-Test-3] INFO  verifyingGetItIn2DaysFilterFunctionality_Laptop_14-25-02 - [verifyingGetItIn2DaysFilterFunctionality_Laptop_14-25-02] Checking if the allowedDateParts have the assert text   Within validateDeliveryFilterOptions method
14:25:28 [TestNG-test-Test-3] INFO  verifyingGetItIn2DaysFilterFunctionality_Laptop_14-25-02 - [verifyingGetItIn2DaysFilterFunctionality_Laptop_14-25-02] Within deliveryElements loop iterating over the products  Within validateDeliveryFilterOptions method
14:25:28 [TestNG-test-Test-3] INFO  verifyingGetItIn2DaysFilterFunctionality_Laptop_14-25-02 - [verifyingGetItIn2DaysFilterFunctionality_Laptop_14-25-02] Checking if the allowedDateParts have the assert text   Within validateDeliveryFilterOptions method
14:25:28 [TestNG-test-Test-3] INFO  verifyingGetItIn2DaysFilterFunctionality_Laptop_14-25-02 - [verifyingGetItIn2DaysFilterFunctionality_Laptop_14-25-02] Within deliveryElements loop iterating over the products  Within validateDeliveryFilterOptions method
14:25:28 [TestNG-test-Test-3] INFO  verifyingGetItIn2DaysFilterFunctionality_Laptop_14-25-02 - [verifyingGetItIn2DaysFilterFunctionality_Laptop_14-25-02] Assert text not found wihtin AllowedDateParts
14:25:28 [TestNG-test-Test-3] INFO  verifyingGetItIn2DaysFilterFunctionality_Laptop_14-25-02 - [verifyingGetItIn2DaysFilterFunctionality_Laptop_14-25-02] Asserting delivery filter: isValid=false, index=4, text=MSI Modern 14, Intel 12th Gen. i7 1255U,36CM Laptop(16GB/512GB NVMe SSD/Windows 11 Home/Iris Xe/Classic Black/1.4Kg), C12MO-1202IN
4.2
(134)
₹48,000
M.R.P:
₹85,000 (44% off)
Add to cart
