2025-12-10 06:01:00.652 PM [TestNG-test-Test-2] INFO  [verifyingDisplayTypeFilterFunctionality] 🔹 Starting test method: verifyingDisplayTypeFilterFunctionality
2025-12-10 06:01:00.658 PM [TestNG-test-Test-2] INFO  [verifyingDisplayTypeFilterFunctionality] No existing WebDriver found for current thread. Initializing a new ChromeDriver...
2025-12-10 06:01:00.680 PM [TestNG-test-Test-2] INFO  [verifyingDisplayTypeFilterFunctionality] WebDriverManager: chromedriver setup OK
2025-12-10 06:01:02.112 PM [TestNG-test-Test-2] INFO  [verifyingDisplayTypeFilterFunctionality] ChromeDriver initialized successfully for thread: 35
2025-12-10 06:01:02.619 PM [TestNG-test-Test-2] INFO  [verifyingDisplayTypeFilterFunctionality] [verifyingDisplayTypeFilterFunctionality] Opening amazon Landing page
2025-12-10 06:01:05.517 PM [TestNG-test-Test-2] INFO  [verifyingDisplayTypeFilterFunctionality] [verifyingDisplayTypeFilterFunctionality] Giving input within the search bar
2025-12-10 06:01:05.518 PM [TestNG-test-Test-2] INFO  [verifyingDisplayTypeFilterFunctionality] [verifyingDisplayTypeFilterFunctionality] Within safeClick method
2025-12-10 06:01:07.474 PM [TestNG-test-Test-2] INFO  [verifyingDisplayTypeFilterFunctionality] [verifyingDisplayTypeFilterFunctionality] Clicked the  [[ChromeDriver: chrome on windows (127bc87a3ca18d445d6f835f2df71c16)] -> xpath: //input[@id='nav-search-submit-button']]   using safeClick
2025-12-10 06:01:07.474 PM [TestNG-test-Test-2] INFO  [verifyingDisplayTypeFilterFunctionality] [verifyingDisplayTypeFilterFunctionality] Clicking on the submit in the search bar
2025-12-10 06:01:07.656 PM [TestNG-test-Test-2] INFO  [verifyingDisplayTypeFilterFunctionality] [verifyingDisplayTypeFilterFunctionality] Within filterCheckUnderList method
2025-12-10 06:01:07.771 PM [TestNG-test-Test-2] INFO  [verifyingDisplayTypeFilterFunctionality] [verifyingDisplayTypeFilterFunctionality] Found the Filter within the filter check List
2025-12-10 06:01:07.771 PM [TestNG-test-Test-2] INFO  [verifyingDisplayTypeFilterFunctionality] [verifyingDisplayTypeFilterFunctionality] Within applyFilterAndValidateProductsWithResult method
2025-12-10 06:01:07.771 PM [TestNG-test-Test-2] INFO  [verifyingDisplayTypeFilterFunctionality] [verifyingDisplayTypeFilterFunctionality] Within safeFindElements 
2025-12-10 06:01:07.785 PM [TestNG-test-Test-2] INFO  [verifyingDisplayTypeFilterFunctionality] [verifyingDisplayTypeFilterFunctionality] Returning the  [[[ChromeDriver: chrome on windows (127bc87a3ca18d445d6f835f2df71c16)] -> xpath: //span[@class='a-size-base a-color-base puis-bold-weight-text' and text()='Display Type']/parent::div/following-sibling::ul//span[@class='a-size-base a-color-base']], [[ChromeDriver: chrome on windows (127bc87a3ca18d445d6f835f2df71c16)] -> xpath: //span[@class='a-size-base a-color-base puis-bold-weight-text' and text()='Display Type']/parent::div/following-sibling::ul//span[@class='a-size-base a-color-base']], [[ChromeDriver: chrome on windows (127bc87a3ca18d445d6f835f2df71c16)] -> xpath: //span[@class='a-size-base a-color-base puis-bold-weight-text' and text()='Display Type']/parent::div/following-sibling::ul//span[@class='a-size-base a-color-base']]] from the safeFindElements method
2025-12-10 06:01:07.785 PM [TestNG-test-Test-2] INFO  [verifyingDisplayTypeFilterFunctionality] [verifyingDisplayTypeFilterFunctionality] Within applyFilterAndValidateProductsWithResult filterOptions size is -> 3
2025-12-10 06:01:07.785 PM [TestNG-test-Test-2] INFO  [verifyingDisplayTypeFilterFunctionality] [verifyingDisplayTypeFilterFunctionality] Execution is scheduled type /CRON Job on CI Hence refering to CI keys from UtilData
2025-12-10 06:01:07.785 PM [TestNG-test-Test-2] INFO  [verifyingDisplayTypeFilterFunctionality] [verifyingDisplayTypeFilterFunctionality] Within filterOptions loop in applyFilterAndValidateProductsWithResult
2025-12-10 06:01:07.785 PM [TestNG-test-Test-2] INFO  [verifyingDisplayTypeFilterFunctionality] [verifyingDisplayTypeFilterFunctionality] Within safeFindElements 
2025-12-10 06:01:07.795 PM [TestNG-test-Test-2] INFO  [verifyingDisplayTypeFilterFunctionality] [verifyingDisplayTypeFilterFunctionality] Returning the  [[[ChromeDriver: chrome on windows (127bc87a3ca18d445d6f835f2df71c16)] -> xpath: //span[@class='a-size-base a-color-base puis-bold-weight-text' and text()='Display Type']/parent::div/following-sibling::ul//span[@class='a-size-base a-color-base']], [[ChromeDriver: chrome on windows (127bc87a3ca18d445d6f835f2df71c16)] -> xpath: //span[@class='a-size-base a-color-base puis-bold-weight-text' and text()='Display Type']/parent::div/following-sibling::ul//span[@class='a-size-base a-color-base']], [[ChromeDriver: chrome on windows (127bc87a3ca18d445d6f835f2df71c16)] -> xpath: //span[@class='a-size-base a-color-base puis-bold-weight-text' and text()='Display Type']/parent::div/following-sibling::ul//span[@class='a-size-base a-color-base']]] from the safeFindElements method
2025-12-10 06:01:07.795 PM [TestNG-test-Test-2] INFO  [verifyingDisplayTypeFilterFunctionality] [verifyingDisplayTypeFilterFunctionality] Trying to read filter option 0 (attempt 1/3)
2025-12-10 06:01:07.823 PM [TestNG-test-Test-2] INFO  [verifyingDisplayTypeFilterFunctionality] [verifyingDisplayTypeFilterFunctionality] Successfully read filter option 0 = 'AMOLED'
2025-12-10 06:01:07.823 PM [TestNG-test-Test-2] INFO  [verifyingDisplayTypeFilterFunctionality] [verifyingDisplayTypeFilterFunctionality] Within getfilterByTypeAndName method
2025-12-10 06:01:07.824 PM [TestNG-test-Test-2] INFO  [verifyingDisplayTypeFilterFunctionality] [verifyingDisplayTypeFilterFunctionality] Within safeClickBooleanWithScreenShot method
2025-12-10 06:01:07.825 PM [TestNG-test-Test-2] INFO  [verifyingDisplayTypeFilterFunctionality] [verifyingDisplayTypeFilterFunctionality] Within getAppliedfilterByTypeAndName method
2025-12-10 06:01:07.825 PM [TestNG-test-Test-2] INFO  [verifyingDisplayTypeFilterFunctionality] [verifyingDisplayTypeFilterFunctionality] Within smoothScrollToElement method
2025-12-10 06:01:07.826 PM [TestNG-test-Test-2] INFO  [verifyingDisplayTypeFilterFunctionality] [verifyingDisplayTypeFilterFunctionality] Within safeFindElement method
2025-12-10 06:01:07.844 PM [TestNG-test-Test-2] INFO  [verifyingDisplayTypeFilterFunctionality] [verifyingDisplayTypeFilterFunctionality]Found the element returning it ,element ->[[ChromeDriver: chrome on windows (127bc87a3ca18d445d6f835f2df71c16)] -> xpath: //ul[@id='filter-p_n_g-101013595158111']]
2025-12-10 06:01:07.876 PM [TestNG-test-Test-2] INFO  [verifyingDisplayTypeFilterFunctionality] [verifyingDisplayTypeFilterFunctionality] Successfully scrolled to element: By.xpath: //ul[@id='filter-p_n_g-101013595158111']
2025-12-10 06:01:07.876 PM [TestNG-test-Test-2] INFO  [verifyingDisplayTypeFilterFunctionality] [verifyingDisplayTypeFilterFunctionality] Within getMoreButtonByFilterTypeAndName method
2025-12-10 06:01:07.876 PM [TestNG-test-Test-2] INFO  [verifyingDisplayTypeFilterFunctionality] [verifyingDisplayTypeFilterFunctionality] could not find more button
2025-12-10 06:01:09.298 PM [TestNG-test-Test-2] INFO  [verifyingDisplayTypeFilterFunctionality] [verifyingDisplayTypeFilterFunctionality] Within getAppliedfilterByTypeAndName method
2025-12-10 06:01:09.298 PM [TestNG-test-Test-2] INFO  [verifyingDisplayTypeFilterFunctionality] [verifyingDisplayTypeFilterFunctionality] Within smoothScrollToElement method
2025-12-10 06:01:09.298 PM [TestNG-test-Test-2] INFO  [verifyingDisplayTypeFilterFunctionality] [verifyingDisplayTypeFilterFunctionality] Within safeFindElement method
2025-12-10 06:01:09.375 PM [TestNG-test-Test-2] INFO  [verifyingDisplayTypeFilterFunctionality] [verifyingDisplayTypeFilterFunctionality]Found the element returning it ,element ->[[ChromeDriver: chrome on windows (127bc87a3ca18d445d6f835f2df71c16)] -> xpath: //ul[@id='filter-p_n_g-101013595158111']]
2025-12-10 06:01:09.388 PM [TestNG-test-Test-2] INFO  [verifyingDisplayTypeFilterFunctionality] [verifyingDisplayTypeFilterFunctionality] Successfully scrolled to element: By.xpath: //ul[@id='filter-p_n_g-101013595158111']
2025-12-10 06:01:10.389 PM [TestNG-test-Test-2] INFO  [verifyingDisplayTypeFilterFunctionality] [verifyingDisplayTypeFilterFunctionality] Within getMoreButtonByFilterTypeAndName method
2025-12-10 06:01:10.389 PM [TestNG-test-Test-2] INFO  [verifyingDisplayTypeFilterFunctionality] [verifyingDisplayTypeFilterFunctionality] could not find more button
2025-12-10 06:01:11.402 PM [TestNG-test-Test-2] INFO  [verifyingDisplayTypeFilterFunctionality] [verifyingDisplayTypeFilterFunctionality] Within getAppliedfilterByTypeAndName method
2025-12-10 06:01:11.402 PM [TestNG-test-Test-2] INFO  [verifyingDisplayTypeFilterFunctionality] [verifyingDisplayTypeFilterFunctionality] Within smoothScrollToElement method
2025-12-10 06:01:11.402 PM [TestNG-test-Test-2] INFO  [verifyingDisplayTypeFilterFunctionality] [verifyingDisplayTypeFilterFunctionality] Within safeFindElement method
2025-12-10 06:01:11.418 PM [TestNG-test-Test-2] INFO  [verifyingDisplayTypeFilterFunctionality] [verifyingDisplayTypeFilterFunctionality]Found the element returning it ,element ->[[ChromeDriver: chrome on windows (127bc87a3ca18d445d6f835f2df71c16)] -> xpath: //ul[@id='filter-p_n_g-101013595158111']//span[@class='a-size-base a-color-base a-text-bold' and text()='AMOLED']]
2025-12-10 06:01:11.441 PM [TestNG-test-Test-2] INFO  [verifyingDisplayTypeFilterFunctionality] [verifyingDisplayTypeFilterFunctionality] Successfully scrolled to element: By.xpath: //ul[@id='filter-p_n_g-101013595158111']//span[@class='a-size-base a-color-base a-text-bold' and text()='AMOLED']
2025-12-10 06:01:12.443 PM [TestNG-test-Test-2] INFO  [verifyingDisplayTypeFilterFunctionality] [verifyingDisplayTypeFilterFunctionality] Clicked the element using safe click ,element is [[ChromeDriver: chrome on windows (127bc87a3ca18d445d6f835f2df71c16)] -> xpath: //ul[@id='filter-p_n_g-101013595158111']//span[@class='a-size-base a-color-base' and text()='AMOLED']]
2025-12-10 06:01:12.443 PM [TestNG-test-Test-2] INFO  [verifyingDisplayTypeFilterFunctionality] [verifyingDisplayTypeFilterFunctionality] Capturing screenshot: Filter Applied is AMOLED__2025-12-10_180112.png
2025-12-10 06:01:12.522 PM [TestNG-test-Test-2] INFO  [verifyingDisplayTypeFilterFunctionality] [verifyingDisplayTypeFilterFunctionality] Screenshot saved at: test-output/screenshots/Run_2025-12-10_17-57-58/verifyingDisplayTypeFilterFunctionality/Filter Applied is AMOLED__2025-12-10_180112.png
2025-12-10 06:01:13.525 PM [TestNG-test-Test-2] INFO  [verifyingDisplayTypeFilterFunctionality] [verifyingDisplayTypeFilterFunctionality] Within safeFindElements 
2025-12-10 06:01:13.541 PM [TestNG-test-Test-2] INFO  [verifyingDisplayTypeFilterFunctionality] [verifyingDisplayTypeFilterFunctionality] Returning the  [[[ChromeDriver: chrome on windows (127bc87a3ca18d445d6f835f2df71c16)] -> xpath: //div[@data-cy='title-recipe']], [[ChromeDriver: chrome on windows (127bc87a3ca18d445d6f835f2df71c16)] -> xpath: //div[@data-cy='title-recipe']], [[ChromeDriver: chrome on windows (127bc87a3ca18d445d6f835f2df71c16)] -> xpath: //div[@data-cy='title-recipe']], [[ChromeDriver: chrome on windows (127bc87a3ca18d445d6f835f2df71c16)] -> xpath: //div[@data-cy='title-recipe']], [[ChromeDriver: chrome on windows (127bc87a3ca18d445d6f835f2df71c16)] -> xpath: //div[@data-cy='title-recipe']], [[ChromeDriver: chrome on windows (127bc87a3ca18d445d6f835f2df71c16)] -> xpath: //div[@data-cy='title-recipe']], [[ChromeDriver: chrome on windows (127bc87a3ca18d445d6f835f2df71c16)] -> xpath: //div[@data-cy='title-recipe']], [[ChromeDriver: chrome on windows (127bc87a3ca18d445d6f835f2df71c16)] -> xpath: //div[@data-cy='title-recipe']], [[ChromeDriver: chrome on windows (127bc87a3ca18d445d6f835f2df71c16)] -> xpath: //div[@data-cy='title-recipe']], [[ChromeDriver: chrome on windows (127bc87a3ca18d445d6f835f2df71c16)] -> xpath: //div[@data-cy='title-recipe']], [[ChromeDriver: chrome on windows (127bc87a3ca18d445d6f835f2df71c16)] -> xpath: //div[@data-cy='title-recipe']], [[ChromeDriver: chrome on windows (127bc87a3ca18d445d6f835f2df71c16)] -> xpath: //div[@data-cy='title-recipe']], [[ChromeDriver: chrome on windows (127bc87a3ca18d445d6f835f2df71c16)] -> xpath: //div[@data-cy='title-recipe']], [[ChromeDriver: chrome on windows (127bc87a3ca18d445d6f835f2df71c16)] -> xpath: //div[@data-cy='title-recipe']], [[ChromeDriver: chrome on windows (127bc87a3ca18d445d6f835f2df71c16)] -> xpath: //div[@data-cy='title-recipe']], [[ChromeDriver: chrome on windows (127bc87a3ca18d445d6f835f2df71c16)] -> xpath: //div[@data-cy='title-recipe']]] from the safeFindElements method
2025-12-10 06:01:13.541 PM [TestNG-test-Test-2] INFO  [verifyingDisplayTypeFilterFunctionality] [verifyingDisplayTypeFilterFunctionality] Execution is scheduled type /CRON Job on CI Hence refering to CI keys from UtilData
2025-12-10 06:01:13.541 PM [TestNG-test-Test-2] INFO  [verifyingDisplayTypeFilterFunctionality] [verifyingDisplayTypeFilterFunctionality] Within safeClick method
2025-12-10 06:01:13.687 PM [TestNG-test-Test-2] INFO  [verifyingDisplayTypeFilterFunctionality] [verifyingDisplayTypeFilterFunctionality] Clicked the  [[ChromeDriver: chrome on windows (127bc87a3ca18d445d6f835f2df71c16)] -> xpath: //span[@class='a-size-base a-color-base' and text()='Clear']]   using safeClick
2025-12-10 06:01:13.687 PM [TestNG-test-Test-2] INFO  [verifyingDisplayTypeFilterFunctionality] [verifyingDisplayTypeFilterFunctionality] Clearing the filter value ->AMOLEDwithin productNameListingPage loop
2025-12-10 06:01:13.687 PM [TestNG-test-Test-2] INFO  [verifyingDisplayTypeFilterFunctionality] [verifyingDisplayTypeFilterFunctionality]==========================================================================================================
2025-12-10 06:01:13.687 PM [TestNG-test-Test-2] INFO  [verifyingDisplayTypeFilterFunctionality] [verifyingDisplayTypeFilterFunctionality]==========================================================================================================
2025-12-10 06:01:13.687 PM [TestNG-test-Test-2] INFO  [verifyingDisplayTypeFilterFunctionality] [verifyingDisplayTypeFilterFunctionality] Within filterOptions loop in applyFilterAndValidateProductsWithResult
2025-12-10 06:01:13.687 PM [TestNG-test-Test-2] INFO  [verifyingDisplayTypeFilterFunctionality] [verifyingDisplayTypeFilterFunctionality] Within safeFindElements 
2025-12-10 06:01:15.057 PM [TestNG-test-Test-2] INFO  [verifyingDisplayTypeFilterFunctionality] [verifyingDisplayTypeFilterFunctionality] Returning the  [[[ChromeDriver: chrome on windows (127bc87a3ca18d445d6f835f2df71c16)] -> xpath: //span[@class='a-size-base a-color-base puis-bold-weight-text' and text()='Display Type']/parent::div/following-sibling::ul//span[@class='a-size-base a-color-base']], [[ChromeDriver: chrome on windows (127bc87a3ca18d445d6f835f2df71c16)] -> xpath: //span[@class='a-size-base a-color-base puis-bold-weight-text' and text()='Display Type']/parent::div/following-sibling::ul//span[@class='a-size-base a-color-base']], [[ChromeDriver: chrome on windows (127bc87a3ca18d445d6f835f2df71c16)] -> xpath: //span[@class='a-size-base a-color-base puis-bold-weight-text' and text()='Display Type']/parent::div/following-sibling::ul//span[@class='a-size-base a-color-base']]] from the safeFindElements method
2025-12-10 06:01:15.057 PM [TestNG-test-Test-2] INFO  [verifyingDisplayTypeFilterFunctionality] [verifyingDisplayTypeFilterFunctionality] Trying to read filter option 1 (attempt 1/3)
2025-12-10 06:01:15.091 PM [TestNG-test-Test-2] INFO  [verifyingDisplayTypeFilterFunctionality] [verifyingDisplayTypeFilterFunctionality] Successfully read filter option 1 = 'LCD'
2025-12-10 06:01:15.091 PM [TestNG-test-Test-2] INFO  [verifyingDisplayTypeFilterFunctionality] [verifyingDisplayTypeFilterFunctionality] Within getfilterByTypeAndName method
2025-12-10 06:01:15.091 PM [TestNG-test-Test-2] INFO  [verifyingDisplayTypeFilterFunctionality] [verifyingDisplayTypeFilterFunctionality] Within safeClickBooleanWithScreenShot method
2025-12-10 06:01:15.092 PM [TestNG-test-Test-2] INFO  [verifyingDisplayTypeFilterFunctionality] [verifyingDisplayTypeFilterFunctionality] Within getAppliedfilterByTypeAndName method
2025-12-10 06:01:15.092 PM [TestNG-test-Test-2] INFO  [verifyingDisplayTypeFilterFunctionality] [verifyingDisplayTypeFilterFunctionality] Within smoothScrollToElement method
2025-12-10 06:01:15.092 PM [TestNG-test-Test-2] INFO  [verifyingDisplayTypeFilterFunctionality] [verifyingDisplayTypeFilterFunctionality] Within safeFindElement method
2025-12-10 06:01:15.123 PM [TestNG-test-Test-2] INFO  [verifyingDisplayTypeFilterFunctionality] [verifyingDisplayTypeFilterFunctionality]Found the element returning it ,element ->[[ChromeDriver: chrome on windows (127bc87a3ca18d445d6f835f2df71c16)] -> xpath: //ul[@id='filter-p_n_g-101013595158111']]
2025-12-10 06:01:15.179 PM [TestNG-test-Test-2] INFO  [verifyingDisplayTypeFilterFunctionality] [verifyingDisplayTypeFilterFunctionality] Successfully scrolled to element: By.xpath: //ul[@id='filter-p_n_g-101013595158111']
2025-12-10 06:01:15.179 PM [TestNG-test-Test-2] INFO  [verifyingDisplayTypeFilterFunctionality] [verifyingDisplayTypeFilterFunctionality] Within getMoreButtonByFilterTypeAndName method
2025-12-10 06:01:15.179 PM [TestNG-test-Test-2] INFO  [verifyingDisplayTypeFilterFunctionality] [verifyingDisplayTypeFilterFunctionality] could not find more button
2025-12-10 06:01:16.451 PM [TestNG-test-Test-2] INFO  [verifyingDisplayTypeFilterFunctionality] [verifyingDisplayTypeFilterFunctionality] Within getAppliedfilterByTypeAndName method
2025-12-10 06:01:16.451 PM [TestNG-test-Test-2] INFO  [verifyingDisplayTypeFilterFunctionality] [verifyingDisplayTypeFilterFunctionality] Within smoothScrollToElement method
2025-12-10 06:01:16.451 PM [TestNG-test-Test-2] INFO  [verifyingDisplayTypeFilterFunctionality] [verifyingDisplayTypeFilterFunctionality] Within safeFindElement method
2025-12-10 06:01:16.529 PM [TestNG-test-Test-2] INFO  [verifyingDisplayTypeFilterFunctionality] [verifyingDisplayTypeFilterFunctionality]Found the element returning it ,element ->[[ChromeDriver: chrome on windows (127bc87a3ca18d445d6f835f2df71c16)] -> xpath: //ul[@id='filter-p_n_g-101013595158111']]
2025-12-10 06:01:16.535 PM [TestNG-test-Test-2] INFO  [verifyingDisplayTypeFilterFunctionality] [verifyingDisplayTypeFilterFunctionality] Successfully scrolled to element: By.xpath: //ul[@id='filter-p_n_g-101013595158111']
2025-12-10 06:01:17.537 PM [TestNG-test-Test-2] INFO  [verifyingDisplayTypeFilterFunctionality] [verifyingDisplayTypeFilterFunctionality] Within getMoreButtonByFilterTypeAndName method
2025-12-10 06:01:17.537 PM [TestNG-test-Test-2] INFO  [verifyingDisplayTypeFilterFunctionality] [verifyingDisplayTypeFilterFunctionality] could not find more button
2025-12-10 06:01:18.553 PM [TestNG-test-Test-2] INFO  [verifyingDisplayTypeFilterFunctionality] [verifyingDisplayTypeFilterFunctionality] Within getAppliedfilterByTypeAndName method
2025-12-10 06:01:18.553 PM [TestNG-test-Test-2] INFO  [verifyingDisplayTypeFilterFunctionality] [verifyingDisplayTypeFilterFunctionality] Within smoothScrollToElement method
2025-12-10 06:01:18.553 PM [TestNG-test-Test-2] INFO  [verifyingDisplayTypeFilterFunctionality] [verifyingDisplayTypeFilterFunctionality] Within safeFindElement method
2025-12-10 06:01:18.563 PM [TestNG-test-Test-2] INFO  [verifyingDisplayTypeFilterFunctionality] [verifyingDisplayTypeFilterFunctionality]Found the element returning it ,element ->[[ChromeDriver: chrome on windows (127bc87a3ca18d445d6f835f2df71c16)] -> xpath: //ul[@id='filter-p_n_g-101013595158111']//span[@class='a-size-base a-color-base a-text-bold' and text()='LCD']]
2025-12-10 06:01:18.569 PM [TestNG-test-Test-2] INFO  [verifyingDisplayTypeFilterFunctionality] [verifyingDisplayTypeFilterFunctionality] Successfully scrolled to element: By.xpath: //ul[@id='filter-p_n_g-101013595158111']//span[@class='a-size-base a-color-base a-text-bold' and text()='LCD']
2025-12-10 06:01:19.583 PM [TestNG-test-Test-2] INFO  [verifyingDisplayTypeFilterFunctionality] [verifyingDisplayTypeFilterFunctionality] Clicked the element using safe click ,element is [[ChromeDriver: chrome on windows (127bc87a3ca18d445d6f835f2df71c16)] -> xpath: //ul[@id='filter-p_n_g-101013595158111']//span[@class='a-size-base a-color-base' and text()='LCD']]
2025-12-10 06:01:19.583 PM [TestNG-test-Test-2] INFO  [verifyingDisplayTypeFilterFunctionality] [verifyingDisplayTypeFilterFunctionality] Capturing screenshot: Filter Applied is LCD__2025-12-10_180119.png
2025-12-10 06:01:19.661 PM [TestNG-test-Test-2] INFO  [verifyingDisplayTypeFilterFunctionality] [verifyingDisplayTypeFilterFunctionality] Screenshot saved at: test-output/screenshots/Run_2025-12-10_17-57-58/verifyingDisplayTypeFilterFunctionality/Filter Applied is LCD__2025-12-10_180119.png
2025-12-10 06:01:20.662 PM [TestNG-test-Test-2] INFO  [verifyingDisplayTypeFilterFunctionality] [verifyingDisplayTypeFilterFunctionality] Within safeFindElements 
2025-12-10 06:01:20.671 PM [TestNG-test-Test-2] INFO  [verifyingDisplayTypeFilterFunctionality] [verifyingDisplayTypeFilterFunctionality] Returning the  [[[ChromeDriver: chrome on windows (127bc87a3ca18d445d6f835f2df71c16)] -> xpath: //div[@data-cy='title-recipe']], [[ChromeDriver: chrome on windows (127bc87a3ca18d445d6f835f2df71c16)] -> xpath: //div[@data-cy='title-recipe']], [[ChromeDriver: chrome on windows (127bc87a3ca18d445d6f835f2df71c16)] -> xpath: //div[@data-cy='title-recipe']], [[ChromeDriver: chrome on windows (127bc87a3ca18d445d6f835f2df71c16)] -> xpath: //div[@data-cy='title-recipe']], [[ChromeDriver: chrome on windows (127bc87a3ca18d445d6f835f2df71c16)] -> xpath: //div[@data-cy='title-recipe']], [[ChromeDriver: chrome on windows (127bc87a3ca18d445d6f835f2df71c16)] -> xpath: //div[@data-cy='title-recipe']], [[ChromeDriver: chrome on windows (127bc87a3ca18d445d6f835f2df71c16)] -> xpath: //div[@data-cy='title-recipe']], [[ChromeDriver: chrome on windows (127bc87a3ca18d445d6f835f2df71c16)] -> xpath: //div[@data-cy='title-recipe']], [[ChromeDriver: chrome on windows (127bc87a3ca18d445d6f835f2df71c16)] -> xpath: //div[@data-cy='title-recipe']], [[ChromeDriver: chrome on windows (127bc87a3ca18d445d6f835f2df71c16)] -> xpath: //div[@data-cy='title-recipe']], [[ChromeDriver: chrome on windows (127bc87a3ca18d445d6f835f2df71c16)] -> xpath: //div[@data-cy='title-recipe']], [[ChromeDriver: chrome on windows (127bc87a3ca18d445d6f835f2df71c16)] -> xpath: //div[@data-cy='title-recipe']], [[ChromeDriver: chrome on windows (127bc87a3ca18d445d6f835f2df71c16)] -> xpath: //div[@data-cy='title-recipe']], [[ChromeDriver: chrome on windows (127bc87a3ca18d445d6f835f2df71c16)] -> xpath: //div[@data-cy='title-recipe']], [[ChromeDriver: chrome on windows (127bc87a3ca18d445d6f835f2df71c16)] -> xpath: //div[@data-cy='title-recipe']], [[ChromeDriver: chrome on windows (127bc87a3ca18d445d6f835f2df71c16)] -> xpath: //div[@data-cy='title-recipe']], [[ChromeDriver: chrome on windows (127bc87a3ca18d445d6f835f2df71c16)] -> xpath: //div[@data-cy='title-recipe']], [[ChromeDriver: chrome on windows (127bc87a3ca18d445d6f835f2df71c16)] -> xpath: //div[@data-cy='title-recipe']]] from the safeFindElements method
2025-12-10 06:01:20.673 PM [TestNG-test-Test-2] INFO  [verifyingDisplayTypeFilterFunctionality] [verifyingDisplayTypeFilterFunctionality] Execution is scheduled type /CRON Job on CI Hence refering to CI keys from UtilData
2025-12-10 06:01:20.673 PM [TestNG-test-Test-2] INFO  [verifyingDisplayTypeFilterFunctionality] [verifyingDisplayTypeFilterFunctionality] Within safeClick method
2025-12-10 06:01:20.795 PM [TestNG-test-Test-2] INFO  [verifyingDisplayTypeFilterFunctionality] [verifyingDisplayTypeFilterFunctionality] Clicked the  [[ChromeDriver: chrome on windows (127bc87a3ca18d445d6f835f2df71c16)] -> xpath: //span[@class='a-size-base a-color-base' and text()='Clear']]   using safeClick
2025-12-10 06:01:20.795 PM [TestNG-test-Test-2] INFO  [verifyingDisplayTypeFilterFunctionality] [verifyingDisplayTypeFilterFunctionality] Clearing the filter value ->LCDwithin productNameListingPage loop
2025-12-10 06:01:20.795 PM [TestNG-test-Test-2] INFO  [verifyingDisplayTypeFilterFunctionality] [verifyingDisplayTypeFilterFunctionality]==========================================================================================================
2025-12-10 06:01:20.795 PM [TestNG-test-Test-2] INFO  [verifyingDisplayTypeFilterFunctionality] [verifyingDisplayTypeFilterFunctionality]==========================================================================================================
2025-12-10 06:01:20.795 PM [TestNG-test-Test-2] INFO  [verifyingDisplayTypeFilterFunctionality] [verifyingDisplayTypeFilterFunctionality] Within filterOptions loop in applyFilterAndValidateProductsWithResult
2025-12-10 06:01:20.795 PM [TestNG-test-Test-2] INFO  [verifyingDisplayTypeFilterFunctionality] [verifyingDisplayTypeFilterFunctionality] Within safeFindElements 
2025-12-10 06:01:21.850 PM [TestNG-test-Test-2] INFO  [verifyingDisplayTypeFilterFunctionality] [verifyingDisplayTypeFilterFunctionality] Returning the  [[[ChromeDriver: chrome on windows (127bc87a3ca18d445d6f835f2df71c16)] -> xpath: //span[@class='a-size-base a-color-base puis-bold-weight-text' and text()='Display Type']/parent::div/following-sibling::ul//span[@class='a-size-base a-color-base']], [[ChromeDriver: chrome on windows (127bc87a3ca18d445d6f835f2df71c16)] -> xpath: //span[@class='a-size-base a-color-base puis-bold-weight-text' and text()='Display Type']/parent::div/following-sibling::ul//span[@class='a-size-base a-color-base']], [[ChromeDriver: chrome on windows (127bc87a3ca18d445d6f835f2df71c16)] -> xpath: //span[@class='a-size-base a-color-base puis-bold-weight-text' and text()='Display Type']/parent::div/following-sibling::ul//span[@class='a-size-base a-color-base']]] from the safeFindElements method
2025-12-10 06:01:21.850 PM [TestNG-test-Test-2] INFO  [verifyingDisplayTypeFilterFunctionality] [verifyingDisplayTypeFilterFunctionality] Trying to read filter option 2 (attempt 1/3)
2025-12-10 06:01:21.870 PM [TestNG-test-Test-2] INFO  [verifyingDisplayTypeFilterFunctionality] [verifyingDisplayTypeFilterFunctionality] Successfully read filter option 2 = 'OLED'
2025-12-10 06:01:21.870 PM [TestNG-test-Test-2] INFO  [verifyingDisplayTypeFilterFunctionality] [verifyingDisplayTypeFilterFunctionality] Within getfilterByTypeAndName method
2025-12-10 06:01:21.870 PM [TestNG-test-Test-2] INFO  [verifyingDisplayTypeFilterFunctionality] [verifyingDisplayTypeFilterFunctionality] Within safeClickBooleanWithScreenShot method
2025-12-10 06:01:21.870 PM [TestNG-test-Test-2] INFO  [verifyingDisplayTypeFilterFunctionality] [verifyingDisplayTypeFilterFunctionality] Within getAppliedfilterByTypeAndName method
2025-12-10 06:01:21.870 PM [TestNG-test-Test-2] INFO  [verifyingDisplayTypeFilterFunctionality] [verifyingDisplayTypeFilterFunctionality] Within smoothScrollToElement method
2025-12-10 06:01:21.870 PM [TestNG-test-Test-2] INFO  [verifyingDisplayTypeFilterFunctionality] [verifyingDisplayTypeFilterFunctionality] Within safeFindElement method
2025-12-10 06:01:21.879 PM [TestNG-test-Test-2] INFO  [verifyingDisplayTypeFilterFunctionality] [verifyingDisplayTypeFilterFunctionality]Found the element returning it ,element ->[[ChromeDriver: chrome on windows (127bc87a3ca18d445d6f835f2df71c16)] -> xpath: //ul[@id='filter-p_n_g-101013595158111']]
2025-12-10 06:01:21.901 PM [TestNG-test-Test-2] INFO  [verifyingDisplayTypeFilterFunctionality] [verifyingDisplayTypeFilterFunctionality] Successfully scrolled to element: By.xpath: //ul[@id='filter-p_n_g-101013595158111']
2025-12-10 06:01:21.902 PM [TestNG-test-Test-2] INFO  [verifyingDisplayTypeFilterFunctionality] [verifyingDisplayTypeFilterFunctionality] Within getMoreButtonByFilterTypeAndName method
2025-12-10 06:01:21.902 PM [TestNG-test-Test-2] INFO  [verifyingDisplayTypeFilterFunctionality] [verifyingDisplayTypeFilterFunctionality] could not find more button
2025-12-10 06:01:23.137 PM [TestNG-test-Test-2] INFO  [verifyingDisplayTypeFilterFunctionality] [verifyingDisplayTypeFilterFunctionality] Within getAppliedfilterByTypeAndName method
2025-12-10 06:01:23.137 PM [TestNG-test-Test-2] INFO  [verifyingDisplayTypeFilterFunctionality] [verifyingDisplayTypeFilterFunctionality] Within smoothScrollToElement method
2025-12-10 06:01:23.137 PM [TestNG-test-Test-2] INFO  [verifyingDisplayTypeFilterFunctionality] [verifyingDisplayTypeFilterFunctionality] Within safeFindElement method
2025-12-10 06:01:23.220 PM [TestNG-test-Test-2] INFO  [verifyingDisplayTypeFilterFunctionality] [verifyingDisplayTypeFilterFunctionality]Found the element returning it ,element ->[[ChromeDriver: chrome on windows (127bc87a3ca18d445d6f835f2df71c16)] -> xpath: //ul[@id='filter-p_n_g-101013595158111']]
2025-12-10 06:01:23.234 PM [TestNG-test-Test-2] INFO  [verifyingDisplayTypeFilterFunctionality] [verifyingDisplayTypeFilterFunctionality] Successfully scrolled to element: By.xpath: //ul[@id='filter-p_n_g-101013595158111']
2025-12-10 06:01:24.234 PM [TestNG-test-Test-2] INFO  [verifyingDisplayTypeFilterFunctionality] [verifyingDisplayTypeFilterFunctionality] Within getMoreButtonByFilterTypeAndName method
2025-12-10 06:01:24.234 PM [TestNG-test-Test-2] INFO  [verifyingDisplayTypeFilterFunctionality] [verifyingDisplayTypeFilterFunctionality] could not find more button
2025-12-10 06:01:25.236 PM [TestNG-test-Test-2] INFO  [verifyingDisplayTypeFilterFunctionality] [verifyingDisplayTypeFilterFunctionality] Within getAppliedfilterByTypeAndName method
2025-12-10 06:01:25.236 PM [TestNG-test-Test-2] INFO  [verifyingDisplayTypeFilterFunctionality] [verifyingDisplayTypeFilterFunctionality] Within smoothScrollToElement method
2025-12-10 06:01:25.236 PM [TestNG-test-Test-2] INFO  [verifyingDisplayTypeFilterFunctionality] [verifyingDisplayTypeFilterFunctionality] Within safeFindElement method
2025-12-10 06:01:25.248 PM [TestNG-test-Test-2] INFO  [verifyingDisplayTypeFilterFunctionality] [verifyingDisplayTypeFilterFunctionality]Found the element returning it ,element ->[[ChromeDriver: chrome on windows (127bc87a3ca18d445d6f835f2df71c16)] -> xpath: //ul[@id='filter-p_n_g-101013595158111']//span[@class='a-size-base a-color-base a-text-bold' and text()='OLED']]
2025-12-10 06:01:25.264 PM [TestNG-test-Test-2] INFO  [verifyingDisplayTypeFilterFunctionality] [verifyingDisplayTypeFilterFunctionality] Successfully scrolled to element: By.xpath: //ul[@id='filter-p_n_g-101013595158111']//span[@class='a-size-base a-color-base a-text-bold' and text()='OLED']
2025-12-10 06:01:26.265 PM [TestNG-test-Test-2] INFO  [verifyingDisplayTypeFilterFunctionality] [verifyingDisplayTypeFilterFunctionality] Clicked the element using safe click ,element is [[ChromeDriver: chrome on windows (127bc87a3ca18d445d6f835f2df71c16)] -> xpath: //ul[@id='filter-p_n_g-101013595158111']//span[@class='a-size-base a-color-base' and text()='OLED']]
2025-12-10 06:01:26.265 PM [TestNG-test-Test-2] INFO  [verifyingDisplayTypeFilterFunctionality] [verifyingDisplayTypeFilterFunctionality] Capturing screenshot: Filter Applied is OLED__2025-12-10_180126.png
2025-12-10 06:01:26.379 PM [TestNG-test-Test-2] INFO  [verifyingDisplayTypeFilterFunctionality] [verifyingDisplayTypeFilterFunctionality] Screenshot saved at: test-output/screenshots/Run_2025-12-10_17-57-58/verifyingDisplayTypeFilterFunctionality/Filter Applied is OLED__2025-12-10_180126.png
2025-12-10 06:01:27.395 PM [TestNG-test-Test-2] INFO  [verifyingDisplayTypeFilterFunctionality] [verifyingDisplayTypeFilterFunctionality] Within safeFindElements 
2025-12-10 06:01:27.407 PM [TestNG-test-Test-2] INFO  [verifyingDisplayTypeFilterFunctionality] [verifyingDisplayTypeFilterFunctionality] Returning the  [[[ChromeDriver: chrome on windows (127bc87a3ca18d445d6f835f2df71c16)] -> xpath: //div[@data-cy='title-recipe']], [[ChromeDriver: chrome on windows (127bc87a3ca18d445d6f835f2df71c16)] -> xpath: //div[@data-cy='title-recipe']], [[ChromeDriver: chrome on windows (127bc87a3ca18d445d6f835f2df71c16)] -> xpath: //div[@data-cy='title-recipe']], [[ChromeDriver: chrome on windows (127bc87a3ca18d445d6f835f2df71c16)] -> xpath: //div[@data-cy='title-recipe']], [[ChromeDriver: chrome on windows (127bc87a3ca18d445d6f835f2df71c16)] -> xpath: //div[@data-cy='title-recipe']], [[ChromeDriver: chrome on windows (127bc87a3ca18d445d6f835f2df71c16)] -> xpath: //div[@data-cy='title-recipe']], [[ChromeDriver: chrome on windows (127bc87a3ca18d445d6f835f2df71c16)] -> xpath: //div[@data-cy='title-recipe']], [[ChromeDriver: chrome on windows (127bc87a3ca18d445d6f835f2df71c16)] -> xpath: //div[@data-cy='title-recipe']], [[ChromeDriver: chrome on windows (127bc87a3ca18d445d6f835f2df71c16)] -> xpath: //div[@data-cy='title-recipe']], [[ChromeDriver: chrome on windows (127bc87a3ca18d445d6f835f2df71c16)] -> xpath: //div[@data-cy='title-recipe']], [[ChromeDriver: chrome on windows (127bc87a3ca18d445d6f835f2df71c16)] -> xpath: //div[@data-cy='title-recipe']], [[ChromeDriver: chrome on windows (127bc87a3ca18d445d6f835f2df71c16)] -> xpath: //div[@data-cy='title-recipe']], [[ChromeDriver: chrome on windows (127bc87a3ca18d445d6f835f2df71c16)] -> xpath: //div[@data-cy='title-recipe']], [[ChromeDriver: chrome on windows (127bc87a3ca18d445d6f835f2df71c16)] -> xpath: //div[@data-cy='title-recipe']], [[ChromeDriver: chrome on windows (127bc87a3ca18d445d6f835f2df71c16)] -> xpath: //div[@data-cy='title-recipe']], [[ChromeDriver: chrome on windows (127bc87a3ca18d445d6f835f2df71c16)] -> xpath: //div[@data-cy='title-recipe']]] from the safeFindElements method
2025-12-10 06:01:27.407 PM [TestNG-test-Test-2] INFO  [verifyingDisplayTypeFilterFunctionality] [verifyingDisplayTypeFilterFunctionality] Execution is scheduled type /CRON Job on CI Hence refering to CI keys from UtilData
2025-12-10 06:01:27.407 PM [TestNG-test-Test-2] INFO  [verifyingDisplayTypeFilterFunctionality] [verifyingDisplayTypeFilterFunctionality] Within safeClick method
2025-12-10 06:01:27.530 PM [TestNG-test-Test-2] INFO  [verifyingDisplayTypeFilterFunctionality] [verifyingDisplayTypeFilterFunctionality] Clicked the  [[ChromeDriver: chrome on windows (127bc87a3ca18d445d6f835f2df71c16)] -> xpath: //span[@class='a-size-base a-color-base' and text()='Clear']]   using safeClick
2025-12-10 06:01:27.531 PM [TestNG-test-Test-2] INFO  [verifyingDisplayTypeFilterFunctionality] [verifyingDisplayTypeFilterFunctionality] Clearing the filter value ->OLEDwithin productNameListingPage loop
2025-12-10 06:01:27.531 PM [TestNG-test-Test-2] INFO  [verifyingDisplayTypeFilterFunctionality] [verifyingDisplayTypeFilterFunctionality]==========================================================================================================
2025-12-10 06:01:27.531 PM [TestNG-test-Test-2] INFO  [verifyingDisplayTypeFilterFunctionality] [verifyingDisplayTypeFilterFunctionality]==========================================================================================================
2025-12-10 06:01:27.531 PM [TestNG-test-Test-2] INFO  [verifyingDisplayTypeFilterFunctionality] [verifyingDisplayTypeFilterFunctionality] returning the 'results' i.e list of Maps
2025-12-10 06:01:27.531 PM [TestNG-test-Test-2] INFO  [verifyingDisplayTypeFilterFunctionality] [verifyingDisplayTypeFilterFunctionality]  Final assertion for display type filter validation...
2025-12-10 06:01:27.538 PM [TestNG-test-Test-2] INFO  [verifyingDisplayTypeFilterFunctionality] ✅ Finished test method: verifyingDisplayTypeFilterFunctionality
2025-12-10 06:01:27.866 PM [TestNG-test-Test-2] INFO  [verifyingDisplayTypeFilterFunctionality] 🔹 Starting test method: verifyingDisplayTypeFilterFunctionality
2025-12-10 06:01:27.866 PM [TestNG-test-Test-2] INFO  [verifyingDisplayTypeFilterFunctionality] No existing WebDriver found for current thread. Initializing a new ChromeDriver...
2025-12-10 06:01:27.877 PM [TestNG-test-Test-2] INFO  [verifyingDisplayTypeFilterFunctionality] WebDriverManager: chromedriver setup OK
2025-12-10 06:01:29.107 PM [TestNG-test-Test-2] INFO  [verifyingDisplayTypeFilterFunctionality] ChromeDriver initialized successfully for thread: 35
2025-12-10 06:01:29.727 PM [TestNG-test-Test-2] INFO  [verifyingDisplayTypeFilterFunctionality] [verifyingDisplayTypeFilterFunctionality] Opening amazon Landing page
2025-12-10 06:01:32.916 PM [TestNG-test-Test-2] INFO  [verifyingDisplayTypeFilterFunctionality] [verifyingDisplayTypeFilterFunctionality] Giving input within the search bar
2025-12-10 06:01:32.919 PM [TestNG-test-Test-2] INFO  [verifyingDisplayTypeFilterFunctionality] [verifyingDisplayTypeFilterFunctionality] Within safeClick method
2025-12-10 06:01:35.103 PM [TestNG-test-Test-2] INFO  [verifyingDisplayTypeFilterFunctionality] [verifyingDisplayTypeFilterFunctionality] Clicked the  [[ChromeDriver: chrome on windows (2165c42b6282941472fe4a5fe2db6b47)] -> xpath: //input[@id='nav-search-submit-button']]   using safeClick
2025-12-10 06:01:35.103 PM [TestNG-test-Test-2] INFO  [verifyingDisplayTypeFilterFunctionality] [verifyingDisplayTypeFilterFunctionality] Clicking on the submit in the search bar
2025-12-10 06:01:35.314 PM [TestNG-test-Test-2] INFO  [verifyingDisplayTypeFilterFunctionality] [verifyingDisplayTypeFilterFunctionality] Within filterCheckUnderList method
2025-12-10 06:01:35.538 PM [TestNG-test-Test-2] INFO  [verifyingDisplayTypeFilterFunctionality] [verifyingDisplayTypeFilterFunctionality] Found the Filter within the filter check List
2025-12-10 06:01:35.538 PM [TestNG-test-Test-2] INFO  [verifyingDisplayTypeFilterFunctionality] [verifyingDisplayTypeFilterFunctionality] Within applyFilterAndValidateProductsWithResult method
2025-12-10 06:01:35.538 PM [TestNG-test-Test-2] INFO  [verifyingDisplayTypeFilterFunctionality] [verifyingDisplayTypeFilterFunctionality] Within safeFindElements 
2025-12-10 06:01:35.551 PM [TestNG-test-Test-2] INFO  [verifyingDisplayTypeFilterFunctionality] [verifyingDisplayTypeFilterFunctionality] Returning the  [[[ChromeDriver: chrome on windows (2165c42b6282941472fe4a5fe2db6b47)] -> xpath: //span[@class='a-size-base a-color-base puis-bold-weight-text' and text()='Display Type']/parent::div/following-sibling::ul//span[@class='a-size-base a-color-base']], [[ChromeDriver: chrome on windows (2165c42b6282941472fe4a5fe2db6b47)] -> xpath: //span[@class='a-size-base a-color-base puis-bold-weight-text' and text()='Display Type']/parent::div/following-sibling::ul//span[@class='a-size-base a-color-base']], [[ChromeDriver: chrome on windows (2165c42b6282941472fe4a5fe2db6b47)] -> xpath: //span[@class='a-size-base a-color-base puis-bold-weight-text' and text()='Display Type']/parent::div/following-sibling::ul//span[@class='a-size-base a-color-base']]] from the safeFindElements method
2025-12-10 06:01:35.551 PM [TestNG-test-Test-2] INFO  [verifyingDisplayTypeFilterFunctionality] [verifyingDisplayTypeFilterFunctionality] Within applyFilterAndValidateProductsWithResult filterOptions size is -> 3
2025-12-10 06:01:35.551 PM [TestNG-test-Test-2] INFO  [verifyingDisplayTypeFilterFunctionality] [verifyingDisplayTypeFilterFunctionality] Execution is scheduled type /CRON Job on CI Hence refering to CI keys from UtilData
2025-12-10 06:01:35.551 PM [TestNG-test-Test-2] INFO  [verifyingDisplayTypeFilterFunctionality] [verifyingDisplayTypeFilterFunctionality] Within filterOptions loop in applyFilterAndValidateProductsWithResult
2025-12-10 06:01:35.551 PM [TestNG-test-Test-2] INFO  [verifyingDisplayTypeFilterFunctionality] [verifyingDisplayTypeFilterFunctionality] Within safeFindElements 
2025-12-10 06:01:35.601 PM [TestNG-test-Test-2] INFO  [verifyingDisplayTypeFilterFunctionality] [verifyingDisplayTypeFilterFunctionality] Returning the  [[[ChromeDriver: chrome on windows (2165c42b6282941472fe4a5fe2db6b47)] -> xpath: //span[@class='a-size-base a-color-base puis-bold-weight-text' and text()='Display Type']/parent::div/following-sibling::ul//span[@class='a-size-base a-color-base']], [[ChromeDriver: chrome on windows (2165c42b6282941472fe4a5fe2db6b47)] -> xpath: //span[@class='a-size-base a-color-base puis-bold-weight-text' and text()='Display Type']/parent::div/following-sibling::ul//span[@class='a-size-base a-color-base']], [[ChromeDriver: chrome on windows (2165c42b6282941472fe4a5fe2db6b47)] -> xpath: //span[@class='a-size-base a-color-base puis-bold-weight-text' and text()='Display Type']/parent::div/following-sibling::ul//span[@class='a-size-base a-color-base']]] from the safeFindElements method
2025-12-10 06:01:35.602 PM [TestNG-test-Test-2] INFO  [verifyingDisplayTypeFilterFunctionality] [verifyingDisplayTypeFilterFunctionality] Trying to read filter option 0 (attempt 1/3)
2025-12-10 06:01:35.624 PM [TestNG-test-Test-2] INFO  [verifyingDisplayTypeFilterFunctionality] [verifyingDisplayTypeFilterFunctionality] Successfully read filter option 0 = 'LCD'
2025-12-10 06:01:35.624 PM [TestNG-test-Test-2] INFO  [verifyingDisplayTypeFilterFunctionality] [verifyingDisplayTypeFilterFunctionality] Within getfilterByTypeAndName method
2025-12-10 06:01:35.624 PM [TestNG-test-Test-2] INFO  [verifyingDisplayTypeFilterFunctionality] [verifyingDisplayTypeFilterFunctionality] Within safeClickBooleanWithScreenShot method
2025-12-10 06:01:35.625 PM [TestNG-test-Test-2] INFO  [verifyingDisplayTypeFilterFunctionality] [verifyingDisplayTypeFilterFunctionality] Within getAppliedfilterByTypeAndName method
2025-12-10 06:01:35.625 PM [TestNG-test-Test-2] INFO  [verifyingDisplayTypeFilterFunctionality] [verifyingDisplayTypeFilterFunctionality] Within smoothScrollToElement method
2025-12-10 06:01:35.625 PM [TestNG-test-Test-2] INFO  [verifyingDisplayTypeFilterFunctionality] [verifyingDisplayTypeFilterFunctionality] Within safeFindElement method
2025-12-10 06:01:45.953 PM [TestNG-test-Test-2] INFO  [verifyingDisplayTypeFilterFunctionality] [verifyingDisplayTypeFilterFunctionality]Retrying findElement for: ->By.xpath: //ul[@id='filter-p_n_g-101013595158111']
2025-12-10 06:01:47.483 PM [TestNG-test-Test-2] INFO  [verifyingDisplayTypeFilterFunctionality] [verifyingDisplayTypeFilterFunctionality]Refrehsing the page , while trying to safely find : ->By.xpath: //ul[@id='filter-p_n_g-101013595158111']
2025-12-10 06:01:58.797 PM [TestNG-test-Test-2] INFO  [verifyingDisplayTypeFilterFunctionality] [verifyingDisplayTypeFilterFunctionality]Retrying findElement for: ->By.xpath: //ul[@id='filter-p_n_g-101013595158111']
2025-12-10 06:02:00.485 PM [TestNG-test-Test-2] INFO  [verifyingDisplayTypeFilterFunctionality] [verifyingDisplayTypeFilterFunctionality]Refrehsing the page , while trying to safely find : ->By.xpath: //ul[@id='filter-p_n_g-101013595158111']
2025-12-10 06:02:01.489 PM [TestNG-test-Test-2] INFO  [verifyingDisplayTypeFilterFunctionality] [verifyingDisplayTypeFilterFunctionality] Skipping action: Element not found after 2   attemps
2025-12-10 06:02:01.489 PM [TestNG-test-Test-2] WARN  [verifyingDisplayTypeFilterFunctionality] [verifyingDisplayTypeFilterFunctionality] Element not found for locator: By.xpath: //ul[@id='filter-p_n_g-101013595158111']
2025-12-10 06:02:01.489 PM [TestNG-test-Test-2] INFO  [verifyingDisplayTypeFilterFunctionality] [verifyingDisplayTypeFilterFunctionality] Within getMoreButtonByFilterTypeAndName method
2025-12-10 06:02:01.489 PM [TestNG-test-Test-2] INFO  [verifyingDisplayTypeFilterFunctionality] [verifyingDisplayTypeFilterFunctionality] could not find more button
2025-12-10 06:02:11.796 PM [TestNG-test-Test-2] INFO  [verifyingDisplayTypeFilterFunctionality] [verifyingDisplayTypeFilterFunctionality] Cannot click the button, element ->By.xpath: //ul[@id='filter-p_n_g-101013595158111']//span[@class='a-size-base a-color-base' and text()='LCD']
2025-12-10 06:02:14.238 PM [TestNG-test-Test-2] INFO  [verifyingDisplayTypeFilterFunctionality] [verifyingDisplayTypeFilterFunctionality] Cannot apply filter taking failed screenshot for ->LCD
2025-12-10 06:02:14.238 PM [TestNG-test-Test-2] INFO  [verifyingDisplayTypeFilterFunctionality] [verifyingDisplayTypeFilterFunctionality] Within getAppliedfilterByTypeAndName method
2025-12-10 06:02:14.238 PM [TestNG-test-Test-2] INFO  [verifyingDisplayTypeFilterFunctionality] [verifyingDisplayTypeFilterFunctionality] Within smoothScrollToElement method
2025-12-10 06:02:14.238 PM [TestNG-test-Test-2] INFO  [verifyingDisplayTypeFilterFunctionality] [verifyingDisplayTypeFilterFunctionality] Within safeFindElement method
2025-12-10 06:02:24.655 PM [TestNG-test-Test-2] INFO  [verifyingDisplayTypeFilterFunctionality] [verifyingDisplayTypeFilterFunctionality]Retrying findElement for: ->By.xpath: //ul[@id='filter-p_n_g-101013595158111']
2025-12-10 06:02:26.107 PM [TestNG-test-Test-2] INFO  [verifyingDisplayTypeFilterFunctionality] [verifyingDisplayTypeFilterFunctionality]Refrehsing the page , while trying to safely find : ->By.xpath: //ul[@id='filter-p_n_g-101013595158111']
2025-12-10 06:02:37.418 PM [TestNG-test-Test-2] INFO  [verifyingDisplayTypeFilterFunctionality] [verifyingDisplayTypeFilterFunctionality]Retrying findElement for: ->By.xpath: //ul[@id='filter-p_n_g-101013595158111']
2025-12-10 06:02:38.949 PM [TestNG-test-Test-2] INFO  [verifyingDisplayTypeFilterFunctionality] [verifyingDisplayTypeFilterFunctionality]Refrehsing the page , while trying to safely find : ->By.xpath: //ul[@id='filter-p_n_g-101013595158111']
2025-12-10 06:02:39.957 PM [TestNG-test-Test-2] INFO  [verifyingDisplayTypeFilterFunctionality] [verifyingDisplayTypeFilterFunctionality] Skipping action: Element not found after 2   attemps
2025-12-10 06:02:39.957 PM [TestNG-test-Test-2] WARN  [verifyingDisplayTypeFilterFunctionality] [verifyingDisplayTypeFilterFunctionality] Element not found for locator: By.xpath: //ul[@id='filter-p_n_g-101013595158111']
2025-12-10 06:02:41.959 PM [TestNG-test-Test-2] INFO  [verifyingDisplayTypeFilterFunctionality] [verifyingDisplayTypeFilterFunctionality] Within getMoreButtonByFilterTypeAndName method
2025-12-10 06:02:41.959 PM [TestNG-test-Test-2] INFO  [verifyingDisplayTypeFilterFunctionality] [verifyingDisplayTypeFilterFunctionality] could not find more button
2025-12-10 06:02:42.973 PM [TestNG-test-Test-2] INFO  [verifyingDisplayTypeFilterFunctionality] [verifyingDisplayTypeFilterFunctionality] Capturing screenshot: failed filter apply screenshot-  Filter Applied is LCD__2025-12-10_180242.png
2025-12-10 06:02:43.196 PM [TestNG-test-Test-2] INFO  [verifyingDisplayTypeFilterFunctionality] [verifyingDisplayTypeFilterFunctionality] Screenshot saved at: test-output/screenshots/Run_2025-12-10_17-57-58/verifyingDisplayTypeFilterFunctionality/failed filter apply screenshot-  Filter Applied is LCD__2025-12-10_180242.png
2025-12-10 06:02:43.196 PM [TestNG-test-Test-2] INFO  [verifyingDisplayTypeFilterFunctionality] [verifyingDisplayTypeFilterFunctionality] Refrshing the page , while trying to click ->By.xpath: //ul[@id='filter-p_n_g-101013595158111']//span[@class='a-size-base a-color-base' and text()='LCD']
2025-12-10 06:02:44.198 PM [TestNG-test-Test-2] INFO  [verifyingDisplayTypeFilterFunctionality] [verifyingDisplayTypeFilterFunctionality]Skipping click action: Element not clickable after1   attempts
2025-12-10 06:02:44.198 PM [TestNG-test-Test-2] INFO  [verifyingDisplayTypeFilterFunctionality] [verifyingDisplayTypeFilterFunctionality] Within filterOptions loop in applyFilterAndValidateProductsWithResult
2025-12-10 06:02:44.198 PM [TestNG-test-Test-2] INFO  [verifyingDisplayTypeFilterFunctionality] [verifyingDisplayTypeFilterFunctionality] Within safeFindElements 
2025-12-10 06:02:44.213 PM [TestNG-test-Test-2] INFO  [verifyingDisplayTypeFilterFunctionality] [verifyingDisplayTypeFilterFunctionality] Returning the  [[[ChromeDriver: chrome on windows (2165c42b6282941472fe4a5fe2db6b47)] -> xpath: //span[@class='a-size-base a-color-base puis-bold-weight-text' and text()='Display Type']/parent::div/following-sibling::ul//span[@class='a-size-base a-color-base']], [[ChromeDriver: chrome on windows (2165c42b6282941472fe4a5fe2db6b47)] -> xpath: //span[@class='a-size-base a-color-base puis-bold-weight-text' and text()='Display Type']/parent::div/following-sibling::ul//span[@class='a-size-base a-color-base']], [[ChromeDriver: chrome on windows (2165c42b6282941472fe4a5fe2db6b47)] -> xpath: //span[@class='a-size-base a-color-base puis-bold-weight-text' and text()='Display Type']/parent::div/following-sibling::ul//span[@class='a-size-base a-color-base']]] from the safeFindElements method
2025-12-10 06:02:44.213 PM [TestNG-test-Test-2] INFO  [verifyingDisplayTypeFilterFunctionality] [verifyingDisplayTypeFilterFunctionality] Trying to read filter option 1 (attempt 1/3)
2025-12-10 06:02:44.236 PM [TestNG-test-Test-2] INFO  [verifyingDisplayTypeFilterFunctionality] [verifyingDisplayTypeFilterFunctionality] Successfully read filter option 1 = 'LED'
2025-12-10 06:02:44.236 PM [TestNG-test-Test-2] INFO  [verifyingDisplayTypeFilterFunctionality] [verifyingDisplayTypeFilterFunctionality] Within getfilterByTypeAndName method
2025-12-10 06:02:44.236 PM [TestNG-test-Test-2] INFO  [verifyingDisplayTypeFilterFunctionality] [verifyingDisplayTypeFilterFunctionality] Within safeClickBooleanWithScreenShot method
2025-12-10 06:02:44.236 PM [TestNG-test-Test-2] INFO  [verifyingDisplayTypeFilterFunctionality] [verifyingDisplayTypeFilterFunctionality] Within getAppliedfilterByTypeAndName method
2025-12-10 06:02:44.237 PM [TestNG-test-Test-2] INFO  [verifyingDisplayTypeFilterFunctionality] [verifyingDisplayTypeFilterFunctionality] Within smoothScrollToElement method
2025-12-10 06:02:44.237 PM [TestNG-test-Test-2] INFO  [verifyingDisplayTypeFilterFunctionality] [verifyingDisplayTypeFilterFunctionality] Within safeFindElement method
2025-12-10 06:02:54.528 PM [TestNG-test-Test-2] INFO  [verifyingDisplayTypeFilterFunctionality] [verifyingDisplayTypeFilterFunctionality]Retrying findElement for: ->By.xpath: //ul[@id='filter-p_n_g-101013595158111']
2025-12-10 06:02:56.073 PM [TestNG-test-Test-2] INFO  [verifyingDisplayTypeFilterFunctionality] [verifyingDisplayTypeFilterFunctionality]Refrehsing the page , while trying to safely find : ->By.xpath: //ul[@id='filter-p_n_g-101013595158111']
2025-12-10 06:03:07.402 PM [TestNG-test-Test-2] INFO  [verifyingDisplayTypeFilterFunctionality] [verifyingDisplayTypeFilterFunctionality]Retrying findElement for: ->By.xpath: //ul[@id='filter-p_n_g-101013595158111']
2025-12-10 06:03:08.854 PM [TestNG-test-Test-2] INFO  [verifyingDisplayTypeFilterFunctionality] [verifyingDisplayTypeFilterFunctionality]Refrehsing the page , while trying to safely find : ->By.xpath: //ul[@id='filter-p_n_g-101013595158111']
2025-12-10 06:03:09.855 PM [TestNG-test-Test-2] INFO  [verifyingDisplayTypeFilterFunctionality] [verifyingDisplayTypeFilterFunctionality] Skipping action: Element not found after 2   attemps
2025-12-10 06:03:09.855 PM [TestNG-test-Test-2] WARN  [verifyingDisplayTypeFilterFunctionality] [verifyingDisplayTypeFilterFunctionality] Element not found for locator: By.xpath: //ul[@id='filter-p_n_g-101013595158111']
2025-12-10 06:03:09.855 PM [TestNG-test-Test-2] INFO  [verifyingDisplayTypeFilterFunctionality] [verifyingDisplayTypeFilterFunctionality] Within getMoreButtonByFilterTypeAndName method
2025-12-10 06:03:09.855 PM [TestNG-test-Test-2] INFO  [verifyingDisplayTypeFilterFunctionality] [verifyingDisplayTypeFilterFunctionality] could not find more button
2025-12-10 06:03:20.164 PM [TestNG-test-Test-2] INFO  [verifyingDisplayTypeFilterFunctionality] [verifyingDisplayTypeFilterFunctionality] Cannot click the button, element ->By.xpath: //ul[@id='filter-p_n_g-101013595158111']//span[@class='a-size-base a-color-base' and text()='LED']
2025-12-10 06:03:22.598 PM [TestNG-test-Test-2] INFO  [verifyingDisplayTypeFilterFunctionality] [verifyingDisplayTypeFilterFunctionality] Cannot apply filter taking failed screenshot for ->LED
2025-12-10 06:03:22.598 PM [TestNG-test-Test-2] INFO  [verifyingDisplayTypeFilterFunctionality] [verifyingDisplayTypeFilterFunctionality] Within getAppliedfilterByTypeAndName method
2025-12-10 06:03:22.598 PM [TestNG-test-Test-2] INFO  [verifyingDisplayTypeFilterFunctionality] [verifyingDisplayTypeFilterFunctionality] Within smoothScrollToElement method
2025-12-10 06:03:22.598 PM [TestNG-test-Test-2] INFO  [verifyingDisplayTypeFilterFunctionality] [verifyingDisplayTypeFilterFunctionality] Within safeFindElement method
2025-12-10 06:03:32.904 PM [TestNG-test-Test-2] INFO  [verifyingDisplayTypeFilterFunctionality] [verifyingDisplayTypeFilterFunctionality]Retrying findElement for: ->By.xpath: //ul[@id='filter-p_n_g-101013595158111']
2025-12-10 06:03:34.367 PM [TestNG-test-Test-2] INFO  [verifyingDisplayTypeFilterFunctionality] [verifyingDisplayTypeFilterFunctionality]Refrehsing the page , while trying to safely find : ->By.xpath: //ul[@id='filter-p_n_g-101013595158111']
2025-12-10 06:03:45.732 PM [TestNG-test-Test-2] INFO  [verifyingDisplayTypeFilterFunctionality] [verifyingDisplayTypeFilterFunctionality]Retrying findElement for: ->By.xpath: //ul[@id='filter-p_n_g-101013595158111']
2025-12-10 06:03:48.520 PM [TestNG-test-Test-2] INFO  [verifyingDisplayTypeFilterFunctionality] [verifyingDisplayTypeFilterFunctionality]Refrehsing the page , while trying to safely find : ->By.xpath: //ul[@id='filter-p_n_g-101013595158111']
2025-12-10 06:03:49.527 PM [TestNG-test-Test-2] INFO  [verifyingDisplayTypeFilterFunctionality] [verifyingDisplayTypeFilterFunctionality] Skipping action: Element not found after 2   attemps
2025-12-10 06:03:49.527 PM [TestNG-test-Test-2] WARN  [verifyingDisplayTypeFilterFunctionality] [verifyingDisplayTypeFilterFunctionality] Element not found for locator: By.xpath: //ul[@id='filter-p_n_g-101013595158111']
2025-12-10 06:03:51.535 PM [TestNG-test-Test-2] INFO  [verifyingDisplayTypeFilterFunctionality] [verifyingDisplayTypeFilterFunctionality] Within getMoreButtonByFilterTypeAndName method
2025-12-10 06:03:51.535 PM [TestNG-test-Test-2] INFO  [verifyingDisplayTypeFilterFunctionality] [verifyingDisplayTypeFilterFunctionality] could not find more button
2025-12-10 06:03:52.551 PM [TestNG-test-Test-2] INFO  [verifyingDisplayTypeFilterFunctionality] [verifyingDisplayTypeFilterFunctionality] Capturing screenshot: failed filter apply screenshot-  Filter Applied is LED__2025-12-10_180352.png
2025-12-10 06:03:52.777 PM [TestNG-test-Test-2] INFO  [verifyingDisplayTypeFilterFunctionality] [verifyingDisplayTypeFilterFunctionality] Screenshot saved at: test-output/screenshots/Run_2025-12-10_17-57-58/verifyingDisplayTypeFilterFunctionality/failed filter apply screenshot-  Filter Applied is LED__2025-12-10_180352.png
2025-12-10 06:03:52.777 PM [TestNG-test-Test-2] INFO  [verifyingDisplayTypeFilterFunctionality] [verifyingDisplayTypeFilterFunctionality] Refrshing the page , while trying to click ->By.xpath: //ul[@id='filter-p_n_g-101013595158111']//span[@class='a-size-base a-color-base' and text()='LED']
2025-12-10 06:03:53.778 PM [TestNG-test-Test-2] INFO  [verifyingDisplayTypeFilterFunctionality] [verifyingDisplayTypeFilterFunctionality]Skipping click action: Element not clickable after1   attempts
2025-12-10 06:03:53.778 PM [TestNG-test-Test-2] INFO  [verifyingDisplayTypeFilterFunctionality] [verifyingDisplayTypeFilterFunctionality] Within filterOptions loop in applyFilterAndValidateProductsWithResult
2025-12-10 06:03:53.778 PM [TestNG-test-Test-2] INFO  [verifyingDisplayTypeFilterFunctionality] [verifyingDisplayTypeFilterFunctionality] Within safeFindElements 
2025-12-10 06:03:53.790 PM [TestNG-test-Test-2] INFO  [verifyingDisplayTypeFilterFunctionality] [verifyingDisplayTypeFilterFunctionality] Returning the  [[[ChromeDriver: chrome on windows (2165c42b6282941472fe4a5fe2db6b47)] -> xpath: //span[@class='a-size-base a-color-base puis-bold-weight-text' and text()='Display Type']/parent::div/following-sibling::ul//span[@class='a-size-base a-color-base']], [[ChromeDriver: chrome on windows (2165c42b6282941472fe4a5fe2db6b47)] -> xpath: //span[@class='a-size-base a-color-base puis-bold-weight-text' and text()='Display Type']/parent::div/following-sibling::ul//span[@class='a-size-base a-color-base']], [[ChromeDriver: chrome on windows (2165c42b6282941472fe4a5fe2db6b47)] -> xpath: //span[@class='a-size-base a-color-base puis-bold-weight-text' and text()='Display Type']/parent::div/following-sibling::ul//span[@class='a-size-base a-color-base']]] from the safeFindElements method
2025-12-10 06:03:53.790 PM [TestNG-test-Test-2] INFO  [verifyingDisplayTypeFilterFunctionality] [verifyingDisplayTypeFilterFunctionality] Trying to read filter option 2 (attempt 1/3)
2025-12-10 06:03:53.810 PM [TestNG-test-Test-2] INFO  [verifyingDisplayTypeFilterFunctionality] [verifyingDisplayTypeFilterFunctionality] Successfully read filter option 2 = 'OLED'
2025-12-10 06:03:53.810 PM [TestNG-test-Test-2] INFO  [verifyingDisplayTypeFilterFunctionality] [verifyingDisplayTypeFilterFunctionality] Within getfilterByTypeAndName method
2025-12-10 06:03:53.810 PM [TestNG-test-Test-2] INFO  [verifyingDisplayTypeFilterFunctionality] [verifyingDisplayTypeFilterFunctionality] Within safeClickBooleanWithScreenShot method
2025-12-10 06:03:53.810 PM [TestNG-test-Test-2] INFO  [verifyingDisplayTypeFilterFunctionality] [verifyingDisplayTypeFilterFunctionality] Within getAppliedfilterByTypeAndName method
2025-12-10 06:03:53.810 PM [TestNG-test-Test-2] INFO  [verifyingDisplayTypeFilterFunctionality] [verifyingDisplayTypeFilterFunctionality] Within smoothScrollToElement method
2025-12-10 06:03:53.810 PM [TestNG-test-Test-2] INFO  [verifyingDisplayTypeFilterFunctionality] [verifyingDisplayTypeFilterFunctionality] Within safeFindElement method
2025-12-10 06:04:04.090 PM [TestNG-test-Test-2] INFO  [verifyingDisplayTypeFilterFunctionality] [verifyingDisplayTypeFilterFunctionality]Retrying findElement for: ->By.xpath: //ul[@id='filter-p_n_g-101013595158111']
2025-12-10 06:04:05.663 PM [TestNG-test-Test-2] INFO  [verifyingDisplayTypeFilterFunctionality] [verifyingDisplayTypeFilterFunctionality]Refrehsing the page , while trying to safely find : ->By.xpath: //ul[@id='filter-p_n_g-101013595158111']
2025-12-10 06:04:16.961 PM [TestNG-test-Test-2] INFO  [verifyingDisplayTypeFilterFunctionality] [verifyingDisplayTypeFilterFunctionality]Retrying findElement for: ->By.xpath: //ul[@id='filter-p_n_g-101013595158111']
2025-12-10 06:04:18.527 PM [TestNG-test-Test-2] INFO  [verifyingDisplayTypeFilterFunctionality] [verifyingDisplayTypeFilterFunctionality]Refrehsing the page , while trying to safely find : ->By.xpath: //ul[@id='filter-p_n_g-101013595158111']
2025-12-10 06:04:19.529 PM [TestNG-test-Test-2] INFO  [verifyingDisplayTypeFilterFunctionality] [verifyingDisplayTypeFilterFunctionality] Skipping action: Element not found after 2   attemps
2025-12-10 06:04:19.529 PM [TestNG-test-Test-2] WARN  [verifyingDisplayTypeFilterFunctionality] [verifyingDisplayTypeFilterFunctionality] Element not found for locator: By.xpath: //ul[@id='filter-p_n_g-101013595158111']
2025-12-10 06:04:19.529 PM [TestNG-test-Test-2] INFO  [verifyingDisplayTypeFilterFunctionality] [verifyingDisplayTypeFilterFunctionality] Within getMoreButtonByFilterTypeAndName method
2025-12-10 06:04:19.529 PM [TestNG-test-Test-2] INFO  [verifyingDisplayTypeFilterFunctionality] [verifyingDisplayTypeFilterFunctionality] could not find more button
2025-12-10 06:04:30.019 PM [TestNG-test-Test-2] INFO  [verifyingDisplayTypeFilterFunctionality] [verifyingDisplayTypeFilterFunctionality] Cannot click the button, element ->By.xpath: //ul[@id='filter-p_n_g-101013595158111']//span[@class='a-size-base a-color-base' and text()='OLED']
2025-12-10 06:04:32.688 PM [TestNG-test-Test-2] INFO  [verifyingDisplayTypeFilterFunctionality] [verifyingDisplayTypeFilterFunctionality] Cannot apply filter taking failed screenshot for ->OLED
2025-12-10 06:04:32.688 PM [TestNG-test-Test-2] INFO  [verifyingDisplayTypeFilterFunctionality] [verifyingDisplayTypeFilterFunctionality] Within getAppliedfilterByTypeAndName method
2025-12-10 06:04:32.688 PM [TestNG-test-Test-2] INFO  [verifyingDisplayTypeFilterFunctionality] [verifyingDisplayTypeFilterFunctionality] Within smoothScrollToElement method
2025-12-10 06:04:32.688 PM [TestNG-test-Test-2] INFO  [verifyingDisplayTypeFilterFunctionality] [verifyingDisplayTypeFilterFunctionality] Within safeFindElement method
2025-12-10 06:04:42.952 PM [TestNG-test-Test-2] INFO  [verifyingDisplayTypeFilterFunctionality] [verifyingDisplayTypeFilterFunctionality]Retrying findElement for: ->By.xpath: //ul[@id='filter-p_n_g-101013595158111']
2025-12-10 06:04:44.797 PM [TestNG-test-Test-2] INFO  [verifyingDisplayTypeFilterFunctionality] [verifyingDisplayTypeFilterFunctionality]Refrehsing the page , while trying to safely find : ->By.xpath: //ul[@id='filter-p_n_g-101013595158111']
2025-12-10 06:04:56.075 PM [TestNG-test-Test-2] INFO  [verifyingDisplayTypeFilterFunctionality] [verifyingDisplayTypeFilterFunctionality]Retrying findElement for: ->By.xpath: //ul[@id='filter-p_n_g-101013595158111']
2025-12-10 06:04:58.083 PM [TestNG-test-Test-2] INFO  [verifyingDisplayTypeFilterFunctionality] [verifyingDisplayTypeFilterFunctionality]Refrehsing the page , while trying to safely find : ->By.xpath: //ul[@id='filter-p_n_g-101013595158111']
2025-12-10 06:04:59.085 PM [TestNG-test-Test-2] INFO  [verifyingDisplayTypeFilterFunctionality] [verifyingDisplayTypeFilterFunctionality] Skipping action: Element not found after 2   attemps
2025-12-10 06:04:59.085 PM [TestNG-test-Test-2] WARN  [verifyingDisplayTypeFilterFunctionality] [verifyingDisplayTypeFilterFunctionality] Element not found for locator: By.xpath: //ul[@id='filter-p_n_g-101013595158111']
2025-12-10 06:05:01.104 PM [TestNG-test-Test-2] INFO  [verifyingDisplayTypeFilterFunctionality] [verifyingDisplayTypeFilterFunctionality] Within getMoreButtonByFilterTypeAndName method
2025-12-10 06:05:01.104 PM [TestNG-test-Test-2] INFO  [verifyingDisplayTypeFilterFunctionality] [verifyingDisplayTypeFilterFunctionality] could not find more button
2025-12-10 06:05:02.110 PM [TestNG-test-Test-2] INFO  [verifyingDisplayTypeFilterFunctionality] [verifyingDisplayTypeFilterFunctionality] Capturing screenshot: failed filter apply screenshot-  Filter Applied is OLED__2025-12-10_180502.png
2025-12-10 06:05:02.268 PM [TestNG-test-Test-2] INFO  [verifyingDisplayTypeFilterFunctionality] [verifyingDisplayTypeFilterFunctionality] Screenshot saved at: test-output/screenshots/Run_2025-12-10_17-57-58/verifyingDisplayTypeFilterFunctionality/failed filter apply screenshot-  Filter Applied is OLED__2025-12-10_180502.png
2025-12-10 06:05:02.268 PM [TestNG-test-Test-2] INFO  [verifyingDisplayTypeFilterFunctionality] [verifyingDisplayTypeFilterFunctionality] Refrshing the page , while trying to click ->By.xpath: //ul[@id='filter-p_n_g-101013595158111']//span[@class='a-size-base a-color-base' and text()='OLED']
2025-12-10 06:05:03.270 PM [TestNG-test-Test-2] INFO  [verifyingDisplayTypeFilterFunctionality] [verifyingDisplayTypeFilterFunctionality]Skipping click action: Element not clickable after1   attempts
2025-12-10 06:05:03.270 PM [TestNG-test-Test-2] INFO  [verifyingDisplayTypeFilterFunctionality] [verifyingDisplayTypeFilterFunctionality] returning the 'results' i.e list of Maps
2025-12-10 06:05:03.270 PM [TestNG-test-Test-2] INFO  [verifyingDisplayTypeFilterFunctionality] [verifyingDisplayTypeFilterFunctionality]  Final assertion for display type filter validation...
2025-12-10 06:05:03.286 PM [TestNG-test-Test-2] INFO  [verifyingDisplayTypeFilterFunctionality] ✅ Finished test method: verifyingDisplayTypeFilterFunctionality
2025-12-10 06:05:04.125 PM [TestNG-test-Test-2] INFO  [verifyingDisplayTypeFilterFunctionality] 🔹 Starting test method: verifyingDisplayTypeFilterFunctionality
2025-12-10 06:05:04.125 PM [TestNG-test-Test-2] INFO  [verifyingDisplayTypeFilterFunctionality] No existing WebDriver found for current thread. Initializing a new ChromeDriver...
2025-12-10 06:05:04.153 PM [TestNG-test-Test-2] INFO  [verifyingDisplayTypeFilterFunctionality] WebDriverManager: chromedriver setup OK
2025-12-10 06:05:05.676 PM [TestNG-test-Test-2] INFO  [verifyingDisplayTypeFilterFunctionality] ChromeDriver initialized successfully for thread: 35
2025-12-10 06:05:06.302 PM [TestNG-test-Test-2] INFO  [verifyingDisplayTypeFilterFunctionality] [verifyingDisplayTypeFilterFunctionality] Opening amazon Landing page
2025-12-10 06:05:10.017 PM [TestNG-test-Test-2] INFO  [verifyingDisplayTypeFilterFunctionality] [verifyingDisplayTypeFilterFunctionality] Giving input within the search bar
2025-12-10 06:05:10.018 PM [TestNG-test-Test-2] INFO  [verifyingDisplayTypeFilterFunctionality] [verifyingDisplayTypeFilterFunctionality] Within safeClick method
2025-12-10 06:05:12.506 PM [TestNG-test-Test-2] INFO  [verifyingDisplayTypeFilterFunctionality] [verifyingDisplayTypeFilterFunctionality] Clicked the  [[ChromeDriver: chrome on windows (2e268827ece7561440f45531de0b498e)] -> xpath: //input[@id='nav-search-submit-button']]   using safeClick
2025-12-10 06:05:12.506 PM [TestNG-test-Test-2] INFO  [verifyingDisplayTypeFilterFunctionality] [verifyingDisplayTypeFilterFunctionality] Clicking on the submit in the search bar
2025-12-10 06:05:12.752 PM [TestNG-test-Test-2] INFO  [verifyingDisplayTypeFilterFunctionality] [verifyingDisplayTypeFilterFunctionality] Within filterCheckUnderList method
2025-12-10 06:05:13.069 PM [TestNG-test-Test-2] INFO  [verifyingDisplayTypeFilterFunctionality] [verifyingDisplayTypeFilterFunctionality] Filter option does not exist within the filter check List
2025-12-10 06:05:13.069 PM [TestNG-test-Test-2] WARN  [verifyingDisplayTypeFilterFunctionality] [verifyingDisplayTypeFilterFunctionality]  Filter option 'Display Type' does not exist. Skipping the test.
2025-12-10 06:05:13.075 PM [TestNG-test-Test-2] INFO  [verifyingDisplayTypeFilterFunctionality] ✅ Finished test method: verifyingDisplayTypeFilterFunctionality
