2026-03-07 06:55:10.276 PM [TestNG-test-Test-1] INFO  [verifyingPriceSilderFunctionality] 🔹 Starting test method: verifyingPriceSilderFunctionality
2026-03-07 06:55:10.327 PM [TestNG-test-Test-1] INFO  [verifyingPriceSilderFunctionality] No existing WebDriver found for current thread. Initializing a new ChromeDriver...
2026-03-07 06:55:10.375 PM [TestNG-test-Test-1] INFO  [verifyingPriceSilderFunctionality] WebDriverManager: chromedriver setup OK
2026-03-07 06:55:12.218 PM [TestNG-test-Test-1] INFO  [verifyingPriceSilderFunctionality] ChromeDriver initialized successfully for thread: 34
2026-03-07 06:55:12.795 PM [TestNG-test-Test-1] INFO  [verifyingPriceSilderFunctionality] [verifyingPriceSilderFunctionality] Opening amazon Landing page
2026-03-07 06:55:12.796 PM [TestNG-test-Test-1] INFO  [verifyingPriceSilderFunctionality] [verifyingPriceSilderFunctionality] Within safeFindElement method
2026-03-07 06:55:17.917 PM [TestNG-test-Test-1] INFO  [verifyingPriceSilderFunctionality] [verifyingPriceSilderFunctionality]Retrying findElement for: ->By.xpath: //a[@id='nav-logo-sprites']
2026-03-07 06:55:18.044 PM [TestNG-test-Test-1] INFO  [verifyingPriceSilderFunctionality] [verifyingPriceSilderFunctionality]Refrehsing the page , while trying to safely find : ->By.xpath: //a[@id='nav-logo-sprites']
2026-03-07 06:55:23.306 PM [TestNG-test-Test-1] INFO  [verifyingPriceSilderFunctionality] [verifyingPriceSilderFunctionality]Retrying findElement for: ->By.xpath: //a[@id='nav-logo-sprites']
2026-03-07 06:55:23.635 PM [TestNG-test-Test-1] INFO  [verifyingPriceSilderFunctionality] [verifyingPriceSilderFunctionality]Refrehsing the page , while trying to safely find : ->By.xpath: //a[@id='nav-logo-sprites']
2026-03-07 06:55:23.635 PM [TestNG-test-Test-1] INFO  [verifyingPriceSilderFunctionality] [verifyingPriceSilderFunctionality] Skipping action: Element not found after 2   attemps
2026-03-07 06:55:28.442 PM [TestNG-test-Test-1] INFO  [verifyingPriceSilderFunctionality] [verifyingPriceSilderFunctionality] Giving input within the search bar
2026-03-07 06:55:28.442 PM [TestNG-test-Test-1] INFO  [verifyingPriceSilderFunctionality] [verifyingPriceSilderFunctionality] Within safeClick method
2026-03-07 06:55:31.080 PM [TestNG-test-Test-1] INFO  [verifyingPriceSilderFunctionality] [verifyingPriceSilderFunctionality] Clicked the  [[ChromeDriver: chrome on windows (79f92d4e6238aa5aec04c887ecd48855)] -> xpath: //input[@id='nav-search-submit-button']]   using safeClick
2026-03-07 06:55:31.080 PM [TestNG-test-Test-1] INFO  [verifyingPriceSilderFunctionality] [verifyingPriceSilderFunctionality] Clicking on the submit in the search bar
2026-03-07 06:55:31.268 PM [TestNG-test-Test-1] INFO  [verifyingPriceSilderFunctionality] [verifyingPriceSilderFunctionality] Within filterCheckUnderList method
2026-03-07 06:55:31.348 PM [TestNG-test-Test-1] INFO  [verifyingPriceSilderFunctionality] [verifyingPriceSilderFunctionality] Found the Filter within the filter check List
2026-03-07 06:55:31.348 PM [TestNG-test-Test-1] INFO  [verifyingPriceSilderFunctionality] [verifyingPriceSilderFunctionality] Within applyPriceSliderAndValidateWithResult method
2026-03-07 06:55:31.348 PM [TestNG-test-Test-1] INFO  [verifyingPriceSilderFunctionality] [verifyingPriceSilderFunctionality] Within smoothScrollToElement method
2026-03-07 06:55:31.348 PM [TestNG-test-Test-1] INFO  [verifyingPriceSilderFunctionality] [verifyingPriceSilderFunctionality] Within safeFindElement method
2026-03-07 06:55:31.428 PM [TestNG-test-Test-1] INFO  [verifyingPriceSilderFunctionality] [verifyingPriceSilderFunctionality]Found the element returning it ,element ->[[ChromeDriver: chrome on windows (79f92d4e6238aa5aec04c887ecd48855)] -> id: p_36/range-slider_slider-item_lower-bound-slider]
2026-03-07 06:55:31.436 PM [TestNG-test-Test-1] INFO  [verifyingPriceSilderFunctionality] [verifyingPriceSilderFunctionality] Successfully scrolled to element: By.id: p_36/range-slider_slider-item_lower-bound-slider
2026-03-07 06:55:31.436 PM [TestNG-test-Test-1] INFO  [verifyingPriceSilderFunctionality] [verifyingPriceSilderFunctionality] Within safeFindElement method
2026-03-07 06:55:31.516 PM [TestNG-test-Test-1] INFO  [verifyingPriceSilderFunctionality] [verifyingPriceSilderFunctionality]Found the element returning it ,element ->[[ChromeDriver: chrome on windows (79f92d4e6238aa5aec04c887ecd48855)] -> id: p_36/range-slider_slider-item_lower-bound-slider]
2026-03-07 06:55:31.516 PM [TestNG-test-Test-1] INFO  [verifyingPriceSilderFunctionality] [verifyingPriceSilderFunctionality] Within safeFindElement method
2026-03-07 06:55:31.564 PM [TestNG-test-Test-1] INFO  [verifyingPriceSilderFunctionality] [verifyingPriceSilderFunctionality]Found the element returning it ,element ->[[ChromeDriver: chrome on windows (79f92d4e6238aa5aec04c887ecd48855)] -> id: p_36/range-slider_slider-item_upper-bound-slider]
2026-03-07 06:55:31.590 PM [TestNG-test-Test-1] INFO  [verifyingPriceSilderFunctionality] [verifyingPriceSilderFunctionality] in the setSliderValue method with value 61
2026-03-07 06:55:31.596 PM [TestNG-test-Test-1] INFO  [verifyingPriceSilderFunctionality] [verifyingPriceSilderFunctionality] in the setSliderValue method with value 81
2026-03-07 06:55:31.596 PM [TestNG-test-Test-1] INFO  [verifyingPriceSilderFunctionality] [verifyingPriceSilderFunctionality] Within safeFindElement method
2026-03-07 06:55:31.661 PM [TestNG-test-Test-1] INFO  [verifyingPriceSilderFunctionality] [verifyingPriceSilderFunctionality]Found the element returning it ,element ->[[ChromeDriver: chrome on windows (79f92d4e6238aa5aec04c887ecd48855)] -> xpath: //label[@for='p_36/range-slider_slider-item_upper-bound-slider']]
2026-03-07 06:55:31.669 PM [TestNG-test-Test-1] INFO  [verifyingPriceSilderFunctionality] [verifyingPriceSilderFunctionality] Within safeFindElement method
2026-03-07 06:55:31.721 PM [TestNG-test-Test-1] INFO  [verifyingPriceSilderFunctionality] [verifyingPriceSilderFunctionality]Found the element returning it ,element ->[[ChromeDriver: chrome on windows (79f92d4e6238aa5aec04c887ecd48855)] -> xpath: //label[@for='p_36/range-slider_slider-item_lower-bound-slider']]
2026-03-07 06:55:32.262 PM [TestNG-test-Test-1] INFO  [verifyingPriceSilderFunctionality] [verifyingPriceSilderFunctionality] Within smoothScrollToElement method
2026-03-07 06:55:32.262 PM [TestNG-test-Test-1] INFO  [verifyingPriceSilderFunctionality] [verifyingPriceSilderFunctionality] Within safeFindElement method
2026-03-07 06:55:33.466 PM [TestNG-test-Test-1] INFO  [verifyingPriceSilderFunctionality] [verifyingPriceSilderFunctionality]Found the element returning it ,element ->[[ChromeDriver: chrome on windows (79f92d4e6238aa5aec04c887ecd48855)] -> id: p_36/range-slider_slider-item_lower-bound-slider]
2026-03-07 06:55:33.492 PM [TestNG-test-Test-1] INFO  [verifyingPriceSilderFunctionality] [verifyingPriceSilderFunctionality] Successfully scrolled to element: By.id: p_36/range-slider_slider-item_lower-bound-slider
2026-03-07 06:55:33.494 PM [TestNG-test-Test-1] INFO  [verifyingPriceSilderFunctionality] [verifyingPriceSilderFunctionality] Capturing screenshot: Filter_Applied_is_Max_Price_15_100_Min_price_7_500__2026-03-07_185533.jpg
2026-03-07 06:55:33.938 PM [TestNG-test-Test-1] INFO  [verifyingPriceSilderFunctionality] [verifyingPriceSilderFunctionality] Screenshot saved at: test-output/screenshots/Run_2026-03-07_17-59-18/verifyingPriceSilderFunctionality/Filter_Applied_is_Max_Price_15_100_Min_price_7_500__2026-03-07_185533.jpg
2026-03-07 06:55:33.938 PM [TestNG-test-Test-1] INFO  [verifyingPriceSilderFunctionality] [verifyingPriceSilderFunctionality] Adding the data 'min','max','isValid' ,'mismatches' to 'result' Map->81
2026-03-07 06:55:33.938 PM [TestNG-test-Test-1] INFO  [verifyingPriceSilderFunctionality] [verifyingPriceSilderFunctionality] Adding the 'results'  Map to the master 'allResults' i.e is List of maps->81
2026-03-07 06:55:33.968 PM [TestNG-test-Test-1] INFO  [verifyingPriceSilderFunctionality] [verifyingPriceSilderFunctionality] in the setSliderValue method with value 91
2026-03-07 06:55:33.982 PM [TestNG-test-Test-1] INFO  [verifyingPriceSilderFunctionality] [verifyingPriceSilderFunctionality] in the setSliderValue method with value 121
2026-03-07 06:55:33.982 PM [TestNG-test-Test-1] INFO  [verifyingPriceSilderFunctionality] [verifyingPriceSilderFunctionality] Within safeFindElement method
2026-03-07 06:55:34.063 PM [TestNG-test-Test-1] INFO  [verifyingPriceSilderFunctionality] [verifyingPriceSilderFunctionality]Found the element returning it ,element ->[[ChromeDriver: chrome on windows (79f92d4e6238aa5aec04c887ecd48855)] -> xpath: //label[@for='p_36/range-slider_slider-item_upper-bound-slider']]
2026-03-07 06:55:34.073 PM [TestNG-test-Test-1] INFO  [verifyingPriceSilderFunctionality] [verifyingPriceSilderFunctionality] Within safeFindElement method
2026-03-07 06:55:34.153 PM [TestNG-test-Test-1] INFO  [verifyingPriceSilderFunctionality] [verifyingPriceSilderFunctionality]Found the element returning it ,element ->[[ChromeDriver: chrome on windows (79f92d4e6238aa5aec04c887ecd48855)] -> xpath: //label[@for='p_36/range-slider_slider-item_lower-bound-slider']]
2026-03-07 06:55:34.691 PM [TestNG-test-Test-1] INFO  [verifyingPriceSilderFunctionality] [verifyingPriceSilderFunctionality] Within smoothScrollToElement method
2026-03-07 06:55:34.691 PM [TestNG-test-Test-1] INFO  [verifyingPriceSilderFunctionality] [verifyingPriceSilderFunctionality] Within safeFindElement method
2026-03-07 06:55:35.770 PM [TestNG-test-Test-1] INFO  [verifyingPriceSilderFunctionality] [verifyingPriceSilderFunctionality]Found the element returning it ,element ->[[ChromeDriver: chrome on windows (79f92d4e6238aa5aec04c887ecd48855)] -> id: p_36/range-slider_slider-item_lower-bound-slider]
2026-03-07 06:55:35.818 PM [TestNG-test-Test-1] INFO  [verifyingPriceSilderFunctionality] [verifyingPriceSilderFunctionality] Successfully scrolled to element: By.id: p_36/range-slider_slider-item_lower-bound-slider
2026-03-07 06:55:35.823 PM [TestNG-test-Test-1] INFO  [verifyingPriceSilderFunctionality] [verifyingPriceSilderFunctionality] Capturing screenshot: Filter_Applied_is_Max_Price_40_700_Min_price_10_900__2026-03-07_185535.jpg
2026-03-07 06:55:36.034 PM [TestNG-test-Test-1] INFO  [verifyingPriceSilderFunctionality] [verifyingPriceSilderFunctionality] Screenshot saved at: test-output/screenshots/Run_2026-03-07_17-59-18/verifyingPriceSilderFunctionality/Filter_Applied_is_Max_Price_40_700_Min_price_10_900__2026-03-07_185535.jpg
2026-03-07 06:55:36.034 PM [TestNG-test-Test-1] INFO  [verifyingPriceSilderFunctionality] [verifyingPriceSilderFunctionality] Adding the data 'min','max','isValid' ,'mismatches' to 'result' Map->121
2026-03-07 06:55:36.034 PM [TestNG-test-Test-1] INFO  [verifyingPriceSilderFunctionality] [verifyingPriceSilderFunctionality] Adding the 'results'  Map to the master 'allResults' i.e is List of maps->121
2026-03-07 06:55:36.061 PM [TestNG-test-Test-1] INFO  [verifyingPriceSilderFunctionality] [verifyingPriceSilderFunctionality] in the setSliderValue method with value 131
2026-03-07 06:55:36.074 PM [TestNG-test-Test-1] INFO  [verifyingPriceSilderFunctionality] [verifyingPriceSilderFunctionality] in the setSliderValue method with value 161
2026-03-07 06:55:36.074 PM [TestNG-test-Test-1] INFO  [verifyingPriceSilderFunctionality] [verifyingPriceSilderFunctionality] Within safeFindElement method
2026-03-07 06:55:36.122 PM [TestNG-test-Test-1] INFO  [verifyingPriceSilderFunctionality] [verifyingPriceSilderFunctionality]Found the element returning it ,element ->[[ChromeDriver: chrome on windows (79f92d4e6238aa5aec04c887ecd48855)] -> xpath: //label[@for='p_36/range-slider_slider-item_upper-bound-slider']]
2026-03-07 06:55:36.130 PM [TestNG-test-Test-1] INFO  [verifyingPriceSilderFunctionality] [verifyingPriceSilderFunctionality] Within safeFindElement method
2026-03-07 06:55:36.192 PM [TestNG-test-Test-1] INFO  [verifyingPriceSilderFunctionality] [verifyingPriceSilderFunctionality]Found the element returning it ,element ->[[ChromeDriver: chrome on windows (79f92d4e6238aa5aec04c887ecd48855)] -> xpath: //label[@for='p_36/range-slider_slider-item_lower-bound-slider']]
2026-03-07 06:55:36.732 PM [TestNG-test-Test-1] INFO  [verifyingPriceSilderFunctionality] [verifyingPriceSilderFunctionality] Within smoothScrollToElement method
2026-03-07 06:55:36.732 PM [TestNG-test-Test-1] INFO  [verifyingPriceSilderFunctionality] [verifyingPriceSilderFunctionality] Within safeFindElement method
2026-03-07 06:55:37.803 PM [TestNG-test-Test-1] INFO  [verifyingPriceSilderFunctionality] [verifyingPriceSilderFunctionality]Found the element returning it ,element ->[[ChromeDriver: chrome on windows (79f92d4e6238aa5aec04c887ecd48855)] -> id: p_36/range-slider_slider-item_lower-bound-slider]
2026-03-07 06:55:37.828 PM [TestNG-test-Test-1] INFO  [verifyingPriceSilderFunctionality] [verifyingPriceSilderFunctionality] Successfully scrolled to element: By.id: p_36/range-slider_slider-item_lower-bound-slider
2026-03-07 06:55:37.829 PM [TestNG-test-Test-1] INFO  [verifyingPriceSilderFunctionality] [verifyingPriceSilderFunctionality] Capturing screenshot: Filter_Applied_is_Max_Price_82_700_Min_price_32_900__2026-03-07_185537.jpg
2026-03-07 06:55:38.024 PM [TestNG-test-Test-1] INFO  [verifyingPriceSilderFunctionality] [verifyingPriceSilderFunctionality] Screenshot saved at: test-output/screenshots/Run_2026-03-07_17-59-18/verifyingPriceSilderFunctionality/Filter_Applied_is_Max_Price_82_700_Min_price_32_900__2026-03-07_185537.jpg
2026-03-07 06:55:38.024 PM [TestNG-test-Test-1] INFO  [verifyingPriceSilderFunctionality] [verifyingPriceSilderFunctionality] Adding the data 'min','max','isValid' ,'mismatches' to 'result' Map->161
2026-03-07 06:55:38.024 PM [TestNG-test-Test-1] INFO  [verifyingPriceSilderFunctionality] [verifyingPriceSilderFunctionality] Adding the 'results'  Map to the master 'allResults' i.e is List of maps->161
2026-03-07 06:55:38.024 PM [TestNG-test-Test-1] INFO  [verifyingPriceSilderFunctionality] [verifyingPriceSilderFunctionality] Returning the data here in the end
2026-03-07 06:55:38.024 PM [TestNG-test-Test-1] INFO  [verifyingPriceSilderFunctionality] [verifyingPriceSilderFunctionality]  Price range validated successfully: 61 - 81
2026-03-07 06:55:38.024 PM [TestNG-test-Test-1] INFO  [verifyingPriceSilderFunctionality] [verifyingPriceSilderFunctionality] ------------------------------------------------------------
2026-03-07 06:55:38.024 PM [TestNG-test-Test-1] INFO  [verifyingPriceSilderFunctionality] [verifyingPriceSilderFunctionality]  Price range validated successfully: 91 - 121
2026-03-07 06:55:38.024 PM [TestNG-test-Test-1] INFO  [verifyingPriceSilderFunctionality] [verifyingPriceSilderFunctionality] ------------------------------------------------------------
2026-03-07 06:55:38.025 PM [TestNG-test-Test-1] INFO  [verifyingPriceSilderFunctionality] [verifyingPriceSilderFunctionality]  Price range validated successfully: 131 - 161
2026-03-07 06:55:38.025 PM [TestNG-test-Test-1] INFO  [verifyingPriceSilderFunctionality] [verifyingPriceSilderFunctionality] ------------------------------------------------------------
2026-03-07 06:55:38.025 PM [TestNG-test-Test-1] INFO  [verifyingPriceSilderFunctionality] [verifyingPriceSilderFunctionality]  Asserting all soft assertions now...
2026-03-07 06:55:38.028 PM [TestNG-test-Test-1] INFO  [verifyingPriceSilderFunctionality] ✅ Finished test method: verifyingPriceSilderFunctionality
2026-03-07 06:55:38.657 PM [TestNG-test-Test-1] INFO  [verifyingPriceSilderFunctionality] 🔹 Starting test method: verifyingPriceSilderFunctionality
2026-03-07 06:55:38.657 PM [TestNG-test-Test-1] INFO  [verifyingPriceSilderFunctionality] No existing WebDriver found for current thread. Initializing a new ChromeDriver...
2026-03-07 06:55:38.680 PM [TestNG-test-Test-1] INFO  [verifyingPriceSilderFunctionality] WebDriverManager: chromedriver setup OK
2026-03-07 06:55:40.641 PM [TestNG-test-Test-1] INFO  [verifyingPriceSilderFunctionality] ChromeDriver initialized successfully for thread: 34
2026-03-07 06:55:41.538 PM [TestNG-test-Test-1] INFO  [verifyingPriceSilderFunctionality] [verifyingPriceSilderFunctionality] Opening amazon Landing page
2026-03-07 06:55:41.538 PM [TestNG-test-Test-1] INFO  [verifyingPriceSilderFunctionality] [verifyingPriceSilderFunctionality] Within safeFindElement method
2026-03-07 06:55:46.814 PM [TestNG-test-Test-1] INFO  [verifyingPriceSilderFunctionality] [verifyingPriceSilderFunctionality]Retrying findElement for: ->By.xpath: //a[@id='nav-logo-sprites']
2026-03-07 06:55:46.943 PM [TestNG-test-Test-1] INFO  [verifyingPriceSilderFunctionality] [verifyingPriceSilderFunctionality]Refrehsing the page , while trying to safely find : ->By.xpath: //a[@id='nav-logo-sprites']
2026-03-07 06:55:52.203 PM [TestNG-test-Test-1] INFO  [verifyingPriceSilderFunctionality] [verifyingPriceSilderFunctionality]Retrying findElement for: ->By.xpath: //a[@id='nav-logo-sprites']
2026-03-07 06:55:52.813 PM [TestNG-test-Test-1] INFO  [verifyingPriceSilderFunctionality] [verifyingPriceSilderFunctionality]Refrehsing the page , while trying to safely find : ->By.xpath: //a[@id='nav-logo-sprites']
2026-03-07 06:55:52.813 PM [TestNG-test-Test-1] INFO  [verifyingPriceSilderFunctionality] [verifyingPriceSilderFunctionality] Skipping action: Element not found after 2   attemps
2026-03-07 06:55:55.701 PM [TestNG-test-Test-1] INFO  [verifyingPriceSilderFunctionality] [verifyingPriceSilderFunctionality] Giving input within the search bar
2026-03-07 06:55:55.701 PM [TestNG-test-Test-1] INFO  [verifyingPriceSilderFunctionality] [verifyingPriceSilderFunctionality] Within safeClick method
2026-03-07 06:55:58.335 PM [TestNG-test-Test-1] INFO  [verifyingPriceSilderFunctionality] [verifyingPriceSilderFunctionality] Clicked the  [[ChromeDriver: chrome on windows (72521ff0d3f7b0f1957f52a18152ea40)] -> xpath: //input[@id='nav-search-submit-button']]   using safeClick
2026-03-07 06:55:58.335 PM [TestNG-test-Test-1] INFO  [verifyingPriceSilderFunctionality] [verifyingPriceSilderFunctionality] Clicking on the submit in the search bar
2026-03-07 06:55:58.757 PM [TestNG-test-Test-1] INFO  [verifyingPriceSilderFunctionality] [verifyingPriceSilderFunctionality] Within filterCheckUnderList method
2026-03-07 06:55:58.951 PM [TestNG-test-Test-1] INFO  [verifyingPriceSilderFunctionality] [verifyingPriceSilderFunctionality] Found the Filter within the filter check List
2026-03-07 06:55:58.951 PM [TestNG-test-Test-1] INFO  [verifyingPriceSilderFunctionality] [verifyingPriceSilderFunctionality] Within applyPriceSliderAndValidateWithResult method
2026-03-07 06:55:58.951 PM [TestNG-test-Test-1] INFO  [verifyingPriceSilderFunctionality] [verifyingPriceSilderFunctionality] Within smoothScrollToElement method
2026-03-07 06:55:58.952 PM [TestNG-test-Test-1] INFO  [verifyingPriceSilderFunctionality] [verifyingPriceSilderFunctionality] Within safeFindElement method
2026-03-07 06:55:59.136 PM [TestNG-test-Test-1] INFO  [verifyingPriceSilderFunctionality] [verifyingPriceSilderFunctionality]Found the element returning it ,element ->[[ChromeDriver: chrome on windows (72521ff0d3f7b0f1957f52a18152ea40)] -> id: p_36/range-slider_slider-item_lower-bound-slider]
2026-03-07 06:55:59.164 PM [TestNG-test-Test-1] INFO  [verifyingPriceSilderFunctionality] [verifyingPriceSilderFunctionality] Successfully scrolled to element: By.id: p_36/range-slider_slider-item_lower-bound-slider
2026-03-07 06:55:59.164 PM [TestNG-test-Test-1] INFO  [verifyingPriceSilderFunctionality] [verifyingPriceSilderFunctionality] Within safeFindElement method
2026-03-07 06:55:59.240 PM [TestNG-test-Test-1] INFO  [verifyingPriceSilderFunctionality] [verifyingPriceSilderFunctionality]Found the element returning it ,element ->[[ChromeDriver: chrome on windows (72521ff0d3f7b0f1957f52a18152ea40)] -> id: p_36/range-slider_slider-item_lower-bound-slider]
2026-03-07 06:55:59.240 PM [TestNG-test-Test-1] INFO  [verifyingPriceSilderFunctionality] [verifyingPriceSilderFunctionality] Within safeFindElement method
2026-03-07 06:55:59.301 PM [TestNG-test-Test-1] INFO  [verifyingPriceSilderFunctionality] [verifyingPriceSilderFunctionality]Found the element returning it ,element ->[[ChromeDriver: chrome on windows (72521ff0d3f7b0f1957f52a18152ea40)] -> id: p_36/range-slider_slider-item_upper-bound-slider]
2026-03-07 06:55:59.354 PM [TestNG-test-Test-1] INFO  [verifyingPriceSilderFunctionality] [verifyingPriceSilderFunctionality] in the setSliderValue method with value 61
2026-03-07 06:55:59.377 PM [TestNG-test-Test-1] INFO  [verifyingPriceSilderFunctionality] [verifyingPriceSilderFunctionality] in the setSliderValue method with value 81
2026-03-07 06:55:59.377 PM [TestNG-test-Test-1] INFO  [verifyingPriceSilderFunctionality] [verifyingPriceSilderFunctionality] Within safeFindElement method
2026-03-07 06:55:59.455 PM [TestNG-test-Test-1] INFO  [verifyingPriceSilderFunctionality] [verifyingPriceSilderFunctionality]Found the element returning it ,element ->[[ChromeDriver: chrome on windows (72521ff0d3f7b0f1957f52a18152ea40)] -> xpath: //label[@for='p_36/range-slider_slider-item_upper-bound-slider']]
2026-03-07 06:55:59.468 PM [TestNG-test-Test-1] INFO  [verifyingPriceSilderFunctionality] [verifyingPriceSilderFunctionality] Within safeFindElement method
2026-03-07 06:55:59.564 PM [TestNG-test-Test-1] INFO  [verifyingPriceSilderFunctionality] [verifyingPriceSilderFunctionality]Found the element returning it ,element ->[[ChromeDriver: chrome on windows (72521ff0d3f7b0f1957f52a18152ea40)] -> xpath: //label[@for='p_36/range-slider_slider-item_lower-bound-slider']]
2026-03-07 06:56:00.117 PM [TestNG-test-Test-1] INFO  [verifyingPriceSilderFunctionality] [verifyingPriceSilderFunctionality] Within smoothScrollToElement method
2026-03-07 06:56:00.117 PM [TestNG-test-Test-1] INFO  [verifyingPriceSilderFunctionality] [verifyingPriceSilderFunctionality] Within safeFindElement method
2026-03-07 06:56:00.861 PM [TestNG-test-Test-1] INFO  [verifyingPriceSilderFunctionality] [verifyingPriceSilderFunctionality]Found the element returning it ,element ->[[ChromeDriver: chrome on windows (72521ff0d3f7b0f1957f52a18152ea40)] -> id: p_36/range-slider_slider-item_lower-bound-slider]
2026-03-07 06:56:00.870 PM [TestNG-test-Test-1] INFO  [verifyingPriceSilderFunctionality] [verifyingPriceSilderFunctionality] Successfully scrolled to element: By.id: p_36/range-slider_slider-item_lower-bound-slider
2026-03-07 06:56:00.871 PM [TestNG-test-Test-1] INFO  [verifyingPriceSilderFunctionality] [verifyingPriceSilderFunctionality] Capturing screenshot: Filter_Applied_is_Max_Price_35_700_Min_price_18_300__2026-03-07_185600.jpg
2026-03-07 06:56:01.089 PM [TestNG-test-Test-1] INFO  [verifyingPriceSilderFunctionality] [verifyingPriceSilderFunctionality] Screenshot saved at: test-output/screenshots/Run_2026-03-07_17-59-18/verifyingPriceSilderFunctionality/Filter_Applied_is_Max_Price_35_700_Min_price_18_300__2026-03-07_185600.jpg
2026-03-07 06:56:01.089 PM [TestNG-test-Test-1] INFO  [verifyingPriceSilderFunctionality] [verifyingPriceSilderFunctionality] Adding the data 'min','max','isValid' ,'mismatches' to 'result' Map->81
2026-03-07 06:56:01.089 PM [TestNG-test-Test-1] INFO  [verifyingPriceSilderFunctionality] [verifyingPriceSilderFunctionality] Adding the 'results'  Map to the master 'allResults' i.e is List of maps->81
2026-03-07 06:56:01.111 PM [TestNG-test-Test-1] INFO  [verifyingPriceSilderFunctionality] [verifyingPriceSilderFunctionality] in the setSliderValue method with value 91
2026-03-07 06:56:01.124 PM [TestNG-test-Test-1] INFO  [verifyingPriceSilderFunctionality] [verifyingPriceSilderFunctionality] in the setSliderValue method with value 121
2026-03-07 06:56:01.124 PM [TestNG-test-Test-1] INFO  [verifyingPriceSilderFunctionality] [verifyingPriceSilderFunctionality] Within safeFindElement method
2026-03-07 06:56:01.166 PM [TestNG-test-Test-1] INFO  [verifyingPriceSilderFunctionality] [verifyingPriceSilderFunctionality]Found the element returning it ,element ->[[ChromeDriver: chrome on windows (72521ff0d3f7b0f1957f52a18152ea40)] -> xpath: //label[@for='p_36/range-slider_slider-item_upper-bound-slider']]
2026-03-07 06:56:01.174 PM [TestNG-test-Test-1] INFO  [verifyingPriceSilderFunctionality] [verifyingPriceSilderFunctionality] Within safeFindElement method
2026-03-07 06:56:01.224 PM [TestNG-test-Test-1] INFO  [verifyingPriceSilderFunctionality] [verifyingPriceSilderFunctionality]Found the element returning it ,element ->[[ChromeDriver: chrome on windows (72521ff0d3f7b0f1957f52a18152ea40)] -> xpath: //label[@for='p_36/range-slider_slider-item_lower-bound-slider']]
2026-03-07 06:56:01.757 PM [TestNG-test-Test-1] INFO  [verifyingPriceSilderFunctionality] [verifyingPriceSilderFunctionality] Within smoothScrollToElement method
2026-03-07 06:56:01.757 PM [TestNG-test-Test-1] INFO  [verifyingPriceSilderFunctionality] [verifyingPriceSilderFunctionality] Within safeFindElement method
2026-03-07 06:56:02.862 PM [TestNG-test-Test-1] INFO  [verifyingPriceSilderFunctionality] [verifyingPriceSilderFunctionality]Found the element returning it ,element ->[[ChromeDriver: chrome on windows (72521ff0d3f7b0f1957f52a18152ea40)] -> id: p_36/range-slider_slider-item_lower-bound-slider]
2026-03-07 06:56:02.895 PM [TestNG-test-Test-1] INFO  [verifyingPriceSilderFunctionality] [verifyingPriceSilderFunctionality] Successfully scrolled to element: By.id: p_36/range-slider_slider-item_lower-bound-slider
2026-03-07 06:56:02.896 PM [TestNG-test-Test-1] INFO  [verifyingPriceSilderFunctionality] [verifyingPriceSilderFunctionality] Capturing screenshot: Filter_Applied_is_Max_Price_93_900_Min_price_26_100__2026-03-07_185602.jpg
2026-03-07 06:56:03.045 PM [TestNG-test-Test-1] INFO  [verifyingPriceSilderFunctionality] [verifyingPriceSilderFunctionality] Screenshot saved at: test-output/screenshots/Run_2026-03-07_17-59-18/verifyingPriceSilderFunctionality/Filter_Applied_is_Max_Price_93_900_Min_price_26_100__2026-03-07_185602.jpg
2026-03-07 06:56:03.046 PM [TestNG-test-Test-1] INFO  [verifyingPriceSilderFunctionality] [verifyingPriceSilderFunctionality] Adding the data 'min','max','isValid' ,'mismatches' to 'result' Map->121
2026-03-07 06:56:03.046 PM [TestNG-test-Test-1] INFO  [verifyingPriceSilderFunctionality] [verifyingPriceSilderFunctionality] Adding the 'results'  Map to the master 'allResults' i.e is List of maps->121
2026-03-07 06:56:03.072 PM [TestNG-test-Test-1] INFO  [verifyingPriceSilderFunctionality] [verifyingPriceSilderFunctionality] in the setSliderValue method with value 131
2026-03-07 06:56:03.081 PM [TestNG-test-Test-1] INFO  [verifyingPriceSilderFunctionality] [verifyingPriceSilderFunctionality] in the setSliderValue method with value 161
2026-03-07 06:56:03.081 PM [TestNG-test-Test-1] INFO  [verifyingPriceSilderFunctionality] [verifyingPriceSilderFunctionality] Within safeFindElement method
2026-03-07 06:56:03.128 PM [TestNG-test-Test-1] INFO  [verifyingPriceSilderFunctionality] [verifyingPriceSilderFunctionality]Found the element returning it ,element ->[[ChromeDriver: chrome on windows (72521ff0d3f7b0f1957f52a18152ea40)] -> xpath: //label[@for='p_36/range-slider_slider-item_upper-bound-slider']]
2026-03-07 06:56:03.137 PM [TestNG-test-Test-1] INFO  [verifyingPriceSilderFunctionality] [verifyingPriceSilderFunctionality] Within safeFindElement method
2026-03-07 06:56:03.189 PM [TestNG-test-Test-1] INFO  [verifyingPriceSilderFunctionality] [verifyingPriceSilderFunctionality]Found the element returning it ,element ->[[ChromeDriver: chrome on windows (72521ff0d3f7b0f1957f52a18152ea40)] -> xpath: //label[@for='p_36/range-slider_slider-item_lower-bound-slider']]
2026-03-07 06:56:03.719 PM [TestNG-test-Test-1] INFO  [verifyingPriceSilderFunctionality] [verifyingPriceSilderFunctionality] Within smoothScrollToElement method
2026-03-07 06:56:03.719 PM [TestNG-test-Test-1] INFO  [verifyingPriceSilderFunctionality] [verifyingPriceSilderFunctionality] Within safeFindElement method
2026-03-07 06:56:04.785 PM [TestNG-test-Test-1] INFO  [verifyingPriceSilderFunctionality] [verifyingPriceSilderFunctionality]Found the element returning it ,element ->[[ChromeDriver: chrome on windows (72521ff0d3f7b0f1957f52a18152ea40)] -> id: p_36/range-slider_slider-item_lower-bound-slider]
2026-03-07 06:56:04.800 PM [TestNG-test-Test-1] INFO  [verifyingPriceSilderFunctionality] [verifyingPriceSilderFunctionality] Successfully scrolled to element: By.id: p_36/range-slider_slider-item_lower-bound-slider
2026-03-07 06:56:04.800 PM [TestNG-test-Test-1] INFO  [verifyingPriceSilderFunctionality] [verifyingPriceSilderFunctionality] Capturing screenshot: Filter_Applied_is_Max_Price_188_500_Min_price_76_200__2026-03-07_185604.jpg
2026-03-07 06:56:04.964 PM [TestNG-test-Test-1] INFO  [verifyingPriceSilderFunctionality] [verifyingPriceSilderFunctionality] Screenshot saved at: test-output/screenshots/Run_2026-03-07_17-59-18/verifyingPriceSilderFunctionality/Filter_Applied_is_Max_Price_188_500_Min_price_76_200__2026-03-07_185604.jpg
2026-03-07 06:56:04.964 PM [TestNG-test-Test-1] INFO  [verifyingPriceSilderFunctionality] [verifyingPriceSilderFunctionality] Adding the data 'min','max','isValid' ,'mismatches' to 'result' Map->161
2026-03-07 06:56:04.964 PM [TestNG-test-Test-1] INFO  [verifyingPriceSilderFunctionality] [verifyingPriceSilderFunctionality] Adding the 'results'  Map to the master 'allResults' i.e is List of maps->161
2026-03-07 06:56:04.964 PM [TestNG-test-Test-1] INFO  [verifyingPriceSilderFunctionality] [verifyingPriceSilderFunctionality] Returning the data here in the end
2026-03-07 06:56:04.964 PM [TestNG-test-Test-1] INFO  [verifyingPriceSilderFunctionality] [verifyingPriceSilderFunctionality]  Price range validated successfully: 61 - 81
2026-03-07 06:56:04.964 PM [TestNG-test-Test-1] INFO  [verifyingPriceSilderFunctionality] [verifyingPriceSilderFunctionality] ------------------------------------------------------------
2026-03-07 06:56:04.964 PM [TestNG-test-Test-1] INFO  [verifyingPriceSilderFunctionality] [verifyingPriceSilderFunctionality]  Price range validated successfully: 91 - 121
2026-03-07 06:56:04.964 PM [TestNG-test-Test-1] INFO  [verifyingPriceSilderFunctionality] [verifyingPriceSilderFunctionality] ------------------------------------------------------------
2026-03-07 06:56:04.964 PM [TestNG-test-Test-1] INFO  [verifyingPriceSilderFunctionality] [verifyingPriceSilderFunctionality]  Price range validated successfully: 131 - 161
2026-03-07 06:56:04.964 PM [TestNG-test-Test-1] INFO  [verifyingPriceSilderFunctionality] [verifyingPriceSilderFunctionality] ------------------------------------------------------------
2026-03-07 06:56:04.964 PM [TestNG-test-Test-1] INFO  [verifyingPriceSilderFunctionality] [verifyingPriceSilderFunctionality]  Asserting all soft assertions now...
2026-03-07 06:56:04.967 PM [TestNG-test-Test-1] INFO  [verifyingPriceSilderFunctionality] ✅ Finished test method: verifyingPriceSilderFunctionality
2026-03-07 06:56:05.244 PM [TestNG-test-Test-1] INFO  [verifyingPriceSilderFunctionality] 🔹 Starting test method: verifyingPriceSilderFunctionality
2026-03-07 06:56:05.244 PM [TestNG-test-Test-1] INFO  [verifyingPriceSilderFunctionality] No existing WebDriver found for current thread. Initializing a new ChromeDriver...
2026-03-07 06:56:05.257 PM [TestNG-test-Test-1] INFO  [verifyingPriceSilderFunctionality] WebDriverManager: chromedriver setup OK
2026-03-07 06:56:07.040 PM [TestNG-test-Test-1] INFO  [verifyingPriceSilderFunctionality] ChromeDriver initialized successfully for thread: 34
2026-03-07 06:56:07.759 PM [TestNG-test-Test-1] INFO  [verifyingPriceSilderFunctionality] [verifyingPriceSilderFunctionality] Opening amazon Landing page
2026-03-07 06:56:07.759 PM [TestNG-test-Test-1] INFO  [verifyingPriceSilderFunctionality] [verifyingPriceSilderFunctionality] Within safeFindElement method
2026-03-07 06:56:13.024 PM [TestNG-test-Test-1] INFO  [verifyingPriceSilderFunctionality] [verifyingPriceSilderFunctionality]Retrying findElement for: ->By.xpath: //a[@id='nav-logo-sprites']
2026-03-07 06:56:13.268 PM [TestNG-test-Test-1] INFO  [verifyingPriceSilderFunctionality] [verifyingPriceSilderFunctionality]Refrehsing the page , while trying to safely find : ->By.xpath: //a[@id='nav-logo-sprites']
2026-03-07 06:56:18.486 PM [TestNG-test-Test-1] INFO  [verifyingPriceSilderFunctionality] [verifyingPriceSilderFunctionality]Retrying findElement for: ->By.xpath: //a[@id='nav-logo-sprites']
2026-03-07 06:56:18.845 PM [TestNG-test-Test-1] INFO  [verifyingPriceSilderFunctionality] [verifyingPriceSilderFunctionality]Refrehsing the page , while trying to safely find : ->By.xpath: //a[@id='nav-logo-sprites']
2026-03-07 06:56:18.845 PM [TestNG-test-Test-1] INFO  [verifyingPriceSilderFunctionality] [verifyingPriceSilderFunctionality] Skipping action: Element not found after 2   attemps
2026-03-07 06:56:22.440 PM [TestNG-test-Test-1] INFO  [verifyingPriceSilderFunctionality] [verifyingPriceSilderFunctionality] Giving input within the search bar
2026-03-07 06:56:22.440 PM [TestNG-test-Test-1] INFO  [verifyingPriceSilderFunctionality] [verifyingPriceSilderFunctionality] Within safeClick method
2026-03-07 06:56:24.961 PM [TestNG-test-Test-1] INFO  [verifyingPriceSilderFunctionality] [verifyingPriceSilderFunctionality] Clicked the  [[ChromeDriver: chrome on windows (b55456af20d654cf86a8c5c775d24d4b)] -> xpath: //input[@id='nav-search-submit-button']]   using safeClick
2026-03-07 06:56:24.961 PM [TestNG-test-Test-1] INFO  [verifyingPriceSilderFunctionality] [verifyingPriceSilderFunctionality] Clicking on the submit in the search bar
2026-03-07 06:56:25.447 PM [TestNG-test-Test-1] INFO  [verifyingPriceSilderFunctionality] [verifyingPriceSilderFunctionality] Within filterCheckUnderList method
2026-03-07 06:56:25.557 PM [TestNG-test-Test-1] INFO  [verifyingPriceSilderFunctionality] [verifyingPriceSilderFunctionality] Found the Filter within the filter check List
2026-03-07 06:56:25.557 PM [TestNG-test-Test-1] INFO  [verifyingPriceSilderFunctionality] [verifyingPriceSilderFunctionality] Within applyPriceSliderAndValidateWithResult method
2026-03-07 06:56:25.557 PM [TestNG-test-Test-1] INFO  [verifyingPriceSilderFunctionality] [verifyingPriceSilderFunctionality] Within smoothScrollToElement method
2026-03-07 06:56:25.557 PM [TestNG-test-Test-1] INFO  [verifyingPriceSilderFunctionality] [verifyingPriceSilderFunctionality] Within safeFindElement method
2026-03-07 06:56:25.632 PM [TestNG-test-Test-1] INFO  [verifyingPriceSilderFunctionality] [verifyingPriceSilderFunctionality]Found the element returning it ,element ->[[ChromeDriver: chrome on windows (b55456af20d654cf86a8c5c775d24d4b)] -> id: p_36/range-slider_slider-item_lower-bound-slider]
2026-03-07 06:56:25.642 PM [TestNG-test-Test-1] INFO  [verifyingPriceSilderFunctionality] [verifyingPriceSilderFunctionality] Successfully scrolled to element: By.id: p_36/range-slider_slider-item_lower-bound-slider
2026-03-07 06:56:25.642 PM [TestNG-test-Test-1] INFO  [verifyingPriceSilderFunctionality] [verifyingPriceSilderFunctionality] Within safeFindElement method
2026-03-07 06:56:25.740 PM [TestNG-test-Test-1] INFO  [verifyingPriceSilderFunctionality] [verifyingPriceSilderFunctionality]Found the element returning it ,element ->[[ChromeDriver: chrome on windows (b55456af20d654cf86a8c5c775d24d4b)] -> id: p_36/range-slider_slider-item_lower-bound-slider]
2026-03-07 06:56:25.740 PM [TestNG-test-Test-1] INFO  [verifyingPriceSilderFunctionality] [verifyingPriceSilderFunctionality] Within safeFindElement method
2026-03-07 06:56:25.787 PM [TestNG-test-Test-1] INFO  [verifyingPriceSilderFunctionality] [verifyingPriceSilderFunctionality]Found the element returning it ,element ->[[ChromeDriver: chrome on windows (b55456af20d654cf86a8c5c775d24d4b)] -> id: p_36/range-slider_slider-item_upper-bound-slider]
2026-03-07 06:56:25.825 PM [TestNG-test-Test-1] INFO  [verifyingPriceSilderFunctionality] [verifyingPriceSilderFunctionality] in the setSliderValue method with value 61
2026-03-07 06:56:25.840 PM [TestNG-test-Test-1] INFO  [verifyingPriceSilderFunctionality] [verifyingPriceSilderFunctionality] in the setSliderValue method with value 81
2026-03-07 06:56:25.841 PM [TestNG-test-Test-1] INFO  [verifyingPriceSilderFunctionality] [verifyingPriceSilderFunctionality] Within safeFindElement method
2026-03-07 06:56:25.955 PM [TestNG-test-Test-1] INFO  [verifyingPriceSilderFunctionality] [verifyingPriceSilderFunctionality]Found the element returning it ,element ->[[ChromeDriver: chrome on windows (b55456af20d654cf86a8c5c775d24d4b)] -> xpath: //label[@for='p_36/range-slider_slider-item_upper-bound-slider']]
2026-03-07 06:56:25.967 PM [TestNG-test-Test-1] INFO  [verifyingPriceSilderFunctionality] [verifyingPriceSilderFunctionality] Within safeFindElement method
2026-03-07 06:56:26.035 PM [TestNG-test-Test-1] INFO  [verifyingPriceSilderFunctionality] [verifyingPriceSilderFunctionality]Found the element returning it ,element ->[[ChromeDriver: chrome on windows (b55456af20d654cf86a8c5c775d24d4b)] -> xpath: //label[@for='p_36/range-slider_slider-item_lower-bound-slider']]
2026-03-07 06:56:26.573 PM [TestNG-test-Test-1] INFO  [verifyingPriceSilderFunctionality] [verifyingPriceSilderFunctionality] Within smoothScrollToElement method
2026-03-07 06:56:26.574 PM [TestNG-test-Test-1] INFO  [verifyingPriceSilderFunctionality] [verifyingPriceSilderFunctionality] Within safeFindElement method
2026-03-07 06:56:27.774 PM [TestNG-test-Test-1] INFO  [verifyingPriceSilderFunctionality] [verifyingPriceSilderFunctionality]Found the element returning it ,element ->[[ChromeDriver: chrome on windows (b55456af20d654cf86a8c5c775d24d4b)] -> id: p_36/range-slider_slider-item_lower-bound-slider]
2026-03-07 06:56:27.782 PM [TestNG-test-Test-1] INFO  [verifyingPriceSilderFunctionality] [verifyingPriceSilderFunctionality] Successfully scrolled to element: By.id: p_36/range-slider_slider-item_lower-bound-slider
2026-03-07 06:56:27.783 PM [TestNG-test-Test-1] INFO  [verifyingPriceSilderFunctionality] [verifyingPriceSilderFunctionality] Capturing screenshot: Filter_Applied_is_Max_Price_27_500_Min_price_13_800__2026-03-07_185627.jpg
2026-03-07 06:56:28.109 PM [TestNG-test-Test-1] INFO  [verifyingPriceSilderFunctionality] [verifyingPriceSilderFunctionality] Screenshot saved at: test-output/screenshots/Run_2026-03-07_17-59-18/verifyingPriceSilderFunctionality/Filter_Applied_is_Max_Price_27_500_Min_price_13_800__2026-03-07_185627.jpg
2026-03-07 06:56:28.109 PM [TestNG-test-Test-1] INFO  [verifyingPriceSilderFunctionality] [verifyingPriceSilderFunctionality] Adding the data 'min','max','isValid' ,'mismatches' to 'result' Map->81
2026-03-07 06:56:28.109 PM [TestNG-test-Test-1] INFO  [verifyingPriceSilderFunctionality] [verifyingPriceSilderFunctionality] Adding the 'results'  Map to the master 'allResults' i.e is List of maps->81
2026-03-07 06:56:28.170 PM [TestNG-test-Test-1] INFO  [verifyingPriceSilderFunctionality] [verifyingPriceSilderFunctionality] in the setSliderValue method with value 91
2026-03-07 06:56:28.183 PM [TestNG-test-Test-1] INFO  [verifyingPriceSilderFunctionality] [verifyingPriceSilderFunctionality] in the setSliderValue method with value 121
2026-03-07 06:56:28.183 PM [TestNG-test-Test-1] INFO  [verifyingPriceSilderFunctionality] [verifyingPriceSilderFunctionality] Within safeFindElement method
2026-03-07 06:56:28.249 PM [TestNG-test-Test-1] INFO  [verifyingPriceSilderFunctionality] [verifyingPriceSilderFunctionality]Found the element returning it ,element ->[[ChromeDriver: chrome on windows (b55456af20d654cf86a8c5c775d24d4b)] -> xpath: //label[@for='p_36/range-slider_slider-item_upper-bound-slider']]
2026-03-07 06:56:28.259 PM [TestNG-test-Test-1] INFO  [verifyingPriceSilderFunctionality] [verifyingPriceSilderFunctionality] Within safeFindElement method
2026-03-07 06:56:28.316 PM [TestNG-test-Test-1] INFO  [verifyingPriceSilderFunctionality] [verifyingPriceSilderFunctionality]Found the element returning it ,element ->[[ChromeDriver: chrome on windows (b55456af20d654cf86a8c5c775d24d4b)] -> xpath: //label[@for='p_36/range-slider_slider-item_lower-bound-slider']]
2026-03-07 06:56:28.853 PM [TestNG-test-Test-1] INFO  [verifyingPriceSilderFunctionality] [verifyingPriceSilderFunctionality] Within smoothScrollToElement method
2026-03-07 06:56:28.853 PM [TestNG-test-Test-1] INFO  [verifyingPriceSilderFunctionality] [verifyingPriceSilderFunctionality] Within safeFindElement method
2026-03-07 06:56:30.087 PM [TestNG-test-Test-1] INFO  [verifyingPriceSilderFunctionality] [verifyingPriceSilderFunctionality]Found the element returning it ,element ->[[ChromeDriver: chrome on windows (b55456af20d654cf86a8c5c775d24d4b)] -> id: p_36/range-slider_slider-item_lower-bound-slider]
2026-03-07 06:56:30.104 PM [TestNG-test-Test-1] INFO  [verifyingPriceSilderFunctionality] [verifyingPriceSilderFunctionality] Successfully scrolled to element: By.id: p_36/range-slider_slider-item_lower-bound-slider
2026-03-07 06:56:30.105 PM [TestNG-test-Test-1] INFO  [verifyingPriceSilderFunctionality] [verifyingPriceSilderFunctionality] Capturing screenshot: Filter_Applied_is_Max_Price_74_100_Min_price_19_900__2026-03-07_185630.jpg
2026-03-07 06:56:30.242 PM [TestNG-test-Test-1] INFO  [verifyingPriceSilderFunctionality] [verifyingPriceSilderFunctionality] Screenshot saved at: test-output/screenshots/Run_2026-03-07_17-59-18/verifyingPriceSilderFunctionality/Filter_Applied_is_Max_Price_74_100_Min_price_19_900__2026-03-07_185630.jpg
2026-03-07 06:56:30.242 PM [TestNG-test-Test-1] INFO  [verifyingPriceSilderFunctionality] [verifyingPriceSilderFunctionality] Adding the data 'min','max','isValid' ,'mismatches' to 'result' Map->121
2026-03-07 06:56:30.242 PM [TestNG-test-Test-1] INFO  [verifyingPriceSilderFunctionality] [verifyingPriceSilderFunctionality] Adding the 'results'  Map to the master 'allResults' i.e is List of maps->121
2026-03-07 06:56:30.262 PM [TestNG-test-Test-1] INFO  [verifyingPriceSilderFunctionality] [verifyingPriceSilderFunctionality] in the setSliderValue method with value 131
2026-03-07 06:56:30.269 PM [TestNG-test-Test-1] INFO  [verifyingPriceSilderFunctionality] [verifyingPriceSilderFunctionality] in the setSliderValue method with value 161
2026-03-07 06:56:30.269 PM [TestNG-test-Test-1] INFO  [verifyingPriceSilderFunctionality] [verifyingPriceSilderFunctionality] Within safeFindElement method
2026-03-07 06:56:30.315 PM [TestNG-test-Test-1] INFO  [verifyingPriceSilderFunctionality] [verifyingPriceSilderFunctionality]Found the element returning it ,element ->[[ChromeDriver: chrome on windows (b55456af20d654cf86a8c5c775d24d4b)] -> xpath: //label[@for='p_36/range-slider_slider-item_upper-bound-slider']]
2026-03-07 06:56:30.323 PM [TestNG-test-Test-1] INFO  [verifyingPriceSilderFunctionality] [verifyingPriceSilderFunctionality] Within safeFindElement method
2026-03-07 06:56:30.367 PM [TestNG-test-Test-1] INFO  [verifyingPriceSilderFunctionality] [verifyingPriceSilderFunctionality]Found the element returning it ,element ->[[ChromeDriver: chrome on windows (b55456af20d654cf86a8c5c775d24d4b)] -> xpath: //label[@for='p_36/range-slider_slider-item_lower-bound-slider']]
2026-03-07 06:56:30.899 PM [TestNG-test-Test-1] INFO  [verifyingPriceSilderFunctionality] [verifyingPriceSilderFunctionality] Within smoothScrollToElement method
2026-03-07 06:56:30.899 PM [TestNG-test-Test-1] INFO  [verifyingPriceSilderFunctionality] [verifyingPriceSilderFunctionality] Within safeFindElement method
2026-03-07 06:56:31.979 PM [TestNG-test-Test-1] INFO  [verifyingPriceSilderFunctionality] [verifyingPriceSilderFunctionality]Found the element returning it ,element ->[[ChromeDriver: chrome on windows (b55456af20d654cf86a8c5c775d24d4b)] -> id: p_36/range-slider_slider-item_lower-bound-slider]
2026-03-07 06:56:31.994 PM [TestNG-test-Test-1] INFO  [verifyingPriceSilderFunctionality] [verifyingPriceSilderFunctionality] Successfully scrolled to element: By.id: p_36/range-slider_slider-item_lower-bound-slider
2026-03-07 06:56:31.995 PM [TestNG-test-Test-1] INFO  [verifyingPriceSilderFunctionality] [verifyingPriceSilderFunctionality] Capturing screenshot: Filter_Applied_is_Max_Price_150_300_Min_price_59_800__2026-03-07_185631.jpg
2026-03-07 06:56:32.131 PM [TestNG-test-Test-1] INFO  [verifyingPriceSilderFunctionality] [verifyingPriceSilderFunctionality] Screenshot saved at: test-output/screenshots/Run_2026-03-07_17-59-18/verifyingPriceSilderFunctionality/Filter_Applied_is_Max_Price_150_300_Min_price_59_800__2026-03-07_185631.jpg
2026-03-07 06:56:32.131 PM [TestNG-test-Test-1] INFO  [verifyingPriceSilderFunctionality] [verifyingPriceSilderFunctionality] Adding the data 'min','max','isValid' ,'mismatches' to 'result' Map->161
2026-03-07 06:56:32.131 PM [TestNG-test-Test-1] INFO  [verifyingPriceSilderFunctionality] [verifyingPriceSilderFunctionality] Adding the 'results'  Map to the master 'allResults' i.e is List of maps->161
2026-03-07 06:56:32.131 PM [TestNG-test-Test-1] INFO  [verifyingPriceSilderFunctionality] [verifyingPriceSilderFunctionality] Returning the data here in the end
2026-03-07 06:56:32.132 PM [TestNG-test-Test-1] INFO  [verifyingPriceSilderFunctionality] [verifyingPriceSilderFunctionality]  Price range validated successfully: 61 - 81
2026-03-07 06:56:32.132 PM [TestNG-test-Test-1] INFO  [verifyingPriceSilderFunctionality] [verifyingPriceSilderFunctionality] ------------------------------------------------------------
2026-03-07 06:56:32.132 PM [TestNG-test-Test-1] INFO  [verifyingPriceSilderFunctionality] [verifyingPriceSilderFunctionality]  Price range validated successfully: 91 - 121
2026-03-07 06:56:32.132 PM [TestNG-test-Test-1] INFO  [verifyingPriceSilderFunctionality] [verifyingPriceSilderFunctionality] ------------------------------------------------------------
2026-03-07 06:56:32.132 PM [TestNG-test-Test-1] INFO  [verifyingPriceSilderFunctionality] [verifyingPriceSilderFunctionality]  Price range validated successfully: 131 - 161
2026-03-07 06:56:32.132 PM [TestNG-test-Test-1] INFO  [verifyingPriceSilderFunctionality] [verifyingPriceSilderFunctionality] ------------------------------------------------------------
2026-03-07 06:56:32.132 PM [TestNG-test-Test-1] INFO  [verifyingPriceSilderFunctionality] [verifyingPriceSilderFunctionality]  Asserting all soft assertions now...
2026-03-07 06:56:32.135 PM [TestNG-test-Test-1] INFO  [verifyingPriceSilderFunctionality] ✅ Finished test method: verifyingPriceSilderFunctionality
