10:26:00 [TestNG-test-Test-3] INFO  verifyingFreeDeliveryFilterFunctionality_Tablet_10-26-00 - No existing WebDriver found for current thread. Initializing a new ChromeDriver...
10:26:00 [TestNG-test-Test-3] INFO  verifyingFreeDeliveryFilterFunctionality_Tablet_10-26-00 - WebDriverManager: chromedriver setup OK
10:26:02 [TestNG-test-Test-3] INFO  verifyingFreeDeliveryFilterFunctionality_Tablet_10-26-00 - ChromeDriver initialized successfully for thread: 36
10:26:03 [TestNG-test-Test-3] INFO  verifyingFreeDeliveryFilterFunctionality_Tablet_10-26-00 - [verifyingFreeDeliveryFilterFunctionality_Tablet_10-26-00] Opening amazon Landing page
10:26:03 [TestNG-test-Test-3] INFO  verifyingFreeDeliveryFilterFunctionality_Tablet_10-26-00 - [verifyingFreeDeliveryFilterFunctionality_Tablet_10-26-00] Within safeFindElement method
10:26:08 [TestNG-test-Test-3] INFO  verifyingFreeDeliveryFilterFunctionality_Tablet_10-26-00 - [verifyingFreeDeliveryFilterFunctionality_Tablet_10-26-00]Retrying findElement for: ->By.xpath: //a[@id='nav-logo-sprites']
10:26:09 [TestNG-test-Test-3] INFO  verifyingFreeDeliveryFilterFunctionality_Tablet_10-26-00 - [verifyingFreeDeliveryFilterFunctionality_Tablet_10-26-00]Refrehsing the page , while trying to safely find : ->By.xpath: //a[@id='nav-logo-sprites']
10:26:14 [TestNG-test-Test-3] INFO  verifyingFreeDeliveryFilterFunctionality_Tablet_10-26-00 - [verifyingFreeDeliveryFilterFunctionality_Tablet_10-26-00]Retrying findElement for: ->By.xpath: //a[@id='nav-logo-sprites']
10:26:15 [TestNG-test-Test-3] INFO  verifyingFreeDeliveryFilterFunctionality_Tablet_10-26-00 - [verifyingFreeDeliveryFilterFunctionality_Tablet_10-26-00]Refrehsing the page , while trying to safely find : ->By.xpath: //a[@id='nav-logo-sprites']
10:26:15 [TestNG-test-Test-3] INFO  verifyingFreeDeliveryFilterFunctionality_Tablet_10-26-00 - [verifyingFreeDeliveryFilterFunctionality_Tablet_10-26-00] Skipping action: Element not found after 2   attemps
10:26:19 [TestNG-test-Test-3] INFO  verifyingFreeDeliveryFilterFunctionality_Tablet_10-26-00 - [verifyingFreeDeliveryFilterFunctionality_Tablet_10-26-00] Giving input within the search bar
10:26:19 [TestNG-test-Test-3] INFO  verifyingFreeDeliveryFilterFunctionality_Tablet_10-26-00 - [verifyingFreeDeliveryFilterFunctionality_Tablet_10-26-00] Within safeClick method
10:26:24 [TestNG-test-Test-3] INFO  verifyingFreeDeliveryFilterFunctionality_Tablet_10-26-00 - [verifyingFreeDeliveryFilterFunctionality_Tablet_10-26-00] Clicked the  [[ChromeDriver: chrome on windows (14f388778f95989d8887a014f5f47d8a)] -> xpath: //input[@id='nav-search-submit-button']]   using safeClick
10:26:24 [TestNG-test-Test-3] INFO  verifyingFreeDeliveryFilterFunctionality_Tablet_10-26-00 - [verifyingFreeDeliveryFilterFunctionality_Tablet_10-26-00] Clicking on the submit in the search bar
10:26:24 [TestNG-test-Test-3] INFO  verifyingFreeDeliveryFilterFunctionality_Tablet_10-26-00 - [verifyingFreeDeliveryFilterFunctionality_Tablet_10-26-00] Waiting until element is visible in viewport
10:26:24 [TestNG-test-Test-3] INFO  verifyingFreeDeliveryFilterFunctionality_Tablet_10-26-00 - [verifyingFreeDeliveryFilterFunctionality_Tablet_10-26-00] Within validateDeliveryFilterOptionsWithResult method
10:26:24 [TestNG-test-Test-3] INFO  verifyingFreeDeliveryFilterFunctionality_Tablet_10-26-00 - [verifyingFreeDeliveryFilterFunctionality_Tablet_10-26-00] Within safeClick method
10:26:26 [TestNG-test-Test-3] INFO  verifyingFreeDeliveryFilterFunctionality_Tablet_10-26-00 - [verifyingFreeDeliveryFilterFunctionality_Tablet_10-26-00] Clicked the  [[ChromeDriver: chrome on windows (14f388778f95989d8887a014f5f47d8a)] -> xpath: //span[@class='a-size-base a-color-base puis-bold-weight-text' and text()='Eligible for Free Delivery']/parent::div/following-sibling::ul//span[@class='a-size-base a-color-base' and text()='Free Shipping']]   using safeClick
10:26:26 [TestNG-test-Test-3] INFO  verifyingFreeDeliveryFilterFunctionality_Tablet_10-26-00 - [verifyingFreeDeliveryFilterFunctionality_Tablet_10-26-00] Within getMoreButtonByFilterTypeAndName method
10:26:26 [TestNG-test-Test-3] INFO  verifyingFreeDeliveryFilterFunctionality_Tablet_10-26-00 - [verifyingFreeDeliveryFilterFunctionality_Tablet_10-26-00] Clicked on By.xpath: //span[@class='a-size-base a-color-base puis-bold-weight-text' and text()='Eligible for Free Delivery']/parent::div/following-sibling::ul//span[@class='a-size-base a-color-base' and text()='Free Shipping']
10:26:26 [TestNG-test-Test-3] INFO  verifyingFreeDeliveryFilterFunctionality_Tablet_10-26-00 - [verifyingFreeDeliveryFilterFunctionality_Tablet_10-26-00] Within safeFindElements 
10:26:26 [TestNG-test-Test-3] INFO  verifyingFreeDeliveryFilterFunctionality_Tablet_10-26-00 - [verifyingFreeDeliveryFilterFunctionality_Tablet_10-26-00] Returning the  [[[ChromeDriver: chrome on windows (14f388778f95989d8887a014f5f47d8a)] -> xpath: //div[@class='a-section a-spacing-small a-spacing-top-small']], [[ChromeDriver: chrome on windows (14f388778f95989d8887a014f5f47d8a)] -> xpath: //div[@class='a-section a-spacing-small a-spacing-top-small']], [[ChromeDriver: chrome on windows (14f388778f95989d8887a014f5f47d8a)] -> xpath: //div[@class='a-section a-spacing-small a-spacing-top-small']], [[ChromeDriver: chrome on windows (14f388778f95989d8887a014f5f47d8a)] -> xpath: //div[@class='a-section a-spacing-small a-spacing-top-small']], [[ChromeDriver: chrome on windows (14f388778f95989d8887a014f5f47d8a)] -> xpath: //div[@class='a-section a-spacing-small a-spacing-top-small']], [[ChromeDriver: chrome on windows (14f388778f95989d8887a014f5f47d8a)] -> xpath: //div[@class='a-section a-spacing-small a-spacing-top-small']], [[ChromeDriver: chrome on windows (14f388778f95989d8887a014f5f47d8a)] -> xpath: //div[@class='a-section a-spacing-small a-spacing-top-small']], [[ChromeDriver: chrome on windows (14f388778f95989d8887a014f5f47d8a)] -> xpath: //div[@class='a-section a-spacing-small a-spacing-top-small']], [[ChromeDriver: chrome on windows (14f388778f95989d8887a014f5f47d8a)] -> xpath: //div[@class='a-section a-spacing-small a-spacing-top-small']], [[ChromeDriver: chrome on windows (14f388778f95989d8887a014f5f47d8a)] -> xpath: //div[@class='a-section a-spacing-small a-spacing-top-small']], [[ChromeDriver: chrome on windows (14f388778f95989d8887a014f5f47d8a)] -> xpath: //div[@class='a-section a-spacing-small a-spacing-top-small']], [[ChromeDriver: chrome on windows (14f388778f95989d8887a014f5f47d8a)] -> xpath: //div[@class='a-section a-spacing-small a-spacing-top-small']], [[ChromeDriver: chrome on windows (14f388778f95989d8887a014f5f47d8a)] -> xpath: //div[@class='a-section a-spacing-small a-spacing-top-small']], [[ChromeDriver: chrome on windows (14f388778f95989d8887a014f5f47d8a)] -> xpath: //div[@class='a-section a-spacing-small a-spacing-top-small']], [[ChromeDriver: chrome on windows (14f388778f95989d8887a014f5f47d8a)] -> xpath: //div[@class='a-section a-spacing-small a-spacing-top-small']], [[ChromeDriver: chrome on windows (14f388778f95989d8887a014f5f47d8a)] -> xpath: //div[@class='a-section a-spacing-small a-spacing-top-small']]] from the safeFindElements method
10:26:26 [TestNG-test-Test-3] INFO  verifyingFreeDeliveryFilterFunctionality_Tablet_10-26-00 - [verifyingFreeDeliveryFilterFunctionality_Tablet_10-26-00] Created hashset with required data to assert with Within validateDeliveryFilterOptions method
10:26:26 [TestNG-test-Test-3] INFO  verifyingFreeDeliveryFilterFunctionality_Tablet_10-26-00 - [verifyingFreeDeliveryFilterFunctionality_Tablet_10-26-00] this is the set  [Apr, Today, 05, FREE delivery, 06, Sun, Mon, Tomorrow]
10:26:26 [TestNG-test-Test-3] INFO  verifyingFreeDeliveryFilterFunctionality_Tablet_10-26-00 - [verifyingFreeDeliveryFilterFunctionality_Tablet_10-26-00] Within deliveryElements loop iterating over the products  Within validateDeliveryFilterOptions method
10:26:26 [TestNG-test-Test-3] INFO  verifyingFreeDeliveryFilterFunctionality_Tablet_10-26-00 - [verifyingFreeDeliveryFilterFunctionality_Tablet_10-26-00] Checking if the allowedDateParts have the assert text   Within validateDeliveryFilterOptions method
10:26:26 [TestNG-test-Test-3] INFO  verifyingFreeDeliveryFilterFunctionality_Tablet_10-26-00 - [verifyingFreeDeliveryFilterFunctionality_Tablet_10-26-00] Within deliveryElements loop iterating over the products  Within validateDeliveryFilterOptions method
10:26:26 [TestNG-test-Test-3] INFO  verifyingFreeDeliveryFilterFunctionality_Tablet_10-26-00 - [verifyingFreeDeliveryFilterFunctionality_Tablet_10-26-00] Checking if the allowedDateParts have the assert text   Within validateDeliveryFilterOptions method
10:26:26 [TestNG-test-Test-3] INFO  verifyingFreeDeliveryFilterFunctionality_Tablet_10-26-00 - [verifyingFreeDeliveryFilterFunctionality_Tablet_10-26-00] Within deliveryElements loop iterating over the products  Within validateDeliveryFilterOptions method
10:26:26 [TestNG-test-Test-3] INFO  verifyingFreeDeliveryFilterFunctionality_Tablet_10-26-00 - [verifyingFreeDeliveryFilterFunctionality_Tablet_10-26-00] Checking if the allowedDateParts have the assert text   Within validateDeliveryFilterOptions method
10:26:26 [TestNG-test-Test-3] INFO  verifyingFreeDeliveryFilterFunctionality_Tablet_10-26-00 - [verifyingFreeDeliveryFilterFunctionality_Tablet_10-26-00] Within deliveryElements loop iterating over the products  Within validateDeliveryFilterOptions method
10:26:26 [TestNG-test-Test-3] INFO  verifyingFreeDeliveryFilterFunctionality_Tablet_10-26-00 - [verifyingFreeDeliveryFilterFunctionality_Tablet_10-26-00] Checking if the allowedDateParts have the assert text   Within validateDeliveryFilterOptions method
10:26:26 [TestNG-test-Test-3] INFO  verifyingFreeDeliveryFilterFunctionality_Tablet_10-26-00 - [verifyingFreeDeliveryFilterFunctionality_Tablet_10-26-00] Within deliveryElements loop iterating over the products  Within validateDeliveryFilterOptions method
10:26:26 [TestNG-test-Test-3] INFO  verifyingFreeDeliveryFilterFunctionality_Tablet_10-26-00 - [verifyingFreeDeliveryFilterFunctionality_Tablet_10-26-00] Checking if the allowedDateParts have the assert text   Within validateDeliveryFilterOptions method
10:26:26 [TestNG-test-Test-3] INFO  verifyingFreeDeliveryFilterFunctionality_Tablet_10-26-00 - [verifyingFreeDeliveryFilterFunctionality_Tablet_10-26-00] Within deliveryElements loop iterating over the products  Within validateDeliveryFilterOptions method
10:26:27 [TestNG-test-Test-3] INFO  verifyingFreeDeliveryFilterFunctionality_Tablet_10-26-00 - [verifyingFreeDeliveryFilterFunctionality_Tablet_10-26-00] Checking if the allowedDateParts have the assert text   Within validateDeliveryFilterOptions method
10:26:27 [TestNG-test-Test-3] INFO  verifyingFreeDeliveryFilterFunctionality_Tablet_10-26-00 - [verifyingFreeDeliveryFilterFunctionality_Tablet_10-26-00] Within deliveryElements loop iterating over the products  Within validateDeliveryFilterOptions method
10:26:27 [TestNG-test-Test-3] INFO  verifyingFreeDeliveryFilterFunctionality_Tablet_10-26-00 - [verifyingFreeDeliveryFilterFunctionality_Tablet_10-26-00] Checking if the allowedDateParts have the assert text   Within validateDeliveryFilterOptions method
10:26:27 [TestNG-test-Test-3] INFO  verifyingFreeDeliveryFilterFunctionality_Tablet_10-26-00 - [verifyingFreeDeliveryFilterFunctionality_Tablet_10-26-00] Within deliveryElements loop iterating over the products  Within validateDeliveryFilterOptions method
10:26:27 [TestNG-test-Test-3] INFO  verifyingFreeDeliveryFilterFunctionality_Tablet_10-26-00 - [verifyingFreeDeliveryFilterFunctionality_Tablet_10-26-00] Checking if the allowedDateParts have the assert text   Within validateDeliveryFilterOptions method
10:26:27 [TestNG-test-Test-3] INFO  verifyingFreeDeliveryFilterFunctionality_Tablet_10-26-00 - [verifyingFreeDeliveryFilterFunctionality_Tablet_10-26-00] Within deliveryElements loop iterating over the products  Within validateDeliveryFilterOptions method
10:26:27 [TestNG-test-Test-3] INFO  verifyingFreeDeliveryFilterFunctionality_Tablet_10-26-00 - [verifyingFreeDeliveryFilterFunctionality_Tablet_10-26-00] Checking if the allowedDateParts have the assert text   Within validateDeliveryFilterOptions method
10:26:27 [TestNG-test-Test-3] INFO  verifyingFreeDeliveryFilterFunctionality_Tablet_10-26-00 - [verifyingFreeDeliveryFilterFunctionality_Tablet_10-26-00] Within deliveryElements loop iterating over the products  Within validateDeliveryFilterOptions method
10:26:27 [TestNG-test-Test-3] INFO  verifyingFreeDeliveryFilterFunctionality_Tablet_10-26-00 - [verifyingFreeDeliveryFilterFunctionality_Tablet_10-26-00] Checking if the allowedDateParts have the assert text   Within validateDeliveryFilterOptions method
10:26:27 [TestNG-test-Test-3] INFO  verifyingFreeDeliveryFilterFunctionality_Tablet_10-26-00 - [verifyingFreeDeliveryFilterFunctionality_Tablet_10-26-00] Within deliveryElements loop iterating over the products  Within validateDeliveryFilterOptions method
10:26:27 [TestNG-test-Test-3] INFO  verifyingFreeDeliveryFilterFunctionality_Tablet_10-26-00 - [verifyingFreeDeliveryFilterFunctionality_Tablet_10-26-00] Checking if the allowedDateParts have the assert text   Within validateDeliveryFilterOptions method
10:26:27 [TestNG-test-Test-3] INFO  verifyingFreeDeliveryFilterFunctionality_Tablet_10-26-00 - [verifyingFreeDeliveryFilterFunctionality_Tablet_10-26-00] Within deliveryElements loop iterating over the products  Within validateDeliveryFilterOptions method
10:26:27 [TestNG-test-Test-3] INFO  verifyingFreeDeliveryFilterFunctionality_Tablet_10-26-00 - [verifyingFreeDeliveryFilterFunctionality_Tablet_10-26-00] Checking if the allowedDateParts have the assert text   Within validateDeliveryFilterOptions method
10:26:27 [TestNG-test-Test-3] INFO  verifyingFreeDeliveryFilterFunctionality_Tablet_10-26-00 - [verifyingFreeDeliveryFilterFunctionality_Tablet_10-26-00] Within deliveryElements loop iterating over the products  Within validateDeliveryFilterOptions method
10:26:27 [TestNG-test-Test-3] INFO  verifyingFreeDeliveryFilterFunctionality_Tablet_10-26-00 - [verifyingFreeDeliveryFilterFunctionality_Tablet_10-26-00] Checking if the allowedDateParts have the assert text   Within validateDeliveryFilterOptions method
10:26:27 [TestNG-test-Test-3] INFO  verifyingFreeDeliveryFilterFunctionality_Tablet_10-26-00 - [verifyingFreeDeliveryFilterFunctionality_Tablet_10-26-00] Within deliveryElements loop iterating over the products  Within validateDeliveryFilterOptions method
10:26:27 [TestNG-test-Test-3] INFO  verifyingFreeDeliveryFilterFunctionality_Tablet_10-26-00 - [verifyingFreeDeliveryFilterFunctionality_Tablet_10-26-00] Checking if the allowedDateParts have the assert text   Within validateDeliveryFilterOptions method
10:26:27 [TestNG-test-Test-3] INFO  verifyingFreeDeliveryFilterFunctionality_Tablet_10-26-00 - [verifyingFreeDeliveryFilterFunctionality_Tablet_10-26-00] Within deliveryElements loop iterating over the products  Within validateDeliveryFilterOptions method
10:26:27 [TestNG-test-Test-3] INFO  verifyingFreeDeliveryFilterFunctionality_Tablet_10-26-00 - [verifyingFreeDeliveryFilterFunctionality_Tablet_10-26-00] Checking if the allowedDateParts have the assert text   Within validateDeliveryFilterOptions method
10:26:27 [TestNG-test-Test-3] INFO  verifyingFreeDeliveryFilterFunctionality_Tablet_10-26-00 - [verifyingFreeDeliveryFilterFunctionality_Tablet_10-26-00] Within deliveryElements loop iterating over the products  Within validateDeliveryFilterOptions method
10:26:27 [TestNG-test-Test-3] INFO  verifyingFreeDeliveryFilterFunctionality_Tablet_10-26-00 - [verifyingFreeDeliveryFilterFunctionality_Tablet_10-26-00] Checking if the allowedDateParts have the assert text   Within validateDeliveryFilterOptions method
10:26:27 [TestNG-test-Test-3] INFO  verifyingFreeDeliveryFilterFunctionality_Tablet_10-26-00 - [verifyingFreeDeliveryFilterFunctionality_Tablet_10-26-00] Returning the list with boolean values   Within validateDeliveryFilterOptions method
10:26:27 [TestNG-test-Test-3] INFO  verifyingFreeDeliveryFilterFunctionality_Tablet_10-26-00 - [verifyingFreeDeliveryFilterFunctionality_Tablet_10-26-00] Asserting delivery filter: isValid=true, index=-1, text=All the things are valid no errors
