2026-03-12 07:30:34.958 PM [TestNG-test-Test-3] INFO  [verifyingFreeDeliveryFilterFunctionality] 🔹 Starting test method: verifyingFreeDeliveryFilterFunctionality
2026-03-12 07:30:34.969 PM [TestNG-test-Test-3] INFO  [verifyingFreeDeliveryFilterFunctionality] No existing WebDriver found for current thread. Initializing a new ChromeDriver...
2026-03-12 07:30:34.994 PM [TestNG-test-Test-3] INFO  [verifyingFreeDeliveryFilterFunctionality] WebDriverManager: chromedriver setup OK
2026-03-12 07:30:36.731 PM [TestNG-test-Test-3] INFO  [verifyingFreeDeliveryFilterFunctionality] ChromeDriver initialized successfully for thread: 36
2026-03-12 07:30:37.301 PM [TestNG-test-Test-3] INFO  [verifyingFreeDeliveryFilterFunctionality] [verifyingFreeDeliveryFilterFunctionality] Opening amazon Landing page
2026-03-12 07:30:37.302 PM [TestNG-test-Test-3] INFO  [verifyingFreeDeliveryFilterFunctionality] [verifyingFreeDeliveryFilterFunctionality] Within safeFindElement method
2026-03-12 07:30:40.587 PM [TestNG-test-Test-3] INFO  [verifyingFreeDeliveryFilterFunctionality] [verifyingFreeDeliveryFilterFunctionality]Found the element returning it ,element ->[[ChromeDriver: chrome on windows (34c00e76aca2f451d1b232a3538fef06)] -> xpath: //a[@id='nav-logo-sprites']]
2026-03-12 07:30:41.309 PM [TestNG-test-Test-3] INFO  [verifyingFreeDeliveryFilterFunctionality] [verifyingFreeDeliveryFilterFunctionality] Giving input within the search bar
2026-03-12 07:30:41.310 PM [TestNG-test-Test-3] INFO  [verifyingFreeDeliveryFilterFunctionality] [verifyingFreeDeliveryFilterFunctionality] Within safeClick method
2026-03-12 07:30:43.385 PM [TestNG-test-Test-3] INFO  [verifyingFreeDeliveryFilterFunctionality] [verifyingFreeDeliveryFilterFunctionality] Clicked the  [[ChromeDriver: chrome on windows (34c00e76aca2f451d1b232a3538fef06)] -> xpath: //input[@id='nav-search-submit-button']]   using safeClick
2026-03-12 07:30:43.385 PM [TestNG-test-Test-3] INFO  [verifyingFreeDeliveryFilterFunctionality] [verifyingFreeDeliveryFilterFunctionality] Clicking on the submit in the search bar
2026-03-12 07:30:43.559 PM [TestNG-test-Test-3] INFO  [verifyingFreeDeliveryFilterFunctionality] [verifyingFreeDeliveryFilterFunctionality] Waiting until element is visible in viewport
2026-03-12 07:30:43.592 PM [TestNG-test-Test-3] INFO  [verifyingFreeDeliveryFilterFunctionality] [verifyingFreeDeliveryFilterFunctionality] Within validateDeliveryFilterOptionsWithResult method
2026-03-12 07:30:43.592 PM [TestNG-test-Test-3] INFO  [verifyingFreeDeliveryFilterFunctionality] [verifyingFreeDeliveryFilterFunctionality] Within safeClick method
2026-03-12 07:30:43.926 PM [TestNG-test-Test-3] INFO  [verifyingFreeDeliveryFilterFunctionality] [verifyingFreeDeliveryFilterFunctionality] Clicked the  [[ChromeDriver: chrome on windows (34c00e76aca2f451d1b232a3538fef06)] -> xpath: //span[@class='a-size-base a-color-base puis-bold-weight-text' and text()='Eligible for Free Delivery']/parent::div/following-sibling::ul//span[@class='a-size-base a-color-base' and text()='Free Shipping']]   using safeClick
2026-03-12 07:30:43.928 PM [TestNG-test-Test-3] INFO  [verifyingFreeDeliveryFilterFunctionality] [verifyingFreeDeliveryFilterFunctionality] Within getMoreButtonByFilterTypeAndName method
2026-03-12 07:30:43.929 PM [TestNG-test-Test-3] INFO  [verifyingFreeDeliveryFilterFunctionality] [verifyingFreeDeliveryFilterFunctionality] Capturing screenshot: Filter_Applied_is_Eligible_for_Free_Delivery__2026-03-12_193043.jpg
2026-03-12 07:30:44.125 PM [TestNG-test-Test-3] INFO  [verifyingFreeDeliveryFilterFunctionality] [verifyingFreeDeliveryFilterFunctionality] Screenshot saved at: test-output/screenshots/Run_2026-03-12_18-35-34/verifyingFreeDeliveryFilterFunctionality/Filter_Applied_is_Eligible_for_Free_Delivery__2026-03-12_193043.jpg
2026-03-12 07:30:44.126 PM [TestNG-test-Test-3] INFO  [verifyingFreeDeliveryFilterFunctionality] [verifyingFreeDeliveryFilterFunctionality] Clicked on By.xpath: //span[@class='a-size-base a-color-base puis-bold-weight-text' and text()='Eligible for Free Delivery']/parent::div/following-sibling::ul//span[@class='a-size-base a-color-base' and text()='Free Shipping']
2026-03-12 07:30:44.126 PM [TestNG-test-Test-3] INFO  [verifyingFreeDeliveryFilterFunctionality] [verifyingFreeDeliveryFilterFunctionality] Within safeFindElements 
2026-03-12 07:30:44.793 PM [TestNG-test-Test-3] INFO  [verifyingFreeDeliveryFilterFunctionality] [verifyingFreeDeliveryFilterFunctionality] Returning the  [[[ChromeDriver: chrome on windows (34c00e76aca2f451d1b232a3538fef06)] -> xpath: //div[@class='a-section a-spacing-small a-spacing-top-small']], [[ChromeDriver: chrome on windows (34c00e76aca2f451d1b232a3538fef06)] -> xpath: //div[@class='a-section a-spacing-small a-spacing-top-small']], [[ChromeDriver: chrome on windows (34c00e76aca2f451d1b232a3538fef06)] -> xpath: //div[@class='a-section a-spacing-small a-spacing-top-small']], [[ChromeDriver: chrome on windows (34c00e76aca2f451d1b232a3538fef06)] -> xpath: //div[@class='a-section a-spacing-small a-spacing-top-small']], [[ChromeDriver: chrome on windows (34c00e76aca2f451d1b232a3538fef06)] -> xpath: //div[@class='a-section a-spacing-small a-spacing-top-small']], [[ChromeDriver: chrome on windows (34c00e76aca2f451d1b232a3538fef06)] -> xpath: //div[@class='a-section a-spacing-small a-spacing-top-small']], [[ChromeDriver: chrome on windows (34c00e76aca2f451d1b232a3538fef06)] -> xpath: //div[@class='a-section a-spacing-small a-spacing-top-small']], [[ChromeDriver: chrome on windows (34c00e76aca2f451d1b232a3538fef06)] -> xpath: //div[@class='a-section a-spacing-small a-spacing-top-small']], [[ChromeDriver: chrome on windows (34c00e76aca2f451d1b232a3538fef06)] -> xpath: //div[@class='a-section a-spacing-small a-spacing-top-small']], [[ChromeDriver: chrome on windows (34c00e76aca2f451d1b232a3538fef06)] -> xpath: //div[@class='a-section a-spacing-small a-spacing-top-small']], [[ChromeDriver: chrome on windows (34c00e76aca2f451d1b232a3538fef06)] -> xpath: //div[@class='a-section a-spacing-small a-spacing-top-small']], [[ChromeDriver: chrome on windows (34c00e76aca2f451d1b232a3538fef06)] -> xpath: //div[@class='a-section a-spacing-small a-spacing-top-small']], [[ChromeDriver: chrome on windows (34c00e76aca2f451d1b232a3538fef06)] -> xpath: //div[@class='a-section a-spacing-small a-spacing-top-small']], [[ChromeDriver: chrome on windows (34c00e76aca2f451d1b232a3538fef06)] -> xpath: //div[@class='a-section a-spacing-small a-spacing-top-small']], [[ChromeDriver: chrome on windows (34c00e76aca2f451d1b232a3538fef06)] -> xpath: //div[@class='a-section a-spacing-small a-spacing-top-small']], [[ChromeDriver: chrome on windows (34c00e76aca2f451d1b232a3538fef06)] -> xpath: //div[@class='a-section a-spacing-small a-spacing-top-small']]] from the safeFindElements method
2026-03-12 07:30:44.818 PM [TestNG-test-Test-3] INFO  [verifyingFreeDeliveryFilterFunctionality] [verifyingFreeDeliveryFilterFunctionality] Created hashset with required data to assert with Within validateDeliveryFilterOptions method
2026-03-12 07:30:44.819 PM [TestNG-test-Test-3] INFO  [verifyingFreeDeliveryFilterFunctionality] [verifyingFreeDeliveryFilterFunctionality] this is the set  [Thu, 12, 13, Today, FREE delivery, Fri, Tomorrow, Mar]
2026-03-12 07:30:44.819 PM [TestNG-test-Test-3] INFO  [verifyingFreeDeliveryFilterFunctionality] [verifyingFreeDeliveryFilterFunctionality] Within deliveryElements loop iterating over the products  Within validateDeliveryFilterOptions method
2026-03-12 07:30:44.922 PM [TestNG-test-Test-3] INFO  [verifyingFreeDeliveryFilterFunctionality] [verifyingFreeDeliveryFilterFunctionality] Checking if the allowedDateParts have the assert text   Within validateDeliveryFilterOptions method
2026-03-12 07:30:44.932 PM [TestNG-test-Test-3] INFO  [verifyingFreeDeliveryFilterFunctionality] [verifyingFreeDeliveryFilterFunctionality] Within deliveryElements loop iterating over the products  Within validateDeliveryFilterOptions method
2026-03-12 07:30:45.053 PM [TestNG-test-Test-3] INFO  [verifyingFreeDeliveryFilterFunctionality] [verifyingFreeDeliveryFilterFunctionality] Checking if the allowedDateParts have the assert text   Within validateDeliveryFilterOptions method
2026-03-12 07:30:45.053 PM [TestNG-test-Test-3] INFO  [verifyingFreeDeliveryFilterFunctionality] [verifyingFreeDeliveryFilterFunctionality] Within deliveryElements loop iterating over the products  Within validateDeliveryFilterOptions method
2026-03-12 07:30:45.104 PM [TestNG-test-Test-3] INFO  [verifyingFreeDeliveryFilterFunctionality] [verifyingFreeDeliveryFilterFunctionality] Checking if the allowedDateParts have the assert text   Within validateDeliveryFilterOptions method
2026-03-12 07:30:45.104 PM [TestNG-test-Test-3] INFO  [verifyingFreeDeliveryFilterFunctionality] [verifyingFreeDeliveryFilterFunctionality] Within deliveryElements loop iterating over the products  Within validateDeliveryFilterOptions method
2026-03-12 07:30:45.148 PM [TestNG-test-Test-3] INFO  [verifyingFreeDeliveryFilterFunctionality] [verifyingFreeDeliveryFilterFunctionality] Checking if the allowedDateParts have the assert text   Within validateDeliveryFilterOptions method
2026-03-12 07:30:45.148 PM [TestNG-test-Test-3] INFO  [verifyingFreeDeliveryFilterFunctionality] [verifyingFreeDeliveryFilterFunctionality] Within deliveryElements loop iterating over the products  Within validateDeliveryFilterOptions method
2026-03-12 07:30:45.195 PM [TestNG-test-Test-3] INFO  [verifyingFreeDeliveryFilterFunctionality] [verifyingFreeDeliveryFilterFunctionality] Checking if the allowedDateParts have the assert text   Within validateDeliveryFilterOptions method
2026-03-12 07:30:45.196 PM [TestNG-test-Test-3] INFO  [verifyingFreeDeliveryFilterFunctionality] [verifyingFreeDeliveryFilterFunctionality] Within deliveryElements loop iterating over the products  Within validateDeliveryFilterOptions method
2026-03-12 07:30:45.336 PM [TestNG-test-Test-3] INFO  [verifyingFreeDeliveryFilterFunctionality] [verifyingFreeDeliveryFilterFunctionality] Checking if the allowedDateParts have the assert text   Within validateDeliveryFilterOptions method
2026-03-12 07:30:45.337 PM [TestNG-test-Test-3] INFO  [verifyingFreeDeliveryFilterFunctionality] [verifyingFreeDeliveryFilterFunctionality] Within deliveryElements loop iterating over the products  Within validateDeliveryFilterOptions method
2026-03-12 07:30:45.416 PM [TestNG-test-Test-3] INFO  [verifyingFreeDeliveryFilterFunctionality] [verifyingFreeDeliveryFilterFunctionality] Checking if the allowedDateParts have the assert text   Within validateDeliveryFilterOptions method
2026-03-12 07:30:45.416 PM [TestNG-test-Test-3] INFO  [verifyingFreeDeliveryFilterFunctionality] [verifyingFreeDeliveryFilterFunctionality] Within deliveryElements loop iterating over the products  Within validateDeliveryFilterOptions method
2026-03-12 07:30:45.461 PM [TestNG-test-Test-3] INFO  [verifyingFreeDeliveryFilterFunctionality] [verifyingFreeDeliveryFilterFunctionality] Checking if the allowedDateParts have the assert text   Within validateDeliveryFilterOptions method
2026-03-12 07:30:45.461 PM [TestNG-test-Test-3] INFO  [verifyingFreeDeliveryFilterFunctionality] [verifyingFreeDeliveryFilterFunctionality] Within deliveryElements loop iterating over the products  Within validateDeliveryFilterOptions method
2026-03-12 07:30:45.505 PM [TestNG-test-Test-3] INFO  [verifyingFreeDeliveryFilterFunctionality] [verifyingFreeDeliveryFilterFunctionality] Checking if the allowedDateParts have the assert text   Within validateDeliveryFilterOptions method
2026-03-12 07:30:45.505 PM [TestNG-test-Test-3] INFO  [verifyingFreeDeliveryFilterFunctionality] [verifyingFreeDeliveryFilterFunctionality] Within deliveryElements loop iterating over the products  Within validateDeliveryFilterOptions method
2026-03-12 07:30:45.552 PM [TestNG-test-Test-3] INFO  [verifyingFreeDeliveryFilterFunctionality] [verifyingFreeDeliveryFilterFunctionality] Checking if the allowedDateParts have the assert text   Within validateDeliveryFilterOptions method
2026-03-12 07:30:45.553 PM [TestNG-test-Test-3] INFO  [verifyingFreeDeliveryFilterFunctionality] [verifyingFreeDeliveryFilterFunctionality] Within deliveryElements loop iterating over the products  Within validateDeliveryFilterOptions method
2026-03-12 07:30:45.593 PM [TestNG-test-Test-3] INFO  [verifyingFreeDeliveryFilterFunctionality] [verifyingFreeDeliveryFilterFunctionality] Checking if the allowedDateParts have the assert text   Within validateDeliveryFilterOptions method
2026-03-12 07:30:45.593 PM [TestNG-test-Test-3] INFO  [verifyingFreeDeliveryFilterFunctionality] [verifyingFreeDeliveryFilterFunctionality] Within deliveryElements loop iterating over the products  Within validateDeliveryFilterOptions method
2026-03-12 07:30:45.631 PM [TestNG-test-Test-3] INFO  [verifyingFreeDeliveryFilterFunctionality] [verifyingFreeDeliveryFilterFunctionality] Checking if the allowedDateParts have the assert text   Within validateDeliveryFilterOptions method
2026-03-12 07:30:45.631 PM [TestNG-test-Test-3] INFO  [verifyingFreeDeliveryFilterFunctionality] [verifyingFreeDeliveryFilterFunctionality] Within deliveryElements loop iterating over the products  Within validateDeliveryFilterOptions method
2026-03-12 07:30:45.674 PM [TestNG-test-Test-3] INFO  [verifyingFreeDeliveryFilterFunctionality] [verifyingFreeDeliveryFilterFunctionality] Checking if the allowedDateParts have the assert text   Within validateDeliveryFilterOptions method
2026-03-12 07:30:45.674 PM [TestNG-test-Test-3] INFO  [verifyingFreeDeliveryFilterFunctionality] [verifyingFreeDeliveryFilterFunctionality] Within deliveryElements loop iterating over the products  Within validateDeliveryFilterOptions method
2026-03-12 07:30:45.708 PM [TestNG-test-Test-3] INFO  [verifyingFreeDeliveryFilterFunctionality] [verifyingFreeDeliveryFilterFunctionality] Checking if the allowedDateParts have the assert text   Within validateDeliveryFilterOptions method
2026-03-12 07:30:45.709 PM [TestNG-test-Test-3] INFO  [verifyingFreeDeliveryFilterFunctionality] [verifyingFreeDeliveryFilterFunctionality] Within deliveryElements loop iterating over the products  Within validateDeliveryFilterOptions method
2026-03-12 07:30:45.746 PM [TestNG-test-Test-3] INFO  [verifyingFreeDeliveryFilterFunctionality] [verifyingFreeDeliveryFilterFunctionality] Checking if the allowedDateParts have the assert text   Within validateDeliveryFilterOptions method
2026-03-12 07:30:45.746 PM [TestNG-test-Test-3] INFO  [verifyingFreeDeliveryFilterFunctionality] [verifyingFreeDeliveryFilterFunctionality] Within deliveryElements loop iterating over the products  Within validateDeliveryFilterOptions method
2026-03-12 07:30:45.787 PM [TestNG-test-Test-3] INFO  [verifyingFreeDeliveryFilterFunctionality] [verifyingFreeDeliveryFilterFunctionality] Checking if the allowedDateParts have the assert text   Within validateDeliveryFilterOptions method
2026-03-12 07:30:45.788 PM [TestNG-test-Test-3] INFO  [verifyingFreeDeliveryFilterFunctionality] [verifyingFreeDeliveryFilterFunctionality] Returning the list with boolean values   Within validateDeliveryFilterOptions method
2026-03-12 07:30:45.788 PM [TestNG-test-Test-3] INFO  [verifyingFreeDeliveryFilterFunctionality] [verifyingFreeDeliveryFilterFunctionality] Asserting delivery filter: isValid=true, index=-1, text=All the things are valid no errors
2026-03-12 07:30:45.797 PM [TestNG-test-Test-3] INFO  [verifyingFreeDeliveryFilterFunctionality] ✅ Finished test method: verifyingFreeDeliveryFilterFunctionality
2026-03-12 07:30:46.501 PM [TestNG-test-Test-3] INFO  [verifyingFreeDeliveryFilterFunctionality] 🔹 Starting test method: verifyingFreeDeliveryFilterFunctionality
2026-03-12 07:30:46.501 PM [TestNG-test-Test-3] INFO  [verifyingFreeDeliveryFilterFunctionality] No existing WebDriver found for current thread. Initializing a new ChromeDriver...
2026-03-12 07:30:46.518 PM [TestNG-test-Test-3] INFO  [verifyingFreeDeliveryFilterFunctionality] WebDriverManager: chromedriver setup OK
2026-03-12 07:30:48.422 PM [TestNG-test-Test-3] INFO  [verifyingFreeDeliveryFilterFunctionality] ChromeDriver initialized successfully for thread: 36
2026-03-12 07:30:49.043 PM [TestNG-test-Test-3] INFO  [verifyingFreeDeliveryFilterFunctionality] [verifyingFreeDeliveryFilterFunctionality] Opening amazon Landing page
2026-03-12 07:30:49.043 PM [TestNG-test-Test-3] INFO  [verifyingFreeDeliveryFilterFunctionality] [verifyingFreeDeliveryFilterFunctionality] Within safeFindElement method
2026-03-12 07:30:52.760 PM [TestNG-test-Test-3] INFO  [verifyingFreeDeliveryFilterFunctionality] [verifyingFreeDeliveryFilterFunctionality]Found the element returning it ,element ->[[ChromeDriver: chrome on windows (f7f3ac584bb61569df5c302ca1c627ca)] -> xpath: //a[@id='nav-logo-sprites']]
2026-03-12 07:30:53.625 PM [TestNG-test-Test-3] INFO  [verifyingFreeDeliveryFilterFunctionality] [verifyingFreeDeliveryFilterFunctionality] Giving input within the search bar
2026-03-12 07:30:53.625 PM [TestNG-test-Test-3] INFO  [verifyingFreeDeliveryFilterFunctionality] [verifyingFreeDeliveryFilterFunctionality] Within safeClick method
2026-03-12 07:30:55.882 PM [TestNG-test-Test-3] INFO  [verifyingFreeDeliveryFilterFunctionality] [verifyingFreeDeliveryFilterFunctionality] Clicked the  [[ChromeDriver: chrome on windows (f7f3ac584bb61569df5c302ca1c627ca)] -> xpath: //input[@id='nav-search-submit-button']]   using safeClick
2026-03-12 07:30:55.882 PM [TestNG-test-Test-3] INFO  [verifyingFreeDeliveryFilterFunctionality] [verifyingFreeDeliveryFilterFunctionality] Clicking on the submit in the search bar
2026-03-12 07:30:56.091 PM [TestNG-test-Test-3] INFO  [verifyingFreeDeliveryFilterFunctionality] [verifyingFreeDeliveryFilterFunctionality] Waiting until element is visible in viewport
2026-03-12 07:30:56.119 PM [TestNG-test-Test-3] INFO  [verifyingFreeDeliveryFilterFunctionality] [verifyingFreeDeliveryFilterFunctionality] Within validateDeliveryFilterOptionsWithResult method
2026-03-12 07:30:56.119 PM [TestNG-test-Test-3] INFO  [verifyingFreeDeliveryFilterFunctionality] [verifyingFreeDeliveryFilterFunctionality] Within safeClick method
2026-03-12 07:30:56.384 PM [TestNG-test-Test-3] INFO  [verifyingFreeDeliveryFilterFunctionality] [verifyingFreeDeliveryFilterFunctionality] Clicked the  [[ChromeDriver: chrome on windows (f7f3ac584bb61569df5c302ca1c627ca)] -> xpath: //span[@class='a-size-base a-color-base puis-bold-weight-text' and text()='Eligible for Free Delivery']/parent::div/following-sibling::ul//span[@class='a-size-base a-color-base' and text()='Free Shipping']]   using safeClick
2026-03-12 07:30:56.386 PM [TestNG-test-Test-3] INFO  [verifyingFreeDeliveryFilterFunctionality] [verifyingFreeDeliveryFilterFunctionality] Within getMoreButtonByFilterTypeAndName method
2026-03-12 07:30:56.391 PM [TestNG-test-Test-3] INFO  [verifyingFreeDeliveryFilterFunctionality] [verifyingFreeDeliveryFilterFunctionality] Capturing screenshot: Filter_Applied_is_Eligible_for_Free_Delivery__2026-03-12_193056.jpg
2026-03-12 07:30:56.579 PM [TestNG-test-Test-3] INFO  [verifyingFreeDeliveryFilterFunctionality] [verifyingFreeDeliveryFilterFunctionality] Screenshot saved at: test-output/screenshots/Run_2026-03-12_18-35-34/verifyingFreeDeliveryFilterFunctionality/Filter_Applied_is_Eligible_for_Free_Delivery__2026-03-12_193056.jpg
2026-03-12 07:30:56.579 PM [TestNG-test-Test-3] INFO  [verifyingFreeDeliveryFilterFunctionality] [verifyingFreeDeliveryFilterFunctionality] Clicked on By.xpath: //span[@class='a-size-base a-color-base puis-bold-weight-text' and text()='Eligible for Free Delivery']/parent::div/following-sibling::ul//span[@class='a-size-base a-color-base' and text()='Free Shipping']
2026-03-12 07:30:56.579 PM [TestNG-test-Test-3] INFO  [verifyingFreeDeliveryFilterFunctionality] [verifyingFreeDeliveryFilterFunctionality] Within safeFindElements 
2026-03-12 07:30:57.254 PM [TestNG-test-Test-3] INFO  [verifyingFreeDeliveryFilterFunctionality] [verifyingFreeDeliveryFilterFunctionality] Returning the  [[[ChromeDriver: chrome on windows (f7f3ac584bb61569df5c302ca1c627ca)] -> xpath: //div[@class='a-section a-spacing-small a-spacing-top-small']], [[ChromeDriver: chrome on windows (f7f3ac584bb61569df5c302ca1c627ca)] -> xpath: //div[@class='a-section a-spacing-small a-spacing-top-small']], [[ChromeDriver: chrome on windows (f7f3ac584bb61569df5c302ca1c627ca)] -> xpath: //div[@class='a-section a-spacing-small a-spacing-top-small']], [[ChromeDriver: chrome on windows (f7f3ac584bb61569df5c302ca1c627ca)] -> xpath: //div[@class='a-section a-spacing-small a-spacing-top-small']], [[ChromeDriver: chrome on windows (f7f3ac584bb61569df5c302ca1c627ca)] -> xpath: //div[@class='a-section a-spacing-small a-spacing-top-small']], [[ChromeDriver: chrome on windows (f7f3ac584bb61569df5c302ca1c627ca)] -> xpath: //div[@class='a-section a-spacing-small a-spacing-top-small']], [[ChromeDriver: chrome on windows (f7f3ac584bb61569df5c302ca1c627ca)] -> xpath: //div[@class='a-section a-spacing-small a-spacing-top-small']], [[ChromeDriver: chrome on windows (f7f3ac584bb61569df5c302ca1c627ca)] -> xpath: //div[@class='a-section a-spacing-small a-spacing-top-small']], [[ChromeDriver: chrome on windows (f7f3ac584bb61569df5c302ca1c627ca)] -> xpath: //div[@class='a-section a-spacing-small a-spacing-top-small']], [[ChromeDriver: chrome on windows (f7f3ac584bb61569df5c302ca1c627ca)] -> xpath: //div[@class='a-section a-spacing-small a-spacing-top-small']], [[ChromeDriver: chrome on windows (f7f3ac584bb61569df5c302ca1c627ca)] -> xpath: //div[@class='a-section a-spacing-small a-spacing-top-small']], [[ChromeDriver: chrome on windows (f7f3ac584bb61569df5c302ca1c627ca)] -> xpath: //div[@class='a-section a-spacing-small a-spacing-top-small']], [[ChromeDriver: chrome on windows (f7f3ac584bb61569df5c302ca1c627ca)] -> xpath: //div[@class='a-section a-spacing-small a-spacing-top-small']], [[ChromeDriver: chrome on windows (f7f3ac584bb61569df5c302ca1c627ca)] -> xpath: //div[@class='a-section a-spacing-small a-spacing-top-small']], [[ChromeDriver: chrome on windows (f7f3ac584bb61569df5c302ca1c627ca)] -> xpath: //div[@class='a-section a-spacing-small a-spacing-top-small']], [[ChromeDriver: chrome on windows (f7f3ac584bb61569df5c302ca1c627ca)] -> xpath: //div[@class='a-section a-spacing-small a-spacing-top-small']]] from the safeFindElements method
2026-03-12 07:30:57.255 PM [TestNG-test-Test-3] INFO  [verifyingFreeDeliveryFilterFunctionality] [verifyingFreeDeliveryFilterFunctionality] Created hashset with required data to assert with Within validateDeliveryFilterOptions method
2026-03-12 07:30:57.255 PM [TestNG-test-Test-3] INFO  [verifyingFreeDeliveryFilterFunctionality] [verifyingFreeDeliveryFilterFunctionality] this is the set  [Thu, 12, 13, Today, FREE delivery, Fri, Tomorrow, Mar]
2026-03-12 07:30:57.255 PM [TestNG-test-Test-3] INFO  [verifyingFreeDeliveryFilterFunctionality] [verifyingFreeDeliveryFilterFunctionality] Within deliveryElements loop iterating over the products  Within validateDeliveryFilterOptions method
2026-03-12 07:30:57.292 PM [TestNG-test-Test-3] INFO  [verifyingFreeDeliveryFilterFunctionality] [verifyingFreeDeliveryFilterFunctionality] Checking if the allowedDateParts have the assert text   Within validateDeliveryFilterOptions method
2026-03-12 07:30:57.292 PM [TestNG-test-Test-3] INFO  [verifyingFreeDeliveryFilterFunctionality] [verifyingFreeDeliveryFilterFunctionality] Within deliveryElements loop iterating over the products  Within validateDeliveryFilterOptions method
2026-03-12 07:30:57.342 PM [TestNG-test-Test-3] INFO  [verifyingFreeDeliveryFilterFunctionality] [verifyingFreeDeliveryFilterFunctionality] Checking if the allowedDateParts have the assert text   Within validateDeliveryFilterOptions method
2026-03-12 07:30:57.342 PM [TestNG-test-Test-3] INFO  [verifyingFreeDeliveryFilterFunctionality] [verifyingFreeDeliveryFilterFunctionality] Within deliveryElements loop iterating over the products  Within validateDeliveryFilterOptions method
2026-03-12 07:30:57.402 PM [TestNG-test-Test-3] INFO  [verifyingFreeDeliveryFilterFunctionality] [verifyingFreeDeliveryFilterFunctionality] Checking if the allowedDateParts have the assert text   Within validateDeliveryFilterOptions method
2026-03-12 07:30:57.402 PM [TestNG-test-Test-3] INFO  [verifyingFreeDeliveryFilterFunctionality] [verifyingFreeDeliveryFilterFunctionality] Within deliveryElements loop iterating over the products  Within validateDeliveryFilterOptions method
2026-03-12 07:30:57.432 PM [TestNG-test-Test-3] INFO  [verifyingFreeDeliveryFilterFunctionality] [verifyingFreeDeliveryFilterFunctionality] Checking if the allowedDateParts have the assert text   Within validateDeliveryFilterOptions method
2026-03-12 07:30:57.432 PM [TestNG-test-Test-3] INFO  [verifyingFreeDeliveryFilterFunctionality] [verifyingFreeDeliveryFilterFunctionality] Within deliveryElements loop iterating over the products  Within validateDeliveryFilterOptions method
2026-03-12 07:30:57.457 PM [TestNG-test-Test-3] INFO  [verifyingFreeDeliveryFilterFunctionality] [verifyingFreeDeliveryFilterFunctionality] Checking if the allowedDateParts have the assert text   Within validateDeliveryFilterOptions method
2026-03-12 07:30:57.457 PM [TestNG-test-Test-3] INFO  [verifyingFreeDeliveryFilterFunctionality] [verifyingFreeDeliveryFilterFunctionality] Within deliveryElements loop iterating over the products  Within validateDeliveryFilterOptions method
2026-03-12 07:30:57.486 PM [TestNG-test-Test-3] INFO  [verifyingFreeDeliveryFilterFunctionality] [verifyingFreeDeliveryFilterFunctionality] Checking if the allowedDateParts have the assert text   Within validateDeliveryFilterOptions method
2026-03-12 07:30:57.487 PM [TestNG-test-Test-3] INFO  [verifyingFreeDeliveryFilterFunctionality] [verifyingFreeDeliveryFilterFunctionality] Within deliveryElements loop iterating over the products  Within validateDeliveryFilterOptions method
2026-03-12 07:30:57.510 PM [TestNG-test-Test-3] INFO  [verifyingFreeDeliveryFilterFunctionality] [verifyingFreeDeliveryFilterFunctionality] Checking if the allowedDateParts have the assert text   Within validateDeliveryFilterOptions method
2026-03-12 07:30:57.510 PM [TestNG-test-Test-3] INFO  [verifyingFreeDeliveryFilterFunctionality] [verifyingFreeDeliveryFilterFunctionality] Within deliveryElements loop iterating over the products  Within validateDeliveryFilterOptions method
2026-03-12 07:30:57.537 PM [TestNG-test-Test-3] INFO  [verifyingFreeDeliveryFilterFunctionality] [verifyingFreeDeliveryFilterFunctionality] Checking if the allowedDateParts have the assert text   Within validateDeliveryFilterOptions method
2026-03-12 07:30:57.537 PM [TestNG-test-Test-3] INFO  [verifyingFreeDeliveryFilterFunctionality] [verifyingFreeDeliveryFilterFunctionality] Within deliveryElements loop iterating over the products  Within validateDeliveryFilterOptions method
2026-03-12 07:30:57.568 PM [TestNG-test-Test-3] INFO  [verifyingFreeDeliveryFilterFunctionality] [verifyingFreeDeliveryFilterFunctionality] Checking if the allowedDateParts have the assert text   Within validateDeliveryFilterOptions method
2026-03-12 07:30:57.568 PM [TestNG-test-Test-3] INFO  [verifyingFreeDeliveryFilterFunctionality] [verifyingFreeDeliveryFilterFunctionality] Within deliveryElements loop iterating over the products  Within validateDeliveryFilterOptions method
2026-03-12 07:30:57.592 PM [TestNG-test-Test-3] INFO  [verifyingFreeDeliveryFilterFunctionality] [verifyingFreeDeliveryFilterFunctionality] Checking if the allowedDateParts have the assert text   Within validateDeliveryFilterOptions method
2026-03-12 07:30:57.592 PM [TestNG-test-Test-3] INFO  [verifyingFreeDeliveryFilterFunctionality] [verifyingFreeDeliveryFilterFunctionality] Within deliveryElements loop iterating over the products  Within validateDeliveryFilterOptions method
2026-03-12 07:30:57.618 PM [TestNG-test-Test-3] INFO  [verifyingFreeDeliveryFilterFunctionality] [verifyingFreeDeliveryFilterFunctionality] Checking if the allowedDateParts have the assert text   Within validateDeliveryFilterOptions method
2026-03-12 07:30:57.618 PM [TestNG-test-Test-3] INFO  [verifyingFreeDeliveryFilterFunctionality] [verifyingFreeDeliveryFilterFunctionality] Within deliveryElements loop iterating over the products  Within validateDeliveryFilterOptions method
2026-03-12 07:30:57.646 PM [TestNG-test-Test-3] INFO  [verifyingFreeDeliveryFilterFunctionality] [verifyingFreeDeliveryFilterFunctionality] Checking if the allowedDateParts have the assert text   Within validateDeliveryFilterOptions method
2026-03-12 07:30:57.646 PM [TestNG-test-Test-3] INFO  [verifyingFreeDeliveryFilterFunctionality] [verifyingFreeDeliveryFilterFunctionality] Within deliveryElements loop iterating over the products  Within validateDeliveryFilterOptions method
2026-03-12 07:30:57.671 PM [TestNG-test-Test-3] INFO  [verifyingFreeDeliveryFilterFunctionality] [verifyingFreeDeliveryFilterFunctionality] Checking if the allowedDateParts have the assert text   Within validateDeliveryFilterOptions method
2026-03-12 07:30:57.671 PM [TestNG-test-Test-3] INFO  [verifyingFreeDeliveryFilterFunctionality] [verifyingFreeDeliveryFilterFunctionality] Within deliveryElements loop iterating over the products  Within validateDeliveryFilterOptions method
2026-03-12 07:30:57.695 PM [TestNG-test-Test-3] INFO  [verifyingFreeDeliveryFilterFunctionality] [verifyingFreeDeliveryFilterFunctionality] Checking if the allowedDateParts have the assert text   Within validateDeliveryFilterOptions method
2026-03-12 07:30:57.695 PM [TestNG-test-Test-3] INFO  [verifyingFreeDeliveryFilterFunctionality] [verifyingFreeDeliveryFilterFunctionality] Within deliveryElements loop iterating over the products  Within validateDeliveryFilterOptions method
2026-03-12 07:30:57.715 PM [TestNG-test-Test-3] INFO  [verifyingFreeDeliveryFilterFunctionality] [verifyingFreeDeliveryFilterFunctionality] Checking if the allowedDateParts have the assert text   Within validateDeliveryFilterOptions method
2026-03-12 07:30:57.715 PM [TestNG-test-Test-3] INFO  [verifyingFreeDeliveryFilterFunctionality] [verifyingFreeDeliveryFilterFunctionality] Within deliveryElements loop iterating over the products  Within validateDeliveryFilterOptions method
2026-03-12 07:30:57.734 PM [TestNG-test-Test-3] INFO  [verifyingFreeDeliveryFilterFunctionality] [verifyingFreeDeliveryFilterFunctionality] Checking if the allowedDateParts have the assert text   Within validateDeliveryFilterOptions method
2026-03-12 07:30:57.734 PM [TestNG-test-Test-3] INFO  [verifyingFreeDeliveryFilterFunctionality] [verifyingFreeDeliveryFilterFunctionality] Returning the list with boolean values   Within validateDeliveryFilterOptions method
2026-03-12 07:30:57.734 PM [TestNG-test-Test-3] INFO  [verifyingFreeDeliveryFilterFunctionality] [verifyingFreeDeliveryFilterFunctionality] Asserting delivery filter: isValid=true, index=-1, text=All the things are valid no errors
2026-03-12 07:30:57.741 PM [TestNG-test-Test-3] INFO  [verifyingFreeDeliveryFilterFunctionality] ✅ Finished test method: verifyingFreeDeliveryFilterFunctionality
2026-03-12 07:30:57.986 PM [TestNG-test-Test-3] INFO  [verifyingFreeDeliveryFilterFunctionality] 🔹 Starting test method: verifyingFreeDeliveryFilterFunctionality
2026-03-12 07:30:57.986 PM [TestNG-test-Test-3] INFO  [verifyingFreeDeliveryFilterFunctionality] No existing WebDriver found for current thread. Initializing a new ChromeDriver...
2026-03-12 07:30:57.996 PM [TestNG-test-Test-3] INFO  [verifyingFreeDeliveryFilterFunctionality] WebDriverManager: chromedriver setup OK
2026-03-12 07:30:59.661 PM [TestNG-test-Test-3] INFO  [verifyingFreeDeliveryFilterFunctionality] ChromeDriver initialized successfully for thread: 36
2026-03-12 07:31:00.289 PM [TestNG-test-Test-3] INFO  [verifyingFreeDeliveryFilterFunctionality] [verifyingFreeDeliveryFilterFunctionality] Opening amazon Landing page
2026-03-12 07:31:00.289 PM [TestNG-test-Test-3] INFO  [verifyingFreeDeliveryFilterFunctionality] [verifyingFreeDeliveryFilterFunctionality] Within safeFindElement method
2026-03-12 07:31:03.671 PM [TestNG-test-Test-3] INFO  [verifyingFreeDeliveryFilterFunctionality] [verifyingFreeDeliveryFilterFunctionality]Found the element returning it ,element ->[[ChromeDriver: chrome on windows (c68c0a366b3af715fa1680d2d7fcdfee)] -> xpath: //a[@id='nav-logo-sprites']]
2026-03-12 07:31:04.679 PM [TestNG-test-Test-3] INFO  [verifyingFreeDeliveryFilterFunctionality] [verifyingFreeDeliveryFilterFunctionality] Giving input within the search bar
2026-03-12 07:31:04.679 PM [TestNG-test-Test-3] INFO  [verifyingFreeDeliveryFilterFunctionality] [verifyingFreeDeliveryFilterFunctionality] Within safeClick method
2026-03-12 07:31:07.774 PM [TestNG-test-Test-3] INFO  [verifyingFreeDeliveryFilterFunctionality] [verifyingFreeDeliveryFilterFunctionality] Clicked the  [[ChromeDriver: chrome on windows (c68c0a366b3af715fa1680d2d7fcdfee)] -> xpath: //input[@id='nav-search-submit-button']]   using safeClick
2026-03-12 07:31:07.774 PM [TestNG-test-Test-3] INFO  [verifyingFreeDeliveryFilterFunctionality] [verifyingFreeDeliveryFilterFunctionality] Clicking on the submit in the search bar
2026-03-12 07:31:08.009 PM [TestNG-test-Test-3] INFO  [verifyingFreeDeliveryFilterFunctionality] [verifyingFreeDeliveryFilterFunctionality] Waiting until element is visible in viewport
2026-03-12 07:31:08.068 PM [TestNG-test-Test-3] INFO  [verifyingFreeDeliveryFilterFunctionality] [verifyingFreeDeliveryFilterFunctionality] Within validateDeliveryFilterOptionsWithResult method
2026-03-12 07:31:08.068 PM [TestNG-test-Test-3] INFO  [verifyingFreeDeliveryFilterFunctionality] [verifyingFreeDeliveryFilterFunctionality] Within safeClick method
2026-03-12 07:31:08.476 PM [TestNG-test-Test-3] INFO  [verifyingFreeDeliveryFilterFunctionality] [verifyingFreeDeliveryFilterFunctionality] Clicked the  [[ChromeDriver: chrome on windows (c68c0a366b3af715fa1680d2d7fcdfee)] -> xpath: //span[@class='a-size-base a-color-base puis-bold-weight-text' and text()='Eligible for Free Delivery']/parent::div/following-sibling::ul//span[@class='a-size-base a-color-base' and text()='Free Shipping']]   using safeClick
2026-03-12 07:31:08.476 PM [TestNG-test-Test-3] INFO  [verifyingFreeDeliveryFilterFunctionality] [verifyingFreeDeliveryFilterFunctionality] Within getMoreButtonByFilterTypeAndName method
2026-03-12 07:31:08.477 PM [TestNG-test-Test-3] INFO  [verifyingFreeDeliveryFilterFunctionality] [verifyingFreeDeliveryFilterFunctionality] Capturing screenshot: Filter_Applied_is_Eligible_for_Free_Delivery__2026-03-12_193108.jpg
2026-03-12 07:31:08.689 PM [TestNG-test-Test-3] INFO  [verifyingFreeDeliveryFilterFunctionality] [verifyingFreeDeliveryFilterFunctionality] Screenshot saved at: test-output/screenshots/Run_2026-03-12_18-35-34/verifyingFreeDeliveryFilterFunctionality/Filter_Applied_is_Eligible_for_Free_Delivery__2026-03-12_193108.jpg
2026-03-12 07:31:08.690 PM [TestNG-test-Test-3] INFO  [verifyingFreeDeliveryFilterFunctionality] [verifyingFreeDeliveryFilterFunctionality] Clicked on By.xpath: //span[@class='a-size-base a-color-base puis-bold-weight-text' and text()='Eligible for Free Delivery']/parent::div/following-sibling::ul//span[@class='a-size-base a-color-base' and text()='Free Shipping']
2026-03-12 07:31:08.690 PM [TestNG-test-Test-3] INFO  [verifyingFreeDeliveryFilterFunctionality] [verifyingFreeDeliveryFilterFunctionality] Within safeFindElements 
2026-03-12 07:31:09.280 PM [TestNG-test-Test-3] INFO  [verifyingFreeDeliveryFilterFunctionality] [verifyingFreeDeliveryFilterFunctionality] Returning the  [[[ChromeDriver: chrome on windows (c68c0a366b3af715fa1680d2d7fcdfee)] -> xpath: //div[@class='a-section a-spacing-small a-spacing-top-small']], [[ChromeDriver: chrome on windows (c68c0a366b3af715fa1680d2d7fcdfee)] -> xpath: //div[@class='a-section a-spacing-small a-spacing-top-small']], [[ChromeDriver: chrome on windows (c68c0a366b3af715fa1680d2d7fcdfee)] -> xpath: //div[@class='a-section a-spacing-small a-spacing-top-small']], [[ChromeDriver: chrome on windows (c68c0a366b3af715fa1680d2d7fcdfee)] -> xpath: //div[@class='a-section a-spacing-small a-spacing-top-small']], [[ChromeDriver: chrome on windows (c68c0a366b3af715fa1680d2d7fcdfee)] -> xpath: //div[@class='a-section a-spacing-small a-spacing-top-small']], [[ChromeDriver: chrome on windows (c68c0a366b3af715fa1680d2d7fcdfee)] -> xpath: //div[@class='a-section a-spacing-small a-spacing-top-small']], [[ChromeDriver: chrome on windows (c68c0a366b3af715fa1680d2d7fcdfee)] -> xpath: //div[@class='a-section a-spacing-small a-spacing-top-small']], [[ChromeDriver: chrome on windows (c68c0a366b3af715fa1680d2d7fcdfee)] -> xpath: //div[@class='a-section a-spacing-small a-spacing-top-small']], [[ChromeDriver: chrome on windows (c68c0a366b3af715fa1680d2d7fcdfee)] -> xpath: //div[@class='a-section a-spacing-small a-spacing-top-small']], [[ChromeDriver: chrome on windows (c68c0a366b3af715fa1680d2d7fcdfee)] -> xpath: //div[@class='a-section a-spacing-small a-spacing-top-small']], [[ChromeDriver: chrome on windows (c68c0a366b3af715fa1680d2d7fcdfee)] -> xpath: //div[@class='a-section a-spacing-small a-spacing-top-small']], [[ChromeDriver: chrome on windows (c68c0a366b3af715fa1680d2d7fcdfee)] -> xpath: //div[@class='a-section a-spacing-small a-spacing-top-small']], [[ChromeDriver: chrome on windows (c68c0a366b3af715fa1680d2d7fcdfee)] -> xpath: //div[@class='a-section a-spacing-small a-spacing-top-small']], [[ChromeDriver: chrome on windows (c68c0a366b3af715fa1680d2d7fcdfee)] -> xpath: //div[@class='a-section a-spacing-small a-spacing-top-small']], [[ChromeDriver: chrome on windows (c68c0a366b3af715fa1680d2d7fcdfee)] -> xpath: //div[@class='a-section a-spacing-small a-spacing-top-small']], [[ChromeDriver: chrome on windows (c68c0a366b3af715fa1680d2d7fcdfee)] -> xpath: //div[@class='a-section a-spacing-small a-spacing-top-small']]] from the safeFindElements method
2026-03-12 07:31:09.281 PM [TestNG-test-Test-3] INFO  [verifyingFreeDeliveryFilterFunctionality] [verifyingFreeDeliveryFilterFunctionality] Created hashset with required data to assert with Within validateDeliveryFilterOptions method
2026-03-12 07:31:09.281 PM [TestNG-test-Test-3] INFO  [verifyingFreeDeliveryFilterFunctionality] [verifyingFreeDeliveryFilterFunctionality] this is the set  [Thu, 12, 13, Today, FREE delivery, Fri, Tomorrow, Mar]
2026-03-12 07:31:09.281 PM [TestNG-test-Test-3] INFO  [verifyingFreeDeliveryFilterFunctionality] [verifyingFreeDeliveryFilterFunctionality] Within deliveryElements loop iterating over the products  Within validateDeliveryFilterOptions method
2026-03-12 07:31:09.419 PM [TestNG-test-Test-3] INFO  [verifyingFreeDeliveryFilterFunctionality] [verifyingFreeDeliveryFilterFunctionality] Checking if the allowedDateParts have the assert text   Within validateDeliveryFilterOptions method
2026-03-12 07:31:09.419 PM [TestNG-test-Test-3] INFO  [verifyingFreeDeliveryFilterFunctionality] [verifyingFreeDeliveryFilterFunctionality] Within deliveryElements loop iterating over the products  Within validateDeliveryFilterOptions method
2026-03-12 07:31:09.468 PM [TestNG-test-Test-3] INFO  [verifyingFreeDeliveryFilterFunctionality] [verifyingFreeDeliveryFilterFunctionality] Checking if the allowedDateParts have the assert text   Within validateDeliveryFilterOptions method
2026-03-12 07:31:09.469 PM [TestNG-test-Test-3] INFO  [verifyingFreeDeliveryFilterFunctionality] [verifyingFreeDeliveryFilterFunctionality] Within deliveryElements loop iterating over the products  Within validateDeliveryFilterOptions method
2026-03-12 07:31:09.498 PM [TestNG-test-Test-3] INFO  [verifyingFreeDeliveryFilterFunctionality] [verifyingFreeDeliveryFilterFunctionality] Checking if the allowedDateParts have the assert text   Within validateDeliveryFilterOptions method
2026-03-12 07:31:09.498 PM [TestNG-test-Test-3] INFO  [verifyingFreeDeliveryFilterFunctionality] [verifyingFreeDeliveryFilterFunctionality] Within deliveryElements loop iterating over the products  Within validateDeliveryFilterOptions method
2026-03-12 07:31:09.524 PM [TestNG-test-Test-3] INFO  [verifyingFreeDeliveryFilterFunctionality] [verifyingFreeDeliveryFilterFunctionality] Checking if the allowedDateParts have the assert text   Within validateDeliveryFilterOptions method
2026-03-12 07:31:09.524 PM [TestNG-test-Test-3] INFO  [verifyingFreeDeliveryFilterFunctionality] [verifyingFreeDeliveryFilterFunctionality] Within deliveryElements loop iterating over the products  Within validateDeliveryFilterOptions method
2026-03-12 07:31:09.575 PM [TestNG-test-Test-3] INFO  [verifyingFreeDeliveryFilterFunctionality] [verifyingFreeDeliveryFilterFunctionality] Checking if the allowedDateParts have the assert text   Within validateDeliveryFilterOptions method
2026-03-12 07:31:09.575 PM [TestNG-test-Test-3] INFO  [verifyingFreeDeliveryFilterFunctionality] [verifyingFreeDeliveryFilterFunctionality] Within deliveryElements loop iterating over the products  Within validateDeliveryFilterOptions method
2026-03-12 07:31:09.623 PM [TestNG-test-Test-3] INFO  [verifyingFreeDeliveryFilterFunctionality] [verifyingFreeDeliveryFilterFunctionality] Checking if the allowedDateParts have the assert text   Within validateDeliveryFilterOptions method
2026-03-12 07:31:09.623 PM [TestNG-test-Test-3] INFO  [verifyingFreeDeliveryFilterFunctionality] [verifyingFreeDeliveryFilterFunctionality] Within deliveryElements loop iterating over the products  Within validateDeliveryFilterOptions method
2026-03-12 07:31:09.647 PM [TestNG-test-Test-3] INFO  [verifyingFreeDeliveryFilterFunctionality] [verifyingFreeDeliveryFilterFunctionality] Checking if the allowedDateParts have the assert text   Within validateDeliveryFilterOptions method
2026-03-12 07:31:09.647 PM [TestNG-test-Test-3] INFO  [verifyingFreeDeliveryFilterFunctionality] [verifyingFreeDeliveryFilterFunctionality] Within deliveryElements loop iterating over the products  Within validateDeliveryFilterOptions method
2026-03-12 07:31:09.668 PM [TestNG-test-Test-3] INFO  [verifyingFreeDeliveryFilterFunctionality] [verifyingFreeDeliveryFilterFunctionality] Checking if the allowedDateParts have the assert text   Within validateDeliveryFilterOptions method
2026-03-12 07:31:09.668 PM [TestNG-test-Test-3] INFO  [verifyingFreeDeliveryFilterFunctionality] [verifyingFreeDeliveryFilterFunctionality] Within deliveryElements loop iterating over the products  Within validateDeliveryFilterOptions method
2026-03-12 07:31:09.688 PM [TestNG-test-Test-3] INFO  [verifyingFreeDeliveryFilterFunctionality] [verifyingFreeDeliveryFilterFunctionality] Checking if the allowedDateParts have the assert text   Within validateDeliveryFilterOptions method
2026-03-12 07:31:09.688 PM [TestNG-test-Test-3] INFO  [verifyingFreeDeliveryFilterFunctionality] [verifyingFreeDeliveryFilterFunctionality] Within deliveryElements loop iterating over the products  Within validateDeliveryFilterOptions method
2026-03-12 07:31:09.714 PM [TestNG-test-Test-3] INFO  [verifyingFreeDeliveryFilterFunctionality] [verifyingFreeDeliveryFilterFunctionality] Checking if the allowedDateParts have the assert text   Within validateDeliveryFilterOptions method
2026-03-12 07:31:09.714 PM [TestNG-test-Test-3] INFO  [verifyingFreeDeliveryFilterFunctionality] [verifyingFreeDeliveryFilterFunctionality] Within deliveryElements loop iterating over the products  Within validateDeliveryFilterOptions method
2026-03-12 07:31:09.734 PM [TestNG-test-Test-3] INFO  [verifyingFreeDeliveryFilterFunctionality] [verifyingFreeDeliveryFilterFunctionality] Checking if the allowedDateParts have the assert text   Within validateDeliveryFilterOptions method
2026-03-12 07:31:09.734 PM [TestNG-test-Test-3] INFO  [verifyingFreeDeliveryFilterFunctionality] [verifyingFreeDeliveryFilterFunctionality] Within deliveryElements loop iterating over the products  Within validateDeliveryFilterOptions method
2026-03-12 07:31:09.757 PM [TestNG-test-Test-3] INFO  [verifyingFreeDeliveryFilterFunctionality] [verifyingFreeDeliveryFilterFunctionality] Checking if the allowedDateParts have the assert text   Within validateDeliveryFilterOptions method
2026-03-12 07:31:09.757 PM [TestNG-test-Test-3] INFO  [verifyingFreeDeliveryFilterFunctionality] [verifyingFreeDeliveryFilterFunctionality] Within deliveryElements loop iterating over the products  Within validateDeliveryFilterOptions method
2026-03-12 07:31:09.777 PM [TestNG-test-Test-3] INFO  [verifyingFreeDeliveryFilterFunctionality] [verifyingFreeDeliveryFilterFunctionality] Checking if the allowedDateParts have the assert text   Within validateDeliveryFilterOptions method
2026-03-12 07:31:09.777 PM [TestNG-test-Test-3] INFO  [verifyingFreeDeliveryFilterFunctionality] [verifyingFreeDeliveryFilterFunctionality] Within deliveryElements loop iterating over the products  Within validateDeliveryFilterOptions method
2026-03-12 07:31:09.797 PM [TestNG-test-Test-3] INFO  [verifyingFreeDeliveryFilterFunctionality] [verifyingFreeDeliveryFilterFunctionality] Checking if the allowedDateParts have the assert text   Within validateDeliveryFilterOptions method
2026-03-12 07:31:09.797 PM [TestNG-test-Test-3] INFO  [verifyingFreeDeliveryFilterFunctionality] [verifyingFreeDeliveryFilterFunctionality] Within deliveryElements loop iterating over the products  Within validateDeliveryFilterOptions method
2026-03-12 07:31:09.818 PM [TestNG-test-Test-3] INFO  [verifyingFreeDeliveryFilterFunctionality] [verifyingFreeDeliveryFilterFunctionality] Checking if the allowedDateParts have the assert text   Within validateDeliveryFilterOptions method
2026-03-12 07:31:09.818 PM [TestNG-test-Test-3] INFO  [verifyingFreeDeliveryFilterFunctionality] [verifyingFreeDeliveryFilterFunctionality] Within deliveryElements loop iterating over the products  Within validateDeliveryFilterOptions method
2026-03-12 07:31:09.844 PM [TestNG-test-Test-3] INFO  [verifyingFreeDeliveryFilterFunctionality] [verifyingFreeDeliveryFilterFunctionality] Checking if the allowedDateParts have the assert text   Within validateDeliveryFilterOptions method
2026-03-12 07:31:09.844 PM [TestNG-test-Test-3] INFO  [verifyingFreeDeliveryFilterFunctionality] [verifyingFreeDeliveryFilterFunctionality] Returning the list with boolean values   Within validateDeliveryFilterOptions method
2026-03-12 07:31:09.844 PM [TestNG-test-Test-3] INFO  [verifyingFreeDeliveryFilterFunctionality] [verifyingFreeDeliveryFilterFunctionality] Asserting delivery filter: isValid=true, index=-1, text=All the things are valid no errors
2026-03-12 07:31:09.847 PM [TestNG-test-Test-3] INFO  [verifyingFreeDeliveryFilterFunctionality] ✅ Finished test method: verifyingFreeDeliveryFilterFunctionality
