20:30:43 [TestNG-test-Test-3] INFO  verifyingFreeDeliveryFilterFunctionality_Laptop_20-30-43 - No existing WebDriver found for current thread. Initializing a new ChromeDriver...
20:30:43 [TestNG-test-Test-3] INFO  verifyingFreeDeliveryFilterFunctionality_Laptop_20-30-43 - WebDriverManager: chromedriver setup OK
20:30:44 [TestNG-test-Test-3] INFO  verifyingFreeDeliveryFilterFunctionality_Laptop_20-30-43 - ChromeDriver initialized successfully for thread: 36
20:30:45 [TestNG-test-Test-3] INFO  verifyingFreeDeliveryFilterFunctionality_Laptop_20-30-43 - [verifyingFreeDeliveryFilterFunctionality_Laptop_20-30-43] Opening amazon Landing page
20:30:45 [TestNG-test-Test-3] INFO  verifyingFreeDeliveryFilterFunctionality_Laptop_20-30-43 - [verifyingFreeDeliveryFilterFunctionality_Laptop_20-30-43] Within safeFindElement method
20:30:51 [TestNG-test-Test-3] INFO  verifyingFreeDeliveryFilterFunctionality_Laptop_20-30-43 - [verifyingFreeDeliveryFilterFunctionality_Laptop_20-30-43]Retrying findElement for: ->By.xpath: //a[@id='nav-logo-sprites']
20:30:51 [TestNG-test-Test-3] INFO  verifyingFreeDeliveryFilterFunctionality_Laptop_20-30-43 - [verifyingFreeDeliveryFilterFunctionality_Laptop_20-30-43]Refrehsing the page , while trying to safely find : ->By.xpath: //a[@id='nav-logo-sprites']
20:30:56 [TestNG-test-Test-3] INFO  verifyingFreeDeliveryFilterFunctionality_Laptop_20-30-43 - [verifyingFreeDeliveryFilterFunctionality_Laptop_20-30-43]Retrying findElement for: ->By.xpath: //a[@id='nav-logo-sprites']
20:30:57 [TestNG-test-Test-3] INFO  verifyingFreeDeliveryFilterFunctionality_Laptop_20-30-43 - [verifyingFreeDeliveryFilterFunctionality_Laptop_20-30-43]Refrehsing the page , while trying to safely find : ->By.xpath: //a[@id='nav-logo-sprites']
20:30:57 [TestNG-test-Test-3] INFO  verifyingFreeDeliveryFilterFunctionality_Laptop_20-30-43 - [verifyingFreeDeliveryFilterFunctionality_Laptop_20-30-43] Skipping action: Element not found after 2   attemps
20:31:01 [TestNG-test-Test-3] INFO  verifyingFreeDeliveryFilterFunctionality_Laptop_20-30-43 - [verifyingFreeDeliveryFilterFunctionality_Laptop_20-30-43] Giving input within the search bar
20:31:01 [TestNG-test-Test-3] INFO  verifyingFreeDeliveryFilterFunctionality_Laptop_20-30-43 - [verifyingFreeDeliveryFilterFunctionality_Laptop_20-30-43] Within safeClick method
20:31:03 [TestNG-test-Test-3] INFO  verifyingFreeDeliveryFilterFunctionality_Laptop_20-30-43 - [verifyingFreeDeliveryFilterFunctionality_Laptop_20-30-43] Clicked the  [[ChromeDriver: chrome on windows (511d15899dd972e4b1698fb3a57ed89e)] -> xpath: //input[@id='nav-search-submit-button']]   using safeClick
20:31:03 [TestNG-test-Test-3] INFO  verifyingFreeDeliveryFilterFunctionality_Laptop_20-30-43 - [verifyingFreeDeliveryFilterFunctionality_Laptop_20-30-43] Clicking on the submit in the search bar
20:31:04 [TestNG-test-Test-3] INFO  verifyingFreeDeliveryFilterFunctionality_Laptop_20-30-43 - [verifyingFreeDeliveryFilterFunctionality_Laptop_20-30-43] Waiting until element is visible in viewport
20:31:04 [TestNG-test-Test-3] INFO  verifyingFreeDeliveryFilterFunctionality_Laptop_20-30-43 - [verifyingFreeDeliveryFilterFunctionality_Laptop_20-30-43] Within validateDeliveryFilterOptionsWithResult method
20:31:04 [TestNG-test-Test-3] INFO  verifyingFreeDeliveryFilterFunctionality_Laptop_20-30-43 - [verifyingFreeDeliveryFilterFunctionality_Laptop_20-30-43] Within safeClick method
20:31:04 [TestNG-test-Test-3] INFO  verifyingFreeDeliveryFilterFunctionality_Laptop_20-30-43 - [verifyingFreeDeliveryFilterFunctionality_Laptop_20-30-43] Clicked the  [[ChromeDriver: chrome on windows (511d15899dd972e4b1698fb3a57ed89e)] -> xpath: //span[@class='a-size-base a-color-base puis-bold-weight-text' and text()='Eligible for Free Delivery']/parent::div/following-sibling::ul//span[@class='a-size-base a-color-base' and text()='Free Shipping']]   using safeClick
20:31:04 [TestNG-test-Test-3] INFO  verifyingFreeDeliveryFilterFunctionality_Laptop_20-30-43 - [verifyingFreeDeliveryFilterFunctionality_Laptop_20-30-43] Within getMoreButtonByFilterTypeAndName method
20:31:05 [TestNG-test-Test-3] INFO  verifyingFreeDeliveryFilterFunctionality_Laptop_20-30-43 - [verifyingFreeDeliveryFilterFunctionality_Laptop_20-30-43] Clicked on By.xpath: //span[@class='a-size-base a-color-base puis-bold-weight-text' and text()='Eligible for Free Delivery']/parent::div/following-sibling::ul//span[@class='a-size-base a-color-base' and text()='Free Shipping']
20:31:05 [TestNG-test-Test-3] INFO  verifyingFreeDeliveryFilterFunctionality_Laptop_20-30-43 - [verifyingFreeDeliveryFilterFunctionality_Laptop_20-30-43] Within safeFindElements 
20:31:05 [TestNG-test-Test-3] INFO  verifyingFreeDeliveryFilterFunctionality_Laptop_20-30-43 - [verifyingFreeDeliveryFilterFunctionality_Laptop_20-30-43] Returning the  [[[ChromeDriver: chrome on windows (511d15899dd972e4b1698fb3a57ed89e)] -> xpath: //div[@class='a-section a-spacing-small a-spacing-top-small']], [[ChromeDriver: chrome on windows (511d15899dd972e4b1698fb3a57ed89e)] -> xpath: //div[@class='a-section a-spacing-small a-spacing-top-small']], [[ChromeDriver: chrome on windows (511d15899dd972e4b1698fb3a57ed89e)] -> xpath: //div[@class='a-section a-spacing-small a-spacing-top-small']], [[ChromeDriver: chrome on windows (511d15899dd972e4b1698fb3a57ed89e)] -> xpath: //div[@class='a-section a-spacing-small a-spacing-top-small']], [[ChromeDriver: chrome on windows (511d15899dd972e4b1698fb3a57ed89e)] -> xpath: //div[@class='a-section a-spacing-small a-spacing-top-small']], [[ChromeDriver: chrome on windows (511d15899dd972e4b1698fb3a57ed89e)] -> xpath: //div[@class='a-section a-spacing-small a-spacing-top-small']], [[ChromeDriver: chrome on windows (511d15899dd972e4b1698fb3a57ed89e)] -> xpath: //div[@class='a-section a-spacing-small a-spacing-top-small']], [[ChromeDriver: chrome on windows (511d15899dd972e4b1698fb3a57ed89e)] -> xpath: //div[@class='a-section a-spacing-small a-spacing-top-small']], [[ChromeDriver: chrome on windows (511d15899dd972e4b1698fb3a57ed89e)] -> xpath: //div[@class='a-section a-spacing-small a-spacing-top-small']], [[ChromeDriver: chrome on windows (511d15899dd972e4b1698fb3a57ed89e)] -> xpath: //div[@class='a-section a-spacing-small a-spacing-top-small']], [[ChromeDriver: chrome on windows (511d15899dd972e4b1698fb3a57ed89e)] -> xpath: //div[@class='a-section a-spacing-small a-spacing-top-small']], [[ChromeDriver: chrome on windows (511d15899dd972e4b1698fb3a57ed89e)] -> xpath: //div[@class='a-section a-spacing-small a-spacing-top-small']], [[ChromeDriver: chrome on windows (511d15899dd972e4b1698fb3a57ed89e)] -> xpath: //div[@class='a-section a-spacing-small a-spacing-top-small']], [[ChromeDriver: chrome on windows (511d15899dd972e4b1698fb3a57ed89e)] -> xpath: //div[@class='a-section a-spacing-small a-spacing-top-small']], [[ChromeDriver: chrome on windows (511d15899dd972e4b1698fb3a57ed89e)] -> xpath: //div[@class='a-section a-spacing-small a-spacing-top-small']], [[ChromeDriver: chrome on windows (511d15899dd972e4b1698fb3a57ed89e)] -> xpath: //div[@class='a-section a-spacing-small a-spacing-top-small']]] from the safeFindElements method
20:31:05 [TestNG-test-Test-3] INFO  verifyingFreeDeliveryFilterFunctionality_Laptop_20-30-43 - [verifyingFreeDeliveryFilterFunctionality_Laptop_20-30-43] Created hashset with required data to assert with Within validateDeliveryFilterOptions method
20:31:05 [TestNG-test-Test-3] INFO  verifyingFreeDeliveryFilterFunctionality_Laptop_20-30-43 - [verifyingFreeDeliveryFilterFunctionality_Laptop_20-30-43] this is the set  [12, Jun, 13, Today, FREE delivery, Sat, Fri, Tomorrow]
20:31:05 [TestNG-test-Test-3] INFO  verifyingFreeDeliveryFilterFunctionality_Laptop_20-30-43 - [verifyingFreeDeliveryFilterFunctionality_Laptop_20-30-43] Within deliveryElements loop iterating over the products  Within validateDeliveryFilterOptions method
20:31:06 [TestNG-test-Test-3] INFO  verifyingFreeDeliveryFilterFunctionality_Laptop_20-30-43 - [verifyingFreeDeliveryFilterFunctionality_Laptop_20-30-43] Checking if the allowedDateParts have the assert text   Within validateDeliveryFilterOptions method
20:31:06 [TestNG-test-Test-3] INFO  verifyingFreeDeliveryFilterFunctionality_Laptop_20-30-43 - [verifyingFreeDeliveryFilterFunctionality_Laptop_20-30-43] Within deliveryElements loop iterating over the products  Within validateDeliveryFilterOptions method
20:31:06 [TestNG-test-Test-3] INFO  verifyingFreeDeliveryFilterFunctionality_Laptop_20-30-43 - [verifyingFreeDeliveryFilterFunctionality_Laptop_20-30-43] Checking if the allowedDateParts have the assert text   Within validateDeliveryFilterOptions method
20:31:06 [TestNG-test-Test-3] INFO  verifyingFreeDeliveryFilterFunctionality_Laptop_20-30-43 - [verifyingFreeDeliveryFilterFunctionality_Laptop_20-30-43] Within deliveryElements loop iterating over the products  Within validateDeliveryFilterOptions method
20:31:06 [TestNG-test-Test-3] INFO  verifyingFreeDeliveryFilterFunctionality_Laptop_20-30-43 - [verifyingFreeDeliveryFilterFunctionality_Laptop_20-30-43] Checking if the allowedDateParts have the assert text   Within validateDeliveryFilterOptions method
20:31:06 [TestNG-test-Test-3] INFO  verifyingFreeDeliveryFilterFunctionality_Laptop_20-30-43 - [verifyingFreeDeliveryFilterFunctionality_Laptop_20-30-43] Within deliveryElements loop iterating over the products  Within validateDeliveryFilterOptions method
20:31:06 [TestNG-test-Test-3] INFO  verifyingFreeDeliveryFilterFunctionality_Laptop_20-30-43 - [verifyingFreeDeliveryFilterFunctionality_Laptop_20-30-43] Checking if the allowedDateParts have the assert text   Within validateDeliveryFilterOptions method
20:31:06 [TestNG-test-Test-3] INFO  verifyingFreeDeliveryFilterFunctionality_Laptop_20-30-43 - [verifyingFreeDeliveryFilterFunctionality_Laptop_20-30-43] Within deliveryElements loop iterating over the products  Within validateDeliveryFilterOptions method
20:31:06 [TestNG-test-Test-3] INFO  verifyingFreeDeliveryFilterFunctionality_Laptop_20-30-43 - [verifyingFreeDeliveryFilterFunctionality_Laptop_20-30-43] Checking if the allowedDateParts have the assert text   Within validateDeliveryFilterOptions method
20:31:06 [TestNG-test-Test-3] INFO  verifyingFreeDeliveryFilterFunctionality_Laptop_20-30-43 - [verifyingFreeDeliveryFilterFunctionality_Laptop_20-30-43] Within deliveryElements loop iterating over the products  Within validateDeliveryFilterOptions method
20:31:06 [TestNG-test-Test-3] INFO  verifyingFreeDeliveryFilterFunctionality_Laptop_20-30-43 - [verifyingFreeDeliveryFilterFunctionality_Laptop_20-30-43] Checking if the allowedDateParts have the assert text   Within validateDeliveryFilterOptions method
20:31:06 [TestNG-test-Test-3] INFO  verifyingFreeDeliveryFilterFunctionality_Laptop_20-30-43 - [verifyingFreeDeliveryFilterFunctionality_Laptop_20-30-43] Within deliveryElements loop iterating over the products  Within validateDeliveryFilterOptions method
20:31:06 [TestNG-test-Test-3] INFO  verifyingFreeDeliveryFilterFunctionality_Laptop_20-30-43 - [verifyingFreeDeliveryFilterFunctionality_Laptop_20-30-43] Checking if the allowedDateParts have the assert text   Within validateDeliveryFilterOptions method
20:31:06 [TestNG-test-Test-3] INFO  verifyingFreeDeliveryFilterFunctionality_Laptop_20-30-43 - [verifyingFreeDeliveryFilterFunctionality_Laptop_20-30-43] Within deliveryElements loop iterating over the products  Within validateDeliveryFilterOptions method
20:31:06 [TestNG-test-Test-3] INFO  verifyingFreeDeliveryFilterFunctionality_Laptop_20-30-43 - [verifyingFreeDeliveryFilterFunctionality_Laptop_20-30-43] Checking if the allowedDateParts have the assert text   Within validateDeliveryFilterOptions method
20:31:06 [TestNG-test-Test-3] INFO  verifyingFreeDeliveryFilterFunctionality_Laptop_20-30-43 - [verifyingFreeDeliveryFilterFunctionality_Laptop_20-30-43] Within deliveryElements loop iterating over the products  Within validateDeliveryFilterOptions method
20:31:06 [TestNG-test-Test-3] INFO  verifyingFreeDeliveryFilterFunctionality_Laptop_20-30-43 - [verifyingFreeDeliveryFilterFunctionality_Laptop_20-30-43] Checking if the allowedDateParts have the assert text   Within validateDeliveryFilterOptions method
20:31:06 [TestNG-test-Test-3] INFO  verifyingFreeDeliveryFilterFunctionality_Laptop_20-30-43 - [verifyingFreeDeliveryFilterFunctionality_Laptop_20-30-43] Within deliveryElements loop iterating over the products  Within validateDeliveryFilterOptions method
20:31:06 [TestNG-test-Test-3] INFO  verifyingFreeDeliveryFilterFunctionality_Laptop_20-30-43 - [verifyingFreeDeliveryFilterFunctionality_Laptop_20-30-43] Checking if the allowedDateParts have the assert text   Within validateDeliveryFilterOptions method
20:31:06 [TestNG-test-Test-3] INFO  verifyingFreeDeliveryFilterFunctionality_Laptop_20-30-43 - [verifyingFreeDeliveryFilterFunctionality_Laptop_20-30-43] Within deliveryElements loop iterating over the products  Within validateDeliveryFilterOptions method
20:31:06 [TestNG-test-Test-3] INFO  verifyingFreeDeliveryFilterFunctionality_Laptop_20-30-43 - [verifyingFreeDeliveryFilterFunctionality_Laptop_20-30-43] Checking if the allowedDateParts have the assert text   Within validateDeliveryFilterOptions method
20:31:06 [TestNG-test-Test-3] INFO  verifyingFreeDeliveryFilterFunctionality_Laptop_20-30-43 - [verifyingFreeDeliveryFilterFunctionality_Laptop_20-30-43] Within deliveryElements loop iterating over the products  Within validateDeliveryFilterOptions method
20:31:06 [TestNG-test-Test-3] INFO  verifyingFreeDeliveryFilterFunctionality_Laptop_20-30-43 - [verifyingFreeDeliveryFilterFunctionality_Laptop_20-30-43] Checking if the allowedDateParts have the assert text   Within validateDeliveryFilterOptions method
20:31:06 [TestNG-test-Test-3] INFO  verifyingFreeDeliveryFilterFunctionality_Laptop_20-30-43 - [verifyingFreeDeliveryFilterFunctionality_Laptop_20-30-43] Within deliveryElements loop iterating over the products  Within validateDeliveryFilterOptions method
20:31:06 [TestNG-test-Test-3] INFO  verifyingFreeDeliveryFilterFunctionality_Laptop_20-30-43 - [verifyingFreeDeliveryFilterFunctionality_Laptop_20-30-43] Checking if the allowedDateParts have the assert text   Within validateDeliveryFilterOptions method
20:31:06 [TestNG-test-Test-3] INFO  verifyingFreeDeliveryFilterFunctionality_Laptop_20-30-43 - [verifyingFreeDeliveryFilterFunctionality_Laptop_20-30-43] Within deliveryElements loop iterating over the products  Within validateDeliveryFilterOptions method
20:31:06 [TestNG-test-Test-3] INFO  verifyingFreeDeliveryFilterFunctionality_Laptop_20-30-43 - [verifyingFreeDeliveryFilterFunctionality_Laptop_20-30-43] Checking if the allowedDateParts have the assert text   Within validateDeliveryFilterOptions method
20:31:06 [TestNG-test-Test-3] INFO  verifyingFreeDeliveryFilterFunctionality_Laptop_20-30-43 - [verifyingFreeDeliveryFilterFunctionality_Laptop_20-30-43] Within deliveryElements loop iterating over the products  Within validateDeliveryFilterOptions method
20:31:06 [TestNG-test-Test-3] INFO  verifyingFreeDeliveryFilterFunctionality_Laptop_20-30-43 - [verifyingFreeDeliveryFilterFunctionality_Laptop_20-30-43] Checking if the allowedDateParts have the assert text   Within validateDeliveryFilterOptions method
20:31:06 [TestNG-test-Test-3] INFO  verifyingFreeDeliveryFilterFunctionality_Laptop_20-30-43 - [verifyingFreeDeliveryFilterFunctionality_Laptop_20-30-43] Within deliveryElements loop iterating over the products  Within validateDeliveryFilterOptions method
20:31:06 [TestNG-test-Test-3] INFO  verifyingFreeDeliveryFilterFunctionality_Laptop_20-30-43 - [verifyingFreeDeliveryFilterFunctionality_Laptop_20-30-43] Checking if the allowedDateParts have the assert text   Within validateDeliveryFilterOptions method
20:31:06 [TestNG-test-Test-3] INFO  verifyingFreeDeliveryFilterFunctionality_Laptop_20-30-43 - [verifyingFreeDeliveryFilterFunctionality_Laptop_20-30-43] Returning the list with boolean values   Within validateDeliveryFilterOptions method
20:31:06 [TestNG-test-Test-3] INFO  verifyingFreeDeliveryFilterFunctionality_Laptop_20-30-43 - [verifyingFreeDeliveryFilterFunctionality_Laptop_20-30-43] Asserting delivery filter: isValid=true, index=-1, text=All the things are valid no errors
