2026-01-27 02:02:41.408 PM [TestNG-test-Test-1] INFO  [verifyingGetItIn2DaysFilterFunctionality] 🔹 Starting test method: verifyingGetItIn2DaysFilterFunctionality
2026-01-27 02:02:41.410 PM [TestNG-test-Test-1] INFO  [verifyingGetItIn2DaysFilterFunctionality] No existing WebDriver found for current thread. Initializing a new ChromeDriver...
2026-01-27 02:02:41.418 PM [TestNG-test-Test-1] INFO  [verifyingGetItIn2DaysFilterFunctionality] WebDriverManager: chromedriver setup OK
2026-01-27 02:02:43.012 PM [TestNG-test-Test-1] INFO  [verifyingGetItIn2DaysFilterFunctionality] ChromeDriver initialized successfully for thread: 34
2026-01-27 02:02:43.589 PM [TestNG-test-Test-1] INFO  [verifyingGetItIn2DaysFilterFunctionality] [verifyingGetItIn2DaysFilterFunctionality] Opening amazon Landing page
2026-01-27 02:02:43.590 PM [TestNG-test-Test-1] INFO  [verifyingGetItIn2DaysFilterFunctionality] [verifyingGetItIn2DaysFilterFunctionality] Within safeFindElement method
2026-01-27 02:02:53.827 PM [TestNG-test-Test-1] INFO  [verifyingGetItIn2DaysFilterFunctionality] [verifyingGetItIn2DaysFilterFunctionality]Retrying findElement for: ->By.xpath: //a[@id='nav-logo-sprites']
2026-01-27 02:02:54.043 PM [TestNG-test-Test-1] INFO  [verifyingGetItIn2DaysFilterFunctionality] [verifyingGetItIn2DaysFilterFunctionality]Refrehsing the page , while trying to safely find : ->By.xpath: //a[@id='nav-logo-sprites']
2026-01-27 02:03:05.224 PM [TestNG-test-Test-1] INFO  [verifyingGetItIn2DaysFilterFunctionality] [verifyingGetItIn2DaysFilterFunctionality]Retrying findElement for: ->By.xpath: //a[@id='nav-logo-sprites']
2026-01-27 02:03:05.350 PM [TestNG-test-Test-1] INFO  [verifyingGetItIn2DaysFilterFunctionality] [verifyingGetItIn2DaysFilterFunctionality]Refrehsing the page , while trying to safely find : ->By.xpath: //a[@id='nav-logo-sprites']
2026-01-27 02:03:06.351 PM [TestNG-test-Test-1] INFO  [verifyingGetItIn2DaysFilterFunctionality] [verifyingGetItIn2DaysFilterFunctionality] Skipping action: Element not found after 2   attemps
2026-01-27 02:03:32.650 PM [TestNG-test-Test-1] INFO  [verifyingGetItIn2DaysFilterFunctionality] [verifyingGetItIn2DaysFilterFunctionality] Giving input within the search bar
2026-01-27 02:03:32.650 PM [TestNG-test-Test-1] INFO  [verifyingGetItIn2DaysFilterFunctionality] [verifyingGetItIn2DaysFilterFunctionality] Within safeClick method
2026-01-27 02:03:39.740 PM [TestNG-test-Test-1] INFO  [verifyingGetItIn2DaysFilterFunctionality] [verifyingGetItIn2DaysFilterFunctionality] Clicked the  [[ChromeDriver: chrome on windows (e946e78b0e96877c25b22e8339f60817)] -> xpath: //input[@id='nav-search-submit-button']]   using safeClick
2026-01-27 02:03:39.741 PM [TestNG-test-Test-1] INFO  [verifyingGetItIn2DaysFilterFunctionality] [verifyingGetItIn2DaysFilterFunctionality] Clicking on the submit in the search bar
2026-01-27 02:03:39.904 PM [TestNG-test-Test-1] INFO  [verifyingGetItIn2DaysFilterFunctionality] [verifyingGetItIn2DaysFilterFunctionality] Waiting until element is visible in viewport
2026-01-27 02:03:39.939 PM [TestNG-test-Test-1] INFO  [verifyingGetItIn2DaysFilterFunctionality] [verifyingGetItIn2DaysFilterFunctionality] Within validateDeliveryFilterOptionsWithResult method
2026-01-27 02:03:39.939 PM [TestNG-test-Test-1] INFO  [verifyingGetItIn2DaysFilterFunctionality] [verifyingGetItIn2DaysFilterFunctionality] Within safeClick method
2026-01-27 02:03:40.175 PM [TestNG-test-Test-1] INFO  [verifyingGetItIn2DaysFilterFunctionality] [verifyingGetItIn2DaysFilterFunctionality] Clicked the  [[ChromeDriver: chrome on windows (e946e78b0e96877c25b22e8339f60817)] -> xpath: //span[@class='a-size-base a-color-base puis-bold-weight-text' and text()='Delivery Day']/parent::div/following-sibling::ul//span[@class='a-size-base a-color-base' and text()='Get It in 2 Days']]   using safeClick
2026-01-27 02:03:42.185 PM [TestNG-test-Test-1] INFO  [verifyingGetItIn2DaysFilterFunctionality] [verifyingGetItIn2DaysFilterFunctionality] Within getMoreButtonByFilterTypeAndName method
2026-01-27 02:03:42.185 PM [TestNG-test-Test-1] INFO  [verifyingGetItIn2DaysFilterFunctionality] [verifyingGetItIn2DaysFilterFunctionality] Capturing screenshot: Filter_Applied_is_Get_It_in_2_Days__2026-01-27_140342.png
2026-01-27 02:03:42.275 PM [TestNG-test-Test-1] INFO  [verifyingGetItIn2DaysFilterFunctionality] [verifyingGetItIn2DaysFilterFunctionality] Screenshot saved at: test-output/screenshots/Run_2026-01-27_13-48-56/verifyingGetItIn2DaysFilterFunctionality/Filter_Applied_is_Get_It_in_2_Days__2026-01-27_140342.png
2026-01-27 02:03:42.276 PM [TestNG-test-Test-1] INFO  [verifyingGetItIn2DaysFilterFunctionality] [verifyingGetItIn2DaysFilterFunctionality] Clicked on By.xpath: //span[@class='a-size-base a-color-base puis-bold-weight-text' and text()='Delivery Day']/parent::div/following-sibling::ul//span[@class='a-size-base a-color-base' and text()='Get It in 2 Days']
2026-01-27 02:03:44.276 PM [TestNG-test-Test-1] INFO  [verifyingGetItIn2DaysFilterFunctionality] [verifyingGetItIn2DaysFilterFunctionality] Within safeFindElements 
2026-01-27 02:03:44.292 PM [TestNG-test-Test-1] INFO  [verifyingGetItIn2DaysFilterFunctionality] [verifyingGetItIn2DaysFilterFunctionality] Returning the  [[[ChromeDriver: chrome on windows (e946e78b0e96877c25b22e8339f60817)] -> xpath: //div[@class='a-section a-spacing-small a-spacing-top-small']], [[ChromeDriver: chrome on windows (e946e78b0e96877c25b22e8339f60817)] -> xpath: //div[@class='a-section a-spacing-small a-spacing-top-small']], [[ChromeDriver: chrome on windows (e946e78b0e96877c25b22e8339f60817)] -> xpath: //div[@class='a-section a-spacing-small a-spacing-top-small']], [[ChromeDriver: chrome on windows (e946e78b0e96877c25b22e8339f60817)] -> xpath: //div[@class='a-section a-spacing-small a-spacing-top-small']], [[ChromeDriver: chrome on windows (e946e78b0e96877c25b22e8339f60817)] -> xpath: //div[@class='a-section a-spacing-small a-spacing-top-small']], [[ChromeDriver: chrome on windows (e946e78b0e96877c25b22e8339f60817)] -> xpath: //div[@class='a-section a-spacing-small a-spacing-top-small']], [[ChromeDriver: chrome on windows (e946e78b0e96877c25b22e8339f60817)] -> xpath: //div[@class='a-section a-spacing-small a-spacing-top-small']], [[ChromeDriver: chrome on windows (e946e78b0e96877c25b22e8339f60817)] -> xpath: //div[@class='a-section a-spacing-small a-spacing-top-small']], [[ChromeDriver: chrome on windows (e946e78b0e96877c25b22e8339f60817)] -> xpath: //div[@class='a-section a-spacing-small a-spacing-top-small']], [[ChromeDriver: chrome on windows (e946e78b0e96877c25b22e8339f60817)] -> xpath: //div[@class='a-section a-spacing-small a-spacing-top-small']], [[ChromeDriver: chrome on windows (e946e78b0e96877c25b22e8339f60817)] -> xpath: //div[@class='a-section a-spacing-small a-spacing-top-small']], [[ChromeDriver: chrome on windows (e946e78b0e96877c25b22e8339f60817)] -> xpath: //div[@class='a-section a-spacing-small a-spacing-top-small']], [[ChromeDriver: chrome on windows (e946e78b0e96877c25b22e8339f60817)] -> xpath: //div[@class='a-section a-spacing-small a-spacing-top-small']], [[ChromeDriver: chrome on windows (e946e78b0e96877c25b22e8339f60817)] -> xpath: //div[@class='a-section a-spacing-small a-spacing-top-small']], [[ChromeDriver: chrome on windows (e946e78b0e96877c25b22e8339f60817)] -> xpath: //div[@class='a-section a-spacing-small a-spacing-top-small']], [[ChromeDriver: chrome on windows (e946e78b0e96877c25b22e8339f60817)] -> xpath: //div[@class='a-section a-spacing-small a-spacing-top-small']]] from the safeFindElements method
2026-01-27 02:03:44.293 PM [TestNG-test-Test-1] INFO  [verifyingGetItIn2DaysFilterFunctionality] [verifyingGetItIn2DaysFilterFunctionality] Created hashset with required data to assert with Within validateDeliveryFilterOptions method
2026-01-27 02:03:44.293 PM [TestNG-test-Test-1] INFO  [verifyingGetItIn2DaysFilterFunctionality] [verifyingGetItIn2DaysFilterFunctionality] this is the set  [Today, Tue, 27, Jan, 28, Wed, Tomorrow]
2026-01-27 02:03:44.293 PM [TestNG-test-Test-1] INFO  [verifyingGetItIn2DaysFilterFunctionality] [verifyingGetItIn2DaysFilterFunctionality] Within deliveryElements loop iterating over the products  Within validateDeliveryFilterOptions method
2026-01-27 02:03:44.322 PM [TestNG-test-Test-1] INFO  [verifyingGetItIn2DaysFilterFunctionality] [verifyingGetItIn2DaysFilterFunctionality] Checking if the allowedDateParts have the assert text   Within validateDeliveryFilterOptions method
2026-01-27 02:03:44.322 PM [TestNG-test-Test-1] INFO  [verifyingGetItIn2DaysFilterFunctionality] [verifyingGetItIn2DaysFilterFunctionality] Within deliveryElements loop iterating over the products  Within validateDeliveryFilterOptions method
2026-01-27 02:03:44.346 PM [TestNG-test-Test-1] INFO  [verifyingGetItIn2DaysFilterFunctionality] [verifyingGetItIn2DaysFilterFunctionality] Checking if the allowedDateParts have the assert text   Within validateDeliveryFilterOptions method
2026-01-27 02:03:44.347 PM [TestNG-test-Test-1] INFO  [verifyingGetItIn2DaysFilterFunctionality] [verifyingGetItIn2DaysFilterFunctionality] Within deliveryElements loop iterating over the products  Within validateDeliveryFilterOptions method
2026-01-27 02:03:44.391 PM [TestNG-test-Test-1] INFO  [verifyingGetItIn2DaysFilterFunctionality] [verifyingGetItIn2DaysFilterFunctionality] Checking if the allowedDateParts have the assert text   Within validateDeliveryFilterOptions method
2026-01-27 02:03:44.391 PM [TestNG-test-Test-1] INFO  [verifyingGetItIn2DaysFilterFunctionality] [verifyingGetItIn2DaysFilterFunctionality] Within deliveryElements loop iterating over the products  Within validateDeliveryFilterOptions method
2026-01-27 02:03:44.423 PM [TestNG-test-Test-1] INFO  [verifyingGetItIn2DaysFilterFunctionality] [verifyingGetItIn2DaysFilterFunctionality] Checking if the allowedDateParts have the assert text   Within validateDeliveryFilterOptions method
2026-01-27 02:03:44.423 PM [TestNG-test-Test-1] INFO  [verifyingGetItIn2DaysFilterFunctionality] [verifyingGetItIn2DaysFilterFunctionality] Within deliveryElements loop iterating over the products  Within validateDeliveryFilterOptions method
2026-01-27 02:03:44.452 PM [TestNG-test-Test-1] INFO  [verifyingGetItIn2DaysFilterFunctionality] [verifyingGetItIn2DaysFilterFunctionality] Checking if the allowedDateParts have the assert text   Within validateDeliveryFilterOptions method
2026-01-27 02:03:44.452 PM [TestNG-test-Test-1] INFO  [verifyingGetItIn2DaysFilterFunctionality] [verifyingGetItIn2DaysFilterFunctionality] Within deliveryElements loop iterating over the products  Within validateDeliveryFilterOptions method
2026-01-27 02:03:44.472 PM [TestNG-test-Test-1] INFO  [verifyingGetItIn2DaysFilterFunctionality] [verifyingGetItIn2DaysFilterFunctionality] Checking if the allowedDateParts have the assert text   Within validateDeliveryFilterOptions method
2026-01-27 02:03:44.472 PM [TestNG-test-Test-1] INFO  [verifyingGetItIn2DaysFilterFunctionality] [verifyingGetItIn2DaysFilterFunctionality] Within deliveryElements loop iterating over the products  Within validateDeliveryFilterOptions method
2026-01-27 02:03:44.496 PM [TestNG-test-Test-1] INFO  [verifyingGetItIn2DaysFilterFunctionality] [verifyingGetItIn2DaysFilterFunctionality] Checking if the allowedDateParts have the assert text   Within validateDeliveryFilterOptions method
2026-01-27 02:03:44.496 PM [TestNG-test-Test-1] INFO  [verifyingGetItIn2DaysFilterFunctionality] [verifyingGetItIn2DaysFilterFunctionality] Within deliveryElements loop iterating over the products  Within validateDeliveryFilterOptions method
2026-01-27 02:03:44.520 PM [TestNG-test-Test-1] INFO  [verifyingGetItIn2DaysFilterFunctionality] [verifyingGetItIn2DaysFilterFunctionality] Checking if the allowedDateParts have the assert text   Within validateDeliveryFilterOptions method
2026-01-27 02:03:44.520 PM [TestNG-test-Test-1] INFO  [verifyingGetItIn2DaysFilterFunctionality] [verifyingGetItIn2DaysFilterFunctionality] Within deliveryElements loop iterating over the products  Within validateDeliveryFilterOptions method
2026-01-27 02:03:44.546 PM [TestNG-test-Test-1] INFO  [verifyingGetItIn2DaysFilterFunctionality] [verifyingGetItIn2DaysFilterFunctionality] Checking if the allowedDateParts have the assert text   Within validateDeliveryFilterOptions method
2026-01-27 02:03:44.546 PM [TestNG-test-Test-1] INFO  [verifyingGetItIn2DaysFilterFunctionality] [verifyingGetItIn2DaysFilterFunctionality] Within deliveryElements loop iterating over the products  Within validateDeliveryFilterOptions method
2026-01-27 02:03:44.568 PM [TestNG-test-Test-1] INFO  [verifyingGetItIn2DaysFilterFunctionality] [verifyingGetItIn2DaysFilterFunctionality] Checking if the allowedDateParts have the assert text   Within validateDeliveryFilterOptions method
2026-01-27 02:03:44.568 PM [TestNG-test-Test-1] INFO  [verifyingGetItIn2DaysFilterFunctionality] [verifyingGetItIn2DaysFilterFunctionality] Within deliveryElements loop iterating over the products  Within validateDeliveryFilterOptions method
2026-01-27 02:03:44.592 PM [TestNG-test-Test-1] INFO  [verifyingGetItIn2DaysFilterFunctionality] [verifyingGetItIn2DaysFilterFunctionality] Checking if the allowedDateParts have the assert text   Within validateDeliveryFilterOptions method
2026-01-27 02:03:44.592 PM [TestNG-test-Test-1] INFO  [verifyingGetItIn2DaysFilterFunctionality] [verifyingGetItIn2DaysFilterFunctionality] Within deliveryElements loop iterating over the products  Within validateDeliveryFilterOptions method
2026-01-27 02:03:44.617 PM [TestNG-test-Test-1] INFO  [verifyingGetItIn2DaysFilterFunctionality] [verifyingGetItIn2DaysFilterFunctionality] Checking if the allowedDateParts have the assert text   Within validateDeliveryFilterOptions method
2026-01-27 02:03:44.617 PM [TestNG-test-Test-1] INFO  [verifyingGetItIn2DaysFilterFunctionality] [verifyingGetItIn2DaysFilterFunctionality] Within deliveryElements loop iterating over the products  Within validateDeliveryFilterOptions method
2026-01-27 02:03:44.642 PM [TestNG-test-Test-1] INFO  [verifyingGetItIn2DaysFilterFunctionality] [verifyingGetItIn2DaysFilterFunctionality] Checking if the allowedDateParts have the assert text   Within validateDeliveryFilterOptions method
2026-01-27 02:03:44.642 PM [TestNG-test-Test-1] INFO  [verifyingGetItIn2DaysFilterFunctionality] [verifyingGetItIn2DaysFilterFunctionality] Within deliveryElements loop iterating over the products  Within validateDeliveryFilterOptions method
2026-01-27 02:03:44.666 PM [TestNG-test-Test-1] INFO  [verifyingGetItIn2DaysFilterFunctionality] [verifyingGetItIn2DaysFilterFunctionality] Checking if the allowedDateParts have the assert text   Within validateDeliveryFilterOptions method
2026-01-27 02:03:44.666 PM [TestNG-test-Test-1] INFO  [verifyingGetItIn2DaysFilterFunctionality] [verifyingGetItIn2DaysFilterFunctionality] Within deliveryElements loop iterating over the products  Within validateDeliveryFilterOptions method
2026-01-27 02:03:44.694 PM [TestNG-test-Test-1] INFO  [verifyingGetItIn2DaysFilterFunctionality] [verifyingGetItIn2DaysFilterFunctionality] Checking if the allowedDateParts have the assert text   Within validateDeliveryFilterOptions method
2026-01-27 02:03:44.694 PM [TestNG-test-Test-1] INFO  [verifyingGetItIn2DaysFilterFunctionality] [verifyingGetItIn2DaysFilterFunctionality] Within deliveryElements loop iterating over the products  Within validateDeliveryFilterOptions method
2026-01-27 02:03:44.718 PM [TestNG-test-Test-1] INFO  [verifyingGetItIn2DaysFilterFunctionality] [verifyingGetItIn2DaysFilterFunctionality] Checking if the allowedDateParts have the assert text   Within validateDeliveryFilterOptions method
2026-01-27 02:03:44.718 PM [TestNG-test-Test-1] INFO  [verifyingGetItIn2DaysFilterFunctionality] [verifyingGetItIn2DaysFilterFunctionality] Returning the list with boolean values   Within validateDeliveryFilterOptions method
2026-01-27 02:03:44.720 PM [TestNG-test-Test-1] INFO  [verifyingGetItIn2DaysFilterFunctionality] [verifyingGetItIn2DaysFilterFunctionality] Asserting delivery filter: isValid=true, index=-1, text=All the things are valid no errors
2026-01-27 02:03:44.722 PM [TestNG-test-Test-1] INFO  [verifyingGetItIn2DaysFilterFunctionality] ✅ Finished test method: verifyingGetItIn2DaysFilterFunctionality
2026-01-27 02:03:45.239 PM [TestNG-test-Test-1] INFO  [verifyingGetItIn2DaysFilterFunctionality] 🔹 Starting test method: verifyingGetItIn2DaysFilterFunctionality
2026-01-27 02:03:45.239 PM [TestNG-test-Test-1] INFO  [verifyingGetItIn2DaysFilterFunctionality] No existing WebDriver found for current thread. Initializing a new ChromeDriver...
2026-01-27 02:03:45.247 PM [TestNG-test-Test-1] INFO  [verifyingGetItIn2DaysFilterFunctionality] WebDriverManager: chromedriver setup OK
2026-01-27 02:03:46.865 PM [TestNG-test-Test-1] INFO  [verifyingGetItIn2DaysFilterFunctionality] ChromeDriver initialized successfully for thread: 34
2026-01-27 02:03:47.720 PM [TestNG-test-Test-1] INFO  [verifyingGetItIn2DaysFilterFunctionality] [verifyingGetItIn2DaysFilterFunctionality] Opening amazon Landing page
2026-01-27 02:03:47.720 PM [TestNG-test-Test-1] INFO  [verifyingGetItIn2DaysFilterFunctionality] [verifyingGetItIn2DaysFilterFunctionality] Within safeFindElement method
2026-01-27 02:03:57.969 PM [TestNG-test-Test-1] INFO  [verifyingGetItIn2DaysFilterFunctionality] [verifyingGetItIn2DaysFilterFunctionality]Retrying findElement for: ->By.xpath: //a[@id='nav-logo-sprites']
2026-01-27 02:03:58.113 PM [TestNG-test-Test-1] INFO  [verifyingGetItIn2DaysFilterFunctionality] [verifyingGetItIn2DaysFilterFunctionality]Refrehsing the page , while trying to safely find : ->By.xpath: //a[@id='nav-logo-sprites']
2026-01-27 02:04:09.299 PM [TestNG-test-Test-1] INFO  [verifyingGetItIn2DaysFilterFunctionality] [verifyingGetItIn2DaysFilterFunctionality]Retrying findElement for: ->By.xpath: //a[@id='nav-logo-sprites']
2026-01-27 02:04:09.424 PM [TestNG-test-Test-1] INFO  [verifyingGetItIn2DaysFilterFunctionality] [verifyingGetItIn2DaysFilterFunctionality]Refrehsing the page , while trying to safely find : ->By.xpath: //a[@id='nav-logo-sprites']
2026-01-27 02:04:10.425 PM [TestNG-test-Test-1] INFO  [verifyingGetItIn2DaysFilterFunctionality] [verifyingGetItIn2DaysFilterFunctionality] Skipping action: Element not found after 2   attemps
2026-01-27 02:04:39.416 PM [TestNG-test-Test-1] INFO  [verifyingGetItIn2DaysFilterFunctionality] [verifyingGetItIn2DaysFilterFunctionality] Giving input within the search bar
2026-01-27 02:04:39.417 PM [TestNG-test-Test-1] INFO  [verifyingGetItIn2DaysFilterFunctionality] [verifyingGetItIn2DaysFilterFunctionality] Within safeClick method
2026-01-27 02:04:47.200 PM [TestNG-test-Test-1] INFO  [verifyingGetItIn2DaysFilterFunctionality] [verifyingGetItIn2DaysFilterFunctionality] Clicked the  [[ChromeDriver: chrome on windows (b6f0ae870da95a224f557186df7013da)] -> xpath: //input[@id='nav-search-submit-button']]   using safeClick
2026-01-27 02:04:47.200 PM [TestNG-test-Test-1] INFO  [verifyingGetItIn2DaysFilterFunctionality] [verifyingGetItIn2DaysFilterFunctionality] Clicking on the submit in the search bar
2026-01-27 02:04:47.351 PM [TestNG-test-Test-1] INFO  [verifyingGetItIn2DaysFilterFunctionality] [verifyingGetItIn2DaysFilterFunctionality] Waiting until element is visible in viewport
2026-01-27 02:04:47.381 PM [TestNG-test-Test-1] INFO  [verifyingGetItIn2DaysFilterFunctionality] [verifyingGetItIn2DaysFilterFunctionality] Within validateDeliveryFilterOptionsWithResult method
2026-01-27 02:04:47.381 PM [TestNG-test-Test-1] INFO  [verifyingGetItIn2DaysFilterFunctionality] [verifyingGetItIn2DaysFilterFunctionality] Within safeClick method
2026-01-27 02:04:47.571 PM [TestNG-test-Test-1] INFO  [verifyingGetItIn2DaysFilterFunctionality] [verifyingGetItIn2DaysFilterFunctionality] Clicked the  [[ChromeDriver: chrome on windows (b6f0ae870da95a224f557186df7013da)] -> xpath: //span[@class='a-size-base a-color-base puis-bold-weight-text' and text()='Delivery Day']/parent::div/following-sibling::ul//span[@class='a-size-base a-color-base' and text()='Get It in 2 Days']]   using safeClick
2026-01-27 02:04:49.575 PM [TestNG-test-Test-1] INFO  [verifyingGetItIn2DaysFilterFunctionality] [verifyingGetItIn2DaysFilterFunctionality] Within getMoreButtonByFilterTypeAndName method
2026-01-27 02:04:49.575 PM [TestNG-test-Test-1] INFO  [verifyingGetItIn2DaysFilterFunctionality] [verifyingGetItIn2DaysFilterFunctionality] Capturing screenshot: Filter_Applied_is_Get_It_in_2_Days__2026-01-27_140449.png
2026-01-27 02:04:49.675 PM [TestNG-test-Test-1] INFO  [verifyingGetItIn2DaysFilterFunctionality] [verifyingGetItIn2DaysFilterFunctionality] Screenshot saved at: test-output/screenshots/Run_2026-01-27_13-48-56/verifyingGetItIn2DaysFilterFunctionality/Filter_Applied_is_Get_It_in_2_Days__2026-01-27_140449.png
2026-01-27 02:04:49.675 PM [TestNG-test-Test-1] INFO  [verifyingGetItIn2DaysFilterFunctionality] [verifyingGetItIn2DaysFilterFunctionality] Clicked on By.xpath: //span[@class='a-size-base a-color-base puis-bold-weight-text' and text()='Delivery Day']/parent::div/following-sibling::ul//span[@class='a-size-base a-color-base' and text()='Get It in 2 Days']
2026-01-27 02:04:51.685 PM [TestNG-test-Test-1] INFO  [verifyingGetItIn2DaysFilterFunctionality] [verifyingGetItIn2DaysFilterFunctionality] Within safeFindElements 
2026-01-27 02:04:51.697 PM [TestNG-test-Test-1] INFO  [verifyingGetItIn2DaysFilterFunctionality] [verifyingGetItIn2DaysFilterFunctionality] Returning the  [[[ChromeDriver: chrome on windows (b6f0ae870da95a224f557186df7013da)] -> xpath: //div[@class='a-section a-spacing-small a-spacing-top-small']], [[ChromeDriver: chrome on windows (b6f0ae870da95a224f557186df7013da)] -> xpath: //div[@class='a-section a-spacing-small a-spacing-top-small']], [[ChromeDriver: chrome on windows (b6f0ae870da95a224f557186df7013da)] -> xpath: //div[@class='a-section a-spacing-small a-spacing-top-small']], [[ChromeDriver: chrome on windows (b6f0ae870da95a224f557186df7013da)] -> xpath: //div[@class='a-section a-spacing-small a-spacing-top-small']], [[ChromeDriver: chrome on windows (b6f0ae870da95a224f557186df7013da)] -> xpath: //div[@class='a-section a-spacing-small a-spacing-top-small']], [[ChromeDriver: chrome on windows (b6f0ae870da95a224f557186df7013da)] -> xpath: //div[@class='a-section a-spacing-small a-spacing-top-small']], [[ChromeDriver: chrome on windows (b6f0ae870da95a224f557186df7013da)] -> xpath: //div[@class='a-section a-spacing-small a-spacing-top-small']], [[ChromeDriver: chrome on windows (b6f0ae870da95a224f557186df7013da)] -> xpath: //div[@class='a-section a-spacing-small a-spacing-top-small']], [[ChromeDriver: chrome on windows (b6f0ae870da95a224f557186df7013da)] -> xpath: //div[@class='a-section a-spacing-small a-spacing-top-small']], [[ChromeDriver: chrome on windows (b6f0ae870da95a224f557186df7013da)] -> xpath: //div[@class='a-section a-spacing-small a-spacing-top-small']], [[ChromeDriver: chrome on windows (b6f0ae870da95a224f557186df7013da)] -> xpath: //div[@class='a-section a-spacing-small a-spacing-top-small']], [[ChromeDriver: chrome on windows (b6f0ae870da95a224f557186df7013da)] -> xpath: //div[@class='a-section a-spacing-small a-spacing-top-small']], [[ChromeDriver: chrome on windows (b6f0ae870da95a224f557186df7013da)] -> xpath: //div[@class='a-section a-spacing-small a-spacing-top-small']], [[ChromeDriver: chrome on windows (b6f0ae870da95a224f557186df7013da)] -> xpath: //div[@class='a-section a-spacing-small a-spacing-top-small']], [[ChromeDriver: chrome on windows (b6f0ae870da95a224f557186df7013da)] -> xpath: //div[@class='a-section a-spacing-small a-spacing-top-small']], [[ChromeDriver: chrome on windows (b6f0ae870da95a224f557186df7013da)] -> xpath: //div[@class='a-section a-spacing-small a-spacing-top-small']]] from the safeFindElements method
2026-01-27 02:04:51.698 PM [TestNG-test-Test-1] INFO  [verifyingGetItIn2DaysFilterFunctionality] [verifyingGetItIn2DaysFilterFunctionality] Created hashset with required data to assert with Within validateDeliveryFilterOptions method
2026-01-27 02:04:51.698 PM [TestNG-test-Test-1] INFO  [verifyingGetItIn2DaysFilterFunctionality] [verifyingGetItIn2DaysFilterFunctionality] this is the set  [Today, Tue, 27, Jan, 28, Wed, Tomorrow]
2026-01-27 02:04:51.698 PM [TestNG-test-Test-1] INFO  [verifyingGetItIn2DaysFilterFunctionality] [verifyingGetItIn2DaysFilterFunctionality] Within deliveryElements loop iterating over the products  Within validateDeliveryFilterOptions method
2026-01-27 02:04:51.727 PM [TestNG-test-Test-1] INFO  [verifyingGetItIn2DaysFilterFunctionality] [verifyingGetItIn2DaysFilterFunctionality] Checking if the allowedDateParts have the assert text   Within validateDeliveryFilterOptions method
2026-01-27 02:04:51.727 PM [TestNG-test-Test-1] INFO  [verifyingGetItIn2DaysFilterFunctionality] [verifyingGetItIn2DaysFilterFunctionality] Within deliveryElements loop iterating over the products  Within validateDeliveryFilterOptions method
2026-01-27 02:04:51.749 PM [TestNG-test-Test-1] INFO  [verifyingGetItIn2DaysFilterFunctionality] [verifyingGetItIn2DaysFilterFunctionality] Checking if the allowedDateParts have the assert text   Within validateDeliveryFilterOptions method
2026-01-27 02:04:51.749 PM [TestNG-test-Test-1] INFO  [verifyingGetItIn2DaysFilterFunctionality] [verifyingGetItIn2DaysFilterFunctionality] Within deliveryElements loop iterating over the products  Within validateDeliveryFilterOptions method
2026-01-27 02:04:51.775 PM [TestNG-test-Test-1] INFO  [verifyingGetItIn2DaysFilterFunctionality] [verifyingGetItIn2DaysFilterFunctionality] Checking if the allowedDateParts have the assert text   Within validateDeliveryFilterOptions method
2026-01-27 02:04:51.775 PM [TestNG-test-Test-1] INFO  [verifyingGetItIn2DaysFilterFunctionality] [verifyingGetItIn2DaysFilterFunctionality] Within deliveryElements loop iterating over the products  Within validateDeliveryFilterOptions method
2026-01-27 02:04:51.797 PM [TestNG-test-Test-1] INFO  [verifyingGetItIn2DaysFilterFunctionality] [verifyingGetItIn2DaysFilterFunctionality] Checking if the allowedDateParts have the assert text   Within validateDeliveryFilterOptions method
2026-01-27 02:04:51.797 PM [TestNG-test-Test-1] INFO  [verifyingGetItIn2DaysFilterFunctionality] [verifyingGetItIn2DaysFilterFunctionality] Within deliveryElements loop iterating over the products  Within validateDeliveryFilterOptions method
2026-01-27 02:04:51.821 PM [TestNG-test-Test-1] INFO  [verifyingGetItIn2DaysFilterFunctionality] [verifyingGetItIn2DaysFilterFunctionality] Checking if the allowedDateParts have the assert text   Within validateDeliveryFilterOptions method
2026-01-27 02:04:51.821 PM [TestNG-test-Test-1] INFO  [verifyingGetItIn2DaysFilterFunctionality] [verifyingGetItIn2DaysFilterFunctionality] Within deliveryElements loop iterating over the products  Within validateDeliveryFilterOptions method
2026-01-27 02:04:51.868 PM [TestNG-test-Test-1] INFO  [verifyingGetItIn2DaysFilterFunctionality] [verifyingGetItIn2DaysFilterFunctionality] Checking if the allowedDateParts have the assert text   Within validateDeliveryFilterOptions method
2026-01-27 02:04:51.868 PM [TestNG-test-Test-1] INFO  [verifyingGetItIn2DaysFilterFunctionality] [verifyingGetItIn2DaysFilterFunctionality] Within deliveryElements loop iterating over the products  Within validateDeliveryFilterOptions method
2026-01-27 02:04:51.902 PM [TestNG-test-Test-1] INFO  [verifyingGetItIn2DaysFilterFunctionality] [verifyingGetItIn2DaysFilterFunctionality] Checking if the allowedDateParts have the assert text   Within validateDeliveryFilterOptions method
2026-01-27 02:04:51.902 PM [TestNG-test-Test-1] INFO  [verifyingGetItIn2DaysFilterFunctionality] [verifyingGetItIn2DaysFilterFunctionality] Within deliveryElements loop iterating over the products  Within validateDeliveryFilterOptions method
2026-01-27 02:04:51.923 PM [TestNG-test-Test-1] INFO  [verifyingGetItIn2DaysFilterFunctionality] [verifyingGetItIn2DaysFilterFunctionality] Checking if the allowedDateParts have the assert text   Within validateDeliveryFilterOptions method
2026-01-27 02:04:51.923 PM [TestNG-test-Test-1] INFO  [verifyingGetItIn2DaysFilterFunctionality] [verifyingGetItIn2DaysFilterFunctionality] Within deliveryElements loop iterating over the products  Within validateDeliveryFilterOptions method
2026-01-27 02:04:51.943 PM [TestNG-test-Test-1] INFO  [verifyingGetItIn2DaysFilterFunctionality] [verifyingGetItIn2DaysFilterFunctionality] Checking if the allowedDateParts have the assert text   Within validateDeliveryFilterOptions method
2026-01-27 02:04:51.943 PM [TestNG-test-Test-1] INFO  [verifyingGetItIn2DaysFilterFunctionality] [verifyingGetItIn2DaysFilterFunctionality] Within deliveryElements loop iterating over the products  Within validateDeliveryFilterOptions method
2026-01-27 02:04:51.963 PM [TestNG-test-Test-1] INFO  [verifyingGetItIn2DaysFilterFunctionality] [verifyingGetItIn2DaysFilterFunctionality] Checking if the allowedDateParts have the assert text   Within validateDeliveryFilterOptions method
2026-01-27 02:04:51.963 PM [TestNG-test-Test-1] INFO  [verifyingGetItIn2DaysFilterFunctionality] [verifyingGetItIn2DaysFilterFunctionality] Within deliveryElements loop iterating over the products  Within validateDeliveryFilterOptions method
2026-01-27 02:04:51.988 PM [TestNG-test-Test-1] INFO  [verifyingGetItIn2DaysFilterFunctionality] [verifyingGetItIn2DaysFilterFunctionality] Checking if the allowedDateParts have the assert text   Within validateDeliveryFilterOptions method
2026-01-27 02:04:51.989 PM [TestNG-test-Test-1] INFO  [verifyingGetItIn2DaysFilterFunctionality] [verifyingGetItIn2DaysFilterFunctionality] Within deliveryElements loop iterating over the products  Within validateDeliveryFilterOptions method
2026-01-27 02:04:52.009 PM [TestNG-test-Test-1] INFO  [verifyingGetItIn2DaysFilterFunctionality] [verifyingGetItIn2DaysFilterFunctionality] Checking if the allowedDateParts have the assert text   Within validateDeliveryFilterOptions method
2026-01-27 02:04:52.009 PM [TestNG-test-Test-1] INFO  [verifyingGetItIn2DaysFilterFunctionality] [verifyingGetItIn2DaysFilterFunctionality] Within deliveryElements loop iterating over the products  Within validateDeliveryFilterOptions method
2026-01-27 02:04:52.031 PM [TestNG-test-Test-1] INFO  [verifyingGetItIn2DaysFilterFunctionality] [verifyingGetItIn2DaysFilterFunctionality] Checking if the allowedDateParts have the assert text   Within validateDeliveryFilterOptions method
2026-01-27 02:04:52.031 PM [TestNG-test-Test-1] INFO  [verifyingGetItIn2DaysFilterFunctionality] [verifyingGetItIn2DaysFilterFunctionality] Within deliveryElements loop iterating over the products  Within validateDeliveryFilterOptions method
2026-01-27 02:04:52.050 PM [TestNG-test-Test-1] INFO  [verifyingGetItIn2DaysFilterFunctionality] [verifyingGetItIn2DaysFilterFunctionality] Checking if the allowedDateParts have the assert text   Within validateDeliveryFilterOptions method
2026-01-27 02:04:52.050 PM [TestNG-test-Test-1] INFO  [verifyingGetItIn2DaysFilterFunctionality] [verifyingGetItIn2DaysFilterFunctionality] Within deliveryElements loop iterating over the products  Within validateDeliveryFilterOptions method
2026-01-27 02:04:52.070 PM [TestNG-test-Test-1] INFO  [verifyingGetItIn2DaysFilterFunctionality] [verifyingGetItIn2DaysFilterFunctionality] Checking if the allowedDateParts have the assert text   Within validateDeliveryFilterOptions method
2026-01-27 02:04:52.070 PM [TestNG-test-Test-1] INFO  [verifyingGetItIn2DaysFilterFunctionality] [verifyingGetItIn2DaysFilterFunctionality] Within deliveryElements loop iterating over the products  Within validateDeliveryFilterOptions method
2026-01-27 02:04:52.092 PM [TestNG-test-Test-1] INFO  [verifyingGetItIn2DaysFilterFunctionality] [verifyingGetItIn2DaysFilterFunctionality] Checking if the allowedDateParts have the assert text   Within validateDeliveryFilterOptions method
2026-01-27 02:04:52.092 PM [TestNG-test-Test-1] INFO  [verifyingGetItIn2DaysFilterFunctionality] [verifyingGetItIn2DaysFilterFunctionality] Returning the list with boolean values   Within validateDeliveryFilterOptions method
2026-01-27 02:04:52.092 PM [TestNG-test-Test-1] INFO  [verifyingGetItIn2DaysFilterFunctionality] [verifyingGetItIn2DaysFilterFunctionality] Asserting delivery filter: isValid=true, index=-1, text=All the things are valid no errors
2026-01-27 02:04:52.096 PM [TestNG-test-Test-1] INFO  [verifyingGetItIn2DaysFilterFunctionality] ✅ Finished test method: verifyingGetItIn2DaysFilterFunctionality
2026-01-27 02:04:52.601 PM [TestNG-test-Test-1] INFO  [verifyingGetItIn2DaysFilterFunctionality] 🔹 Starting test method: verifyingGetItIn2DaysFilterFunctionality
2026-01-27 02:04:52.601 PM [TestNG-test-Test-1] INFO  [verifyingGetItIn2DaysFilterFunctionality] No existing WebDriver found for current thread. Initializing a new ChromeDriver...
2026-01-27 02:04:52.610 PM [TestNG-test-Test-1] INFO  [verifyingGetItIn2DaysFilterFunctionality] WebDriverManager: chromedriver setup OK
2026-01-27 02:04:54.300 PM [TestNG-test-Test-1] INFO  [verifyingGetItIn2DaysFilterFunctionality] ChromeDriver initialized successfully for thread: 34
2026-01-27 02:04:54.860 PM [TestNG-test-Test-1] INFO  [verifyingGetItIn2DaysFilterFunctionality] [verifyingGetItIn2DaysFilterFunctionality] Opening amazon Landing page
2026-01-27 02:04:54.860 PM [TestNG-test-Test-1] INFO  [verifyingGetItIn2DaysFilterFunctionality] [verifyingGetItIn2DaysFilterFunctionality] Within safeFindElement method
2026-01-27 02:05:05.195 PM [TestNG-test-Test-1] INFO  [verifyingGetItIn2DaysFilterFunctionality] [verifyingGetItIn2DaysFilterFunctionality]Retrying findElement for: ->By.xpath: //a[@id='nav-logo-sprites']
2026-01-27 02:05:05.410 PM [TestNG-test-Test-1] INFO  [verifyingGetItIn2DaysFilterFunctionality] [verifyingGetItIn2DaysFilterFunctionality]Refrehsing the page , while trying to safely find : ->By.xpath: //a[@id='nav-logo-sprites']
2026-01-27 02:05:16.635 PM [TestNG-test-Test-1] INFO  [verifyingGetItIn2DaysFilterFunctionality] [verifyingGetItIn2DaysFilterFunctionality]Retrying findElement for: ->By.xpath: //a[@id='nav-logo-sprites']
2026-01-27 02:05:16.761 PM [TestNG-test-Test-1] INFO  [verifyingGetItIn2DaysFilterFunctionality] [verifyingGetItIn2DaysFilterFunctionality]Refrehsing the page , while trying to safely find : ->By.xpath: //a[@id='nav-logo-sprites']
2026-01-27 02:05:17.763 PM [TestNG-test-Test-1] INFO  [verifyingGetItIn2DaysFilterFunctionality] [verifyingGetItIn2DaysFilterFunctionality] Skipping action: Element not found after 2   attemps
2026-01-27 02:05:40.562 PM [TestNG-test-Test-1] INFO  [verifyingGetItIn2DaysFilterFunctionality] [verifyingGetItIn2DaysFilterFunctionality] Giving input within the search bar
2026-01-27 02:05:40.564 PM [TestNG-test-Test-1] INFO  [verifyingGetItIn2DaysFilterFunctionality] [verifyingGetItIn2DaysFilterFunctionality] Within safeClick method
2026-01-27 02:05:45.077 PM [TestNG-test-Test-1] INFO  [verifyingGetItIn2DaysFilterFunctionality] [verifyingGetItIn2DaysFilterFunctionality] Clicked the  [[ChromeDriver: chrome on windows (f6b91833cff0592960adcb3f1cafb170)] -> xpath: //input[@id='nav-search-submit-button']]   using safeClick
2026-01-27 02:05:45.077 PM [TestNG-test-Test-1] INFO  [verifyingGetItIn2DaysFilterFunctionality] [verifyingGetItIn2DaysFilterFunctionality] Clicking on the submit in the search bar
2026-01-27 02:05:45.167 PM [TestNG-test-Test-1] INFO  [verifyingGetItIn2DaysFilterFunctionality] [verifyingGetItIn2DaysFilterFunctionality] Waiting until element is visible in viewport
2026-01-27 02:05:45.203 PM [TestNG-test-Test-1] INFO  [verifyingGetItIn2DaysFilterFunctionality] [verifyingGetItIn2DaysFilterFunctionality] Within validateDeliveryFilterOptionsWithResult method
2026-01-27 02:05:45.203 PM [TestNG-test-Test-1] INFO  [verifyingGetItIn2DaysFilterFunctionality] [verifyingGetItIn2DaysFilterFunctionality] Within safeClick method
2026-01-27 02:05:45.328 PM [TestNG-test-Test-1] INFO  [verifyingGetItIn2DaysFilterFunctionality] [verifyingGetItIn2DaysFilterFunctionality] Clicked the  [[ChromeDriver: chrome on windows (f6b91833cff0592960adcb3f1cafb170)] -> xpath: //span[@class='a-size-base a-color-base puis-bold-weight-text' and text()='Delivery Day']/parent::div/following-sibling::ul//span[@class='a-size-base a-color-base' and text()='Get It in 2 Days']]   using safeClick
2026-01-27 02:05:47.329 PM [TestNG-test-Test-1] INFO  [verifyingGetItIn2DaysFilterFunctionality] [verifyingGetItIn2DaysFilterFunctionality] Within getMoreButtonByFilterTypeAndName method
2026-01-27 02:05:47.329 PM [TestNG-test-Test-1] INFO  [verifyingGetItIn2DaysFilterFunctionality] [verifyingGetItIn2DaysFilterFunctionality] Capturing screenshot: Filter_Applied_is_Get_It_in_2_Days__2026-01-27_140547.png
2026-01-27 02:05:47.419 PM [TestNG-test-Test-1] INFO  [verifyingGetItIn2DaysFilterFunctionality] [verifyingGetItIn2DaysFilterFunctionality] Screenshot saved at: test-output/screenshots/Run_2026-01-27_13-48-56/verifyingGetItIn2DaysFilterFunctionality/Filter_Applied_is_Get_It_in_2_Days__2026-01-27_140547.png
2026-01-27 02:05:47.420 PM [TestNG-test-Test-1] INFO  [verifyingGetItIn2DaysFilterFunctionality] [verifyingGetItIn2DaysFilterFunctionality] Clicked on By.xpath: //span[@class='a-size-base a-color-base puis-bold-weight-text' and text()='Delivery Day']/parent::div/following-sibling::ul//span[@class='a-size-base a-color-base' and text()='Get It in 2 Days']
2026-01-27 02:05:49.421 PM [TestNG-test-Test-1] INFO  [verifyingGetItIn2DaysFilterFunctionality] [verifyingGetItIn2DaysFilterFunctionality] Within safeFindElements 
2026-01-27 02:05:49.434 PM [TestNG-test-Test-1] INFO  [verifyingGetItIn2DaysFilterFunctionality] [verifyingGetItIn2DaysFilterFunctionality] Returning the  [[[ChromeDriver: chrome on windows (f6b91833cff0592960adcb3f1cafb170)] -> xpath: //div[@class='a-section a-spacing-small a-spacing-top-small']], [[ChromeDriver: chrome on windows (f6b91833cff0592960adcb3f1cafb170)] -> xpath: //div[@class='a-section a-spacing-small a-spacing-top-small']], [[ChromeDriver: chrome on windows (f6b91833cff0592960adcb3f1cafb170)] -> xpath: //div[@class='a-section a-spacing-small a-spacing-top-small']], [[ChromeDriver: chrome on windows (f6b91833cff0592960adcb3f1cafb170)] -> xpath: //div[@class='a-section a-spacing-small a-spacing-top-small']], [[ChromeDriver: chrome on windows (f6b91833cff0592960adcb3f1cafb170)] -> xpath: //div[@class='a-section a-spacing-small a-spacing-top-small']], [[ChromeDriver: chrome on windows (f6b91833cff0592960adcb3f1cafb170)] -> xpath: //div[@class='a-section a-spacing-small a-spacing-top-small']], [[ChromeDriver: chrome on windows (f6b91833cff0592960adcb3f1cafb170)] -> xpath: //div[@class='a-section a-spacing-small a-spacing-top-small']], [[ChromeDriver: chrome on windows (f6b91833cff0592960adcb3f1cafb170)] -> xpath: //div[@class='a-section a-spacing-small a-spacing-top-small']], [[ChromeDriver: chrome on windows (f6b91833cff0592960adcb3f1cafb170)] -> xpath: //div[@class='a-section a-spacing-small a-spacing-top-small']], [[ChromeDriver: chrome on windows (f6b91833cff0592960adcb3f1cafb170)] -> xpath: //div[@class='a-section a-spacing-small a-spacing-top-small']], [[ChromeDriver: chrome on windows (f6b91833cff0592960adcb3f1cafb170)] -> xpath: //div[@class='a-section a-spacing-small a-spacing-top-small']], [[ChromeDriver: chrome on windows (f6b91833cff0592960adcb3f1cafb170)] -> xpath: //div[@class='a-section a-spacing-small a-spacing-top-small']], [[ChromeDriver: chrome on windows (f6b91833cff0592960adcb3f1cafb170)] -> xpath: //div[@class='a-section a-spacing-small a-spacing-top-small']], [[ChromeDriver: chrome on windows (f6b91833cff0592960adcb3f1cafb170)] -> xpath: //div[@class='a-section a-spacing-small a-spacing-top-small']], [[ChromeDriver: chrome on windows (f6b91833cff0592960adcb3f1cafb170)] -> xpath: //div[@class='a-section a-spacing-small a-spacing-top-small']], [[ChromeDriver: chrome on windows (f6b91833cff0592960adcb3f1cafb170)] -> xpath: //div[@class='a-section a-spacing-small a-spacing-top-small']]] from the safeFindElements method
2026-01-27 02:05:49.434 PM [TestNG-test-Test-1] INFO  [verifyingGetItIn2DaysFilterFunctionality] [verifyingGetItIn2DaysFilterFunctionality] Created hashset with required data to assert with Within validateDeliveryFilterOptions method
2026-01-27 02:05:49.434 PM [TestNG-test-Test-1] INFO  [verifyingGetItIn2DaysFilterFunctionality] [verifyingGetItIn2DaysFilterFunctionality] this is the set  [Today, Tue, 27, Jan, 28, Wed, Tomorrow]
2026-01-27 02:05:49.434 PM [TestNG-test-Test-1] INFO  [verifyingGetItIn2DaysFilterFunctionality] [verifyingGetItIn2DaysFilterFunctionality] Within deliveryElements loop iterating over the products  Within validateDeliveryFilterOptions method
2026-01-27 02:05:49.463 PM [TestNG-test-Test-1] INFO  [verifyingGetItIn2DaysFilterFunctionality] [verifyingGetItIn2DaysFilterFunctionality] Checking if the allowedDateParts have the assert text   Within validateDeliveryFilterOptions method
2026-01-27 02:05:49.463 PM [TestNG-test-Test-1] INFO  [verifyingGetItIn2DaysFilterFunctionality] [verifyingGetItIn2DaysFilterFunctionality] Within deliveryElements loop iterating over the products  Within validateDeliveryFilterOptions method
2026-01-27 02:05:49.487 PM [TestNG-test-Test-1] INFO  [verifyingGetItIn2DaysFilterFunctionality] [verifyingGetItIn2DaysFilterFunctionality] Checking if the allowedDateParts have the assert text   Within validateDeliveryFilterOptions method
2026-01-27 02:05:49.487 PM [TestNG-test-Test-1] INFO  [verifyingGetItIn2DaysFilterFunctionality] [verifyingGetItIn2DaysFilterFunctionality] Within deliveryElements loop iterating over the products  Within validateDeliveryFilterOptions method
2026-01-27 02:05:49.511 PM [TestNG-test-Test-1] INFO  [verifyingGetItIn2DaysFilterFunctionality] [verifyingGetItIn2DaysFilterFunctionality] Checking if the allowedDateParts have the assert text   Within validateDeliveryFilterOptions method
2026-01-27 02:05:49.511 PM [TestNG-test-Test-1] INFO  [verifyingGetItIn2DaysFilterFunctionality] [verifyingGetItIn2DaysFilterFunctionality] Within deliveryElements loop iterating over the products  Within validateDeliveryFilterOptions method
2026-01-27 02:05:49.533 PM [TestNG-test-Test-1] INFO  [verifyingGetItIn2DaysFilterFunctionality] [verifyingGetItIn2DaysFilterFunctionality] Checking if the allowedDateParts have the assert text   Within validateDeliveryFilterOptions method
2026-01-27 02:05:49.533 PM [TestNG-test-Test-1] INFO  [verifyingGetItIn2DaysFilterFunctionality] [verifyingGetItIn2DaysFilterFunctionality] Within deliveryElements loop iterating over the products  Within validateDeliveryFilterOptions method
2026-01-27 02:05:49.558 PM [TestNG-test-Test-1] INFO  [verifyingGetItIn2DaysFilterFunctionality] [verifyingGetItIn2DaysFilterFunctionality] Checking if the allowedDateParts have the assert text   Within validateDeliveryFilterOptions method
2026-01-27 02:05:49.558 PM [TestNG-test-Test-1] INFO  [verifyingGetItIn2DaysFilterFunctionality] [verifyingGetItIn2DaysFilterFunctionality] Within deliveryElements loop iterating over the products  Within validateDeliveryFilterOptions method
2026-01-27 02:05:49.613 PM [TestNG-test-Test-1] INFO  [verifyingGetItIn2DaysFilterFunctionality] [verifyingGetItIn2DaysFilterFunctionality] Checking if the allowedDateParts have the assert text   Within validateDeliveryFilterOptions method
2026-01-27 02:05:49.613 PM [TestNG-test-Test-1] INFO  [verifyingGetItIn2DaysFilterFunctionality] [verifyingGetItIn2DaysFilterFunctionality] Within deliveryElements loop iterating over the products  Within validateDeliveryFilterOptions method
2026-01-27 02:05:49.638 PM [TestNG-test-Test-1] INFO  [verifyingGetItIn2DaysFilterFunctionality] [verifyingGetItIn2DaysFilterFunctionality] Checking if the allowedDateParts have the assert text   Within validateDeliveryFilterOptions method
2026-01-27 02:05:49.638 PM [TestNG-test-Test-1] INFO  [verifyingGetItIn2DaysFilterFunctionality] [verifyingGetItIn2DaysFilterFunctionality] Within deliveryElements loop iterating over the products  Within validateDeliveryFilterOptions method
2026-01-27 02:05:49.661 PM [TestNG-test-Test-1] INFO  [verifyingGetItIn2DaysFilterFunctionality] [verifyingGetItIn2DaysFilterFunctionality] Checking if the allowedDateParts have the assert text   Within validateDeliveryFilterOptions method
2026-01-27 02:05:49.662 PM [TestNG-test-Test-1] INFO  [verifyingGetItIn2DaysFilterFunctionality] [verifyingGetItIn2DaysFilterFunctionality] Within deliveryElements loop iterating over the products  Within validateDeliveryFilterOptions method
2026-01-27 02:05:49.685 PM [TestNG-test-Test-1] INFO  [verifyingGetItIn2DaysFilterFunctionality] [verifyingGetItIn2DaysFilterFunctionality] Checking if the allowedDateParts have the assert text   Within validateDeliveryFilterOptions method
2026-01-27 02:05:49.685 PM [TestNG-test-Test-1] INFO  [verifyingGetItIn2DaysFilterFunctionality] [verifyingGetItIn2DaysFilterFunctionality] Within deliveryElements loop iterating over the products  Within validateDeliveryFilterOptions method
2026-01-27 02:05:49.706 PM [TestNG-test-Test-1] INFO  [verifyingGetItIn2DaysFilterFunctionality] [verifyingGetItIn2DaysFilterFunctionality] Checking if the allowedDateParts have the assert text   Within validateDeliveryFilterOptions method
2026-01-27 02:05:49.706 PM [TestNG-test-Test-1] INFO  [verifyingGetItIn2DaysFilterFunctionality] [verifyingGetItIn2DaysFilterFunctionality] Within deliveryElements loop iterating over the products  Within validateDeliveryFilterOptions method
2026-01-27 02:05:49.729 PM [TestNG-test-Test-1] INFO  [verifyingGetItIn2DaysFilterFunctionality] [verifyingGetItIn2DaysFilterFunctionality] Checking if the allowedDateParts have the assert text   Within validateDeliveryFilterOptions method
2026-01-27 02:05:49.729 PM [TestNG-test-Test-1] INFO  [verifyingGetItIn2DaysFilterFunctionality] [verifyingGetItIn2DaysFilterFunctionality] Within deliveryElements loop iterating over the products  Within validateDeliveryFilterOptions method
2026-01-27 02:05:49.752 PM [TestNG-test-Test-1] INFO  [verifyingGetItIn2DaysFilterFunctionality] [verifyingGetItIn2DaysFilterFunctionality] Checking if the allowedDateParts have the assert text   Within validateDeliveryFilterOptions method
2026-01-27 02:05:49.752 PM [TestNG-test-Test-1] INFO  [verifyingGetItIn2DaysFilterFunctionality] [verifyingGetItIn2DaysFilterFunctionality] Within deliveryElements loop iterating over the products  Within validateDeliveryFilterOptions method
2026-01-27 02:05:49.776 PM [TestNG-test-Test-1] INFO  [verifyingGetItIn2DaysFilterFunctionality] [verifyingGetItIn2DaysFilterFunctionality] Checking if the allowedDateParts have the assert text   Within validateDeliveryFilterOptions method
2026-01-27 02:05:49.776 PM [TestNG-test-Test-1] INFO  [verifyingGetItIn2DaysFilterFunctionality] [verifyingGetItIn2DaysFilterFunctionality] Within deliveryElements loop iterating over the products  Within validateDeliveryFilterOptions method
2026-01-27 02:05:49.798 PM [TestNG-test-Test-1] INFO  [verifyingGetItIn2DaysFilterFunctionality] [verifyingGetItIn2DaysFilterFunctionality] Checking if the allowedDateParts have the assert text   Within validateDeliveryFilterOptions method
2026-01-27 02:05:49.798 PM [TestNG-test-Test-1] INFO  [verifyingGetItIn2DaysFilterFunctionality] [verifyingGetItIn2DaysFilterFunctionality] Within deliveryElements loop iterating over the products  Within validateDeliveryFilterOptions method
2026-01-27 02:05:49.822 PM [TestNG-test-Test-1] INFO  [verifyingGetItIn2DaysFilterFunctionality] [verifyingGetItIn2DaysFilterFunctionality] Checking if the allowedDateParts have the assert text   Within validateDeliveryFilterOptions method
2026-01-27 02:05:49.822 PM [TestNG-test-Test-1] INFO  [verifyingGetItIn2DaysFilterFunctionality] [verifyingGetItIn2DaysFilterFunctionality] Within deliveryElements loop iterating over the products  Within validateDeliveryFilterOptions method
2026-01-27 02:05:49.844 PM [TestNG-test-Test-1] INFO  [verifyingGetItIn2DaysFilterFunctionality] [verifyingGetItIn2DaysFilterFunctionality] Checking if the allowedDateParts have the assert text   Within validateDeliveryFilterOptions method
2026-01-27 02:05:49.844 PM [TestNG-test-Test-1] INFO  [verifyingGetItIn2DaysFilterFunctionality] [verifyingGetItIn2DaysFilterFunctionality] Returning the list with boolean values   Within validateDeliveryFilterOptions method
2026-01-27 02:05:49.844 PM [TestNG-test-Test-1] INFO  [verifyingGetItIn2DaysFilterFunctionality] [verifyingGetItIn2DaysFilterFunctionality] Asserting delivery filter: isValid=true, index=-1, text=All the things are valid no errors
2026-01-27 02:05:49.848 PM [TestNG-test-Test-1] INFO  [verifyingGetItIn2DaysFilterFunctionality] ✅ Finished test method: verifyingGetItIn2DaysFilterFunctionality
