20:28:28 [TestNG-test-Test-3] INFO  verifyingGetItIn2DaysFilterFunctionality_Mobile_20-28-28 - No existing WebDriver found for current thread. Initializing a new ChromeDriver...
20:28:28 [TestNG-test-Test-3] INFO  verifyingGetItIn2DaysFilterFunctionality_Mobile_20-28-28 - WebDriverManager: chromedriver setup OK
20:28:30 [TestNG-test-Test-3] INFO  verifyingGetItIn2DaysFilterFunctionality_Mobile_20-28-28 - ChromeDriver initialized successfully for thread: 36
20:28:31 [TestNG-test-Test-3] INFO  verifyingGetItIn2DaysFilterFunctionality_Mobile_20-28-28 - [verifyingGetItIn2DaysFilterFunctionality_Mobile_20-28-28] Opening amazon Landing page
20:28:31 [TestNG-test-Test-3] INFO  verifyingGetItIn2DaysFilterFunctionality_Mobile_20-28-28 - [verifyingGetItIn2DaysFilterFunctionality_Mobile_20-28-28] Within safeFindElement method
20:28:36 [TestNG-test-Test-3] INFO  verifyingGetItIn2DaysFilterFunctionality_Mobile_20-28-28 - [verifyingGetItIn2DaysFilterFunctionality_Mobile_20-28-28]Retrying findElement for: ->By.xpath: //a[@id='nav-logo-sprites']
20:28:36 [TestNG-test-Test-3] INFO  verifyingGetItIn2DaysFilterFunctionality_Mobile_20-28-28 - [verifyingGetItIn2DaysFilterFunctionality_Mobile_20-28-28]Refrehsing the page , while trying to safely find : ->By.xpath: //a[@id='nav-logo-sprites']
20:28:41 [TestNG-test-Test-3] INFO  verifyingGetItIn2DaysFilterFunctionality_Mobile_20-28-28 - [verifyingGetItIn2DaysFilterFunctionality_Mobile_20-28-28]Retrying findElement for: ->By.xpath: //a[@id='nav-logo-sprites']
20:28:42 [TestNG-test-Test-3] INFO  verifyingGetItIn2DaysFilterFunctionality_Mobile_20-28-28 - [verifyingGetItIn2DaysFilterFunctionality_Mobile_20-28-28]Refrehsing the page , while trying to safely find : ->By.xpath: //a[@id='nav-logo-sprites']
20:28:42 [TestNG-test-Test-3] INFO  verifyingGetItIn2DaysFilterFunctionality_Mobile_20-28-28 - [verifyingGetItIn2DaysFilterFunctionality_Mobile_20-28-28] Skipping action: Element not found after 2   attemps
20:28:46 [TestNG-test-Test-3] INFO  verifyingGetItIn2DaysFilterFunctionality_Mobile_20-28-28 - [verifyingGetItIn2DaysFilterFunctionality_Mobile_20-28-28] Giving input within the search bar
20:28:46 [TestNG-test-Test-3] INFO  verifyingGetItIn2DaysFilterFunctionality_Mobile_20-28-28 - [verifyingGetItIn2DaysFilterFunctionality_Mobile_20-28-28] Within safeClick method
20:28:48 [TestNG-test-Test-3] INFO  verifyingGetItIn2DaysFilterFunctionality_Mobile_20-28-28 - [verifyingGetItIn2DaysFilterFunctionality_Mobile_20-28-28] Clicked the  [[ChromeDriver: chrome on windows (5fcac9912c54cf6af19f56969ec1baa8)] -> xpath: //input[@id='nav-search-submit-button']]   using safeClick
20:28:48 [TestNG-test-Test-3] INFO  verifyingGetItIn2DaysFilterFunctionality_Mobile_20-28-28 - [verifyingGetItIn2DaysFilterFunctionality_Mobile_20-28-28] Clicking on the submit in the search bar
20:28:48 [TestNG-test-Test-3] INFO  verifyingGetItIn2DaysFilterFunctionality_Mobile_20-28-28 - [verifyingGetItIn2DaysFilterFunctionality_Mobile_20-28-28] Waiting until element is visible in viewport
20:28:48 [TestNG-test-Test-3] INFO  verifyingGetItIn2DaysFilterFunctionality_Mobile_20-28-28 - [verifyingGetItIn2DaysFilterFunctionality_Mobile_20-28-28] Within validateDeliveryFilterOptionsWithResult method
20:28:48 [TestNG-test-Test-3] INFO  verifyingGetItIn2DaysFilterFunctionality_Mobile_20-28-28 - [verifyingGetItIn2DaysFilterFunctionality_Mobile_20-28-28] Within safeClick method
20:28:48 [TestNG-test-Test-3] INFO  verifyingGetItIn2DaysFilterFunctionality_Mobile_20-28-28 - [verifyingGetItIn2DaysFilterFunctionality_Mobile_20-28-28] Clicked the  [[ChromeDriver: chrome on windows (5fcac9912c54cf6af19f56969ec1baa8)] -> xpath: //span[@class='a-size-base a-color-base puis-bold-weight-text' and text()='Delivery Day']/parent::div/following-sibling::ul//span[@class='a-size-base a-color-base' and text()='Get It in 2 Days']]   using safeClick
20:28:48 [TestNG-test-Test-3] INFO  verifyingGetItIn2DaysFilterFunctionality_Mobile_20-28-28 - [verifyingGetItIn2DaysFilterFunctionality_Mobile_20-28-28] Within getMoreButtonByFilterTypeAndName method
20:28:48 [TestNG-test-Test-3] INFO  verifyingGetItIn2DaysFilterFunctionality_Mobile_20-28-28 - [verifyingGetItIn2DaysFilterFunctionality_Mobile_20-28-28] Clicked on By.xpath: //span[@class='a-size-base a-color-base puis-bold-weight-text' and text()='Delivery Day']/parent::div/following-sibling::ul//span[@class='a-size-base a-color-base' and text()='Get It in 2 Days']
20:28:48 [TestNG-test-Test-3] INFO  verifyingGetItIn2DaysFilterFunctionality_Mobile_20-28-28 - [verifyingGetItIn2DaysFilterFunctionality_Mobile_20-28-28] Within safeFindElements 
20:28:49 [TestNG-test-Test-3] INFO  verifyingGetItIn2DaysFilterFunctionality_Mobile_20-28-28 - [verifyingGetItIn2DaysFilterFunctionality_Mobile_20-28-28] Returning the  [[[ChromeDriver: chrome on windows (5fcac9912c54cf6af19f56969ec1baa8)] -> xpath: //div[@class='a-section a-spacing-small a-spacing-top-small']], [[ChromeDriver: chrome on windows (5fcac9912c54cf6af19f56969ec1baa8)] -> xpath: //div[@class='a-section a-spacing-small a-spacing-top-small']], [[ChromeDriver: chrome on windows (5fcac9912c54cf6af19f56969ec1baa8)] -> xpath: //div[@class='a-section a-spacing-small a-spacing-top-small']], [[ChromeDriver: chrome on windows (5fcac9912c54cf6af19f56969ec1baa8)] -> xpath: //div[@class='a-section a-spacing-small a-spacing-top-small']], [[ChromeDriver: chrome on windows (5fcac9912c54cf6af19f56969ec1baa8)] -> xpath: //div[@class='a-section a-spacing-small a-spacing-top-small']], [[ChromeDriver: chrome on windows (5fcac9912c54cf6af19f56969ec1baa8)] -> xpath: //div[@class='a-section a-spacing-small a-spacing-top-small']], [[ChromeDriver: chrome on windows (5fcac9912c54cf6af19f56969ec1baa8)] -> xpath: //div[@class='a-section a-spacing-small a-spacing-top-small']], [[ChromeDriver: chrome on windows (5fcac9912c54cf6af19f56969ec1baa8)] -> xpath: //div[@class='a-section a-spacing-small a-spacing-top-small']], [[ChromeDriver: chrome on windows (5fcac9912c54cf6af19f56969ec1baa8)] -> xpath: //div[@class='a-section a-spacing-small a-spacing-top-small']]] from the safeFindElements method
20:28:49 [TestNG-test-Test-3] INFO  verifyingGetItIn2DaysFilterFunctionality_Mobile_20-28-28 - [verifyingGetItIn2DaysFilterFunctionality_Mobile_20-28-28] Created hashset with required data to assert with Within validateDeliveryFilterOptions method
20:28:49 [TestNG-test-Test-3] INFO  verifyingGetItIn2DaysFilterFunctionality_Mobile_20-28-28 - [verifyingGetItIn2DaysFilterFunctionality_Mobile_20-28-28] this is the set  [Thu, Jun, Today, 04, 05, FREE delivery, Fri, Tomorrow]
20:28:49 [TestNG-test-Test-3] INFO  verifyingGetItIn2DaysFilterFunctionality_Mobile_20-28-28 - [verifyingGetItIn2DaysFilterFunctionality_Mobile_20-28-28] Within deliveryElements loop iterating over the products  Within validateDeliveryFilterOptions method
20:28:49 [TestNG-test-Test-3] INFO  verifyingGetItIn2DaysFilterFunctionality_Mobile_20-28-28 - [verifyingGetItIn2DaysFilterFunctionality_Mobile_20-28-28] Checking if the allowedDateParts have the assert text   Within validateDeliveryFilterOptions method
20:28:49 [TestNG-test-Test-3] INFO  verifyingGetItIn2DaysFilterFunctionality_Mobile_20-28-28 - [verifyingGetItIn2DaysFilterFunctionality_Mobile_20-28-28] Within deliveryElements loop iterating over the products  Within validateDeliveryFilterOptions method
20:28:49 [TestNG-test-Test-3] INFO  verifyingGetItIn2DaysFilterFunctionality_Mobile_20-28-28 - [verifyingGetItIn2DaysFilterFunctionality_Mobile_20-28-28] Checking if the allowedDateParts have the assert text   Within validateDeliveryFilterOptions method
20:28:49 [TestNG-test-Test-3] INFO  verifyingGetItIn2DaysFilterFunctionality_Mobile_20-28-28 - [verifyingGetItIn2DaysFilterFunctionality_Mobile_20-28-28] Within deliveryElements loop iterating over the products  Within validateDeliveryFilterOptions method
20:28:49 [TestNG-test-Test-3] INFO  verifyingGetItIn2DaysFilterFunctionality_Mobile_20-28-28 - [verifyingGetItIn2DaysFilterFunctionality_Mobile_20-28-28] Checking if the allowedDateParts have the assert text   Within validateDeliveryFilterOptions method
20:28:49 [TestNG-test-Test-3] INFO  verifyingGetItIn2DaysFilterFunctionality_Mobile_20-28-28 - [verifyingGetItIn2DaysFilterFunctionality_Mobile_20-28-28] Within deliveryElements loop iterating over the products  Within validateDeliveryFilterOptions method
20:28:49 [TestNG-test-Test-3] INFO  verifyingGetItIn2DaysFilterFunctionality_Mobile_20-28-28 - [verifyingGetItIn2DaysFilterFunctionality_Mobile_20-28-28] Checking if the allowedDateParts have the assert text   Within validateDeliveryFilterOptions method
20:28:49 [TestNG-test-Test-3] INFO  verifyingGetItIn2DaysFilterFunctionality_Mobile_20-28-28 - [verifyingGetItIn2DaysFilterFunctionality_Mobile_20-28-28] Within deliveryElements loop iterating over the products  Within validateDeliveryFilterOptions method
20:28:49 [TestNG-test-Test-3] INFO  verifyingGetItIn2DaysFilterFunctionality_Mobile_20-28-28 - [verifyingGetItIn2DaysFilterFunctionality_Mobile_20-28-28] Checking if the allowedDateParts have the assert text   Within validateDeliveryFilterOptions method
20:28:49 [TestNG-test-Test-3] INFO  verifyingGetItIn2DaysFilterFunctionality_Mobile_20-28-28 - [verifyingGetItIn2DaysFilterFunctionality_Mobile_20-28-28] Within deliveryElements loop iterating over the products  Within validateDeliveryFilterOptions method
20:28:49 [TestNG-test-Test-3] INFO  verifyingGetItIn2DaysFilterFunctionality_Mobile_20-28-28 - [verifyingGetItIn2DaysFilterFunctionality_Mobile_20-28-28] Checking if the allowedDateParts have the assert text   Within validateDeliveryFilterOptions method
20:28:49 [TestNG-test-Test-3] INFO  verifyingGetItIn2DaysFilterFunctionality_Mobile_20-28-28 - [verifyingGetItIn2DaysFilterFunctionality_Mobile_20-28-28] Within deliveryElements loop iterating over the products  Within validateDeliveryFilterOptions method
20:28:49 [TestNG-test-Test-3] INFO  verifyingGetItIn2DaysFilterFunctionality_Mobile_20-28-28 - [verifyingGetItIn2DaysFilterFunctionality_Mobile_20-28-28] Checking if the allowedDateParts have the assert text   Within validateDeliveryFilterOptions method
20:28:49 [TestNG-test-Test-3] INFO  verifyingGetItIn2DaysFilterFunctionality_Mobile_20-28-28 - [verifyingGetItIn2DaysFilterFunctionality_Mobile_20-28-28] Within deliveryElements loop iterating over the products  Within validateDeliveryFilterOptions method
20:28:50 [TestNG-test-Test-3] INFO  verifyingGetItIn2DaysFilterFunctionality_Mobile_20-28-28 - [verifyingGetItIn2DaysFilterFunctionality_Mobile_20-28-28] Checking if the allowedDateParts have the assert text   Within validateDeliveryFilterOptions method
20:28:50 [TestNG-test-Test-3] INFO  verifyingGetItIn2DaysFilterFunctionality_Mobile_20-28-28 - [verifyingGetItIn2DaysFilterFunctionality_Mobile_20-28-28] Within deliveryElements loop iterating over the products  Within validateDeliveryFilterOptions method
20:28:50 [TestNG-test-Test-3] INFO  verifyingGetItIn2DaysFilterFunctionality_Mobile_20-28-28 - [verifyingGetItIn2DaysFilterFunctionality_Mobile_20-28-28] Checking if the allowedDateParts have the assert text   Within validateDeliveryFilterOptions method
20:28:50 [TestNG-test-Test-3] INFO  verifyingGetItIn2DaysFilterFunctionality_Mobile_20-28-28 - [verifyingGetItIn2DaysFilterFunctionality_Mobile_20-28-28] Returning the list with boolean values   Within validateDeliveryFilterOptions method
20:28:50 [TestNG-test-Test-3] INFO  verifyingGetItIn2DaysFilterFunctionality_Mobile_20-28-28 - [verifyingGetItIn2DaysFilterFunctionality_Mobile_20-28-28] Asserting delivery filter: isValid=true, index=-1, text=All the things are valid no errors
