17:46:21 [TestNG-test-Test-3] INFO  verifyingGetItIn2DaysFilterFunctionality_Tablet_17-46-21 - No existing WebDriver found for current thread. Initializing a new ChromeDriver...
17:46:21 [TestNG-test-Test-3] INFO  verifyingGetItIn2DaysFilterFunctionality_Tablet_17-46-21 - WebDriverManager: chromedriver setup OK
17:46:23 [TestNG-test-Test-3] INFO  verifyingGetItIn2DaysFilterFunctionality_Tablet_17-46-21 - ChromeDriver initialized successfully for thread: 36
17:46:23 [TestNG-test-Test-3] INFO  verifyingGetItIn2DaysFilterFunctionality_Tablet_17-46-21 - [verifyingGetItIn2DaysFilterFunctionality_Tablet_17-46-21] Opening amazon Landing page
17:46:23 [TestNG-test-Test-3] INFO  verifyingGetItIn2DaysFilterFunctionality_Tablet_17-46-21 - [verifyingGetItIn2DaysFilterFunctionality_Tablet_17-46-21] Within safeFindElement method
17:46:29 [TestNG-test-Test-3] INFO  verifyingGetItIn2DaysFilterFunctionality_Tablet_17-46-21 - [verifyingGetItIn2DaysFilterFunctionality_Tablet_17-46-21]Retrying findElement for: ->By.xpath: //a[@id='nav-logo-sprites']
17:46:29 [TestNG-test-Test-3] INFO  verifyingGetItIn2DaysFilterFunctionality_Tablet_17-46-21 - [verifyingGetItIn2DaysFilterFunctionality_Tablet_17-46-21]Refrehsing the page , while trying to safely find : ->By.xpath: //a[@id='nav-logo-sprites']
17:46:34 [TestNG-test-Test-3] INFO  verifyingGetItIn2DaysFilterFunctionality_Tablet_17-46-21 - [verifyingGetItIn2DaysFilterFunctionality_Tablet_17-46-21]Retrying findElement for: ->By.xpath: //a[@id='nav-logo-sprites']
17:46:34 [TestNG-test-Test-3] INFO  verifyingGetItIn2DaysFilterFunctionality_Tablet_17-46-21 - [verifyingGetItIn2DaysFilterFunctionality_Tablet_17-46-21]Refrehsing the page , while trying to safely find : ->By.xpath: //a[@id='nav-logo-sprites']
17:46:34 [TestNG-test-Test-3] INFO  verifyingGetItIn2DaysFilterFunctionality_Tablet_17-46-21 - [verifyingGetItIn2DaysFilterFunctionality_Tablet_17-46-21] Skipping action: Element not found after 2   attemps
17:46:38 [TestNG-test-Test-3] INFO  verifyingGetItIn2DaysFilterFunctionality_Tablet_17-46-21 - [verifyingGetItIn2DaysFilterFunctionality_Tablet_17-46-21] Giving input within the search bar
17:46:38 [TestNG-test-Test-3] INFO  verifyingGetItIn2DaysFilterFunctionality_Tablet_17-46-21 - [verifyingGetItIn2DaysFilterFunctionality_Tablet_17-46-21] Within safeClick method
17:46:39 [TestNG-test-Test-3] INFO  verifyingGetItIn2DaysFilterFunctionality_Tablet_17-46-21 - [verifyingGetItIn2DaysFilterFunctionality_Tablet_17-46-21] Clicked the  [[ChromeDriver: chrome on windows (317b70f88ddce54cff93494a6eff1765)] -> xpath: //input[@id='nav-search-submit-button']]   using safeClick
17:46:39 [TestNG-test-Test-3] INFO  verifyingGetItIn2DaysFilterFunctionality_Tablet_17-46-21 - [verifyingGetItIn2DaysFilterFunctionality_Tablet_17-46-21] Clicking on the submit in the search bar
17:46:40 [TestNG-test-Test-3] INFO  verifyingGetItIn2DaysFilterFunctionality_Tablet_17-46-21 - [verifyingGetItIn2DaysFilterFunctionality_Tablet_17-46-21] Waiting until element is visible in viewport
17:46:40 [TestNG-test-Test-3] INFO  verifyingGetItIn2DaysFilterFunctionality_Tablet_17-46-21 - [verifyingGetItIn2DaysFilterFunctionality_Tablet_17-46-21] Within validateDeliveryFilterOptionsWithResult method
17:46:40 [TestNG-test-Test-3] INFO  verifyingGetItIn2DaysFilterFunctionality_Tablet_17-46-21 - [verifyingGetItIn2DaysFilterFunctionality_Tablet_17-46-21] Within safeClick method
17:46:40 [TestNG-test-Test-3] INFO  verifyingGetItIn2DaysFilterFunctionality_Tablet_17-46-21 - [verifyingGetItIn2DaysFilterFunctionality_Tablet_17-46-21] Clicked the  [[ChromeDriver: chrome on windows (317b70f88ddce54cff93494a6eff1765)] -> xpath: //span[@class='a-size-base a-color-base puis-bold-weight-text' and text()='Delivery Day']/parent::div/following-sibling::ul//span[@class='a-size-base a-color-base' and text()='Get It in 2 Days']]   using safeClick
17:46:40 [TestNG-test-Test-3] INFO  verifyingGetItIn2DaysFilterFunctionality_Tablet_17-46-21 - [verifyingGetItIn2DaysFilterFunctionality_Tablet_17-46-21] Within getMoreButtonByFilterTypeAndName method
17:46:40 [TestNG-test-Test-3] INFO  verifyingGetItIn2DaysFilterFunctionality_Tablet_17-46-21 - [verifyingGetItIn2DaysFilterFunctionality_Tablet_17-46-21] Clicked on By.xpath: //span[@class='a-size-base a-color-base puis-bold-weight-text' and text()='Delivery Day']/parent::div/following-sibling::ul//span[@class='a-size-base a-color-base' and text()='Get It in 2 Days']
17:46:40 [TestNG-test-Test-3] INFO  verifyingGetItIn2DaysFilterFunctionality_Tablet_17-46-21 - [verifyingGetItIn2DaysFilterFunctionality_Tablet_17-46-21] Within safeFindElements 
17:46:41 [TestNG-test-Test-3] INFO  verifyingGetItIn2DaysFilterFunctionality_Tablet_17-46-21 - [verifyingGetItIn2DaysFilterFunctionality_Tablet_17-46-21] Returning the  [[[ChromeDriver: chrome on windows (317b70f88ddce54cff93494a6eff1765)] -> xpath: //div[@class='a-section a-spacing-small a-spacing-top-small']], [[ChromeDriver: chrome on windows (317b70f88ddce54cff93494a6eff1765)] -> xpath: //div[@class='a-section a-spacing-small a-spacing-top-small']], [[ChromeDriver: chrome on windows (317b70f88ddce54cff93494a6eff1765)] -> xpath: //div[@class='a-section a-spacing-small a-spacing-top-small']], [[ChromeDriver: chrome on windows (317b70f88ddce54cff93494a6eff1765)] -> xpath: //div[@class='a-section a-spacing-small a-spacing-top-small']], [[ChromeDriver: chrome on windows (317b70f88ddce54cff93494a6eff1765)] -> xpath: //div[@class='a-section a-spacing-small a-spacing-top-small']], [[ChromeDriver: chrome on windows (317b70f88ddce54cff93494a6eff1765)] -> xpath: //div[@class='a-section a-spacing-small a-spacing-top-small']], [[ChromeDriver: chrome on windows (317b70f88ddce54cff93494a6eff1765)] -> xpath: //div[@class='a-section a-spacing-small a-spacing-top-small']], [[ChromeDriver: chrome on windows (317b70f88ddce54cff93494a6eff1765)] -> xpath: //div[@class='a-section a-spacing-small a-spacing-top-small']], [[ChromeDriver: chrome on windows (317b70f88ddce54cff93494a6eff1765)] -> xpath: //div[@class='a-section a-spacing-small a-spacing-top-small']], [[ChromeDriver: chrome on windows (317b70f88ddce54cff93494a6eff1765)] -> xpath: //div[@class='a-section a-spacing-small a-spacing-top-small']], [[ChromeDriver: chrome on windows (317b70f88ddce54cff93494a6eff1765)] -> xpath: //div[@class='a-section a-spacing-small a-spacing-top-small']], [[ChromeDriver: chrome on windows (317b70f88ddce54cff93494a6eff1765)] -> xpath: //div[@class='a-section a-spacing-small a-spacing-top-small']], [[ChromeDriver: chrome on windows (317b70f88ddce54cff93494a6eff1765)] -> xpath: //div[@class='a-section a-spacing-small a-spacing-top-small']], [[ChromeDriver: chrome on windows (317b70f88ddce54cff93494a6eff1765)] -> xpath: //div[@class='a-section a-spacing-small a-spacing-top-small']], [[ChromeDriver: chrome on windows (317b70f88ddce54cff93494a6eff1765)] -> xpath: //div[@class='a-section a-spacing-small a-spacing-top-small']], [[ChromeDriver: chrome on windows (317b70f88ddce54cff93494a6eff1765)] -> xpath: //div[@class='a-section a-spacing-small a-spacing-top-small']]] from the safeFindElements method
17:46:41 [TestNG-test-Test-3] INFO  verifyingGetItIn2DaysFilterFunctionality_Tablet_17-46-21 - [verifyingGetItIn2DaysFilterFunctionality_Tablet_17-46-21] Created hashset with required data to assert with Within validateDeliveryFilterOptions method
17:46:41 [TestNG-test-Test-3] INFO  verifyingGetItIn2DaysFilterFunctionality_Tablet_17-46-21 - [verifyingGetItIn2DaysFilterFunctionality_Tablet_17-46-21] this is the set  [Today, 03, May, 04, FREE delivery, Sun, Mon, Tomorrow]
17:46:41 [TestNG-test-Test-3] INFO  verifyingGetItIn2DaysFilterFunctionality_Tablet_17-46-21 - [verifyingGetItIn2DaysFilterFunctionality_Tablet_17-46-21] Within deliveryElements loop iterating over the products  Within validateDeliveryFilterOptions method
17:46:41 [TestNG-test-Test-3] INFO  verifyingGetItIn2DaysFilterFunctionality_Tablet_17-46-21 - [verifyingGetItIn2DaysFilterFunctionality_Tablet_17-46-21] Checking if the allowedDateParts have the assert text   Within validateDeliveryFilterOptions method
17:46:41 [TestNG-test-Test-3] INFO  verifyingGetItIn2DaysFilterFunctionality_Tablet_17-46-21 - [verifyingGetItIn2DaysFilterFunctionality_Tablet_17-46-21] Within deliveryElements loop iterating over the products  Within validateDeliveryFilterOptions method
17:46:41 [TestNG-test-Test-3] INFO  verifyingGetItIn2DaysFilterFunctionality_Tablet_17-46-21 - [verifyingGetItIn2DaysFilterFunctionality_Tablet_17-46-21] Checking if the allowedDateParts have the assert text   Within validateDeliveryFilterOptions method
17:46:41 [TestNG-test-Test-3] INFO  verifyingGetItIn2DaysFilterFunctionality_Tablet_17-46-21 - [verifyingGetItIn2DaysFilterFunctionality_Tablet_17-46-21] Within deliveryElements loop iterating over the products  Within validateDeliveryFilterOptions method
17:46:41 [TestNG-test-Test-3] INFO  verifyingGetItIn2DaysFilterFunctionality_Tablet_17-46-21 - [verifyingGetItIn2DaysFilterFunctionality_Tablet_17-46-21] Checking if the allowedDateParts have the assert text   Within validateDeliveryFilterOptions method
17:46:41 [TestNG-test-Test-3] INFO  verifyingGetItIn2DaysFilterFunctionality_Tablet_17-46-21 - [verifyingGetItIn2DaysFilterFunctionality_Tablet_17-46-21] Within deliveryElements loop iterating over the products  Within validateDeliveryFilterOptions method
17:46:41 [TestNG-test-Test-3] INFO  verifyingGetItIn2DaysFilterFunctionality_Tablet_17-46-21 - [verifyingGetItIn2DaysFilterFunctionality_Tablet_17-46-21] Checking if the allowedDateParts have the assert text   Within validateDeliveryFilterOptions method
17:46:41 [TestNG-test-Test-3] INFO  verifyingGetItIn2DaysFilterFunctionality_Tablet_17-46-21 - [verifyingGetItIn2DaysFilterFunctionality_Tablet_17-46-21] Within deliveryElements loop iterating over the products  Within validateDeliveryFilterOptions method
17:46:41 [TestNG-test-Test-3] INFO  verifyingGetItIn2DaysFilterFunctionality_Tablet_17-46-21 - [verifyingGetItIn2DaysFilterFunctionality_Tablet_17-46-21] Assert text not found wihtin AllowedDateParts
17:46:41 [TestNG-test-Test-3] INFO  verifyingGetItIn2DaysFilterFunctionality_Tablet_17-46-21 - [verifyingGetItIn2DaysFilterFunctionality_Tablet_17-46-21] Asserting delivery filter: isValid=false, index=4, text=OnePlus Pad Go 2, 30.73 cm (12.1 inch) 2.8K Display, Dolby Vision™, 120Hz Refresh Rate, Quad Speakers, AI, 10050 mAh Battery, Wi-Fi Tablet, 8GB RAM 128 GB Storage, Shadow Black
4.1
(551)
500+ bought in past month
See options
