2026-03-31 07:44:28.650 PM [TestNG-test-Test-1] INFO  [verifyingPriceSilderFunctionality] 🔹 Starting test method: verifyingPriceSilderFunctionality
2026-03-31 07:44:28.652 PM [TestNG-test-Test-1] INFO  [verifyingPriceSilderFunctionality] No existing WebDriver found for current thread. Initializing a new ChromeDriver...
2026-03-31 07:44:28.660 PM [TestNG-test-Test-1] INFO  [verifyingPriceSilderFunctionality] WebDriverManager: chromedriver setup OK
2026-03-31 07:44:30.250 PM [TestNG-test-Test-1] INFO  [verifyingPriceSilderFunctionality] ChromeDriver initialized successfully for thread: 34
2026-03-31 07:44:30.884 PM [TestNG-test-Test-1] INFO  [verifyingPriceSilderFunctionality] [verifyingPriceSilderFunctionality] Opening amazon Landing page
2026-03-31 07:44:30.887 PM [TestNG-test-Test-1] INFO  [verifyingPriceSilderFunctionality] [verifyingPriceSilderFunctionality] Within safeFindElement method
2026-03-31 07:44:36.300 PM [TestNG-test-Test-1] INFO  [verifyingPriceSilderFunctionality] [verifyingPriceSilderFunctionality]Retrying findElement for: ->By.xpath: //a[@id='nav-logo-sprites']
2026-03-31 07:44:36.614 PM [TestNG-test-Test-1] INFO  [verifyingPriceSilderFunctionality] [verifyingPriceSilderFunctionality]Refrehsing the page , while trying to safely find : ->By.xpath: //a[@id='nav-logo-sprites']
2026-03-31 07:44:41.723 PM [TestNG-test-Test-1] INFO  [verifyingPriceSilderFunctionality] [verifyingPriceSilderFunctionality]Retrying findElement for: ->By.xpath: //a[@id='nav-logo-sprites']
2026-03-31 07:44:42.046 PM [TestNG-test-Test-1] INFO  [verifyingPriceSilderFunctionality] [verifyingPriceSilderFunctionality]Refrehsing the page , while trying to safely find : ->By.xpath: //a[@id='nav-logo-sprites']
2026-03-31 07:44:42.046 PM [TestNG-test-Test-1] INFO  [verifyingPriceSilderFunctionality] [verifyingPriceSilderFunctionality] Skipping action: Element not found after 2   attemps
2026-03-31 07:44:45.670 PM [TestNG-test-Test-1] INFO  [verifyingPriceSilderFunctionality] [verifyingPriceSilderFunctionality] Giving input within the search bar
2026-03-31 07:44:45.670 PM [TestNG-test-Test-1] INFO  [verifyingPriceSilderFunctionality] [verifyingPriceSilderFunctionality] Within safeClick method
2026-03-31 07:44:48.095 PM [TestNG-test-Test-1] INFO  [verifyingPriceSilderFunctionality] [verifyingPriceSilderFunctionality] Clicked the  [[ChromeDriver: chrome on windows (2e2d63e38992abb886b678f0b444a9c2)] -> xpath: //input[@id='nav-search-submit-button']]   using safeClick
2026-03-31 07:44:48.095 PM [TestNG-test-Test-1] INFO  [verifyingPriceSilderFunctionality] [verifyingPriceSilderFunctionality] Clicking on the submit in the search bar
2026-03-31 07:44:48.276 PM [TestNG-test-Test-1] INFO  [verifyingPriceSilderFunctionality] [verifyingPriceSilderFunctionality] Within filterCheckUnderList method
2026-03-31 07:44:48.361 PM [TestNG-test-Test-1] INFO  [verifyingPriceSilderFunctionality] [verifyingPriceSilderFunctionality] Found the Filter within the filter check List
2026-03-31 07:44:48.361 PM [TestNG-test-Test-1] INFO  [verifyingPriceSilderFunctionality] [verifyingPriceSilderFunctionality] Within applyPriceSliderAndValidateWithResult method
2026-03-31 07:44:48.361 PM [TestNG-test-Test-1] INFO  [verifyingPriceSilderFunctionality] [verifyingPriceSilderFunctionality] Within smoothScrollToElement method
2026-03-31 07:44:48.361 PM [TestNG-test-Test-1] INFO  [verifyingPriceSilderFunctionality] [verifyingPriceSilderFunctionality] Within safeFindElement method
2026-03-31 07:44:48.438 PM [TestNG-test-Test-1] INFO  [verifyingPriceSilderFunctionality] [verifyingPriceSilderFunctionality]Found the element returning it ,element ->[[ChromeDriver: chrome on windows (2e2d63e38992abb886b678f0b444a9c2)] -> id: p_36/range-slider_slider-item_lower-bound-slider]
2026-03-31 07:44:48.490 PM [TestNG-test-Test-1] INFO  [verifyingPriceSilderFunctionality] [verifyingPriceSilderFunctionality] Successfully scrolled to element: By.id: p_36/range-slider_slider-item_lower-bound-slider
2026-03-31 07:44:48.491 PM [TestNG-test-Test-1] INFO  [verifyingPriceSilderFunctionality] [verifyingPriceSilderFunctionality] Within safeFindElement method
2026-03-31 07:44:48.542 PM [TestNG-test-Test-1] INFO  [verifyingPriceSilderFunctionality] [verifyingPriceSilderFunctionality]Found the element returning it ,element ->[[ChromeDriver: chrome on windows (2e2d63e38992abb886b678f0b444a9c2)] -> id: p_36/range-slider_slider-item_lower-bound-slider]
2026-03-31 07:44:48.542 PM [TestNG-test-Test-1] INFO  [verifyingPriceSilderFunctionality] [verifyingPriceSilderFunctionality] Within safeFindElement method
2026-03-31 07:44:48.634 PM [TestNG-test-Test-1] INFO  [verifyingPriceSilderFunctionality] [verifyingPriceSilderFunctionality]Found the element returning it ,element ->[[ChromeDriver: chrome on windows (2e2d63e38992abb886b678f0b444a9c2)] -> id: p_36/range-slider_slider-item_upper-bound-slider]
2026-03-31 07:44:48.661 PM [TestNG-test-Test-1] INFO  [verifyingPriceSilderFunctionality] [verifyingPriceSilderFunctionality] in the setSliderValue method with value 61
2026-03-31 07:44:48.677 PM [TestNG-test-Test-1] INFO  [verifyingPriceSilderFunctionality] [verifyingPriceSilderFunctionality] in the setSliderValue method with value 81
2026-03-31 07:44:48.677 PM [TestNG-test-Test-1] INFO  [verifyingPriceSilderFunctionality] [verifyingPriceSilderFunctionality] Within safeFindElement method
2026-03-31 07:44:48.771 PM [TestNG-test-Test-1] INFO  [verifyingPriceSilderFunctionality] [verifyingPriceSilderFunctionality]Found the element returning it ,element ->[[ChromeDriver: chrome on windows (2e2d63e38992abb886b678f0b444a9c2)] -> xpath: //label[@for='p_36/range-slider_slider-item_upper-bound-slider']]
2026-03-31 07:44:48.781 PM [TestNG-test-Test-1] INFO  [verifyingPriceSilderFunctionality] [verifyingPriceSilderFunctionality] Within safeFindElement method
2026-03-31 07:44:48.839 PM [TestNG-test-Test-1] INFO  [verifyingPriceSilderFunctionality] [verifyingPriceSilderFunctionality]Found the element returning it ,element ->[[ChromeDriver: chrome on windows (2e2d63e38992abb886b678f0b444a9c2)] -> xpath: //label[@for='p_36/range-slider_slider-item_lower-bound-slider']]
2026-03-31 07:44:49.381 PM [TestNG-test-Test-1] INFO  [verifyingPriceSilderFunctionality] [verifyingPriceSilderFunctionality] Within smoothScrollToElement method
2026-03-31 07:44:49.381 PM [TestNG-test-Test-1] INFO  [verifyingPriceSilderFunctionality] [verifyingPriceSilderFunctionality] Within safeFindElement method
2026-03-31 07:44:50.494 PM [TestNG-test-Test-1] INFO  [verifyingPriceSilderFunctionality] [verifyingPriceSilderFunctionality]Found the element returning it ,element ->[[ChromeDriver: chrome on windows (2e2d63e38992abb886b678f0b444a9c2)] -> id: p_36/range-slider_slider-item_lower-bound-slider]
2026-03-31 07:44:50.499 PM [TestNG-test-Test-1] INFO  [verifyingPriceSilderFunctionality] [verifyingPriceSilderFunctionality] Successfully scrolled to element: By.id: p_36/range-slider_slider-item_lower-bound-slider
2026-03-31 07:44:50.500 PM [TestNG-test-Test-1] INFO  [verifyingPriceSilderFunctionality] [verifyingPriceSilderFunctionality] Capturing screenshot: Filter_Applied_is_Max_Price_14_300_Min_price_7_100__2026-03-31_194450.jpg
2026-03-31 07:44:50.707 PM [TestNG-test-Test-1] INFO  [verifyingPriceSilderFunctionality] [verifyingPriceSilderFunctionality] Screenshot saved at: test-output/screenshots/Run_2026-03-31_18-41-45/verifyingPriceSilderFunctionality/Filter_Applied_is_Max_Price_14_300_Min_price_7_100__2026-03-31_194450.jpg
2026-03-31 07:44:50.707 PM [TestNG-test-Test-1] INFO  [verifyingPriceSilderFunctionality] [verifyingPriceSilderFunctionality] Adding the data 'min','max','isValid' ,'mismatches' to 'result' Map->81
2026-03-31 07:44:50.707 PM [TestNG-test-Test-1] INFO  [verifyingPriceSilderFunctionality] [verifyingPriceSilderFunctionality] Adding the 'results'  Map to the master 'allResults' i.e is List of maps->81
2026-03-31 07:44:50.734 PM [TestNG-test-Test-1] INFO  [verifyingPriceSilderFunctionality] [verifyingPriceSilderFunctionality] in the setSliderValue method with value 91
2026-03-31 07:44:50.742 PM [TestNG-test-Test-1] INFO  [verifyingPriceSilderFunctionality] [verifyingPriceSilderFunctionality] in the setSliderValue method with value 121
2026-03-31 07:44:50.742 PM [TestNG-test-Test-1] INFO  [verifyingPriceSilderFunctionality] [verifyingPriceSilderFunctionality] Within safeFindElement method
2026-03-31 07:44:50.794 PM [TestNG-test-Test-1] INFO  [verifyingPriceSilderFunctionality] [verifyingPriceSilderFunctionality]Found the element returning it ,element ->[[ChromeDriver: chrome on windows (2e2d63e38992abb886b678f0b444a9c2)] -> xpath: //label[@for='p_36/range-slider_slider-item_upper-bound-slider']]
2026-03-31 07:44:50.801 PM [TestNG-test-Test-1] INFO  [verifyingPriceSilderFunctionality] [verifyingPriceSilderFunctionality] Within safeFindElement method
2026-03-31 07:44:50.843 PM [TestNG-test-Test-1] INFO  [verifyingPriceSilderFunctionality] [verifyingPriceSilderFunctionality]Found the element returning it ,element ->[[ChromeDriver: chrome on windows (2e2d63e38992abb886b678f0b444a9c2)] -> xpath: //label[@for='p_36/range-slider_slider-item_lower-bound-slider']]
2026-03-31 07:44:51.377 PM [TestNG-test-Test-1] INFO  [verifyingPriceSilderFunctionality] [verifyingPriceSilderFunctionality] Within smoothScrollToElement method
2026-03-31 07:44:51.377 PM [TestNG-test-Test-1] INFO  [verifyingPriceSilderFunctionality] [verifyingPriceSilderFunctionality] Within safeFindElement method
2026-03-31 07:44:52.548 PM [TestNG-test-Test-1] INFO  [verifyingPriceSilderFunctionality] [verifyingPriceSilderFunctionality]Found the element returning it ,element ->[[ChromeDriver: chrome on windows (2e2d63e38992abb886b678f0b444a9c2)] -> id: p_36/range-slider_slider-item_lower-bound-slider]
2026-03-31 07:44:52.554 PM [TestNG-test-Test-1] INFO  [verifyingPriceSilderFunctionality] [verifyingPriceSilderFunctionality] Successfully scrolled to element: By.id: p_36/range-slider_slider-item_lower-bound-slider
2026-03-31 07:44:52.555 PM [TestNG-test-Test-1] INFO  [verifyingPriceSilderFunctionality] [verifyingPriceSilderFunctionality] Capturing screenshot: Filter_Applied_is_Max_Price_38_500_Min_price_10_300__2026-03-31_194452.jpg
2026-03-31 07:44:52.737 PM [TestNG-test-Test-1] INFO  [verifyingPriceSilderFunctionality] [verifyingPriceSilderFunctionality] Screenshot saved at: test-output/screenshots/Run_2026-03-31_18-41-45/verifyingPriceSilderFunctionality/Filter_Applied_is_Max_Price_38_500_Min_price_10_300__2026-03-31_194452.jpg
2026-03-31 07:44:52.737 PM [TestNG-test-Test-1] INFO  [verifyingPriceSilderFunctionality] [verifyingPriceSilderFunctionality] Adding the data 'min','max','isValid' ,'mismatches' to 'result' Map->121
2026-03-31 07:44:52.737 PM [TestNG-test-Test-1] INFO  [verifyingPriceSilderFunctionality] [verifyingPriceSilderFunctionality] Adding the 'results'  Map to the master 'allResults' i.e is List of maps->121
2026-03-31 07:44:52.761 PM [TestNG-test-Test-1] INFO  [verifyingPriceSilderFunctionality] [verifyingPriceSilderFunctionality] in the setSliderValue method with value 131
2026-03-31 07:44:52.770 PM [TestNG-test-Test-1] INFO  [verifyingPriceSilderFunctionality] [verifyingPriceSilderFunctionality] in the setSliderValue method with value 161
2026-03-31 07:44:52.771 PM [TestNG-test-Test-1] INFO  [verifyingPriceSilderFunctionality] [verifyingPriceSilderFunctionality] Within safeFindElement method
2026-03-31 07:44:52.830 PM [TestNG-test-Test-1] INFO  [verifyingPriceSilderFunctionality] [verifyingPriceSilderFunctionality]Found the element returning it ,element ->[[ChromeDriver: chrome on windows (2e2d63e38992abb886b678f0b444a9c2)] -> xpath: //label[@for='p_36/range-slider_slider-item_upper-bound-slider']]
2026-03-31 07:44:52.849 PM [TestNG-test-Test-1] INFO  [verifyingPriceSilderFunctionality] [verifyingPriceSilderFunctionality] Within safeFindElement method
2026-03-31 07:44:52.916 PM [TestNG-test-Test-1] INFO  [verifyingPriceSilderFunctionality] [verifyingPriceSilderFunctionality]Found the element returning it ,element ->[[ChromeDriver: chrome on windows (2e2d63e38992abb886b678f0b444a9c2)] -> xpath: //label[@for='p_36/range-slider_slider-item_lower-bound-slider']]
2026-03-31 07:44:53.489 PM [TestNG-test-Test-1] INFO  [verifyingPriceSilderFunctionality] [verifyingPriceSilderFunctionality] Within smoothScrollToElement method
2026-03-31 07:44:53.490 PM [TestNG-test-Test-1] INFO  [verifyingPriceSilderFunctionality] [verifyingPriceSilderFunctionality] Within safeFindElement method
2026-03-31 07:44:54.596 PM [TestNG-test-Test-1] INFO  [verifyingPriceSilderFunctionality] [verifyingPriceSilderFunctionality]Found the element returning it ,element ->[[ChromeDriver: chrome on windows (2e2d63e38992abb886b678f0b444a9c2)] -> id: p_36/range-slider_slider-item_lower-bound-slider]
2026-03-31 07:44:54.605 PM [TestNG-test-Test-1] INFO  [verifyingPriceSilderFunctionality] [verifyingPriceSilderFunctionality] Successfully scrolled to element: By.id: p_36/range-slider_slider-item_lower-bound-slider
2026-03-31 07:44:54.605 PM [TestNG-test-Test-1] INFO  [verifyingPriceSilderFunctionality] [verifyingPriceSilderFunctionality] Capturing screenshot: Filter_Applied_is_Max_Price_78_200_Min_price_31_100__2026-03-31_194454.jpg
2026-03-31 07:44:54.790 PM [TestNG-test-Test-1] INFO  [verifyingPriceSilderFunctionality] [verifyingPriceSilderFunctionality] Screenshot saved at: test-output/screenshots/Run_2026-03-31_18-41-45/verifyingPriceSilderFunctionality/Filter_Applied_is_Max_Price_78_200_Min_price_31_100__2026-03-31_194454.jpg
2026-03-31 07:44:54.790 PM [TestNG-test-Test-1] INFO  [verifyingPriceSilderFunctionality] [verifyingPriceSilderFunctionality] Adding the data 'min','max','isValid' ,'mismatches' to 'result' Map->161
2026-03-31 07:44:54.790 PM [TestNG-test-Test-1] INFO  [verifyingPriceSilderFunctionality] [verifyingPriceSilderFunctionality] Adding the 'results'  Map to the master 'allResults' i.e is List of maps->161
2026-03-31 07:44:54.790 PM [TestNG-test-Test-1] INFO  [verifyingPriceSilderFunctionality] [verifyingPriceSilderFunctionality] Returning the data here in the end
2026-03-31 07:44:54.790 PM [TestNG-test-Test-1] INFO  [verifyingPriceSilderFunctionality] [verifyingPriceSilderFunctionality]  Price range validated successfully: 61 - 81
2026-03-31 07:44:54.790 PM [TestNG-test-Test-1] INFO  [verifyingPriceSilderFunctionality] [verifyingPriceSilderFunctionality] ------------------------------------------------------------
2026-03-31 07:44:54.790 PM [TestNG-test-Test-1] INFO  [verifyingPriceSilderFunctionality] [verifyingPriceSilderFunctionality]  Price range validated successfully: 91 - 121
2026-03-31 07:44:54.790 PM [TestNG-test-Test-1] INFO  [verifyingPriceSilderFunctionality] [verifyingPriceSilderFunctionality] ------------------------------------------------------------
2026-03-31 07:44:54.790 PM [TestNG-test-Test-1] INFO  [verifyingPriceSilderFunctionality] [verifyingPriceSilderFunctionality]  Price range validated successfully: 131 - 161
2026-03-31 07:44:54.790 PM [TestNG-test-Test-1] INFO  [verifyingPriceSilderFunctionality] [verifyingPriceSilderFunctionality] ------------------------------------------------------------
2026-03-31 07:44:54.791 PM [TestNG-test-Test-1] INFO  [verifyingPriceSilderFunctionality] [verifyingPriceSilderFunctionality]  Asserting all soft assertions now...
2026-03-31 07:44:54.794 PM [TestNG-test-Test-1] INFO  [verifyingPriceSilderFunctionality] ✅ Finished test method: verifyingPriceSilderFunctionality
2026-03-31 07:44:55.093 PM [TestNG-test-Test-1] INFO  [verifyingPriceSilderFunctionality] 🔹 Starting test method: verifyingPriceSilderFunctionality
2026-03-31 07:44:55.093 PM [TestNG-test-Test-1] INFO  [verifyingPriceSilderFunctionality] No existing WebDriver found for current thread. Initializing a new ChromeDriver...
2026-03-31 07:44:55.104 PM [TestNG-test-Test-1] INFO  [verifyingPriceSilderFunctionality] WebDriverManager: chromedriver setup OK
2026-03-31 07:44:56.202 PM [TestNG-test-Test-1] INFO  [verifyingPriceSilderFunctionality] ChromeDriver initialized successfully for thread: 34
2026-03-31 07:44:56.819 PM [TestNG-test-Test-1] INFO  [verifyingPriceSilderFunctionality] [verifyingPriceSilderFunctionality] Opening amazon Landing page
2026-03-31 07:44:56.819 PM [TestNG-test-Test-1] INFO  [verifyingPriceSilderFunctionality] [verifyingPriceSilderFunctionality] Within safeFindElement method
2026-03-31 07:45:01.949 PM [TestNG-test-Test-1] INFO  [verifyingPriceSilderFunctionality] [verifyingPriceSilderFunctionality]Retrying findElement for: ->By.xpath: //a[@id='nav-logo-sprites']
2026-03-31 07:45:02.376 PM [TestNG-test-Test-1] INFO  [verifyingPriceSilderFunctionality] [verifyingPriceSilderFunctionality]Refrehsing the page , while trying to safely find : ->By.xpath: //a[@id='nav-logo-sprites']
2026-03-31 07:45:07.493 PM [TestNG-test-Test-1] INFO  [verifyingPriceSilderFunctionality] [verifyingPriceSilderFunctionality]Retrying findElement for: ->By.xpath: //a[@id='nav-logo-sprites']
2026-03-31 07:45:07.772 PM [TestNG-test-Test-1] INFO  [verifyingPriceSilderFunctionality] [verifyingPriceSilderFunctionality]Refrehsing the page , while trying to safely find : ->By.xpath: //a[@id='nav-logo-sprites']
2026-03-31 07:45:07.772 PM [TestNG-test-Test-1] INFO  [verifyingPriceSilderFunctionality] [verifyingPriceSilderFunctionality] Skipping action: Element not found after 2   attemps
2026-03-31 07:45:10.865 PM [TestNG-test-Test-1] INFO  [verifyingPriceSilderFunctionality] [verifyingPriceSilderFunctionality] Giving input within the search bar
2026-03-31 07:45:10.865 PM [TestNG-test-Test-1] INFO  [verifyingPriceSilderFunctionality] [verifyingPriceSilderFunctionality] Within safeClick method
2026-03-31 07:45:12.583 PM [TestNG-test-Test-1] INFO  [verifyingPriceSilderFunctionality] [verifyingPriceSilderFunctionality] Clicked the  [[ChromeDriver: chrome on windows (720987eafbc366c458aa3e103fab89a8)] -> xpath: //input[@id='nav-search-submit-button']]   using safeClick
2026-03-31 07:45:12.583 PM [TestNG-test-Test-1] INFO  [verifyingPriceSilderFunctionality] [verifyingPriceSilderFunctionality] Clicking on the submit in the search bar
2026-03-31 07:45:12.712 PM [TestNG-test-Test-1] INFO  [verifyingPriceSilderFunctionality] [verifyingPriceSilderFunctionality] Within filterCheckUnderList method
2026-03-31 07:45:12.782 PM [TestNG-test-Test-1] INFO  [verifyingPriceSilderFunctionality] [verifyingPriceSilderFunctionality] Found the Filter within the filter check List
2026-03-31 07:45:12.782 PM [TestNG-test-Test-1] INFO  [verifyingPriceSilderFunctionality] [verifyingPriceSilderFunctionality] Within applyPriceSliderAndValidateWithResult method
2026-03-31 07:45:12.783 PM [TestNG-test-Test-1] INFO  [verifyingPriceSilderFunctionality] [verifyingPriceSilderFunctionality] Within smoothScrollToElement method
2026-03-31 07:45:12.783 PM [TestNG-test-Test-1] INFO  [verifyingPriceSilderFunctionality] [verifyingPriceSilderFunctionality] Within safeFindElement method
2026-03-31 07:45:12.825 PM [TestNG-test-Test-1] INFO  [verifyingPriceSilderFunctionality] [verifyingPriceSilderFunctionality]Found the element returning it ,element ->[[ChromeDriver: chrome on windows (720987eafbc366c458aa3e103fab89a8)] -> id: p_36/range-slider_slider-item_lower-bound-slider]
2026-03-31 07:45:12.839 PM [TestNG-test-Test-1] INFO  [verifyingPriceSilderFunctionality] [verifyingPriceSilderFunctionality] Successfully scrolled to element: By.id: p_36/range-slider_slider-item_lower-bound-slider
2026-03-31 07:45:12.839 PM [TestNG-test-Test-1] INFO  [verifyingPriceSilderFunctionality] [verifyingPriceSilderFunctionality] Within safeFindElement method
2026-03-31 07:45:12.896 PM [TestNG-test-Test-1] INFO  [verifyingPriceSilderFunctionality] [verifyingPriceSilderFunctionality]Found the element returning it ,element ->[[ChromeDriver: chrome on windows (720987eafbc366c458aa3e103fab89a8)] -> id: p_36/range-slider_slider-item_lower-bound-slider]
2026-03-31 07:45:12.896 PM [TestNG-test-Test-1] INFO  [verifyingPriceSilderFunctionality] [verifyingPriceSilderFunctionality] Within safeFindElement method
2026-03-31 07:45:12.960 PM [TestNG-test-Test-1] INFO  [verifyingPriceSilderFunctionality] [verifyingPriceSilderFunctionality]Found the element returning it ,element ->[[ChromeDriver: chrome on windows (720987eafbc366c458aa3e103fab89a8)] -> id: p_36/range-slider_slider-item_upper-bound-slider]
2026-03-31 07:45:12.983 PM [TestNG-test-Test-1] INFO  [verifyingPriceSilderFunctionality] [verifyingPriceSilderFunctionality] in the setSliderValue method with value 61
2026-03-31 07:45:12.988 PM [TestNG-test-Test-1] INFO  [verifyingPriceSilderFunctionality] [verifyingPriceSilderFunctionality] in the setSliderValue method with value 81
2026-03-31 07:45:12.988 PM [TestNG-test-Test-1] INFO  [verifyingPriceSilderFunctionality] [verifyingPriceSilderFunctionality] Within safeFindElement method
2026-03-31 07:45:13.034 PM [TestNG-test-Test-1] INFO  [verifyingPriceSilderFunctionality] [verifyingPriceSilderFunctionality]Found the element returning it ,element ->[[ChromeDriver: chrome on windows (720987eafbc366c458aa3e103fab89a8)] -> xpath: //label[@for='p_36/range-slider_slider-item_upper-bound-slider']]
2026-03-31 07:45:13.045 PM [TestNG-test-Test-1] INFO  [verifyingPriceSilderFunctionality] [verifyingPriceSilderFunctionality] Within safeFindElement method
2026-03-31 07:45:13.096 PM [TestNG-test-Test-1] INFO  [verifyingPriceSilderFunctionality] [verifyingPriceSilderFunctionality]Found the element returning it ,element ->[[ChromeDriver: chrome on windows (720987eafbc366c458aa3e103fab89a8)] -> xpath: //label[@for='p_36/range-slider_slider-item_lower-bound-slider']]
2026-03-31 07:45:13.626 PM [TestNG-test-Test-1] INFO  [verifyingPriceSilderFunctionality] [verifyingPriceSilderFunctionality] Within smoothScrollToElement method
2026-03-31 07:45:13.626 PM [TestNG-test-Test-1] INFO  [verifyingPriceSilderFunctionality] [verifyingPriceSilderFunctionality] Within safeFindElement method
2026-03-31 07:45:14.902 PM [TestNG-test-Test-1] INFO  [verifyingPriceSilderFunctionality] [verifyingPriceSilderFunctionality]Found the element returning it ,element ->[[ChromeDriver: chrome on windows (720987eafbc366c458aa3e103fab89a8)] -> id: p_36/range-slider_slider-item_lower-bound-slider]
2026-03-31 07:45:14.923 PM [TestNG-test-Test-1] INFO  [verifyingPriceSilderFunctionality] [verifyingPriceSilderFunctionality] Successfully scrolled to element: By.id: p_36/range-slider_slider-item_lower-bound-slider
2026-03-31 07:45:14.924 PM [TestNG-test-Test-1] INFO  [verifyingPriceSilderFunctionality] [verifyingPriceSilderFunctionality] Capturing screenshot: Filter_Applied_is_Max_Price_30_900_Min_price_15_700__2026-03-31_194514.jpg
2026-03-31 07:45:15.273 PM [TestNG-test-Test-1] INFO  [verifyingPriceSilderFunctionality] [verifyingPriceSilderFunctionality] Screenshot saved at: test-output/screenshots/Run_2026-03-31_18-41-45/verifyingPriceSilderFunctionality/Filter_Applied_is_Max_Price_30_900_Min_price_15_700__2026-03-31_194514.jpg
2026-03-31 07:45:15.273 PM [TestNG-test-Test-1] INFO  [verifyingPriceSilderFunctionality] [verifyingPriceSilderFunctionality] Adding the data 'min','max','isValid' ,'mismatches' to 'result' Map->81
2026-03-31 07:45:15.273 PM [TestNG-test-Test-1] INFO  [verifyingPriceSilderFunctionality] [verifyingPriceSilderFunctionality] Adding the 'results'  Map to the master 'allResults' i.e is List of maps->81
2026-03-31 07:45:15.313 PM [TestNG-test-Test-1] INFO  [verifyingPriceSilderFunctionality] [verifyingPriceSilderFunctionality] in the setSliderValue method with value 91
2026-03-31 07:45:15.352 PM [TestNG-test-Test-1] INFO  [verifyingPriceSilderFunctionality] [verifyingPriceSilderFunctionality] in the setSliderValue method with value 121
2026-03-31 07:45:15.352 PM [TestNG-test-Test-1] INFO  [verifyingPriceSilderFunctionality] [verifyingPriceSilderFunctionality] Within safeFindElement method
2026-03-31 07:45:15.480 PM [TestNG-test-Test-1] INFO  [verifyingPriceSilderFunctionality] [verifyingPriceSilderFunctionality]Found the element returning it ,element ->[[ChromeDriver: chrome on windows (720987eafbc366c458aa3e103fab89a8)] -> xpath: //label[@for='p_36/range-slider_slider-item_upper-bound-slider']]
2026-03-31 07:45:15.501 PM [TestNG-test-Test-1] INFO  [verifyingPriceSilderFunctionality] [verifyingPriceSilderFunctionality] Within safeFindElement method
2026-03-31 07:45:15.763 PM [TestNG-test-Test-1] INFO  [verifyingPriceSilderFunctionality] [verifyingPriceSilderFunctionality]Found the element returning it ,element ->[[ChromeDriver: chrome on windows (720987eafbc366c458aa3e103fab89a8)] -> xpath: //label[@for='p_36/range-slider_slider-item_lower-bound-slider']]
2026-03-31 07:45:16.336 PM [TestNG-test-Test-1] INFO  [verifyingPriceSilderFunctionality] [verifyingPriceSilderFunctionality] Within smoothScrollToElement method
2026-03-31 07:45:16.336 PM [TestNG-test-Test-1] INFO  [verifyingPriceSilderFunctionality] [verifyingPriceSilderFunctionality] Within safeFindElement method
2026-03-31 07:45:17.284 PM [TestNG-test-Test-1] INFO  [verifyingPriceSilderFunctionality] [verifyingPriceSilderFunctionality]Found the element returning it ,element ->[[ChromeDriver: chrome on windows (720987eafbc366c458aa3e103fab89a8)] -> id: p_36/range-slider_slider-item_lower-bound-slider]
2026-03-31 07:45:17.293 PM [TestNG-test-Test-1] INFO  [verifyingPriceSilderFunctionality] [verifyingPriceSilderFunctionality] Successfully scrolled to element: By.id: p_36/range-slider_slider-item_lower-bound-slider
2026-03-31 07:45:17.294 PM [TestNG-test-Test-1] INFO  [verifyingPriceSilderFunctionality] [verifyingPriceSilderFunctionality] Capturing screenshot: Filter_Applied_is_Max_Price_81_900_Min_price_22_500__2026-03-31_194517.jpg
2026-03-31 07:45:17.647 PM [TestNG-test-Test-1] INFO  [verifyingPriceSilderFunctionality] [verifyingPriceSilderFunctionality] Screenshot saved at: test-output/screenshots/Run_2026-03-31_18-41-45/verifyingPriceSilderFunctionality/Filter_Applied_is_Max_Price_81_900_Min_price_22_500__2026-03-31_194517.jpg
2026-03-31 07:45:17.647 PM [TestNG-test-Test-1] INFO  [verifyingPriceSilderFunctionality] [verifyingPriceSilderFunctionality] Adding the data 'min','max','isValid' ,'mismatches' to 'result' Map->121
2026-03-31 07:45:17.647 PM [TestNG-test-Test-1] INFO  [verifyingPriceSilderFunctionality] [verifyingPriceSilderFunctionality] Adding the 'results'  Map to the master 'allResults' i.e is List of maps->121
2026-03-31 07:45:17.748 PM [TestNG-test-Test-1] INFO  [verifyingPriceSilderFunctionality] [verifyingPriceSilderFunctionality] in the setSliderValue method with value 131
2026-03-31 07:45:17.820 PM [TestNG-test-Test-1] INFO  [verifyingPriceSilderFunctionality] [verifyingPriceSilderFunctionality] in the setSliderValue method with value 161
2026-03-31 07:45:17.820 PM [TestNG-test-Test-1] INFO  [verifyingPriceSilderFunctionality] [verifyingPriceSilderFunctionality] Within safeFindElement method
2026-03-31 07:45:17.907 PM [TestNG-test-Test-1] INFO  [verifyingPriceSilderFunctionality] [verifyingPriceSilderFunctionality]Found the element returning it ,element ->[[ChromeDriver: chrome on windows (720987eafbc366c458aa3e103fab89a8)] -> xpath: //label[@for='p_36/range-slider_slider-item_upper-bound-slider']]
2026-03-31 07:45:17.945 PM [TestNG-test-Test-1] INFO  [verifyingPriceSilderFunctionality] [verifyingPriceSilderFunctionality] Within safeFindElement method
2026-03-31 07:45:19.716 PM [TestNG-test-Test-1] INFO  [verifyingPriceSilderFunctionality] [verifyingPriceSilderFunctionality]Found the element returning it ,element ->[[ChromeDriver: chrome on windows (720987eafbc366c458aa3e103fab89a8)] -> xpath: //label[@for='p_36/range-slider_slider-item_lower-bound-slider']]
2026-03-31 07:45:20.027 PM [TestNG-test-Test-1] INFO  [verifyingPriceSilderFunctionality] [verifyingPriceSilderFunctionality] Min Price Applied is  ₹66,300   Product Price is 76,990  Max Price Applied is ₹165,100
2026-03-31 07:45:20.027 PM [TestNG-test-Test-1] INFO  [verifyingPriceSilderFunctionality] [verifyingPriceSilderFunctionality] Min Price Applied is  ₹66,300   Product Price is 86,041  Max Price Applied is ₹165,100
2026-03-31 07:45:20.027 PM [TestNG-test-Test-1] INFO  [verifyingPriceSilderFunctionality] [verifyingPriceSilderFunctionality] Min Price Applied is  ₹66,300   Product Price is 76,490  Max Price Applied is ₹165,100
2026-03-31 07:45:20.027 PM [TestNG-test-Test-1] INFO  [verifyingPriceSilderFunctionality] [verifyingPriceSilderFunctionality] Min Price Applied is  ₹66,300   Product Price is 75,990  Max Price Applied is ₹165,100
2026-03-31 07:45:20.027 PM [TestNG-test-Test-1] INFO  [verifyingPriceSilderFunctionality] [verifyingPriceSilderFunctionality] Min Price Applied is  ₹66,300   Product Price is 75,990  Max Price Applied is ₹165,100
2026-03-31 07:45:20.027 PM [TestNG-test-Test-1] INFO  [verifyingPriceSilderFunctionality] [verifyingPriceSilderFunctionality] Min Price Applied is  ₹66,300   Product Price is 1,14,490  Max Price Applied is ₹165,100
2026-03-31 07:45:20.027 PM [TestNG-test-Test-1] INFO  [verifyingPriceSilderFunctionality] [verifyingPriceSilderFunctionality] Min Price Applied is  ₹66,300   Product Price is 66,990  Max Price Applied is ₹165,100
2026-03-31 07:45:20.027 PM [TestNG-test-Test-1] INFO  [verifyingPriceSilderFunctionality] [verifyingPriceSilderFunctionality] Min Price Applied is  ₹66,300   Product Price is 79,990  Max Price Applied is ₹165,100
2026-03-31 07:45:20.029 PM [TestNG-test-Test-1] INFO  [verifyingPriceSilderFunctionality] [verifyingPriceSilderFunctionality] Min Price Applied is  ₹66,300   Product Price is 1,09,990  Max Price Applied is ₹165,100
2026-03-31 07:45:20.029 PM [TestNG-test-Test-1] INFO  [verifyingPriceSilderFunctionality] [verifyingPriceSilderFunctionality] Min Price Applied is  ₹66,300   Product Price is 76,990  Max Price Applied is ₹165,100
2026-03-31 07:45:20.029 PM [TestNG-test-Test-1] INFO  [verifyingPriceSilderFunctionality] [verifyingPriceSilderFunctionality] Min Price Applied is  ₹66,300   Product Price is 92,200  Max Price Applied is ₹165,100
2026-03-31 07:45:20.029 PM [TestNG-test-Test-1] INFO  [verifyingPriceSilderFunctionality] [verifyingPriceSilderFunctionality] Min Price Applied is  ₹66,300   Product Price is 66,900  Max Price Applied is ₹165,100
2026-03-31 07:45:20.029 PM [TestNG-test-Test-1] INFO  [verifyingPriceSilderFunctionality] [verifyingPriceSilderFunctionality] Min Price Applied is  ₹66,300   Product Price is 1,32,990  Max Price Applied is ₹165,100
2026-03-31 07:45:20.029 PM [TestNG-test-Test-1] INFO  [verifyingPriceSilderFunctionality] [verifyingPriceSilderFunctionality] Min Price Applied is  ₹66,300   Product Price is 76,700  Max Price Applied is ₹165,100
2026-03-31 07:45:20.029 PM [TestNG-test-Test-1] INFO  [verifyingPriceSilderFunctionality] [verifyingPriceSilderFunctionality] Min Price Applied is  ₹66,300   Product Price is 82,990  Max Price Applied is ₹165,100
2026-03-31 07:45:20.029 PM [TestNG-test-Test-1] INFO  [verifyingPriceSilderFunctionality] [verifyingPriceSilderFunctionality] Min Price Applied is  ₹66,300   Product Price is 71,990  Max Price Applied is ₹165,100
2026-03-31 07:45:20.029 PM [TestNG-test-Test-1] INFO  [verifyingPriceSilderFunctionality] [verifyingPriceSilderFunctionality] Within smoothScrollToElement method
2026-03-31 07:45:20.029 PM [TestNG-test-Test-1] INFO  [verifyingPriceSilderFunctionality] [verifyingPriceSilderFunctionality] Within safeFindElement method
2026-03-31 07:45:20.115 PM [TestNG-test-Test-1] INFO  [verifyingPriceSilderFunctionality] [verifyingPriceSilderFunctionality]Found the element returning it ,element ->[[ChromeDriver: chrome on windows (720987eafbc366c458aa3e103fab89a8)] -> id: p_36/range-slider_slider-item_lower-bound-slider]
2026-03-31 07:45:20.140 PM [TestNG-test-Test-1] INFO  [verifyingPriceSilderFunctionality] [verifyingPriceSilderFunctionality] Successfully scrolled to element: By.id: p_36/range-slider_slider-item_lower-bound-slider
2026-03-31 07:45:20.140 PM [TestNG-test-Test-1] INFO  [verifyingPriceSilderFunctionality] [verifyingPriceSilderFunctionality] Capturing screenshot: Filter_Applied_is_Max_Price_165_100_Min_price_66_300__2026-03-31_194520.jpg
2026-03-31 07:45:20.354 PM [TestNG-test-Test-1] INFO  [verifyingPriceSilderFunctionality] [verifyingPriceSilderFunctionality] Screenshot saved at: test-output/screenshots/Run_2026-03-31_18-41-45/verifyingPriceSilderFunctionality/Filter_Applied_is_Max_Price_165_100_Min_price_66_300__2026-03-31_194520.jpg
2026-03-31 07:45:20.355 PM [TestNG-test-Test-1] INFO  [verifyingPriceSilderFunctionality] [verifyingPriceSilderFunctionality] Price Check <= Max & >= Min  Product Price is ->76990
2026-03-31 07:45:20.355 PM [TestNG-test-Test-1] INFO  [verifyingPriceSilderFunctionality] [verifyingPriceSilderFunctionality] Min Price Applied is  66300   Product Price is 76,990  Max Price Applied is 165100
2026-03-31 07:45:20.355 PM [TestNG-test-Test-1] INFO  [verifyingPriceSilderFunctionality] [verifyingPriceSilderFunctionality] Price Check <= Max & >= Min  Product Price is ->86041
2026-03-31 07:45:20.355 PM [TestNG-test-Test-1] INFO  [verifyingPriceSilderFunctionality] [verifyingPriceSilderFunctionality] Min Price Applied is  66300   Product Price is 86,041  Max Price Applied is 165100
2026-03-31 07:45:20.355 PM [TestNG-test-Test-1] INFO  [verifyingPriceSilderFunctionality] [verifyingPriceSilderFunctionality] Price Check <= Max & >= Min  Product Price is ->76490
2026-03-31 07:45:20.355 PM [TestNG-test-Test-1] INFO  [verifyingPriceSilderFunctionality] [verifyingPriceSilderFunctionality] Min Price Applied is  66300   Product Price is 76,490  Max Price Applied is 165100
2026-03-31 07:45:20.355 PM [TestNG-test-Test-1] INFO  [verifyingPriceSilderFunctionality] [verifyingPriceSilderFunctionality] Price Check <= Max & >= Min  Product Price is ->75990
2026-03-31 07:45:20.355 PM [TestNG-test-Test-1] INFO  [verifyingPriceSilderFunctionality] [verifyingPriceSilderFunctionality] Min Price Applied is  66300   Product Price is 75,990  Max Price Applied is 165100
2026-03-31 07:45:20.355 PM [TestNG-test-Test-1] INFO  [verifyingPriceSilderFunctionality] [verifyingPriceSilderFunctionality] Price Check <= Max & >= Min  Product Price is ->75990
2026-03-31 07:45:20.355 PM [TestNG-test-Test-1] INFO  [verifyingPriceSilderFunctionality] [verifyingPriceSilderFunctionality] Min Price Applied is  66300   Product Price is 75,990  Max Price Applied is 165100
2026-03-31 07:45:20.355 PM [TestNG-test-Test-1] INFO  [verifyingPriceSilderFunctionality] [verifyingPriceSilderFunctionality] Price Check <= Max & >= Min  Product Price is ->114490
2026-03-31 07:45:20.355 PM [TestNG-test-Test-1] INFO  [verifyingPriceSilderFunctionality] [verifyingPriceSilderFunctionality] Min Price Applied is  66300   Product Price is 1,14,490  Max Price Applied is 165100
2026-03-31 07:45:20.355 PM [TestNG-test-Test-1] INFO  [verifyingPriceSilderFunctionality] [verifyingPriceSilderFunctionality] Price Check <= Max & >= Min  Product Price is ->66990
2026-03-31 07:45:20.355 PM [TestNG-test-Test-1] INFO  [verifyingPriceSilderFunctionality] [verifyingPriceSilderFunctionality] Min Price Applied is  66300   Product Price is 66,990  Max Price Applied is 165100
2026-03-31 07:45:20.355 PM [TestNG-test-Test-1] INFO  [verifyingPriceSilderFunctionality] [verifyingPriceSilderFunctionality] Price Check <= Max & >= Min  Product Price is ->79990
2026-03-31 07:45:20.355 PM [TestNG-test-Test-1] INFO  [verifyingPriceSilderFunctionality] [verifyingPriceSilderFunctionality] Min Price Applied is  66300   Product Price is 79,990  Max Price Applied is 165100
2026-03-31 07:45:20.355 PM [TestNG-test-Test-1] INFO  [verifyingPriceSilderFunctionality] [verifyingPriceSilderFunctionality] Price Check <= Max & >= Min  Product Price is ->109990
2026-03-31 07:45:20.355 PM [TestNG-test-Test-1] INFO  [verifyingPriceSilderFunctionality] [verifyingPriceSilderFunctionality] Min Price Applied is  66300   Product Price is 1,09,990  Max Price Applied is 165100
2026-03-31 07:45:20.355 PM [TestNG-test-Test-1] INFO  [verifyingPriceSilderFunctionality] [verifyingPriceSilderFunctionality] Price Check <= Max & >= Min  Product Price is ->76990
2026-03-31 07:45:20.355 PM [TestNG-test-Test-1] INFO  [verifyingPriceSilderFunctionality] [verifyingPriceSilderFunctionality] Min Price Applied is  66300   Product Price is 76,990  Max Price Applied is 165100
2026-03-31 07:45:20.355 PM [TestNG-test-Test-1] INFO  [verifyingPriceSilderFunctionality] [verifyingPriceSilderFunctionality] Price Check <= Max & >= Min  Product Price is ->92200
2026-03-31 07:45:20.355 PM [TestNG-test-Test-1] INFO  [verifyingPriceSilderFunctionality] [verifyingPriceSilderFunctionality] Min Price Applied is  66300   Product Price is 92,200  Max Price Applied is 165100
2026-03-31 07:45:20.355 PM [TestNG-test-Test-1] INFO  [verifyingPriceSilderFunctionality] [verifyingPriceSilderFunctionality] Price Check <= Max & >= Min  Product Price is ->66900
2026-03-31 07:45:20.355 PM [TestNG-test-Test-1] INFO  [verifyingPriceSilderFunctionality] [verifyingPriceSilderFunctionality] Min Price Applied is  66300   Product Price is 66,900  Max Price Applied is 165100
2026-03-31 07:45:20.355 PM [TestNG-test-Test-1] INFO  [verifyingPriceSilderFunctionality] [verifyingPriceSilderFunctionality] Price Check <= Max & >= Min  Product Price is ->132990
2026-03-31 07:45:20.355 PM [TestNG-test-Test-1] INFO  [verifyingPriceSilderFunctionality] [verifyingPriceSilderFunctionality] Min Price Applied is  66300   Product Price is 1,32,990  Max Price Applied is 165100
2026-03-31 07:45:20.355 PM [TestNG-test-Test-1] INFO  [verifyingPriceSilderFunctionality] [verifyingPriceSilderFunctionality] Price Check <= Max & >= Min  Product Price is ->76700
2026-03-31 07:45:20.355 PM [TestNG-test-Test-1] INFO  [verifyingPriceSilderFunctionality] [verifyingPriceSilderFunctionality] Min Price Applied is  66300   Product Price is 76,700  Max Price Applied is 165100
2026-03-31 07:45:20.355 PM [TestNG-test-Test-1] INFO  [verifyingPriceSilderFunctionality] [verifyingPriceSilderFunctionality] Price Check <= Max & >= Min  Product Price is ->82990
2026-03-31 07:45:20.355 PM [TestNG-test-Test-1] INFO  [verifyingPriceSilderFunctionality] [verifyingPriceSilderFunctionality] Min Price Applied is  66300   Product Price is 82,990  Max Price Applied is 165100
2026-03-31 07:45:20.355 PM [TestNG-test-Test-1] INFO  [verifyingPriceSilderFunctionality] [verifyingPriceSilderFunctionality] Price Check <= Max & >= Min  Product Price is ->71990
2026-03-31 07:45:20.355 PM [TestNG-test-Test-1] INFO  [verifyingPriceSilderFunctionality] [verifyingPriceSilderFunctionality] Min Price Applied is  66300   Product Price is 71,990  Max Price Applied is 165100
2026-03-31 07:45:20.355 PM [TestNG-test-Test-1] INFO  [verifyingPriceSilderFunctionality] [verifyingPriceSilderFunctionality] Adding the data 'min','max','isValid' ,'mismatches' to 'result' Map->161
2026-03-31 07:45:20.355 PM [TestNG-test-Test-1] INFO  [verifyingPriceSilderFunctionality] [verifyingPriceSilderFunctionality] Adding the 'results'  Map to the master 'allResults' i.e is List of maps->161
2026-03-31 07:45:20.355 PM [TestNG-test-Test-1] INFO  [verifyingPriceSilderFunctionality] [verifyingPriceSilderFunctionality] Returning the data here in the end
2026-03-31 07:45:20.356 PM [TestNG-test-Test-1] INFO  [verifyingPriceSilderFunctionality] [verifyingPriceSilderFunctionality]  Price range validated successfully: 61 - 81
2026-03-31 07:45:20.356 PM [TestNG-test-Test-1] INFO  [verifyingPriceSilderFunctionality] [verifyingPriceSilderFunctionality] ------------------------------------------------------------
2026-03-31 07:45:20.356 PM [TestNG-test-Test-1] INFO  [verifyingPriceSilderFunctionality] [verifyingPriceSilderFunctionality]  Price range validated successfully: 91 - 121
2026-03-31 07:45:20.356 PM [TestNG-test-Test-1] INFO  [verifyingPriceSilderFunctionality] [verifyingPriceSilderFunctionality] ------------------------------------------------------------
2026-03-31 07:45:20.356 PM [TestNG-test-Test-1] INFO  [verifyingPriceSilderFunctionality] [verifyingPriceSilderFunctionality]  Price range validated successfully: 131 - 161
2026-03-31 07:45:20.356 PM [TestNG-test-Test-1] INFO  [verifyingPriceSilderFunctionality] [verifyingPriceSilderFunctionality] ------------------------------------------------------------
2026-03-31 07:45:20.356 PM [TestNG-test-Test-1] INFO  [verifyingPriceSilderFunctionality] [verifyingPriceSilderFunctionality]  Asserting all soft assertions now...
2026-03-31 07:45:20.360 PM [TestNG-test-Test-1] INFO  [verifyingPriceSilderFunctionality] ✅ Finished test method: verifyingPriceSilderFunctionality
2026-03-31 07:45:20.760 PM [TestNG-test-Test-1] INFO  [verifyingPriceSilderFunctionality] 🔹 Starting test method: verifyingPriceSilderFunctionality
2026-03-31 07:45:20.760 PM [TestNG-test-Test-1] INFO  [verifyingPriceSilderFunctionality] No existing WebDriver found for current thread. Initializing a new ChromeDriver...
2026-03-31 07:45:20.772 PM [TestNG-test-Test-1] INFO  [verifyingPriceSilderFunctionality] WebDriverManager: chromedriver setup OK
2026-03-31 07:45:22.255 PM [TestNG-test-Test-1] INFO  [verifyingPriceSilderFunctionality] ChromeDriver initialized successfully for thread: 34
2026-03-31 07:45:22.969 PM [TestNG-test-Test-1] INFO  [verifyingPriceSilderFunctionality] [verifyingPriceSilderFunctionality] Opening amazon Landing page
2026-03-31 07:45:22.969 PM [TestNG-test-Test-1] INFO  [verifyingPriceSilderFunctionality] [verifyingPriceSilderFunctionality] Within safeFindElement method
2026-03-31 07:45:28.088 PM [TestNG-test-Test-1] INFO  [verifyingPriceSilderFunctionality] [verifyingPriceSilderFunctionality]Retrying findElement for: ->By.xpath: //a[@id='nav-logo-sprites']
2026-03-31 07:45:28.252 PM [TestNG-test-Test-1] INFO  [verifyingPriceSilderFunctionality] [verifyingPriceSilderFunctionality]Refrehsing the page , while trying to safely find : ->By.xpath: //a[@id='nav-logo-sprites']
2026-03-31 07:45:28.913 PM [TestNG-test-Test-1] INFO  [verifyingPriceSilderFunctionality] [verifyingPriceSilderFunctionality]Found the element returning it ,element ->[[ChromeDriver: chrome on windows (267991f1e9400b2fadeb3571cce14cd4)] -> xpath: //a[@id='nav-logo-sprites']]
2026-03-31 07:45:29.688 PM [TestNG-test-Test-1] INFO  [verifyingPriceSilderFunctionality] [verifyingPriceSilderFunctionality] Giving input within the search bar
2026-03-31 07:45:29.689 PM [TestNG-test-Test-1] INFO  [verifyingPriceSilderFunctionality] [verifyingPriceSilderFunctionality] Within safeClick method
2026-03-31 07:45:32.122 PM [TestNG-test-Test-1] INFO  [verifyingPriceSilderFunctionality] [verifyingPriceSilderFunctionality] Clicked the  [[ChromeDriver: chrome on windows (267991f1e9400b2fadeb3571cce14cd4)] -> xpath: //input[@id='nav-search-submit-button']]   using safeClick
2026-03-31 07:45:32.123 PM [TestNG-test-Test-1] INFO  [verifyingPriceSilderFunctionality] [verifyingPriceSilderFunctionality] Clicking on the submit in the search bar
2026-03-31 07:45:32.435 PM [TestNG-test-Test-1] INFO  [verifyingPriceSilderFunctionality] [verifyingPriceSilderFunctionality] Within filterCheckUnderList method
2026-03-31 07:45:32.566 PM [TestNG-test-Test-1] INFO  [verifyingPriceSilderFunctionality] [verifyingPriceSilderFunctionality] Found the Filter within the filter check List
2026-03-31 07:45:32.567 PM [TestNG-test-Test-1] INFO  [verifyingPriceSilderFunctionality] [verifyingPriceSilderFunctionality] Within applyPriceSliderAndValidateWithResult method
2026-03-31 07:45:32.567 PM [TestNG-test-Test-1] INFO  [verifyingPriceSilderFunctionality] [verifyingPriceSilderFunctionality] Within smoothScrollToElement method
2026-03-31 07:45:32.567 PM [TestNG-test-Test-1] INFO  [verifyingPriceSilderFunctionality] [verifyingPriceSilderFunctionality] Within safeFindElement method
2026-03-31 07:45:32.654 PM [TestNG-test-Test-1] INFO  [verifyingPriceSilderFunctionality] [verifyingPriceSilderFunctionality]Found the element returning it ,element ->[[ChromeDriver: chrome on windows (267991f1e9400b2fadeb3571cce14cd4)] -> id: p_36/range-slider_slider-item_lower-bound-slider]
2026-03-31 07:45:32.660 PM [TestNG-test-Test-1] INFO  [verifyingPriceSilderFunctionality] [verifyingPriceSilderFunctionality] Successfully scrolled to element: By.id: p_36/range-slider_slider-item_lower-bound-slider
2026-03-31 07:45:32.660 PM [TestNG-test-Test-1] INFO  [verifyingPriceSilderFunctionality] [verifyingPriceSilderFunctionality] Within safeFindElement method
2026-03-31 07:45:32.712 PM [TestNG-test-Test-1] INFO  [verifyingPriceSilderFunctionality] [verifyingPriceSilderFunctionality]Found the element returning it ,element ->[[ChromeDriver: chrome on windows (267991f1e9400b2fadeb3571cce14cd4)] -> id: p_36/range-slider_slider-item_lower-bound-slider]
2026-03-31 07:45:32.712 PM [TestNG-test-Test-1] INFO  [verifyingPriceSilderFunctionality] [verifyingPriceSilderFunctionality] Within safeFindElement method
2026-03-31 07:45:32.763 PM [TestNG-test-Test-1] INFO  [verifyingPriceSilderFunctionality] [verifyingPriceSilderFunctionality]Found the element returning it ,element ->[[ChromeDriver: chrome on windows (267991f1e9400b2fadeb3571cce14cd4)] -> id: p_36/range-slider_slider-item_upper-bound-slider]
2026-03-31 07:45:32.801 PM [TestNG-test-Test-1] INFO  [verifyingPriceSilderFunctionality] [verifyingPriceSilderFunctionality] in the setSliderValue method with value 61
2026-03-31 07:45:32.813 PM [TestNG-test-Test-1] INFO  [verifyingPriceSilderFunctionality] [verifyingPriceSilderFunctionality] in the setSliderValue method with value 81
2026-03-31 07:45:32.813 PM [TestNG-test-Test-1] INFO  [verifyingPriceSilderFunctionality] [verifyingPriceSilderFunctionality] Within safeFindElement method
2026-03-31 07:45:32.891 PM [TestNG-test-Test-1] INFO  [verifyingPriceSilderFunctionality] [verifyingPriceSilderFunctionality]Found the element returning it ,element ->[[ChromeDriver: chrome on windows (267991f1e9400b2fadeb3571cce14cd4)] -> xpath: //label[@for='p_36/range-slider_slider-item_upper-bound-slider']]
2026-03-31 07:45:32.902 PM [TestNG-test-Test-1] INFO  [verifyingPriceSilderFunctionality] [verifyingPriceSilderFunctionality] Within safeFindElement method
2026-03-31 07:45:32.979 PM [TestNG-test-Test-1] INFO  [verifyingPriceSilderFunctionality] [verifyingPriceSilderFunctionality]Found the element returning it ,element ->[[ChromeDriver: chrome on windows (267991f1e9400b2fadeb3571cce14cd4)] -> xpath: //label[@for='p_36/range-slider_slider-item_lower-bound-slider']]
2026-03-31 07:45:33.782 PM [TestNG-test-Test-1] INFO  [verifyingPriceSilderFunctionality] [verifyingPriceSilderFunctionality] Within smoothScrollToElement method
2026-03-31 07:45:33.782 PM [TestNG-test-Test-1] INFO  [verifyingPriceSilderFunctionality] [verifyingPriceSilderFunctionality] Within safeFindElement method
2026-03-31 07:45:34.908 PM [TestNG-test-Test-1] INFO  [verifyingPriceSilderFunctionality] [verifyingPriceSilderFunctionality]Found the element returning it ,element ->[[ChromeDriver: chrome on windows (267991f1e9400b2fadeb3571cce14cd4)] -> id: p_36/range-slider_slider-item_lower-bound-slider]
2026-03-31 07:45:34.935 PM [TestNG-test-Test-1] INFO  [verifyingPriceSilderFunctionality] [verifyingPriceSilderFunctionality] Successfully scrolled to element: By.id: p_36/range-slider_slider-item_lower-bound-slider
2026-03-31 07:45:34.937 PM [TestNG-test-Test-1] INFO  [verifyingPriceSilderFunctionality] [verifyingPriceSilderFunctionality] Capturing screenshot: Filter_Applied_is_Max_Price_26_400_Min_price_13_200__2026-03-31_194534.jpg
2026-03-31 07:45:35.174 PM [TestNG-test-Test-1] INFO  [verifyingPriceSilderFunctionality] [verifyingPriceSilderFunctionality] Screenshot saved at: test-output/screenshots/Run_2026-03-31_18-41-45/verifyingPriceSilderFunctionality/Filter_Applied_is_Max_Price_26_400_Min_price_13_200__2026-03-31_194534.jpg
2026-03-31 07:45:35.174 PM [TestNG-test-Test-1] INFO  [verifyingPriceSilderFunctionality] [verifyingPriceSilderFunctionality] Adding the data 'min','max','isValid' ,'mismatches' to 'result' Map->81
2026-03-31 07:45:35.174 PM [TestNG-test-Test-1] INFO  [verifyingPriceSilderFunctionality] [verifyingPriceSilderFunctionality] Adding the 'results'  Map to the master 'allResults' i.e is List of maps->81
2026-03-31 07:45:35.273 PM [TestNG-test-Test-1] INFO  [verifyingPriceSilderFunctionality] [verifyingPriceSilderFunctionality] in the setSliderValue method with value 91
2026-03-31 07:45:35.288 PM [TestNG-test-Test-1] INFO  [verifyingPriceSilderFunctionality] [verifyingPriceSilderFunctionality] in the setSliderValue method with value 121
2026-03-31 07:45:35.288 PM [TestNG-test-Test-1] INFO  [verifyingPriceSilderFunctionality] [verifyingPriceSilderFunctionality] Within safeFindElement method
2026-03-31 07:45:35.530 PM [TestNG-test-Test-1] INFO  [verifyingPriceSilderFunctionality] [verifyingPriceSilderFunctionality]Found the element returning it ,element ->[[ChromeDriver: chrome on windows (267991f1e9400b2fadeb3571cce14cd4)] -> xpath: //label[@for='p_36/range-slider_slider-item_upper-bound-slider']]
2026-03-31 07:45:35.541 PM [TestNG-test-Test-1] INFO  [verifyingPriceSilderFunctionality] [verifyingPriceSilderFunctionality] Within safeFindElement method
2026-03-31 07:45:35.600 PM [TestNG-test-Test-1] INFO  [verifyingPriceSilderFunctionality] [verifyingPriceSilderFunctionality]Found the element returning it ,element ->[[ChromeDriver: chrome on windows (267991f1e9400b2fadeb3571cce14cd4)] -> xpath: //label[@for='p_36/range-slider_slider-item_lower-bound-slider']]
2026-03-31 07:45:36.132 PM [TestNG-test-Test-1] INFO  [verifyingPriceSilderFunctionality] [verifyingPriceSilderFunctionality] Within smoothScrollToElement method
2026-03-31 07:45:36.132 PM [TestNG-test-Test-1] INFO  [verifyingPriceSilderFunctionality] [verifyingPriceSilderFunctionality] Within safeFindElement method
2026-03-31 07:45:36.820 PM [TestNG-test-Test-1] INFO  [verifyingPriceSilderFunctionality] [verifyingPriceSilderFunctionality]Found the element returning it ,element ->[[ChromeDriver: chrome on windows (267991f1e9400b2fadeb3571cce14cd4)] -> id: p_36/range-slider_slider-item_lower-bound-slider]
2026-03-31 07:45:36.826 PM [TestNG-test-Test-1] INFO  [verifyingPriceSilderFunctionality] [verifyingPriceSilderFunctionality] Successfully scrolled to element: By.id: p_36/range-slider_slider-item_lower-bound-slider
2026-03-31 07:45:36.826 PM [TestNG-test-Test-1] INFO  [verifyingPriceSilderFunctionality] [verifyingPriceSilderFunctionality] Capturing screenshot: Filter_Applied_is_Max_Price_71_000_Min_price_19_100__2026-03-31_194536.jpg
2026-03-31 07:45:36.981 PM [TestNG-test-Test-1] INFO  [verifyingPriceSilderFunctionality] [verifyingPriceSilderFunctionality] Screenshot saved at: test-output/screenshots/Run_2026-03-31_18-41-45/verifyingPriceSilderFunctionality/Filter_Applied_is_Max_Price_71_000_Min_price_19_100__2026-03-31_194536.jpg
2026-03-31 07:45:36.981 PM [TestNG-test-Test-1] INFO  [verifyingPriceSilderFunctionality] [verifyingPriceSilderFunctionality] Adding the data 'min','max','isValid' ,'mismatches' to 'result' Map->121
2026-03-31 07:45:36.981 PM [TestNG-test-Test-1] INFO  [verifyingPriceSilderFunctionality] [verifyingPriceSilderFunctionality] Adding the 'results'  Map to the master 'allResults' i.e is List of maps->121
2026-03-31 07:45:37.002 PM [TestNG-test-Test-1] INFO  [verifyingPriceSilderFunctionality] [verifyingPriceSilderFunctionality] in the setSliderValue method with value 131
2026-03-31 07:45:37.009 PM [TestNG-test-Test-1] INFO  [verifyingPriceSilderFunctionality] [verifyingPriceSilderFunctionality] in the setSliderValue method with value 161
2026-03-31 07:45:37.009 PM [TestNG-test-Test-1] INFO  [verifyingPriceSilderFunctionality] [verifyingPriceSilderFunctionality] Within safeFindElement method
2026-03-31 07:45:37.062 PM [TestNG-test-Test-1] INFO  [verifyingPriceSilderFunctionality] [verifyingPriceSilderFunctionality]Found the element returning it ,element ->[[ChromeDriver: chrome on windows (267991f1e9400b2fadeb3571cce14cd4)] -> xpath: //label[@for='p_36/range-slider_slider-item_upper-bound-slider']]
2026-03-31 07:45:37.069 PM [TestNG-test-Test-1] INFO  [verifyingPriceSilderFunctionality] [verifyingPriceSilderFunctionality] Within safeFindElement method
2026-03-31 07:45:37.109 PM [TestNG-test-Test-1] INFO  [verifyingPriceSilderFunctionality] [verifyingPriceSilderFunctionality]Found the element returning it ,element ->[[ChromeDriver: chrome on windows (267991f1e9400b2fadeb3571cce14cd4)] -> xpath: //label[@for='p_36/range-slider_slider-item_lower-bound-slider']]
2026-03-31 07:45:37.645 PM [TestNG-test-Test-1] INFO  [verifyingPriceSilderFunctionality] [verifyingPriceSilderFunctionality] Within smoothScrollToElement method
2026-03-31 07:45:37.645 PM [TestNG-test-Test-1] INFO  [verifyingPriceSilderFunctionality] [verifyingPriceSilderFunctionality] Within safeFindElement method
2026-03-31 07:45:38.734 PM [TestNG-test-Test-1] INFO  [verifyingPriceSilderFunctionality] [verifyingPriceSilderFunctionality]Found the element returning it ,element ->[[ChromeDriver: chrome on windows (267991f1e9400b2fadeb3571cce14cd4)] -> id: p_36/range-slider_slider-item_lower-bound-slider]
2026-03-31 07:45:38.739 PM [TestNG-test-Test-1] INFO  [verifyingPriceSilderFunctionality] [verifyingPriceSilderFunctionality] Successfully scrolled to element: By.id: p_36/range-slider_slider-item_lower-bound-slider
2026-03-31 07:45:38.740 PM [TestNG-test-Test-1] INFO  [verifyingPriceSilderFunctionality] [verifyingPriceSilderFunctionality] Capturing screenshot: Filter_Applied_is_Max_Price_144_100_Min_price_57_400__2026-03-31_194538.jpg
2026-03-31 07:45:38.882 PM [TestNG-test-Test-1] INFO  [verifyingPriceSilderFunctionality] [verifyingPriceSilderFunctionality] Screenshot saved at: test-output/screenshots/Run_2026-03-31_18-41-45/verifyingPriceSilderFunctionality/Filter_Applied_is_Max_Price_144_100_Min_price_57_400__2026-03-31_194538.jpg
2026-03-31 07:45:38.883 PM [TestNG-test-Test-1] INFO  [verifyingPriceSilderFunctionality] [verifyingPriceSilderFunctionality] Adding the data 'min','max','isValid' ,'mismatches' to 'result' Map->161
2026-03-31 07:45:38.883 PM [TestNG-test-Test-1] INFO  [verifyingPriceSilderFunctionality] [verifyingPriceSilderFunctionality] Adding the 'results'  Map to the master 'allResults' i.e is List of maps->161
2026-03-31 07:45:38.883 PM [TestNG-test-Test-1] INFO  [verifyingPriceSilderFunctionality] [verifyingPriceSilderFunctionality] Returning the data here in the end
2026-03-31 07:45:38.883 PM [TestNG-test-Test-1] INFO  [verifyingPriceSilderFunctionality] [verifyingPriceSilderFunctionality]  Price range validated successfully: 61 - 81
2026-03-31 07:45:38.883 PM [TestNG-test-Test-1] INFO  [verifyingPriceSilderFunctionality] [verifyingPriceSilderFunctionality] ------------------------------------------------------------
2026-03-31 07:45:38.883 PM [TestNG-test-Test-1] INFO  [verifyingPriceSilderFunctionality] [verifyingPriceSilderFunctionality]  Price range validated successfully: 91 - 121
2026-03-31 07:45:38.883 PM [TestNG-test-Test-1] INFO  [verifyingPriceSilderFunctionality] [verifyingPriceSilderFunctionality] ------------------------------------------------------------
2026-03-31 07:45:38.883 PM [TestNG-test-Test-1] INFO  [verifyingPriceSilderFunctionality] [verifyingPriceSilderFunctionality]  Price range validated successfully: 131 - 161
2026-03-31 07:45:38.883 PM [TestNG-test-Test-1] INFO  [verifyingPriceSilderFunctionality] [verifyingPriceSilderFunctionality] ------------------------------------------------------------
2026-03-31 07:45:38.883 PM [TestNG-test-Test-1] INFO  [verifyingPriceSilderFunctionality] [verifyingPriceSilderFunctionality]  Asserting all soft assertions now...
2026-03-31 07:45:38.887 PM [TestNG-test-Test-1] INFO  [verifyingPriceSilderFunctionality] ✅ Finished test method: verifyingPriceSilderFunctionality
