2026-02-14 06:29:45.010 PM [TestNG-test-Test-1] INFO  [verifyingDisplaySizeFilterFunctionality] 🔹 Starting test method: verifyingDisplaySizeFilterFunctionality
2026-02-14 06:29:45.015 PM [TestNG-test-Test-1] INFO  [verifyingDisplaySizeFilterFunctionality] No existing WebDriver found for current thread. Initializing a new ChromeDriver...
2026-02-14 06:29:45.025 PM [TestNG-test-Test-1] INFO  [verifyingDisplaySizeFilterFunctionality] WebDriverManager: chromedriver setup OK
2026-02-14 06:29:46.184 PM [TestNG-test-Test-1] INFO  [verifyingDisplaySizeFilterFunctionality] ChromeDriver initialized successfully for thread: 34
2026-02-14 06:29:48.501 PM [TestNG-test-Test-1] INFO  [verifyingDisplaySizeFilterFunctionality] [verifyingDisplaySizeFilterFunctionality] Opening amazon Landing page
2026-02-14 06:29:48.501 PM [TestNG-test-Test-1] INFO  [verifyingDisplaySizeFilterFunctionality] [verifyingDisplaySizeFilterFunctionality] Within safeFindElement method
2026-02-14 06:29:48.522 PM [TestNG-test-Test-1] INFO  [verifyingDisplaySizeFilterFunctionality] [verifyingDisplaySizeFilterFunctionality]Found the element returning it ,element ->[[ChromeDriver: chrome on windows (d00aea90db84ae0df668f636171c0585)] -> xpath: //a[@id='nav-logo-sprites']]
2026-02-14 06:29:49.162 PM [TestNG-test-Test-1] INFO  [verifyingDisplaySizeFilterFunctionality] [verifyingDisplaySizeFilterFunctionality] Giving input within the search bar
2026-02-14 06:29:49.163 PM [TestNG-test-Test-1] INFO  [verifyingDisplaySizeFilterFunctionality] [verifyingDisplaySizeFilterFunctionality] Within safeClick method
2026-02-14 06:29:51.725 PM [TestNG-test-Test-1] INFO  [verifyingDisplaySizeFilterFunctionality] [verifyingDisplaySizeFilterFunctionality] Clicked the  [[ChromeDriver: chrome on windows (d00aea90db84ae0df668f636171c0585)] -> xpath: //input[@id='nav-search-submit-button']]   using safeClick
2026-02-14 06:29:51.725 PM [TestNG-test-Test-1] INFO  [verifyingDisplaySizeFilterFunctionality] [verifyingDisplaySizeFilterFunctionality] Clicking on the submit in the search bar
2026-02-14 06:29:51.885 PM [TestNG-test-Test-1] INFO  [verifyingDisplaySizeFilterFunctionality] [verifyingDisplaySizeFilterFunctionality] Within filterCheckUnderList method
2026-02-14 06:29:52.535 PM [TestNG-test-Test-1] INFO  [verifyingDisplaySizeFilterFunctionality] [verifyingDisplaySizeFilterFunctionality] Filter option does not exist within the filter check List
2026-02-14 06:29:52.535 PM [TestNG-test-Test-1] WARN  [verifyingDisplaySizeFilterFunctionality] [verifyingDisplaySizeFilterFunctionality]  Filter option 'Display Size' does not exist in the list. Skipping the test.
2026-02-14 06:29:52.540 PM [TestNG-test-Test-1] INFO  [verifyingDisplaySizeFilterFunctionality] ✅ Finished test method: verifyingDisplaySizeFilterFunctionality
2026-02-14 06:29:52.735 PM [TestNG-test-Test-1] INFO  [verifyingDisplaySizeFilterFunctionality] 🔹 Starting test method: verifyingDisplaySizeFilterFunctionality
2026-02-14 06:29:52.735 PM [TestNG-test-Test-1] INFO  [verifyingDisplaySizeFilterFunctionality] No existing WebDriver found for current thread. Initializing a new ChromeDriver...
2026-02-14 06:29:52.749 PM [TestNG-test-Test-1] INFO  [verifyingDisplaySizeFilterFunctionality] WebDriverManager: chromedriver setup OK
2026-02-14 06:29:54.059 PM [TestNG-test-Test-1] INFO  [verifyingDisplaySizeFilterFunctionality] ChromeDriver initialized successfully for thread: 34
2026-02-14 06:29:54.677 PM [TestNG-test-Test-1] INFO  [verifyingDisplaySizeFilterFunctionality] [verifyingDisplaySizeFilterFunctionality] Opening amazon Landing page
2026-02-14 06:29:54.677 PM [TestNG-test-Test-1] INFO  [verifyingDisplaySizeFilterFunctionality] [verifyingDisplaySizeFilterFunctionality] Within safeFindElement method
2026-02-14 06:30:04.875 PM [TestNG-test-Test-1] INFO  [verifyingDisplaySizeFilterFunctionality] [verifyingDisplaySizeFilterFunctionality]Retrying findElement for: ->By.xpath: //a[@id='nav-logo-sprites']
2026-02-14 06:30:05.026 PM [TestNG-test-Test-1] INFO  [verifyingDisplaySizeFilterFunctionality] [verifyingDisplaySizeFilterFunctionality]Refrehsing the page , while trying to safely find : ->By.xpath: //a[@id='nav-logo-sprites']
2026-02-14 06:30:16.191 PM [TestNG-test-Test-1] INFO  [verifyingDisplaySizeFilterFunctionality] [verifyingDisplaySizeFilterFunctionality]Retrying findElement for: ->By.xpath: //a[@id='nav-logo-sprites']
2026-02-14 06:30:16.382 PM [TestNG-test-Test-1] INFO  [verifyingDisplaySizeFilterFunctionality] [verifyingDisplaySizeFilterFunctionality]Refrehsing the page , while trying to safely find : ->By.xpath: //a[@id='nav-logo-sprites']
2026-02-14 06:30:17.383 PM [TestNG-test-Test-1] INFO  [verifyingDisplaySizeFilterFunctionality] [verifyingDisplaySizeFilterFunctionality] Skipping action: Element not found after 2   attemps
2026-02-14 06:30:17.914 PM [TestNG-test-Test-1] INFO  [verifyingDisplaySizeFilterFunctionality] [verifyingDisplaySizeFilterFunctionality] Giving input within the search bar
2026-02-14 06:30:17.914 PM [TestNG-test-Test-1] INFO  [verifyingDisplaySizeFilterFunctionality] [verifyingDisplaySizeFilterFunctionality] Within safeClick method
2026-02-14 06:30:19.911 PM [TestNG-test-Test-1] INFO  [verifyingDisplaySizeFilterFunctionality] [verifyingDisplaySizeFilterFunctionality] Clicked the  [[ChromeDriver: chrome on windows (da4422f2077a5e3377bcd703325ce615)] -> xpath: //input[@id='nav-search-submit-button']]   using safeClick
2026-02-14 06:30:19.911 PM [TestNG-test-Test-1] INFO  [verifyingDisplaySizeFilterFunctionality] [verifyingDisplaySizeFilterFunctionality] Clicking on the submit in the search bar
2026-02-14 06:30:20.037 PM [TestNG-test-Test-1] INFO  [verifyingDisplaySizeFilterFunctionality] [verifyingDisplaySizeFilterFunctionality] Within filterCheckUnderList method
2026-02-14 06:30:20.153 PM [TestNG-test-Test-1] INFO  [verifyingDisplaySizeFilterFunctionality] [verifyingDisplaySizeFilterFunctionality] Found the Filter within the filter check List
2026-02-14 06:30:20.153 PM [TestNG-test-Test-1] INFO  [verifyingDisplaySizeFilterFunctionality] [verifyingDisplaySizeFilterFunctionality] Within applyFilterAndValidateProductsWithResult method
2026-02-14 06:30:20.153 PM [TestNG-test-Test-1] INFO  [verifyingDisplaySizeFilterFunctionality] [verifyingDisplaySizeFilterFunctionality] Within safeFindElements 
2026-02-14 06:30:20.169 PM [TestNG-test-Test-1] INFO  [verifyingDisplaySizeFilterFunctionality] [verifyingDisplaySizeFilterFunctionality] Returning the  [[[ChromeDriver: chrome on windows (da4422f2077a5e3377bcd703325ce615)] -> xpath: //span[@class='a-size-base a-color-base puis-bold-weight-text' and text()='Display Size']/parent::div/following-sibling::ul//span[@class='a-size-base a-color-base']], [[ChromeDriver: chrome on windows (da4422f2077a5e3377bcd703325ce615)] -> xpath: //span[@class='a-size-base a-color-base puis-bold-weight-text' and text()='Display Size']/parent::div/following-sibling::ul//span[@class='a-size-base a-color-base']], [[ChromeDriver: chrome on windows (da4422f2077a5e3377bcd703325ce615)] -> xpath: //span[@class='a-size-base a-color-base puis-bold-weight-text' and text()='Display Size']/parent::div/following-sibling::ul//span[@class='a-size-base a-color-base']], [[ChromeDriver: chrome on windows (da4422f2077a5e3377bcd703325ce615)] -> xpath: //span[@class='a-size-base a-color-base puis-bold-weight-text' and text()='Display Size']/parent::div/following-sibling::ul//span[@class='a-size-base a-color-base']]] from the safeFindElements method
2026-02-14 06:30:20.169 PM [TestNG-test-Test-1] INFO  [verifyingDisplaySizeFilterFunctionality] [verifyingDisplaySizeFilterFunctionality] Within applyFilterAndValidateProductsWithResult filterOptions size is -> 4
2026-02-14 06:30:20.169 PM [TestNG-test-Test-1] INFO  [verifyingDisplaySizeFilterFunctionality] [verifyingDisplaySizeFilterFunctionality] Execution is scheduled type /CRON Job on CI Hence refering to CI keys from UtilData
2026-02-14 06:30:20.169 PM [TestNG-test-Test-1] INFO  [verifyingDisplaySizeFilterFunctionality] [verifyingDisplaySizeFilterFunctionality] Within filterOptions loop in applyFilterAndValidateProductsWithResult
2026-02-14 06:30:20.169 PM [TestNG-test-Test-1] INFO  [verifyingDisplaySizeFilterFunctionality] [verifyingDisplaySizeFilterFunctionality] Within safeFindElements 
2026-02-14 06:30:20.192 PM [TestNG-test-Test-1] INFO  [verifyingDisplaySizeFilterFunctionality] [verifyingDisplaySizeFilterFunctionality] Returning the  [[[ChromeDriver: chrome on windows (da4422f2077a5e3377bcd703325ce615)] -> xpath: //span[@class='a-size-base a-color-base puis-bold-weight-text' and text()='Display Size']/parent::div/following-sibling::ul//span[@class='a-size-base a-color-base']], [[ChromeDriver: chrome on windows (da4422f2077a5e3377bcd703325ce615)] -> xpath: //span[@class='a-size-base a-color-base puis-bold-weight-text' and text()='Display Size']/parent::div/following-sibling::ul//span[@class='a-size-base a-color-base']], [[ChromeDriver: chrome on windows (da4422f2077a5e3377bcd703325ce615)] -> xpath: //span[@class='a-size-base a-color-base puis-bold-weight-text' and text()='Display Size']/parent::div/following-sibling::ul//span[@class='a-size-base a-color-base']], [[ChromeDriver: chrome on windows (da4422f2077a5e3377bcd703325ce615)] -> xpath: //span[@class='a-size-base a-color-base puis-bold-weight-text' and text()='Display Size']/parent::div/following-sibling::ul//span[@class='a-size-base a-color-base']]] from the safeFindElements method
2026-02-14 06:30:20.192 PM [TestNG-test-Test-1] INFO  [verifyingDisplaySizeFilterFunctionality] [verifyingDisplaySizeFilterFunctionality] Trying to read filter option 0 (attempt 1/3)
2026-02-14 06:30:20.213 PM [TestNG-test-Test-1] INFO  [verifyingDisplaySizeFilterFunctionality] [verifyingDisplaySizeFilterFunctionality] Successfully read filter option 0 = 'Up to 10"'
2026-02-14 06:30:20.213 PM [TestNG-test-Test-1] INFO  [verifyingDisplaySizeFilterFunctionality] [verifyingDisplaySizeFilterFunctionality] Within getfilterByTypeAndName method
2026-02-14 06:30:20.214 PM [TestNG-test-Test-1] INFO  [verifyingDisplaySizeFilterFunctionality] [verifyingDisplaySizeFilterFunctionality] Within safeClickBooleanWithScreenShot method
2026-02-14 06:30:20.216 PM [TestNG-test-Test-1] INFO  [verifyingDisplaySizeFilterFunctionality] [verifyingDisplaySizeFilterFunctionality] Within getAppliedfilterByTypeAndName method
2026-02-14 06:30:20.216 PM [TestNG-test-Test-1] INFO  [verifyingDisplaySizeFilterFunctionality] [verifyingDisplaySizeFilterFunctionality] Within smoothScrollToElement method
2026-02-14 06:30:20.216 PM [TestNG-test-Test-1] INFO  [verifyingDisplaySizeFilterFunctionality] [verifyingDisplaySizeFilterFunctionality] Within safeFindElement method
2026-02-14 06:30:20.228 PM [TestNG-test-Test-1] INFO  [verifyingDisplaySizeFilterFunctionality] [verifyingDisplaySizeFilterFunctionality]Found the element returning it ,element ->[[ChromeDriver: chrome on windows (da4422f2077a5e3377bcd703325ce615)] -> xpath: //span[@class='a-size-base a-color-base puis-bold-weight-text' and text()='Display Size']]
2026-02-14 06:30:20.235 PM [TestNG-test-Test-1] INFO  [verifyingDisplaySizeFilterFunctionality] [verifyingDisplaySizeFilterFunctionality] Successfully scrolled to element: By.xpath: //span[@class='a-size-base a-color-base puis-bold-weight-text' and text()='Display Size']
2026-02-14 06:30:20.235 PM [TestNG-test-Test-1] INFO  [verifyingDisplaySizeFilterFunctionality] [verifyingDisplaySizeFilterFunctionality] Within getMoreButtonByFilterTypeAndName method
2026-02-14 06:30:20.235 PM [TestNG-test-Test-1] INFO  [verifyingDisplaySizeFilterFunctionality] [verifyingDisplaySizeFilterFunctionality] could not find more button
2026-02-14 06:30:30.510 PM [TestNG-test-Test-1] INFO  [verifyingDisplaySizeFilterFunctionality] [verifyingDisplaySizeFilterFunctionality] Cannot click the button, element ->By.xpath: //ul[@id='filter-p_n_g-1004194492091']//span[@class='a-size-base a-color-base' and text()='Up to 10"']
2026-02-14 06:30:32.921 PM [TestNG-test-Test-1] INFO  [verifyingDisplaySizeFilterFunctionality] [verifyingDisplaySizeFilterFunctionality] Cannot apply filter taking failed screenshot for ->Up to 10"
2026-02-14 06:30:32.921 PM [TestNG-test-Test-1] INFO  [verifyingDisplaySizeFilterFunctionality] [verifyingDisplaySizeFilterFunctionality] Within getAppliedfilterByTypeAndName method
2026-02-14 06:30:32.921 PM [TestNG-test-Test-1] INFO  [verifyingDisplaySizeFilterFunctionality] [verifyingDisplaySizeFilterFunctionality] Within smoothScrollToElement method
2026-02-14 06:30:32.921 PM [TestNG-test-Test-1] INFO  [verifyingDisplaySizeFilterFunctionality] [verifyingDisplaySizeFilterFunctionality] Within safeFindElement method
2026-02-14 06:30:32.940 PM [TestNG-test-Test-1] INFO  [verifyingDisplaySizeFilterFunctionality] [verifyingDisplaySizeFilterFunctionality]Found the element returning it ,element ->[[ChromeDriver: chrome on windows (da4422f2077a5e3377bcd703325ce615)] -> xpath: //span[@class='a-size-base a-color-base puis-bold-weight-text' and text()='Display Size']]
2026-02-14 06:30:32.948 PM [TestNG-test-Test-1] INFO  [verifyingDisplaySizeFilterFunctionality] [verifyingDisplaySizeFilterFunctionality] Successfully scrolled to element: By.xpath: //span[@class='a-size-base a-color-base puis-bold-weight-text' and text()='Display Size']
2026-02-14 06:30:34.949 PM [TestNG-test-Test-1] INFO  [verifyingDisplaySizeFilterFunctionality] [verifyingDisplaySizeFilterFunctionality] Within getMoreButtonByFilterTypeAndName method
2026-02-14 06:30:34.949 PM [TestNG-test-Test-1] INFO  [verifyingDisplaySizeFilterFunctionality] [verifyingDisplaySizeFilterFunctionality] could not find more button
2026-02-14 06:30:35.951 PM [TestNG-test-Test-1] INFO  [verifyingDisplaySizeFilterFunctionality] [verifyingDisplaySizeFilterFunctionality] Capturing screenshot: failed_filter_apply_screenshot-_Filter_Applied_is_Up_to_10___2026-02-14_183035.png
2026-02-14 06:30:36.133 PM [TestNG-test-Test-1] INFO  [verifyingDisplaySizeFilterFunctionality] [verifyingDisplaySizeFilterFunctionality] Screenshot saved at: test-output/screenshots/Run_2026-02-14_18-01-36/verifyingDisplaySizeFilterFunctionality/failed_filter_apply_screenshot-_Filter_Applied_is_Up_to_10___2026-02-14_183035.png
2026-02-14 06:30:36.133 PM [TestNG-test-Test-1] INFO  [verifyingDisplaySizeFilterFunctionality] [verifyingDisplaySizeFilterFunctionality] Refrshing the page , while trying to click ->By.xpath: //ul[@id='filter-p_n_g-1004194492091']//span[@class='a-size-base a-color-base' and text()='Up to 10"']
2026-02-14 06:30:37.135 PM [TestNG-test-Test-1] INFO  [verifyingDisplaySizeFilterFunctionality] [verifyingDisplaySizeFilterFunctionality]Skipping click action: Element not clickable after1   attempts
2026-02-14 06:30:37.135 PM [TestNG-test-Test-1] INFO  [verifyingDisplaySizeFilterFunctionality] [verifyingDisplaySizeFilterFunctionality] Within filterOptions loop in applyFilterAndValidateProductsWithResult
2026-02-14 06:30:37.135 PM [TestNG-test-Test-1] INFO  [verifyingDisplaySizeFilterFunctionality] [verifyingDisplaySizeFilterFunctionality] Within safeFindElements 
2026-02-14 06:30:37.144 PM [TestNG-test-Test-1] INFO  [verifyingDisplaySizeFilterFunctionality] [verifyingDisplaySizeFilterFunctionality] Returning the  [[[ChromeDriver: chrome on windows (da4422f2077a5e3377bcd703325ce615)] -> xpath: //span[@class='a-size-base a-color-base puis-bold-weight-text' and text()='Display Size']/parent::div/following-sibling::ul//span[@class='a-size-base a-color-base']], [[ChromeDriver: chrome on windows (da4422f2077a5e3377bcd703325ce615)] -> xpath: //span[@class='a-size-base a-color-base puis-bold-weight-text' and text()='Display Size']/parent::div/following-sibling::ul//span[@class='a-size-base a-color-base']], [[ChromeDriver: chrome on windows (da4422f2077a5e3377bcd703325ce615)] -> xpath: //span[@class='a-size-base a-color-base puis-bold-weight-text' and text()='Display Size']/parent::div/following-sibling::ul//span[@class='a-size-base a-color-base']], [[ChromeDriver: chrome on windows (da4422f2077a5e3377bcd703325ce615)] -> xpath: //span[@class='a-size-base a-color-base puis-bold-weight-text' and text()='Display Size']/parent::div/following-sibling::ul//span[@class='a-size-base a-color-base']]] from the safeFindElements method
2026-02-14 06:30:37.144 PM [TestNG-test-Test-1] INFO  [verifyingDisplaySizeFilterFunctionality] [verifyingDisplaySizeFilterFunctionality] Trying to read filter option 1 (attempt 1/3)
2026-02-14 06:30:37.158 PM [TestNG-test-Test-1] INFO  [verifyingDisplaySizeFilterFunctionality] [verifyingDisplaySizeFilterFunctionality] Successfully read filter option 1 = '13" - 14"'
2026-02-14 06:30:37.158 PM [TestNG-test-Test-1] INFO  [verifyingDisplaySizeFilterFunctionality] [verifyingDisplaySizeFilterFunctionality] Within getfilterByTypeAndName method
2026-02-14 06:30:37.158 PM [TestNG-test-Test-1] INFO  [verifyingDisplaySizeFilterFunctionality] [verifyingDisplaySizeFilterFunctionality] Within safeClickBooleanWithScreenShot method
2026-02-14 06:30:37.158 PM [TestNG-test-Test-1] INFO  [verifyingDisplaySizeFilterFunctionality] [verifyingDisplaySizeFilterFunctionality] Within getAppliedfilterByTypeAndName method
2026-02-14 06:30:37.158 PM [TestNG-test-Test-1] INFO  [verifyingDisplaySizeFilterFunctionality] [verifyingDisplaySizeFilterFunctionality] Within smoothScrollToElement method
2026-02-14 06:30:37.158 PM [TestNG-test-Test-1] INFO  [verifyingDisplaySizeFilterFunctionality] [verifyingDisplaySizeFilterFunctionality] Within safeFindElement method
2026-02-14 06:30:37.165 PM [TestNG-test-Test-1] INFO  [verifyingDisplaySizeFilterFunctionality] [verifyingDisplaySizeFilterFunctionality]Found the element returning it ,element ->[[ChromeDriver: chrome on windows (da4422f2077a5e3377bcd703325ce615)] -> xpath: //span[@class='a-size-base a-color-base puis-bold-weight-text' and text()='Display Size']]
2026-02-14 06:30:37.170 PM [TestNG-test-Test-1] INFO  [verifyingDisplaySizeFilterFunctionality] [verifyingDisplaySizeFilterFunctionality] Successfully scrolled to element: By.xpath: //span[@class='a-size-base a-color-base puis-bold-weight-text' and text()='Display Size']
2026-02-14 06:30:37.170 PM [TestNG-test-Test-1] INFO  [verifyingDisplaySizeFilterFunctionality] [verifyingDisplaySizeFilterFunctionality] Within getMoreButtonByFilterTypeAndName method
2026-02-14 06:30:37.170 PM [TestNG-test-Test-1] INFO  [verifyingDisplaySizeFilterFunctionality] [verifyingDisplaySizeFilterFunctionality] could not find more button
2026-02-14 06:30:47.361 PM [TestNG-test-Test-1] INFO  [verifyingDisplaySizeFilterFunctionality] [verifyingDisplaySizeFilterFunctionality] Cannot click the button, element ->By.xpath: //ul[@id='filter-p_n_g-1004194492091']//span[@class='a-size-base a-color-base' and text()='13" - 14"']
2026-02-14 06:30:49.702 PM [TestNG-test-Test-1] INFO  [verifyingDisplaySizeFilterFunctionality] [verifyingDisplaySizeFilterFunctionality] Cannot apply filter taking failed screenshot for ->13" - 14"
2026-02-14 06:30:49.702 PM [TestNG-test-Test-1] INFO  [verifyingDisplaySizeFilterFunctionality] [verifyingDisplaySizeFilterFunctionality] Within getAppliedfilterByTypeAndName method
2026-02-14 06:30:49.702 PM [TestNG-test-Test-1] INFO  [verifyingDisplaySizeFilterFunctionality] [verifyingDisplaySizeFilterFunctionality] Within smoothScrollToElement method
2026-02-14 06:30:49.702 PM [TestNG-test-Test-1] INFO  [verifyingDisplaySizeFilterFunctionality] [verifyingDisplaySizeFilterFunctionality] Within safeFindElement method
2026-02-14 06:30:49.716 PM [TestNG-test-Test-1] INFO  [verifyingDisplaySizeFilterFunctionality] [verifyingDisplaySizeFilterFunctionality]Found the element returning it ,element ->[[ChromeDriver: chrome on windows (da4422f2077a5e3377bcd703325ce615)] -> xpath: //span[@class='a-size-base a-color-base puis-bold-weight-text' and text()='Display Size']]
2026-02-14 06:30:49.722 PM [TestNG-test-Test-1] INFO  [verifyingDisplaySizeFilterFunctionality] [verifyingDisplaySizeFilterFunctionality] Successfully scrolled to element: By.xpath: //span[@class='a-size-base a-color-base puis-bold-weight-text' and text()='Display Size']
2026-02-14 06:30:51.723 PM [TestNG-test-Test-1] INFO  [verifyingDisplaySizeFilterFunctionality] [verifyingDisplaySizeFilterFunctionality] Within getMoreButtonByFilterTypeAndName method
2026-02-14 06:30:51.723 PM [TestNG-test-Test-1] INFO  [verifyingDisplaySizeFilterFunctionality] [verifyingDisplaySizeFilterFunctionality] could not find more button
2026-02-14 06:30:52.723 PM [TestNG-test-Test-1] INFO  [verifyingDisplaySizeFilterFunctionality] [verifyingDisplaySizeFilterFunctionality] Capturing screenshot: failed_filter_apply_screenshot-_Filter_Applied_is_13_-_14___2026-02-14_183052.png
2026-02-14 06:30:52.820 PM [TestNG-test-Test-1] INFO  [verifyingDisplaySizeFilterFunctionality] [verifyingDisplaySizeFilterFunctionality] Screenshot saved at: test-output/screenshots/Run_2026-02-14_18-01-36/verifyingDisplaySizeFilterFunctionality/failed_filter_apply_screenshot-_Filter_Applied_is_13_-_14___2026-02-14_183052.png
2026-02-14 06:30:52.820 PM [TestNG-test-Test-1] INFO  [verifyingDisplaySizeFilterFunctionality] [verifyingDisplaySizeFilterFunctionality] Refrshing the page , while trying to click ->By.xpath: //ul[@id='filter-p_n_g-1004194492091']//span[@class='a-size-base a-color-base' and text()='13" - 14"']
2026-02-14 06:30:53.821 PM [TestNG-test-Test-1] INFO  [verifyingDisplaySizeFilterFunctionality] [verifyingDisplaySizeFilterFunctionality]Skipping click action: Element not clickable after1   attempts
2026-02-14 06:30:53.821 PM [TestNG-test-Test-1] INFO  [verifyingDisplaySizeFilterFunctionality] [verifyingDisplaySizeFilterFunctionality] Within filterOptions loop in applyFilterAndValidateProductsWithResult
2026-02-14 06:30:53.821 PM [TestNG-test-Test-1] INFO  [verifyingDisplaySizeFilterFunctionality] [verifyingDisplaySizeFilterFunctionality] Within safeFindElements 
2026-02-14 06:30:53.831 PM [TestNG-test-Test-1] INFO  [verifyingDisplaySizeFilterFunctionality] [verifyingDisplaySizeFilterFunctionality] Returning the  [[[ChromeDriver: chrome on windows (da4422f2077a5e3377bcd703325ce615)] -> xpath: //span[@class='a-size-base a-color-base puis-bold-weight-text' and text()='Display Size']/parent::div/following-sibling::ul//span[@class='a-size-base a-color-base']], [[ChromeDriver: chrome on windows (da4422f2077a5e3377bcd703325ce615)] -> xpath: //span[@class='a-size-base a-color-base puis-bold-weight-text' and text()='Display Size']/parent::div/following-sibling::ul//span[@class='a-size-base a-color-base']], [[ChromeDriver: chrome on windows (da4422f2077a5e3377bcd703325ce615)] -> xpath: //span[@class='a-size-base a-color-base puis-bold-weight-text' and text()='Display Size']/parent::div/following-sibling::ul//span[@class='a-size-base a-color-base']], [[ChromeDriver: chrome on windows (da4422f2077a5e3377bcd703325ce615)] -> xpath: //span[@class='a-size-base a-color-base puis-bold-weight-text' and text()='Display Size']/parent::div/following-sibling::ul//span[@class='a-size-base a-color-base']]] from the safeFindElements method
2026-02-14 06:30:53.831 PM [TestNG-test-Test-1] INFO  [verifyingDisplaySizeFilterFunctionality] [verifyingDisplaySizeFilterFunctionality] Trying to read filter option 2 (attempt 1/3)
2026-02-14 06:30:53.845 PM [TestNG-test-Test-1] INFO  [verifyingDisplaySizeFilterFunctionality] [verifyingDisplaySizeFilterFunctionality] Successfully read filter option 2 = '15" - 16"'
2026-02-14 06:30:53.845 PM [TestNG-test-Test-1] INFO  [verifyingDisplaySizeFilterFunctionality] [verifyingDisplaySizeFilterFunctionality] Within getfilterByTypeAndName method
2026-02-14 06:30:53.845 PM [TestNG-test-Test-1] INFO  [verifyingDisplaySizeFilterFunctionality] [verifyingDisplaySizeFilterFunctionality] Within safeClickBooleanWithScreenShot method
2026-02-14 06:30:53.845 PM [TestNG-test-Test-1] INFO  [verifyingDisplaySizeFilterFunctionality] [verifyingDisplaySizeFilterFunctionality] Within getAppliedfilterByTypeAndName method
2026-02-14 06:30:53.845 PM [TestNG-test-Test-1] INFO  [verifyingDisplaySizeFilterFunctionality] [verifyingDisplaySizeFilterFunctionality] Within smoothScrollToElement method
2026-02-14 06:30:53.845 PM [TestNG-test-Test-1] INFO  [verifyingDisplaySizeFilterFunctionality] [verifyingDisplaySizeFilterFunctionality] Within safeFindElement method
2026-02-14 06:30:53.853 PM [TestNG-test-Test-1] INFO  [verifyingDisplaySizeFilterFunctionality] [verifyingDisplaySizeFilterFunctionality]Found the element returning it ,element ->[[ChromeDriver: chrome on windows (da4422f2077a5e3377bcd703325ce615)] -> xpath: //span[@class='a-size-base a-color-base puis-bold-weight-text' and text()='Display Size']]
2026-02-14 06:30:53.858 PM [TestNG-test-Test-1] INFO  [verifyingDisplaySizeFilterFunctionality] [verifyingDisplaySizeFilterFunctionality] Successfully scrolled to element: By.xpath: //span[@class='a-size-base a-color-base puis-bold-weight-text' and text()='Display Size']
2026-02-14 06:30:53.858 PM [TestNG-test-Test-1] INFO  [verifyingDisplaySizeFilterFunctionality] [verifyingDisplaySizeFilterFunctionality] Within getMoreButtonByFilterTypeAndName method
2026-02-14 06:30:53.858 PM [TestNG-test-Test-1] INFO  [verifyingDisplaySizeFilterFunctionality] [verifyingDisplaySizeFilterFunctionality] could not find more button
2026-02-14 06:31:04.078 PM [TestNG-test-Test-1] INFO  [verifyingDisplaySizeFilterFunctionality] [verifyingDisplaySizeFilterFunctionality] Cannot click the button, element ->By.xpath: //ul[@id='filter-p_n_g-1004194492091']//span[@class='a-size-base a-color-base' and text()='15" - 16"']
2026-02-14 06:31:05.275 PM [TestNG-test-Test-1] INFO  [verifyingDisplaySizeFilterFunctionality] [verifyingDisplaySizeFilterFunctionality] Cannot apply filter taking failed screenshot for ->15" - 16"
2026-02-14 06:31:05.275 PM [TestNG-test-Test-1] INFO  [verifyingDisplaySizeFilterFunctionality] [verifyingDisplaySizeFilterFunctionality] Within getAppliedfilterByTypeAndName method
2026-02-14 06:31:05.275 PM [TestNG-test-Test-1] INFO  [verifyingDisplaySizeFilterFunctionality] [verifyingDisplaySizeFilterFunctionality] Within smoothScrollToElement method
2026-02-14 06:31:05.275 PM [TestNG-test-Test-1] INFO  [verifyingDisplaySizeFilterFunctionality] [verifyingDisplaySizeFilterFunctionality] Within safeFindElement method
2026-02-14 06:31:06.756 PM [TestNG-test-Test-1] INFO  [verifyingDisplaySizeFilterFunctionality] [verifyingDisplaySizeFilterFunctionality]Found the element returning it ,element ->[[ChromeDriver: chrome on windows (da4422f2077a5e3377bcd703325ce615)] -> xpath: //span[@class='a-size-base a-color-base puis-bold-weight-text' and text()='Display Size']]
2026-02-14 06:31:06.761 PM [TestNG-test-Test-1] INFO  [verifyingDisplaySizeFilterFunctionality] [verifyingDisplaySizeFilterFunctionality] Successfully scrolled to element: By.xpath: //span[@class='a-size-base a-color-base puis-bold-weight-text' and text()='Display Size']
2026-02-14 06:31:08.763 PM [TestNG-test-Test-1] INFO  [verifyingDisplaySizeFilterFunctionality] [verifyingDisplaySizeFilterFunctionality] Within getMoreButtonByFilterTypeAndName method
2026-02-14 06:31:08.763 PM [TestNG-test-Test-1] INFO  [verifyingDisplaySizeFilterFunctionality] [verifyingDisplaySizeFilterFunctionality] could not find more button
2026-02-14 06:31:09.763 PM [TestNG-test-Test-1] INFO  [verifyingDisplaySizeFilterFunctionality] [verifyingDisplaySizeFilterFunctionality] Capturing screenshot: failed_filter_apply_screenshot-_Filter_Applied_is_15_-_16___2026-02-14_183109.png
2026-02-14 06:31:09.855 PM [TestNG-test-Test-1] INFO  [verifyingDisplaySizeFilterFunctionality] [verifyingDisplaySizeFilterFunctionality] Screenshot saved at: test-output/screenshots/Run_2026-02-14_18-01-36/verifyingDisplaySizeFilterFunctionality/failed_filter_apply_screenshot-_Filter_Applied_is_15_-_16___2026-02-14_183109.png
2026-02-14 06:31:09.855 PM [TestNG-test-Test-1] INFO  [verifyingDisplaySizeFilterFunctionality] [verifyingDisplaySizeFilterFunctionality] Refrshing the page , while trying to click ->By.xpath: //ul[@id='filter-p_n_g-1004194492091']//span[@class='a-size-base a-color-base' and text()='15" - 16"']
2026-02-14 06:31:10.856 PM [TestNG-test-Test-1] INFO  [verifyingDisplaySizeFilterFunctionality] [verifyingDisplaySizeFilterFunctionality]Skipping click action: Element not clickable after1   attempts
2026-02-14 06:31:10.856 PM [TestNG-test-Test-1] INFO  [verifyingDisplaySizeFilterFunctionality] [verifyingDisplaySizeFilterFunctionality] Within filterOptions loop in applyFilterAndValidateProductsWithResult
2026-02-14 06:31:10.856 PM [TestNG-test-Test-1] INFO  [verifyingDisplaySizeFilterFunctionality] [verifyingDisplaySizeFilterFunctionality] Within safeFindElements 
2026-02-14 06:31:10.865 PM [TestNG-test-Test-1] INFO  [verifyingDisplaySizeFilterFunctionality] [verifyingDisplaySizeFilterFunctionality] Returning the  [[[ChromeDriver: chrome on windows (da4422f2077a5e3377bcd703325ce615)] -> xpath: //span[@class='a-size-base a-color-base puis-bold-weight-text' and text()='Display Size']/parent::div/following-sibling::ul//span[@class='a-size-base a-color-base']], [[ChromeDriver: chrome on windows (da4422f2077a5e3377bcd703325ce615)] -> xpath: //span[@class='a-size-base a-color-base puis-bold-weight-text' and text()='Display Size']/parent::div/following-sibling::ul//span[@class='a-size-base a-color-base']], [[ChromeDriver: chrome on windows (da4422f2077a5e3377bcd703325ce615)] -> xpath: //span[@class='a-size-base a-color-base puis-bold-weight-text' and text()='Display Size']/parent::div/following-sibling::ul//span[@class='a-size-base a-color-base']], [[ChromeDriver: chrome on windows (da4422f2077a5e3377bcd703325ce615)] -> xpath: //span[@class='a-size-base a-color-base puis-bold-weight-text' and text()='Display Size']/parent::div/following-sibling::ul//span[@class='a-size-base a-color-base']]] from the safeFindElements method
2026-02-14 06:31:10.865 PM [TestNG-test-Test-1] INFO  [verifyingDisplaySizeFilterFunctionality] [verifyingDisplaySizeFilterFunctionality] Trying to read filter option 3 (attempt 1/3)
2026-02-14 06:31:10.881 PM [TestNG-test-Test-1] INFO  [verifyingDisplaySizeFilterFunctionality] [verifyingDisplaySizeFilterFunctionality] Successfully read filter option 3 = '17" & More'
2026-02-14 06:31:10.881 PM [TestNG-test-Test-1] INFO  [verifyingDisplaySizeFilterFunctionality] [verifyingDisplaySizeFilterFunctionality] Within getfilterByTypeAndName method
2026-02-14 06:31:10.881 PM [TestNG-test-Test-1] INFO  [verifyingDisplaySizeFilterFunctionality] [verifyingDisplaySizeFilterFunctionality] Within safeClickBooleanWithScreenShot method
2026-02-14 06:31:10.881 PM [TestNG-test-Test-1] INFO  [verifyingDisplaySizeFilterFunctionality] [verifyingDisplaySizeFilterFunctionality] Within getAppliedfilterByTypeAndName method
2026-02-14 06:31:10.881 PM [TestNG-test-Test-1] INFO  [verifyingDisplaySizeFilterFunctionality] [verifyingDisplaySizeFilterFunctionality] Within smoothScrollToElement method
2026-02-14 06:31:10.881 PM [TestNG-test-Test-1] INFO  [verifyingDisplaySizeFilterFunctionality] [verifyingDisplaySizeFilterFunctionality] Within safeFindElement method
2026-02-14 06:31:10.890 PM [TestNG-test-Test-1] INFO  [verifyingDisplaySizeFilterFunctionality] [verifyingDisplaySizeFilterFunctionality]Found the element returning it ,element ->[[ChromeDriver: chrome on windows (da4422f2077a5e3377bcd703325ce615)] -> xpath: //span[@class='a-size-base a-color-base puis-bold-weight-text' and text()='Display Size']]
2026-02-14 06:31:10.896 PM [TestNG-test-Test-1] INFO  [verifyingDisplaySizeFilterFunctionality] [verifyingDisplaySizeFilterFunctionality] Successfully scrolled to element: By.xpath: //span[@class='a-size-base a-color-base puis-bold-weight-text' and text()='Display Size']
2026-02-14 06:31:10.896 PM [TestNG-test-Test-1] INFO  [verifyingDisplaySizeFilterFunctionality] [verifyingDisplaySizeFilterFunctionality] Within getMoreButtonByFilterTypeAndName method
2026-02-14 06:31:10.896 PM [TestNG-test-Test-1] INFO  [verifyingDisplaySizeFilterFunctionality] [verifyingDisplaySizeFilterFunctionality] could not find more button
2026-02-14 06:31:21.156 PM [TestNG-test-Test-1] INFO  [verifyingDisplaySizeFilterFunctionality] [verifyingDisplaySizeFilterFunctionality] Cannot click the button, element ->By.xpath: //ul[@id='filter-p_n_g-1004194492091']//span[@class='a-size-base a-color-base' and text()='17" & More']
2026-02-14 06:31:23.609 PM [TestNG-test-Test-1] INFO  [verifyingDisplaySizeFilterFunctionality] [verifyingDisplaySizeFilterFunctionality] Cannot apply filter taking failed screenshot for ->17" & More
2026-02-14 06:31:23.609 PM [TestNG-test-Test-1] INFO  [verifyingDisplaySizeFilterFunctionality] [verifyingDisplaySizeFilterFunctionality] Within getAppliedfilterByTypeAndName method
2026-02-14 06:31:23.609 PM [TestNG-test-Test-1] INFO  [verifyingDisplaySizeFilterFunctionality] [verifyingDisplaySizeFilterFunctionality] Within smoothScrollToElement method
2026-02-14 06:31:23.609 PM [TestNG-test-Test-1] INFO  [verifyingDisplaySizeFilterFunctionality] [verifyingDisplaySizeFilterFunctionality] Within safeFindElement method
2026-02-14 06:31:23.624 PM [TestNG-test-Test-1] INFO  [verifyingDisplaySizeFilterFunctionality] [verifyingDisplaySizeFilterFunctionality]Found the element returning it ,element ->[[ChromeDriver: chrome on windows (da4422f2077a5e3377bcd703325ce615)] -> xpath: //span[@class='a-size-base a-color-base puis-bold-weight-text' and text()='Display Size']]
2026-02-14 06:31:23.630 PM [TestNG-test-Test-1] INFO  [verifyingDisplaySizeFilterFunctionality] [verifyingDisplaySizeFilterFunctionality] Successfully scrolled to element: By.xpath: //span[@class='a-size-base a-color-base puis-bold-weight-text' and text()='Display Size']
2026-02-14 06:31:25.630 PM [TestNG-test-Test-1] INFO  [verifyingDisplaySizeFilterFunctionality] [verifyingDisplaySizeFilterFunctionality] Within getMoreButtonByFilterTypeAndName method
2026-02-14 06:31:25.630 PM [TestNG-test-Test-1] INFO  [verifyingDisplaySizeFilterFunctionality] [verifyingDisplaySizeFilterFunctionality] could not find more button
2026-02-14 06:31:26.632 PM [TestNG-test-Test-1] INFO  [verifyingDisplaySizeFilterFunctionality] [verifyingDisplaySizeFilterFunctionality] Capturing screenshot: failed_filter_apply_screenshot-_Filter_Applied_is_17_More__2026-02-14_183126.png
2026-02-14 06:31:26.729 PM [TestNG-test-Test-1] INFO  [verifyingDisplaySizeFilterFunctionality] [verifyingDisplaySizeFilterFunctionality] Screenshot saved at: test-output/screenshots/Run_2026-02-14_18-01-36/verifyingDisplaySizeFilterFunctionality/failed_filter_apply_screenshot-_Filter_Applied_is_17_More__2026-02-14_183126.png
2026-02-14 06:31:26.729 PM [TestNG-test-Test-1] INFO  [verifyingDisplaySizeFilterFunctionality] [verifyingDisplaySizeFilterFunctionality] Refrshing the page , while trying to click ->By.xpath: //ul[@id='filter-p_n_g-1004194492091']//span[@class='a-size-base a-color-base' and text()='17" & More']
2026-02-14 06:31:27.730 PM [TestNG-test-Test-1] INFO  [verifyingDisplaySizeFilterFunctionality] [verifyingDisplaySizeFilterFunctionality]Skipping click action: Element not clickable after1   attempts
2026-02-14 06:31:27.730 PM [TestNG-test-Test-1] INFO  [verifyingDisplaySizeFilterFunctionality] [verifyingDisplaySizeFilterFunctionality] returning the 'results' i.e list of Maps
2026-02-14 06:31:27.730 PM [TestNG-test-Test-1] INFO  [verifyingDisplaySizeFilterFunctionality] [verifyingDisplaySizeFilterFunctionality]  Final assertion for display size filter validation starting...
2026-02-14 06:31:27.733 PM [TestNG-test-Test-1] INFO  [verifyingDisplaySizeFilterFunctionality] ✅ Finished test method: verifyingDisplaySizeFilterFunctionality
2026-02-14 06:31:27.991 PM [TestNG-test-Test-1] INFO  [verifyingDisplaySizeFilterFunctionality] 🔹 Starting test method: verifyingDisplaySizeFilterFunctionality
2026-02-14 06:31:27.991 PM [TestNG-test-Test-1] INFO  [verifyingDisplaySizeFilterFunctionality] No existing WebDriver found for current thread. Initializing a new ChromeDriver...
2026-02-14 06:31:28.003 PM [TestNG-test-Test-1] INFO  [verifyingDisplaySizeFilterFunctionality] WebDriverManager: chromedriver setup OK
2026-02-14 06:31:28.991 PM [TestNG-test-Test-1] INFO  [verifyingDisplaySizeFilterFunctionality] ChromeDriver initialized successfully for thread: 34
2026-02-14 06:31:31.289 PM [TestNG-test-Test-1] INFO  [verifyingDisplaySizeFilterFunctionality] [verifyingDisplaySizeFilterFunctionality] Opening amazon Landing page
2026-02-14 06:31:31.289 PM [TestNG-test-Test-1] INFO  [verifyingDisplaySizeFilterFunctionality] [verifyingDisplaySizeFilterFunctionality] Within safeFindElement method
2026-02-14 06:31:31.313 PM [TestNG-test-Test-1] INFO  [verifyingDisplaySizeFilterFunctionality] [verifyingDisplaySizeFilterFunctionality]Found the element returning it ,element ->[[ChromeDriver: chrome on windows (2e9da6c9245b135c7f2f70140bd013f5)] -> xpath: //a[@id='nav-logo-sprites']]
2026-02-14 06:31:32.018 PM [TestNG-test-Test-1] INFO  [verifyingDisplaySizeFilterFunctionality] [verifyingDisplaySizeFilterFunctionality] Giving input within the search bar
2026-02-14 06:31:32.018 PM [TestNG-test-Test-1] INFO  [verifyingDisplaySizeFilterFunctionality] [verifyingDisplaySizeFilterFunctionality] Within safeClick method
2026-02-14 06:31:33.886 PM [TestNG-test-Test-1] INFO  [verifyingDisplaySizeFilterFunctionality] [verifyingDisplaySizeFilterFunctionality] Clicked the  [[ChromeDriver: chrome on windows (2e9da6c9245b135c7f2f70140bd013f5)] -> xpath: //input[@id='nav-search-submit-button']]   using safeClick
2026-02-14 06:31:33.887 PM [TestNG-test-Test-1] INFO  [verifyingDisplaySizeFilterFunctionality] [verifyingDisplaySizeFilterFunctionality] Clicking on the submit in the search bar
2026-02-14 06:31:33.969 PM [TestNG-test-Test-1] INFO  [verifyingDisplaySizeFilterFunctionality] [verifyingDisplaySizeFilterFunctionality] Within filterCheckUnderList method
2026-02-14 06:31:34.135 PM [TestNG-test-Test-1] INFO  [verifyingDisplaySizeFilterFunctionality] [verifyingDisplaySizeFilterFunctionality] Filter option does not exist within the filter check List
2026-02-14 06:31:34.135 PM [TestNG-test-Test-1] WARN  [verifyingDisplaySizeFilterFunctionality] [verifyingDisplaySizeFilterFunctionality]  Filter option 'Display Size' does not exist in the list. Skipping the test.
2026-02-14 06:31:34.139 PM [TestNG-test-Test-1] INFO  [verifyingDisplaySizeFilterFunctionality] ✅ Finished test method: verifyingDisplaySizeFilterFunctionality
