19:45:41 [TestNG-test-Test-3] INFO  verifyingGetItByTomorrowFilterFunctionality_Tablet_19-45-41 - No existing WebDriver found for current thread. Initializing a new ChromeDriver...
19:45:41 [TestNG-test-Test-3] INFO  verifyingGetItByTomorrowFilterFunctionality_Tablet_19-45-41 - WebDriverManager: chromedriver setup OK
19:45:43 [TestNG-test-Test-3] INFO  verifyingGetItByTomorrowFilterFunctionality_Tablet_19-45-41 - ChromeDriver initialized successfully for thread: 36
19:45:44 [TestNG-test-Test-3] INFO  verifyingGetItByTomorrowFilterFunctionality_Tablet_19-45-41 - [verifyingGetItByTomorrowFilterFunctionality_Tablet_19-45-41] Opening amazon Landing page
19:45:44 [TestNG-test-Test-3] INFO  verifyingGetItByTomorrowFilterFunctionality_Tablet_19-45-41 - [verifyingGetItByTomorrowFilterFunctionality_Tablet_19-45-41] Within safeFindElement method
19:45:49 [TestNG-test-Test-3] INFO  verifyingGetItByTomorrowFilterFunctionality_Tablet_19-45-41 - [verifyingGetItByTomorrowFilterFunctionality_Tablet_19-45-41]Found the element returning it ,element ->[[ChromeDriver: chrome on windows (b5f7315057b0dac63b565f5e8fe5cf8e)] -> xpath: //a[@id='nav-logo-sprites']]
19:45:50 [TestNG-test-Test-3] INFO  verifyingGetItByTomorrowFilterFunctionality_Tablet_19-45-41 - [verifyingGetItByTomorrowFilterFunctionality_Tablet_19-45-41] Giving input within the search bar
19:45:50 [TestNG-test-Test-3] INFO  verifyingGetItByTomorrowFilterFunctionality_Tablet_19-45-41 - [verifyingGetItByTomorrowFilterFunctionality_Tablet_19-45-41] Within safeClick method
19:45:52 [TestNG-test-Test-3] INFO  verifyingGetItByTomorrowFilterFunctionality_Tablet_19-45-41 - [verifyingGetItByTomorrowFilterFunctionality_Tablet_19-45-41] Clicked the  [[ChromeDriver: chrome on windows (b5f7315057b0dac63b565f5e8fe5cf8e)] -> xpath: //input[@id='nav-search-submit-button']]   using safeClick
19:45:52 [TestNG-test-Test-3] INFO  verifyingGetItByTomorrowFilterFunctionality_Tablet_19-45-41 - [verifyingGetItByTomorrowFilterFunctionality_Tablet_19-45-41] Clicking on the submit in the search bar
19:45:53 [TestNG-test-Test-3] INFO  verifyingGetItByTomorrowFilterFunctionality_Tablet_19-45-41 - [verifyingGetItByTomorrowFilterFunctionality_Tablet_19-45-41] Waiting until element is visible in viewport
19:45:53 [TestNG-test-Test-3] INFO  verifyingGetItByTomorrowFilterFunctionality_Tablet_19-45-41 - [verifyingGetItByTomorrowFilterFunctionality_Tablet_19-45-41] Within validateDeliveryFilterOptionsWithResult method
19:45:53 [TestNG-test-Test-3] INFO  verifyingGetItByTomorrowFilterFunctionality_Tablet_19-45-41 - [verifyingGetItByTomorrowFilterFunctionality_Tablet_19-45-41] Within safeClick method
19:45:53 [TestNG-test-Test-3] INFO  verifyingGetItByTomorrowFilterFunctionality_Tablet_19-45-41 - [verifyingGetItByTomorrowFilterFunctionality_Tablet_19-45-41] Clicked the  [[ChromeDriver: chrome on windows (b5f7315057b0dac63b565f5e8fe5cf8e)] -> xpath: //span[@class='a-size-base a-color-base puis-bold-weight-text' and text()='Delivery Day']/parent::div/following-sibling::ul//span[@class='a-size-base a-color-base' and text()='Get It by Tomorrow']]   using safeClick
19:45:53 [TestNG-test-Test-3] INFO  verifyingGetItByTomorrowFilterFunctionality_Tablet_19-45-41 - [verifyingGetItByTomorrowFilterFunctionality_Tablet_19-45-41] Within getMoreButtonByFilterTypeAndName method
19:45:53 [TestNG-test-Test-3] INFO  verifyingGetItByTomorrowFilterFunctionality_Tablet_19-45-41 - [verifyingGetItByTomorrowFilterFunctionality_Tablet_19-45-41] Clicked on By.xpath: //span[@class='a-size-base a-color-base puis-bold-weight-text' and text()='Delivery Day']/parent::div/following-sibling::ul//span[@class='a-size-base a-color-base' and text()='Get It by Tomorrow']
19:45:53 [TestNG-test-Test-3] INFO  verifyingGetItByTomorrowFilterFunctionality_Tablet_19-45-41 - [verifyingGetItByTomorrowFilterFunctionality_Tablet_19-45-41] Within safeFindElements 
19:45:54 [TestNG-test-Test-3] INFO  verifyingGetItByTomorrowFilterFunctionality_Tablet_19-45-41 - [verifyingGetItByTomorrowFilterFunctionality_Tablet_19-45-41] Returning the  [[[ChromeDriver: chrome on windows (b5f7315057b0dac63b565f5e8fe5cf8e)] -> xpath: //div[@class='a-section a-spacing-small a-spacing-top-small']], [[ChromeDriver: chrome on windows (b5f7315057b0dac63b565f5e8fe5cf8e)] -> xpath: //div[@class='a-section a-spacing-small a-spacing-top-small']], [[ChromeDriver: chrome on windows (b5f7315057b0dac63b565f5e8fe5cf8e)] -> xpath: //div[@class='a-section a-spacing-small a-spacing-top-small']]] from the safeFindElements method
19:45:54 [TestNG-test-Test-3] INFO  verifyingGetItByTomorrowFilterFunctionality_Tablet_19-45-41 - [verifyingGetItByTomorrowFilterFunctionality_Tablet_19-45-41] Created hashset with required data to assert with Within validateDeliveryFilterOptions method
19:45:54 [TestNG-test-Test-3] INFO  verifyingGetItByTomorrowFilterFunctionality_Tablet_19-45-41 - [verifyingGetItByTomorrowFilterFunctionality_Tablet_19-45-41] this is the set  [Today, May, Tue, 05, FREE delivery, 06, Wed, Tomorrow]
19:45:54 [TestNG-test-Test-3] INFO  verifyingGetItByTomorrowFilterFunctionality_Tablet_19-45-41 - [verifyingGetItByTomorrowFilterFunctionality_Tablet_19-45-41] Within deliveryElements loop iterating over the products  Within validateDeliveryFilterOptions method
19:45:54 [TestNG-test-Test-3] INFO  verifyingGetItByTomorrowFilterFunctionality_Tablet_19-45-41 - [verifyingGetItByTomorrowFilterFunctionality_Tablet_19-45-41] Checking if the allowedDateParts have the assert text   Within validateDeliveryFilterOptions method
19:45:54 [TestNG-test-Test-3] INFO  verifyingGetItByTomorrowFilterFunctionality_Tablet_19-45-41 - [verifyingGetItByTomorrowFilterFunctionality_Tablet_19-45-41] Within deliveryElements loop iterating over the products  Within validateDeliveryFilterOptions method
19:45:54 [TestNG-test-Test-3] INFO  verifyingGetItByTomorrowFilterFunctionality_Tablet_19-45-41 - [verifyingGetItByTomorrowFilterFunctionality_Tablet_19-45-41] Checking if the allowedDateParts have the assert text   Within validateDeliveryFilterOptions method
19:45:54 [TestNG-test-Test-3] INFO  verifyingGetItByTomorrowFilterFunctionality_Tablet_19-45-41 - [verifyingGetItByTomorrowFilterFunctionality_Tablet_19-45-41] Within deliveryElements loop iterating over the products  Within validateDeliveryFilterOptions method
19:45:54 [TestNG-test-Test-3] INFO  verifyingGetItByTomorrowFilterFunctionality_Tablet_19-45-41 - [verifyingGetItByTomorrowFilterFunctionality_Tablet_19-45-41] Checking if the allowedDateParts have the assert text   Within validateDeliveryFilterOptions method
19:45:54 [TestNG-test-Test-3] INFO  verifyingGetItByTomorrowFilterFunctionality_Tablet_19-45-41 - [verifyingGetItByTomorrowFilterFunctionality_Tablet_19-45-41] Returning the list with boolean values   Within validateDeliveryFilterOptions method
19:45:54 [TestNG-test-Test-3] INFO  verifyingGetItByTomorrowFilterFunctionality_Tablet_19-45-41 - [verifyingGetItByTomorrowFilterFunctionality_Tablet_19-45-41] Asserting delivery filter: isValid=true, index=-1, text=All the things are valid no errors
