20:35:08 [TestNG-test-Test-3] INFO  verifyingFreeDeliveryFilterFunctionality_Tablet_20-35-08 - No existing WebDriver found for current thread. Initializing a new ChromeDriver...
20:35:08 [TestNG-test-Test-3] INFO  verifyingFreeDeliveryFilterFunctionality_Tablet_20-35-08 - WebDriverManager: chromedriver setup OK
20:35:09 [TestNG-test-Test-3] INFO  verifyingFreeDeliveryFilterFunctionality_Tablet_20-35-08 - ChromeDriver initialized successfully for thread: 36
20:35:10 [TestNG-test-Test-3] INFO  verifyingFreeDeliveryFilterFunctionality_Tablet_20-35-08 - [verifyingFreeDeliveryFilterFunctionality_Tablet_20-35-08] Opening amazon Landing page
20:35:10 [TestNG-test-Test-3] INFO  verifyingFreeDeliveryFilterFunctionality_Tablet_20-35-08 - [verifyingFreeDeliveryFilterFunctionality_Tablet_20-35-08] Within safeFindElement method
20:35:15 [TestNG-test-Test-3] INFO  verifyingFreeDeliveryFilterFunctionality_Tablet_20-35-08 - [verifyingFreeDeliveryFilterFunctionality_Tablet_20-35-08]Retrying findElement for: ->By.xpath: //a[@id='nav-logo-sprites']
20:35:15 [TestNG-test-Test-3] INFO  verifyingFreeDeliveryFilterFunctionality_Tablet_20-35-08 - [verifyingFreeDeliveryFilterFunctionality_Tablet_20-35-08]Refrehsing the page , while trying to safely find : ->By.xpath: //a[@id='nav-logo-sprites']
20:35:21 [TestNG-test-Test-3] INFO  verifyingFreeDeliveryFilterFunctionality_Tablet_20-35-08 - [verifyingFreeDeliveryFilterFunctionality_Tablet_20-35-08]Retrying findElement for: ->By.xpath: //a[@id='nav-logo-sprites']
20:35:23 [TestNG-test-Test-3] INFO  verifyingFreeDeliveryFilterFunctionality_Tablet_20-35-08 - [verifyingFreeDeliveryFilterFunctionality_Tablet_20-35-08]Refrehsing the page , while trying to safely find : ->By.xpath: //a[@id='nav-logo-sprites']
20:35:23 [TestNG-test-Test-3] INFO  verifyingFreeDeliveryFilterFunctionality_Tablet_20-35-08 - [verifyingFreeDeliveryFilterFunctionality_Tablet_20-35-08] Skipping action: Element not found after 2   attemps
20:35:23 [TestNG-test-Test-3] INFO  verifyingFreeDeliveryFilterFunctionality_Tablet_20-35-08 - [verifyingFreeDeliveryFilterFunctionality_Tablet_20-35-08] Giving input within the search bar
20:35:23 [TestNG-test-Test-3] INFO  verifyingFreeDeliveryFilterFunctionality_Tablet_20-35-08 - [verifyingFreeDeliveryFilterFunctionality_Tablet_20-35-08] Within safeClick method
20:35:23 [TestNG-test-Test-3] INFO  verifyingFreeDeliveryFilterFunctionality_Tablet_20-35-08 - [verifyingFreeDeliveryFilterFunctionality_Tablet_20-35-08] Clicked the  [[ChromeDriver: chrome on windows (b158a7c63b7c0dcbf1d615170996de45)] -> xpath: //input[@id='nav-search-submit-button']]   using safeClick
20:35:23 [TestNG-test-Test-3] INFO  verifyingFreeDeliveryFilterFunctionality_Tablet_20-35-08 - [verifyingFreeDeliveryFilterFunctionality_Tablet_20-35-08] Clicking on the submit in the search bar
20:35:25 [TestNG-test-Test-3] INFO  verifyingFreeDeliveryFilterFunctionality_Tablet_20-35-08 - [verifyingFreeDeliveryFilterFunctionality_Tablet_20-35-08] Waiting until element is visible in viewport
20:35:25 [TestNG-test-Test-3] INFO  verifyingFreeDeliveryFilterFunctionality_Tablet_20-35-08 - [verifyingFreeDeliveryFilterFunctionality_Tablet_20-35-08] Within validateDeliveryFilterOptionsWithResult method
20:35:25 [TestNG-test-Test-3] INFO  verifyingFreeDeliveryFilterFunctionality_Tablet_20-35-08 - [verifyingFreeDeliveryFilterFunctionality_Tablet_20-35-08] Within safeClick method
20:35:26 [TestNG-test-Test-3] INFO  verifyingFreeDeliveryFilterFunctionality_Tablet_20-35-08 - [verifyingFreeDeliveryFilterFunctionality_Tablet_20-35-08] Clicked the  [[ChromeDriver: chrome on windows (b158a7c63b7c0dcbf1d615170996de45)] -> xpath: //span[@class='a-size-base a-color-base puis-bold-weight-text' and text()='Eligible for Free Delivery']/parent::div/following-sibling::ul//span[@class='a-size-base a-color-base' and text()='Free Shipping']]   using safeClick
20:35:26 [TestNG-test-Test-3] INFO  verifyingFreeDeliveryFilterFunctionality_Tablet_20-35-08 - [verifyingFreeDeliveryFilterFunctionality_Tablet_20-35-08] Within getMoreButtonByFilterTypeAndName method
20:35:26 [TestNG-test-Test-3] INFO  verifyingFreeDeliveryFilterFunctionality_Tablet_20-35-08 - [verifyingFreeDeliveryFilterFunctionality_Tablet_20-35-08] Clicked on By.xpath: //span[@class='a-size-base a-color-base puis-bold-weight-text' and text()='Eligible for Free Delivery']/parent::div/following-sibling::ul//span[@class='a-size-base a-color-base' and text()='Free Shipping']
20:35:26 [TestNG-test-Test-3] INFO  verifyingFreeDeliveryFilterFunctionality_Tablet_20-35-08 - [verifyingFreeDeliveryFilterFunctionality_Tablet_20-35-08] Within safeFindElements 
20:35:27 [TestNG-test-Test-3] INFO  verifyingFreeDeliveryFilterFunctionality_Tablet_20-35-08 - [verifyingFreeDeliveryFilterFunctionality_Tablet_20-35-08] Returning the  [[[ChromeDriver: chrome on windows (b158a7c63b7c0dcbf1d615170996de45)] -> xpath: //div[@class='a-section a-spacing-small a-spacing-top-small']], [[ChromeDriver: chrome on windows (b158a7c63b7c0dcbf1d615170996de45)] -> xpath: //div[@class='a-section a-spacing-small a-spacing-top-small']], [[ChromeDriver: chrome on windows (b158a7c63b7c0dcbf1d615170996de45)] -> xpath: //div[@class='a-section a-spacing-small a-spacing-top-small']], [[ChromeDriver: chrome on windows (b158a7c63b7c0dcbf1d615170996de45)] -> xpath: //div[@class='a-section a-spacing-small a-spacing-top-small']], [[ChromeDriver: chrome on windows (b158a7c63b7c0dcbf1d615170996de45)] -> xpath: //div[@class='a-section a-spacing-small a-spacing-top-small']], [[ChromeDriver: chrome on windows (b158a7c63b7c0dcbf1d615170996de45)] -> xpath: //div[@class='a-section a-spacing-small a-spacing-top-small']], [[ChromeDriver: chrome on windows (b158a7c63b7c0dcbf1d615170996de45)] -> xpath: //div[@class='a-section a-spacing-small a-spacing-top-small']], [[ChromeDriver: chrome on windows (b158a7c63b7c0dcbf1d615170996de45)] -> xpath: //div[@class='a-section a-spacing-small a-spacing-top-small']], [[ChromeDriver: chrome on windows (b158a7c63b7c0dcbf1d615170996de45)] -> xpath: //div[@class='a-section a-spacing-small a-spacing-top-small']], [[ChromeDriver: chrome on windows (b158a7c63b7c0dcbf1d615170996de45)] -> xpath: //div[@class='a-section a-spacing-small a-spacing-top-small']], [[ChromeDriver: chrome on windows (b158a7c63b7c0dcbf1d615170996de45)] -> xpath: //div[@class='a-section a-spacing-small a-spacing-top-small']], [[ChromeDriver: chrome on windows (b158a7c63b7c0dcbf1d615170996de45)] -> xpath: //div[@class='a-section a-spacing-small a-spacing-top-small']], [[ChromeDriver: chrome on windows (b158a7c63b7c0dcbf1d615170996de45)] -> xpath: //div[@class='a-section a-spacing-small a-spacing-top-small']], [[ChromeDriver: chrome on windows (b158a7c63b7c0dcbf1d615170996de45)] -> xpath: //div[@class='a-section a-spacing-small a-spacing-top-small']], [[ChromeDriver: chrome on windows (b158a7c63b7c0dcbf1d615170996de45)] -> xpath: //div[@class='a-section a-spacing-small a-spacing-top-small']], [[ChromeDriver: chrome on windows (b158a7c63b7c0dcbf1d615170996de45)] -> xpath: //div[@class='a-section a-spacing-small a-spacing-top-small']], [[ChromeDriver: chrome on windows (b158a7c63b7c0dcbf1d615170996de45)] -> xpath: //div[@class='a-section a-spacing-small a-spacing-top-small']], [[ChromeDriver: chrome on windows (b158a7c63b7c0dcbf1d615170996de45)] -> xpath: //div[@class='a-section a-spacing-small a-spacing-top-small']], [[ChromeDriver: chrome on windows (b158a7c63b7c0dcbf1d615170996de45)] -> xpath: //div[@class='a-section a-spacing-small a-spacing-top-small']], [[ChromeDriver: chrome on windows (b158a7c63b7c0dcbf1d615170996de45)] -> xpath: //div[@class='a-section a-spacing-small a-spacing-top-small']], [[ChromeDriver: chrome on windows (b158a7c63b7c0dcbf1d615170996de45)] -> xpath: //div[@class='a-section a-spacing-small a-spacing-top-small']], [[ChromeDriver: chrome on windows (b158a7c63b7c0dcbf1d615170996de45)] -> xpath: //div[@class='a-section a-spacing-small a-spacing-top-small']]] from the safeFindElements method
20:35:27 [TestNG-test-Test-3] INFO  verifyingFreeDeliveryFilterFunctionality_Tablet_20-35-08 - [verifyingFreeDeliveryFilterFunctionality_Tablet_20-35-08] Created hashset with required data to assert with Within validateDeliveryFilterOptions method
20:35:27 [TestNG-test-Test-3] INFO  verifyingFreeDeliveryFilterFunctionality_Tablet_20-35-08 - [verifyingFreeDeliveryFilterFunctionality_Tablet_20-35-08] this is the set  [Today, May, FREE delivery, Sat, 30, Sun, Tomorrow, 31]
20:35:27 [TestNG-test-Test-3] INFO  verifyingFreeDeliveryFilterFunctionality_Tablet_20-35-08 - [verifyingFreeDeliveryFilterFunctionality_Tablet_20-35-08] Within deliveryElements loop iterating over the products  Within validateDeliveryFilterOptions method
20:35:27 [TestNG-test-Test-3] INFO  verifyingFreeDeliveryFilterFunctionality_Tablet_20-35-08 - [verifyingFreeDeliveryFilterFunctionality_Tablet_20-35-08] Checking if the allowedDateParts have the assert text   Within validateDeliveryFilterOptions method
20:35:27 [TestNG-test-Test-3] INFO  verifyingFreeDeliveryFilterFunctionality_Tablet_20-35-08 - [verifyingFreeDeliveryFilterFunctionality_Tablet_20-35-08] Within deliveryElements loop iterating over the products  Within validateDeliveryFilterOptions method
20:35:27 [TestNG-test-Test-3] INFO  verifyingFreeDeliveryFilterFunctionality_Tablet_20-35-08 - [verifyingFreeDeliveryFilterFunctionality_Tablet_20-35-08] Checking if the allowedDateParts have the assert text   Within validateDeliveryFilterOptions method
20:35:27 [TestNG-test-Test-3] INFO  verifyingFreeDeliveryFilterFunctionality_Tablet_20-35-08 - [verifyingFreeDeliveryFilterFunctionality_Tablet_20-35-08] Within deliveryElements loop iterating over the products  Within validateDeliveryFilterOptions method
20:35:27 [TestNG-test-Test-3] INFO  verifyingFreeDeliveryFilterFunctionality_Tablet_20-35-08 - [verifyingFreeDeliveryFilterFunctionality_Tablet_20-35-08] Checking if the allowedDateParts have the assert text   Within validateDeliveryFilterOptions method
20:35:27 [TestNG-test-Test-3] INFO  verifyingFreeDeliveryFilterFunctionality_Tablet_20-35-08 - [verifyingFreeDeliveryFilterFunctionality_Tablet_20-35-08] Within deliveryElements loop iterating over the products  Within validateDeliveryFilterOptions method
20:35:27 [TestNG-test-Test-3] INFO  verifyingFreeDeliveryFilterFunctionality_Tablet_20-35-08 - [verifyingFreeDeliveryFilterFunctionality_Tablet_20-35-08] Checking if the allowedDateParts have the assert text   Within validateDeliveryFilterOptions method
20:35:27 [TestNG-test-Test-3] INFO  verifyingFreeDeliveryFilterFunctionality_Tablet_20-35-08 - [verifyingFreeDeliveryFilterFunctionality_Tablet_20-35-08] Within deliveryElements loop iterating over the products  Within validateDeliveryFilterOptions method
20:35:28 [TestNG-test-Test-3] INFO  verifyingFreeDeliveryFilterFunctionality_Tablet_20-35-08 - [verifyingFreeDeliveryFilterFunctionality_Tablet_20-35-08] Checking if the allowedDateParts have the assert text   Within validateDeliveryFilterOptions method
20:35:28 [TestNG-test-Test-3] INFO  verifyingFreeDeliveryFilterFunctionality_Tablet_20-35-08 - [verifyingFreeDeliveryFilterFunctionality_Tablet_20-35-08] Within deliveryElements loop iterating over the products  Within validateDeliveryFilterOptions method
20:35:28 [TestNG-test-Test-3] INFO  verifyingFreeDeliveryFilterFunctionality_Tablet_20-35-08 - [verifyingFreeDeliveryFilterFunctionality_Tablet_20-35-08] Checking if the allowedDateParts have the assert text   Within validateDeliveryFilterOptions method
20:35:28 [TestNG-test-Test-3] INFO  verifyingFreeDeliveryFilterFunctionality_Tablet_20-35-08 - [verifyingFreeDeliveryFilterFunctionality_Tablet_20-35-08] Within deliveryElements loop iterating over the products  Within validateDeliveryFilterOptions method
20:35:28 [TestNG-test-Test-3] INFO  verifyingFreeDeliveryFilterFunctionality_Tablet_20-35-08 - [verifyingFreeDeliveryFilterFunctionality_Tablet_20-35-08] Checking if the allowedDateParts have the assert text   Within validateDeliveryFilterOptions method
20:35:28 [TestNG-test-Test-3] INFO  verifyingFreeDeliveryFilterFunctionality_Tablet_20-35-08 - [verifyingFreeDeliveryFilterFunctionality_Tablet_20-35-08] Within deliveryElements loop iterating over the products  Within validateDeliveryFilterOptions method
20:35:28 [TestNG-test-Test-3] INFO  verifyingFreeDeliveryFilterFunctionality_Tablet_20-35-08 - [verifyingFreeDeliveryFilterFunctionality_Tablet_20-35-08] Checking if the allowedDateParts have the assert text   Within validateDeliveryFilterOptions method
20:35:28 [TestNG-test-Test-3] INFO  verifyingFreeDeliveryFilterFunctionality_Tablet_20-35-08 - [verifyingFreeDeliveryFilterFunctionality_Tablet_20-35-08] Within deliveryElements loop iterating over the products  Within validateDeliveryFilterOptions method
20:35:28 [TestNG-test-Test-3] INFO  verifyingFreeDeliveryFilterFunctionality_Tablet_20-35-08 - [verifyingFreeDeliveryFilterFunctionality_Tablet_20-35-08] Checking if the allowedDateParts have the assert text   Within validateDeliveryFilterOptions method
20:35:28 [TestNG-test-Test-3] INFO  verifyingFreeDeliveryFilterFunctionality_Tablet_20-35-08 - [verifyingFreeDeliveryFilterFunctionality_Tablet_20-35-08] Within deliveryElements loop iterating over the products  Within validateDeliveryFilterOptions method
20:35:28 [TestNG-test-Test-3] INFO  verifyingFreeDeliveryFilterFunctionality_Tablet_20-35-08 - [verifyingFreeDeliveryFilterFunctionality_Tablet_20-35-08] Checking if the allowedDateParts have the assert text   Within validateDeliveryFilterOptions method
20:35:28 [TestNG-test-Test-3] INFO  verifyingFreeDeliveryFilterFunctionality_Tablet_20-35-08 - [verifyingFreeDeliveryFilterFunctionality_Tablet_20-35-08] Within deliveryElements loop iterating over the products  Within validateDeliveryFilterOptions method
20:35:28 [TestNG-test-Test-3] INFO  verifyingFreeDeliveryFilterFunctionality_Tablet_20-35-08 - [verifyingFreeDeliveryFilterFunctionality_Tablet_20-35-08] Checking if the allowedDateParts have the assert text   Within validateDeliveryFilterOptions method
20:35:28 [TestNG-test-Test-3] INFO  verifyingFreeDeliveryFilterFunctionality_Tablet_20-35-08 - [verifyingFreeDeliveryFilterFunctionality_Tablet_20-35-08] Within deliveryElements loop iterating over the products  Within validateDeliveryFilterOptions method
20:35:28 [TestNG-test-Test-3] INFO  verifyingFreeDeliveryFilterFunctionality_Tablet_20-35-08 - [verifyingFreeDeliveryFilterFunctionality_Tablet_20-35-08] Checking if the allowedDateParts have the assert text   Within validateDeliveryFilterOptions method
20:35:28 [TestNG-test-Test-3] INFO  verifyingFreeDeliveryFilterFunctionality_Tablet_20-35-08 - [verifyingFreeDeliveryFilterFunctionality_Tablet_20-35-08] Within deliveryElements loop iterating over the products  Within validateDeliveryFilterOptions method
20:35:28 [TestNG-test-Test-3] INFO  verifyingFreeDeliveryFilterFunctionality_Tablet_20-35-08 - [verifyingFreeDeliveryFilterFunctionality_Tablet_20-35-08] Checking if the allowedDateParts have the assert text   Within validateDeliveryFilterOptions method
20:35:28 [TestNG-test-Test-3] INFO  verifyingFreeDeliveryFilterFunctionality_Tablet_20-35-08 - [verifyingFreeDeliveryFilterFunctionality_Tablet_20-35-08] Within deliveryElements loop iterating over the products  Within validateDeliveryFilterOptions method
20:35:28 [TestNG-test-Test-3] INFO  verifyingFreeDeliveryFilterFunctionality_Tablet_20-35-08 - [verifyingFreeDeliveryFilterFunctionality_Tablet_20-35-08] Checking if the allowedDateParts have the assert text   Within validateDeliveryFilterOptions method
20:35:28 [TestNG-test-Test-3] INFO  verifyingFreeDeliveryFilterFunctionality_Tablet_20-35-08 - [verifyingFreeDeliveryFilterFunctionality_Tablet_20-35-08] Within deliveryElements loop iterating over the products  Within validateDeliveryFilterOptions method
20:35:28 [TestNG-test-Test-3] INFO  verifyingFreeDeliveryFilterFunctionality_Tablet_20-35-08 - [verifyingFreeDeliveryFilterFunctionality_Tablet_20-35-08] Checking if the allowedDateParts have the assert text   Within validateDeliveryFilterOptions method
20:35:28 [TestNG-test-Test-3] INFO  verifyingFreeDeliveryFilterFunctionality_Tablet_20-35-08 - [verifyingFreeDeliveryFilterFunctionality_Tablet_20-35-08] Within deliveryElements loop iterating over the products  Within validateDeliveryFilterOptions method
20:35:28 [TestNG-test-Test-3] INFO  verifyingFreeDeliveryFilterFunctionality_Tablet_20-35-08 - [verifyingFreeDeliveryFilterFunctionality_Tablet_20-35-08] Checking if the allowedDateParts have the assert text   Within validateDeliveryFilterOptions method
20:35:28 [TestNG-test-Test-3] INFO  verifyingFreeDeliveryFilterFunctionality_Tablet_20-35-08 - [verifyingFreeDeliveryFilterFunctionality_Tablet_20-35-08] Within deliveryElements loop iterating over the products  Within validateDeliveryFilterOptions method
20:35:28 [TestNG-test-Test-3] INFO  verifyingFreeDeliveryFilterFunctionality_Tablet_20-35-08 - [verifyingFreeDeliveryFilterFunctionality_Tablet_20-35-08] Checking if the allowedDateParts have the assert text   Within validateDeliveryFilterOptions method
20:35:28 [TestNG-test-Test-3] INFO  verifyingFreeDeliveryFilterFunctionality_Tablet_20-35-08 - [verifyingFreeDeliveryFilterFunctionality_Tablet_20-35-08] Within deliveryElements loop iterating over the products  Within validateDeliveryFilterOptions method
20:35:28 [TestNG-test-Test-3] INFO  verifyingFreeDeliveryFilterFunctionality_Tablet_20-35-08 - [verifyingFreeDeliveryFilterFunctionality_Tablet_20-35-08] Checking if the allowedDateParts have the assert text   Within validateDeliveryFilterOptions method
20:35:28 [TestNG-test-Test-3] INFO  verifyingFreeDeliveryFilterFunctionality_Tablet_20-35-08 - [verifyingFreeDeliveryFilterFunctionality_Tablet_20-35-08] Within deliveryElements loop iterating over the products  Within validateDeliveryFilterOptions method
20:35:28 [TestNG-test-Test-3] INFO  verifyingFreeDeliveryFilterFunctionality_Tablet_20-35-08 - [verifyingFreeDeliveryFilterFunctionality_Tablet_20-35-08] Checking if the allowedDateParts have the assert text   Within validateDeliveryFilterOptions method
20:35:28 [TestNG-test-Test-3] INFO  verifyingFreeDeliveryFilterFunctionality_Tablet_20-35-08 - [verifyingFreeDeliveryFilterFunctionality_Tablet_20-35-08] Within deliveryElements loop iterating over the products  Within validateDeliveryFilterOptions method
20:35:28 [TestNG-test-Test-3] INFO  verifyingFreeDeliveryFilterFunctionality_Tablet_20-35-08 - [verifyingFreeDeliveryFilterFunctionality_Tablet_20-35-08] Checking if the allowedDateParts have the assert text   Within validateDeliveryFilterOptions method
20:35:28 [TestNG-test-Test-3] INFO  verifyingFreeDeliveryFilterFunctionality_Tablet_20-35-08 - [verifyingFreeDeliveryFilterFunctionality_Tablet_20-35-08] Within deliveryElements loop iterating over the products  Within validateDeliveryFilterOptions method
20:35:28 [TestNG-test-Test-3] INFO  verifyingFreeDeliveryFilterFunctionality_Tablet_20-35-08 - [verifyingFreeDeliveryFilterFunctionality_Tablet_20-35-08] Checking if the allowedDateParts have the assert text   Within validateDeliveryFilterOptions method
20:35:28 [TestNG-test-Test-3] INFO  verifyingFreeDeliveryFilterFunctionality_Tablet_20-35-08 - [verifyingFreeDeliveryFilterFunctionality_Tablet_20-35-08] Within deliveryElements loop iterating over the products  Within validateDeliveryFilterOptions method
20:35:28 [TestNG-test-Test-3] INFO  verifyingFreeDeliveryFilterFunctionality_Tablet_20-35-08 - [verifyingFreeDeliveryFilterFunctionality_Tablet_20-35-08] Checking if the allowedDateParts have the assert text   Within validateDeliveryFilterOptions method
20:35:28 [TestNG-test-Test-3] INFO  verifyingFreeDeliveryFilterFunctionality_Tablet_20-35-08 - [verifyingFreeDeliveryFilterFunctionality_Tablet_20-35-08] Returning the list with boolean values   Within validateDeliveryFilterOptions method
20:35:28 [TestNG-test-Test-3] INFO  verifyingFreeDeliveryFilterFunctionality_Tablet_20-35-08 - [verifyingFreeDeliveryFilterFunctionality_Tablet_20-35-08] Asserting delivery filter: isValid=true, index=-1, text=All the things are valid no errors
