22:01:35 [TestNG-test-Test-3] INFO  verifyingGetItByTodayFilterFunctionality_Mobile_22-01-35 - No existing WebDriver found for current thread. Initializing a new ChromeDriver...
22:01:35 [TestNG-test-Test-3] INFO  verifyingGetItByTodayFilterFunctionality_Mobile_22-01-35 - WebDriverManager: chromedriver setup OK
22:01:36 [TestNG-test-Test-3] INFO  verifyingGetItByTodayFilterFunctionality_Mobile_22-01-35 - ChromeDriver initialized successfully for thread: 36
22:01:37 [TestNG-test-Test-3] INFO  verifyingGetItByTodayFilterFunctionality_Mobile_22-01-35 - [verifyingGetItByTodayFilterFunctionality_Mobile_22-01-35] Opening amazon Landing page
22:01:38 [TestNG-test-Test-3] INFO  verifyingGetItByTodayFilterFunctionality_Mobile_22-01-35 - [verifyingGetItByTodayFilterFunctionality_Mobile_22-01-35] Within safeFindElement method
22:01:43 [TestNG-test-Test-3] INFO  verifyingGetItByTodayFilterFunctionality_Mobile_22-01-35 - [verifyingGetItByTodayFilterFunctionality_Mobile_22-01-35]Retrying findElement for: ->By.xpath: //a[@id='nav-logo-sprites']
22:01:43 [TestNG-test-Test-3] INFO  verifyingGetItByTodayFilterFunctionality_Mobile_22-01-35 - [verifyingGetItByTodayFilterFunctionality_Mobile_22-01-35]Refrehsing the page , while trying to safely find : ->By.xpath: //a[@id='nav-logo-sprites']
22:01:48 [TestNG-test-Test-3] INFO  verifyingGetItByTodayFilterFunctionality_Mobile_22-01-35 - [verifyingGetItByTodayFilterFunctionality_Mobile_22-01-35]Retrying findElement for: ->By.xpath: //a[@id='nav-logo-sprites']
22:01:49 [TestNG-test-Test-3] INFO  verifyingGetItByTodayFilterFunctionality_Mobile_22-01-35 - [verifyingGetItByTodayFilterFunctionality_Mobile_22-01-35]Refrehsing the page , while trying to safely find : ->By.xpath: //a[@id='nav-logo-sprites']
22:01:49 [TestNG-test-Test-3] INFO  verifyingGetItByTodayFilterFunctionality_Mobile_22-01-35 - [verifyingGetItByTodayFilterFunctionality_Mobile_22-01-35] Skipping action: Element not found after 2   attemps
22:01:54 [TestNG-test-Test-3] INFO  verifyingGetItByTodayFilterFunctionality_Mobile_22-01-35 - [verifyingGetItByTodayFilterFunctionality_Mobile_22-01-35] Giving input within the search bar
22:01:54 [TestNG-test-Test-3] INFO  verifyingGetItByTodayFilterFunctionality_Mobile_22-01-35 - [verifyingGetItByTodayFilterFunctionality_Mobile_22-01-35] Within safeClick method
22:01:57 [TestNG-test-Test-3] INFO  verifyingGetItByTodayFilterFunctionality_Mobile_22-01-35 - [verifyingGetItByTodayFilterFunctionality_Mobile_22-01-35] Clicked the  [[ChromeDriver: chrome on windows (151b7a62738294eca6b0c3722754a304)] -> xpath: //input[@id='nav-search-submit-button']]   using safeClick
22:01:57 [TestNG-test-Test-3] INFO  verifyingGetItByTodayFilterFunctionality_Mobile_22-01-35 - [verifyingGetItByTodayFilterFunctionality_Mobile_22-01-35] Clicking on the submit in the search bar
22:01:58 [TestNG-test-Test-3] INFO  verifyingGetItByTodayFilterFunctionality_Mobile_22-01-35 - [verifyingGetItByTodayFilterFunctionality_Mobile_22-01-35] Waiting until element is visible in viewport
22:01:58 [TestNG-test-Test-3] INFO  verifyingGetItByTodayFilterFunctionality_Mobile_22-01-35 - [verifyingGetItByTodayFilterFunctionality_Mobile_22-01-35] Within validateDeliveryFilterOptionsWithResult method
22:01:58 [TestNG-test-Test-3] INFO  verifyingGetItByTodayFilterFunctionality_Mobile_22-01-35 - [verifyingGetItByTodayFilterFunctionality_Mobile_22-01-35] Within safeClick method
22:01:58 [TestNG-test-Test-3] INFO  verifyingGetItByTodayFilterFunctionality_Mobile_22-01-35 - [verifyingGetItByTodayFilterFunctionality_Mobile_22-01-35] Clicked the  [[ChromeDriver: chrome on windows (151b7a62738294eca6b0c3722754a304)] -> xpath: //span[@class='a-size-base a-color-base puis-bold-weight-text' and text()='Delivery Day']/parent::div/following-sibling::ul//span[@class='a-size-base a-color-base' and text()='Get It Today']]   using safeClick
22:01:58 [TestNG-test-Test-3] INFO  verifyingGetItByTodayFilterFunctionality_Mobile_22-01-35 - [verifyingGetItByTodayFilterFunctionality_Mobile_22-01-35] Within getMoreButtonByFilterTypeAndName method
22:01:58 [TestNG-test-Test-3] INFO  verifyingGetItByTodayFilterFunctionality_Mobile_22-01-35 - [verifyingGetItByTodayFilterFunctionality_Mobile_22-01-35] Clicked on By.xpath: //span[@class='a-size-base a-color-base puis-bold-weight-text' and text()='Delivery Day']/parent::div/following-sibling::ul//span[@class='a-size-base a-color-base' and text()='Get It Today']
22:01:58 [TestNG-test-Test-3] INFO  verifyingGetItByTodayFilterFunctionality_Mobile_22-01-35 - [verifyingGetItByTodayFilterFunctionality_Mobile_22-01-35] Within safeFindElements 
22:01:59 [TestNG-test-Test-3] INFO  verifyingGetItByTodayFilterFunctionality_Mobile_22-01-35 - [verifyingGetItByTodayFilterFunctionality_Mobile_22-01-35] Returning the  [[[ChromeDriver: chrome on windows (151b7a62738294eca6b0c3722754a304)] -> xpath: //div[@class='a-section a-spacing-small a-spacing-top-small']], [[ChromeDriver: chrome on windows (151b7a62738294eca6b0c3722754a304)] -> xpath: //div[@class='a-section a-spacing-small a-spacing-top-small']], [[ChromeDriver: chrome on windows (151b7a62738294eca6b0c3722754a304)] -> xpath: //div[@class='a-section a-spacing-small a-spacing-top-small']], [[ChromeDriver: chrome on windows (151b7a62738294eca6b0c3722754a304)] -> xpath: //div[@class='a-section a-spacing-small a-spacing-top-small']], [[ChromeDriver: chrome on windows (151b7a62738294eca6b0c3722754a304)] -> xpath: //div[@class='a-section a-spacing-small a-spacing-top-small']], [[ChromeDriver: chrome on windows (151b7a62738294eca6b0c3722754a304)] -> xpath: //div[@class='a-section a-spacing-small a-spacing-top-small']], [[ChromeDriver: chrome on windows (151b7a62738294eca6b0c3722754a304)] -> xpath: //div[@class='a-section a-spacing-small a-spacing-top-small']], [[ChromeDriver: chrome on windows (151b7a62738294eca6b0c3722754a304)] -> xpath: //div[@class='a-section a-spacing-small a-spacing-top-small']], [[ChromeDriver: chrome on windows (151b7a62738294eca6b0c3722754a304)] -> xpath: //div[@class='a-section a-spacing-small a-spacing-top-small']], [[ChromeDriver: chrome on windows (151b7a62738294eca6b0c3722754a304)] -> xpath: //div[@class='a-section a-spacing-small a-spacing-top-small']], [[ChromeDriver: chrome on windows (151b7a62738294eca6b0c3722754a304)] -> xpath: //div[@class='a-section a-spacing-small a-spacing-top-small']], [[ChromeDriver: chrome on windows (151b7a62738294eca6b0c3722754a304)] -> xpath: //div[@class='a-section a-spacing-small a-spacing-top-small']], [[ChromeDriver: chrome on windows (151b7a62738294eca6b0c3722754a304)] -> xpath: //div[@class='a-section a-spacing-small a-spacing-top-small']], [[ChromeDriver: chrome on windows (151b7a62738294eca6b0c3722754a304)] -> xpath: //div[@class='a-section a-spacing-small a-spacing-top-small']], [[ChromeDriver: chrome on windows (151b7a62738294eca6b0c3722754a304)] -> xpath: //div[@class='a-section a-spacing-small a-spacing-top-small']], [[ChromeDriver: chrome on windows (151b7a62738294eca6b0c3722754a304)] -> xpath: //div[@class='a-section a-spacing-small a-spacing-top-small']]] from the safeFindElements method
22:01:59 [TestNG-test-Test-3] INFO  verifyingGetItByTodayFilterFunctionality_Mobile_22-01-35 - [verifyingGetItByTodayFilterFunctionality_Mobile_22-01-35] Created hashset with required data to assert with Within validateDeliveryFilterOptions method
22:01:59 [TestNG-test-Test-3] INFO  verifyingGetItByTodayFilterFunctionality_Mobile_22-01-35 - [verifyingGetItByTodayFilterFunctionality_Mobile_22-01-35] this is the set  [01, Jun, 02, Today, Tue, FREE delivery, Mon, Tomorrow]
22:01:59 [TestNG-test-Test-3] INFO  verifyingGetItByTodayFilterFunctionality_Mobile_22-01-35 - [verifyingGetItByTodayFilterFunctionality_Mobile_22-01-35] Within deliveryElements loop iterating over the products  Within validateDeliveryFilterOptions method
22:01:59 [TestNG-test-Test-3] INFO  verifyingGetItByTodayFilterFunctionality_Mobile_22-01-35 - [verifyingGetItByTodayFilterFunctionality_Mobile_22-01-35] Checking if the allowedDateParts have the assert text   Within validateDeliveryFilterOptions method
22:01:59 [TestNG-test-Test-3] INFO  verifyingGetItByTodayFilterFunctionality_Mobile_22-01-35 - [verifyingGetItByTodayFilterFunctionality_Mobile_22-01-35] Within deliveryElements loop iterating over the products  Within validateDeliveryFilterOptions method
22:01:59 [TestNG-test-Test-3] INFO  verifyingGetItByTodayFilterFunctionality_Mobile_22-01-35 - [verifyingGetItByTodayFilterFunctionality_Mobile_22-01-35] Checking if the allowedDateParts have the assert text   Within validateDeliveryFilterOptions method
22:01:59 [TestNG-test-Test-3] INFO  verifyingGetItByTodayFilterFunctionality_Mobile_22-01-35 - [verifyingGetItByTodayFilterFunctionality_Mobile_22-01-35] Within deliveryElements loop iterating over the products  Within validateDeliveryFilterOptions method
22:01:59 [TestNG-test-Test-3] INFO  verifyingGetItByTodayFilterFunctionality_Mobile_22-01-35 - [verifyingGetItByTodayFilterFunctionality_Mobile_22-01-35] Checking if the allowedDateParts have the assert text   Within validateDeliveryFilterOptions method
22:01:59 [TestNG-test-Test-3] INFO  verifyingGetItByTodayFilterFunctionality_Mobile_22-01-35 - [verifyingGetItByTodayFilterFunctionality_Mobile_22-01-35] Within deliveryElements loop iterating over the products  Within validateDeliveryFilterOptions method
22:01:59 [TestNG-test-Test-3] INFO  verifyingGetItByTodayFilterFunctionality_Mobile_22-01-35 - [verifyingGetItByTodayFilterFunctionality_Mobile_22-01-35] Checking if the allowedDateParts have the assert text   Within validateDeliveryFilterOptions method
22:01:59 [TestNG-test-Test-3] INFO  verifyingGetItByTodayFilterFunctionality_Mobile_22-01-35 - [verifyingGetItByTodayFilterFunctionality_Mobile_22-01-35] Within deliveryElements loop iterating over the products  Within validateDeliveryFilterOptions method
22:01:59 [TestNG-test-Test-3] INFO  verifyingGetItByTodayFilterFunctionality_Mobile_22-01-35 - [verifyingGetItByTodayFilterFunctionality_Mobile_22-01-35] Checking if the allowedDateParts have the assert text   Within validateDeliveryFilterOptions method
22:01:59 [TestNG-test-Test-3] INFO  verifyingGetItByTodayFilterFunctionality_Mobile_22-01-35 - [verifyingGetItByTodayFilterFunctionality_Mobile_22-01-35] Within deliveryElements loop iterating over the products  Within validateDeliveryFilterOptions method
22:02:00 [TestNG-test-Test-3] INFO  verifyingGetItByTodayFilterFunctionality_Mobile_22-01-35 - [verifyingGetItByTodayFilterFunctionality_Mobile_22-01-35] Checking if the allowedDateParts have the assert text   Within validateDeliveryFilterOptions method
22:02:00 [TestNG-test-Test-3] INFO  verifyingGetItByTodayFilterFunctionality_Mobile_22-01-35 - [verifyingGetItByTodayFilterFunctionality_Mobile_22-01-35] Within deliveryElements loop iterating over the products  Within validateDeliveryFilterOptions method
22:02:00 [TestNG-test-Test-3] INFO  verifyingGetItByTodayFilterFunctionality_Mobile_22-01-35 - [verifyingGetItByTodayFilterFunctionality_Mobile_22-01-35] Checking if the allowedDateParts have the assert text   Within validateDeliveryFilterOptions method
22:02:00 [TestNG-test-Test-3] INFO  verifyingGetItByTodayFilterFunctionality_Mobile_22-01-35 - [verifyingGetItByTodayFilterFunctionality_Mobile_22-01-35] Within deliveryElements loop iterating over the products  Within validateDeliveryFilterOptions method
22:02:00 [TestNG-test-Test-3] INFO  verifyingGetItByTodayFilterFunctionality_Mobile_22-01-35 - [verifyingGetItByTodayFilterFunctionality_Mobile_22-01-35] Checking if the allowedDateParts have the assert text   Within validateDeliveryFilterOptions method
22:02:00 [TestNG-test-Test-3] INFO  verifyingGetItByTodayFilterFunctionality_Mobile_22-01-35 - [verifyingGetItByTodayFilterFunctionality_Mobile_22-01-35] Within deliveryElements loop iterating over the products  Within validateDeliveryFilterOptions method
22:02:00 [TestNG-test-Test-3] INFO  verifyingGetItByTodayFilterFunctionality_Mobile_22-01-35 - [verifyingGetItByTodayFilterFunctionality_Mobile_22-01-35] Checking if the allowedDateParts have the assert text   Within validateDeliveryFilterOptions method
22:02:00 [TestNG-test-Test-3] INFO  verifyingGetItByTodayFilterFunctionality_Mobile_22-01-35 - [verifyingGetItByTodayFilterFunctionality_Mobile_22-01-35] Within deliveryElements loop iterating over the products  Within validateDeliveryFilterOptions method
22:02:00 [TestNG-test-Test-3] INFO  verifyingGetItByTodayFilterFunctionality_Mobile_22-01-35 - [verifyingGetItByTodayFilterFunctionality_Mobile_22-01-35] Checking if the allowedDateParts have the assert text   Within validateDeliveryFilterOptions method
22:02:00 [TestNG-test-Test-3] INFO  verifyingGetItByTodayFilterFunctionality_Mobile_22-01-35 - [verifyingGetItByTodayFilterFunctionality_Mobile_22-01-35] Within deliveryElements loop iterating over the products  Within validateDeliveryFilterOptions method
22:02:00 [TestNG-test-Test-3] INFO  verifyingGetItByTodayFilterFunctionality_Mobile_22-01-35 - [verifyingGetItByTodayFilterFunctionality_Mobile_22-01-35] Checking if the allowedDateParts have the assert text   Within validateDeliveryFilterOptions method
22:02:00 [TestNG-test-Test-3] INFO  verifyingGetItByTodayFilterFunctionality_Mobile_22-01-35 - [verifyingGetItByTodayFilterFunctionality_Mobile_22-01-35] Within deliveryElements loop iterating over the products  Within validateDeliveryFilterOptions method
22:02:00 [TestNG-test-Test-3] INFO  verifyingGetItByTodayFilterFunctionality_Mobile_22-01-35 - [verifyingGetItByTodayFilterFunctionality_Mobile_22-01-35] Checking if the allowedDateParts have the assert text   Within validateDeliveryFilterOptions method
22:02:00 [TestNG-test-Test-3] INFO  verifyingGetItByTodayFilterFunctionality_Mobile_22-01-35 - [verifyingGetItByTodayFilterFunctionality_Mobile_22-01-35] Within deliveryElements loop iterating over the products  Within validateDeliveryFilterOptions method
22:02:00 [TestNG-test-Test-3] INFO  verifyingGetItByTodayFilterFunctionality_Mobile_22-01-35 - [verifyingGetItByTodayFilterFunctionality_Mobile_22-01-35] Checking if the allowedDateParts have the assert text   Within validateDeliveryFilterOptions method
22:02:00 [TestNG-test-Test-3] INFO  verifyingGetItByTodayFilterFunctionality_Mobile_22-01-35 - [verifyingGetItByTodayFilterFunctionality_Mobile_22-01-35] Within deliveryElements loop iterating over the products  Within validateDeliveryFilterOptions method
22:02:00 [TestNG-test-Test-3] INFO  verifyingGetItByTodayFilterFunctionality_Mobile_22-01-35 - [verifyingGetItByTodayFilterFunctionality_Mobile_22-01-35] Assert text not found wihtin AllowedDateParts
22:02:00 [TestNG-test-Test-3] INFO  verifyingGetItByTodayFilterFunctionality_Mobile_22-01-35 - [verifyingGetItByTodayFilterFunctionality_Mobile_22-01-35] Asserting delivery filter: isValid=false, index=13, text=iPhone 16 128 GB: 5G Mobile Phone with Camera Control, A18 Chip and a Big Boost in Battery Life. Works with AirPods; White
4.6
(2.3K)
1K+ bought in past month
Currently unavailable.
See options
