19:46:22 [TestNG-test-Test-3] INFO  verifyingPriceSilderFunctionality_19-46-22 - No existing WebDriver found for current thread. Initializing a new ChromeDriver...
19:46:22 [TestNG-test-Test-3] INFO  verifyingPriceSilderFunctionality_19-46-22 - WebDriverManager: chromedriver setup OK
19:46:23 [TestNG-test-Test-3] INFO  verifyingPriceSilderFunctionality_19-46-22 - ChromeDriver initialized successfully for thread: 36
19:46:24 [TestNG-test-Test-3] INFO  verifyingPriceSilderFunctionality_19-46-22 - [verifyingPriceSilderFunctionality_19-46-22] Opening amazon Landing page
19:46:24 [TestNG-test-Test-3] INFO  verifyingPriceSilderFunctionality_19-46-22 - [verifyingPriceSilderFunctionality_19-46-22] Within safeFindElement method
19:46:29 [TestNG-test-Test-3] INFO  verifyingPriceSilderFunctionality_19-46-22 - [verifyingPriceSilderFunctionality_19-46-22]Retrying findElement for: ->By.xpath: //a[@id='nav-logo-sprites']
19:46:29 [TestNG-test-Test-3] INFO  verifyingPriceSilderFunctionality_19-46-22 - [verifyingPriceSilderFunctionality_19-46-22]Refrehsing the page , while trying to safely find : ->By.xpath: //a[@id='nav-logo-sprites']
19:46:30 [TestNG-test-Test-3] INFO  verifyingPriceSilderFunctionality_19-46-22 - [verifyingPriceSilderFunctionality_19-46-22]Found the element returning it ,element ->[[ChromeDriver: chrome on windows (82003ee774fbd45bd446aaa00679faf2)] -> xpath: //a[@id='nav-logo-sprites']]
19:46:31 [TestNG-test-Test-3] INFO  verifyingPriceSilderFunctionality_19-46-22 - [verifyingPriceSilderFunctionality_19-46-22] Giving input within the search bar
19:46:31 [TestNG-test-Test-3] INFO  verifyingPriceSilderFunctionality_19-46-22 - [verifyingPriceSilderFunctionality_19-46-22] Within safeClick method
19:46:33 [TestNG-test-Test-3] INFO  verifyingPriceSilderFunctionality_19-46-22 - [verifyingPriceSilderFunctionality_19-46-22] Clicked the  [[ChromeDriver: chrome on windows (82003ee774fbd45bd446aaa00679faf2)] -> xpath: //input[@id='nav-search-submit-button']]   using safeClick
19:46:33 [TestNG-test-Test-3] INFO  verifyingPriceSilderFunctionality_19-46-22 - [verifyingPriceSilderFunctionality_19-46-22] Clicking on the submit in the search bar
19:46:33 [TestNG-test-Test-3] INFO  verifyingPriceSilderFunctionality_19-46-22 - [verifyingPriceSilderFunctionality_19-46-22] Within filterCheckUnderList method
19:46:33 [TestNG-test-Test-3] INFO  verifyingPriceSilderFunctionality_19-46-22 - [verifyingPriceSilderFunctionality_19-46-22] Found the Filter within the filter check List
19:46:33 [TestNG-test-Test-3] INFO  verifyingPriceSilderFunctionality_19-46-22 - [verifyingPriceSilderFunctionality_19-46-22] Within applyPriceSliderAndValidateWithResult method
19:46:33 [TestNG-test-Test-3] INFO  verifyingPriceSilderFunctionality_19-46-22 - [verifyingPriceSilderFunctionality_19-46-22] Within smoothScrollToElement method
19:46:33 [TestNG-test-Test-3] INFO  verifyingPriceSilderFunctionality_19-46-22 - [verifyingPriceSilderFunctionality_19-46-22] Within safeFindElement method
19:46:33 [TestNG-test-Test-3] INFO  verifyingPriceSilderFunctionality_19-46-22 - [verifyingPriceSilderFunctionality_19-46-22]Found the element returning it ,element ->[[ChromeDriver: chrome on windows (82003ee774fbd45bd446aaa00679faf2)] -> id: p_36/range-slider_slider-item_lower-bound-slider]
19:46:33 [TestNG-test-Test-3] INFO  verifyingPriceSilderFunctionality_19-46-22 - [verifyingPriceSilderFunctionality_19-46-22] Successfully scrolled to element: By.id: p_36/range-slider_slider-item_lower-bound-slider
19:46:33 [TestNG-test-Test-3] INFO  verifyingPriceSilderFunctionality_19-46-22 - [verifyingPriceSilderFunctionality_19-46-22] Within safeFindElement method
19:46:33 [TestNG-test-Test-3] INFO  verifyingPriceSilderFunctionality_19-46-22 - [verifyingPriceSilderFunctionality_19-46-22]Found the element returning it ,element ->[[ChromeDriver: chrome on windows (82003ee774fbd45bd446aaa00679faf2)] -> id: p_36/range-slider_slider-item_lower-bound-slider]
19:46:33 [TestNG-test-Test-3] INFO  verifyingPriceSilderFunctionality_19-46-22 - [verifyingPriceSilderFunctionality_19-46-22] Within safeFindElement method
19:46:34 [TestNG-test-Test-3] INFO  verifyingPriceSilderFunctionality_19-46-22 - [verifyingPriceSilderFunctionality_19-46-22]Found the element returning it ,element ->[[ChromeDriver: chrome on windows (82003ee774fbd45bd446aaa00679faf2)] -> id: p_36/range-slider_slider-item_upper-bound-slider]
19:46:34 [TestNG-test-Test-3] INFO  verifyingPriceSilderFunctionality_19-46-22 - [verifyingPriceSilderFunctionality_19-46-22] in the setSliderValue method with value 61
19:46:34 [TestNG-test-Test-3] INFO  verifyingPriceSilderFunctionality_19-46-22 - [verifyingPriceSilderFunctionality_19-46-22] in the setSliderValue method with value 81
19:46:34 [TestNG-test-Test-3] INFO  verifyingPriceSilderFunctionality_19-46-22 - [verifyingPriceSilderFunctionality_19-46-22] Within safeFindElement method
19:46:34 [TestNG-test-Test-3] INFO  verifyingPriceSilderFunctionality_19-46-22 - [verifyingPriceSilderFunctionality_19-46-22]Found the element returning it ,element ->[[ChromeDriver: chrome on windows (82003ee774fbd45bd446aaa00679faf2)] -> xpath: //label[@for='p_36/range-slider_slider-item_upper-bound-slider']]
19:46:34 [TestNG-test-Test-3] INFO  verifyingPriceSilderFunctionality_19-46-22 - [verifyingPriceSilderFunctionality_19-46-22] Within safeFindElement method
19:46:34 [TestNG-test-Test-3] INFO  verifyingPriceSilderFunctionality_19-46-22 - [verifyingPriceSilderFunctionality_19-46-22]Found the element returning it ,element ->[[ChromeDriver: chrome on windows (82003ee774fbd45bd446aaa00679faf2)] -> xpath: //label[@for='p_36/range-slider_slider-item_lower-bound-slider']]
19:46:34 [TestNG-test-Test-3] INFO  verifyingPriceSilderFunctionality_19-46-22 - [verifyingPriceSilderFunctionality_19-46-22] Within smoothScrollToElement method
19:46:34 [TestNG-test-Test-3] INFO  verifyingPriceSilderFunctionality_19-46-22 - [verifyingPriceSilderFunctionality_19-46-22] Within safeFindElement method
19:46:35 [TestNG-test-Test-3] INFO  verifyingPriceSilderFunctionality_19-46-22 - [verifyingPriceSilderFunctionality_19-46-22]Found the element returning it ,element ->[[ChromeDriver: chrome on windows (82003ee774fbd45bd446aaa00679faf2)] -> id: p_36/range-slider_slider-item_lower-bound-slider]
19:46:36 [TestNG-test-Test-3] INFO  verifyingPriceSilderFunctionality_19-46-22 - [verifyingPriceSilderFunctionality_19-46-22] Successfully scrolled to element: By.id: p_36/range-slider_slider-item_lower-bound-slider
19:46:36 [TestNG-test-Test-3] INFO  verifyingPriceSilderFunctionality_19-46-22 - [verifyingPriceSilderFunctionality_19-46-22] Adding the data 'min','max','isValid' ,'mismatches' to 'result' Map->81
19:46:36 [TestNG-test-Test-3] INFO  verifyingPriceSilderFunctionality_19-46-22 - [verifyingPriceSilderFunctionality_19-46-22] Adding the 'results'  Map to the master 'allResults' i.e is List of maps->81
19:46:36 [TestNG-test-Test-3] INFO  verifyingPriceSilderFunctionality_19-46-22 - [verifyingPriceSilderFunctionality_19-46-22] in the setSliderValue method with value 91
19:46:36 [TestNG-test-Test-3] INFO  verifyingPriceSilderFunctionality_19-46-22 - [verifyingPriceSilderFunctionality_19-46-22] in the setSliderValue method with value 121
19:46:36 [TestNG-test-Test-3] INFO  verifyingPriceSilderFunctionality_19-46-22 - [verifyingPriceSilderFunctionality_19-46-22] Within safeFindElement method
19:46:36 [TestNG-test-Test-3] INFO  verifyingPriceSilderFunctionality_19-46-22 - [verifyingPriceSilderFunctionality_19-46-22]Found the element returning it ,element ->[[ChromeDriver: chrome on windows (82003ee774fbd45bd446aaa00679faf2)] -> xpath: //label[@for='p_36/range-slider_slider-item_upper-bound-slider']]
19:46:36 [TestNG-test-Test-3] INFO  verifyingPriceSilderFunctionality_19-46-22 - [verifyingPriceSilderFunctionality_19-46-22] Within safeFindElement method
19:46:36 [TestNG-test-Test-3] INFO  verifyingPriceSilderFunctionality_19-46-22 - [verifyingPriceSilderFunctionality_19-46-22]Found the element returning it ,element ->[[ChromeDriver: chrome on windows (82003ee774fbd45bd446aaa00679faf2)] -> xpath: //label[@for='p_36/range-slider_slider-item_lower-bound-slider']]
19:46:36 [TestNG-test-Test-3] INFO  verifyingPriceSilderFunctionality_19-46-22 - [verifyingPriceSilderFunctionality_19-46-22] Within smoothScrollToElement method
19:46:36 [TestNG-test-Test-3] INFO  verifyingPriceSilderFunctionality_19-46-22 - [verifyingPriceSilderFunctionality_19-46-22] Within safeFindElement method
19:46:38 [TestNG-test-Test-3] INFO  verifyingPriceSilderFunctionality_19-46-22 - [verifyingPriceSilderFunctionality_19-46-22]Found the element returning it ,element ->[[ChromeDriver: chrome on windows (82003ee774fbd45bd446aaa00679faf2)] -> id: p_36/range-slider_slider-item_lower-bound-slider]
19:46:38 [TestNG-test-Test-3] INFO  verifyingPriceSilderFunctionality_19-46-22 - [verifyingPriceSilderFunctionality_19-46-22] Successfully scrolled to element: By.id: p_36/range-slider_slider-item_lower-bound-slider
19:46:38 [TestNG-test-Test-3] INFO  verifyingPriceSilderFunctionality_19-46-22 - [verifyingPriceSilderFunctionality_19-46-22] Adding the data 'min','max','isValid' ,'mismatches' to 'result' Map->121
19:46:38 [TestNG-test-Test-3] INFO  verifyingPriceSilderFunctionality_19-46-22 - [verifyingPriceSilderFunctionality_19-46-22] Adding the 'results'  Map to the master 'allResults' i.e is List of maps->121
19:46:38 [TestNG-test-Test-3] INFO  verifyingPriceSilderFunctionality_19-46-22 - [verifyingPriceSilderFunctionality_19-46-22] in the setSliderValue method with value 131
19:46:38 [TestNG-test-Test-3] INFO  verifyingPriceSilderFunctionality_19-46-22 - [verifyingPriceSilderFunctionality_19-46-22] in the setSliderValue method with value 161
19:46:38 [TestNG-test-Test-3] INFO  verifyingPriceSilderFunctionality_19-46-22 - [verifyingPriceSilderFunctionality_19-46-22] Within safeFindElement method
19:46:38 [TestNG-test-Test-3] INFO  verifyingPriceSilderFunctionality_19-46-22 - [verifyingPriceSilderFunctionality_19-46-22]Found the element returning it ,element ->[[ChromeDriver: chrome on windows (82003ee774fbd45bd446aaa00679faf2)] -> xpath: //label[@for='p_36/range-slider_slider-item_upper-bound-slider']]
19:46:38 [TestNG-test-Test-3] INFO  verifyingPriceSilderFunctionality_19-46-22 - [verifyingPriceSilderFunctionality_19-46-22] Within safeFindElement method
19:46:38 [TestNG-test-Test-3] INFO  verifyingPriceSilderFunctionality_19-46-22 - [verifyingPriceSilderFunctionality_19-46-22]Found the element returning it ,element ->[[ChromeDriver: chrome on windows (82003ee774fbd45bd446aaa00679faf2)] -> xpath: //label[@for='p_36/range-slider_slider-item_lower-bound-slider']]
19:46:39 [TestNG-test-Test-3] INFO  verifyingPriceSilderFunctionality_19-46-22 - [verifyingPriceSilderFunctionality_19-46-22] Within smoothScrollToElement method
19:46:39 [TestNG-test-Test-3] INFO  verifyingPriceSilderFunctionality_19-46-22 - [verifyingPriceSilderFunctionality_19-46-22] Within safeFindElement method
19:46:40 [TestNG-test-Test-3] INFO  verifyingPriceSilderFunctionality_19-46-22 - [verifyingPriceSilderFunctionality_19-46-22]Found the element returning it ,element ->[[ChromeDriver: chrome on windows (82003ee774fbd45bd446aaa00679faf2)] -> id: p_36/range-slider_slider-item_lower-bound-slider]
19:46:40 [TestNG-test-Test-3] INFO  verifyingPriceSilderFunctionality_19-46-22 - [verifyingPriceSilderFunctionality_19-46-22] Successfully scrolled to element: By.id: p_36/range-slider_slider-item_lower-bound-slider
19:46:40 [TestNG-test-Test-3] INFO  verifyingPriceSilderFunctionality_19-46-22 - [verifyingPriceSilderFunctionality_19-46-22] Adding the data 'min','max','isValid' ,'mismatches' to 'result' Map->161
19:46:40 [TestNG-test-Test-3] INFO  verifyingPriceSilderFunctionality_19-46-22 - [verifyingPriceSilderFunctionality_19-46-22] Adding the 'results'  Map to the master 'allResults' i.e is List of maps->161
19:46:40 [TestNG-test-Test-3] INFO  verifyingPriceSilderFunctionality_19-46-22 - [verifyingPriceSilderFunctionality_19-46-22] Returning the data here in the end
19:46:40 [TestNG-test-Test-3] INFO  verifyingPriceSilderFunctionality_19-46-22 - [verifyingPriceSilderFunctionality_19-46-22]  Price range validated successfully: 61 - 81
19:46:40 [TestNG-test-Test-3] INFO  verifyingPriceSilderFunctionality_19-46-22 - [verifyingPriceSilderFunctionality_19-46-22] ------------------------------------------------------------
19:46:40 [TestNG-test-Test-3] INFO  verifyingPriceSilderFunctionality_19-46-22 - [verifyingPriceSilderFunctionality_19-46-22]  Price range validated successfully: 91 - 121
19:46:40 [TestNG-test-Test-3] INFO  verifyingPriceSilderFunctionality_19-46-22 - [verifyingPriceSilderFunctionality_19-46-22] ------------------------------------------------------------
19:46:40 [TestNG-test-Test-3] INFO  verifyingPriceSilderFunctionality_19-46-22 - [verifyingPriceSilderFunctionality_19-46-22]  Price range validated successfully: 131 - 161
19:46:40 [TestNG-test-Test-3] INFO  verifyingPriceSilderFunctionality_19-46-22 - [verifyingPriceSilderFunctionality_19-46-22] ------------------------------------------------------------
19:46:40 [TestNG-test-Test-3] INFO  verifyingPriceSilderFunctionality_19-46-22 - [verifyingPriceSilderFunctionality_19-46-22]  Asserting all soft assertions now...
