2025-08-28 06:31:35.648 PM [TestNG-test=Test-2] INFO  [verifyingDisplayTypeFilterFunctionality] 🔹 Starting test method: verifyingDisplayTypeFilterFunctionality
2025-08-28 06:31:38.120 PM [TestNG-test=Test-2] INFO  [verifyingDisplayTypeFilterFunctionality] [verifyingDisplayTypeFilterFunctionality] Opening amazon Landing page
2025-08-28 06:31:38.971 PM [TestNG-test=Test-2] INFO  [verifyingDisplayTypeFilterFunctionality] [verifyingDisplayTypeFilterFunctionality] Giving input within the search bar
2025-08-28 06:31:41.598 PM [TestNG-test=Test-2] INFO  [verifyingDisplayTypeFilterFunctionality] [verifyingDisplayTypeFilterFunctionality] Clicking on the submit in the search bar
2025-08-28 06:31:41.757 PM [TestNG-test=Test-2] INFO  [verifyingDisplayTypeFilterFunctionality] [verifyingDisplayTypeFilterFunctionality] Within filterCheckUnderList method
2025-08-28 06:31:41.952 PM [TestNG-test=Test-2] INFO  [verifyingDisplayTypeFilterFunctionality] [verifyingDisplayTypeFilterFunctionality] Found the Filter within the filter check List
2025-08-28 06:31:41.953 PM [TestNG-test=Test-2] INFO  [verifyingDisplayTypeFilterFunctionality] [verifyingDisplayTypeFilterFunctionality] Within applyFilterAndValidateProductsWithResult method
2025-08-28 06:31:41.953 PM [TestNG-test=Test-2] INFO  [verifyingDisplayTypeFilterFunctionality] [verifyingDisplayTypeFilterFunctionality] Within safeFindElements 
2025-08-28 06:31:41.971 PM [TestNG-test=Test-2] INFO  [verifyingDisplayTypeFilterFunctionality] [verifyingDisplayTypeFilterFunctionality] Returning the  [[[ChromeDriver: chrome on windows (1a6e8b469363008bea7786481bd6eb27)] -> xpath: //ul[@id='filter-p_n_g-101013595158111']//span[@class='a-size-base a-color-base']], [[ChromeDriver: chrome on windows (1a6e8b469363008bea7786481bd6eb27)] -> xpath: //ul[@id='filter-p_n_g-101013595158111']//span[@class='a-size-base a-color-base']], [[ChromeDriver: chrome on windows (1a6e8b469363008bea7786481bd6eb27)] -> xpath: //ul[@id='filter-p_n_g-101013595158111']//span[@class='a-size-base a-color-base']]] from the safeFindElements method
2025-08-28 06:31:41.971 PM [TestNG-test=Test-2] INFO  [verifyingDisplayTypeFilterFunctionality] [verifyingDisplayTypeFilterFunctionality] Within printFilterNamesOnly method
2025-08-28 06:31:41.971 PM [TestNG-test=Test-2] INFO  [verifyingDisplayTypeFilterFunctionality] [verifyingDisplayTypeFilterFunctionality] Within safeFindElements 
2025-08-28 06:31:41.977 PM [TestNG-test=Test-2] INFO  [verifyingDisplayTypeFilterFunctionality] [verifyingDisplayTypeFilterFunctionality] Returning the  [[[ChromeDriver: chrome on windows (1a6e8b469363008bea7786481bd6eb27)] -> xpath: //ul[@id='filter-p_n_g-101013595158111']//span[@class='a-size-base a-color-base']], [[ChromeDriver: chrome on windows (1a6e8b469363008bea7786481bd6eb27)] -> xpath: //ul[@id='filter-p_n_g-101013595158111']//span[@class='a-size-base a-color-base']], [[ChromeDriver: chrome on windows (1a6e8b469363008bea7786481bd6eb27)] -> xpath: //ul[@id='filter-p_n_g-101013595158111']//span[@class='a-size-base a-color-base']]] from the safeFindElements method
2025-08-28 06:31:41.993 PM [TestNG-test=Test-2] INFO  [verifyingDisplayTypeFilterFunctionality] [verifyingDisplayTypeFilterFunctionality] Within applyFilterAndValidateProductsWithResult filterOptions size is -> 3
2025-08-28 06:31:41.993 PM [TestNG-test=Test-2] INFO  [verifyingDisplayTypeFilterFunctionality] [verifyingDisplayTypeFilterFunctionality] Within filterOptions loop in applyFilterAndValidateProductsWithResult
2025-08-28 06:31:41.993 PM [TestNG-test=Test-2] INFO  [verifyingDisplayTypeFilterFunctionality] [verifyingDisplayTypeFilterFunctionality] Within safeFindElements 
2025-08-28 06:31:42.009 PM [TestNG-test=Test-2] INFO  [verifyingDisplayTypeFilterFunctionality] [verifyingDisplayTypeFilterFunctionality] Returning the  [[[ChromeDriver: chrome on windows (1a6e8b469363008bea7786481bd6eb27)] -> xpath: //ul[@id='filter-p_n_g-101013595158111']//span[@class='a-size-base a-color-base']], [[ChromeDriver: chrome on windows (1a6e8b469363008bea7786481bd6eb27)] -> xpath: //ul[@id='filter-p_n_g-101013595158111']//span[@class='a-size-base a-color-base']], [[ChromeDriver: chrome on windows (1a6e8b469363008bea7786481bd6eb27)] -> xpath: //ul[@id='filter-p_n_g-101013595158111']//span[@class='a-size-base a-color-base']]] from the safeFindElements method
2025-08-28 06:31:42.041 PM [TestNG-test=Test-2] INFO  [verifyingDisplayTypeFilterFunctionality] [verifyingDisplayTypeFilterFunctionality] Within getfilterByTypeAndName method
2025-08-28 06:31:42.041 PM [TestNG-test=Test-2] INFO  [verifyingDisplayTypeFilterFunctionality] [verifyingDisplayTypeFilterFunctionality] Within safeClickBooleanWithScreenShot method
2025-08-28 06:31:42.041 PM [TestNG-test=Test-2] INFO  [verifyingDisplayTypeFilterFunctionality] [verifyingDisplayTypeFilterFunctionality] Within getAppliedfilterByTypeAndName method
2025-08-28 06:31:42.041 PM [TestNG-test=Test-2] INFO  [verifyingDisplayTypeFilterFunctionality] [verifyingDisplayTypeFilterFunctionality] Within smoothScrollToElement method
2025-08-28 06:31:42.041 PM [TestNG-test=Test-2] INFO  [verifyingDisplayTypeFilterFunctionality] [verifyingDisplayTypeFilterFunctionality] Within safeFindElement method
2025-08-28 06:31:42.082 PM [TestNG-test=Test-2] INFO  [verifyingDisplayTypeFilterFunctionality] [verifyingDisplayTypeFilterFunctionality]Found the element returning it ,element ->[[ChromeDriver: chrome on windows (1a6e8b469363008bea7786481bd6eb27)] -> xpath: //ul[@id='filter-p_n_g-101013595158111']]
2025-08-28 06:31:42.082 PM [TestNG-test=Test-2] INFO  [verifyingDisplayTypeFilterFunctionality] [verifyingDisplayTypeFilterFunctionality] Successfully scrolled to element: By.xpath: //ul[@id='filter-p_n_g-101013595158111']
2025-08-28 06:31:45.443 PM [TestNG-test=Test-2] INFO  [verifyingDisplayTypeFilterFunctionality] [verifyingDisplayTypeFilterFunctionality] Within getAppliedfilterByTypeAndName method
2025-08-28 06:31:45.443 PM [TestNG-test=Test-2] INFO  [verifyingDisplayTypeFilterFunctionality] [verifyingDisplayTypeFilterFunctionality] Within smoothScrollToElement method
2025-08-28 06:31:45.443 PM [TestNG-test=Test-2] INFO  [verifyingDisplayTypeFilterFunctionality] [verifyingDisplayTypeFilterFunctionality] Within safeFindElement method
2025-08-28 06:31:45.478 PM [TestNG-test=Test-2] INFO  [verifyingDisplayTypeFilterFunctionality] [verifyingDisplayTypeFilterFunctionality]Found the element returning it ,element ->[[ChromeDriver: chrome on windows (1a6e8b469363008bea7786481bd6eb27)] -> xpath: //ul[@id='filter-p_n_g-101013595158111']]
2025-08-28 06:31:45.492 PM [TestNG-test=Test-2] INFO  [verifyingDisplayTypeFilterFunctionality] [verifyingDisplayTypeFilterFunctionality] Successfully scrolled to element: By.xpath: //ul[@id='filter-p_n_g-101013595158111']
2025-08-28 06:31:47.499 PM [TestNG-test=Test-2] INFO  [verifyingDisplayTypeFilterFunctionality] [verifyingDisplayTypeFilterFunctionality] Within getAppliedfilterByTypeAndName method
2025-08-28 06:31:47.500 PM [TestNG-test=Test-2] INFO  [verifyingDisplayTypeFilterFunctionality] [verifyingDisplayTypeFilterFunctionality] Within smoothScrollToElement method
2025-08-28 06:31:47.500 PM [TestNG-test=Test-2] INFO  [verifyingDisplayTypeFilterFunctionality] [verifyingDisplayTypeFilterFunctionality] Within safeFindElement method
2025-08-28 06:31:47.513 PM [TestNG-test=Test-2] INFO  [verifyingDisplayTypeFilterFunctionality] [verifyingDisplayTypeFilterFunctionality]Found the element returning it ,element ->[[ChromeDriver: chrome on windows (1a6e8b469363008bea7786481bd6eb27)] -> xpath: //ul[@id='filter-p_n_g-101013595158111']//span[@class='a-size-base a-color-base a-text-bold' and text()='AMOLED']]
2025-08-28 06:31:47.520 PM [TestNG-test=Test-2] INFO  [verifyingDisplayTypeFilterFunctionality] [verifyingDisplayTypeFilterFunctionality] Successfully scrolled to element: By.xpath: //ul[@id='filter-p_n_g-101013595158111']//span[@class='a-size-base a-color-base a-text-bold' and text()='AMOLED']
2025-08-28 06:31:48.525 PM [TestNG-test=Test-2] INFO  [verifyingDisplayTypeFilterFunctionality] [verifyingDisplayTypeFilterFunctionality] Clicked the element using safe click ,element is [[ChromeDriver: chrome on windows (1a6e8b469363008bea7786481bd6eb27)] -> xpath: //ul[@id='filter-p_n_g-101013595158111']//span[@class='a-size-base a-color-base' and text()='AMOLED']]
2025-08-28 06:31:48.526 PM [TestNG-test=Test-2] INFO  [verifyingDisplayTypeFilterFunctionality] [verifyingDisplayTypeFilterFunctionality] Capturing screenshot: Filter Applied is AMOLED__2025-08-28_183148.png
2025-08-28 06:31:48.689 PM [TestNG-test=Test-2] INFO  [verifyingDisplayTypeFilterFunctionality] [verifyingDisplayTypeFilterFunctionality] Screenshot saved at: test-output/screenshots/Run_2025-08-28_1826/verifyingDisplayTypeFilterFunctionality/Filter Applied is AMOLED__2025-08-28_183148.png
2025-08-28 06:31:49.693 PM [TestNG-test=Test-2] INFO  [verifyingDisplayTypeFilterFunctionality] [verifyingDisplayTypeFilterFunctionality] Within safeFindElements 
2025-08-28 06:31:49.728 PM [TestNG-test=Test-2] INFO  [verifyingDisplayTypeFilterFunctionality] [verifyingDisplayTypeFilterFunctionality] Returning the  [[[ChromeDriver: chrome on windows (1a6e8b469363008bea7786481bd6eb27)] -> xpath: //div[@data-cy='title-recipe']], [[ChromeDriver: chrome on windows (1a6e8b469363008bea7786481bd6eb27)] -> xpath: //div[@data-cy='title-recipe']], [[ChromeDriver: chrome on windows (1a6e8b469363008bea7786481bd6eb27)] -> xpath: //div[@data-cy='title-recipe']], [[ChromeDriver: chrome on windows (1a6e8b469363008bea7786481bd6eb27)] -> xpath: //div[@data-cy='title-recipe']], [[ChromeDriver: chrome on windows (1a6e8b469363008bea7786481bd6eb27)] -> xpath: //div[@data-cy='title-recipe']], [[ChromeDriver: chrome on windows (1a6e8b469363008bea7786481bd6eb27)] -> xpath: //div[@data-cy='title-recipe']], [[ChromeDriver: chrome on windows (1a6e8b469363008bea7786481bd6eb27)] -> xpath: //div[@data-cy='title-recipe']], [[ChromeDriver: chrome on windows (1a6e8b469363008bea7786481bd6eb27)] -> xpath: //div[@data-cy='title-recipe']], [[ChromeDriver: chrome on windows (1a6e8b469363008bea7786481bd6eb27)] -> xpath: //div[@data-cy='title-recipe']], [[ChromeDriver: chrome on windows (1a6e8b469363008bea7786481bd6eb27)] -> xpath: //div[@data-cy='title-recipe']], [[ChromeDriver: chrome on windows (1a6e8b469363008bea7786481bd6eb27)] -> xpath: //div[@data-cy='title-recipe']], [[ChromeDriver: chrome on windows (1a6e8b469363008bea7786481bd6eb27)] -> xpath: //div[@data-cy='title-recipe']], [[ChromeDriver: chrome on windows (1a6e8b469363008bea7786481bd6eb27)] -> xpath: //div[@data-cy='title-recipe']], [[ChromeDriver: chrome on windows (1a6e8b469363008bea7786481bd6eb27)] -> xpath: //div[@data-cy='title-recipe']], [[ChromeDriver: chrome on windows (1a6e8b469363008bea7786481bd6eb27)] -> xpath: //div[@data-cy='title-recipe']], [[ChromeDriver: chrome on windows (1a6e8b469363008bea7786481bd6eb27)] -> xpath: //div[@data-cy='title-recipe']], [[ChromeDriver: chrome on windows (1a6e8b469363008bea7786481bd6eb27)] -> xpath: //div[@data-cy='title-recipe']], [[ChromeDriver: chrome on windows (1a6e8b469363008bea7786481bd6eb27)] -> xpath: //div[@data-cy='title-recipe']], [[ChromeDriver: chrome on windows (1a6e8b469363008bea7786481bd6eb27)] -> xpath: //div[@data-cy='title-recipe']], [[ChromeDriver: chrome on windows (1a6e8b469363008bea7786481bd6eb27)] -> xpath: //div[@data-cy='title-recipe']], [[ChromeDriver: chrome on windows (1a6e8b469363008bea7786481bd6eb27)] -> xpath: //div[@data-cy='title-recipe']], [[ChromeDriver: chrome on windows (1a6e8b469363008bea7786481bd6eb27)] -> xpath: //div[@data-cy='title-recipe']], [[ChromeDriver: chrome on windows (1a6e8b469363008bea7786481bd6eb27)] -> xpath: //div[@data-cy='title-recipe']], [[ChromeDriver: chrome on windows (1a6e8b469363008bea7786481bd6eb27)] -> xpath: //div[@data-cy='title-recipe']], [[ChromeDriver: chrome on windows (1a6e8b469363008bea7786481bd6eb27)] -> xpath: //div[@data-cy='title-recipe']], [[ChromeDriver: chrome on windows (1a6e8b469363008bea7786481bd6eb27)] -> xpath: //div[@data-cy='title-recipe']]] from the safeFindElements method
2025-08-28 06:31:49.728 PM [TestNG-test=Test-2] INFO  [verifyingDisplayTypeFilterFunctionality] [verifyingDisplayTypeFilterFunctionality] Within productNameListingPage loop in applyFilterAndValidateProductsWithResult
2025-08-28 06:31:49.757 PM [TestNG-test=Test-2] INFO  [verifyingDisplayTypeFilterFunctionality] [verifyingDisplayTypeFilterFunctionality] Within getProductByIndex method
2025-08-28 06:31:49.794 PM [TestNG-test=Test-2] INFO  [verifyingDisplayTypeFilterFunctionality] [verifyingDisplayTypeFilterFunctionality] Getting product by index in productNameListingPage loop
2025-08-28 06:31:50.106 PM [TestNG-test=Test-2] INFO  [verifyingDisplayTypeFilterFunctionality] [verifyingDisplayTypeFilterFunctionality] Opened product in new tab via Ctrl+Click inside productNameListingPage loop
2025-08-28 06:31:52.164 PM [TestNG-test=Test-2] INFO  [verifyingDisplayTypeFilterFunctionality] [verifyingDisplayTypeFilterFunctionality] Clicked product name to open in new tab from productNameListingPage loop
2025-08-28 06:31:54.168 PM [TestNG-test=Test-2] INFO  [verifyingDisplayTypeFilterFunctionality] [verifyingDisplayTypeFilterFunctionality] Within switchToNewWindow method
2025-08-28 06:31:54.464 PM [TestNG-test=Test-2] INFO  [verifyingDisplayTypeFilterFunctionality] [verifyingDisplayTypeFilterFunctionality] Swithcing to the new window  within productNameListingPage loop
2025-08-28 06:31:54.464 PM [TestNG-test=Test-2] INFO  [verifyingDisplayTypeFilterFunctionality] [verifyingDisplayTypeFilterFunctionality] Within safeFindElement method
2025-08-28 06:31:58.342 PM [TestNG-test=Test-2] INFO  [verifyingDisplayTypeFilterFunctionality] [verifyingDisplayTypeFilterFunctionality]Found the element returning it ,element ->[[ChromeDriver: chrome on windows (1a6e8b469363008bea7786481bd6eb27)] -> xpath: //span[@id='productTitle']]
2025-08-28 06:31:58.358 PM [TestNG-test=Test-2] INFO  [verifyingDisplayTypeFilterFunctionality] [verifyingDisplayTypeFilterFunctionality] Within safeFindElement method
2025-08-28 06:31:58.374 PM [TestNG-test=Test-2] INFO  [verifyingDisplayTypeFilterFunctionality] [verifyingDisplayTypeFilterFunctionality]Found the element returning it ,element ->[[ChromeDriver: chrome on windows (1a6e8b469363008bea7786481bd6eb27)] -> xpath: //div[@class='a-section a-spacing-small a-spacing-top-small']]
2025-08-28 06:31:58.386 PM [TestNG-test=Test-2] INFO  [verifyingDisplayTypeFilterFunctionality] [verifyingDisplayTypeFilterFunctionality] Within safeFindElement method
2025-08-28 06:31:58.401 PM [TestNG-test=Test-2] INFO  [verifyingDisplayTypeFilterFunctionality] [verifyingDisplayTypeFilterFunctionality]Found the element returning it ,element ->[[ChromeDriver: chrome on windows (1a6e8b469363008bea7786481bd6eb27)] -> xpath: //div[@id='feature-bullets']]
2025-08-28 06:31:58.428 PM [TestNG-test=Test-2] INFO  [verifyingDisplayTypeFilterFunctionality] [verifyingDisplayTypeFilterFunctionality] Within safeFindElement method
2025-08-28 06:31:58.465 PM [TestNG-test=Test-2] INFO  [verifyingDisplayTypeFilterFunctionality] [verifyingDisplayTypeFilterFunctionality]Found the element returning it ,element ->[[ChromeDriver: chrome on windows (1a6e8b469363008bea7786481bd6eb27)] -> xpath: //div[@id='prodDetails']]
2025-08-28 06:31:58.541 PM [TestNG-test=Test-2] INFO  [verifyingDisplayTypeFilterFunctionality] [verifyingDisplayTypeFilterFunctionality] Extracting 'name' , 'keyFeatures', 'about' , 'techDetails' within productNameListingPage loop
2025-08-28 06:31:58.541 PM [TestNG-test=Test-2] INFO  [verifyingDisplayTypeFilterFunctionality] [verifyingDisplayTypeFilterFunctionality] Within scrollByPixel method
2025-08-28 06:32:00.602 PM [TestNG-test=Test-2] INFO  [verifyingDisplayTypeFilterFunctionality] [verifyingDisplayTypeFilterFunctionality] Checking if element within view port via isElementInViewport method
2025-08-28 06:32:00.661 PM [TestNG-test=Test-2] INFO  [verifyingDisplayTypeFilterFunctionality] [verifyingDisplayTypeFilterFunctionality] Within smoothScrollToElement method
2025-08-28 06:32:00.661 PM [TestNG-test=Test-2] INFO  [verifyingDisplayTypeFilterFunctionality] [verifyingDisplayTypeFilterFunctionality] Within safeFindElement method
2025-08-28 06:32:00.696 PM [TestNG-test=Test-2] INFO  [verifyingDisplayTypeFilterFunctionality] [verifyingDisplayTypeFilterFunctionality]Found the element returning it ,element ->[[ChromeDriver: chrome on windows (1a6e8b469363008bea7786481bd6eb27)] -> xpath: //a[@id='seeMoreDetailsLink']]
2025-08-28 06:32:00.707 PM [TestNG-test=Test-2] INFO  [verifyingDisplayTypeFilterFunctionality] [verifyingDisplayTypeFilterFunctionality] Successfully scrolled to element: By.xpath: //a[@id='seeMoreDetailsLink']
2025-08-28 06:32:01.718 PM [TestNG-test=Test-2] INFO  [verifyingDisplayTypeFilterFunctionality] [verifyingDisplayTypeFilterFunctionality] Within safeClick method
2025-08-28 06:32:11.894 PM [TestNG-test=Test-2] INFO  [verifyingDisplayTypeFilterFunctionality] [verifyingDisplayTypeFilterFunctionality] Cannot click the butto using safeClick, trying again
2025-08-28 06:32:28.192 PM [TestNG-test=Test-2] INFO  [verifyingDisplayTypeFilterFunctionality] [verifyingDisplayTypeFilterFunctionality] Cannot click the butto using safeClick, trying again
2025-08-28 06:32:33.180 PM [TestNG-test=Test-2] INFO  [verifyingDisplayTypeFilterFunctionality] [verifyingDisplayTypeFilterFunctionality] Skipping click action: Element not clickable after- 2
2025-08-28 06:32:33.180 PM [TestNG-test=Test-2] INFO  [verifyingDisplayTypeFilterFunctionality] [verifyingDisplayTypeFilterFunctionality] Within try block for clicking see more deatils within productNameListingPage loop
2025-08-28 06:32:35.186 PM [TestNG-test=Test-2] INFO  [verifyingDisplayTypeFilterFunctionality] [verifyingDisplayTypeFilterFunctionality] Within closeCurrentWindowAndSwitchBack method
2025-08-28 06:32:37.506 PM [TestNG-test=Test-2] INFO  [verifyingDisplayTypeFilterFunctionality] [verifyingDisplayTypeFilterFunctionality]  going back to product listing via closeCurrentWindowAndSwitchBack 
2025-08-28 06:32:37.506 PM [TestNG-test=Test-2] INFO  [verifyingDisplayTypeFilterFunctionality] [verifyingDisplayTypeFilterFunctionality]  Added 'filter','title','keyFeatures', 'about', 'techDetails' into the Map -> productResult
2025-08-28 06:32:37.506 PM [TestNG-test=Test-2] INFO  [verifyingDisplayTypeFilterFunctionality] [verifyingDisplayTypeFilterFunctionality]  Added 'productResult' Map into the 'results' i.e list of maps 
2025-08-28 06:32:37.506 PM [TestNG-test=Test-2] INFO  [verifyingDisplayTypeFilterFunctionality] [verifyingDisplayTypeFilterFunctionality]==========================================================================================================
2025-08-28 06:32:37.506 PM [TestNG-test=Test-2] INFO  [verifyingDisplayTypeFilterFunctionality] [verifyingDisplayTypeFilterFunctionality] Within safeClick method
2025-08-28 06:32:40.004 PM [TestNG-test=Test-2] INFO  [verifyingDisplayTypeFilterFunctionality] [verifyingDisplayTypeFilterFunctionality] Clicked the  [[ChromeDriver: chrome on windows (1a6e8b469363008bea7786481bd6eb27)] -> xpath: //span[@class='a-size-base a-color-base' and text()='Clear']]   using safeClick
2025-08-28 06:32:40.004 PM [TestNG-test=Test-2] INFO  [verifyingDisplayTypeFilterFunctionality] [verifyingDisplayTypeFilterFunctionality] Clearing the filter value ->AMOLEDwithin productNameListingPage loop
2025-08-28 06:32:40.004 PM [TestNG-test=Test-2] INFO  [verifyingDisplayTypeFilterFunctionality] [verifyingDisplayTypeFilterFunctionality]==========================================================================================================
2025-08-28 06:32:40.004 PM [TestNG-test=Test-2] INFO  [verifyingDisplayTypeFilterFunctionality] [verifyingDisplayTypeFilterFunctionality]==========================================================================================================
2025-08-28 06:32:40.004 PM [TestNG-test=Test-2] INFO  [verifyingDisplayTypeFilterFunctionality] [verifyingDisplayTypeFilterFunctionality] returning the 'results' i.e list of Maps
2025-08-28 06:32:40.004 PM [TestNG-test=Test-2] INFO  [verifyingDisplayTypeFilterFunctionality] [verifyingDisplayTypeFilterFunctionality]  Filter 'amoled' matched in at least one section.
2025-08-28 06:32:40.004 PM [TestNG-test=Test-2] INFO  [verifyingDisplayTypeFilterFunctionality] [verifyingDisplayTypeFilterFunctionality]  Final assertion for display type filter validation...
2025-08-28 06:32:40.009 PM [TestNG-test=Test-2] INFO  [verifyingDisplayTypeFilterFunctionality] ✅ Finished test method: verifyingDisplayTypeFilterFunctionality
