2026-02-03 04:59:20.702 PM [TestNG-test-Test-1] INFO  [verifyingDisplaySizeFilterFunctionality] 🔹 Starting test method: verifyingDisplaySizeFilterFunctionality
2026-02-03 04:59:20.709 PM [TestNG-test-Test-1] INFO  [verifyingDisplaySizeFilterFunctionality] No existing WebDriver found for current thread. Initializing a new ChromeDriver...
2026-02-03 04:59:20.734 PM [TestNG-test-Test-1] INFO  [verifyingDisplaySizeFilterFunctionality] WebDriverManager: chromedriver setup OK
2026-02-03 04:59:22.152 PM [TestNG-test-Test-1] INFO  [verifyingDisplaySizeFilterFunctionality] ChromeDriver initialized successfully for thread: 34
2026-02-03 04:59:22.940 PM [TestNG-test-Test-1] INFO  [verifyingDisplaySizeFilterFunctionality] [verifyingDisplaySizeFilterFunctionality] Opening amazon Landing page
2026-02-03 04:59:22.940 PM [TestNG-test-Test-1] INFO  [verifyingDisplaySizeFilterFunctionality] [verifyingDisplaySizeFilterFunctionality] Within safeFindElement method
2026-02-03 04:59:33.199 PM [TestNG-test-Test-1] INFO  [verifyingDisplaySizeFilterFunctionality] [verifyingDisplaySizeFilterFunctionality]Retrying findElement for: ->By.xpath: //a[@id='nav-logo-sprites']
2026-02-03 04:59:33.429 PM [TestNG-test-Test-1] INFO  [verifyingDisplaySizeFilterFunctionality] [verifyingDisplaySizeFilterFunctionality]Refrehsing the page , while trying to safely find : ->By.xpath: //a[@id='nav-logo-sprites']
2026-02-03 04:59:44.641 PM [TestNG-test-Test-1] INFO  [verifyingDisplaySizeFilterFunctionality] [verifyingDisplaySizeFilterFunctionality]Retrying findElement for: ->By.xpath: //a[@id='nav-logo-sprites']
2026-02-03 04:59:44.848 PM [TestNG-test-Test-1] INFO  [verifyingDisplaySizeFilterFunctionality] [verifyingDisplaySizeFilterFunctionality]Refrehsing the page , while trying to safely find : ->By.xpath: //a[@id='nav-logo-sprites']
2026-02-03 04:59:45.850 PM [TestNG-test-Test-1] INFO  [verifyingDisplaySizeFilterFunctionality] [verifyingDisplaySizeFilterFunctionality] Skipping action: Element not found after 2   attemps
2026-02-03 04:59:52.181 PM [TestNG-test-Test-1] INFO  [verifyingDisplaySizeFilterFunctionality] [verifyingDisplaySizeFilterFunctionality] Giving input within the search bar
2026-02-03 04:59:52.181 PM [TestNG-test-Test-1] INFO  [verifyingDisplaySizeFilterFunctionality] [verifyingDisplaySizeFilterFunctionality] Within safeClick method
2026-02-03 04:59:54.457 PM [TestNG-test-Test-1] INFO  [verifyingDisplaySizeFilterFunctionality] [verifyingDisplaySizeFilterFunctionality] Clicked the  [[ChromeDriver: chrome on windows (9b7dff9cf063fda4ce4c42265ed7403b)] -> xpath: //input[@id='nav-search-submit-button']]   using safeClick
2026-02-03 04:59:54.457 PM [TestNG-test-Test-1] INFO  [verifyingDisplaySizeFilterFunctionality] [verifyingDisplaySizeFilterFunctionality] Clicking on the submit in the search bar
2026-02-03 04:59:54.587 PM [TestNG-test-Test-1] INFO  [verifyingDisplaySizeFilterFunctionality] [verifyingDisplaySizeFilterFunctionality] Within filterCheckUnderList method
2026-02-03 04:59:54.973 PM [TestNG-test-Test-1] INFO  [verifyingDisplaySizeFilterFunctionality] [verifyingDisplaySizeFilterFunctionality] Filter option does not exist within the filter check List
2026-02-03 04:59:54.973 PM [TestNG-test-Test-1] WARN  [verifyingDisplaySizeFilterFunctionality] [verifyingDisplaySizeFilterFunctionality]  Filter option 'Display Size' does not exist in the list. Skipping the test.
2026-02-03 04:59:54.974 PM [TestNG-test-Test-1] INFO  [verifyingDisplaySizeFilterFunctionality] ✅ Finished test method: verifyingDisplaySizeFilterFunctionality
2026-02-03 04:59:55.254 PM [TestNG-test-Test-1] INFO  [verifyingDisplaySizeFilterFunctionality] 🔹 Starting test method: verifyingDisplaySizeFilterFunctionality
2026-02-03 04:59:55.255 PM [TestNG-test-Test-1] INFO  [verifyingDisplaySizeFilterFunctionality] No existing WebDriver found for current thread. Initializing a new ChromeDriver...
2026-02-03 04:59:55.264 PM [TestNG-test-Test-1] INFO  [verifyingDisplaySizeFilterFunctionality] WebDriverManager: chromedriver setup OK
2026-02-03 04:59:56.614 PM [TestNG-test-Test-1] INFO  [verifyingDisplaySizeFilterFunctionality] ChromeDriver initialized successfully for thread: 34
2026-02-03 04:59:57.392 PM [TestNG-test-Test-1] INFO  [verifyingDisplaySizeFilterFunctionality] [verifyingDisplaySizeFilterFunctionality] Opening amazon Landing page
2026-02-03 04:59:57.393 PM [TestNG-test-Test-1] INFO  [verifyingDisplaySizeFilterFunctionality] [verifyingDisplaySizeFilterFunctionality] Within safeFindElement method
2026-02-03 05:00:07.584 PM [TestNG-test-Test-1] INFO  [verifyingDisplaySizeFilterFunctionality] [verifyingDisplaySizeFilterFunctionality]Retrying findElement for: ->By.xpath: //a[@id='nav-logo-sprites']
2026-02-03 05:00:08.011 PM [TestNG-test-Test-1] INFO  [verifyingDisplaySizeFilterFunctionality] [verifyingDisplaySizeFilterFunctionality]Refrehsing the page , while trying to safely find : ->By.xpath: //a[@id='nav-logo-sprites']
2026-02-03 05:00:19.319 PM [TestNG-test-Test-1] INFO  [verifyingDisplaySizeFilterFunctionality] [verifyingDisplaySizeFilterFunctionality]Retrying findElement for: ->By.xpath: //a[@id='nav-logo-sprites']
2026-02-03 05:00:19.675 PM [TestNG-test-Test-1] INFO  [verifyingDisplaySizeFilterFunctionality] [verifyingDisplaySizeFilterFunctionality]Refrehsing the page , while trying to safely find : ->By.xpath: //a[@id='nav-logo-sprites']
2026-02-03 05:00:20.676 PM [TestNG-test-Test-1] INFO  [verifyingDisplaySizeFilterFunctionality] [verifyingDisplaySizeFilterFunctionality] Skipping action: Element not found after 2   attemps
2026-02-03 05:00:25.150 PM [TestNG-test-Test-1] INFO  [verifyingDisplaySizeFilterFunctionality] [verifyingDisplaySizeFilterFunctionality] Giving input within the search bar
2026-02-03 05:00:25.151 PM [TestNG-test-Test-1] INFO  [verifyingDisplaySizeFilterFunctionality] [verifyingDisplaySizeFilterFunctionality] Within safeClick method
2026-02-03 05:00:28.603 PM [TestNG-test-Test-1] INFO  [verifyingDisplaySizeFilterFunctionality] [verifyingDisplaySizeFilterFunctionality] Clicked the  [[ChromeDriver: chrome on windows (bfe5d628c8d6ae99de3041e61650bcfc)] -> xpath: //input[@id='nav-search-submit-button']]   using safeClick
2026-02-03 05:00:28.603 PM [TestNG-test-Test-1] INFO  [verifyingDisplaySizeFilterFunctionality] [verifyingDisplaySizeFilterFunctionality] Clicking on the submit in the search bar
2026-02-03 05:00:28.739 PM [TestNG-test-Test-1] INFO  [verifyingDisplaySizeFilterFunctionality] [verifyingDisplaySizeFilterFunctionality] Within filterCheckUnderList method
2026-02-03 05:00:28.833 PM [TestNG-test-Test-1] INFO  [verifyingDisplaySizeFilterFunctionality] [verifyingDisplaySizeFilterFunctionality] Found the Filter within the filter check List
2026-02-03 05:00:28.833 PM [TestNG-test-Test-1] INFO  [verifyingDisplaySizeFilterFunctionality] [verifyingDisplaySizeFilterFunctionality] Within applyFilterAndValidateProductsWithResult method
2026-02-03 05:00:28.833 PM [TestNG-test-Test-1] INFO  [verifyingDisplaySizeFilterFunctionality] [verifyingDisplaySizeFilterFunctionality] Within safeFindElements 
2026-02-03 05:00:28.844 PM [TestNG-test-Test-1] INFO  [verifyingDisplaySizeFilterFunctionality] [verifyingDisplaySizeFilterFunctionality] Returning the  [[[ChromeDriver: chrome on windows (bfe5d628c8d6ae99de3041e61650bcfc)] -> xpath: //span[@class='a-size-base a-color-base puis-bold-weight-text' and text()='Display Size']/parent::div/following-sibling::ul//span[@class='a-size-base a-color-base']], [[ChromeDriver: chrome on windows (bfe5d628c8d6ae99de3041e61650bcfc)] -> xpath: //span[@class='a-size-base a-color-base puis-bold-weight-text' and text()='Display Size']/parent::div/following-sibling::ul//span[@class='a-size-base a-color-base']], [[ChromeDriver: chrome on windows (bfe5d628c8d6ae99de3041e61650bcfc)] -> xpath: //span[@class='a-size-base a-color-base puis-bold-weight-text' and text()='Display Size']/parent::div/following-sibling::ul//span[@class='a-size-base a-color-base']], [[ChromeDriver: chrome on windows (bfe5d628c8d6ae99de3041e61650bcfc)] -> xpath: //span[@class='a-size-base a-color-base puis-bold-weight-text' and text()='Display Size']/parent::div/following-sibling::ul//span[@class='a-size-base a-color-base']]] from the safeFindElements method
2026-02-03 05:00:28.844 PM [TestNG-test-Test-1] INFO  [verifyingDisplaySizeFilterFunctionality] [verifyingDisplaySizeFilterFunctionality] Within applyFilterAndValidateProductsWithResult filterOptions size is -> 4
2026-02-03 05:00:28.844 PM [TestNG-test-Test-1] INFO  [verifyingDisplaySizeFilterFunctionality] [verifyingDisplaySizeFilterFunctionality] Execution is Not CRON Job Hence refering to normal keys from UtilData
2026-02-03 05:00:28.844 PM [TestNG-test-Test-1] INFO  [verifyingDisplaySizeFilterFunctionality] [verifyingDisplaySizeFilterFunctionality] Within filterOptions loop in applyFilterAndValidateProductsWithResult
2026-02-03 05:00:28.844 PM [TestNG-test-Test-1] INFO  [verifyingDisplaySizeFilterFunctionality] [verifyingDisplaySizeFilterFunctionality] Within safeFindElements 
2026-02-03 05:00:28.853 PM [TestNG-test-Test-1] INFO  [verifyingDisplaySizeFilterFunctionality] [verifyingDisplaySizeFilterFunctionality] Returning the  [[[ChromeDriver: chrome on windows (bfe5d628c8d6ae99de3041e61650bcfc)] -> xpath: //span[@class='a-size-base a-color-base puis-bold-weight-text' and text()='Display Size']/parent::div/following-sibling::ul//span[@class='a-size-base a-color-base']], [[ChromeDriver: chrome on windows (bfe5d628c8d6ae99de3041e61650bcfc)] -> xpath: //span[@class='a-size-base a-color-base puis-bold-weight-text' and text()='Display Size']/parent::div/following-sibling::ul//span[@class='a-size-base a-color-base']], [[ChromeDriver: chrome on windows (bfe5d628c8d6ae99de3041e61650bcfc)] -> xpath: //span[@class='a-size-base a-color-base puis-bold-weight-text' and text()='Display Size']/parent::div/following-sibling::ul//span[@class='a-size-base a-color-base']], [[ChromeDriver: chrome on windows (bfe5d628c8d6ae99de3041e61650bcfc)] -> xpath: //span[@class='a-size-base a-color-base puis-bold-weight-text' and text()='Display Size']/parent::div/following-sibling::ul//span[@class='a-size-base a-color-base']]] from the safeFindElements method
2026-02-03 05:00:28.853 PM [TestNG-test-Test-1] INFO  [verifyingDisplaySizeFilterFunctionality] [verifyingDisplaySizeFilterFunctionality] Trying to read filter option 0 (attempt 1/3)
2026-02-03 05:00:28.866 PM [TestNG-test-Test-1] INFO  [verifyingDisplaySizeFilterFunctionality] [verifyingDisplaySizeFilterFunctionality] Successfully read filter option 0 = 'Up to 10"'
2026-02-03 05:00:28.866 PM [TestNG-test-Test-1] INFO  [verifyingDisplaySizeFilterFunctionality] [verifyingDisplaySizeFilterFunctionality] Within getfilterByTypeAndName method
2026-02-03 05:00:28.867 PM [TestNG-test-Test-1] INFO  [verifyingDisplaySizeFilterFunctionality] [verifyingDisplaySizeFilterFunctionality] Within safeClickBooleanWithScreenShot method
2026-02-03 05:00:28.867 PM [TestNG-test-Test-1] INFO  [verifyingDisplaySizeFilterFunctionality] [verifyingDisplaySizeFilterFunctionality] Within getAppliedfilterByTypeAndName method
2026-02-03 05:00:28.867 PM [TestNG-test-Test-1] INFO  [verifyingDisplaySizeFilterFunctionality] [verifyingDisplaySizeFilterFunctionality] Within smoothScrollToElement method
2026-02-03 05:00:28.867 PM [TestNG-test-Test-1] INFO  [verifyingDisplaySizeFilterFunctionality] [verifyingDisplaySizeFilterFunctionality] Within safeFindElement method
2026-02-03 05:00:28.893 PM [TestNG-test-Test-1] INFO  [verifyingDisplaySizeFilterFunctionality] [verifyingDisplaySizeFilterFunctionality]Found the element returning it ,element ->[[ChromeDriver: chrome on windows (bfe5d628c8d6ae99de3041e61650bcfc)] -> xpath: //span[@class='a-size-base a-color-base puis-bold-weight-text' and text()='Display Size']]
2026-02-03 05:00:28.930 PM [TestNG-test-Test-1] INFO  [verifyingDisplaySizeFilterFunctionality] [verifyingDisplaySizeFilterFunctionality] Successfully scrolled to element: By.xpath: //span[@class='a-size-base a-color-base puis-bold-weight-text' and text()='Display Size']
2026-02-03 05:00:28.930 PM [TestNG-test-Test-1] INFO  [verifyingDisplaySizeFilterFunctionality] [verifyingDisplaySizeFilterFunctionality] Within getMoreButtonByFilterTypeAndName method
2026-02-03 05:00:28.931 PM [TestNG-test-Test-1] INFO  [verifyingDisplaySizeFilterFunctionality] [verifyingDisplaySizeFilterFunctionality] could not find more button
2026-02-03 05:00:39.258 PM [TestNG-test-Test-1] INFO  [verifyingDisplaySizeFilterFunctionality] [verifyingDisplaySizeFilterFunctionality] Cannot click the button, element ->By.xpath: //ul[@id='filter-p_n_g-1004194492091']//span[@class='a-size-base a-color-base' and text()='Up to 10"']
2026-02-03 05:00:41.705 PM [TestNG-test-Test-1] INFO  [verifyingDisplaySizeFilterFunctionality] [verifyingDisplaySizeFilterFunctionality] Cannot apply filter taking failed screenshot for ->Up to 10"
2026-02-03 05:00:41.705 PM [TestNG-test-Test-1] INFO  [verifyingDisplaySizeFilterFunctionality] [verifyingDisplaySizeFilterFunctionality] Within getAppliedfilterByTypeAndName method
2026-02-03 05:00:41.705 PM [TestNG-test-Test-1] INFO  [verifyingDisplaySizeFilterFunctionality] [verifyingDisplaySizeFilterFunctionality] Within smoothScrollToElement method
2026-02-03 05:00:41.705 PM [TestNG-test-Test-1] INFO  [verifyingDisplaySizeFilterFunctionality] [verifyingDisplaySizeFilterFunctionality] Within safeFindElement method
2026-02-03 05:00:41.720 PM [TestNG-test-Test-1] INFO  [verifyingDisplaySizeFilterFunctionality] [verifyingDisplaySizeFilterFunctionality]Found the element returning it ,element ->[[ChromeDriver: chrome on windows (bfe5d628c8d6ae99de3041e61650bcfc)] -> xpath: //span[@class='a-size-base a-color-base puis-bold-weight-text' and text()='Display Size']]
2026-02-03 05:00:41.725 PM [TestNG-test-Test-1] INFO  [verifyingDisplaySizeFilterFunctionality] [verifyingDisplaySizeFilterFunctionality] Successfully scrolled to element: By.xpath: //span[@class='a-size-base a-color-base puis-bold-weight-text' and text()='Display Size']
2026-02-03 05:00:43.726 PM [TestNG-test-Test-1] INFO  [verifyingDisplaySizeFilterFunctionality] [verifyingDisplaySizeFilterFunctionality] Within getMoreButtonByFilterTypeAndName method
2026-02-03 05:00:43.726 PM [TestNG-test-Test-1] INFO  [verifyingDisplaySizeFilterFunctionality] [verifyingDisplaySizeFilterFunctionality] could not find more button
2026-02-03 05:00:44.727 PM [TestNG-test-Test-1] INFO  [verifyingDisplaySizeFilterFunctionality] [verifyingDisplaySizeFilterFunctionality] Capturing screenshot: failed_filter_apply_screenshot-_Filter_Applied_is_Up_to_10___2026-02-03_170044.png
2026-02-03 05:00:44.949 PM [TestNG-test-Test-1] INFO  [verifyingDisplaySizeFilterFunctionality] [verifyingDisplaySizeFilterFunctionality] Screenshot saved at: test-output/screenshots/Run_2026-02-03_16-54-46/verifyingDisplaySizeFilterFunctionality/failed_filter_apply_screenshot-_Filter_Applied_is_Up_to_10___2026-02-03_170044.png
2026-02-03 05:00:44.949 PM [TestNG-test-Test-1] INFO  [verifyingDisplaySizeFilterFunctionality] [verifyingDisplaySizeFilterFunctionality] Refrshing the page , while trying to click ->By.xpath: //ul[@id='filter-p_n_g-1004194492091']//span[@class='a-size-base a-color-base' and text()='Up to 10"']
2026-02-03 05:00:45.950 PM [TestNG-test-Test-1] INFO  [verifyingDisplaySizeFilterFunctionality] [verifyingDisplaySizeFilterFunctionality]Skipping click action: Element not clickable after1   attempts
2026-02-03 05:00:45.950 PM [TestNG-test-Test-1] INFO  [verifyingDisplaySizeFilterFunctionality] [verifyingDisplaySizeFilterFunctionality] Within filterOptions loop in applyFilterAndValidateProductsWithResult
2026-02-03 05:00:45.950 PM [TestNG-test-Test-1] INFO  [verifyingDisplaySizeFilterFunctionality] [verifyingDisplaySizeFilterFunctionality] Within safeFindElements 
2026-02-03 05:00:45.960 PM [TestNG-test-Test-1] INFO  [verifyingDisplaySizeFilterFunctionality] [verifyingDisplaySizeFilterFunctionality] Returning the  [[[ChromeDriver: chrome on windows (bfe5d628c8d6ae99de3041e61650bcfc)] -> xpath: //span[@class='a-size-base a-color-base puis-bold-weight-text' and text()='Display Size']/parent::div/following-sibling::ul//span[@class='a-size-base a-color-base']], [[ChromeDriver: chrome on windows (bfe5d628c8d6ae99de3041e61650bcfc)] -> xpath: //span[@class='a-size-base a-color-base puis-bold-weight-text' and text()='Display Size']/parent::div/following-sibling::ul//span[@class='a-size-base a-color-base']], [[ChromeDriver: chrome on windows (bfe5d628c8d6ae99de3041e61650bcfc)] -> xpath: //span[@class='a-size-base a-color-base puis-bold-weight-text' and text()='Display Size']/parent::div/following-sibling::ul//span[@class='a-size-base a-color-base']], [[ChromeDriver: chrome on windows (bfe5d628c8d6ae99de3041e61650bcfc)] -> xpath: //span[@class='a-size-base a-color-base puis-bold-weight-text' and text()='Display Size']/parent::div/following-sibling::ul//span[@class='a-size-base a-color-base']]] from the safeFindElements method
2026-02-03 05:00:45.960 PM [TestNG-test-Test-1] INFO  [verifyingDisplaySizeFilterFunctionality] [verifyingDisplaySizeFilterFunctionality] Trying to read filter option 1 (attempt 1/3)
2026-02-03 05:00:45.976 PM [TestNG-test-Test-1] INFO  [verifyingDisplaySizeFilterFunctionality] [verifyingDisplaySizeFilterFunctionality] Successfully read filter option 1 = '13" - 14"'
2026-02-03 05:00:45.976 PM [TestNG-test-Test-1] INFO  [verifyingDisplaySizeFilterFunctionality] [verifyingDisplaySizeFilterFunctionality] Within getfilterByTypeAndName method
2026-02-03 05:00:45.976 PM [TestNG-test-Test-1] INFO  [verifyingDisplaySizeFilterFunctionality] [verifyingDisplaySizeFilterFunctionality] Within safeClickBooleanWithScreenShot method
2026-02-03 05:00:45.976 PM [TestNG-test-Test-1] INFO  [verifyingDisplaySizeFilterFunctionality] [verifyingDisplaySizeFilterFunctionality] Within getAppliedfilterByTypeAndName method
2026-02-03 05:00:45.976 PM [TestNG-test-Test-1] INFO  [verifyingDisplaySizeFilterFunctionality] [verifyingDisplaySizeFilterFunctionality] Within smoothScrollToElement method
2026-02-03 05:00:45.976 PM [TestNG-test-Test-1] INFO  [verifyingDisplaySizeFilterFunctionality] [verifyingDisplaySizeFilterFunctionality] Within safeFindElement method
2026-02-03 05:00:45.986 PM [TestNG-test-Test-1] INFO  [verifyingDisplaySizeFilterFunctionality] [verifyingDisplaySizeFilterFunctionality]Found the element returning it ,element ->[[ChromeDriver: chrome on windows (bfe5d628c8d6ae99de3041e61650bcfc)] -> xpath: //span[@class='a-size-base a-color-base puis-bold-weight-text' and text()='Display Size']]
2026-02-03 05:00:45.992 PM [TestNG-test-Test-1] INFO  [verifyingDisplaySizeFilterFunctionality] [verifyingDisplaySizeFilterFunctionality] Successfully scrolled to element: By.xpath: //span[@class='a-size-base a-color-base puis-bold-weight-text' and text()='Display Size']
2026-02-03 05:00:45.992 PM [TestNG-test-Test-1] INFO  [verifyingDisplaySizeFilterFunctionality] [verifyingDisplaySizeFilterFunctionality] Within getMoreButtonByFilterTypeAndName method
2026-02-03 05:00:45.992 PM [TestNG-test-Test-1] INFO  [verifyingDisplaySizeFilterFunctionality] [verifyingDisplaySizeFilterFunctionality] could not find more button
2026-02-03 05:00:56.224 PM [TestNG-test-Test-1] INFO  [verifyingDisplaySizeFilterFunctionality] [verifyingDisplaySizeFilterFunctionality] Cannot click the button, element ->By.xpath: //ul[@id='filter-p_n_g-1004194492091']//span[@class='a-size-base a-color-base' and text()='13" - 14"']
2026-02-03 05:00:58.800 PM [TestNG-test-Test-1] INFO  [verifyingDisplaySizeFilterFunctionality] [verifyingDisplaySizeFilterFunctionality] Cannot apply filter taking failed screenshot for ->13" - 14"
2026-02-03 05:00:58.800 PM [TestNG-test-Test-1] INFO  [verifyingDisplaySizeFilterFunctionality] [verifyingDisplaySizeFilterFunctionality] Within getAppliedfilterByTypeAndName method
2026-02-03 05:00:58.800 PM [TestNG-test-Test-1] INFO  [verifyingDisplaySizeFilterFunctionality] [verifyingDisplaySizeFilterFunctionality] Within smoothScrollToElement method
2026-02-03 05:00:58.800 PM [TestNG-test-Test-1] INFO  [verifyingDisplaySizeFilterFunctionality] [verifyingDisplaySizeFilterFunctionality] Within safeFindElement method
2026-02-03 05:00:58.819 PM [TestNG-test-Test-1] INFO  [verifyingDisplaySizeFilterFunctionality] [verifyingDisplaySizeFilterFunctionality]Found the element returning it ,element ->[[ChromeDriver: chrome on windows (bfe5d628c8d6ae99de3041e61650bcfc)] -> xpath: //span[@class='a-size-base a-color-base puis-bold-weight-text' and text()='Display Size']]
2026-02-03 05:00:58.826 PM [TestNG-test-Test-1] INFO  [verifyingDisplaySizeFilterFunctionality] [verifyingDisplaySizeFilterFunctionality] Successfully scrolled to element: By.xpath: //span[@class='a-size-base a-color-base puis-bold-weight-text' and text()='Display Size']
2026-02-03 05:01:00.826 PM [TestNG-test-Test-1] INFO  [verifyingDisplaySizeFilterFunctionality] [verifyingDisplaySizeFilterFunctionality] Within getMoreButtonByFilterTypeAndName method
2026-02-03 05:01:00.826 PM [TestNG-test-Test-1] INFO  [verifyingDisplaySizeFilterFunctionality] [verifyingDisplaySizeFilterFunctionality] could not find more button
2026-02-03 05:01:01.827 PM [TestNG-test-Test-1] INFO  [verifyingDisplaySizeFilterFunctionality] [verifyingDisplaySizeFilterFunctionality] Capturing screenshot: failed_filter_apply_screenshot-_Filter_Applied_is_13_-_14___2026-02-03_170101.png
2026-02-03 05:01:01.944 PM [TestNG-test-Test-1] INFO  [verifyingDisplaySizeFilterFunctionality] [verifyingDisplaySizeFilterFunctionality] Screenshot saved at: test-output/screenshots/Run_2026-02-03_16-54-46/verifyingDisplaySizeFilterFunctionality/failed_filter_apply_screenshot-_Filter_Applied_is_13_-_14___2026-02-03_170101.png
2026-02-03 05:01:01.945 PM [TestNG-test-Test-1] INFO  [verifyingDisplaySizeFilterFunctionality] [verifyingDisplaySizeFilterFunctionality] Refrshing the page , while trying to click ->By.xpath: //ul[@id='filter-p_n_g-1004194492091']//span[@class='a-size-base a-color-base' and text()='13" - 14"']
2026-02-03 05:01:02.945 PM [TestNG-test-Test-1] INFO  [verifyingDisplaySizeFilterFunctionality] [verifyingDisplaySizeFilterFunctionality]Skipping click action: Element not clickable after1   attempts
2026-02-03 05:01:02.945 PM [TestNG-test-Test-1] INFO  [verifyingDisplaySizeFilterFunctionality] [verifyingDisplaySizeFilterFunctionality] Within filterOptions loop in applyFilterAndValidateProductsWithResult
2026-02-03 05:01:02.945 PM [TestNG-test-Test-1] INFO  [verifyingDisplaySizeFilterFunctionality] [verifyingDisplaySizeFilterFunctionality] Within safeFindElements 
2026-02-03 05:01:02.955 PM [TestNG-test-Test-1] INFO  [verifyingDisplaySizeFilterFunctionality] [verifyingDisplaySizeFilterFunctionality] Returning the  [[[ChromeDriver: chrome on windows (bfe5d628c8d6ae99de3041e61650bcfc)] -> xpath: //span[@class='a-size-base a-color-base puis-bold-weight-text' and text()='Display Size']/parent::div/following-sibling::ul//span[@class='a-size-base a-color-base']], [[ChromeDriver: chrome on windows (bfe5d628c8d6ae99de3041e61650bcfc)] -> xpath: //span[@class='a-size-base a-color-base puis-bold-weight-text' and text()='Display Size']/parent::div/following-sibling::ul//span[@class='a-size-base a-color-base']], [[ChromeDriver: chrome on windows (bfe5d628c8d6ae99de3041e61650bcfc)] -> xpath: //span[@class='a-size-base a-color-base puis-bold-weight-text' and text()='Display Size']/parent::div/following-sibling::ul//span[@class='a-size-base a-color-base']], [[ChromeDriver: chrome on windows (bfe5d628c8d6ae99de3041e61650bcfc)] -> xpath: //span[@class='a-size-base a-color-base puis-bold-weight-text' and text()='Display Size']/parent::div/following-sibling::ul//span[@class='a-size-base a-color-base']]] from the safeFindElements method
2026-02-03 05:01:02.956 PM [TestNG-test-Test-1] INFO  [verifyingDisplaySizeFilterFunctionality] [verifyingDisplaySizeFilterFunctionality] Trying to read filter option 2 (attempt 1/3)
2026-02-03 05:01:02.971 PM [TestNG-test-Test-1] INFO  [verifyingDisplaySizeFilterFunctionality] [verifyingDisplaySizeFilterFunctionality] Successfully read filter option 2 = '15" - 16"'
2026-02-03 05:01:02.971 PM [TestNG-test-Test-1] INFO  [verifyingDisplaySizeFilterFunctionality] [verifyingDisplaySizeFilterFunctionality] Within getfilterByTypeAndName method
2026-02-03 05:01:02.971 PM [TestNG-test-Test-1] INFO  [verifyingDisplaySizeFilterFunctionality] [verifyingDisplaySizeFilterFunctionality] Within safeClickBooleanWithScreenShot method
2026-02-03 05:01:02.971 PM [TestNG-test-Test-1] INFO  [verifyingDisplaySizeFilterFunctionality] [verifyingDisplaySizeFilterFunctionality] Within getAppliedfilterByTypeAndName method
2026-02-03 05:01:02.971 PM [TestNG-test-Test-1] INFO  [verifyingDisplaySizeFilterFunctionality] [verifyingDisplaySizeFilterFunctionality] Within smoothScrollToElement method
2026-02-03 05:01:02.971 PM [TestNG-test-Test-1] INFO  [verifyingDisplaySizeFilterFunctionality] [verifyingDisplaySizeFilterFunctionality] Within safeFindElement method
2026-02-03 05:01:02.978 PM [TestNG-test-Test-1] INFO  [verifyingDisplaySizeFilterFunctionality] [verifyingDisplaySizeFilterFunctionality]Found the element returning it ,element ->[[ChromeDriver: chrome on windows (bfe5d628c8d6ae99de3041e61650bcfc)] -> xpath: //span[@class='a-size-base a-color-base puis-bold-weight-text' and text()='Display Size']]
2026-02-03 05:01:02.984 PM [TestNG-test-Test-1] INFO  [verifyingDisplaySizeFilterFunctionality] [verifyingDisplaySizeFilterFunctionality] Successfully scrolled to element: By.xpath: //span[@class='a-size-base a-color-base puis-bold-weight-text' and text()='Display Size']
2026-02-03 05:01:02.984 PM [TestNG-test-Test-1] INFO  [verifyingDisplaySizeFilterFunctionality] [verifyingDisplaySizeFilterFunctionality] Within getMoreButtonByFilterTypeAndName method
2026-02-03 05:01:02.984 PM [TestNG-test-Test-1] INFO  [verifyingDisplaySizeFilterFunctionality] [verifyingDisplaySizeFilterFunctionality] could not find more button
2026-02-03 05:01:13.332 PM [TestNG-test-Test-1] INFO  [verifyingDisplaySizeFilterFunctionality] [verifyingDisplaySizeFilterFunctionality] Cannot click the button, element ->By.xpath: //ul[@id='filter-p_n_g-1004194492091']//span[@class='a-size-base a-color-base' and text()='15" - 16"']
2026-02-03 05:01:15.918 PM [TestNG-test-Test-1] INFO  [verifyingDisplaySizeFilterFunctionality] [verifyingDisplaySizeFilterFunctionality] Cannot apply filter taking failed screenshot for ->15" - 16"
2026-02-03 05:01:15.918 PM [TestNG-test-Test-1] INFO  [verifyingDisplaySizeFilterFunctionality] [verifyingDisplaySizeFilterFunctionality] Within getAppliedfilterByTypeAndName method
2026-02-03 05:01:15.918 PM [TestNG-test-Test-1] INFO  [verifyingDisplaySizeFilterFunctionality] [verifyingDisplaySizeFilterFunctionality] Within smoothScrollToElement method
2026-02-03 05:01:15.918 PM [TestNG-test-Test-1] INFO  [verifyingDisplaySizeFilterFunctionality] [verifyingDisplaySizeFilterFunctionality] Within safeFindElement method
2026-02-03 05:01:15.933 PM [TestNG-test-Test-1] INFO  [verifyingDisplaySizeFilterFunctionality] [verifyingDisplaySizeFilterFunctionality]Found the element returning it ,element ->[[ChromeDriver: chrome on windows (bfe5d628c8d6ae99de3041e61650bcfc)] -> xpath: //span[@class='a-size-base a-color-base puis-bold-weight-text' and text()='Display Size']]
2026-02-03 05:01:15.938 PM [TestNG-test-Test-1] INFO  [verifyingDisplaySizeFilterFunctionality] [verifyingDisplaySizeFilterFunctionality] Successfully scrolled to element: By.xpath: //span[@class='a-size-base a-color-base puis-bold-weight-text' and text()='Display Size']
2026-02-03 05:01:17.939 PM [TestNG-test-Test-1] INFO  [verifyingDisplaySizeFilterFunctionality] [verifyingDisplaySizeFilterFunctionality] Within getMoreButtonByFilterTypeAndName method
2026-02-03 05:01:17.939 PM [TestNG-test-Test-1] INFO  [verifyingDisplaySizeFilterFunctionality] [verifyingDisplaySizeFilterFunctionality] could not find more button
2026-02-03 05:01:18.940 PM [TestNG-test-Test-1] INFO  [verifyingDisplaySizeFilterFunctionality] [verifyingDisplaySizeFilterFunctionality] Capturing screenshot: failed_filter_apply_screenshot-_Filter_Applied_is_15_-_16___2026-02-03_170118.png
2026-02-03 05:01:19.041 PM [TestNG-test-Test-1] INFO  [verifyingDisplaySizeFilterFunctionality] [verifyingDisplaySizeFilterFunctionality] Screenshot saved at: test-output/screenshots/Run_2026-02-03_16-54-46/verifyingDisplaySizeFilterFunctionality/failed_filter_apply_screenshot-_Filter_Applied_is_15_-_16___2026-02-03_170118.png
2026-02-03 05:01:19.041 PM [TestNG-test-Test-1] INFO  [verifyingDisplaySizeFilterFunctionality] [verifyingDisplaySizeFilterFunctionality] Refrshing the page , while trying to click ->By.xpath: //ul[@id='filter-p_n_g-1004194492091']//span[@class='a-size-base a-color-base' and text()='15" - 16"']
2026-02-03 05:01:20.042 PM [TestNG-test-Test-1] INFO  [verifyingDisplaySizeFilterFunctionality] [verifyingDisplaySizeFilterFunctionality]Skipping click action: Element not clickable after1   attempts
2026-02-03 05:01:20.042 PM [TestNG-test-Test-1] INFO  [verifyingDisplaySizeFilterFunctionality] [verifyingDisplaySizeFilterFunctionality] returning the 'results' i.e list of Maps
2026-02-03 05:01:20.042 PM [TestNG-test-Test-1] INFO  [verifyingDisplaySizeFilterFunctionality] [verifyingDisplaySizeFilterFunctionality]  Final assertion for display size filter validation starting...
2026-02-03 05:01:20.044 PM [TestNG-test-Test-1] INFO  [verifyingDisplaySizeFilterFunctionality] ✅ Finished test method: verifyingDisplaySizeFilterFunctionality
2026-02-03 05:01:20.409 PM [TestNG-test-Test-1] INFO  [verifyingDisplaySizeFilterFunctionality] 🔹 Starting test method: verifyingDisplaySizeFilterFunctionality
2026-02-03 05:01:20.409 PM [TestNG-test-Test-1] INFO  [verifyingDisplaySizeFilterFunctionality] No existing WebDriver found for current thread. Initializing a new ChromeDriver...
2026-02-03 05:01:20.435 PM [TestNG-test-Test-1] INFO  [verifyingDisplaySizeFilterFunctionality] WebDriverManager: chromedriver setup OK
2026-02-03 05:01:21.684 PM [TestNG-test-Test-1] INFO  [verifyingDisplaySizeFilterFunctionality] ChromeDriver initialized successfully for thread: 34
2026-02-03 05:01:22.538 PM [TestNG-test-Test-1] INFO  [verifyingDisplaySizeFilterFunctionality] [verifyingDisplaySizeFilterFunctionality] Opening amazon Landing page
2026-02-03 05:01:22.538 PM [TestNG-test-Test-1] INFO  [verifyingDisplaySizeFilterFunctionality] [verifyingDisplaySizeFilterFunctionality] Within safeFindElement method
2026-02-03 05:01:32.720 PM [TestNG-test-Test-1] INFO  [verifyingDisplaySizeFilterFunctionality] [verifyingDisplaySizeFilterFunctionality]Retrying findElement for: ->By.xpath: //a[@id='nav-logo-sprites']
2026-02-03 05:01:33.101 PM [TestNG-test-Test-1] INFO  [verifyingDisplaySizeFilterFunctionality] [verifyingDisplaySizeFilterFunctionality]Refrehsing the page , while trying to safely find : ->By.xpath: //a[@id='nav-logo-sprites']
2026-02-03 05:01:44.330 PM [TestNG-test-Test-1] INFO  [verifyingDisplaySizeFilterFunctionality] [verifyingDisplaySizeFilterFunctionality]Retrying findElement for: ->By.xpath: //a[@id='nav-logo-sprites']
2026-02-03 05:01:44.533 PM [TestNG-test-Test-1] INFO  [verifyingDisplaySizeFilterFunctionality] [verifyingDisplaySizeFilterFunctionality]Refrehsing the page , while trying to safely find : ->By.xpath: //a[@id='nav-logo-sprites']
2026-02-03 05:01:45.534 PM [TestNG-test-Test-1] INFO  [verifyingDisplaySizeFilterFunctionality] [verifyingDisplaySizeFilterFunctionality] Skipping action: Element not found after 2   attemps
2026-02-03 05:01:51.326 PM [TestNG-test-Test-1] INFO  [verifyingDisplaySizeFilterFunctionality] [verifyingDisplaySizeFilterFunctionality] Giving input within the search bar
2026-02-03 05:01:51.326 PM [TestNG-test-Test-1] INFO  [verifyingDisplaySizeFilterFunctionality] [verifyingDisplaySizeFilterFunctionality] Within safeClick method
2026-02-03 05:01:53.082 PM [TestNG-test-Test-1] INFO  [verifyingDisplaySizeFilterFunctionality] [verifyingDisplaySizeFilterFunctionality] Clicked the  [[ChromeDriver: chrome on windows (30bf9c84ac040f2a111f59c4e1e20d5d)] -> xpath: //input[@id='nav-search-submit-button']]   using safeClick
2026-02-03 05:01:53.082 PM [TestNG-test-Test-1] INFO  [verifyingDisplaySizeFilterFunctionality] [verifyingDisplaySizeFilterFunctionality] Clicking on the submit in the search bar
2026-02-03 05:01:53.231 PM [TestNG-test-Test-1] INFO  [verifyingDisplaySizeFilterFunctionality] [verifyingDisplaySizeFilterFunctionality] Within filterCheckUnderList method
2026-02-03 05:01:53.388 PM [TestNG-test-Test-1] INFO  [verifyingDisplaySizeFilterFunctionality] [verifyingDisplaySizeFilterFunctionality] Filter option does not exist within the filter check List
2026-02-03 05:01:53.388 PM [TestNG-test-Test-1] WARN  [verifyingDisplaySizeFilterFunctionality] [verifyingDisplaySizeFilterFunctionality]  Filter option 'Display Size' does not exist in the list. Skipping the test.
2026-02-03 05:01:53.392 PM [TestNG-test-Test-1] INFO  [verifyingDisplaySizeFilterFunctionality] ✅ Finished test method: verifyingDisplaySizeFilterFunctionality
