19:40:15 [TestNG-test-Test-3] INFO  verifyingFreeDeliveryFilterFunctionality_Tablet_19-40-15 - No existing WebDriver found for current thread. Initializing a new ChromeDriver...
19:40:15 [TestNG-test-Test-3] INFO  verifyingFreeDeliveryFilterFunctionality_Tablet_19-40-15 - WebDriverManager: chromedriver setup OK
19:40:17 [TestNG-test-Test-3] INFO  verifyingFreeDeliveryFilterFunctionality_Tablet_19-40-15 - ChromeDriver initialized successfully for thread: 36
19:40:18 [TestNG-test-Test-3] INFO  verifyingFreeDeliveryFilterFunctionality_Tablet_19-40-15 - [verifyingFreeDeliveryFilterFunctionality_Tablet_19-40-15] Opening amazon Landing page
19:40:18 [TestNG-test-Test-3] INFO  verifyingFreeDeliveryFilterFunctionality_Tablet_19-40-15 - [verifyingFreeDeliveryFilterFunctionality_Tablet_19-40-15] Within safeFindElement method
19:40:23 [TestNG-test-Test-3] INFO  verifyingFreeDeliveryFilterFunctionality_Tablet_19-40-15 - [verifyingFreeDeliveryFilterFunctionality_Tablet_19-40-15]Retrying findElement for: ->By.xpath: //a[@id='nav-logo-sprites']
19:40:23 [TestNG-test-Test-3] INFO  verifyingFreeDeliveryFilterFunctionality_Tablet_19-40-15 - [verifyingFreeDeliveryFilterFunctionality_Tablet_19-40-15]Refrehsing the page , while trying to safely find : ->By.xpath: //a[@id='nav-logo-sprites']
19:40:28 [TestNG-test-Test-3] INFO  verifyingFreeDeliveryFilterFunctionality_Tablet_19-40-15 - [verifyingFreeDeliveryFilterFunctionality_Tablet_19-40-15]Retrying findElement for: ->By.xpath: //a[@id='nav-logo-sprites']
19:40:30 [TestNG-test-Test-3] INFO  verifyingFreeDeliveryFilterFunctionality_Tablet_19-40-15 - [verifyingFreeDeliveryFilterFunctionality_Tablet_19-40-15]Refrehsing the page , while trying to safely find : ->By.xpath: //a[@id='nav-logo-sprites']
19:40:30 [TestNG-test-Test-3] INFO  verifyingFreeDeliveryFilterFunctionality_Tablet_19-40-15 - [verifyingFreeDeliveryFilterFunctionality_Tablet_19-40-15] Skipping action: Element not found after 2   attemps
19:40:31 [TestNG-test-Test-3] INFO  verifyingFreeDeliveryFilterFunctionality_Tablet_19-40-15 - [verifyingFreeDeliveryFilterFunctionality_Tablet_19-40-15] Giving input within the search bar
19:40:31 [TestNG-test-Test-3] INFO  verifyingFreeDeliveryFilterFunctionality_Tablet_19-40-15 - [verifyingFreeDeliveryFilterFunctionality_Tablet_19-40-15] Within safeClick method
19:40:34 [TestNG-test-Test-3] INFO  verifyingFreeDeliveryFilterFunctionality_Tablet_19-40-15 - [verifyingFreeDeliveryFilterFunctionality_Tablet_19-40-15] Clicked the  [[ChromeDriver: chrome on windows (61b6f530ac0f1efdfd3b321f81e30486)] -> xpath: //input[@id='nav-search-submit-button']]   using safeClick
19:40:34 [TestNG-test-Test-3] INFO  verifyingFreeDeliveryFilterFunctionality_Tablet_19-40-15 - [verifyingFreeDeliveryFilterFunctionality_Tablet_19-40-15] Clicking on the submit in the search bar
19:40:34 [TestNG-test-Test-3] INFO  verifyingFreeDeliveryFilterFunctionality_Tablet_19-40-15 - [verifyingFreeDeliveryFilterFunctionality_Tablet_19-40-15] Waiting until element is visible in viewport
19:40:34 [TestNG-test-Test-3] INFO  verifyingFreeDeliveryFilterFunctionality_Tablet_19-40-15 - [verifyingFreeDeliveryFilterFunctionality_Tablet_19-40-15] Within validateDeliveryFilterOptionsWithResult method
19:40:34 [TestNG-test-Test-3] INFO  verifyingFreeDeliveryFilterFunctionality_Tablet_19-40-15 - [verifyingFreeDeliveryFilterFunctionality_Tablet_19-40-15] Within safeClick method
19:40:34 [TestNG-test-Test-3] INFO  verifyingFreeDeliveryFilterFunctionality_Tablet_19-40-15 - [verifyingFreeDeliveryFilterFunctionality_Tablet_19-40-15] Clicked the  [[ChromeDriver: chrome on windows (61b6f530ac0f1efdfd3b321f81e30486)] -> xpath: //span[@class='a-size-base a-color-base puis-bold-weight-text' and text()='Eligible for Free Delivery']/parent::div/following-sibling::ul//span[@class='a-size-base a-color-base' and text()='Free Shipping']]   using safeClick
19:40:34 [TestNG-test-Test-3] INFO  verifyingFreeDeliveryFilterFunctionality_Tablet_19-40-15 - [verifyingFreeDeliveryFilterFunctionality_Tablet_19-40-15] Within getMoreButtonByFilterTypeAndName method
19:40:34 [TestNG-test-Test-3] INFO  verifyingFreeDeliveryFilterFunctionality_Tablet_19-40-15 - [verifyingFreeDeliveryFilterFunctionality_Tablet_19-40-15] Clicked on By.xpath: //span[@class='a-size-base a-color-base puis-bold-weight-text' and text()='Eligible for Free Delivery']/parent::div/following-sibling::ul//span[@class='a-size-base a-color-base' and text()='Free Shipping']
19:40:34 [TestNG-test-Test-3] INFO  verifyingFreeDeliveryFilterFunctionality_Tablet_19-40-15 - [verifyingFreeDeliveryFilterFunctionality_Tablet_19-40-15] Within safeFindElements 
19:40:35 [TestNG-test-Test-3] INFO  verifyingFreeDeliveryFilterFunctionality_Tablet_19-40-15 - [verifyingFreeDeliveryFilterFunctionality_Tablet_19-40-15] Returning the  [[[ChromeDriver: chrome on windows (61b6f530ac0f1efdfd3b321f81e30486)] -> xpath: //div[@class='a-section a-spacing-small a-spacing-top-small']], [[ChromeDriver: chrome on windows (61b6f530ac0f1efdfd3b321f81e30486)] -> xpath: //div[@class='a-section a-spacing-small a-spacing-top-small']], [[ChromeDriver: chrome on windows (61b6f530ac0f1efdfd3b321f81e30486)] -> xpath: //div[@class='a-section a-spacing-small a-spacing-top-small']], [[ChromeDriver: chrome on windows (61b6f530ac0f1efdfd3b321f81e30486)] -> xpath: //div[@class='a-section a-spacing-small a-spacing-top-small']], [[ChromeDriver: chrome on windows (61b6f530ac0f1efdfd3b321f81e30486)] -> xpath: //div[@class='a-section a-spacing-small a-spacing-top-small']], [[ChromeDriver: chrome on windows (61b6f530ac0f1efdfd3b321f81e30486)] -> xpath: //div[@class='a-section a-spacing-small a-spacing-top-small']], [[ChromeDriver: chrome on windows (61b6f530ac0f1efdfd3b321f81e30486)] -> xpath: //div[@class='a-section a-spacing-small a-spacing-top-small']], [[ChromeDriver: chrome on windows (61b6f530ac0f1efdfd3b321f81e30486)] -> xpath: //div[@class='a-section a-spacing-small a-spacing-top-small']], [[ChromeDriver: chrome on windows (61b6f530ac0f1efdfd3b321f81e30486)] -> xpath: //div[@class='a-section a-spacing-small a-spacing-top-small']], [[ChromeDriver: chrome on windows (61b6f530ac0f1efdfd3b321f81e30486)] -> xpath: //div[@class='a-section a-spacing-small a-spacing-top-small']], [[ChromeDriver: chrome on windows (61b6f530ac0f1efdfd3b321f81e30486)] -> xpath: //div[@class='a-section a-spacing-small a-spacing-top-small']], [[ChromeDriver: chrome on windows (61b6f530ac0f1efdfd3b321f81e30486)] -> xpath: //div[@class='a-section a-spacing-small a-spacing-top-small']], [[ChromeDriver: chrome on windows (61b6f530ac0f1efdfd3b321f81e30486)] -> xpath: //div[@class='a-section a-spacing-small a-spacing-top-small']], [[ChromeDriver: chrome on windows (61b6f530ac0f1efdfd3b321f81e30486)] -> xpath: //div[@class='a-section a-spacing-small a-spacing-top-small']], [[ChromeDriver: chrome on windows (61b6f530ac0f1efdfd3b321f81e30486)] -> xpath: //div[@class='a-section a-spacing-small a-spacing-top-small']], [[ChromeDriver: chrome on windows (61b6f530ac0f1efdfd3b321f81e30486)] -> xpath: //div[@class='a-section a-spacing-small a-spacing-top-small']]] from the safeFindElements method
19:40:35 [TestNG-test-Test-3] INFO  verifyingFreeDeliveryFilterFunctionality_Tablet_19-40-15 - [verifyingFreeDeliveryFilterFunctionality_Tablet_19-40-15] Created hashset with required data to assert with Within validateDeliveryFilterOptions method
19:40:35 [TestNG-test-Test-3] INFO  verifyingFreeDeliveryFilterFunctionality_Tablet_19-40-15 - [verifyingFreeDeliveryFilterFunctionality_Tablet_19-40-15] this is the set  [Jun, Today, FREE delivery, 06, Sat, 07, Sun, Tomorrow]
19:40:35 [TestNG-test-Test-3] INFO  verifyingFreeDeliveryFilterFunctionality_Tablet_19-40-15 - [verifyingFreeDeliveryFilterFunctionality_Tablet_19-40-15] Within deliveryElements loop iterating over the products  Within validateDeliveryFilterOptions method
19:40:35 [TestNG-test-Test-3] INFO  verifyingFreeDeliveryFilterFunctionality_Tablet_19-40-15 - [verifyingFreeDeliveryFilterFunctionality_Tablet_19-40-15] Checking if the allowedDateParts have the assert text   Within validateDeliveryFilterOptions method
19:40:35 [TestNG-test-Test-3] INFO  verifyingFreeDeliveryFilterFunctionality_Tablet_19-40-15 - [verifyingFreeDeliveryFilterFunctionality_Tablet_19-40-15] Within deliveryElements loop iterating over the products  Within validateDeliveryFilterOptions method
19:40:36 [TestNG-test-Test-3] INFO  verifyingFreeDeliveryFilterFunctionality_Tablet_19-40-15 - [verifyingFreeDeliveryFilterFunctionality_Tablet_19-40-15] Checking if the allowedDateParts have the assert text   Within validateDeliveryFilterOptions method
19:40:36 [TestNG-test-Test-3] INFO  verifyingFreeDeliveryFilterFunctionality_Tablet_19-40-15 - [verifyingFreeDeliveryFilterFunctionality_Tablet_19-40-15] Within deliveryElements loop iterating over the products  Within validateDeliveryFilterOptions method
19:40:36 [TestNG-test-Test-3] INFO  verifyingFreeDeliveryFilterFunctionality_Tablet_19-40-15 - [verifyingFreeDeliveryFilterFunctionality_Tablet_19-40-15] Checking if the allowedDateParts have the assert text   Within validateDeliveryFilterOptions method
19:40:36 [TestNG-test-Test-3] INFO  verifyingFreeDeliveryFilterFunctionality_Tablet_19-40-15 - [verifyingFreeDeliveryFilterFunctionality_Tablet_19-40-15] Within deliveryElements loop iterating over the products  Within validateDeliveryFilterOptions method
19:40:36 [TestNG-test-Test-3] INFO  verifyingFreeDeliveryFilterFunctionality_Tablet_19-40-15 - [verifyingFreeDeliveryFilterFunctionality_Tablet_19-40-15] Checking if the allowedDateParts have the assert text   Within validateDeliveryFilterOptions method
19:40:36 [TestNG-test-Test-3] INFO  verifyingFreeDeliveryFilterFunctionality_Tablet_19-40-15 - [verifyingFreeDeliveryFilterFunctionality_Tablet_19-40-15] Within deliveryElements loop iterating over the products  Within validateDeliveryFilterOptions method
19:40:36 [TestNG-test-Test-3] INFO  verifyingFreeDeliveryFilterFunctionality_Tablet_19-40-15 - [verifyingFreeDeliveryFilterFunctionality_Tablet_19-40-15] Checking if the allowedDateParts have the assert text   Within validateDeliveryFilterOptions method
19:40:36 [TestNG-test-Test-3] INFO  verifyingFreeDeliveryFilterFunctionality_Tablet_19-40-15 - [verifyingFreeDeliveryFilterFunctionality_Tablet_19-40-15] Within deliveryElements loop iterating over the products  Within validateDeliveryFilterOptions method
19:40:36 [TestNG-test-Test-3] INFO  verifyingFreeDeliveryFilterFunctionality_Tablet_19-40-15 - [verifyingFreeDeliveryFilterFunctionality_Tablet_19-40-15] Checking if the allowedDateParts have the assert text   Within validateDeliveryFilterOptions method
19:40:36 [TestNG-test-Test-3] INFO  verifyingFreeDeliveryFilterFunctionality_Tablet_19-40-15 - [verifyingFreeDeliveryFilterFunctionality_Tablet_19-40-15] Within deliveryElements loop iterating over the products  Within validateDeliveryFilterOptions method
19:40:36 [TestNG-test-Test-3] INFO  verifyingFreeDeliveryFilterFunctionality_Tablet_19-40-15 - [verifyingFreeDeliveryFilterFunctionality_Tablet_19-40-15] Checking if the allowedDateParts have the assert text   Within validateDeliveryFilterOptions method
19:40:36 [TestNG-test-Test-3] INFO  verifyingFreeDeliveryFilterFunctionality_Tablet_19-40-15 - [verifyingFreeDeliveryFilterFunctionality_Tablet_19-40-15] Within deliveryElements loop iterating over the products  Within validateDeliveryFilterOptions method
19:40:36 [TestNG-test-Test-3] INFO  verifyingFreeDeliveryFilterFunctionality_Tablet_19-40-15 - [verifyingFreeDeliveryFilterFunctionality_Tablet_19-40-15] Checking if the allowedDateParts have the assert text   Within validateDeliveryFilterOptions method
19:40:36 [TestNG-test-Test-3] INFO  verifyingFreeDeliveryFilterFunctionality_Tablet_19-40-15 - [verifyingFreeDeliveryFilterFunctionality_Tablet_19-40-15] Within deliveryElements loop iterating over the products  Within validateDeliveryFilterOptions method
19:40:36 [TestNG-test-Test-3] INFO  verifyingFreeDeliveryFilterFunctionality_Tablet_19-40-15 - [verifyingFreeDeliveryFilterFunctionality_Tablet_19-40-15] Checking if the allowedDateParts have the assert text   Within validateDeliveryFilterOptions method
19:40:36 [TestNG-test-Test-3] INFO  verifyingFreeDeliveryFilterFunctionality_Tablet_19-40-15 - [verifyingFreeDeliveryFilterFunctionality_Tablet_19-40-15] Within deliveryElements loop iterating over the products  Within validateDeliveryFilterOptions method
19:40:36 [TestNG-test-Test-3] INFO  verifyingFreeDeliveryFilterFunctionality_Tablet_19-40-15 - [verifyingFreeDeliveryFilterFunctionality_Tablet_19-40-15] Checking if the allowedDateParts have the assert text   Within validateDeliveryFilterOptions method
19:40:36 [TestNG-test-Test-3] INFO  verifyingFreeDeliveryFilterFunctionality_Tablet_19-40-15 - [verifyingFreeDeliveryFilterFunctionality_Tablet_19-40-15] Within deliveryElements loop iterating over the products  Within validateDeliveryFilterOptions method
19:40:36 [TestNG-test-Test-3] INFO  verifyingFreeDeliveryFilterFunctionality_Tablet_19-40-15 - [verifyingFreeDeliveryFilterFunctionality_Tablet_19-40-15] Checking if the allowedDateParts have the assert text   Within validateDeliveryFilterOptions method
19:40:36 [TestNG-test-Test-3] INFO  verifyingFreeDeliveryFilterFunctionality_Tablet_19-40-15 - [verifyingFreeDeliveryFilterFunctionality_Tablet_19-40-15] Within deliveryElements loop iterating over the products  Within validateDeliveryFilterOptions method
19:40:36 [TestNG-test-Test-3] INFO  verifyingFreeDeliveryFilterFunctionality_Tablet_19-40-15 - [verifyingFreeDeliveryFilterFunctionality_Tablet_19-40-15] Checking if the allowedDateParts have the assert text   Within validateDeliveryFilterOptions method
19:40:36 [TestNG-test-Test-3] INFO  verifyingFreeDeliveryFilterFunctionality_Tablet_19-40-15 - [verifyingFreeDeliveryFilterFunctionality_Tablet_19-40-15] Within deliveryElements loop iterating over the products  Within validateDeliveryFilterOptions method
19:40:36 [TestNG-test-Test-3] INFO  verifyingFreeDeliveryFilterFunctionality_Tablet_19-40-15 - [verifyingFreeDeliveryFilterFunctionality_Tablet_19-40-15] Checking if the allowedDateParts have the assert text   Within validateDeliveryFilterOptions method
19:40:36 [TestNG-test-Test-3] INFO  verifyingFreeDeliveryFilterFunctionality_Tablet_19-40-15 - [verifyingFreeDeliveryFilterFunctionality_Tablet_19-40-15] Within deliveryElements loop iterating over the products  Within validateDeliveryFilterOptions method
19:40:36 [TestNG-test-Test-3] INFO  verifyingFreeDeliveryFilterFunctionality_Tablet_19-40-15 - [verifyingFreeDeliveryFilterFunctionality_Tablet_19-40-15] Checking if the allowedDateParts have the assert text   Within validateDeliveryFilterOptions method
19:40:36 [TestNG-test-Test-3] INFO  verifyingFreeDeliveryFilterFunctionality_Tablet_19-40-15 - [verifyingFreeDeliveryFilterFunctionality_Tablet_19-40-15] Within deliveryElements loop iterating over the products  Within validateDeliveryFilterOptions method
19:40:36 [TestNG-test-Test-3] INFO  verifyingFreeDeliveryFilterFunctionality_Tablet_19-40-15 - [verifyingFreeDeliveryFilterFunctionality_Tablet_19-40-15] Checking if the allowedDateParts have the assert text   Within validateDeliveryFilterOptions method
19:40:36 [TestNG-test-Test-3] INFO  verifyingFreeDeliveryFilterFunctionality_Tablet_19-40-15 - [verifyingFreeDeliveryFilterFunctionality_Tablet_19-40-15] Within deliveryElements loop iterating over the products  Within validateDeliveryFilterOptions method
19:40:36 [TestNG-test-Test-3] INFO  verifyingFreeDeliveryFilterFunctionality_Tablet_19-40-15 - [verifyingFreeDeliveryFilterFunctionality_Tablet_19-40-15] Checking if the allowedDateParts have the assert text   Within validateDeliveryFilterOptions method
19:40:36 [TestNG-test-Test-3] INFO  verifyingFreeDeliveryFilterFunctionality_Tablet_19-40-15 - [verifyingFreeDeliveryFilterFunctionality_Tablet_19-40-15] Returning the list with boolean values   Within validateDeliveryFilterOptions method
19:40:36 [TestNG-test-Test-3] INFO  verifyingFreeDeliveryFilterFunctionality_Tablet_19-40-15 - [verifyingFreeDeliveryFilterFunctionality_Tablet_19-40-15] Asserting delivery filter: isValid=true, index=-1, text=All the things are valid no errors
