19:13:37 [TestNG-test-Test-3] INFO  verifyingGetItByTomorrowFilterFunctionality_Tablet_19-13-37 - No existing WebDriver found for current thread. Initializing a new ChromeDriver...
19:13:37 [TestNG-test-Test-3] INFO  verifyingGetItByTomorrowFilterFunctionality_Tablet_19-13-37 - WebDriverManager: chromedriver setup OK
19:13:39 [TestNG-test-Test-3] INFO  verifyingGetItByTomorrowFilterFunctionality_Tablet_19-13-37 - ChromeDriver initialized successfully for thread: 36
19:13:40 [TestNG-test-Test-3] INFO  verifyingGetItByTomorrowFilterFunctionality_Tablet_19-13-37 - [verifyingGetItByTomorrowFilterFunctionality_Tablet_19-13-37] Opening amazon Landing page
19:13:40 [TestNG-test-Test-3] INFO  verifyingGetItByTomorrowFilterFunctionality_Tablet_19-13-37 - [verifyingGetItByTomorrowFilterFunctionality_Tablet_19-13-37] Within safeFindElement method
19:13:45 [TestNG-test-Test-3] INFO  verifyingGetItByTomorrowFilterFunctionality_Tablet_19-13-37 - [verifyingGetItByTomorrowFilterFunctionality_Tablet_19-13-37]Retrying findElement for: ->By.xpath: //a[@id='nav-logo-sprites']
19:13:45 [TestNG-test-Test-3] INFO  verifyingGetItByTomorrowFilterFunctionality_Tablet_19-13-37 - [verifyingGetItByTomorrowFilterFunctionality_Tablet_19-13-37]Refrehsing the page , while trying to safely find : ->By.xpath: //a[@id='nav-logo-sprites']
19:13:50 [TestNG-test-Test-3] INFO  verifyingGetItByTomorrowFilterFunctionality_Tablet_19-13-37 - [verifyingGetItByTomorrowFilterFunctionality_Tablet_19-13-37]Retrying findElement for: ->By.xpath: //a[@id='nav-logo-sprites']
19:13:51 [TestNG-test-Test-3] INFO  verifyingGetItByTomorrowFilterFunctionality_Tablet_19-13-37 - [verifyingGetItByTomorrowFilterFunctionality_Tablet_19-13-37]Refrehsing the page , while trying to safely find : ->By.xpath: //a[@id='nav-logo-sprites']
19:13:51 [TestNG-test-Test-3] INFO  verifyingGetItByTomorrowFilterFunctionality_Tablet_19-13-37 - [verifyingGetItByTomorrowFilterFunctionality_Tablet_19-13-37] Skipping action: Element not found after 2   attemps
19:13:55 [TestNG-test-Test-3] INFO  verifyingGetItByTomorrowFilterFunctionality_Tablet_19-13-37 - [verifyingGetItByTomorrowFilterFunctionality_Tablet_19-13-37] Giving input within the search bar
19:13:55 [TestNG-test-Test-3] INFO  verifyingGetItByTomorrowFilterFunctionality_Tablet_19-13-37 - [verifyingGetItByTomorrowFilterFunctionality_Tablet_19-13-37] Within safeClick method
19:13:58 [TestNG-test-Test-3] INFO  verifyingGetItByTomorrowFilterFunctionality_Tablet_19-13-37 - [verifyingGetItByTomorrowFilterFunctionality_Tablet_19-13-37] Clicked the  [[ChromeDriver: chrome on windows (17ba2846a8e1df7fcfe8a8ebad493121)] -> xpath: //input[@id='nav-search-submit-button']]   using safeClick
19:13:58 [TestNG-test-Test-3] INFO  verifyingGetItByTomorrowFilterFunctionality_Tablet_19-13-37 - [verifyingGetItByTomorrowFilterFunctionality_Tablet_19-13-37] Clicking on the submit in the search bar
19:13:58 [TestNG-test-Test-3] INFO  verifyingGetItByTomorrowFilterFunctionality_Tablet_19-13-37 - [verifyingGetItByTomorrowFilterFunctionality_Tablet_19-13-37] Waiting until element is visible in viewport
19:13:58 [TestNG-test-Test-3] INFO  verifyingGetItByTomorrowFilterFunctionality_Tablet_19-13-37 - [verifyingGetItByTomorrowFilterFunctionality_Tablet_19-13-37] Within validateDeliveryFilterOptionsWithResult method
19:13:58 [TestNG-test-Test-3] INFO  verifyingGetItByTomorrowFilterFunctionality_Tablet_19-13-37 - [verifyingGetItByTomorrowFilterFunctionality_Tablet_19-13-37] Within safeClick method
19:14:00 [TestNG-test-Test-3] INFO  verifyingGetItByTomorrowFilterFunctionality_Tablet_19-13-37 - [verifyingGetItByTomorrowFilterFunctionality_Tablet_19-13-37] Clicked the  [[ChromeDriver: chrome on windows (17ba2846a8e1df7fcfe8a8ebad493121)] -> xpath: //span[@class='a-size-base a-color-base puis-bold-weight-text' and text()='Delivery Day']/parent::div/following-sibling::ul//span[@class='a-size-base a-color-base' and text()='Get It by Tomorrow']]   using safeClick
19:14:00 [TestNG-test-Test-3] INFO  verifyingGetItByTomorrowFilterFunctionality_Tablet_19-13-37 - [verifyingGetItByTomorrowFilterFunctionality_Tablet_19-13-37] Within getMoreButtonByFilterTypeAndName method
19:14:00 [TestNG-test-Test-3] INFO  verifyingGetItByTomorrowFilterFunctionality_Tablet_19-13-37 - [verifyingGetItByTomorrowFilterFunctionality_Tablet_19-13-37] Clicked on By.xpath: //span[@class='a-size-base a-color-base puis-bold-weight-text' and text()='Delivery Day']/parent::div/following-sibling::ul//span[@class='a-size-base a-color-base' and text()='Get It by Tomorrow']
19:14:00 [TestNG-test-Test-3] INFO  verifyingGetItByTomorrowFilterFunctionality_Tablet_19-13-37 - [verifyingGetItByTomorrowFilterFunctionality_Tablet_19-13-37] Within safeFindElements 
19:14:00 [TestNG-test-Test-3] INFO  verifyingGetItByTomorrowFilterFunctionality_Tablet_19-13-37 - [verifyingGetItByTomorrowFilterFunctionality_Tablet_19-13-37] Returning the  [[[ChromeDriver: chrome on windows (17ba2846a8e1df7fcfe8a8ebad493121)] -> xpath: //div[@class='a-section a-spacing-small a-spacing-top-small']], [[ChromeDriver: chrome on windows (17ba2846a8e1df7fcfe8a8ebad493121)] -> xpath: //div[@class='a-section a-spacing-small a-spacing-top-small']], [[ChromeDriver: chrome on windows (17ba2846a8e1df7fcfe8a8ebad493121)] -> xpath: //div[@class='a-section a-spacing-small a-spacing-top-small']], [[ChromeDriver: chrome on windows (17ba2846a8e1df7fcfe8a8ebad493121)] -> xpath: //div[@class='a-section a-spacing-small a-spacing-top-small']], [[ChromeDriver: chrome on windows (17ba2846a8e1df7fcfe8a8ebad493121)] -> xpath: //div[@class='a-section a-spacing-small a-spacing-top-small']], [[ChromeDriver: chrome on windows (17ba2846a8e1df7fcfe8a8ebad493121)] -> xpath: //div[@class='a-section a-spacing-small a-spacing-top-small']], [[ChromeDriver: chrome on windows (17ba2846a8e1df7fcfe8a8ebad493121)] -> xpath: //div[@class='a-section a-spacing-small a-spacing-top-small']], [[ChromeDriver: chrome on windows (17ba2846a8e1df7fcfe8a8ebad493121)] -> xpath: //div[@class='a-section a-spacing-small a-spacing-top-small']], [[ChromeDriver: chrome on windows (17ba2846a8e1df7fcfe8a8ebad493121)] -> xpath: //div[@class='a-section a-spacing-small a-spacing-top-small']], [[ChromeDriver: chrome on windows (17ba2846a8e1df7fcfe8a8ebad493121)] -> xpath: //div[@class='a-section a-spacing-small a-spacing-top-small']], [[ChromeDriver: chrome on windows (17ba2846a8e1df7fcfe8a8ebad493121)] -> xpath: //div[@class='a-section a-spacing-small a-spacing-top-small']], [[ChromeDriver: chrome on windows (17ba2846a8e1df7fcfe8a8ebad493121)] -> xpath: //div[@class='a-section a-spacing-small a-spacing-top-small']], [[ChromeDriver: chrome on windows (17ba2846a8e1df7fcfe8a8ebad493121)] -> xpath: //div[@class='a-section a-spacing-small a-spacing-top-small']], [[ChromeDriver: chrome on windows (17ba2846a8e1df7fcfe8a8ebad493121)] -> xpath: //div[@class='a-section a-spacing-small a-spacing-top-small']], [[ChromeDriver: chrome on windows (17ba2846a8e1df7fcfe8a8ebad493121)] -> xpath: //div[@class='a-section a-spacing-small a-spacing-top-small']], [[ChromeDriver: chrome on windows (17ba2846a8e1df7fcfe8a8ebad493121)] -> xpath: //div[@class='a-section a-spacing-small a-spacing-top-small']]] from the safeFindElements method
19:14:00 [TestNG-test-Test-3] INFO  verifyingGetItByTomorrowFilterFunctionality_Tablet_19-13-37 - [verifyingGetItByTomorrowFilterFunctionality_Tablet_19-13-37] Created hashset with required data to assert with Within validateDeliveryFilterOptions method
19:14:00 [TestNG-test-Test-3] INFO  verifyingGetItByTomorrowFilterFunctionality_Tablet_19-13-37 - [verifyingGetItByTomorrowFilterFunctionality_Tablet_19-13-37] this is the set  [11, 12, Apr, Today, FREE delivery, Sat, Sun, Tomorrow]
19:14:00 [TestNG-test-Test-3] INFO  verifyingGetItByTomorrowFilterFunctionality_Tablet_19-13-37 - [verifyingGetItByTomorrowFilterFunctionality_Tablet_19-13-37] Within deliveryElements loop iterating over the products  Within validateDeliveryFilterOptions method
19:14:00 [TestNG-test-Test-3] INFO  verifyingGetItByTomorrowFilterFunctionality_Tablet_19-13-37 - [verifyingGetItByTomorrowFilterFunctionality_Tablet_19-13-37] Checking if the allowedDateParts have the assert text   Within validateDeliveryFilterOptions method
19:14:00 [TestNG-test-Test-3] INFO  verifyingGetItByTomorrowFilterFunctionality_Tablet_19-13-37 - [verifyingGetItByTomorrowFilterFunctionality_Tablet_19-13-37] Within deliveryElements loop iterating over the products  Within validateDeliveryFilterOptions method
19:14:00 [TestNG-test-Test-3] INFO  verifyingGetItByTomorrowFilterFunctionality_Tablet_19-13-37 - [verifyingGetItByTomorrowFilterFunctionality_Tablet_19-13-37] Checking if the allowedDateParts have the assert text   Within validateDeliveryFilterOptions method
19:14:00 [TestNG-test-Test-3] INFO  verifyingGetItByTomorrowFilterFunctionality_Tablet_19-13-37 - [verifyingGetItByTomorrowFilterFunctionality_Tablet_19-13-37] Within deliveryElements loop iterating over the products  Within validateDeliveryFilterOptions method
19:14:00 [TestNG-test-Test-3] INFO  verifyingGetItByTomorrowFilterFunctionality_Tablet_19-13-37 - [verifyingGetItByTomorrowFilterFunctionality_Tablet_19-13-37] Checking if the allowedDateParts have the assert text   Within validateDeliveryFilterOptions method
19:14:00 [TestNG-test-Test-3] INFO  verifyingGetItByTomorrowFilterFunctionality_Tablet_19-13-37 - [verifyingGetItByTomorrowFilterFunctionality_Tablet_19-13-37] Within deliveryElements loop iterating over the products  Within validateDeliveryFilterOptions method
19:14:00 [TestNG-test-Test-3] INFO  verifyingGetItByTomorrowFilterFunctionality_Tablet_19-13-37 - [verifyingGetItByTomorrowFilterFunctionality_Tablet_19-13-37] Checking if the allowedDateParts have the assert text   Within validateDeliveryFilterOptions method
19:14:00 [TestNG-test-Test-3] INFO  verifyingGetItByTomorrowFilterFunctionality_Tablet_19-13-37 - [verifyingGetItByTomorrowFilterFunctionality_Tablet_19-13-37] Within deliveryElements loop iterating over the products  Within validateDeliveryFilterOptions method
19:14:00 [TestNG-test-Test-3] INFO  verifyingGetItByTomorrowFilterFunctionality_Tablet_19-13-37 - [verifyingGetItByTomorrowFilterFunctionality_Tablet_19-13-37] Checking if the allowedDateParts have the assert text   Within validateDeliveryFilterOptions method
19:14:00 [TestNG-test-Test-3] INFO  verifyingGetItByTomorrowFilterFunctionality_Tablet_19-13-37 - [verifyingGetItByTomorrowFilterFunctionality_Tablet_19-13-37] Within deliveryElements loop iterating over the products  Within validateDeliveryFilterOptions method
19:14:00 [TestNG-test-Test-3] INFO  verifyingGetItByTomorrowFilterFunctionality_Tablet_19-13-37 - [verifyingGetItByTomorrowFilterFunctionality_Tablet_19-13-37] Checking if the allowedDateParts have the assert text   Within validateDeliveryFilterOptions method
19:14:00 [TestNG-test-Test-3] INFO  verifyingGetItByTomorrowFilterFunctionality_Tablet_19-13-37 - [verifyingGetItByTomorrowFilterFunctionality_Tablet_19-13-37] Within deliveryElements loop iterating over the products  Within validateDeliveryFilterOptions method
19:14:00 [TestNG-test-Test-3] INFO  verifyingGetItByTomorrowFilterFunctionality_Tablet_19-13-37 - [verifyingGetItByTomorrowFilterFunctionality_Tablet_19-13-37] Checking if the allowedDateParts have the assert text   Within validateDeliveryFilterOptions method
19:14:00 [TestNG-test-Test-3] INFO  verifyingGetItByTomorrowFilterFunctionality_Tablet_19-13-37 - [verifyingGetItByTomorrowFilterFunctionality_Tablet_19-13-37] Within deliveryElements loop iterating over the products  Within validateDeliveryFilterOptions method
19:14:00 [TestNG-test-Test-3] INFO  verifyingGetItByTomorrowFilterFunctionality_Tablet_19-13-37 - [verifyingGetItByTomorrowFilterFunctionality_Tablet_19-13-37] Checking if the allowedDateParts have the assert text   Within validateDeliveryFilterOptions method
19:14:00 [TestNG-test-Test-3] INFO  verifyingGetItByTomorrowFilterFunctionality_Tablet_19-13-37 - [verifyingGetItByTomorrowFilterFunctionality_Tablet_19-13-37] Within deliveryElements loop iterating over the products  Within validateDeliveryFilterOptions method
19:14:00 [TestNG-test-Test-3] INFO  verifyingGetItByTomorrowFilterFunctionality_Tablet_19-13-37 - [verifyingGetItByTomorrowFilterFunctionality_Tablet_19-13-37] Checking if the allowedDateParts have the assert text   Within validateDeliveryFilterOptions method
19:14:00 [TestNG-test-Test-3] INFO  verifyingGetItByTomorrowFilterFunctionality_Tablet_19-13-37 - [verifyingGetItByTomorrowFilterFunctionality_Tablet_19-13-37] Within deliveryElements loop iterating over the products  Within validateDeliveryFilterOptions method
19:14:00 [TestNG-test-Test-3] INFO  verifyingGetItByTomorrowFilterFunctionality_Tablet_19-13-37 - [verifyingGetItByTomorrowFilterFunctionality_Tablet_19-13-37] Checking if the allowedDateParts have the assert text   Within validateDeliveryFilterOptions method
19:14:00 [TestNG-test-Test-3] INFO  verifyingGetItByTomorrowFilterFunctionality_Tablet_19-13-37 - [verifyingGetItByTomorrowFilterFunctionality_Tablet_19-13-37] Within deliveryElements loop iterating over the products  Within validateDeliveryFilterOptions method
19:14:01 [TestNG-test-Test-3] INFO  verifyingGetItByTomorrowFilterFunctionality_Tablet_19-13-37 - [verifyingGetItByTomorrowFilterFunctionality_Tablet_19-13-37] Checking if the allowedDateParts have the assert text   Within validateDeliveryFilterOptions method
19:14:01 [TestNG-test-Test-3] INFO  verifyingGetItByTomorrowFilterFunctionality_Tablet_19-13-37 - [verifyingGetItByTomorrowFilterFunctionality_Tablet_19-13-37] Within deliveryElements loop iterating over the products  Within validateDeliveryFilterOptions method
19:14:01 [TestNG-test-Test-3] INFO  verifyingGetItByTomorrowFilterFunctionality_Tablet_19-13-37 - [verifyingGetItByTomorrowFilterFunctionality_Tablet_19-13-37] Checking if the allowedDateParts have the assert text   Within validateDeliveryFilterOptions method
19:14:01 [TestNG-test-Test-3] INFO  verifyingGetItByTomorrowFilterFunctionality_Tablet_19-13-37 - [verifyingGetItByTomorrowFilterFunctionality_Tablet_19-13-37] Within deliveryElements loop iterating over the products  Within validateDeliveryFilterOptions method
19:14:01 [TestNG-test-Test-3] INFO  verifyingGetItByTomorrowFilterFunctionality_Tablet_19-13-37 - [verifyingGetItByTomorrowFilterFunctionality_Tablet_19-13-37] Checking if the allowedDateParts have the assert text   Within validateDeliveryFilterOptions method
19:14:01 [TestNG-test-Test-3] INFO  verifyingGetItByTomorrowFilterFunctionality_Tablet_19-13-37 - [verifyingGetItByTomorrowFilterFunctionality_Tablet_19-13-37] Within deliveryElements loop iterating over the products  Within validateDeliveryFilterOptions method
19:14:01 [TestNG-test-Test-3] INFO  verifyingGetItByTomorrowFilterFunctionality_Tablet_19-13-37 - [verifyingGetItByTomorrowFilterFunctionality_Tablet_19-13-37] Checking if the allowedDateParts have the assert text   Within validateDeliveryFilterOptions method
19:14:01 [TestNG-test-Test-3] INFO  verifyingGetItByTomorrowFilterFunctionality_Tablet_19-13-37 - [verifyingGetItByTomorrowFilterFunctionality_Tablet_19-13-37] Within deliveryElements loop iterating over the products  Within validateDeliveryFilterOptions method
19:14:01 [TestNG-test-Test-3] INFO  verifyingGetItByTomorrowFilterFunctionality_Tablet_19-13-37 - [verifyingGetItByTomorrowFilterFunctionality_Tablet_19-13-37] Checking if the allowedDateParts have the assert text   Within validateDeliveryFilterOptions method
19:14:01 [TestNG-test-Test-3] INFO  verifyingGetItByTomorrowFilterFunctionality_Tablet_19-13-37 - [verifyingGetItByTomorrowFilterFunctionality_Tablet_19-13-37] Within deliveryElements loop iterating over the products  Within validateDeliveryFilterOptions method
19:14:01 [TestNG-test-Test-3] INFO  verifyingGetItByTomorrowFilterFunctionality_Tablet_19-13-37 - [verifyingGetItByTomorrowFilterFunctionality_Tablet_19-13-37] Checking if the allowedDateParts have the assert text   Within validateDeliveryFilterOptions method
19:14:01 [TestNG-test-Test-3] INFO  verifyingGetItByTomorrowFilterFunctionality_Tablet_19-13-37 - [verifyingGetItByTomorrowFilterFunctionality_Tablet_19-13-37] Returning the list with boolean values   Within validateDeliveryFilterOptions method
19:14:01 [TestNG-test-Test-3] INFO  verifyingGetItByTomorrowFilterFunctionality_Tablet_19-13-37 - [verifyingGetItByTomorrowFilterFunctionality_Tablet_19-13-37] Asserting delivery filter: isValid=true, index=-1, text=All the things are valid no errors
