2025-12-06 01:46:37.179 PM [TestNG-test-Test-1] INFO  [verifyingGetItByTodayFilterFunctionality] 🔹 Starting test method: verifyingGetItByTodayFilterFunctionality
2025-12-06 01:46:37.188 PM [TestNG-test-Test-1] INFO  [verifyingGetItByTodayFilterFunctionality] No existing WebDriver found for current thread. Initializing a new ChromeDriver...
2025-12-06 01:46:37.201 PM [TestNG-test-Test-1] INFO  [verifyingGetItByTodayFilterFunctionality] WebDriverManager: chromedriver setup OK
2025-12-06 01:46:38.313 PM [TestNG-test-Test-1] INFO  [verifyingGetItByTodayFilterFunctionality] ChromeDriver initialized successfully for thread: 34
2025-12-06 01:46:38.977 PM [TestNG-test-Test-1] INFO  [verifyingGetItByTodayFilterFunctionality] [verifyingGetItByTodayFilterFunctionality] Opening amazon Landing page
2025-12-06 01:46:43.014 PM [TestNG-test-Test-1] INFO  [verifyingGetItByTodayFilterFunctionality] [verifyingGetItByTodayFilterFunctionality] Giving input within the search bar
2025-12-06 01:46:43.014 PM [TestNG-test-Test-1] INFO  [verifyingGetItByTodayFilterFunctionality] [verifyingGetItByTodayFilterFunctionality] Within safeClick method
2025-12-06 01:46:45.675 PM [TestNG-test-Test-1] INFO  [verifyingGetItByTodayFilterFunctionality] [verifyingGetItByTodayFilterFunctionality] Clicked the  [[ChromeDriver: chrome on windows (7bf2fe50ff87abbbc9d0343d1c07077c)] -> xpath: //input[@id='nav-search-submit-button']]   using safeClick
2025-12-06 01:46:45.675 PM [TestNG-test-Test-1] INFO  [verifyingGetItByTodayFilterFunctionality] [verifyingGetItByTodayFilterFunctionality] Clicking on the submit in the search bar
2025-12-06 01:46:45.864 PM [TestNG-test-Test-1] INFO  [verifyingGetItByTodayFilterFunctionality] [verifyingGetItByTodayFilterFunctionality] Waiting until element is visible in viewport
2025-12-06 01:46:56.220 PM [TestNG-test-Test-1] WARN  [verifyingGetItByTodayFilterFunctionality] [verifyingGetItByTodayFilterFunctionality]  Filter option 'Get It Today' does not exist. Skipping the test.
2025-12-06 01:46:56.223 PM [TestNG-test-Test-1] INFO  [verifyingGetItByTodayFilterFunctionality] ✅ Finished test method: verifyingGetItByTodayFilterFunctionality
2025-12-06 01:46:56.581 PM [TestNG-test-Test-1] INFO  [verifyingGetItByTodayFilterFunctionality] 🔹 Starting test method: verifyingGetItByTodayFilterFunctionality
2025-12-06 01:46:56.581 PM [TestNG-test-Test-1] INFO  [verifyingGetItByTodayFilterFunctionality] No existing WebDriver found for current thread. Initializing a new ChromeDriver...
2025-12-06 01:46:56.603 PM [TestNG-test-Test-1] INFO  [verifyingGetItByTodayFilterFunctionality] WebDriverManager: chromedriver setup OK
2025-12-06 01:46:57.545 PM [TestNG-test-Test-1] INFO  [verifyingGetItByTodayFilterFunctionality] ChromeDriver initialized successfully for thread: 34
2025-12-06 01:46:58.316 PM [TestNG-test-Test-1] INFO  [verifyingGetItByTodayFilterFunctionality] [verifyingGetItByTodayFilterFunctionality] Opening amazon Landing page
2025-12-06 01:47:01.596 PM [TestNG-test-Test-1] INFO  [verifyingGetItByTodayFilterFunctionality] [verifyingGetItByTodayFilterFunctionality] Giving input within the search bar
2025-12-06 01:47:01.596 PM [TestNG-test-Test-1] INFO  [verifyingGetItByTodayFilterFunctionality] [verifyingGetItByTodayFilterFunctionality] Within safeClick method
2025-12-06 01:47:03.660 PM [TestNG-test-Test-1] INFO  [verifyingGetItByTodayFilterFunctionality] [verifyingGetItByTodayFilterFunctionality] Clicked the  [[ChromeDriver: chrome on windows (66aac69567a6b52cb46f3437cceb3c91)] -> xpath: //input[@id='nav-search-submit-button']]   using safeClick
2025-12-06 01:47:03.660 PM [TestNG-test-Test-1] INFO  [verifyingGetItByTodayFilterFunctionality] [verifyingGetItByTodayFilterFunctionality] Clicking on the submit in the search bar
2025-12-06 01:47:03.820 PM [TestNG-test-Test-1] INFO  [verifyingGetItByTodayFilterFunctionality] [verifyingGetItByTodayFilterFunctionality] Waiting until element is visible in viewport
2025-12-06 01:47:14.122 PM [TestNG-test-Test-1] WARN  [verifyingGetItByTodayFilterFunctionality] [verifyingGetItByTodayFilterFunctionality]  Filter option 'Get It Today' does not exist. Skipping the test.
2025-12-06 01:47:14.123 PM [TestNG-test-Test-1] INFO  [verifyingGetItByTodayFilterFunctionality] ✅ Finished test method: verifyingGetItByTodayFilterFunctionality
2025-12-06 01:47:14.372 PM [TestNG-test-Test-1] INFO  [verifyingGetItByTodayFilterFunctionality] 🔹 Starting test method: verifyingGetItByTodayFilterFunctionality
2025-12-06 01:47:14.372 PM [TestNG-test-Test-1] INFO  [verifyingGetItByTodayFilterFunctionality] No existing WebDriver found for current thread. Initializing a new ChromeDriver...
2025-12-06 01:47:14.388 PM [TestNG-test-Test-1] INFO  [verifyingGetItByTodayFilterFunctionality] WebDriverManager: chromedriver setup OK
2025-12-06 01:47:15.801 PM [TestNG-test-Test-1] INFO  [verifyingGetItByTodayFilterFunctionality] ChromeDriver initialized successfully for thread: 34
2025-12-06 01:47:16.460 PM [TestNG-test-Test-1] INFO  [verifyingGetItByTodayFilterFunctionality] [verifyingGetItByTodayFilterFunctionality] Opening amazon Landing page
2025-12-06 01:47:21.901 PM [TestNG-test-Test-1] INFO  [verifyingGetItByTodayFilterFunctionality] [verifyingGetItByTodayFilterFunctionality] Giving input within the search bar
2025-12-06 01:47:21.902 PM [TestNG-test-Test-1] INFO  [verifyingGetItByTodayFilterFunctionality] [verifyingGetItByTodayFilterFunctionality] Within safeClick method
2025-12-06 01:47:23.688 PM [TestNG-test-Test-1] INFO  [verifyingGetItByTodayFilterFunctionality] [verifyingGetItByTodayFilterFunctionality] Clicked the  [[ChromeDriver: chrome on windows (30f9048601127eb93f2f1f771c644816)] -> xpath: //input[@id='nav-search-submit-button']]   using safeClick
2025-12-06 01:47:23.689 PM [TestNG-test-Test-1] INFO  [verifyingGetItByTodayFilterFunctionality] [verifyingGetItByTodayFilterFunctionality] Clicking on the submit in the search bar
2025-12-06 01:47:23.817 PM [TestNG-test-Test-1] INFO  [verifyingGetItByTodayFilterFunctionality] [verifyingGetItByTodayFilterFunctionality] Waiting until element is visible in viewport
2025-12-06 01:47:34.129 PM [TestNG-test-Test-1] WARN  [verifyingGetItByTodayFilterFunctionality] [verifyingGetItByTodayFilterFunctionality]  Filter option 'Get It Today' does not exist. Skipping the test.
2025-12-06 01:47:34.131 PM [TestNG-test-Test-1] INFO  [verifyingGetItByTodayFilterFunctionality] ✅ Finished test method: verifyingGetItByTodayFilterFunctionality
