2025-10-27 06:57:29.044 PM [TestNG-test-Test-2] INFO  [verifyingDisplaySizeFilterFunctionality] 🔹 Starting test method: verifyingDisplaySizeFilterFunctionality
2025-10-27 06:57:31.611 PM [TestNG-test-Test-2] INFO  [verifyingDisplaySizeFilterFunctionality] [verifyingDisplaySizeFilterFunctionality] Opening amazon Landing page
2025-10-27 06:57:36.093 PM [TestNG-test-Test-2] INFO  [verifyingDisplaySizeFilterFunctionality] [verifyingDisplaySizeFilterFunctionality] Capturing screenshot: search bar error capture__2025-10-27_185736.png
2025-10-27 06:57:36.331 PM [TestNG-test-Test-2] INFO  [verifyingDisplaySizeFilterFunctionality] [verifyingDisplaySizeFilterFunctionality] Screenshot saved at: test-output/screenshots/Run_2025-10-27_17-55-50/verifyingDisplaySizeFilterFunctionality/search bar error capture__2025-10-27_185736.png
2025-10-27 06:57:36.534 PM [TestNG-test-Test-2] INFO  [verifyingDisplaySizeFilterFunctionality] [verifyingDisplaySizeFilterFunctionality] Giving input within the search bar
2025-10-27 06:57:36.535 PM [TestNG-test-Test-2] INFO  [verifyingDisplaySizeFilterFunctionality] [verifyingDisplaySizeFilterFunctionality] Within safeClick method
2025-10-27 06:57:39.888 PM [TestNG-test-Test-2] INFO  [verifyingDisplaySizeFilterFunctionality] [verifyingDisplaySizeFilterFunctionality] Clicked the  [[ChromeDriver: chrome on windows (27252ea0313018c070aa7d81db6905ed)] -> xpath: //input[@id='nav-search-submit-button']]   using safeClick
2025-10-27 06:57:39.889 PM [TestNG-test-Test-2] INFO  [verifyingDisplaySizeFilterFunctionality] [verifyingDisplaySizeFilterFunctionality] Clicking on the submit in the search bar
2025-10-27 06:57:40.020 PM [TestNG-test-Test-2] INFO  [verifyingDisplaySizeFilterFunctionality] [verifyingDisplaySizeFilterFunctionality] Within filterCheckUnderList method
2025-10-27 06:57:40.127 PM [TestNG-test-Test-2] INFO  [verifyingDisplaySizeFilterFunctionality] [verifyingDisplaySizeFilterFunctionality] Found the Filter within the filter check List
2025-10-27 06:57:40.127 PM [TestNG-test-Test-2] INFO  [verifyingDisplaySizeFilterFunctionality] [verifyingDisplaySizeFilterFunctionality] Within applyFilterAndValidateProductsWithResult method
2025-10-27 06:57:40.127 PM [TestNG-test-Test-2] INFO  [verifyingDisplaySizeFilterFunctionality] [verifyingDisplaySizeFilterFunctionality] Within safeFindElements 
2025-10-27 06:57:40.138 PM [TestNG-test-Test-2] INFO  [verifyingDisplaySizeFilterFunctionality] [verifyingDisplaySizeFilterFunctionality] Returning the  [[[ChromeDriver: chrome on windows (27252ea0313018c070aa7d81db6905ed)] -> xpath: //ul[@id='filter-p_n_g-1004194492091']//span[@class='a-size-base a-color-base']], [[ChromeDriver: chrome on windows (27252ea0313018c070aa7d81db6905ed)] -> xpath: //ul[@id='filter-p_n_g-1004194492091']//span[@class='a-size-base a-color-base']], [[ChromeDriver: chrome on windows (27252ea0313018c070aa7d81db6905ed)] -> xpath: //ul[@id='filter-p_n_g-1004194492091']//span[@class='a-size-base a-color-base']]] from the safeFindElements method
2025-10-27 06:57:40.138 PM [TestNG-test-Test-2] INFO  [verifyingDisplaySizeFilterFunctionality] [verifyingDisplaySizeFilterFunctionality] Within printFilterNamesOnly method
2025-10-27 06:57:40.138 PM [TestNG-test-Test-2] INFO  [verifyingDisplaySizeFilterFunctionality] [verifyingDisplaySizeFilterFunctionality] Within safeFindElements 
2025-10-27 06:57:40.144 PM [TestNG-test-Test-2] INFO  [verifyingDisplaySizeFilterFunctionality] [verifyingDisplaySizeFilterFunctionality] Returning the  [[[ChromeDriver: chrome on windows (27252ea0313018c070aa7d81db6905ed)] -> xpath: //ul[@id='filter-p_n_g-1004194492091']//span[@class='a-size-base a-color-base']], [[ChromeDriver: chrome on windows (27252ea0313018c070aa7d81db6905ed)] -> xpath: //ul[@id='filter-p_n_g-1004194492091']//span[@class='a-size-base a-color-base']], [[ChromeDriver: chrome on windows (27252ea0313018c070aa7d81db6905ed)] -> xpath: //ul[@id='filter-p_n_g-1004194492091']//span[@class='a-size-base a-color-base']]] from the safeFindElements method
2025-10-27 06:57:40.174 PM [TestNG-test-Test-2] INFO  [verifyingDisplaySizeFilterFunctionality] [verifyingDisplaySizeFilterFunctionality] Within applyFilterAndValidateProductsWithResult filterOptions size is -> 3
2025-10-27 06:57:40.174 PM [TestNG-test-Test-2] INFO  [verifyingDisplaySizeFilterFunctionality] [verifyingDisplaySizeFilterFunctionality] Within filterOptions loop in applyFilterAndValidateProductsWithResult
2025-10-27 06:57:40.174 PM [TestNG-test-Test-2] INFO  [verifyingDisplaySizeFilterFunctionality] [verifyingDisplaySizeFilterFunctionality] Within safeFindElements 
2025-10-27 06:57:40.181 PM [TestNG-test-Test-2] INFO  [verifyingDisplaySizeFilterFunctionality] [verifyingDisplaySizeFilterFunctionality] Returning the  [[[ChromeDriver: chrome on windows (27252ea0313018c070aa7d81db6905ed)] -> xpath: //ul[@id='filter-p_n_g-1004194492091']//span[@class='a-size-base a-color-base']], [[ChromeDriver: chrome on windows (27252ea0313018c070aa7d81db6905ed)] -> xpath: //ul[@id='filter-p_n_g-1004194492091']//span[@class='a-size-base a-color-base']], [[ChromeDriver: chrome on windows (27252ea0313018c070aa7d81db6905ed)] -> xpath: //ul[@id='filter-p_n_g-1004194492091']//span[@class='a-size-base a-color-base']]] from the safeFindElements method
2025-10-27 06:57:40.193 PM [TestNG-test-Test-2] INFO  [verifyingDisplaySizeFilterFunctionality] [verifyingDisplaySizeFilterFunctionality] Within getfilterByTypeAndName method
2025-10-27 06:57:40.194 PM [TestNG-test-Test-2] INFO  [verifyingDisplaySizeFilterFunctionality] [verifyingDisplaySizeFilterFunctionality] Within safeClickBooleanWithScreenShot method
2025-10-27 06:57:40.194 PM [TestNG-test-Test-2] INFO  [verifyingDisplaySizeFilterFunctionality] [verifyingDisplaySizeFilterFunctionality] Within getAppliedfilterByTypeAndName method
2025-10-27 06:57:40.194 PM [TestNG-test-Test-2] INFO  [verifyingDisplaySizeFilterFunctionality] [verifyingDisplaySizeFilterFunctionality] Within smoothScrollToElement method
2025-10-27 06:57:40.194 PM [TestNG-test-Test-2] INFO  [verifyingDisplaySizeFilterFunctionality] [verifyingDisplaySizeFilterFunctionality] Within safeFindElement method
2025-10-27 06:57:50.389 PM [TestNG-test-Test-2] INFO  [verifyingDisplaySizeFilterFunctionality] [verifyingDisplaySizeFilterFunctionality]Retrying findElement for: ->By.xpath: //ul[@id='filter-p_n_feature_six_browse-bin']
2025-10-27 06:57:50.641 PM [TestNG-test-Test-2] INFO  [verifyingDisplaySizeFilterFunctionality] [verifyingDisplaySizeFilterFunctionality]Refrehsing the page , while trying to safely find : ->By.xpath: //ul[@id='filter-p_n_feature_six_browse-bin']
2025-10-27 06:58:01.927 PM [TestNG-test-Test-2] INFO  [verifyingDisplaySizeFilterFunctionality] [verifyingDisplaySizeFilterFunctionality]Retrying findElement for: ->By.xpath: //ul[@id='filter-p_n_feature_six_browse-bin']
2025-10-27 06:58:02.172 PM [TestNG-test-Test-2] INFO  [verifyingDisplaySizeFilterFunctionality] [verifyingDisplaySizeFilterFunctionality]Refrehsing the page , while trying to safely find : ->By.xpath: //ul[@id='filter-p_n_feature_six_browse-bin']
2025-10-27 06:58:03.184 PM [TestNG-test-Test-2] INFO  [verifyingDisplaySizeFilterFunctionality] [verifyingDisplaySizeFilterFunctionality] Skipping action: Element not found after 2   attemps
2025-10-27 06:58:03.184 PM [TestNG-test-Test-2] WARN  [verifyingDisplaySizeFilterFunctionality] [verifyingDisplaySizeFilterFunctionality] Element not found for locator: By.xpath: //ul[@id='filter-p_n_feature_six_browse-bin']
2025-10-27 06:58:13.409 PM [TestNG-test-Test-2] INFO  [verifyingDisplaySizeFilterFunctionality] [verifyingDisplaySizeFilterFunctionality] Cannot click the button, element ->By.xpath: //ul[@id='filter-p_n_g-1004194492091']//span[@class='a-size-base a-color-base' and text()='Up to 3.9 in']
2025-10-27 06:58:14.626 PM [TestNG-test-Test-2] INFO  [verifyingDisplaySizeFilterFunctionality] [verifyingDisplaySizeFilterFunctionality] Cannot apply filter taking failed screenshot for ->Up to 3.9 in
2025-10-27 06:58:14.626 PM [TestNG-test-Test-2] INFO  [verifyingDisplaySizeFilterFunctionality] [verifyingDisplaySizeFilterFunctionality] Within getAppliedfilterByTypeAndName method
2025-10-27 06:58:14.626 PM [TestNG-test-Test-2] INFO  [verifyingDisplaySizeFilterFunctionality] [verifyingDisplaySizeFilterFunctionality] Within smoothScrollToElement method
2025-10-27 06:58:14.626 PM [TestNG-test-Test-2] INFO  [verifyingDisplaySizeFilterFunctionality] [verifyingDisplaySizeFilterFunctionality] Within safeFindElement method
2025-10-27 06:58:24.861 PM [TestNG-test-Test-2] INFO  [verifyingDisplaySizeFilterFunctionality] [verifyingDisplaySizeFilterFunctionality]Retrying findElement for: ->By.xpath: //ul[@id='filter-p_n_feature_six_browse-bin']
2025-10-27 06:58:25.077 PM [TestNG-test-Test-2] INFO  [verifyingDisplaySizeFilterFunctionality] [verifyingDisplaySizeFilterFunctionality]Refrehsing the page , while trying to safely find : ->By.xpath: //ul[@id='filter-p_n_feature_six_browse-bin']
2025-10-27 06:58:36.374 PM [TestNG-test-Test-2] INFO  [verifyingDisplaySizeFilterFunctionality] [verifyingDisplaySizeFilterFunctionality]Retrying findElement for: ->By.xpath: //ul[@id='filter-p_n_feature_six_browse-bin']
2025-10-27 06:58:36.612 PM [TestNG-test-Test-2] INFO  [verifyingDisplaySizeFilterFunctionality] [verifyingDisplaySizeFilterFunctionality]Refrehsing the page , while trying to safely find : ->By.xpath: //ul[@id='filter-p_n_feature_six_browse-bin']
2025-10-27 06:58:37.625 PM [TestNG-test-Test-2] INFO  [verifyingDisplaySizeFilterFunctionality] [verifyingDisplaySizeFilterFunctionality] Skipping action: Element not found after 2   attemps
2025-10-27 06:58:37.625 PM [TestNG-test-Test-2] WARN  [verifyingDisplaySizeFilterFunctionality] [verifyingDisplaySizeFilterFunctionality] Element not found for locator: By.xpath: //ul[@id='filter-p_n_feature_six_browse-bin']
2025-10-27 06:58:40.628 PM [TestNG-test-Test-2] INFO  [verifyingDisplaySizeFilterFunctionality] [verifyingDisplaySizeFilterFunctionality] Capturing screenshot: failed filter apply screenshot-  Filter Applied is Up to 3.9 in__2025-10-27_185840.png
2025-10-27 06:58:40.678 PM [TestNG-test-Test-2] INFO  [verifyingDisplaySizeFilterFunctionality] [verifyingDisplaySizeFilterFunctionality] Screenshot saved at: test-output/screenshots/Run_2025-10-27_17-55-50/verifyingDisplaySizeFilterFunctionality/failed filter apply screenshot-  Filter Applied is Up to 3.9 in__2025-10-27_185840.png
2025-10-27 06:58:40.678 PM [TestNG-test-Test-2] INFO  [verifyingDisplaySizeFilterFunctionality] [verifyingDisplaySizeFilterFunctionality] Refrshing the page , while trying to click ->By.xpath: //ul[@id='filter-p_n_g-1004194492091']//span[@class='a-size-base a-color-base' and text()='Up to 3.9 in']
2025-10-27 06:58:41.679 PM [TestNG-test-Test-2] INFO  [verifyingDisplaySizeFilterFunctionality] [verifyingDisplaySizeFilterFunctionality]Skipping click action: Element not clickable after1   attempts
2025-10-27 06:58:41.679 PM [TestNG-test-Test-2] INFO  [verifyingDisplaySizeFilterFunctionality] [verifyingDisplaySizeFilterFunctionality] Within filterOptions loop in applyFilterAndValidateProductsWithResult
2025-10-27 06:58:41.679 PM [TestNG-test-Test-2] INFO  [verifyingDisplaySizeFilterFunctionality] [verifyingDisplaySizeFilterFunctionality] Within safeFindElements 
2025-10-27 06:58:51.904 PM [TestNG-test-Test-2] INFO  [verifyingDisplaySizeFilterFunctionality] [verifyingDisplaySizeFilterFunctionality] Retrying findElements for:By.xpath: //ul[@id='filter-p_n_g-1004194492091']//span[@class='a-size-base a-color-base']
2025-10-27 06:58:52.364 PM [TestNG-test-Test-2] INFO  [verifyingDisplaySizeFilterFunctionality] [verifyingDisplaySizeFilterFunctionality] Refreshing the page while trying to find :By.xpath: //ul[@id='filter-p_n_g-1004194492091']//span[@class='a-size-base a-color-base']
2025-10-27 06:59:03.581 PM [TestNG-test-Test-2] INFO  [verifyingDisplaySizeFilterFunctionality] [verifyingDisplaySizeFilterFunctionality] Retrying findElements for:By.xpath: //ul[@id='filter-p_n_g-1004194492091']//span[@class='a-size-base a-color-base']
2025-10-27 06:59:04.012 PM [TestNG-test-Test-2] INFO  [verifyingDisplaySizeFilterFunctionality] [verifyingDisplaySizeFilterFunctionality] Refreshing the page while trying to find :By.xpath: //ul[@id='filter-p_n_g-1004194492091']//span[@class='a-size-base a-color-base']
2025-10-27 06:59:05.015 PM [TestNG-test-Test-2] INFO  [verifyingDisplaySizeFilterFunctionality] [verifyingDisplaySizeFilterFunctionality] Skipping action Elements not found after2  Attempts
2025-10-27 06:59:05.018 PM [TestNG-test-Test-2] INFO  [verifyingDisplaySizeFilterFunctionality] ✅ Finished test method: verifyingDisplaySizeFilterFunctionality
2025-10-27 06:59:05.245 PM [TestNG-test-Test-2] INFO  [verifyingDisplaySizeFilterFunctionality] 🔹 Starting test method: verifyingDisplaySizeFilterFunctionality
2025-10-27 06:59:07.681 PM [TestNG-test-Test-2] INFO  [verifyingDisplaySizeFilterFunctionality] [verifyingDisplaySizeFilterFunctionality] Opening amazon Landing page
2025-10-27 06:59:11.200 PM [TestNG-test-Test-2] INFO  [verifyingDisplaySizeFilterFunctionality] [verifyingDisplaySizeFilterFunctionality] Capturing screenshot: search bar error capture__2025-10-27_185911.png
2025-10-27 06:59:11.350 PM [TestNG-test-Test-2] INFO  [verifyingDisplaySizeFilterFunctionality] [verifyingDisplaySizeFilterFunctionality] Screenshot saved at: test-output/screenshots/Run_2025-10-27_17-55-50/verifyingDisplaySizeFilterFunctionality/search bar error capture__2025-10-27_185911.png
2025-10-27 06:59:11.647 PM [TestNG-test-Test-2] INFO  [verifyingDisplaySizeFilterFunctionality] [verifyingDisplaySizeFilterFunctionality] Giving input within the search bar
2025-10-27 06:59:11.647 PM [TestNG-test-Test-2] INFO  [verifyingDisplaySizeFilterFunctionality] [verifyingDisplaySizeFilterFunctionality] Within safeClick method
2025-10-27 06:59:12.510 PM [TestNG-test-Test-2] INFO  [verifyingDisplaySizeFilterFunctionality] [verifyingDisplaySizeFilterFunctionality] Clicked the  [[ChromeDriver: chrome on windows (8bbc07291f9630dac80ed66d6e30c3fd)] -> xpath: //input[@id='nav-search-submit-button']]   using safeClick
2025-10-27 06:59:12.510 PM [TestNG-test-Test-2] INFO  [verifyingDisplaySizeFilterFunctionality] [verifyingDisplaySizeFilterFunctionality] Clicking on the submit in the search bar
2025-10-27 06:59:12.759 PM [TestNG-test-Test-2] INFO  [verifyingDisplaySizeFilterFunctionality] [verifyingDisplaySizeFilterFunctionality] Within filterCheckUnderList method
2025-10-27 06:59:12.769 PM [TestNG-test-Test-2] INFO  [verifyingDisplaySizeFilterFunctionality] [verifyingDisplaySizeFilterFunctionality] Filter option does not exist within the filter check List
2025-10-27 06:59:12.769 PM [TestNG-test-Test-2] WARN  [verifyingDisplaySizeFilterFunctionality] [verifyingDisplaySizeFilterFunctionality]  Filter option 'Display Size' does not exist in the list. Skipping the test.
2025-10-27 06:59:12.772 PM [TestNG-test-Test-2] INFO  [verifyingDisplaySizeFilterFunctionality] ✅ Finished test method: verifyingDisplaySizeFilterFunctionality
