19:41:02 [TestNG-test-Test-3] INFO  verifyingGetItByTodayFilterFunctionality_Laptop_19-41-02 - No existing WebDriver found for current thread. Initializing a new ChromeDriver...
19:41:02 [TestNG-test-Test-3] INFO  verifyingGetItByTodayFilterFunctionality_Laptop_19-41-02 - WebDriverManager: chromedriver setup OK
19:41:04 [TestNG-test-Test-3] INFO  verifyingGetItByTodayFilterFunctionality_Laptop_19-41-02 - ChromeDriver initialized successfully for thread: 36
19:41:04 [TestNG-test-Test-3] INFO  verifyingGetItByTodayFilterFunctionality_Laptop_19-41-02 - [verifyingGetItByTodayFilterFunctionality_Laptop_19-41-02] Opening amazon Landing page
19:41:05 [TestNG-test-Test-3] INFO  verifyingGetItByTodayFilterFunctionality_Laptop_19-41-02 - [verifyingGetItByTodayFilterFunctionality_Laptop_19-41-02] Within safeFindElement method
19:41:10 [TestNG-test-Test-3] INFO  verifyingGetItByTodayFilterFunctionality_Laptop_19-41-02 - [verifyingGetItByTodayFilterFunctionality_Laptop_19-41-02]Retrying findElement for: ->By.xpath: //a[@id='nav-logo-sprites']
19:41:10 [TestNG-test-Test-3] INFO  verifyingGetItByTodayFilterFunctionality_Laptop_19-41-02 - [verifyingGetItByTodayFilterFunctionality_Laptop_19-41-02]Refrehsing the page , while trying to safely find : ->By.xpath: //a[@id='nav-logo-sprites']
19:41:16 [TestNG-test-Test-3] INFO  verifyingGetItByTodayFilterFunctionality_Laptop_19-41-02 - [verifyingGetItByTodayFilterFunctionality_Laptop_19-41-02]Retrying findElement for: ->By.xpath: //a[@id='nav-logo-sprites']
19:41:17 [TestNG-test-Test-3] INFO  verifyingGetItByTodayFilterFunctionality_Laptop_19-41-02 - [verifyingGetItByTodayFilterFunctionality_Laptop_19-41-02]Refrehsing the page , while trying to safely find : ->By.xpath: //a[@id='nav-logo-sprites']
19:41:17 [TestNG-test-Test-3] INFO  verifyingGetItByTodayFilterFunctionality_Laptop_19-41-02 - [verifyingGetItByTodayFilterFunctionality_Laptop_19-41-02] Skipping action: Element not found after 2   attemps
19:41:25 [TestNG-test-Test-3] INFO  verifyingGetItByTodayFilterFunctionality_Laptop_19-41-02 - [verifyingGetItByTodayFilterFunctionality_Laptop_19-41-02] Giving input within the search bar
19:41:25 [TestNG-test-Test-3] INFO  verifyingGetItByTodayFilterFunctionality_Laptop_19-41-02 - [verifyingGetItByTodayFilterFunctionality_Laptop_19-41-02] Within safeClick method
19:41:27 [TestNG-test-Test-3] INFO  verifyingGetItByTodayFilterFunctionality_Laptop_19-41-02 - [verifyingGetItByTodayFilterFunctionality_Laptop_19-41-02] Clicked the  [[ChromeDriver: chrome on windows (bc1fd50e266557495eb7b972a9dbd088)] -> xpath: //input[@id='nav-search-submit-button']]   using safeClick
19:41:27 [TestNG-test-Test-3] INFO  verifyingGetItByTodayFilterFunctionality_Laptop_19-41-02 - [verifyingGetItByTodayFilterFunctionality_Laptop_19-41-02] Clicking on the submit in the search bar
19:41:28 [TestNG-test-Test-3] INFO  verifyingGetItByTodayFilterFunctionality_Laptop_19-41-02 - [verifyingGetItByTodayFilterFunctionality_Laptop_19-41-02] Waiting until element is visible in viewport
19:41:28 [TestNG-test-Test-3] INFO  verifyingGetItByTodayFilterFunctionality_Laptop_19-41-02 - [verifyingGetItByTodayFilterFunctionality_Laptop_19-41-02] Within validateDeliveryFilterOptionsWithResult method
19:41:28 [TestNG-test-Test-3] INFO  verifyingGetItByTodayFilterFunctionality_Laptop_19-41-02 - [verifyingGetItByTodayFilterFunctionality_Laptop_19-41-02] Within safeClick method
19:41:28 [TestNG-test-Test-3] INFO  verifyingGetItByTodayFilterFunctionality_Laptop_19-41-02 - [verifyingGetItByTodayFilterFunctionality_Laptop_19-41-02] Clicked the  [[ChromeDriver: chrome on windows (bc1fd50e266557495eb7b972a9dbd088)] -> xpath: //span[@class='a-size-base a-color-base puis-bold-weight-text' and text()='Delivery Day']/parent::div/following-sibling::ul//span[@class='a-size-base a-color-base' and text()='Get It Today']]   using safeClick
19:41:28 [TestNG-test-Test-3] INFO  verifyingGetItByTodayFilterFunctionality_Laptop_19-41-02 - [verifyingGetItByTodayFilterFunctionality_Laptop_19-41-02] Within getMoreButtonByFilterTypeAndName method
19:41:28 [TestNG-test-Test-3] INFO  verifyingGetItByTodayFilterFunctionality_Laptop_19-41-02 - [verifyingGetItByTodayFilterFunctionality_Laptop_19-41-02] Clicked on By.xpath: //span[@class='a-size-base a-color-base puis-bold-weight-text' and text()='Delivery Day']/parent::div/following-sibling::ul//span[@class='a-size-base a-color-base' and text()='Get It Today']
19:41:28 [TestNG-test-Test-3] INFO  verifyingGetItByTodayFilterFunctionality_Laptop_19-41-02 - [verifyingGetItByTodayFilterFunctionality_Laptop_19-41-02] Within safeFindElements 
19:41:29 [TestNG-test-Test-3] INFO  verifyingGetItByTodayFilterFunctionality_Laptop_19-41-02 - [verifyingGetItByTodayFilterFunctionality_Laptop_19-41-02] Returning the  [[[ChromeDriver: chrome on windows (bc1fd50e266557495eb7b972a9dbd088)] -> xpath: //div[@class='a-section a-spacing-small a-spacing-top-small']], [[ChromeDriver: chrome on windows (bc1fd50e266557495eb7b972a9dbd088)] -> xpath: //div[@class='a-section a-spacing-small a-spacing-top-small']], [[ChromeDriver: chrome on windows (bc1fd50e266557495eb7b972a9dbd088)] -> xpath: //div[@class='a-section a-spacing-small a-spacing-top-small']], [[ChromeDriver: chrome on windows (bc1fd50e266557495eb7b972a9dbd088)] -> xpath: //div[@class='a-section a-spacing-small a-spacing-top-small']], [[ChromeDriver: chrome on windows (bc1fd50e266557495eb7b972a9dbd088)] -> xpath: //div[@class='a-section a-spacing-small a-spacing-top-small']], [[ChromeDriver: chrome on windows (bc1fd50e266557495eb7b972a9dbd088)] -> xpath: //div[@class='a-section a-spacing-small a-spacing-top-small']], [[ChromeDriver: chrome on windows (bc1fd50e266557495eb7b972a9dbd088)] -> xpath: //div[@class='a-section a-spacing-small a-spacing-top-small']], [[ChromeDriver: chrome on windows (bc1fd50e266557495eb7b972a9dbd088)] -> xpath: //div[@class='a-section a-spacing-small a-spacing-top-small']], [[ChromeDriver: chrome on windows (bc1fd50e266557495eb7b972a9dbd088)] -> xpath: //div[@class='a-section a-spacing-small a-spacing-top-small']], [[ChromeDriver: chrome on windows (bc1fd50e266557495eb7b972a9dbd088)] -> xpath: //div[@class='a-section a-spacing-small a-spacing-top-small']], [[ChromeDriver: chrome on windows (bc1fd50e266557495eb7b972a9dbd088)] -> xpath: //div[@class='a-section a-spacing-small a-spacing-top-small']], [[ChromeDriver: chrome on windows (bc1fd50e266557495eb7b972a9dbd088)] -> xpath: //div[@class='a-section a-spacing-small a-spacing-top-small']], [[ChromeDriver: chrome on windows (bc1fd50e266557495eb7b972a9dbd088)] -> xpath: //div[@class='a-section a-spacing-small a-spacing-top-small']], [[ChromeDriver: chrome on windows (bc1fd50e266557495eb7b972a9dbd088)] -> xpath: //div[@class='a-section a-spacing-small a-spacing-top-small']], [[ChromeDriver: chrome on windows (bc1fd50e266557495eb7b972a9dbd088)] -> xpath: //div[@class='a-section a-spacing-small a-spacing-top-small']], [[ChromeDriver: chrome on windows (bc1fd50e266557495eb7b972a9dbd088)] -> xpath: //div[@class='a-section a-spacing-small a-spacing-top-small']]] from the safeFindElements method
19:41:29 [TestNG-test-Test-3] INFO  verifyingGetItByTodayFilterFunctionality_Laptop_19-41-02 - [verifyingGetItByTodayFilterFunctionality_Laptop_19-41-02] Created hashset with required data to assert with Within validateDeliveryFilterOptions method
19:41:29 [TestNG-test-Test-3] INFO  verifyingGetItByTodayFilterFunctionality_Laptop_19-41-02 - [verifyingGetItByTodayFilterFunctionality_Laptop_19-41-02] this is the set  [Jun, Today, FREE delivery, 06, Sat, 07, Sun, Tomorrow]
19:41:29 [TestNG-test-Test-3] INFO  verifyingGetItByTodayFilterFunctionality_Laptop_19-41-02 - [verifyingGetItByTodayFilterFunctionality_Laptop_19-41-02] Within deliveryElements loop iterating over the products  Within validateDeliveryFilterOptions method
19:41:29 [TestNG-test-Test-3] INFO  verifyingGetItByTodayFilterFunctionality_Laptop_19-41-02 - [verifyingGetItByTodayFilterFunctionality_Laptop_19-41-02] Checking if the allowedDateParts have the assert text   Within validateDeliveryFilterOptions method
19:41:29 [TestNG-test-Test-3] INFO  verifyingGetItByTodayFilterFunctionality_Laptop_19-41-02 - [verifyingGetItByTodayFilterFunctionality_Laptop_19-41-02] Within deliveryElements loop iterating over the products  Within validateDeliveryFilterOptions method
19:41:29 [TestNG-test-Test-3] INFO  verifyingGetItByTodayFilterFunctionality_Laptop_19-41-02 - [verifyingGetItByTodayFilterFunctionality_Laptop_19-41-02] Checking if the allowedDateParts have the assert text   Within validateDeliveryFilterOptions method
19:41:29 [TestNG-test-Test-3] INFO  verifyingGetItByTodayFilterFunctionality_Laptop_19-41-02 - [verifyingGetItByTodayFilterFunctionality_Laptop_19-41-02] Within deliveryElements loop iterating over the products  Within validateDeliveryFilterOptions method
19:41:29 [TestNG-test-Test-3] INFO  verifyingGetItByTodayFilterFunctionality_Laptop_19-41-02 - [verifyingGetItByTodayFilterFunctionality_Laptop_19-41-02] Checking if the allowedDateParts have the assert text   Within validateDeliveryFilterOptions method
19:41:29 [TestNG-test-Test-3] INFO  verifyingGetItByTodayFilterFunctionality_Laptop_19-41-02 - [verifyingGetItByTodayFilterFunctionality_Laptop_19-41-02] Within deliveryElements loop iterating over the products  Within validateDeliveryFilterOptions method
19:41:29 [TestNG-test-Test-3] INFO  verifyingGetItByTodayFilterFunctionality_Laptop_19-41-02 - [verifyingGetItByTodayFilterFunctionality_Laptop_19-41-02] Checking if the allowedDateParts have the assert text   Within validateDeliveryFilterOptions method
19:41:29 [TestNG-test-Test-3] INFO  verifyingGetItByTodayFilterFunctionality_Laptop_19-41-02 - [verifyingGetItByTodayFilterFunctionality_Laptop_19-41-02] Within deliveryElements loop iterating over the products  Within validateDeliveryFilterOptions method
19:41:29 [TestNG-test-Test-3] INFO  verifyingGetItByTodayFilterFunctionality_Laptop_19-41-02 - [verifyingGetItByTodayFilterFunctionality_Laptop_19-41-02] Checking if the allowedDateParts have the assert text   Within validateDeliveryFilterOptions method
19:41:29 [TestNG-test-Test-3] INFO  verifyingGetItByTodayFilterFunctionality_Laptop_19-41-02 - [verifyingGetItByTodayFilterFunctionality_Laptop_19-41-02] Within deliveryElements loop iterating over the products  Within validateDeliveryFilterOptions method
19:41:29 [TestNG-test-Test-3] INFO  verifyingGetItByTodayFilterFunctionality_Laptop_19-41-02 - [verifyingGetItByTodayFilterFunctionality_Laptop_19-41-02] Checking if the allowedDateParts have the assert text   Within validateDeliveryFilterOptions method
19:41:29 [TestNG-test-Test-3] INFO  verifyingGetItByTodayFilterFunctionality_Laptop_19-41-02 - [verifyingGetItByTodayFilterFunctionality_Laptop_19-41-02] Within deliveryElements loop iterating over the products  Within validateDeliveryFilterOptions method
19:41:29 [TestNG-test-Test-3] INFO  verifyingGetItByTodayFilterFunctionality_Laptop_19-41-02 - [verifyingGetItByTodayFilterFunctionality_Laptop_19-41-02] Checking if the allowedDateParts have the assert text   Within validateDeliveryFilterOptions method
19:41:29 [TestNG-test-Test-3] INFO  verifyingGetItByTodayFilterFunctionality_Laptop_19-41-02 - [verifyingGetItByTodayFilterFunctionality_Laptop_19-41-02] Within deliveryElements loop iterating over the products  Within validateDeliveryFilterOptions method
19:41:29 [TestNG-test-Test-3] INFO  verifyingGetItByTodayFilterFunctionality_Laptop_19-41-02 - [verifyingGetItByTodayFilterFunctionality_Laptop_19-41-02] Checking if the allowedDateParts have the assert text   Within validateDeliveryFilterOptions method
19:41:29 [TestNG-test-Test-3] INFO  verifyingGetItByTodayFilterFunctionality_Laptop_19-41-02 - [verifyingGetItByTodayFilterFunctionality_Laptop_19-41-02] Within deliveryElements loop iterating over the products  Within validateDeliveryFilterOptions method
19:41:29 [TestNG-test-Test-3] INFO  verifyingGetItByTodayFilterFunctionality_Laptop_19-41-02 - [verifyingGetItByTodayFilterFunctionality_Laptop_19-41-02] Checking if the allowedDateParts have the assert text   Within validateDeliveryFilterOptions method
19:41:29 [TestNG-test-Test-3] INFO  verifyingGetItByTodayFilterFunctionality_Laptop_19-41-02 - [verifyingGetItByTodayFilterFunctionality_Laptop_19-41-02] Within deliveryElements loop iterating over the products  Within validateDeliveryFilterOptions method
19:41:29 [TestNG-test-Test-3] INFO  verifyingGetItByTodayFilterFunctionality_Laptop_19-41-02 - [verifyingGetItByTodayFilterFunctionality_Laptop_19-41-02] Checking if the allowedDateParts have the assert text   Within validateDeliveryFilterOptions method
19:41:29 [TestNG-test-Test-3] INFO  verifyingGetItByTodayFilterFunctionality_Laptop_19-41-02 - [verifyingGetItByTodayFilterFunctionality_Laptop_19-41-02] Within deliveryElements loop iterating over the products  Within validateDeliveryFilterOptions method
19:41:29 [TestNG-test-Test-3] INFO  verifyingGetItByTodayFilterFunctionality_Laptop_19-41-02 - [verifyingGetItByTodayFilterFunctionality_Laptop_19-41-02] Checking if the allowedDateParts have the assert text   Within validateDeliveryFilterOptions method
19:41:29 [TestNG-test-Test-3] INFO  verifyingGetItByTodayFilterFunctionality_Laptop_19-41-02 - [verifyingGetItByTodayFilterFunctionality_Laptop_19-41-02] Within deliveryElements loop iterating over the products  Within validateDeliveryFilterOptions method
19:41:30 [TestNG-test-Test-3] INFO  verifyingGetItByTodayFilterFunctionality_Laptop_19-41-02 - [verifyingGetItByTodayFilterFunctionality_Laptop_19-41-02] Checking if the allowedDateParts have the assert text   Within validateDeliveryFilterOptions method
19:41:30 [TestNG-test-Test-3] INFO  verifyingGetItByTodayFilterFunctionality_Laptop_19-41-02 - [verifyingGetItByTodayFilterFunctionality_Laptop_19-41-02] Within deliveryElements loop iterating over the products  Within validateDeliveryFilterOptions method
19:41:30 [TestNG-test-Test-3] INFO  verifyingGetItByTodayFilterFunctionality_Laptop_19-41-02 - [verifyingGetItByTodayFilterFunctionality_Laptop_19-41-02] Checking if the allowedDateParts have the assert text   Within validateDeliveryFilterOptions method
19:41:30 [TestNG-test-Test-3] INFO  verifyingGetItByTodayFilterFunctionality_Laptop_19-41-02 - [verifyingGetItByTodayFilterFunctionality_Laptop_19-41-02] Within deliveryElements loop iterating over the products  Within validateDeliveryFilterOptions method
19:41:30 [TestNG-test-Test-3] INFO  verifyingGetItByTodayFilterFunctionality_Laptop_19-41-02 - [verifyingGetItByTodayFilterFunctionality_Laptop_19-41-02] Checking if the allowedDateParts have the assert text   Within validateDeliveryFilterOptions method
19:41:30 [TestNG-test-Test-3] INFO  verifyingGetItByTodayFilterFunctionality_Laptop_19-41-02 - [verifyingGetItByTodayFilterFunctionality_Laptop_19-41-02] Within deliveryElements loop iterating over the products  Within validateDeliveryFilterOptions method
19:41:30 [TestNG-test-Test-3] INFO  verifyingGetItByTodayFilterFunctionality_Laptop_19-41-02 - [verifyingGetItByTodayFilterFunctionality_Laptop_19-41-02] Checking if the allowedDateParts have the assert text   Within validateDeliveryFilterOptions method
19:41:30 [TestNG-test-Test-3] INFO  verifyingGetItByTodayFilterFunctionality_Laptop_19-41-02 - [verifyingGetItByTodayFilterFunctionality_Laptop_19-41-02] Within deliveryElements loop iterating over the products  Within validateDeliveryFilterOptions method
19:41:30 [TestNG-test-Test-3] INFO  verifyingGetItByTodayFilterFunctionality_Laptop_19-41-02 - [verifyingGetItByTodayFilterFunctionality_Laptop_19-41-02] Checking if the allowedDateParts have the assert text   Within validateDeliveryFilterOptions method
19:41:30 [TestNG-test-Test-3] INFO  verifyingGetItByTodayFilterFunctionality_Laptop_19-41-02 - [verifyingGetItByTodayFilterFunctionality_Laptop_19-41-02] Returning the list with boolean values   Within validateDeliveryFilterOptions method
19:41:30 [TestNG-test-Test-3] INFO  verifyingGetItByTodayFilterFunctionality_Laptop_19-41-02 - [verifyingGetItByTodayFilterFunctionality_Laptop_19-41-02] Asserting delivery filter: isValid=true, index=-1, text=All the things are valid no errors
