19:06:00 [TestNG-test-Test-3] INFO  verifyingGetItIn2DaysFilterFunctionality_Laptop_19-06-00 - No existing WebDriver found for current thread. Initializing a new ChromeDriver...
19:06:00 [TestNG-test-Test-3] INFO  verifyingGetItIn2DaysFilterFunctionality_Laptop_19-06-00 - WebDriverManager: chromedriver setup OK
19:06:02 [TestNG-test-Test-3] INFO  verifyingGetItIn2DaysFilterFunctionality_Laptop_19-06-00 - ChromeDriver initialized successfully for thread: 36
19:06:03 [TestNG-test-Test-3] INFO  verifyingGetItIn2DaysFilterFunctionality_Laptop_19-06-00 - [verifyingGetItIn2DaysFilterFunctionality_Laptop_19-06-00] Opening amazon Landing page
19:06:03 [TestNG-test-Test-3] INFO  verifyingGetItIn2DaysFilterFunctionality_Laptop_19-06-00 - [verifyingGetItIn2DaysFilterFunctionality_Laptop_19-06-00] Within safeFindElement method
19:06:08 [TestNG-test-Test-3] INFO  verifyingGetItIn2DaysFilterFunctionality_Laptop_19-06-00 - [verifyingGetItIn2DaysFilterFunctionality_Laptop_19-06-00]Retrying findElement for: ->By.xpath: //a[@id='nav-logo-sprites']
19:06:08 [TestNG-test-Test-3] INFO  verifyingGetItIn2DaysFilterFunctionality_Laptop_19-06-00 - [verifyingGetItIn2DaysFilterFunctionality_Laptop_19-06-00]Refrehsing the page , while trying to safely find : ->By.xpath: //a[@id='nav-logo-sprites']
19:06:14 [TestNG-test-Test-3] INFO  verifyingGetItIn2DaysFilterFunctionality_Laptop_19-06-00 - [verifyingGetItIn2DaysFilterFunctionality_Laptop_19-06-00]Retrying findElement for: ->By.xpath: //a[@id='nav-logo-sprites']
19:06:14 [TestNG-test-Test-3] INFO  verifyingGetItIn2DaysFilterFunctionality_Laptop_19-06-00 - [verifyingGetItIn2DaysFilterFunctionality_Laptop_19-06-00]Refrehsing the page , while trying to safely find : ->By.xpath: //a[@id='nav-logo-sprites']
19:06:14 [TestNG-test-Test-3] INFO  verifyingGetItIn2DaysFilterFunctionality_Laptop_19-06-00 - [verifyingGetItIn2DaysFilterFunctionality_Laptop_19-06-00] Skipping action: Element not found after 2   attemps
19:06:21 [TestNG-test-Test-3] INFO  verifyingGetItIn2DaysFilterFunctionality_Laptop_19-06-00 - [verifyingGetItIn2DaysFilterFunctionality_Laptop_19-06-00] Giving input within the search bar
19:06:21 [TestNG-test-Test-3] INFO  verifyingGetItIn2DaysFilterFunctionality_Laptop_19-06-00 - [verifyingGetItIn2DaysFilterFunctionality_Laptop_19-06-00] Within safeClick method
19:06:24 [TestNG-test-Test-3] INFO  verifyingGetItIn2DaysFilterFunctionality_Laptop_19-06-00 - [verifyingGetItIn2DaysFilterFunctionality_Laptop_19-06-00] Clicked the  [[ChromeDriver: chrome on windows (a4d12ba8eaad99925135792d31317069)] -> xpath: //input[@id='nav-search-submit-button']]   using safeClick
19:06:24 [TestNG-test-Test-3] INFO  verifyingGetItIn2DaysFilterFunctionality_Laptop_19-06-00 - [verifyingGetItIn2DaysFilterFunctionality_Laptop_19-06-00] Clicking on the submit in the search bar
19:06:24 [TestNG-test-Test-3] INFO  verifyingGetItIn2DaysFilterFunctionality_Laptop_19-06-00 - [verifyingGetItIn2DaysFilterFunctionality_Laptop_19-06-00] Waiting until element is visible in viewport
19:06:24 [TestNG-test-Test-3] INFO  verifyingGetItIn2DaysFilterFunctionality_Laptop_19-06-00 - [verifyingGetItIn2DaysFilterFunctionality_Laptop_19-06-00] Within validateDeliveryFilterOptionsWithResult method
19:06:24 [TestNG-test-Test-3] INFO  verifyingGetItIn2DaysFilterFunctionality_Laptop_19-06-00 - [verifyingGetItIn2DaysFilterFunctionality_Laptop_19-06-00] Within safeClick method
19:06:25 [TestNG-test-Test-3] INFO  verifyingGetItIn2DaysFilterFunctionality_Laptop_19-06-00 - [verifyingGetItIn2DaysFilterFunctionality_Laptop_19-06-00] Clicked the  [[ChromeDriver: chrome on windows (a4d12ba8eaad99925135792d31317069)] -> xpath: //span[@class='a-size-base a-color-base puis-bold-weight-text' and text()='Delivery Day']/parent::div/following-sibling::ul//span[@class='a-size-base a-color-base' and text()='Get It in 2 Days']]   using safeClick
19:06:25 [TestNG-test-Test-3] INFO  verifyingGetItIn2DaysFilterFunctionality_Laptop_19-06-00 - [verifyingGetItIn2DaysFilterFunctionality_Laptop_19-06-00] Within getMoreButtonByFilterTypeAndName method
19:06:25 [TestNG-test-Test-3] INFO  verifyingGetItIn2DaysFilterFunctionality_Laptop_19-06-00 - [verifyingGetItIn2DaysFilterFunctionality_Laptop_19-06-00] Clicked on By.xpath: //span[@class='a-size-base a-color-base puis-bold-weight-text' and text()='Delivery Day']/parent::div/following-sibling::ul//span[@class='a-size-base a-color-base' and text()='Get It in 2 Days']
19:06:25 [TestNG-test-Test-3] INFO  verifyingGetItIn2DaysFilterFunctionality_Laptop_19-06-00 - [verifyingGetItIn2DaysFilterFunctionality_Laptop_19-06-00] Within safeFindElements 
19:06:26 [TestNG-test-Test-3] INFO  verifyingGetItIn2DaysFilterFunctionality_Laptop_19-06-00 - [verifyingGetItIn2DaysFilterFunctionality_Laptop_19-06-00] Returning the  [[[ChromeDriver: chrome on windows (a4d12ba8eaad99925135792d31317069)] -> xpath: //div[@class='a-section a-spacing-small a-spacing-top-small']], [[ChromeDriver: chrome on windows (a4d12ba8eaad99925135792d31317069)] -> xpath: //div[@class='a-section a-spacing-small a-spacing-top-small']], [[ChromeDriver: chrome on windows (a4d12ba8eaad99925135792d31317069)] -> xpath: //div[@class='a-section a-spacing-small a-spacing-top-small']], [[ChromeDriver: chrome on windows (a4d12ba8eaad99925135792d31317069)] -> xpath: //div[@class='a-section a-spacing-small a-spacing-top-small']], [[ChromeDriver: chrome on windows (a4d12ba8eaad99925135792d31317069)] -> xpath: //div[@class='a-section a-spacing-small a-spacing-top-small']], [[ChromeDriver: chrome on windows (a4d12ba8eaad99925135792d31317069)] -> xpath: //div[@class='a-section a-spacing-small a-spacing-top-small']], [[ChromeDriver: chrome on windows (a4d12ba8eaad99925135792d31317069)] -> xpath: //div[@class='a-section a-spacing-small a-spacing-top-small']], [[ChromeDriver: chrome on windows (a4d12ba8eaad99925135792d31317069)] -> xpath: //div[@class='a-section a-spacing-small a-spacing-top-small']], [[ChromeDriver: chrome on windows (a4d12ba8eaad99925135792d31317069)] -> xpath: //div[@class='a-section a-spacing-small a-spacing-top-small']], [[ChromeDriver: chrome on windows (a4d12ba8eaad99925135792d31317069)] -> xpath: //div[@class='a-section a-spacing-small a-spacing-top-small']], [[ChromeDriver: chrome on windows (a4d12ba8eaad99925135792d31317069)] -> xpath: //div[@class='a-section a-spacing-small a-spacing-top-small']], [[ChromeDriver: chrome on windows (a4d12ba8eaad99925135792d31317069)] -> xpath: //div[@class='a-section a-spacing-small a-spacing-top-small']], [[ChromeDriver: chrome on windows (a4d12ba8eaad99925135792d31317069)] -> xpath: //div[@class='a-section a-spacing-small a-spacing-top-small']], [[ChromeDriver: chrome on windows (a4d12ba8eaad99925135792d31317069)] -> xpath: //div[@class='a-section a-spacing-small a-spacing-top-small']], [[ChromeDriver: chrome on windows (a4d12ba8eaad99925135792d31317069)] -> xpath: //div[@class='a-section a-spacing-small a-spacing-top-small']], [[ChromeDriver: chrome on windows (a4d12ba8eaad99925135792d31317069)] -> xpath: //div[@class='a-section a-spacing-small a-spacing-top-small']]] from the safeFindElements method
19:06:26 [TestNG-test-Test-3] INFO  verifyingGetItIn2DaysFilterFunctionality_Laptop_19-06-00 - [verifyingGetItIn2DaysFilterFunctionality_Laptop_19-06-00] Created hashset with required data to assert with Within validateDeliveryFilterOptions method
19:06:26 [TestNG-test-Test-3] INFO  verifyingGetItIn2DaysFilterFunctionality_Laptop_19-06-00 - [verifyingGetItIn2DaysFilterFunctionality_Laptop_19-06-00] this is the set  [Thu, Jun, Today, 03, 04, FREE delivery, Wed, Tomorrow]
19:06:26 [TestNG-test-Test-3] INFO  verifyingGetItIn2DaysFilterFunctionality_Laptop_19-06-00 - [verifyingGetItIn2DaysFilterFunctionality_Laptop_19-06-00] Within deliveryElements loop iterating over the products  Within validateDeliveryFilterOptions method
19:06:26 [TestNG-test-Test-3] INFO  verifyingGetItIn2DaysFilterFunctionality_Laptop_19-06-00 - [verifyingGetItIn2DaysFilterFunctionality_Laptop_19-06-00] Checking if the allowedDateParts have the assert text   Within validateDeliveryFilterOptions method
19:06:26 [TestNG-test-Test-3] INFO  verifyingGetItIn2DaysFilterFunctionality_Laptop_19-06-00 - [verifyingGetItIn2DaysFilterFunctionality_Laptop_19-06-00] Within deliveryElements loop iterating over the products  Within validateDeliveryFilterOptions method
19:06:26 [TestNG-test-Test-3] INFO  verifyingGetItIn2DaysFilterFunctionality_Laptop_19-06-00 - [verifyingGetItIn2DaysFilterFunctionality_Laptop_19-06-00] Checking if the allowedDateParts have the assert text   Within validateDeliveryFilterOptions method
19:06:26 [TestNG-test-Test-3] INFO  verifyingGetItIn2DaysFilterFunctionality_Laptop_19-06-00 - [verifyingGetItIn2DaysFilterFunctionality_Laptop_19-06-00] Within deliveryElements loop iterating over the products  Within validateDeliveryFilterOptions method
19:06:26 [TestNG-test-Test-3] INFO  verifyingGetItIn2DaysFilterFunctionality_Laptop_19-06-00 - [verifyingGetItIn2DaysFilterFunctionality_Laptop_19-06-00] Checking if the allowedDateParts have the assert text   Within validateDeliveryFilterOptions method
19:06:26 [TestNG-test-Test-3] INFO  verifyingGetItIn2DaysFilterFunctionality_Laptop_19-06-00 - [verifyingGetItIn2DaysFilterFunctionality_Laptop_19-06-00] Within deliveryElements loop iterating over the products  Within validateDeliveryFilterOptions method
19:06:26 [TestNG-test-Test-3] INFO  verifyingGetItIn2DaysFilterFunctionality_Laptop_19-06-00 - [verifyingGetItIn2DaysFilterFunctionality_Laptop_19-06-00] Checking if the allowedDateParts have the assert text   Within validateDeliveryFilterOptions method
19:06:26 [TestNG-test-Test-3] INFO  verifyingGetItIn2DaysFilterFunctionality_Laptop_19-06-00 - [verifyingGetItIn2DaysFilterFunctionality_Laptop_19-06-00] Within deliveryElements loop iterating over the products  Within validateDeliveryFilterOptions method
19:06:26 [TestNG-test-Test-3] INFO  verifyingGetItIn2DaysFilterFunctionality_Laptop_19-06-00 - [verifyingGetItIn2DaysFilterFunctionality_Laptop_19-06-00] Checking if the allowedDateParts have the assert text   Within validateDeliveryFilterOptions method
19:06:26 [TestNG-test-Test-3] INFO  verifyingGetItIn2DaysFilterFunctionality_Laptop_19-06-00 - [verifyingGetItIn2DaysFilterFunctionality_Laptop_19-06-00] Within deliveryElements loop iterating over the products  Within validateDeliveryFilterOptions method
19:06:26 [TestNG-test-Test-3] INFO  verifyingGetItIn2DaysFilterFunctionality_Laptop_19-06-00 - [verifyingGetItIn2DaysFilterFunctionality_Laptop_19-06-00] Checking if the allowedDateParts have the assert text   Within validateDeliveryFilterOptions method
19:06:26 [TestNG-test-Test-3] INFO  verifyingGetItIn2DaysFilterFunctionality_Laptop_19-06-00 - [verifyingGetItIn2DaysFilterFunctionality_Laptop_19-06-00] Within deliveryElements loop iterating over the products  Within validateDeliveryFilterOptions method
19:06:26 [TestNG-test-Test-3] INFO  verifyingGetItIn2DaysFilterFunctionality_Laptop_19-06-00 - [verifyingGetItIn2DaysFilterFunctionality_Laptop_19-06-00] Checking if the allowedDateParts have the assert text   Within validateDeliveryFilterOptions method
19:06:26 [TestNG-test-Test-3] INFO  verifyingGetItIn2DaysFilterFunctionality_Laptop_19-06-00 - [verifyingGetItIn2DaysFilterFunctionality_Laptop_19-06-00] Within deliveryElements loop iterating over the products  Within validateDeliveryFilterOptions method
19:06:26 [TestNG-test-Test-3] INFO  verifyingGetItIn2DaysFilterFunctionality_Laptop_19-06-00 - [verifyingGetItIn2DaysFilterFunctionality_Laptop_19-06-00] Checking if the allowedDateParts have the assert text   Within validateDeliveryFilterOptions method
19:06:26 [TestNG-test-Test-3] INFO  verifyingGetItIn2DaysFilterFunctionality_Laptop_19-06-00 - [verifyingGetItIn2DaysFilterFunctionality_Laptop_19-06-00] Within deliveryElements loop iterating over the products  Within validateDeliveryFilterOptions method
19:06:26 [TestNG-test-Test-3] INFO  verifyingGetItIn2DaysFilterFunctionality_Laptop_19-06-00 - [verifyingGetItIn2DaysFilterFunctionality_Laptop_19-06-00] Checking if the allowedDateParts have the assert text   Within validateDeliveryFilterOptions method
19:06:26 [TestNG-test-Test-3] INFO  verifyingGetItIn2DaysFilterFunctionality_Laptop_19-06-00 - [verifyingGetItIn2DaysFilterFunctionality_Laptop_19-06-00] Within deliveryElements loop iterating over the products  Within validateDeliveryFilterOptions method
19:06:26 [TestNG-test-Test-3] INFO  verifyingGetItIn2DaysFilterFunctionality_Laptop_19-06-00 - [verifyingGetItIn2DaysFilterFunctionality_Laptop_19-06-00] Checking if the allowedDateParts have the assert text   Within validateDeliveryFilterOptions method
19:06:26 [TestNG-test-Test-3] INFO  verifyingGetItIn2DaysFilterFunctionality_Laptop_19-06-00 - [verifyingGetItIn2DaysFilterFunctionality_Laptop_19-06-00] Within deliveryElements loop iterating over the products  Within validateDeliveryFilterOptions method
19:06:26 [TestNG-test-Test-3] INFO  verifyingGetItIn2DaysFilterFunctionality_Laptop_19-06-00 - [verifyingGetItIn2DaysFilterFunctionality_Laptop_19-06-00] Checking if the allowedDateParts have the assert text   Within validateDeliveryFilterOptions method
19:06:26 [TestNG-test-Test-3] INFO  verifyingGetItIn2DaysFilterFunctionality_Laptop_19-06-00 - [verifyingGetItIn2DaysFilterFunctionality_Laptop_19-06-00] Within deliveryElements loop iterating over the products  Within validateDeliveryFilterOptions method
19:06:26 [TestNG-test-Test-3] INFO  verifyingGetItIn2DaysFilterFunctionality_Laptop_19-06-00 - [verifyingGetItIn2DaysFilterFunctionality_Laptop_19-06-00] Checking if the allowedDateParts have the assert text   Within validateDeliveryFilterOptions method
19:06:26 [TestNG-test-Test-3] INFO  verifyingGetItIn2DaysFilterFunctionality_Laptop_19-06-00 - [verifyingGetItIn2DaysFilterFunctionality_Laptop_19-06-00] Within deliveryElements loop iterating over the products  Within validateDeliveryFilterOptions method
19:06:26 [TestNG-test-Test-3] INFO  verifyingGetItIn2DaysFilterFunctionality_Laptop_19-06-00 - [verifyingGetItIn2DaysFilterFunctionality_Laptop_19-06-00] Checking if the allowedDateParts have the assert text   Within validateDeliveryFilterOptions method
19:06:26 [TestNG-test-Test-3] INFO  verifyingGetItIn2DaysFilterFunctionality_Laptop_19-06-00 - [verifyingGetItIn2DaysFilterFunctionality_Laptop_19-06-00] Within deliveryElements loop iterating over the products  Within validateDeliveryFilterOptions method
19:06:26 [TestNG-test-Test-3] INFO  verifyingGetItIn2DaysFilterFunctionality_Laptop_19-06-00 - [verifyingGetItIn2DaysFilterFunctionality_Laptop_19-06-00] Checking if the allowedDateParts have the assert text   Within validateDeliveryFilterOptions method
19:06:26 [TestNG-test-Test-3] INFO  verifyingGetItIn2DaysFilterFunctionality_Laptop_19-06-00 - [verifyingGetItIn2DaysFilterFunctionality_Laptop_19-06-00] Within deliveryElements loop iterating over the products  Within validateDeliveryFilterOptions method
19:06:26 [TestNG-test-Test-3] INFO  verifyingGetItIn2DaysFilterFunctionality_Laptop_19-06-00 - [verifyingGetItIn2DaysFilterFunctionality_Laptop_19-06-00] Checking if the allowedDateParts have the assert text   Within validateDeliveryFilterOptions method
19:06:26 [TestNG-test-Test-3] INFO  verifyingGetItIn2DaysFilterFunctionality_Laptop_19-06-00 - [verifyingGetItIn2DaysFilterFunctionality_Laptop_19-06-00] Within deliveryElements loop iterating over the products  Within validateDeliveryFilterOptions method
19:06:26 [TestNG-test-Test-3] INFO  verifyingGetItIn2DaysFilterFunctionality_Laptop_19-06-00 - [verifyingGetItIn2DaysFilterFunctionality_Laptop_19-06-00] Checking if the allowedDateParts have the assert text   Within validateDeliveryFilterOptions method
19:06:26 [TestNG-test-Test-3] INFO  verifyingGetItIn2DaysFilterFunctionality_Laptop_19-06-00 - [verifyingGetItIn2DaysFilterFunctionality_Laptop_19-06-00] Returning the list with boolean values   Within validateDeliveryFilterOptions method
19:06:26 [TestNG-test-Test-3] INFO  verifyingGetItIn2DaysFilterFunctionality_Laptop_19-06-00 - [verifyingGetItIn2DaysFilterFunctionality_Laptop_19-06-00] Asserting delivery filter: isValid=true, index=-1, text=All the things are valid no errors
