10:27:13 [TestNG-test-Test-3] INFO  verifyingGetItByTodayFilterFunctionality_Tablet_10-27-13 - No existing WebDriver found for current thread. Initializing a new ChromeDriver...
10:27:13 [TestNG-test-Test-3] INFO  verifyingGetItByTodayFilterFunctionality_Tablet_10-27-13 - WebDriverManager: chromedriver setup OK
10:27:15 [TestNG-test-Test-3] INFO  verifyingGetItByTodayFilterFunctionality_Tablet_10-27-13 - ChromeDriver initialized successfully for thread: 36
10:27:15 [TestNG-test-Test-3] INFO  verifyingGetItByTodayFilterFunctionality_Tablet_10-27-13 - [verifyingGetItByTodayFilterFunctionality_Tablet_10-27-13] Opening amazon Landing page
10:27:15 [TestNG-test-Test-3] INFO  verifyingGetItByTodayFilterFunctionality_Tablet_10-27-13 - [verifyingGetItByTodayFilterFunctionality_Tablet_10-27-13] Within safeFindElement method
10:27:18 [TestNG-test-Test-3] INFO  verifyingGetItByTodayFilterFunctionality_Tablet_10-27-13 - [verifyingGetItByTodayFilterFunctionality_Tablet_10-27-13]Found the element returning it ,element ->[[ChromeDriver: chrome on windows (8c825a3620388b3e67fa7f96a3f7e91a)] -> xpath: //a[@id='nav-logo-sprites']]
10:27:19 [TestNG-test-Test-3] INFO  verifyingGetItByTodayFilterFunctionality_Tablet_10-27-13 - [verifyingGetItByTodayFilterFunctionality_Tablet_10-27-13] Giving input within the search bar
10:27:19 [TestNG-test-Test-3] INFO  verifyingGetItByTodayFilterFunctionality_Tablet_10-27-13 - [verifyingGetItByTodayFilterFunctionality_Tablet_10-27-13] Within safeClick method
10:27:21 [TestNG-test-Test-3] INFO  verifyingGetItByTodayFilterFunctionality_Tablet_10-27-13 - [verifyingGetItByTodayFilterFunctionality_Tablet_10-27-13] Clicked the  [[ChromeDriver: chrome on windows (8c825a3620388b3e67fa7f96a3f7e91a)] -> xpath: //input[@id='nav-search-submit-button']]   using safeClick
10:27:21 [TestNG-test-Test-3] INFO  verifyingGetItByTodayFilterFunctionality_Tablet_10-27-13 - [verifyingGetItByTodayFilterFunctionality_Tablet_10-27-13] Clicking on the submit in the search bar
10:27:21 [TestNG-test-Test-3] INFO  verifyingGetItByTodayFilterFunctionality_Tablet_10-27-13 - [verifyingGetItByTodayFilterFunctionality_Tablet_10-27-13] Waiting until element is visible in viewport
10:27:21 [TestNG-test-Test-3] INFO  verifyingGetItByTodayFilterFunctionality_Tablet_10-27-13 - [verifyingGetItByTodayFilterFunctionality_Tablet_10-27-13] Within validateDeliveryFilterOptionsWithResult method
10:27:21 [TestNG-test-Test-3] INFO  verifyingGetItByTodayFilterFunctionality_Tablet_10-27-13 - [verifyingGetItByTodayFilterFunctionality_Tablet_10-27-13] Within safeClick method
10:27:23 [TestNG-test-Test-3] INFO  verifyingGetItByTodayFilterFunctionality_Tablet_10-27-13 - [verifyingGetItByTodayFilterFunctionality_Tablet_10-27-13] Clicked the  [[ChromeDriver: chrome on windows (8c825a3620388b3e67fa7f96a3f7e91a)] -> xpath: //span[@class='a-size-base a-color-base puis-bold-weight-text' and text()='Delivery Day']/parent::div/following-sibling::ul//span[@class='a-size-base a-color-base' and text()='Get It Today']]   using safeClick
10:27:23 [TestNG-test-Test-3] INFO  verifyingGetItByTodayFilterFunctionality_Tablet_10-27-13 - [verifyingGetItByTodayFilterFunctionality_Tablet_10-27-13] Within getMoreButtonByFilterTypeAndName method
10:27:23 [TestNG-test-Test-3] INFO  verifyingGetItByTodayFilterFunctionality_Tablet_10-27-13 - [verifyingGetItByTodayFilterFunctionality_Tablet_10-27-13] Clicked on By.xpath: //span[@class='a-size-base a-color-base puis-bold-weight-text' and text()='Delivery Day']/parent::div/following-sibling::ul//span[@class='a-size-base a-color-base' and text()='Get It Today']
10:27:23 [TestNG-test-Test-3] INFO  verifyingGetItByTodayFilterFunctionality_Tablet_10-27-13 - [verifyingGetItByTodayFilterFunctionality_Tablet_10-27-13] Within safeFindElements 
10:27:23 [TestNG-test-Test-3] INFO  verifyingGetItByTodayFilterFunctionality_Tablet_10-27-13 - [verifyingGetItByTodayFilterFunctionality_Tablet_10-27-13] Returning the  [[[ChromeDriver: chrome on windows (8c825a3620388b3e67fa7f96a3f7e91a)] -> xpath: //div[@class='a-section a-spacing-small a-spacing-top-small']], [[ChromeDriver: chrome on windows (8c825a3620388b3e67fa7f96a3f7e91a)] -> xpath: //div[@class='a-section a-spacing-small a-spacing-top-small']], [[ChromeDriver: chrome on windows (8c825a3620388b3e67fa7f96a3f7e91a)] -> xpath: //div[@class='a-section a-spacing-small a-spacing-top-small']], [[ChromeDriver: chrome on windows (8c825a3620388b3e67fa7f96a3f7e91a)] -> xpath: //div[@class='a-section a-spacing-small a-spacing-top-small']], [[ChromeDriver: chrome on windows (8c825a3620388b3e67fa7f96a3f7e91a)] -> xpath: //div[@class='a-section a-spacing-small a-spacing-top-small']], [[ChromeDriver: chrome on windows (8c825a3620388b3e67fa7f96a3f7e91a)] -> xpath: //div[@class='a-section a-spacing-small a-spacing-top-small']], [[ChromeDriver: chrome on windows (8c825a3620388b3e67fa7f96a3f7e91a)] -> xpath: //div[@class='a-section a-spacing-small a-spacing-top-small']], [[ChromeDriver: chrome on windows (8c825a3620388b3e67fa7f96a3f7e91a)] -> xpath: //div[@class='a-section a-spacing-small a-spacing-top-small']], [[ChromeDriver: chrome on windows (8c825a3620388b3e67fa7f96a3f7e91a)] -> xpath: //div[@class='a-section a-spacing-small a-spacing-top-small']], [[ChromeDriver: chrome on windows (8c825a3620388b3e67fa7f96a3f7e91a)] -> xpath: //div[@class='a-section a-spacing-small a-spacing-top-small']], [[ChromeDriver: chrome on windows (8c825a3620388b3e67fa7f96a3f7e91a)] -> xpath: //div[@class='a-section a-spacing-small a-spacing-top-small']], [[ChromeDriver: chrome on windows (8c825a3620388b3e67fa7f96a3f7e91a)] -> xpath: //div[@class='a-section a-spacing-small a-spacing-top-small']], [[ChromeDriver: chrome on windows (8c825a3620388b3e67fa7f96a3f7e91a)] -> xpath: //div[@class='a-section a-spacing-small a-spacing-top-small']], [[ChromeDriver: chrome on windows (8c825a3620388b3e67fa7f96a3f7e91a)] -> xpath: //div[@class='a-section a-spacing-small a-spacing-top-small']], [[ChromeDriver: chrome on windows (8c825a3620388b3e67fa7f96a3f7e91a)] -> xpath: //div[@class='a-section a-spacing-small a-spacing-top-small']], [[ChromeDriver: chrome on windows (8c825a3620388b3e67fa7f96a3f7e91a)] -> xpath: //div[@class='a-section a-spacing-small a-spacing-top-small']]] from the safeFindElements method
10:27:23 [TestNG-test-Test-3] INFO  verifyingGetItByTodayFilterFunctionality_Tablet_10-27-13 - [verifyingGetItByTodayFilterFunctionality_Tablet_10-27-13] Created hashset with required data to assert with Within validateDeliveryFilterOptions method
10:27:23 [TestNG-test-Test-3] INFO  verifyingGetItByTodayFilterFunctionality_Tablet_10-27-13 - [verifyingGetItByTodayFilterFunctionality_Tablet_10-27-13] this is the set  [Apr, Today, 05, FREE delivery, 06, Sun, Mon, Tomorrow]
10:27:23 [TestNG-test-Test-3] INFO  verifyingGetItByTodayFilterFunctionality_Tablet_10-27-13 - [verifyingGetItByTodayFilterFunctionality_Tablet_10-27-13] Within deliveryElements loop iterating over the products  Within validateDeliveryFilterOptions method
10:27:23 [TestNG-test-Test-3] INFO  verifyingGetItByTodayFilterFunctionality_Tablet_10-27-13 - [verifyingGetItByTodayFilterFunctionality_Tablet_10-27-13] Checking if the allowedDateParts have the assert text   Within validateDeliveryFilterOptions method
10:27:23 [TestNG-test-Test-3] INFO  verifyingGetItByTodayFilterFunctionality_Tablet_10-27-13 - [verifyingGetItByTodayFilterFunctionality_Tablet_10-27-13] Within deliveryElements loop iterating over the products  Within validateDeliveryFilterOptions method
10:27:23 [TestNG-test-Test-3] INFO  verifyingGetItByTodayFilterFunctionality_Tablet_10-27-13 - [verifyingGetItByTodayFilterFunctionality_Tablet_10-27-13] Checking if the allowedDateParts have the assert text   Within validateDeliveryFilterOptions method
10:27:23 [TestNG-test-Test-3] INFO  verifyingGetItByTodayFilterFunctionality_Tablet_10-27-13 - [verifyingGetItByTodayFilterFunctionality_Tablet_10-27-13] Within deliveryElements loop iterating over the products  Within validateDeliveryFilterOptions method
10:27:23 [TestNG-test-Test-3] INFO  verifyingGetItByTodayFilterFunctionality_Tablet_10-27-13 - [verifyingGetItByTodayFilterFunctionality_Tablet_10-27-13] Checking if the allowedDateParts have the assert text   Within validateDeliveryFilterOptions method
10:27:23 [TestNG-test-Test-3] INFO  verifyingGetItByTodayFilterFunctionality_Tablet_10-27-13 - [verifyingGetItByTodayFilterFunctionality_Tablet_10-27-13] Within deliveryElements loop iterating over the products  Within validateDeliveryFilterOptions method
10:27:24 [TestNG-test-Test-3] INFO  verifyingGetItByTodayFilterFunctionality_Tablet_10-27-13 - [verifyingGetItByTodayFilterFunctionality_Tablet_10-27-13] Checking if the allowedDateParts have the assert text   Within validateDeliveryFilterOptions method
10:27:24 [TestNG-test-Test-3] INFO  verifyingGetItByTodayFilterFunctionality_Tablet_10-27-13 - [verifyingGetItByTodayFilterFunctionality_Tablet_10-27-13] Within deliveryElements loop iterating over the products  Within validateDeliveryFilterOptions method
10:27:24 [TestNG-test-Test-3] INFO  verifyingGetItByTodayFilterFunctionality_Tablet_10-27-13 - [verifyingGetItByTodayFilterFunctionality_Tablet_10-27-13] Checking if the allowedDateParts have the assert text   Within validateDeliveryFilterOptions method
10:27:24 [TestNG-test-Test-3] INFO  verifyingGetItByTodayFilterFunctionality_Tablet_10-27-13 - [verifyingGetItByTodayFilterFunctionality_Tablet_10-27-13] Within deliveryElements loop iterating over the products  Within validateDeliveryFilterOptions method
10:27:24 [TestNG-test-Test-3] INFO  verifyingGetItByTodayFilterFunctionality_Tablet_10-27-13 - [verifyingGetItByTodayFilterFunctionality_Tablet_10-27-13] Checking if the allowedDateParts have the assert text   Within validateDeliveryFilterOptions method
10:27:24 [TestNG-test-Test-3] INFO  verifyingGetItByTodayFilterFunctionality_Tablet_10-27-13 - [verifyingGetItByTodayFilterFunctionality_Tablet_10-27-13] Within deliveryElements loop iterating over the products  Within validateDeliveryFilterOptions method
10:27:24 [TestNG-test-Test-3] INFO  verifyingGetItByTodayFilterFunctionality_Tablet_10-27-13 - [verifyingGetItByTodayFilterFunctionality_Tablet_10-27-13] Checking if the allowedDateParts have the assert text   Within validateDeliveryFilterOptions method
10:27:24 [TestNG-test-Test-3] INFO  verifyingGetItByTodayFilterFunctionality_Tablet_10-27-13 - [verifyingGetItByTodayFilterFunctionality_Tablet_10-27-13] Within deliveryElements loop iterating over the products  Within validateDeliveryFilterOptions method
10:27:24 [TestNG-test-Test-3] INFO  verifyingGetItByTodayFilterFunctionality_Tablet_10-27-13 - [verifyingGetItByTodayFilterFunctionality_Tablet_10-27-13] Checking if the allowedDateParts have the assert text   Within validateDeliveryFilterOptions method
10:27:24 [TestNG-test-Test-3] INFO  verifyingGetItByTodayFilterFunctionality_Tablet_10-27-13 - [verifyingGetItByTodayFilterFunctionality_Tablet_10-27-13] Within deliveryElements loop iterating over the products  Within validateDeliveryFilterOptions method
10:27:24 [TestNG-test-Test-3] INFO  verifyingGetItByTodayFilterFunctionality_Tablet_10-27-13 - [verifyingGetItByTodayFilterFunctionality_Tablet_10-27-13] Checking if the allowedDateParts have the assert text   Within validateDeliveryFilterOptions method
10:27:24 [TestNG-test-Test-3] INFO  verifyingGetItByTodayFilterFunctionality_Tablet_10-27-13 - [verifyingGetItByTodayFilterFunctionality_Tablet_10-27-13] Within deliveryElements loop iterating over the products  Within validateDeliveryFilterOptions method
10:27:24 [TestNG-test-Test-3] INFO  verifyingGetItByTodayFilterFunctionality_Tablet_10-27-13 - [verifyingGetItByTodayFilterFunctionality_Tablet_10-27-13] Checking if the allowedDateParts have the assert text   Within validateDeliveryFilterOptions method
10:27:24 [TestNG-test-Test-3] INFO  verifyingGetItByTodayFilterFunctionality_Tablet_10-27-13 - [verifyingGetItByTodayFilterFunctionality_Tablet_10-27-13] Within deliveryElements loop iterating over the products  Within validateDeliveryFilterOptions method
10:27:24 [TestNG-test-Test-3] INFO  verifyingGetItByTodayFilterFunctionality_Tablet_10-27-13 - [verifyingGetItByTodayFilterFunctionality_Tablet_10-27-13] Checking if the allowedDateParts have the assert text   Within validateDeliveryFilterOptions method
10:27:24 [TestNG-test-Test-3] INFO  verifyingGetItByTodayFilterFunctionality_Tablet_10-27-13 - [verifyingGetItByTodayFilterFunctionality_Tablet_10-27-13] Within deliveryElements loop iterating over the products  Within validateDeliveryFilterOptions method
10:27:24 [TestNG-test-Test-3] INFO  verifyingGetItByTodayFilterFunctionality_Tablet_10-27-13 - [verifyingGetItByTodayFilterFunctionality_Tablet_10-27-13] Checking if the allowedDateParts have the assert text   Within validateDeliveryFilterOptions method
10:27:24 [TestNG-test-Test-3] INFO  verifyingGetItByTodayFilterFunctionality_Tablet_10-27-13 - [verifyingGetItByTodayFilterFunctionality_Tablet_10-27-13] Within deliveryElements loop iterating over the products  Within validateDeliveryFilterOptions method
10:27:24 [TestNG-test-Test-3] INFO  verifyingGetItByTodayFilterFunctionality_Tablet_10-27-13 - [verifyingGetItByTodayFilterFunctionality_Tablet_10-27-13] Checking if the allowedDateParts have the assert text   Within validateDeliveryFilterOptions method
10:27:24 [TestNG-test-Test-3] INFO  verifyingGetItByTodayFilterFunctionality_Tablet_10-27-13 - [verifyingGetItByTodayFilterFunctionality_Tablet_10-27-13] Within deliveryElements loop iterating over the products  Within validateDeliveryFilterOptions method
10:27:24 [TestNG-test-Test-3] INFO  verifyingGetItByTodayFilterFunctionality_Tablet_10-27-13 - [verifyingGetItByTodayFilterFunctionality_Tablet_10-27-13] Checking if the allowedDateParts have the assert text   Within validateDeliveryFilterOptions method
10:27:24 [TestNG-test-Test-3] INFO  verifyingGetItByTodayFilterFunctionality_Tablet_10-27-13 - [verifyingGetItByTodayFilterFunctionality_Tablet_10-27-13] Within deliveryElements loop iterating over the products  Within validateDeliveryFilterOptions method
10:27:24 [TestNG-test-Test-3] INFO  verifyingGetItByTodayFilterFunctionality_Tablet_10-27-13 - [verifyingGetItByTodayFilterFunctionality_Tablet_10-27-13] Checking if the allowedDateParts have the assert text   Within validateDeliveryFilterOptions method
10:27:24 [TestNG-test-Test-3] INFO  verifyingGetItByTodayFilterFunctionality_Tablet_10-27-13 - [verifyingGetItByTodayFilterFunctionality_Tablet_10-27-13] Within deliveryElements loop iterating over the products  Within validateDeliveryFilterOptions method
10:27:24 [TestNG-test-Test-3] INFO  verifyingGetItByTodayFilterFunctionality_Tablet_10-27-13 - [verifyingGetItByTodayFilterFunctionality_Tablet_10-27-13] Checking if the allowedDateParts have the assert text   Within validateDeliveryFilterOptions method
10:27:24 [TestNG-test-Test-3] INFO  verifyingGetItByTodayFilterFunctionality_Tablet_10-27-13 - [verifyingGetItByTodayFilterFunctionality_Tablet_10-27-13] Returning the list with boolean values   Within validateDeliveryFilterOptions method
10:27:24 [TestNG-test-Test-3] INFO  verifyingGetItByTodayFilterFunctionality_Tablet_10-27-13 - [verifyingGetItByTodayFilterFunctionality_Tablet_10-27-13] Asserting delivery filter: isValid=true, index=-1, text=All the things are valid no errors
