2026-03-11 07:29:50.825 PM [TestNG-test-Test-3] INFO  [verifyingFreeDeliveryFilterFunctionality] 🔹 Starting test method: verifyingFreeDeliveryFilterFunctionality
2026-03-11 07:29:50.834 PM [TestNG-test-Test-3] INFO  [verifyingFreeDeliveryFilterFunctionality] No existing WebDriver found for current thread. Initializing a new ChromeDriver...
2026-03-11 07:29:50.849 PM [TestNG-test-Test-3] INFO  [verifyingFreeDeliveryFilterFunctionality] WebDriverManager: chromedriver setup OK
2026-03-11 07:29:52.387 PM [TestNG-test-Test-3] INFO  [verifyingFreeDeliveryFilterFunctionality] ChromeDriver initialized successfully for thread: 36
2026-03-11 07:29:53.138 PM [TestNG-test-Test-3] INFO  [verifyingFreeDeliveryFilterFunctionality] [verifyingFreeDeliveryFilterFunctionality] Opening amazon Landing page
2026-03-11 07:29:53.138 PM [TestNG-test-Test-3] INFO  [verifyingFreeDeliveryFilterFunctionality] [verifyingFreeDeliveryFilterFunctionality] Within safeFindElement method
2026-03-11 07:29:58.278 PM [TestNG-test-Test-3] INFO  [verifyingFreeDeliveryFilterFunctionality] [verifyingFreeDeliveryFilterFunctionality]Retrying findElement for: ->By.xpath: //a[@id='nav-logo-sprites']
2026-03-11 07:29:58.405 PM [TestNG-test-Test-3] INFO  [verifyingFreeDeliveryFilterFunctionality] [verifyingFreeDeliveryFilterFunctionality]Refrehsing the page , while trying to safely find : ->By.xpath: //a[@id='nav-logo-sprites']
2026-03-11 07:30:03.604 PM [TestNG-test-Test-3] INFO  [verifyingFreeDeliveryFilterFunctionality] [verifyingFreeDeliveryFilterFunctionality]Retrying findElement for: ->By.xpath: //a[@id='nav-logo-sprites']
2026-03-11 07:30:03.947 PM [TestNG-test-Test-3] INFO  [verifyingFreeDeliveryFilterFunctionality] [verifyingFreeDeliveryFilterFunctionality]Refrehsing the page , while trying to safely find : ->By.xpath: //a[@id='nav-logo-sprites']
2026-03-11 07:30:03.947 PM [TestNG-test-Test-3] INFO  [verifyingFreeDeliveryFilterFunctionality] [verifyingFreeDeliveryFilterFunctionality] Skipping action: Element not found after 2   attemps
2026-03-11 07:30:07.958 PM [TestNG-test-Test-3] INFO  [verifyingFreeDeliveryFilterFunctionality] [verifyingFreeDeliveryFilterFunctionality] Giving input within the search bar
2026-03-11 07:30:07.958 PM [TestNG-test-Test-3] INFO  [verifyingFreeDeliveryFilterFunctionality] [verifyingFreeDeliveryFilterFunctionality] Within safeClick method
2026-03-11 07:30:10.454 PM [TestNG-test-Test-3] INFO  [verifyingFreeDeliveryFilterFunctionality] [verifyingFreeDeliveryFilterFunctionality] Clicked the  [[ChromeDriver: chrome on windows (8f845bdb137d3b0953cb63664b0e0d3d)] -> xpath: //input[@id='nav-search-submit-button']]   using safeClick
2026-03-11 07:30:10.455 PM [TestNG-test-Test-3] INFO  [verifyingFreeDeliveryFilterFunctionality] [verifyingFreeDeliveryFilterFunctionality] Clicking on the submit in the search bar
2026-03-11 07:30:10.644 PM [TestNG-test-Test-3] INFO  [verifyingFreeDeliveryFilterFunctionality] [verifyingFreeDeliveryFilterFunctionality] Waiting until element is visible in viewport
2026-03-11 07:30:10.672 PM [TestNG-test-Test-3] INFO  [verifyingFreeDeliveryFilterFunctionality] [verifyingFreeDeliveryFilterFunctionality] Within validateDeliveryFilterOptionsWithResult method
2026-03-11 07:30:10.672 PM [TestNG-test-Test-3] INFO  [verifyingFreeDeliveryFilterFunctionality] [verifyingFreeDeliveryFilterFunctionality] Within safeClick method
2026-03-11 07:30:10.923 PM [TestNG-test-Test-3] INFO  [verifyingFreeDeliveryFilterFunctionality] [verifyingFreeDeliveryFilterFunctionality] Clicked the  [[ChromeDriver: chrome on windows (8f845bdb137d3b0953cb63664b0e0d3d)] -> xpath: //span[@class='a-size-base a-color-base puis-bold-weight-text' and text()='Eligible for Free Delivery']/parent::div/following-sibling::ul//span[@class='a-size-base a-color-base' and text()='Free Shipping']]   using safeClick
2026-03-11 07:30:10.923 PM [TestNG-test-Test-3] INFO  [verifyingFreeDeliveryFilterFunctionality] [verifyingFreeDeliveryFilterFunctionality] Within getMoreButtonByFilterTypeAndName method
2026-03-11 07:30:10.928 PM [TestNG-test-Test-3] INFO  [verifyingFreeDeliveryFilterFunctionality] [verifyingFreeDeliveryFilterFunctionality] Capturing screenshot: Filter_Applied_is_Eligible_for_Free_Delivery__2026-03-11_193010.jpg
2026-03-11 07:30:11.076 PM [TestNG-test-Test-3] INFO  [verifyingFreeDeliveryFilterFunctionality] [verifyingFreeDeliveryFilterFunctionality] Screenshot saved at: test-output/screenshots/Run_2026-03-11_18-36-52/verifyingFreeDeliveryFilterFunctionality/Filter_Applied_is_Eligible_for_Free_Delivery__2026-03-11_193010.jpg
2026-03-11 07:30:11.077 PM [TestNG-test-Test-3] INFO  [verifyingFreeDeliveryFilterFunctionality] [verifyingFreeDeliveryFilterFunctionality] Clicked on By.xpath: //span[@class='a-size-base a-color-base puis-bold-weight-text' and text()='Eligible for Free Delivery']/parent::div/following-sibling::ul//span[@class='a-size-base a-color-base' and text()='Free Shipping']
2026-03-11 07:30:11.077 PM [TestNG-test-Test-3] INFO  [verifyingFreeDeliveryFilterFunctionality] [verifyingFreeDeliveryFilterFunctionality] Within safeFindElements 
2026-03-11 07:30:11.694 PM [TestNG-test-Test-3] INFO  [verifyingFreeDeliveryFilterFunctionality] [verifyingFreeDeliveryFilterFunctionality] Returning the  [[[ChromeDriver: chrome on windows (8f845bdb137d3b0953cb63664b0e0d3d)] -> xpath: //div[@class='a-section a-spacing-small a-spacing-top-small']], [[ChromeDriver: chrome on windows (8f845bdb137d3b0953cb63664b0e0d3d)] -> xpath: //div[@class='a-section a-spacing-small a-spacing-top-small']], [[ChromeDriver: chrome on windows (8f845bdb137d3b0953cb63664b0e0d3d)] -> xpath: //div[@class='a-section a-spacing-small a-spacing-top-small']], [[ChromeDriver: chrome on windows (8f845bdb137d3b0953cb63664b0e0d3d)] -> xpath: //div[@class='a-section a-spacing-small a-spacing-top-small']], [[ChromeDriver: chrome on windows (8f845bdb137d3b0953cb63664b0e0d3d)] -> xpath: //div[@class='a-section a-spacing-small a-spacing-top-small']], [[ChromeDriver: chrome on windows (8f845bdb137d3b0953cb63664b0e0d3d)] -> xpath: //div[@class='a-section a-spacing-small a-spacing-top-small']], [[ChromeDriver: chrome on windows (8f845bdb137d3b0953cb63664b0e0d3d)] -> xpath: //div[@class='a-section a-spacing-small a-spacing-top-small']], [[ChromeDriver: chrome on windows (8f845bdb137d3b0953cb63664b0e0d3d)] -> xpath: //div[@class='a-section a-spacing-small a-spacing-top-small']], [[ChromeDriver: chrome on windows (8f845bdb137d3b0953cb63664b0e0d3d)] -> xpath: //div[@class='a-section a-spacing-small a-spacing-top-small']], [[ChromeDriver: chrome on windows (8f845bdb137d3b0953cb63664b0e0d3d)] -> xpath: //div[@class='a-section a-spacing-small a-spacing-top-small']], [[ChromeDriver: chrome on windows (8f845bdb137d3b0953cb63664b0e0d3d)] -> xpath: //div[@class='a-section a-spacing-small a-spacing-top-small']], [[ChromeDriver: chrome on windows (8f845bdb137d3b0953cb63664b0e0d3d)] -> xpath: //div[@class='a-section a-spacing-small a-spacing-top-small']], [[ChromeDriver: chrome on windows (8f845bdb137d3b0953cb63664b0e0d3d)] -> xpath: //div[@class='a-section a-spacing-small a-spacing-top-small']], [[ChromeDriver: chrome on windows (8f845bdb137d3b0953cb63664b0e0d3d)] -> xpath: //div[@class='a-section a-spacing-small a-spacing-top-small']], [[ChromeDriver: chrome on windows (8f845bdb137d3b0953cb63664b0e0d3d)] -> xpath: //div[@class='a-section a-spacing-small a-spacing-top-small']], [[ChromeDriver: chrome on windows (8f845bdb137d3b0953cb63664b0e0d3d)] -> xpath: //div[@class='a-section a-spacing-small a-spacing-top-small']], [[ChromeDriver: chrome on windows (8f845bdb137d3b0953cb63664b0e0d3d)] -> xpath: //div[@class='a-section a-spacing-small a-spacing-top-small']], [[ChromeDriver: chrome on windows (8f845bdb137d3b0953cb63664b0e0d3d)] -> xpath: //div[@class='a-section a-spacing-small a-spacing-top-small']], [[ChromeDriver: chrome on windows (8f845bdb137d3b0953cb63664b0e0d3d)] -> xpath: //div[@class='a-section a-spacing-small a-spacing-top-small']], [[ChromeDriver: chrome on windows (8f845bdb137d3b0953cb63664b0e0d3d)] -> xpath: //div[@class='a-section a-spacing-small a-spacing-top-small']], [[ChromeDriver: chrome on windows (8f845bdb137d3b0953cb63664b0e0d3d)] -> xpath: //div[@class='a-section a-spacing-small a-spacing-top-small']], [[ChromeDriver: chrome on windows (8f845bdb137d3b0953cb63664b0e0d3d)] -> xpath: //div[@class='a-section a-spacing-small a-spacing-top-small']]] from the safeFindElements method
2026-03-11 07:30:11.717 PM [TestNG-test-Test-3] INFO  [verifyingFreeDeliveryFilterFunctionality] [verifyingFreeDeliveryFilterFunctionality] Created hashset with required data to assert with Within validateDeliveryFilterOptions method
2026-03-11 07:30:11.717 PM [TestNG-test-Test-3] INFO  [verifyingFreeDeliveryFilterFunctionality] [verifyingFreeDeliveryFilterFunctionality] this is the set  [11, Thu, 12, Today, FREE delivery, Wed, Tomorrow, Mar]
2026-03-11 07:30:11.717 PM [TestNG-test-Test-3] INFO  [verifyingFreeDeliveryFilterFunctionality] [verifyingFreeDeliveryFilterFunctionality] Within deliveryElements loop iterating over the products  Within validateDeliveryFilterOptions method
2026-03-11 07:30:11.895 PM [TestNG-test-Test-3] INFO  [verifyingFreeDeliveryFilterFunctionality] [verifyingFreeDeliveryFilterFunctionality] Checking if the allowedDateParts have the assert text   Within validateDeliveryFilterOptions method
2026-03-11 07:30:11.898 PM [TestNG-test-Test-3] INFO  [verifyingFreeDeliveryFilterFunctionality] [verifyingFreeDeliveryFilterFunctionality] Within deliveryElements loop iterating over the products  Within validateDeliveryFilterOptions method
2026-03-11 07:30:11.927 PM [TestNG-test-Test-3] INFO  [verifyingFreeDeliveryFilterFunctionality] [verifyingFreeDeliveryFilterFunctionality] Checking if the allowedDateParts have the assert text   Within validateDeliveryFilterOptions method
2026-03-11 07:30:11.927 PM [TestNG-test-Test-3] INFO  [verifyingFreeDeliveryFilterFunctionality] [verifyingFreeDeliveryFilterFunctionality] Within deliveryElements loop iterating over the products  Within validateDeliveryFilterOptions method
2026-03-11 07:30:11.970 PM [TestNG-test-Test-3] INFO  [verifyingFreeDeliveryFilterFunctionality] [verifyingFreeDeliveryFilterFunctionality] Checking if the allowedDateParts have the assert text   Within validateDeliveryFilterOptions method
2026-03-11 07:30:11.970 PM [TestNG-test-Test-3] INFO  [verifyingFreeDeliveryFilterFunctionality] [verifyingFreeDeliveryFilterFunctionality] Within deliveryElements loop iterating over the products  Within validateDeliveryFilterOptions method
2026-03-11 07:30:12.020 PM [TestNG-test-Test-3] INFO  [verifyingFreeDeliveryFilterFunctionality] [verifyingFreeDeliveryFilterFunctionality] Checking if the allowedDateParts have the assert text   Within validateDeliveryFilterOptions method
2026-03-11 07:30:12.020 PM [TestNG-test-Test-3] INFO  [verifyingFreeDeliveryFilterFunctionality] [verifyingFreeDeliveryFilterFunctionality] Within deliveryElements loop iterating over the products  Within validateDeliveryFilterOptions method
2026-03-11 07:30:12.047 PM [TestNG-test-Test-3] INFO  [verifyingFreeDeliveryFilterFunctionality] [verifyingFreeDeliveryFilterFunctionality] Checking if the allowedDateParts have the assert text   Within validateDeliveryFilterOptions method
2026-03-11 07:30:12.047 PM [TestNG-test-Test-3] INFO  [verifyingFreeDeliveryFilterFunctionality] [verifyingFreeDeliveryFilterFunctionality] Within deliveryElements loop iterating over the products  Within validateDeliveryFilterOptions method
2026-03-11 07:30:12.089 PM [TestNG-test-Test-3] INFO  [verifyingFreeDeliveryFilterFunctionality] [verifyingFreeDeliveryFilterFunctionality] Checking if the allowedDateParts have the assert text   Within validateDeliveryFilterOptions method
2026-03-11 07:30:12.089 PM [TestNG-test-Test-3] INFO  [verifyingFreeDeliveryFilterFunctionality] [verifyingFreeDeliveryFilterFunctionality] Within deliveryElements loop iterating over the products  Within validateDeliveryFilterOptions method
2026-03-11 07:30:12.113 PM [TestNG-test-Test-3] INFO  [verifyingFreeDeliveryFilterFunctionality] [verifyingFreeDeliveryFilterFunctionality] Checking if the allowedDateParts have the assert text   Within validateDeliveryFilterOptions method
2026-03-11 07:30:12.113 PM [TestNG-test-Test-3] INFO  [verifyingFreeDeliveryFilterFunctionality] [verifyingFreeDeliveryFilterFunctionality] Within deliveryElements loop iterating over the products  Within validateDeliveryFilterOptions method
2026-03-11 07:30:12.139 PM [TestNG-test-Test-3] INFO  [verifyingFreeDeliveryFilterFunctionality] [verifyingFreeDeliveryFilterFunctionality] Checking if the allowedDateParts have the assert text   Within validateDeliveryFilterOptions method
2026-03-11 07:30:12.140 PM [TestNG-test-Test-3] INFO  [verifyingFreeDeliveryFilterFunctionality] [verifyingFreeDeliveryFilterFunctionality] Within deliveryElements loop iterating over the products  Within validateDeliveryFilterOptions method
2026-03-11 07:30:12.163 PM [TestNG-test-Test-3] INFO  [verifyingFreeDeliveryFilterFunctionality] [verifyingFreeDeliveryFilterFunctionality] Checking if the allowedDateParts have the assert text   Within validateDeliveryFilterOptions method
2026-03-11 07:30:12.163 PM [TestNG-test-Test-3] INFO  [verifyingFreeDeliveryFilterFunctionality] [verifyingFreeDeliveryFilterFunctionality] Within deliveryElements loop iterating over the products  Within validateDeliveryFilterOptions method
2026-03-11 07:30:12.185 PM [TestNG-test-Test-3] INFO  [verifyingFreeDeliveryFilterFunctionality] [verifyingFreeDeliveryFilterFunctionality] Checking if the allowedDateParts have the assert text   Within validateDeliveryFilterOptions method
2026-03-11 07:30:12.185 PM [TestNG-test-Test-3] INFO  [verifyingFreeDeliveryFilterFunctionality] [verifyingFreeDeliveryFilterFunctionality] Within deliveryElements loop iterating over the products  Within validateDeliveryFilterOptions method
2026-03-11 07:30:12.210 PM [TestNG-test-Test-3] INFO  [verifyingFreeDeliveryFilterFunctionality] [verifyingFreeDeliveryFilterFunctionality] Checking if the allowedDateParts have the assert text   Within validateDeliveryFilterOptions method
2026-03-11 07:30:12.210 PM [TestNG-test-Test-3] INFO  [verifyingFreeDeliveryFilterFunctionality] [verifyingFreeDeliveryFilterFunctionality] Within deliveryElements loop iterating over the products  Within validateDeliveryFilterOptions method
2026-03-11 07:30:12.234 PM [TestNG-test-Test-3] INFO  [verifyingFreeDeliveryFilterFunctionality] [verifyingFreeDeliveryFilterFunctionality] Checking if the allowedDateParts have the assert text   Within validateDeliveryFilterOptions method
2026-03-11 07:30:12.234 PM [TestNG-test-Test-3] INFO  [verifyingFreeDeliveryFilterFunctionality] [verifyingFreeDeliveryFilterFunctionality] Within deliveryElements loop iterating over the products  Within validateDeliveryFilterOptions method
2026-03-11 07:30:12.260 PM [TestNG-test-Test-3] INFO  [verifyingFreeDeliveryFilterFunctionality] [verifyingFreeDeliveryFilterFunctionality] Checking if the allowedDateParts have the assert text   Within validateDeliveryFilterOptions method
2026-03-11 07:30:12.260 PM [TestNG-test-Test-3] INFO  [verifyingFreeDeliveryFilterFunctionality] [verifyingFreeDeliveryFilterFunctionality] Within deliveryElements loop iterating over the products  Within validateDeliveryFilterOptions method
2026-03-11 07:30:12.282 PM [TestNG-test-Test-3] INFO  [verifyingFreeDeliveryFilterFunctionality] [verifyingFreeDeliveryFilterFunctionality] Checking if the allowedDateParts have the assert text   Within validateDeliveryFilterOptions method
2026-03-11 07:30:12.282 PM [TestNG-test-Test-3] INFO  [verifyingFreeDeliveryFilterFunctionality] [verifyingFreeDeliveryFilterFunctionality] Within deliveryElements loop iterating over the products  Within validateDeliveryFilterOptions method
2026-03-11 07:30:12.306 PM [TestNG-test-Test-3] INFO  [verifyingFreeDeliveryFilterFunctionality] [verifyingFreeDeliveryFilterFunctionality] Checking if the allowedDateParts have the assert text   Within validateDeliveryFilterOptions method
2026-03-11 07:30:12.306 PM [TestNG-test-Test-3] INFO  [verifyingFreeDeliveryFilterFunctionality] [verifyingFreeDeliveryFilterFunctionality] Within deliveryElements loop iterating over the products  Within validateDeliveryFilterOptions method
2026-03-11 07:30:12.332 PM [TestNG-test-Test-3] INFO  [verifyingFreeDeliveryFilterFunctionality] [verifyingFreeDeliveryFilterFunctionality] Checking if the allowedDateParts have the assert text   Within validateDeliveryFilterOptions method
2026-03-11 07:30:12.332 PM [TestNG-test-Test-3] INFO  [verifyingFreeDeliveryFilterFunctionality] [verifyingFreeDeliveryFilterFunctionality] Within deliveryElements loop iterating over the products  Within validateDeliveryFilterOptions method
2026-03-11 07:30:12.356 PM [TestNG-test-Test-3] INFO  [verifyingFreeDeliveryFilterFunctionality] [verifyingFreeDeliveryFilterFunctionality] Checking if the allowedDateParts have the assert text   Within validateDeliveryFilterOptions method
2026-03-11 07:30:12.356 PM [TestNG-test-Test-3] INFO  [verifyingFreeDeliveryFilterFunctionality] [verifyingFreeDeliveryFilterFunctionality] Within deliveryElements loop iterating over the products  Within validateDeliveryFilterOptions method
2026-03-11 07:30:12.378 PM [TestNG-test-Test-3] INFO  [verifyingFreeDeliveryFilterFunctionality] [verifyingFreeDeliveryFilterFunctionality] Checking if the allowedDateParts have the assert text   Within validateDeliveryFilterOptions method
2026-03-11 07:30:12.378 PM [TestNG-test-Test-3] INFO  [verifyingFreeDeliveryFilterFunctionality] [verifyingFreeDeliveryFilterFunctionality] Within deliveryElements loop iterating over the products  Within validateDeliveryFilterOptions method
2026-03-11 07:30:12.401 PM [TestNG-test-Test-3] INFO  [verifyingFreeDeliveryFilterFunctionality] [verifyingFreeDeliveryFilterFunctionality] Checking if the allowedDateParts have the assert text   Within validateDeliveryFilterOptions method
2026-03-11 07:30:12.401 PM [TestNG-test-Test-3] INFO  [verifyingFreeDeliveryFilterFunctionality] [verifyingFreeDeliveryFilterFunctionality] Within deliveryElements loop iterating over the products  Within validateDeliveryFilterOptions method
2026-03-11 07:30:12.425 PM [TestNG-test-Test-3] INFO  [verifyingFreeDeliveryFilterFunctionality] [verifyingFreeDeliveryFilterFunctionality] Checking if the allowedDateParts have the assert text   Within validateDeliveryFilterOptions method
2026-03-11 07:30:12.425 PM [TestNG-test-Test-3] INFO  [verifyingFreeDeliveryFilterFunctionality] [verifyingFreeDeliveryFilterFunctionality] Within deliveryElements loop iterating over the products  Within validateDeliveryFilterOptions method
2026-03-11 07:30:12.449 PM [TestNG-test-Test-3] INFO  [verifyingFreeDeliveryFilterFunctionality] [verifyingFreeDeliveryFilterFunctionality] Checking if the allowedDateParts have the assert text   Within validateDeliveryFilterOptions method
2026-03-11 07:30:12.449 PM [TestNG-test-Test-3] INFO  [verifyingFreeDeliveryFilterFunctionality] [verifyingFreeDeliveryFilterFunctionality] Within deliveryElements loop iterating over the products  Within validateDeliveryFilterOptions method
2026-03-11 07:30:12.471 PM [TestNG-test-Test-3] INFO  [verifyingFreeDeliveryFilterFunctionality] [verifyingFreeDeliveryFilterFunctionality] Checking if the allowedDateParts have the assert text   Within validateDeliveryFilterOptions method
2026-03-11 07:30:12.471 PM [TestNG-test-Test-3] INFO  [verifyingFreeDeliveryFilterFunctionality] [verifyingFreeDeliveryFilterFunctionality] Returning the list with boolean values   Within validateDeliveryFilterOptions method
2026-03-11 07:30:12.472 PM [TestNG-test-Test-3] INFO  [verifyingFreeDeliveryFilterFunctionality] [verifyingFreeDeliveryFilterFunctionality] Asserting delivery filter: isValid=true, index=-1, text=All the things are valid no errors
2026-03-11 07:30:12.477 PM [TestNG-test-Test-3] INFO  [verifyingFreeDeliveryFilterFunctionality] ✅ Finished test method: verifyingFreeDeliveryFilterFunctionality
2026-03-11 07:30:12.736 PM [TestNG-test-Test-3] INFO  [verifyingFreeDeliveryFilterFunctionality] 🔹 Starting test method: verifyingFreeDeliveryFilterFunctionality
2026-03-11 07:30:12.736 PM [TestNG-test-Test-3] INFO  [verifyingFreeDeliveryFilterFunctionality] No existing WebDriver found for current thread. Initializing a new ChromeDriver...
2026-03-11 07:30:12.746 PM [TestNG-test-Test-3] INFO  [verifyingFreeDeliveryFilterFunctionality] WebDriverManager: chromedriver setup OK
2026-03-11 07:30:14.080 PM [TestNG-test-Test-3] INFO  [verifyingFreeDeliveryFilterFunctionality] ChromeDriver initialized successfully for thread: 36
2026-03-11 07:30:14.672 PM [TestNG-test-Test-3] INFO  [verifyingFreeDeliveryFilterFunctionality] [verifyingFreeDeliveryFilterFunctionality] Opening amazon Landing page
2026-03-11 07:30:14.672 PM [TestNG-test-Test-3] INFO  [verifyingFreeDeliveryFilterFunctionality] [verifyingFreeDeliveryFilterFunctionality] Within safeFindElement method
2026-03-11 07:30:20.071 PM [TestNG-test-Test-3] INFO  [verifyingFreeDeliveryFilterFunctionality] [verifyingFreeDeliveryFilterFunctionality]Retrying findElement for: ->By.xpath: //a[@id='nav-logo-sprites']
2026-03-11 07:30:20.204 PM [TestNG-test-Test-3] INFO  [verifyingFreeDeliveryFilterFunctionality] [verifyingFreeDeliveryFilterFunctionality]Refrehsing the page , while trying to safely find : ->By.xpath: //a[@id='nav-logo-sprites']
2026-03-11 07:30:25.535 PM [TestNG-test-Test-3] INFO  [verifyingFreeDeliveryFilterFunctionality] [verifyingFreeDeliveryFilterFunctionality]Retrying findElement for: ->By.xpath: //a[@id='nav-logo-sprites']
2026-03-11 07:30:26.654 PM [TestNG-test-Test-3] INFO  [verifyingFreeDeliveryFilterFunctionality] [verifyingFreeDeliveryFilterFunctionality]Refrehsing the page , while trying to safely find : ->By.xpath: //a[@id='nav-logo-sprites']
2026-03-11 07:30:26.654 PM [TestNG-test-Test-3] INFO  [verifyingFreeDeliveryFilterFunctionality] [verifyingFreeDeliveryFilterFunctionality] Skipping action: Element not found after 2   attemps
2026-03-11 07:30:27.318 PM [TestNG-test-Test-3] INFO  [verifyingFreeDeliveryFilterFunctionality] [verifyingFreeDeliveryFilterFunctionality] Giving input within the search bar
2026-03-11 07:30:27.318 PM [TestNG-test-Test-3] INFO  [verifyingFreeDeliveryFilterFunctionality] [verifyingFreeDeliveryFilterFunctionality] Within safeClick method
2026-03-11 07:30:29.167 PM [TestNG-test-Test-3] INFO  [verifyingFreeDeliveryFilterFunctionality] [verifyingFreeDeliveryFilterFunctionality] Clicked the  [[ChromeDriver: chrome on windows (a12b8cbf3671fc0ceb4a7df7b9505d2a)] -> xpath: //input[@id='nav-search-submit-button']]   using safeClick
2026-03-11 07:30:29.167 PM [TestNG-test-Test-3] INFO  [verifyingFreeDeliveryFilterFunctionality] [verifyingFreeDeliveryFilterFunctionality] Clicking on the submit in the search bar
2026-03-11 07:30:29.309 PM [TestNG-test-Test-3] INFO  [verifyingFreeDeliveryFilterFunctionality] [verifyingFreeDeliveryFilterFunctionality] Waiting until element is visible in viewport
2026-03-11 07:30:29.333 PM [TestNG-test-Test-3] INFO  [verifyingFreeDeliveryFilterFunctionality] [verifyingFreeDeliveryFilterFunctionality] Within validateDeliveryFilterOptionsWithResult method
2026-03-11 07:30:29.333 PM [TestNG-test-Test-3] INFO  [verifyingFreeDeliveryFilterFunctionality] [verifyingFreeDeliveryFilterFunctionality] Within safeClick method
2026-03-11 07:30:29.586 PM [TestNG-test-Test-3] INFO  [verifyingFreeDeliveryFilterFunctionality] [verifyingFreeDeliveryFilterFunctionality] Clicked the  [[ChromeDriver: chrome on windows (a12b8cbf3671fc0ceb4a7df7b9505d2a)] -> xpath: //span[@class='a-size-base a-color-base puis-bold-weight-text' and text()='Eligible for Free Delivery']/parent::div/following-sibling::ul//span[@class='a-size-base a-color-base' and text()='Free Shipping']]   using safeClick
2026-03-11 07:30:29.586 PM [TestNG-test-Test-3] INFO  [verifyingFreeDeliveryFilterFunctionality] [verifyingFreeDeliveryFilterFunctionality] Within getMoreButtonByFilterTypeAndName method
2026-03-11 07:30:29.587 PM [TestNG-test-Test-3] INFO  [verifyingFreeDeliveryFilterFunctionality] [verifyingFreeDeliveryFilterFunctionality] Capturing screenshot: Filter_Applied_is_Eligible_for_Free_Delivery__2026-03-11_193029.jpg
2026-03-11 07:30:29.723 PM [TestNG-test-Test-3] INFO  [verifyingFreeDeliveryFilterFunctionality] [verifyingFreeDeliveryFilterFunctionality] Screenshot saved at: test-output/screenshots/Run_2026-03-11_18-36-52/verifyingFreeDeliveryFilterFunctionality/Filter_Applied_is_Eligible_for_Free_Delivery__2026-03-11_193029.jpg
2026-03-11 07:30:29.723 PM [TestNG-test-Test-3] INFO  [verifyingFreeDeliveryFilterFunctionality] [verifyingFreeDeliveryFilterFunctionality] Clicked on By.xpath: //span[@class='a-size-base a-color-base puis-bold-weight-text' and text()='Eligible for Free Delivery']/parent::div/following-sibling::ul//span[@class='a-size-base a-color-base' and text()='Free Shipping']
2026-03-11 07:30:29.723 PM [TestNG-test-Test-3] INFO  [verifyingFreeDeliveryFilterFunctionality] [verifyingFreeDeliveryFilterFunctionality] Within safeFindElements 
2026-03-11 07:30:30.270 PM [TestNG-test-Test-3] INFO  [verifyingFreeDeliveryFilterFunctionality] [verifyingFreeDeliveryFilterFunctionality] Returning the  [[[ChromeDriver: chrome on windows (a12b8cbf3671fc0ceb4a7df7b9505d2a)] -> xpath: //div[@class='a-section a-spacing-small a-spacing-top-small']], [[ChromeDriver: chrome on windows (a12b8cbf3671fc0ceb4a7df7b9505d2a)] -> xpath: //div[@class='a-section a-spacing-small a-spacing-top-small']], [[ChromeDriver: chrome on windows (a12b8cbf3671fc0ceb4a7df7b9505d2a)] -> xpath: //div[@class='a-section a-spacing-small a-spacing-top-small']], [[ChromeDriver: chrome on windows (a12b8cbf3671fc0ceb4a7df7b9505d2a)] -> xpath: //div[@class='a-section a-spacing-small a-spacing-top-small']], [[ChromeDriver: chrome on windows (a12b8cbf3671fc0ceb4a7df7b9505d2a)] -> xpath: //div[@class='a-section a-spacing-small a-spacing-top-small']], [[ChromeDriver: chrome on windows (a12b8cbf3671fc0ceb4a7df7b9505d2a)] -> xpath: //div[@class='a-section a-spacing-small a-spacing-top-small']], [[ChromeDriver: chrome on windows (a12b8cbf3671fc0ceb4a7df7b9505d2a)] -> xpath: //div[@class='a-section a-spacing-small a-spacing-top-small']], [[ChromeDriver: chrome on windows (a12b8cbf3671fc0ceb4a7df7b9505d2a)] -> xpath: //div[@class='a-section a-spacing-small a-spacing-top-small']], [[ChromeDriver: chrome on windows (a12b8cbf3671fc0ceb4a7df7b9505d2a)] -> xpath: //div[@class='a-section a-spacing-small a-spacing-top-small']], [[ChromeDriver: chrome on windows (a12b8cbf3671fc0ceb4a7df7b9505d2a)] -> xpath: //div[@class='a-section a-spacing-small a-spacing-top-small']], [[ChromeDriver: chrome on windows (a12b8cbf3671fc0ceb4a7df7b9505d2a)] -> xpath: //div[@class='a-section a-spacing-small a-spacing-top-small']], [[ChromeDriver: chrome on windows (a12b8cbf3671fc0ceb4a7df7b9505d2a)] -> xpath: //div[@class='a-section a-spacing-small a-spacing-top-small']], [[ChromeDriver: chrome on windows (a12b8cbf3671fc0ceb4a7df7b9505d2a)] -> xpath: //div[@class='a-section a-spacing-small a-spacing-top-small']], [[ChromeDriver: chrome on windows (a12b8cbf3671fc0ceb4a7df7b9505d2a)] -> xpath: //div[@class='a-section a-spacing-small a-spacing-top-small']], [[ChromeDriver: chrome on windows (a12b8cbf3671fc0ceb4a7df7b9505d2a)] -> xpath: //div[@class='a-section a-spacing-small a-spacing-top-small']], [[ChromeDriver: chrome on windows (a12b8cbf3671fc0ceb4a7df7b9505d2a)] -> xpath: //div[@class='a-section a-spacing-small a-spacing-top-small']]] from the safeFindElements method
2026-03-11 07:30:30.271 PM [TestNG-test-Test-3] INFO  [verifyingFreeDeliveryFilterFunctionality] [verifyingFreeDeliveryFilterFunctionality] Created hashset with required data to assert with Within validateDeliveryFilterOptions method
2026-03-11 07:30:30.271 PM [TestNG-test-Test-3] INFO  [verifyingFreeDeliveryFilterFunctionality] [verifyingFreeDeliveryFilterFunctionality] this is the set  [11, Thu, 12, Today, FREE delivery, Wed, Tomorrow, Mar]
2026-03-11 07:30:30.271 PM [TestNG-test-Test-3] INFO  [verifyingFreeDeliveryFilterFunctionality] [verifyingFreeDeliveryFilterFunctionality] Within deliveryElements loop iterating over the products  Within validateDeliveryFilterOptions method
2026-03-11 07:30:30.365 PM [TestNG-test-Test-3] INFO  [verifyingFreeDeliveryFilterFunctionality] [verifyingFreeDeliveryFilterFunctionality] Checking if the allowedDateParts have the assert text   Within validateDeliveryFilterOptions method
2026-03-11 07:30:30.365 PM [TestNG-test-Test-3] INFO  [verifyingFreeDeliveryFilterFunctionality] [verifyingFreeDeliveryFilterFunctionality] Within deliveryElements loop iterating over the products  Within validateDeliveryFilterOptions method
2026-03-11 07:30:30.436 PM [TestNG-test-Test-3] INFO  [verifyingFreeDeliveryFilterFunctionality] [verifyingFreeDeliveryFilterFunctionality] Checking if the allowedDateParts have the assert text   Within validateDeliveryFilterOptions method
2026-03-11 07:30:30.436 PM [TestNG-test-Test-3] INFO  [verifyingFreeDeliveryFilterFunctionality] [verifyingFreeDeliveryFilterFunctionality] Within deliveryElements loop iterating over the products  Within validateDeliveryFilterOptions method
2026-03-11 07:30:30.473 PM [TestNG-test-Test-3] INFO  [verifyingFreeDeliveryFilterFunctionality] [verifyingFreeDeliveryFilterFunctionality] Checking if the allowedDateParts have the assert text   Within validateDeliveryFilterOptions method
2026-03-11 07:30:30.474 PM [TestNG-test-Test-3] INFO  [verifyingFreeDeliveryFilterFunctionality] [verifyingFreeDeliveryFilterFunctionality] Within deliveryElements loop iterating over the products  Within validateDeliveryFilterOptions method
2026-03-11 07:30:30.507 PM [TestNG-test-Test-3] INFO  [verifyingFreeDeliveryFilterFunctionality] [verifyingFreeDeliveryFilterFunctionality] Checking if the allowedDateParts have the assert text   Within validateDeliveryFilterOptions method
2026-03-11 07:30:30.507 PM [TestNG-test-Test-3] INFO  [verifyingFreeDeliveryFilterFunctionality] [verifyingFreeDeliveryFilterFunctionality] Within deliveryElements loop iterating over the products  Within validateDeliveryFilterOptions method
2026-03-11 07:30:30.539 PM [TestNG-test-Test-3] INFO  [verifyingFreeDeliveryFilterFunctionality] [verifyingFreeDeliveryFilterFunctionality] Checking if the allowedDateParts have the assert text   Within validateDeliveryFilterOptions method
2026-03-11 07:30:30.539 PM [TestNG-test-Test-3] INFO  [verifyingFreeDeliveryFilterFunctionality] [verifyingFreeDeliveryFilterFunctionality] Within deliveryElements loop iterating over the products  Within validateDeliveryFilterOptions method
2026-03-11 07:30:30.573 PM [TestNG-test-Test-3] INFO  [verifyingFreeDeliveryFilterFunctionality] [verifyingFreeDeliveryFilterFunctionality] Checking if the allowedDateParts have the assert text   Within validateDeliveryFilterOptions method
2026-03-11 07:30:30.574 PM [TestNG-test-Test-3] INFO  [verifyingFreeDeliveryFilterFunctionality] [verifyingFreeDeliveryFilterFunctionality] Within deliveryElements loop iterating over the products  Within validateDeliveryFilterOptions method
2026-03-11 07:30:30.606 PM [TestNG-test-Test-3] INFO  [verifyingFreeDeliveryFilterFunctionality] [verifyingFreeDeliveryFilterFunctionality] Checking if the allowedDateParts have the assert text   Within validateDeliveryFilterOptions method
2026-03-11 07:30:30.607 PM [TestNG-test-Test-3] INFO  [verifyingFreeDeliveryFilterFunctionality] [verifyingFreeDeliveryFilterFunctionality] Within deliveryElements loop iterating over the products  Within validateDeliveryFilterOptions method
2026-03-11 07:30:30.629 PM [TestNG-test-Test-3] INFO  [verifyingFreeDeliveryFilterFunctionality] [verifyingFreeDeliveryFilterFunctionality] Checking if the allowedDateParts have the assert text   Within validateDeliveryFilterOptions method
2026-03-11 07:30:30.629 PM [TestNG-test-Test-3] INFO  [verifyingFreeDeliveryFilterFunctionality] [verifyingFreeDeliveryFilterFunctionality] Within deliveryElements loop iterating over the products  Within validateDeliveryFilterOptions method
2026-03-11 07:30:30.662 PM [TestNG-test-Test-3] INFO  [verifyingFreeDeliveryFilterFunctionality] [verifyingFreeDeliveryFilterFunctionality] Checking if the allowedDateParts have the assert text   Within validateDeliveryFilterOptions method
2026-03-11 07:30:30.662 PM [TestNG-test-Test-3] INFO  [verifyingFreeDeliveryFilterFunctionality] [verifyingFreeDeliveryFilterFunctionality] Within deliveryElements loop iterating over the products  Within validateDeliveryFilterOptions method
2026-03-11 07:30:30.695 PM [TestNG-test-Test-3] INFO  [verifyingFreeDeliveryFilterFunctionality] [verifyingFreeDeliveryFilterFunctionality] Checking if the allowedDateParts have the assert text   Within validateDeliveryFilterOptions method
2026-03-11 07:30:30.695 PM [TestNG-test-Test-3] INFO  [verifyingFreeDeliveryFilterFunctionality] [verifyingFreeDeliveryFilterFunctionality] Within deliveryElements loop iterating over the products  Within validateDeliveryFilterOptions method
2026-03-11 07:30:30.735 PM [TestNG-test-Test-3] INFO  [verifyingFreeDeliveryFilterFunctionality] [verifyingFreeDeliveryFilterFunctionality] Checking if the allowedDateParts have the assert text   Within validateDeliveryFilterOptions method
2026-03-11 07:30:30.735 PM [TestNG-test-Test-3] INFO  [verifyingFreeDeliveryFilterFunctionality] [verifyingFreeDeliveryFilterFunctionality] Within deliveryElements loop iterating over the products  Within validateDeliveryFilterOptions method
2026-03-11 07:30:30.761 PM [TestNG-test-Test-3] INFO  [verifyingFreeDeliveryFilterFunctionality] [verifyingFreeDeliveryFilterFunctionality] Checking if the allowedDateParts have the assert text   Within validateDeliveryFilterOptions method
2026-03-11 07:30:30.761 PM [TestNG-test-Test-3] INFO  [verifyingFreeDeliveryFilterFunctionality] [verifyingFreeDeliveryFilterFunctionality] Within deliveryElements loop iterating over the products  Within validateDeliveryFilterOptions method
2026-03-11 07:30:30.784 PM [TestNG-test-Test-3] INFO  [verifyingFreeDeliveryFilterFunctionality] [verifyingFreeDeliveryFilterFunctionality] Checking if the allowedDateParts have the assert text   Within validateDeliveryFilterOptions method
2026-03-11 07:30:30.784 PM [TestNG-test-Test-3] INFO  [verifyingFreeDeliveryFilterFunctionality] [verifyingFreeDeliveryFilterFunctionality] Within deliveryElements loop iterating over the products  Within validateDeliveryFilterOptions method
2026-03-11 07:30:30.806 PM [TestNG-test-Test-3] INFO  [verifyingFreeDeliveryFilterFunctionality] [verifyingFreeDeliveryFilterFunctionality] Checking if the allowedDateParts have the assert text   Within validateDeliveryFilterOptions method
2026-03-11 07:30:30.806 PM [TestNG-test-Test-3] INFO  [verifyingFreeDeliveryFilterFunctionality] [verifyingFreeDeliveryFilterFunctionality] Within deliveryElements loop iterating over the products  Within validateDeliveryFilterOptions method
2026-03-11 07:30:30.830 PM [TestNG-test-Test-3] INFO  [verifyingFreeDeliveryFilterFunctionality] [verifyingFreeDeliveryFilterFunctionality] Checking if the allowedDateParts have the assert text   Within validateDeliveryFilterOptions method
2026-03-11 07:30:30.830 PM [TestNG-test-Test-3] INFO  [verifyingFreeDeliveryFilterFunctionality] [verifyingFreeDeliveryFilterFunctionality] Within deliveryElements loop iterating over the products  Within validateDeliveryFilterOptions method
2026-03-11 07:30:30.850 PM [TestNG-test-Test-3] INFO  [verifyingFreeDeliveryFilterFunctionality] [verifyingFreeDeliveryFilterFunctionality] Checking if the allowedDateParts have the assert text   Within validateDeliveryFilterOptions method
2026-03-11 07:30:30.850 PM [TestNG-test-Test-3] INFO  [verifyingFreeDeliveryFilterFunctionality] [verifyingFreeDeliveryFilterFunctionality] Returning the list with boolean values   Within validateDeliveryFilterOptions method
2026-03-11 07:30:30.850 PM [TestNG-test-Test-3] INFO  [verifyingFreeDeliveryFilterFunctionality] [verifyingFreeDeliveryFilterFunctionality] Asserting delivery filter: isValid=true, index=-1, text=All the things are valid no errors
2026-03-11 07:30:30.853 PM [TestNG-test-Test-3] INFO  [verifyingFreeDeliveryFilterFunctionality] ✅ Finished test method: verifyingFreeDeliveryFilterFunctionality
2026-03-11 07:30:31.162 PM [TestNG-test-Test-3] INFO  [verifyingFreeDeliveryFilterFunctionality] 🔹 Starting test method: verifyingFreeDeliveryFilterFunctionality
2026-03-11 07:30:31.162 PM [TestNG-test-Test-3] INFO  [verifyingFreeDeliveryFilterFunctionality] No existing WebDriver found for current thread. Initializing a new ChromeDriver...
2026-03-11 07:30:31.171 PM [TestNG-test-Test-3] INFO  [verifyingFreeDeliveryFilterFunctionality] WebDriverManager: chromedriver setup OK
2026-03-11 07:30:32.531 PM [TestNG-test-Test-3] INFO  [verifyingFreeDeliveryFilterFunctionality] ChromeDriver initialized successfully for thread: 36
2026-03-11 07:30:33.449 PM [TestNG-test-Test-3] INFO  [verifyingFreeDeliveryFilterFunctionality] [verifyingFreeDeliveryFilterFunctionality] Opening amazon Landing page
2026-03-11 07:30:33.449 PM [TestNG-test-Test-3] INFO  [verifyingFreeDeliveryFilterFunctionality] [verifyingFreeDeliveryFilterFunctionality] Within safeFindElement method
2026-03-11 07:30:38.540 PM [TestNG-test-Test-3] INFO  [verifyingFreeDeliveryFilterFunctionality] [verifyingFreeDeliveryFilterFunctionality]Retrying findElement for: ->By.xpath: //a[@id='nav-logo-sprites']
2026-03-11 07:30:38.668 PM [TestNG-test-Test-3] INFO  [verifyingFreeDeliveryFilterFunctionality] [verifyingFreeDeliveryFilterFunctionality]Refrehsing the page , while trying to safely find : ->By.xpath: //a[@id='nav-logo-sprites']
2026-03-11 07:30:43.909 PM [TestNG-test-Test-3] INFO  [verifyingFreeDeliveryFilterFunctionality] [verifyingFreeDeliveryFilterFunctionality]Retrying findElement for: ->By.xpath: //a[@id='nav-logo-sprites']
2026-03-11 07:30:44.132 PM [TestNG-test-Test-3] INFO  [verifyingFreeDeliveryFilterFunctionality] [verifyingFreeDeliveryFilterFunctionality]Refrehsing the page , while trying to safely find : ->By.xpath: //a[@id='nav-logo-sprites']
2026-03-11 07:30:44.132 PM [TestNG-test-Test-3] INFO  [verifyingFreeDeliveryFilterFunctionality] [verifyingFreeDeliveryFilterFunctionality] Skipping action: Element not found after 2   attemps
2026-03-11 07:30:47.788 PM [TestNG-test-Test-3] INFO  [verifyingFreeDeliveryFilterFunctionality] [verifyingFreeDeliveryFilterFunctionality] Giving input within the search bar
2026-03-11 07:30:47.788 PM [TestNG-test-Test-3] INFO  [verifyingFreeDeliveryFilterFunctionality] [verifyingFreeDeliveryFilterFunctionality] Within safeClick method
2026-03-11 07:30:50.017 PM [TestNG-test-Test-3] INFO  [verifyingFreeDeliveryFilterFunctionality] [verifyingFreeDeliveryFilterFunctionality] Clicked the  [[ChromeDriver: chrome on windows (02827115d83543cef13442803b4f9c27)] -> xpath: //input[@id='nav-search-submit-button']]   using safeClick
2026-03-11 07:30:50.017 PM [TestNG-test-Test-3] INFO  [verifyingFreeDeliveryFilterFunctionality] [verifyingFreeDeliveryFilterFunctionality] Clicking on the submit in the search bar
2026-03-11 07:30:50.220 PM [TestNG-test-Test-3] INFO  [verifyingFreeDeliveryFilterFunctionality] [verifyingFreeDeliveryFilterFunctionality] Waiting until element is visible in viewport
2026-03-11 07:30:50.257 PM [TestNG-test-Test-3] INFO  [verifyingFreeDeliveryFilterFunctionality] [verifyingFreeDeliveryFilterFunctionality] Within validateDeliveryFilterOptionsWithResult method
2026-03-11 07:30:50.258 PM [TestNG-test-Test-3] INFO  [verifyingFreeDeliveryFilterFunctionality] [verifyingFreeDeliveryFilterFunctionality] Within safeClick method
2026-03-11 07:30:50.603 PM [TestNG-test-Test-3] INFO  [verifyingFreeDeliveryFilterFunctionality] [verifyingFreeDeliveryFilterFunctionality] Clicked the  [[ChromeDriver: chrome on windows (02827115d83543cef13442803b4f9c27)] -> xpath: //span[@class='a-size-base a-color-base puis-bold-weight-text' and text()='Eligible for Free Delivery']/parent::div/following-sibling::ul//span[@class='a-size-base a-color-base' and text()='Free Shipping']]   using safeClick
2026-03-11 07:30:50.603 PM [TestNG-test-Test-3] INFO  [verifyingFreeDeliveryFilterFunctionality] [verifyingFreeDeliveryFilterFunctionality] Within getMoreButtonByFilterTypeAndName method
2026-03-11 07:30:50.605 PM [TestNG-test-Test-3] INFO  [verifyingFreeDeliveryFilterFunctionality] [verifyingFreeDeliveryFilterFunctionality] Capturing screenshot: Filter_Applied_is_Eligible_for_Free_Delivery__2026-03-11_193050.jpg
2026-03-11 07:30:50.781 PM [TestNG-test-Test-3] INFO  [verifyingFreeDeliveryFilterFunctionality] [verifyingFreeDeliveryFilterFunctionality] Screenshot saved at: test-output/screenshots/Run_2026-03-11_18-36-52/verifyingFreeDeliveryFilterFunctionality/Filter_Applied_is_Eligible_for_Free_Delivery__2026-03-11_193050.jpg
2026-03-11 07:30:50.782 PM [TestNG-test-Test-3] INFO  [verifyingFreeDeliveryFilterFunctionality] [verifyingFreeDeliveryFilterFunctionality] Clicked on By.xpath: //span[@class='a-size-base a-color-base puis-bold-weight-text' and text()='Eligible for Free Delivery']/parent::div/following-sibling::ul//span[@class='a-size-base a-color-base' and text()='Free Shipping']
2026-03-11 07:30:50.782 PM [TestNG-test-Test-3] INFO  [verifyingFreeDeliveryFilterFunctionality] [verifyingFreeDeliveryFilterFunctionality] Within safeFindElements 
2026-03-11 07:30:51.359 PM [TestNG-test-Test-3] INFO  [verifyingFreeDeliveryFilterFunctionality] [verifyingFreeDeliveryFilterFunctionality] Returning the  [[[ChromeDriver: chrome on windows (02827115d83543cef13442803b4f9c27)] -> xpath: //div[@class='a-section a-spacing-small a-spacing-top-small']], [[ChromeDriver: chrome on windows (02827115d83543cef13442803b4f9c27)] -> xpath: //div[@class='a-section a-spacing-small a-spacing-top-small']], [[ChromeDriver: chrome on windows (02827115d83543cef13442803b4f9c27)] -> xpath: //div[@class='a-section a-spacing-small a-spacing-top-small']], [[ChromeDriver: chrome on windows (02827115d83543cef13442803b4f9c27)] -> xpath: //div[@class='a-section a-spacing-small a-spacing-top-small']], [[ChromeDriver: chrome on windows (02827115d83543cef13442803b4f9c27)] -> xpath: //div[@class='a-section a-spacing-small a-spacing-top-small']], [[ChromeDriver: chrome on windows (02827115d83543cef13442803b4f9c27)] -> xpath: //div[@class='a-section a-spacing-small a-spacing-top-small']], [[ChromeDriver: chrome on windows (02827115d83543cef13442803b4f9c27)] -> xpath: //div[@class='a-section a-spacing-small a-spacing-top-small']], [[ChromeDriver: chrome on windows (02827115d83543cef13442803b4f9c27)] -> xpath: //div[@class='a-section a-spacing-small a-spacing-top-small']], [[ChromeDriver: chrome on windows (02827115d83543cef13442803b4f9c27)] -> xpath: //div[@class='a-section a-spacing-small a-spacing-top-small']], [[ChromeDriver: chrome on windows (02827115d83543cef13442803b4f9c27)] -> xpath: //div[@class='a-section a-spacing-small a-spacing-top-small']], [[ChromeDriver: chrome on windows (02827115d83543cef13442803b4f9c27)] -> xpath: //div[@class='a-section a-spacing-small a-spacing-top-small']], [[ChromeDriver: chrome on windows (02827115d83543cef13442803b4f9c27)] -> xpath: //div[@class='a-section a-spacing-small a-spacing-top-small']], [[ChromeDriver: chrome on windows (02827115d83543cef13442803b4f9c27)] -> xpath: //div[@class='a-section a-spacing-small a-spacing-top-small']], [[ChromeDriver: chrome on windows (02827115d83543cef13442803b4f9c27)] -> xpath: //div[@class='a-section a-spacing-small a-spacing-top-small']], [[ChromeDriver: chrome on windows (02827115d83543cef13442803b4f9c27)] -> xpath: //div[@class='a-section a-spacing-small a-spacing-top-small']], [[ChromeDriver: chrome on windows (02827115d83543cef13442803b4f9c27)] -> xpath: //div[@class='a-section a-spacing-small a-spacing-top-small']]] from the safeFindElements method
2026-03-11 07:30:51.359 PM [TestNG-test-Test-3] INFO  [verifyingFreeDeliveryFilterFunctionality] [verifyingFreeDeliveryFilterFunctionality] Created hashset with required data to assert with Within validateDeliveryFilterOptions method
2026-03-11 07:30:51.360 PM [TestNG-test-Test-3] INFO  [verifyingFreeDeliveryFilterFunctionality] [verifyingFreeDeliveryFilterFunctionality] this is the set  [11, Thu, 12, Today, FREE delivery, Wed, Tomorrow, Mar]
2026-03-11 07:30:51.360 PM [TestNG-test-Test-3] INFO  [verifyingFreeDeliveryFilterFunctionality] [verifyingFreeDeliveryFilterFunctionality] Within deliveryElements loop iterating over the products  Within validateDeliveryFilterOptions method
2026-03-11 07:30:51.393 PM [TestNG-test-Test-3] INFO  [verifyingFreeDeliveryFilterFunctionality] [verifyingFreeDeliveryFilterFunctionality] Checking if the allowedDateParts have the assert text   Within validateDeliveryFilterOptions method
2026-03-11 07:30:51.394 PM [TestNG-test-Test-3] INFO  [verifyingFreeDeliveryFilterFunctionality] [verifyingFreeDeliveryFilterFunctionality] Within deliveryElements loop iterating over the products  Within validateDeliveryFilterOptions method
2026-03-11 07:30:51.423 PM [TestNG-test-Test-3] INFO  [verifyingFreeDeliveryFilterFunctionality] [verifyingFreeDeliveryFilterFunctionality] Checking if the allowedDateParts have the assert text   Within validateDeliveryFilterOptions method
2026-03-11 07:30:51.423 PM [TestNG-test-Test-3] INFO  [verifyingFreeDeliveryFilterFunctionality] [verifyingFreeDeliveryFilterFunctionality] Within deliveryElements loop iterating over the products  Within validateDeliveryFilterOptions method
2026-03-11 07:30:51.453 PM [TestNG-test-Test-3] INFO  [verifyingFreeDeliveryFilterFunctionality] [verifyingFreeDeliveryFilterFunctionality] Checking if the allowedDateParts have the assert text   Within validateDeliveryFilterOptions method
2026-03-11 07:30:51.453 PM [TestNG-test-Test-3] INFO  [verifyingFreeDeliveryFilterFunctionality] [verifyingFreeDeliveryFilterFunctionality] Within deliveryElements loop iterating over the products  Within validateDeliveryFilterOptions method
2026-03-11 07:30:51.481 PM [TestNG-test-Test-3] INFO  [verifyingFreeDeliveryFilterFunctionality] [verifyingFreeDeliveryFilterFunctionality] Checking if the allowedDateParts have the assert text   Within validateDeliveryFilterOptions method
2026-03-11 07:30:51.481 PM [TestNG-test-Test-3] INFO  [verifyingFreeDeliveryFilterFunctionality] [verifyingFreeDeliveryFilterFunctionality] Within deliveryElements loop iterating over the products  Within validateDeliveryFilterOptions method
2026-03-11 07:30:51.508 PM [TestNG-test-Test-3] INFO  [verifyingFreeDeliveryFilterFunctionality] [verifyingFreeDeliveryFilterFunctionality] Checking if the allowedDateParts have the assert text   Within validateDeliveryFilterOptions method
2026-03-11 07:30:51.508 PM [TestNG-test-Test-3] INFO  [verifyingFreeDeliveryFilterFunctionality] [verifyingFreeDeliveryFilterFunctionality] Within deliveryElements loop iterating over the products  Within validateDeliveryFilterOptions method
2026-03-11 07:30:51.545 PM [TestNG-test-Test-3] INFO  [verifyingFreeDeliveryFilterFunctionality] [verifyingFreeDeliveryFilterFunctionality] Checking if the allowedDateParts have the assert text   Within validateDeliveryFilterOptions method
2026-03-11 07:30:51.546 PM [TestNG-test-Test-3] INFO  [verifyingFreeDeliveryFilterFunctionality] [verifyingFreeDeliveryFilterFunctionality] Within deliveryElements loop iterating over the products  Within validateDeliveryFilterOptions method
2026-03-11 07:30:51.568 PM [TestNG-test-Test-3] INFO  [verifyingFreeDeliveryFilterFunctionality] [verifyingFreeDeliveryFilterFunctionality] Checking if the allowedDateParts have the assert text   Within validateDeliveryFilterOptions method
2026-03-11 07:30:51.568 PM [TestNG-test-Test-3] INFO  [verifyingFreeDeliveryFilterFunctionality] [verifyingFreeDeliveryFilterFunctionality] Within deliveryElements loop iterating over the products  Within validateDeliveryFilterOptions method
2026-03-11 07:30:51.598 PM [TestNG-test-Test-3] INFO  [verifyingFreeDeliveryFilterFunctionality] [verifyingFreeDeliveryFilterFunctionality] Checking if the allowedDateParts have the assert text   Within validateDeliveryFilterOptions method
2026-03-11 07:30:51.598 PM [TestNG-test-Test-3] INFO  [verifyingFreeDeliveryFilterFunctionality] [verifyingFreeDeliveryFilterFunctionality] Within deliveryElements loop iterating over the products  Within validateDeliveryFilterOptions method
2026-03-11 07:30:51.620 PM [TestNG-test-Test-3] INFO  [verifyingFreeDeliveryFilterFunctionality] [verifyingFreeDeliveryFilterFunctionality] Checking if the allowedDateParts have the assert text   Within validateDeliveryFilterOptions method
2026-03-11 07:30:51.620 PM [TestNG-test-Test-3] INFO  [verifyingFreeDeliveryFilterFunctionality] [verifyingFreeDeliveryFilterFunctionality] Within deliveryElements loop iterating over the products  Within validateDeliveryFilterOptions method
2026-03-11 07:30:51.641 PM [TestNG-test-Test-3] INFO  [verifyingFreeDeliveryFilterFunctionality] [verifyingFreeDeliveryFilterFunctionality] Checking if the allowedDateParts have the assert text   Within validateDeliveryFilterOptions method
2026-03-11 07:30:51.641 PM [TestNG-test-Test-3] INFO  [verifyingFreeDeliveryFilterFunctionality] [verifyingFreeDeliveryFilterFunctionality] Within deliveryElements loop iterating over the products  Within validateDeliveryFilterOptions method
2026-03-11 07:30:51.664 PM [TestNG-test-Test-3] INFO  [verifyingFreeDeliveryFilterFunctionality] [verifyingFreeDeliveryFilterFunctionality] Checking if the allowedDateParts have the assert text   Within validateDeliveryFilterOptions method
2026-03-11 07:30:51.664 PM [TestNG-test-Test-3] INFO  [verifyingFreeDeliveryFilterFunctionality] [verifyingFreeDeliveryFilterFunctionality] Within deliveryElements loop iterating over the products  Within validateDeliveryFilterOptions method
2026-03-11 07:30:51.692 PM [TestNG-test-Test-3] INFO  [verifyingFreeDeliveryFilterFunctionality] [verifyingFreeDeliveryFilterFunctionality] Checking if the allowedDateParts have the assert text   Within validateDeliveryFilterOptions method
2026-03-11 07:30:51.692 PM [TestNG-test-Test-3] INFO  [verifyingFreeDeliveryFilterFunctionality] [verifyingFreeDeliveryFilterFunctionality] Within deliveryElements loop iterating over the products  Within validateDeliveryFilterOptions method
2026-03-11 07:30:51.718 PM [TestNG-test-Test-3] INFO  [verifyingFreeDeliveryFilterFunctionality] [verifyingFreeDeliveryFilterFunctionality] Checking if the allowedDateParts have the assert text   Within validateDeliveryFilterOptions method
2026-03-11 07:30:51.718 PM [TestNG-test-Test-3] INFO  [verifyingFreeDeliveryFilterFunctionality] [verifyingFreeDeliveryFilterFunctionality] Within deliveryElements loop iterating over the products  Within validateDeliveryFilterOptions method
2026-03-11 07:30:51.738 PM [TestNG-test-Test-3] INFO  [verifyingFreeDeliveryFilterFunctionality] [verifyingFreeDeliveryFilterFunctionality] Checking if the allowedDateParts have the assert text   Within validateDeliveryFilterOptions method
2026-03-11 07:30:51.738 PM [TestNG-test-Test-3] INFO  [verifyingFreeDeliveryFilterFunctionality] [verifyingFreeDeliveryFilterFunctionality] Within deliveryElements loop iterating over the products  Within validateDeliveryFilterOptions method
2026-03-11 07:30:51.758 PM [TestNG-test-Test-3] INFO  [verifyingFreeDeliveryFilterFunctionality] [verifyingFreeDeliveryFilterFunctionality] Checking if the allowedDateParts have the assert text   Within validateDeliveryFilterOptions method
2026-03-11 07:30:51.758 PM [TestNG-test-Test-3] INFO  [verifyingFreeDeliveryFilterFunctionality] [verifyingFreeDeliveryFilterFunctionality] Within deliveryElements loop iterating over the products  Within validateDeliveryFilterOptions method
2026-03-11 07:30:51.783 PM [TestNG-test-Test-3] INFO  [verifyingFreeDeliveryFilterFunctionality] [verifyingFreeDeliveryFilterFunctionality] Checking if the allowedDateParts have the assert text   Within validateDeliveryFilterOptions method
2026-03-11 07:30:51.783 PM [TestNG-test-Test-3] INFO  [verifyingFreeDeliveryFilterFunctionality] [verifyingFreeDeliveryFilterFunctionality] Returning the list with boolean values   Within validateDeliveryFilterOptions method
2026-03-11 07:30:51.783 PM [TestNG-test-Test-3] INFO  [verifyingFreeDeliveryFilterFunctionality] [verifyingFreeDeliveryFilterFunctionality] Asserting delivery filter: isValid=true, index=-1, text=All the things are valid no errors
2026-03-11 07:30:51.787 PM [TestNG-test-Test-3] INFO  [verifyingFreeDeliveryFilterFunctionality] ✅ Finished test method: verifyingFreeDeliveryFilterFunctionality
