19:08:19 [TestNG-test-Test-3] INFO  verifyingGetItByTomorrowFilterFunctionality_Laptop_19-08-19 - No existing WebDriver found for current thread. Initializing a new ChromeDriver...
19:08:19 [TestNG-test-Test-3] INFO  verifyingGetItByTomorrowFilterFunctionality_Laptop_19-08-19 - WebDriverManager: chromedriver setup OK
19:08:21 [TestNG-test-Test-3] INFO  verifyingGetItByTomorrowFilterFunctionality_Laptop_19-08-19 - ChromeDriver initialized successfully for thread: 36
19:08:22 [TestNG-test-Test-3] INFO  verifyingGetItByTomorrowFilterFunctionality_Laptop_19-08-19 - [verifyingGetItByTomorrowFilterFunctionality_Laptop_19-08-19] Opening amazon Landing page
19:08:22 [TestNG-test-Test-3] INFO  verifyingGetItByTomorrowFilterFunctionality_Laptop_19-08-19 - [verifyingGetItByTomorrowFilterFunctionality_Laptop_19-08-19] Within safeFindElement method
19:08:27 [TestNG-test-Test-3] INFO  verifyingGetItByTomorrowFilterFunctionality_Laptop_19-08-19 - [verifyingGetItByTomorrowFilterFunctionality_Laptop_19-08-19]Retrying findElement for: ->By.xpath: //a[@id='nav-logo-sprites']
19:08:27 [TestNG-test-Test-3] INFO  verifyingGetItByTomorrowFilterFunctionality_Laptop_19-08-19 - [verifyingGetItByTomorrowFilterFunctionality_Laptop_19-08-19]Refrehsing the page , while trying to safely find : ->By.xpath: //a[@id='nav-logo-sprites']
19:08:32 [TestNG-test-Test-3] INFO  verifyingGetItByTomorrowFilterFunctionality_Laptop_19-08-19 - [verifyingGetItByTomorrowFilterFunctionality_Laptop_19-08-19]Retrying findElement for: ->By.xpath: //a[@id='nav-logo-sprites']
19:08:33 [TestNG-test-Test-3] INFO  verifyingGetItByTomorrowFilterFunctionality_Laptop_19-08-19 - [verifyingGetItByTomorrowFilterFunctionality_Laptop_19-08-19]Refrehsing the page , while trying to safely find : ->By.xpath: //a[@id='nav-logo-sprites']
19:08:33 [TestNG-test-Test-3] INFO  verifyingGetItByTomorrowFilterFunctionality_Laptop_19-08-19 - [verifyingGetItByTomorrowFilterFunctionality_Laptop_19-08-19] Skipping action: Element not found after 2   attemps
19:08:44 [TestNG-test-Test-3] INFO  verifyingGetItByTomorrowFilterFunctionality_Laptop_19-08-19 - [verifyingGetItByTomorrowFilterFunctionality_Laptop_19-08-19] Giving input within the search bar
19:08:44 [TestNG-test-Test-3] INFO  verifyingGetItByTomorrowFilterFunctionality_Laptop_19-08-19 - [verifyingGetItByTomorrowFilterFunctionality_Laptop_19-08-19] Within safeClick method
19:08:49 [TestNG-test-Test-3] INFO  verifyingGetItByTomorrowFilterFunctionality_Laptop_19-08-19 - [verifyingGetItByTomorrowFilterFunctionality_Laptop_19-08-19] Clicked the  [[ChromeDriver: chrome on windows (d201c63bc8bed56124be4347255873f0)] -> xpath: //input[@id='nav-search-submit-button']]   using safeClick
19:08:49 [TestNG-test-Test-3] INFO  verifyingGetItByTomorrowFilterFunctionality_Laptop_19-08-19 - [verifyingGetItByTomorrowFilterFunctionality_Laptop_19-08-19] Clicking on the submit in the search bar
19:08:49 [TestNG-test-Test-3] INFO  verifyingGetItByTomorrowFilterFunctionality_Laptop_19-08-19 - [verifyingGetItByTomorrowFilterFunctionality_Laptop_19-08-19] Waiting until element is visible in viewport
19:08:50 [TestNG-test-Test-3] INFO  verifyingGetItByTomorrowFilterFunctionality_Laptop_19-08-19 - [verifyingGetItByTomorrowFilterFunctionality_Laptop_19-08-19] Within validateDeliveryFilterOptionsWithResult method
19:08:50 [TestNG-test-Test-3] INFO  verifyingGetItByTomorrowFilterFunctionality_Laptop_19-08-19 - [verifyingGetItByTomorrowFilterFunctionality_Laptop_19-08-19] Within safeClick method
19:08:52 [TestNG-test-Test-3] INFO  verifyingGetItByTomorrowFilterFunctionality_Laptop_19-08-19 - [verifyingGetItByTomorrowFilterFunctionality_Laptop_19-08-19] Clicked the  [[ChromeDriver: chrome on windows (d201c63bc8bed56124be4347255873f0)] -> xpath: //span[@class='a-size-base a-color-base puis-bold-weight-text' and text()='Delivery Day']/parent::div/following-sibling::ul//span[@class='a-size-base a-color-base' and text()='Get It by Tomorrow']]   using safeClick
19:08:52 [TestNG-test-Test-3] INFO  verifyingGetItByTomorrowFilterFunctionality_Laptop_19-08-19 - [verifyingGetItByTomorrowFilterFunctionality_Laptop_19-08-19] Within getMoreButtonByFilterTypeAndName method
19:08:52 [TestNG-test-Test-3] INFO  verifyingGetItByTomorrowFilterFunctionality_Laptop_19-08-19 - [verifyingGetItByTomorrowFilterFunctionality_Laptop_19-08-19] Clicked on By.xpath: //span[@class='a-size-base a-color-base puis-bold-weight-text' and text()='Delivery Day']/parent::div/following-sibling::ul//span[@class='a-size-base a-color-base' and text()='Get It by Tomorrow']
19:08:52 [TestNG-test-Test-3] INFO  verifyingGetItByTomorrowFilterFunctionality_Laptop_19-08-19 - [verifyingGetItByTomorrowFilterFunctionality_Laptop_19-08-19] Within safeFindElements 
19:08:52 [TestNG-test-Test-3] INFO  verifyingGetItByTomorrowFilterFunctionality_Laptop_19-08-19 - [verifyingGetItByTomorrowFilterFunctionality_Laptop_19-08-19] Returning the  [[[ChromeDriver: chrome on windows (d201c63bc8bed56124be4347255873f0)] -> xpath: //div[@class='a-section a-spacing-small a-spacing-top-small']], [[ChromeDriver: chrome on windows (d201c63bc8bed56124be4347255873f0)] -> xpath: //div[@class='a-section a-spacing-small a-spacing-top-small']], [[ChromeDriver: chrome on windows (d201c63bc8bed56124be4347255873f0)] -> xpath: //div[@class='a-section a-spacing-small a-spacing-top-small']], [[ChromeDriver: chrome on windows (d201c63bc8bed56124be4347255873f0)] -> xpath: //div[@class='a-section a-spacing-small a-spacing-top-small']], [[ChromeDriver: chrome on windows (d201c63bc8bed56124be4347255873f0)] -> xpath: //div[@class='a-section a-spacing-small a-spacing-top-small']], [[ChromeDriver: chrome on windows (d201c63bc8bed56124be4347255873f0)] -> xpath: //div[@class='a-section a-spacing-small a-spacing-top-small']], [[ChromeDriver: chrome on windows (d201c63bc8bed56124be4347255873f0)] -> xpath: //div[@class='a-section a-spacing-small a-spacing-top-small']], [[ChromeDriver: chrome on windows (d201c63bc8bed56124be4347255873f0)] -> xpath: //div[@class='a-section a-spacing-small a-spacing-top-small']], [[ChromeDriver: chrome on windows (d201c63bc8bed56124be4347255873f0)] -> xpath: //div[@class='a-section a-spacing-small a-spacing-top-small']], [[ChromeDriver: chrome on windows (d201c63bc8bed56124be4347255873f0)] -> xpath: //div[@class='a-section a-spacing-small a-spacing-top-small']], [[ChromeDriver: chrome on windows (d201c63bc8bed56124be4347255873f0)] -> xpath: //div[@class='a-section a-spacing-small a-spacing-top-small']], [[ChromeDriver: chrome on windows (d201c63bc8bed56124be4347255873f0)] -> xpath: //div[@class='a-section a-spacing-small a-spacing-top-small']], [[ChromeDriver: chrome on windows (d201c63bc8bed56124be4347255873f0)] -> xpath: //div[@class='a-section a-spacing-small a-spacing-top-small']], [[ChromeDriver: chrome on windows (d201c63bc8bed56124be4347255873f0)] -> xpath: //div[@class='a-section a-spacing-small a-spacing-top-small']], [[ChromeDriver: chrome on windows (d201c63bc8bed56124be4347255873f0)] -> xpath: //div[@class='a-section a-spacing-small a-spacing-top-small']], [[ChromeDriver: chrome on windows (d201c63bc8bed56124be4347255873f0)] -> xpath: //div[@class='a-section a-spacing-small a-spacing-top-small']]] from the safeFindElements method
19:08:52 [TestNG-test-Test-3] INFO  verifyingGetItByTomorrowFilterFunctionality_Laptop_19-08-19 - [verifyingGetItByTomorrowFilterFunctionality_Laptop_19-08-19] Created hashset with required data to assert with Within validateDeliveryFilterOptions method
19:08:52 [TestNG-test-Test-3] INFO  verifyingGetItByTomorrowFilterFunctionality_Laptop_19-08-19 - [verifyingGetItByTomorrowFilterFunctionality_Laptop_19-08-19] this is the set  [Apr, Today, 04, 05, FREE delivery, Sat, Sun, Tomorrow]
19:08:52 [TestNG-test-Test-3] INFO  verifyingGetItByTomorrowFilterFunctionality_Laptop_19-08-19 - [verifyingGetItByTomorrowFilterFunctionality_Laptop_19-08-19] Within deliveryElements loop iterating over the products  Within validateDeliveryFilterOptions method
19:08:52 [TestNG-test-Test-3] INFO  verifyingGetItByTomorrowFilterFunctionality_Laptop_19-08-19 - [verifyingGetItByTomorrowFilterFunctionality_Laptop_19-08-19] Checking if the allowedDateParts have the assert text   Within validateDeliveryFilterOptions method
19:08:52 [TestNG-test-Test-3] INFO  verifyingGetItByTomorrowFilterFunctionality_Laptop_19-08-19 - [verifyingGetItByTomorrowFilterFunctionality_Laptop_19-08-19] Within deliveryElements loop iterating over the products  Within validateDeliveryFilterOptions method
19:08:52 [TestNG-test-Test-3] INFO  verifyingGetItByTomorrowFilterFunctionality_Laptop_19-08-19 - [verifyingGetItByTomorrowFilterFunctionality_Laptop_19-08-19] Checking if the allowedDateParts have the assert text   Within validateDeliveryFilterOptions method
19:08:52 [TestNG-test-Test-3] INFO  verifyingGetItByTomorrowFilterFunctionality_Laptop_19-08-19 - [verifyingGetItByTomorrowFilterFunctionality_Laptop_19-08-19] Within deliveryElements loop iterating over the products  Within validateDeliveryFilterOptions method
19:08:52 [TestNG-test-Test-3] INFO  verifyingGetItByTomorrowFilterFunctionality_Laptop_19-08-19 - [verifyingGetItByTomorrowFilterFunctionality_Laptop_19-08-19] Checking if the allowedDateParts have the assert text   Within validateDeliveryFilterOptions method
19:08:52 [TestNG-test-Test-3] INFO  verifyingGetItByTomorrowFilterFunctionality_Laptop_19-08-19 - [verifyingGetItByTomorrowFilterFunctionality_Laptop_19-08-19] Within deliveryElements loop iterating over the products  Within validateDeliveryFilterOptions method
19:08:52 [TestNG-test-Test-3] INFO  verifyingGetItByTomorrowFilterFunctionality_Laptop_19-08-19 - [verifyingGetItByTomorrowFilterFunctionality_Laptop_19-08-19] Assert text not found wihtin AllowedDateParts
19:08:52 [TestNG-test-Test-3] INFO  verifyingGetItByTomorrowFilterFunctionality_Laptop_19-08-19 - [verifyingGetItByTomorrowFilterFunctionality_Laptop_19-08-19] Asserting delivery filter: isValid=false, index=3, text=MSI Modern 14, Intel 12th Gen. i7 1255U,36CM Laptop(16GB/512GB NVMe SSD/Windows 11 Home/Iris Xe/Classic Black/1.4Kg), C12MO-1202IN
4.2
(134)
₹48,000
M.R.P:
₹85,000 (44% off)
Add to cart
