2026-01-24 03:07:15.868 PM [TestNG-test-Test-2] INFO  [verifyingGetItIn2DaysFilterFunctionality] 🔹 Starting test method: verifyingGetItIn2DaysFilterFunctionality
2026-01-24 03:07:15.871 PM [TestNG-test-Test-2] INFO  [verifyingGetItIn2DaysFilterFunctionality] No existing WebDriver found for current thread. Initializing a new ChromeDriver...
2026-01-24 03:07:15.878 PM [TestNG-test-Test-2] INFO  [verifyingGetItIn2DaysFilterFunctionality] WebDriverManager: geckodriver setup OK
2026-01-24 03:07:18.482 PM [TestNG-test-Test-2] INFO  [verifyingGetItIn2DaysFilterFunctionality] FirefoxDriver initialized successfully for thread: 35
2026-01-24 03:07:19.042 PM [TestNG-test-Test-2] INFO  [verifyingGetItIn2DaysFilterFunctionality] [verifyingGetItIn2DaysFilterFunctionality] Opening amazon Landing page
2026-01-24 03:07:19.042 PM [TestNG-test-Test-2] INFO  [verifyingGetItIn2DaysFilterFunctionality] [verifyingGetItIn2DaysFilterFunctionality] Within safeFindElement method
2026-01-24 03:07:29.160 PM [TestNG-test-Test-2] INFO  [verifyingGetItIn2DaysFilterFunctionality] [verifyingGetItIn2DaysFilterFunctionality]Retrying findElement for: ->By.xpath: //a[@id='nav-logo-sprites']
2026-01-24 03:07:29.728 PM [TestNG-test-Test-2] INFO  [verifyingGetItIn2DaysFilterFunctionality] [verifyingGetItIn2DaysFilterFunctionality]Refrehsing the page , while trying to safely find : ->By.xpath: //a[@id='nav-logo-sprites']
2026-01-24 03:07:40.925 PM [TestNG-test-Test-2] INFO  [verifyingGetItIn2DaysFilterFunctionality] [verifyingGetItIn2DaysFilterFunctionality]Retrying findElement for: ->By.xpath: //a[@id='nav-logo-sprites']
2026-01-24 03:07:41.511 PM [TestNG-test-Test-2] INFO  [verifyingGetItIn2DaysFilterFunctionality] [verifyingGetItIn2DaysFilterFunctionality]Refrehsing the page , while trying to safely find : ->By.xpath: //a[@id='nav-logo-sprites']
2026-01-24 03:07:42.512 PM [TestNG-test-Test-2] INFO  [verifyingGetItIn2DaysFilterFunctionality] [verifyingGetItIn2DaysFilterFunctionality] Skipping action: Element not found after 2   attemps
2026-01-24 03:07:46.485 PM [TestNG-test-Test-2] INFO  [verifyingGetItIn2DaysFilterFunctionality] [verifyingGetItIn2DaysFilterFunctionality] Giving input within the search bar
2026-01-24 03:07:46.486 PM [TestNG-test-Test-2] INFO  [verifyingGetItIn2DaysFilterFunctionality] [verifyingGetItIn2DaysFilterFunctionality] Within safeClick method
2026-01-24 03:07:48.963 PM [TestNG-test-Test-2] INFO  [verifyingGetItIn2DaysFilterFunctionality] [verifyingGetItIn2DaysFilterFunctionality] Clicked the  [[FirefoxDriver: firefox on windows (f81ba6dd-54c7-47e9-9e54-4a61624ea07b)] -> xpath: //input[@id='nav-search-submit-button']]   using safeClick
2026-01-24 03:07:48.964 PM [TestNG-test-Test-2] INFO  [verifyingGetItIn2DaysFilterFunctionality] [verifyingGetItIn2DaysFilterFunctionality] Clicking on the submit in the search bar
2026-01-24 03:07:49.405 PM [TestNG-test-Test-2] INFO  [verifyingGetItIn2DaysFilterFunctionality] [verifyingGetItIn2DaysFilterFunctionality] Waiting until element is visible in viewport
2026-01-24 03:07:49.553 PM [TestNG-test-Test-2] INFO  [verifyingGetItIn2DaysFilterFunctionality] [verifyingGetItIn2DaysFilterFunctionality] Within validateDeliveryFilterOptionsWithResult method
2026-01-24 03:07:49.554 PM [TestNG-test-Test-2] INFO  [verifyingGetItIn2DaysFilterFunctionality] [verifyingGetItIn2DaysFilterFunctionality] Within safeClick method
2026-01-24 03:07:49.717 PM [TestNG-test-Test-2] INFO  [verifyingGetItIn2DaysFilterFunctionality] [verifyingGetItIn2DaysFilterFunctionality] Clicked the  [[FirefoxDriver: firefox on windows (f81ba6dd-54c7-47e9-9e54-4a61624ea07b)] -> xpath: //span[@class='a-size-base a-color-base puis-bold-weight-text' and text()='Delivery Day']/parent::div/following-sibling::ul//span[@class='a-size-base a-color-base' and text()='Get It in 2 Days']]   using safeClick
2026-01-24 03:07:51.718 PM [TestNG-test-Test-2] INFO  [verifyingGetItIn2DaysFilterFunctionality] [verifyingGetItIn2DaysFilterFunctionality] Within getMoreButtonByFilterTypeAndName method
2026-01-24 03:07:51.718 PM [TestNG-test-Test-2] INFO  [verifyingGetItIn2DaysFilterFunctionality] [verifyingGetItIn2DaysFilterFunctionality] Capturing screenshot: Filter_Applied_is_Get_It_in_2_Days__2026-01-24_150751.png
2026-01-24 03:07:51.798 PM [TestNG-test-Test-2] INFO  [verifyingGetItIn2DaysFilterFunctionality] [verifyingGetItIn2DaysFilterFunctionality] Screenshot saved at: test-output/screenshots/Run_2026-01-24_14-54-41/verifyingGetItIn2DaysFilterFunctionality/Filter_Applied_is_Get_It_in_2_Days__2026-01-24_150751.png
2026-01-24 03:07:51.798 PM [TestNG-test-Test-2] INFO  [verifyingGetItIn2DaysFilterFunctionality] [verifyingGetItIn2DaysFilterFunctionality] Clicked on By.xpath: //span[@class='a-size-base a-color-base puis-bold-weight-text' and text()='Delivery Day']/parent::div/following-sibling::ul//span[@class='a-size-base a-color-base' and text()='Get It in 2 Days']
2026-01-24 03:07:53.799 PM [TestNG-test-Test-2] INFO  [verifyingGetItIn2DaysFilterFunctionality] [verifyingGetItIn2DaysFilterFunctionality] Within safeFindElements 
2026-01-24 03:07:53.827 PM [TestNG-test-Test-2] INFO  [verifyingGetItIn2DaysFilterFunctionality] [verifyingGetItIn2DaysFilterFunctionality] Returning the  [[[FirefoxDriver: firefox on windows (f81ba6dd-54c7-47e9-9e54-4a61624ea07b)] -> xpath: //div[@class='a-section a-spacing-small a-spacing-top-small']], [[FirefoxDriver: firefox on windows (f81ba6dd-54c7-47e9-9e54-4a61624ea07b)] -> xpath: //div[@class='a-section a-spacing-small a-spacing-top-small']], [[FirefoxDriver: firefox on windows (f81ba6dd-54c7-47e9-9e54-4a61624ea07b)] -> xpath: //div[@class='a-section a-spacing-small a-spacing-top-small']], [[FirefoxDriver: firefox on windows (f81ba6dd-54c7-47e9-9e54-4a61624ea07b)] -> xpath: //div[@class='a-section a-spacing-small a-spacing-top-small']], [[FirefoxDriver: firefox on windows (f81ba6dd-54c7-47e9-9e54-4a61624ea07b)] -> xpath: //div[@class='a-section a-spacing-small a-spacing-top-small']], [[FirefoxDriver: firefox on windows (f81ba6dd-54c7-47e9-9e54-4a61624ea07b)] -> xpath: //div[@class='a-section a-spacing-small a-spacing-top-small']], [[FirefoxDriver: firefox on windows (f81ba6dd-54c7-47e9-9e54-4a61624ea07b)] -> xpath: //div[@class='a-section a-spacing-small a-spacing-top-small']], [[FirefoxDriver: firefox on windows (f81ba6dd-54c7-47e9-9e54-4a61624ea07b)] -> xpath: //div[@class='a-section a-spacing-small a-spacing-top-small']], [[FirefoxDriver: firefox on windows (f81ba6dd-54c7-47e9-9e54-4a61624ea07b)] -> xpath: //div[@class='a-section a-spacing-small a-spacing-top-small']], [[FirefoxDriver: firefox on windows (f81ba6dd-54c7-47e9-9e54-4a61624ea07b)] -> xpath: //div[@class='a-section a-spacing-small a-spacing-top-small']], [[FirefoxDriver: firefox on windows (f81ba6dd-54c7-47e9-9e54-4a61624ea07b)] -> xpath: //div[@class='a-section a-spacing-small a-spacing-top-small']], [[FirefoxDriver: firefox on windows (f81ba6dd-54c7-47e9-9e54-4a61624ea07b)] -> xpath: //div[@class='a-section a-spacing-small a-spacing-top-small']], [[FirefoxDriver: firefox on windows (f81ba6dd-54c7-47e9-9e54-4a61624ea07b)] -> xpath: //div[@class='a-section a-spacing-small a-spacing-top-small']], [[FirefoxDriver: firefox on windows (f81ba6dd-54c7-47e9-9e54-4a61624ea07b)] -> xpath: //div[@class='a-section a-spacing-small a-spacing-top-small']], [[FirefoxDriver: firefox on windows (f81ba6dd-54c7-47e9-9e54-4a61624ea07b)] -> xpath: //div[@class='a-section a-spacing-small a-spacing-top-small']], [[FirefoxDriver: firefox on windows (f81ba6dd-54c7-47e9-9e54-4a61624ea07b)] -> xpath: //div[@class='a-section a-spacing-small a-spacing-top-small']]] from the safeFindElements method
2026-01-24 03:07:53.828 PM [TestNG-test-Test-2] INFO  [verifyingGetItIn2DaysFilterFunctionality] [verifyingGetItIn2DaysFilterFunctionality] Created hashset with required data to assert with Within validateDeliveryFilterOptions method
2026-01-24 03:07:53.828 PM [TestNG-test-Test-2] INFO  [verifyingGetItIn2DaysFilterFunctionality] [verifyingGetItIn2DaysFilterFunctionality] this is the set  [24, Today, 25, Jan, Sat, Sun, Tomorrow]
2026-01-24 03:07:53.828 PM [TestNG-test-Test-2] INFO  [verifyingGetItIn2DaysFilterFunctionality] [verifyingGetItIn2DaysFilterFunctionality] Within deliveryElements loop iterating over the products  Within validateDeliveryFilterOptions method
2026-01-24 03:07:54.005 PM [TestNG-test-Test-2] INFO  [verifyingGetItIn2DaysFilterFunctionality] [verifyingGetItIn2DaysFilterFunctionality] Checking if the allowedDateParts have the assert text   Within validateDeliveryFilterOptions method
2026-01-24 03:07:54.005 PM [TestNG-test-Test-2] INFO  [verifyingGetItIn2DaysFilterFunctionality] [verifyingGetItIn2DaysFilterFunctionality] Within deliveryElements loop iterating over the products  Within validateDeliveryFilterOptions method
2026-01-24 03:07:54.186 PM [TestNG-test-Test-2] INFO  [verifyingGetItIn2DaysFilterFunctionality] [verifyingGetItIn2DaysFilterFunctionality] Checking if the allowedDateParts have the assert text   Within validateDeliveryFilterOptions method
2026-01-24 03:07:54.186 PM [TestNG-test-Test-2] INFO  [verifyingGetItIn2DaysFilterFunctionality] [verifyingGetItIn2DaysFilterFunctionality] Within deliveryElements loop iterating over the products  Within validateDeliveryFilterOptions method
2026-01-24 03:07:54.289 PM [TestNG-test-Test-2] INFO  [verifyingGetItIn2DaysFilterFunctionality] [verifyingGetItIn2DaysFilterFunctionality] Checking if the allowedDateParts have the assert text   Within validateDeliveryFilterOptions method
2026-01-24 03:07:54.289 PM [TestNG-test-Test-2] INFO  [verifyingGetItIn2DaysFilterFunctionality] [verifyingGetItIn2DaysFilterFunctionality] Within deliveryElements loop iterating over the products  Within validateDeliveryFilterOptions method
2026-01-24 03:07:54.398 PM [TestNG-test-Test-2] INFO  [verifyingGetItIn2DaysFilterFunctionality] [verifyingGetItIn2DaysFilterFunctionality] Checking if the allowedDateParts have the assert text   Within validateDeliveryFilterOptions method
2026-01-24 03:07:54.398 PM [TestNG-test-Test-2] INFO  [verifyingGetItIn2DaysFilterFunctionality] [verifyingGetItIn2DaysFilterFunctionality] Within deliveryElements loop iterating over the products  Within validateDeliveryFilterOptions method
2026-01-24 03:07:54.506 PM [TestNG-test-Test-2] INFO  [verifyingGetItIn2DaysFilterFunctionality] [verifyingGetItIn2DaysFilterFunctionality] Checking if the allowedDateParts have the assert text   Within validateDeliveryFilterOptions method
2026-01-24 03:07:54.506 PM [TestNG-test-Test-2] INFO  [verifyingGetItIn2DaysFilterFunctionality] [verifyingGetItIn2DaysFilterFunctionality] Within deliveryElements loop iterating over the products  Within validateDeliveryFilterOptions method
2026-01-24 03:07:54.629 PM [TestNG-test-Test-2] INFO  [verifyingGetItIn2DaysFilterFunctionality] [verifyingGetItIn2DaysFilterFunctionality] Checking if the allowedDateParts have the assert text   Within validateDeliveryFilterOptions method
2026-01-24 03:07:54.629 PM [TestNG-test-Test-2] INFO  [verifyingGetItIn2DaysFilterFunctionality] [verifyingGetItIn2DaysFilterFunctionality] Within deliveryElements loop iterating over the products  Within validateDeliveryFilterOptions method
2026-01-24 03:07:54.719 PM [TestNG-test-Test-2] INFO  [verifyingGetItIn2DaysFilterFunctionality] [verifyingGetItIn2DaysFilterFunctionality] Checking if the allowedDateParts have the assert text   Within validateDeliveryFilterOptions method
2026-01-24 03:07:54.719 PM [TestNG-test-Test-2] INFO  [verifyingGetItIn2DaysFilterFunctionality] [verifyingGetItIn2DaysFilterFunctionality] Within deliveryElements loop iterating over the products  Within validateDeliveryFilterOptions method
2026-01-24 03:07:54.809 PM [TestNG-test-Test-2] INFO  [verifyingGetItIn2DaysFilterFunctionality] [verifyingGetItIn2DaysFilterFunctionality] Checking if the allowedDateParts have the assert text   Within validateDeliveryFilterOptions method
2026-01-24 03:07:54.809 PM [TestNG-test-Test-2] INFO  [verifyingGetItIn2DaysFilterFunctionality] [verifyingGetItIn2DaysFilterFunctionality] Within deliveryElements loop iterating over the products  Within validateDeliveryFilterOptions method
2026-01-24 03:07:54.929 PM [TestNG-test-Test-2] INFO  [verifyingGetItIn2DaysFilterFunctionality] [verifyingGetItIn2DaysFilterFunctionality] Checking if the allowedDateParts have the assert text   Within validateDeliveryFilterOptions method
2026-01-24 03:07:54.929 PM [TestNG-test-Test-2] INFO  [verifyingGetItIn2DaysFilterFunctionality] [verifyingGetItIn2DaysFilterFunctionality] Within deliveryElements loop iterating over the products  Within validateDeliveryFilterOptions method
2026-01-24 03:07:55.072 PM [TestNG-test-Test-2] INFO  [verifyingGetItIn2DaysFilterFunctionality] [verifyingGetItIn2DaysFilterFunctionality] Checking if the allowedDateParts have the assert text   Within validateDeliveryFilterOptions method
2026-01-24 03:07:55.073 PM [TestNG-test-Test-2] INFO  [verifyingGetItIn2DaysFilterFunctionality] [verifyingGetItIn2DaysFilterFunctionality] Within deliveryElements loop iterating over the products  Within validateDeliveryFilterOptions method
2026-01-24 03:07:55.192 PM [TestNG-test-Test-2] INFO  [verifyingGetItIn2DaysFilterFunctionality] [verifyingGetItIn2DaysFilterFunctionality] Checking if the allowedDateParts have the assert text   Within validateDeliveryFilterOptions method
2026-01-24 03:07:55.192 PM [TestNG-test-Test-2] INFO  [verifyingGetItIn2DaysFilterFunctionality] [verifyingGetItIn2DaysFilterFunctionality] Within deliveryElements loop iterating over the products  Within validateDeliveryFilterOptions method
2026-01-24 03:07:55.288 PM [TestNG-test-Test-2] INFO  [verifyingGetItIn2DaysFilterFunctionality] [verifyingGetItIn2DaysFilterFunctionality] Checking if the allowedDateParts have the assert text   Within validateDeliveryFilterOptions method
2026-01-24 03:07:55.288 PM [TestNG-test-Test-2] INFO  [verifyingGetItIn2DaysFilterFunctionality] [verifyingGetItIn2DaysFilterFunctionality] Within deliveryElements loop iterating over the products  Within validateDeliveryFilterOptions method
2026-01-24 03:07:55.355 PM [TestNG-test-Test-2] INFO  [verifyingGetItIn2DaysFilterFunctionality] [verifyingGetItIn2DaysFilterFunctionality] Checking if the allowedDateParts have the assert text   Within validateDeliveryFilterOptions method
2026-01-24 03:07:55.355 PM [TestNG-test-Test-2] INFO  [verifyingGetItIn2DaysFilterFunctionality] [verifyingGetItIn2DaysFilterFunctionality] Within deliveryElements loop iterating over the products  Within validateDeliveryFilterOptions method
2026-01-24 03:07:55.448 PM [TestNG-test-Test-2] INFO  [verifyingGetItIn2DaysFilterFunctionality] [verifyingGetItIn2DaysFilterFunctionality] Checking if the allowedDateParts have the assert text   Within validateDeliveryFilterOptions method
2026-01-24 03:07:55.448 PM [TestNG-test-Test-2] INFO  [verifyingGetItIn2DaysFilterFunctionality] [verifyingGetItIn2DaysFilterFunctionality] Within deliveryElements loop iterating over the products  Within validateDeliveryFilterOptions method
2026-01-24 03:07:55.541 PM [TestNG-test-Test-2] INFO  [verifyingGetItIn2DaysFilterFunctionality] [verifyingGetItIn2DaysFilterFunctionality] Checking if the allowedDateParts have the assert text   Within validateDeliveryFilterOptions method
2026-01-24 03:07:55.541 PM [TestNG-test-Test-2] INFO  [verifyingGetItIn2DaysFilterFunctionality] [verifyingGetItIn2DaysFilterFunctionality] Within deliveryElements loop iterating over the products  Within validateDeliveryFilterOptions method
2026-01-24 03:07:55.635 PM [TestNG-test-Test-2] INFO  [verifyingGetItIn2DaysFilterFunctionality] [verifyingGetItIn2DaysFilterFunctionality] Checking if the allowedDateParts have the assert text   Within validateDeliveryFilterOptions method
2026-01-24 03:07:55.635 PM [TestNG-test-Test-2] INFO  [verifyingGetItIn2DaysFilterFunctionality] [verifyingGetItIn2DaysFilterFunctionality] Returning the list with boolean values   Within validateDeliveryFilterOptions method
2026-01-24 03:07:55.635 PM [TestNG-test-Test-2] INFO  [verifyingGetItIn2DaysFilterFunctionality] [verifyingGetItIn2DaysFilterFunctionality] Asserting delivery filter: isValid=true, index=-1, text=All the things are valid no errors
2026-01-24 03:07:55.639 PM [TestNG-test-Test-2] INFO  [verifyingGetItIn2DaysFilterFunctionality] ✅ Finished test method: verifyingGetItIn2DaysFilterFunctionality
2026-01-24 03:07:57.064 PM [TestNG-test-Test-2] INFO  [verifyingGetItIn2DaysFilterFunctionality] 🔹 Starting test method: verifyingGetItIn2DaysFilterFunctionality
2026-01-24 03:07:57.064 PM [TestNG-test-Test-2] INFO  [verifyingGetItIn2DaysFilterFunctionality] No existing WebDriver found for current thread. Initializing a new ChromeDriver...
2026-01-24 03:07:57.074 PM [TestNG-test-Test-2] INFO  [verifyingGetItIn2DaysFilterFunctionality] WebDriverManager: geckodriver setup OK
2026-01-24 03:08:00.076 PM [TestNG-test-Test-2] INFO  [verifyingGetItIn2DaysFilterFunctionality] FirefoxDriver initialized successfully for thread: 35
2026-01-24 03:08:00.843 PM [TestNG-test-Test-2] INFO  [verifyingGetItIn2DaysFilterFunctionality] [verifyingGetItIn2DaysFilterFunctionality] Opening amazon Landing page
2026-01-24 03:08:00.844 PM [TestNG-test-Test-2] INFO  [verifyingGetItIn2DaysFilterFunctionality] [verifyingGetItIn2DaysFilterFunctionality] Within safeFindElement method
2026-01-24 03:08:10.999 PM [TestNG-test-Test-2] INFO  [verifyingGetItIn2DaysFilterFunctionality] [verifyingGetItIn2DaysFilterFunctionality]Retrying findElement for: ->By.xpath: //a[@id='nav-logo-sprites']
2026-01-24 03:08:11.476 PM [TestNG-test-Test-2] INFO  [verifyingGetItIn2DaysFilterFunctionality] [verifyingGetItIn2DaysFilterFunctionality]Refrehsing the page , while trying to safely find : ->By.xpath: //a[@id='nav-logo-sprites']
2026-01-24 03:08:22.647 PM [TestNG-test-Test-2] INFO  [verifyingGetItIn2DaysFilterFunctionality] [verifyingGetItIn2DaysFilterFunctionality]Retrying findElement for: ->By.xpath: //a[@id='nav-logo-sprites']
2026-01-24 03:08:23.242 PM [TestNG-test-Test-2] INFO  [verifyingGetItIn2DaysFilterFunctionality] [verifyingGetItIn2DaysFilterFunctionality]Refrehsing the page , while trying to safely find : ->By.xpath: //a[@id='nav-logo-sprites']
2026-01-24 03:08:24.243 PM [TestNG-test-Test-2] INFO  [verifyingGetItIn2DaysFilterFunctionality] [verifyingGetItIn2DaysFilterFunctionality] Skipping action: Element not found after 2   attemps
2026-01-24 03:08:28.461 PM [TestNG-test-Test-2] INFO  [verifyingGetItIn2DaysFilterFunctionality] [verifyingGetItIn2DaysFilterFunctionality] Giving input within the search bar
2026-01-24 03:08:28.461 PM [TestNG-test-Test-2] INFO  [verifyingGetItIn2DaysFilterFunctionality] [verifyingGetItIn2DaysFilterFunctionality] Within safeClick method
2026-01-24 03:08:29.707 PM [TestNG-test-Test-2] INFO  [verifyingGetItIn2DaysFilterFunctionality] [verifyingGetItIn2DaysFilterFunctionality] Clicked the  [[FirefoxDriver: firefox on windows (ae29040a-67f9-4429-b4fe-448d04c5178d)] -> xpath: //input[@id='nav-search-submit-button']]   using safeClick
2026-01-24 03:08:29.707 PM [TestNG-test-Test-2] INFO  [verifyingGetItIn2DaysFilterFunctionality] [verifyingGetItIn2DaysFilterFunctionality] Clicking on the submit in the search bar
2026-01-24 03:08:29.902 PM [TestNG-test-Test-2] INFO  [verifyingGetItIn2DaysFilterFunctionality] [verifyingGetItIn2DaysFilterFunctionality] Waiting until element is visible in viewport
2026-01-24 03:08:40.248 PM [TestNG-test-Test-2] WARN  [verifyingGetItIn2DaysFilterFunctionality] [verifyingGetItIn2DaysFilterFunctionality]  Filter option 'Get It in 2 Days' does not exist. Skipping the test.
2026-01-24 03:08:40.250 PM [TestNG-test-Test-2] INFO  [verifyingGetItIn2DaysFilterFunctionality] ✅ Finished test method: verifyingGetItIn2DaysFilterFunctionality
2026-01-24 03:08:41.962 PM [TestNG-test-Test-2] INFO  [verifyingGetItIn2DaysFilterFunctionality] 🔹 Starting test method: verifyingGetItIn2DaysFilterFunctionality
2026-01-24 03:08:41.962 PM [TestNG-test-Test-2] INFO  [verifyingGetItIn2DaysFilterFunctionality] No existing WebDriver found for current thread. Initializing a new ChromeDriver...
2026-01-24 03:08:41.973 PM [TestNG-test-Test-2] INFO  [verifyingGetItIn2DaysFilterFunctionality] WebDriverManager: geckodriver setup OK
2026-01-24 03:08:44.700 PM [TestNG-test-Test-2] INFO  [verifyingGetItIn2DaysFilterFunctionality] FirefoxDriver initialized successfully for thread: 35
2026-01-24 03:08:45.242 PM [TestNG-test-Test-2] INFO  [verifyingGetItIn2DaysFilterFunctionality] [verifyingGetItIn2DaysFilterFunctionality] Opening amazon Landing page
2026-01-24 03:08:45.242 PM [TestNG-test-Test-2] INFO  [verifyingGetItIn2DaysFilterFunctionality] [verifyingGetItIn2DaysFilterFunctionality] Within safeFindElement method
2026-01-24 03:08:55.423 PM [TestNG-test-Test-2] INFO  [verifyingGetItIn2DaysFilterFunctionality] [verifyingGetItIn2DaysFilterFunctionality]Retrying findElement for: ->By.xpath: //a[@id='nav-logo-sprites']
2026-01-24 03:08:56.001 PM [TestNG-test-Test-2] INFO  [verifyingGetItIn2DaysFilterFunctionality] [verifyingGetItIn2DaysFilterFunctionality]Refrehsing the page , while trying to safely find : ->By.xpath: //a[@id='nav-logo-sprites']
2026-01-24 03:09:07.306 PM [TestNG-test-Test-2] INFO  [verifyingGetItIn2DaysFilterFunctionality] [verifyingGetItIn2DaysFilterFunctionality]Retrying findElement for: ->By.xpath: //a[@id='nav-logo-sprites']
2026-01-24 03:09:07.891 PM [TestNG-test-Test-2] INFO  [verifyingGetItIn2DaysFilterFunctionality] [verifyingGetItIn2DaysFilterFunctionality]Refrehsing the page , while trying to safely find : ->By.xpath: //a[@id='nav-logo-sprites']
2026-01-24 03:09:08.894 PM [TestNG-test-Test-2] INFO  [verifyingGetItIn2DaysFilterFunctionality] [verifyingGetItIn2DaysFilterFunctionality] Skipping action: Element not found after 2   attemps
2026-01-24 03:09:12.981 PM [TestNG-test-Test-2] INFO  [verifyingGetItIn2DaysFilterFunctionality] [verifyingGetItIn2DaysFilterFunctionality] Giving input within the search bar
2026-01-24 03:09:13.033 PM [TestNG-test-Test-2] INFO  [verifyingGetItIn2DaysFilterFunctionality] [verifyingGetItIn2DaysFilterFunctionality] Within safeClick method
2026-01-24 03:09:14.895 PM [TestNG-test-Test-2] INFO  [verifyingGetItIn2DaysFilterFunctionality] [verifyingGetItIn2DaysFilterFunctionality] Clicked the  [[FirefoxDriver: firefox on windows (edda5f46-59ef-4f52-99ba-53122bc712f6)] -> xpath: //input[@id='nav-search-submit-button']]   using safeClick
2026-01-24 03:09:14.895 PM [TestNG-test-Test-2] INFO  [verifyingGetItIn2DaysFilterFunctionality] [verifyingGetItIn2DaysFilterFunctionality] Clicking on the submit in the search bar
2026-01-24 03:09:15.117 PM [TestNG-test-Test-2] INFO  [verifyingGetItIn2DaysFilterFunctionality] [verifyingGetItIn2DaysFilterFunctionality] Waiting until element is visible in viewport
2026-01-24 03:09:15.195 PM [TestNG-test-Test-2] INFO  [verifyingGetItIn2DaysFilterFunctionality] [verifyingGetItIn2DaysFilterFunctionality] Within validateDeliveryFilterOptionsWithResult method
2026-01-24 03:09:15.195 PM [TestNG-test-Test-2] INFO  [verifyingGetItIn2DaysFilterFunctionality] [verifyingGetItIn2DaysFilterFunctionality] Within safeClick method
2026-01-24 03:09:15.344 PM [TestNG-test-Test-2] INFO  [verifyingGetItIn2DaysFilterFunctionality] [verifyingGetItIn2DaysFilterFunctionality] Clicked the  [[FirefoxDriver: firefox on windows (edda5f46-59ef-4f52-99ba-53122bc712f6)] -> xpath: //span[@class='a-size-base a-color-base puis-bold-weight-text' and text()='Delivery Day']/parent::div/following-sibling::ul//span[@class='a-size-base a-color-base' and text()='Get It in 2 Days']]   using safeClick
2026-01-24 03:09:17.344 PM [TestNG-test-Test-2] INFO  [verifyingGetItIn2DaysFilterFunctionality] [verifyingGetItIn2DaysFilterFunctionality] Within getMoreButtonByFilterTypeAndName method
2026-01-24 03:09:17.361 PM [TestNG-test-Test-2] INFO  [verifyingGetItIn2DaysFilterFunctionality] [verifyingGetItIn2DaysFilterFunctionality] Capturing screenshot: Filter_Applied_is_Get_It_in_2_Days__2026-01-24_150917.png
2026-01-24 03:09:17.408 PM [TestNG-test-Test-2] INFO  [verifyingGetItIn2DaysFilterFunctionality] [verifyingGetItIn2DaysFilterFunctionality] Screenshot saved at: test-output/screenshots/Run_2026-01-24_14-54-41/verifyingGetItIn2DaysFilterFunctionality/Filter_Applied_is_Get_It_in_2_Days__2026-01-24_150917.png
2026-01-24 03:09:17.408 PM [TestNG-test-Test-2] INFO  [verifyingGetItIn2DaysFilterFunctionality] [verifyingGetItIn2DaysFilterFunctionality] Clicked on By.xpath: //span[@class='a-size-base a-color-base puis-bold-weight-text' and text()='Delivery Day']/parent::div/following-sibling::ul//span[@class='a-size-base a-color-base' and text()='Get It in 2 Days']
2026-01-24 03:09:19.478 PM [TestNG-test-Test-2] INFO  [verifyingGetItIn2DaysFilterFunctionality] [verifyingGetItIn2DaysFilterFunctionality] Within safeFindElements 
2026-01-24 03:09:19.560 PM [TestNG-test-Test-2] INFO  [verifyingGetItIn2DaysFilterFunctionality] [verifyingGetItIn2DaysFilterFunctionality] Returning the  [[[FirefoxDriver: firefox on windows (edda5f46-59ef-4f52-99ba-53122bc712f6)] -> xpath: //div[@class='a-section a-spacing-small a-spacing-top-small']], [[FirefoxDriver: firefox on windows (edda5f46-59ef-4f52-99ba-53122bc712f6)] -> xpath: //div[@class='a-section a-spacing-small a-spacing-top-small']], [[FirefoxDriver: firefox on windows (edda5f46-59ef-4f52-99ba-53122bc712f6)] -> xpath: //div[@class='a-section a-spacing-small a-spacing-top-small']], [[FirefoxDriver: firefox on windows (edda5f46-59ef-4f52-99ba-53122bc712f6)] -> xpath: //div[@class='a-section a-spacing-small a-spacing-top-small']], [[FirefoxDriver: firefox on windows (edda5f46-59ef-4f52-99ba-53122bc712f6)] -> xpath: //div[@class='a-section a-spacing-small a-spacing-top-small']], [[FirefoxDriver: firefox on windows (edda5f46-59ef-4f52-99ba-53122bc712f6)] -> xpath: //div[@class='a-section a-spacing-small a-spacing-top-small']], [[FirefoxDriver: firefox on windows (edda5f46-59ef-4f52-99ba-53122bc712f6)] -> xpath: //div[@class='a-section a-spacing-small a-spacing-top-small']], [[FirefoxDriver: firefox on windows (edda5f46-59ef-4f52-99ba-53122bc712f6)] -> xpath: //div[@class='a-section a-spacing-small a-spacing-top-small']], [[FirefoxDriver: firefox on windows (edda5f46-59ef-4f52-99ba-53122bc712f6)] -> xpath: //div[@class='a-section a-spacing-small a-spacing-top-small']], [[FirefoxDriver: firefox on windows (edda5f46-59ef-4f52-99ba-53122bc712f6)] -> xpath: //div[@class='a-section a-spacing-small a-spacing-top-small']], [[FirefoxDriver: firefox on windows (edda5f46-59ef-4f52-99ba-53122bc712f6)] -> xpath: //div[@class='a-section a-spacing-small a-spacing-top-small']], [[FirefoxDriver: firefox on windows (edda5f46-59ef-4f52-99ba-53122bc712f6)] -> xpath: //div[@class='a-section a-spacing-small a-spacing-top-small']], [[FirefoxDriver: firefox on windows (edda5f46-59ef-4f52-99ba-53122bc712f6)] -> xpath: //div[@class='a-section a-spacing-small a-spacing-top-small']], [[FirefoxDriver: firefox on windows (edda5f46-59ef-4f52-99ba-53122bc712f6)] -> xpath: //div[@class='a-section a-spacing-small a-spacing-top-small']], [[FirefoxDriver: firefox on windows (edda5f46-59ef-4f52-99ba-53122bc712f6)] -> xpath: //div[@class='a-section a-spacing-small a-spacing-top-small']], [[FirefoxDriver: firefox on windows (edda5f46-59ef-4f52-99ba-53122bc712f6)] -> xpath: //div[@class='a-section a-spacing-small a-spacing-top-small']]] from the safeFindElements method
2026-01-24 03:09:19.562 PM [TestNG-test-Test-2] INFO  [verifyingGetItIn2DaysFilterFunctionality] [verifyingGetItIn2DaysFilterFunctionality] Created hashset with required data to assert with Within validateDeliveryFilterOptions method
2026-01-24 03:09:19.562 PM [TestNG-test-Test-2] INFO  [verifyingGetItIn2DaysFilterFunctionality] [verifyingGetItIn2DaysFilterFunctionality] this is the set  [24, Today, 25, Jan, Sat, Sun, Tomorrow]
2026-01-24 03:09:19.562 PM [TestNG-test-Test-2] INFO  [verifyingGetItIn2DaysFilterFunctionality] [verifyingGetItIn2DaysFilterFunctionality] Within deliveryElements loop iterating over the products  Within validateDeliveryFilterOptions method
2026-01-24 03:09:19.809 PM [TestNG-test-Test-2] INFO  [verifyingGetItIn2DaysFilterFunctionality] [verifyingGetItIn2DaysFilterFunctionality] Checking if the allowedDateParts have the assert text   Within validateDeliveryFilterOptions method
2026-01-24 03:09:19.809 PM [TestNG-test-Test-2] INFO  [verifyingGetItIn2DaysFilterFunctionality] [verifyingGetItIn2DaysFilterFunctionality] Within deliveryElements loop iterating over the products  Within validateDeliveryFilterOptions method
2026-01-24 03:09:19.937 PM [TestNG-test-Test-2] INFO  [verifyingGetItIn2DaysFilterFunctionality] [verifyingGetItIn2DaysFilterFunctionality] Checking if the allowedDateParts have the assert text   Within validateDeliveryFilterOptions method
2026-01-24 03:09:19.938 PM [TestNG-test-Test-2] INFO  [verifyingGetItIn2DaysFilterFunctionality] [verifyingGetItIn2DaysFilterFunctionality] Within deliveryElements loop iterating over the products  Within validateDeliveryFilterOptions method
2026-01-24 03:09:20.132 PM [TestNG-test-Test-2] INFO  [verifyingGetItIn2DaysFilterFunctionality] [verifyingGetItIn2DaysFilterFunctionality] Checking if the allowedDateParts have the assert text   Within validateDeliveryFilterOptions method
2026-01-24 03:09:20.133 PM [TestNG-test-Test-2] INFO  [verifyingGetItIn2DaysFilterFunctionality] [verifyingGetItIn2DaysFilterFunctionality] Within deliveryElements loop iterating over the products  Within validateDeliveryFilterOptions method
2026-01-24 03:09:20.218 PM [TestNG-test-Test-2] INFO  [verifyingGetItIn2DaysFilterFunctionality] [verifyingGetItIn2DaysFilterFunctionality] Checking if the allowedDateParts have the assert text   Within validateDeliveryFilterOptions method
2026-01-24 03:09:20.218 PM [TestNG-test-Test-2] INFO  [verifyingGetItIn2DaysFilterFunctionality] [verifyingGetItIn2DaysFilterFunctionality] Within deliveryElements loop iterating over the products  Within validateDeliveryFilterOptions method
2026-01-24 03:09:20.384 PM [TestNG-test-Test-2] INFO  [verifyingGetItIn2DaysFilterFunctionality] [verifyingGetItIn2DaysFilterFunctionality] Checking if the allowedDateParts have the assert text   Within validateDeliveryFilterOptions method
2026-01-24 03:09:20.384 PM [TestNG-test-Test-2] INFO  [verifyingGetItIn2DaysFilterFunctionality] [verifyingGetItIn2DaysFilterFunctionality] Within deliveryElements loop iterating over the products  Within validateDeliveryFilterOptions method
2026-01-24 03:09:20.491 PM [TestNG-test-Test-2] INFO  [verifyingGetItIn2DaysFilterFunctionality] [verifyingGetItIn2DaysFilterFunctionality] Checking if the allowedDateParts have the assert text   Within validateDeliveryFilterOptions method
2026-01-24 03:09:20.491 PM [TestNG-test-Test-2] INFO  [verifyingGetItIn2DaysFilterFunctionality] [verifyingGetItIn2DaysFilterFunctionality] Within deliveryElements loop iterating over the products  Within validateDeliveryFilterOptions method
2026-01-24 03:09:20.568 PM [TestNG-test-Test-2] INFO  [verifyingGetItIn2DaysFilterFunctionality] [verifyingGetItIn2DaysFilterFunctionality] Checking if the allowedDateParts have the assert text   Within validateDeliveryFilterOptions method
2026-01-24 03:09:20.569 PM [TestNG-test-Test-2] INFO  [verifyingGetItIn2DaysFilterFunctionality] [verifyingGetItIn2DaysFilterFunctionality] Within deliveryElements loop iterating over the products  Within validateDeliveryFilterOptions method
2026-01-24 03:09:20.647 PM [TestNG-test-Test-2] INFO  [verifyingGetItIn2DaysFilterFunctionality] [verifyingGetItIn2DaysFilterFunctionality] Checking if the allowedDateParts have the assert text   Within validateDeliveryFilterOptions method
2026-01-24 03:09:20.647 PM [TestNG-test-Test-2] INFO  [verifyingGetItIn2DaysFilterFunctionality] [verifyingGetItIn2DaysFilterFunctionality] Within deliveryElements loop iterating over the products  Within validateDeliveryFilterOptions method
2026-01-24 03:09:20.753 PM [TestNG-test-Test-2] INFO  [verifyingGetItIn2DaysFilterFunctionality] [verifyingGetItIn2DaysFilterFunctionality] Checking if the allowedDateParts have the assert text   Within validateDeliveryFilterOptions method
2026-01-24 03:09:20.753 PM [TestNG-test-Test-2] INFO  [verifyingGetItIn2DaysFilterFunctionality] [verifyingGetItIn2DaysFilterFunctionality] Within deliveryElements loop iterating over the products  Within validateDeliveryFilterOptions method
2026-01-24 03:09:20.821 PM [TestNG-test-Test-2] INFO  [verifyingGetItIn2DaysFilterFunctionality] [verifyingGetItIn2DaysFilterFunctionality] Checking if the allowedDateParts have the assert text   Within validateDeliveryFilterOptions method
2026-01-24 03:09:20.821 PM [TestNG-test-Test-2] INFO  [verifyingGetItIn2DaysFilterFunctionality] [verifyingGetItIn2DaysFilterFunctionality] Within deliveryElements loop iterating over the products  Within validateDeliveryFilterOptions method
2026-01-24 03:09:20.918 PM [TestNG-test-Test-2] INFO  [verifyingGetItIn2DaysFilterFunctionality] [verifyingGetItIn2DaysFilterFunctionality] Checking if the allowedDateParts have the assert text   Within validateDeliveryFilterOptions method
2026-01-24 03:09:20.918 PM [TestNG-test-Test-2] INFO  [verifyingGetItIn2DaysFilterFunctionality] [verifyingGetItIn2DaysFilterFunctionality] Within deliveryElements loop iterating over the products  Within validateDeliveryFilterOptions method
2026-01-24 03:09:20.996 PM [TestNG-test-Test-2] INFO  [verifyingGetItIn2DaysFilterFunctionality] [verifyingGetItIn2DaysFilterFunctionality] Checking if the allowedDateParts have the assert text   Within validateDeliveryFilterOptions method
2026-01-24 03:09:20.997 PM [TestNG-test-Test-2] INFO  [verifyingGetItIn2DaysFilterFunctionality] [verifyingGetItIn2DaysFilterFunctionality] Within deliveryElements loop iterating over the products  Within validateDeliveryFilterOptions method
2026-01-24 03:09:21.083 PM [TestNG-test-Test-2] INFO  [verifyingGetItIn2DaysFilterFunctionality] [verifyingGetItIn2DaysFilterFunctionality] Checking if the allowedDateParts have the assert text   Within validateDeliveryFilterOptions method
2026-01-24 03:09:21.083 PM [TestNG-test-Test-2] INFO  [verifyingGetItIn2DaysFilterFunctionality] [verifyingGetItIn2DaysFilterFunctionality] Within deliveryElements loop iterating over the products  Within validateDeliveryFilterOptions method
2026-01-24 03:09:21.163 PM [TestNG-test-Test-2] INFO  [verifyingGetItIn2DaysFilterFunctionality] [verifyingGetItIn2DaysFilterFunctionality] Checking if the allowedDateParts have the assert text   Within validateDeliveryFilterOptions method
2026-01-24 03:09:21.163 PM [TestNG-test-Test-2] INFO  [verifyingGetItIn2DaysFilterFunctionality] [verifyingGetItIn2DaysFilterFunctionality] Within deliveryElements loop iterating over the products  Within validateDeliveryFilterOptions method
2026-01-24 03:09:21.254 PM [TestNG-test-Test-2] INFO  [verifyingGetItIn2DaysFilterFunctionality] [verifyingGetItIn2DaysFilterFunctionality] Checking if the allowedDateParts have the assert text   Within validateDeliveryFilterOptions method
2026-01-24 03:09:21.254 PM [TestNG-test-Test-2] INFO  [verifyingGetItIn2DaysFilterFunctionality] [verifyingGetItIn2DaysFilterFunctionality] Within deliveryElements loop iterating over the products  Within validateDeliveryFilterOptions method
2026-01-24 03:09:21.351 PM [TestNG-test-Test-2] INFO  [verifyingGetItIn2DaysFilterFunctionality] [verifyingGetItIn2DaysFilterFunctionality] Checking if the allowedDateParts have the assert text   Within validateDeliveryFilterOptions method
2026-01-24 03:09:21.351 PM [TestNG-test-Test-2] INFO  [verifyingGetItIn2DaysFilterFunctionality] [verifyingGetItIn2DaysFilterFunctionality] Returning the list with boolean values   Within validateDeliveryFilterOptions method
2026-01-24 03:09:21.351 PM [TestNG-test-Test-2] INFO  [verifyingGetItIn2DaysFilterFunctionality] [verifyingGetItIn2DaysFilterFunctionality] Asserting delivery filter: isValid=true, index=-1, text=All the things are valid no errors
2026-01-24 03:09:21.357 PM [TestNG-test-Test-2] INFO  [verifyingGetItIn2DaysFilterFunctionality] ✅ Finished test method: verifyingGetItIn2DaysFilterFunctionality
