2026-03-02 06:58:29.207 PM [TestNG-test-Test-1] INFO  [verifyingFreeDeliveryFilterFunctionality] 🔹 Starting test method: verifyingFreeDeliveryFilterFunctionality
2026-03-02 06:58:29.219 PM [TestNG-test-Test-1] INFO  [verifyingFreeDeliveryFilterFunctionality] No existing WebDriver found for current thread. Initializing a new ChromeDriver...
2026-03-02 06:58:29.236 PM [TestNG-test-Test-1] INFO  [verifyingFreeDeliveryFilterFunctionality] WebDriverManager: chromedriver setup OK
2026-03-02 06:58:31.008 PM [TestNG-test-Test-1] INFO  [verifyingFreeDeliveryFilterFunctionality] ChromeDriver initialized successfully for thread: 34
2026-03-02 06:58:31.584 PM [TestNG-test-Test-1] INFO  [verifyingFreeDeliveryFilterFunctionality] [verifyingFreeDeliveryFilterFunctionality] Opening amazon Landing page
2026-03-02 06:58:31.584 PM [TestNG-test-Test-1] INFO  [verifyingFreeDeliveryFilterFunctionality] [verifyingFreeDeliveryFilterFunctionality] Within safeFindElement method
2026-03-02 06:58:34.245 PM [TestNG-test-Test-1] INFO  [verifyingFreeDeliveryFilterFunctionality] [verifyingFreeDeliveryFilterFunctionality]Found the element returning it ,element ->[[ChromeDriver: chrome on windows (426607f505cf3087bab9b3f66fd5d7bc)] -> xpath: //a[@id='nav-logo-sprites']]
2026-03-02 06:58:35.429 PM [TestNG-test-Test-1] INFO  [verifyingFreeDeliveryFilterFunctionality] [verifyingFreeDeliveryFilterFunctionality] Giving input within the search bar
2026-03-02 06:58:35.429 PM [TestNG-test-Test-1] INFO  [verifyingFreeDeliveryFilterFunctionality] [verifyingFreeDeliveryFilterFunctionality] Within safeClick method
2026-03-02 06:58:38.563 PM [TestNG-test-Test-1] INFO  [verifyingFreeDeliveryFilterFunctionality] [verifyingFreeDeliveryFilterFunctionality] Clicked the  [[ChromeDriver: chrome on windows (426607f505cf3087bab9b3f66fd5d7bc)] -> xpath: //input[@id='nav-search-submit-button']]   using safeClick
2026-03-02 06:58:38.563 PM [TestNG-test-Test-1] INFO  [verifyingFreeDeliveryFilterFunctionality] [verifyingFreeDeliveryFilterFunctionality] Clicking on the submit in the search bar
2026-03-02 06:58:38.862 PM [TestNG-test-Test-1] INFO  [verifyingFreeDeliveryFilterFunctionality] [verifyingFreeDeliveryFilterFunctionality] Waiting until element is visible in viewport
2026-03-02 06:58:38.909 PM [TestNG-test-Test-1] INFO  [verifyingFreeDeliveryFilterFunctionality] [verifyingFreeDeliveryFilterFunctionality] Within validateDeliveryFilterOptionsWithResult method
2026-03-02 06:58:38.909 PM [TestNG-test-Test-1] INFO  [verifyingFreeDeliveryFilterFunctionality] [verifyingFreeDeliveryFilterFunctionality] Within safeClick method
2026-03-02 06:58:39.258 PM [TestNG-test-Test-1] INFO  [verifyingFreeDeliveryFilterFunctionality] [verifyingFreeDeliveryFilterFunctionality] Clicked the  [[ChromeDriver: chrome on windows (426607f505cf3087bab9b3f66fd5d7bc)] -> xpath: //span[@class='a-size-base a-color-base puis-bold-weight-text' and text()='Eligible for Free Delivery']/parent::div/following-sibling::ul//span[@class='a-size-base a-color-base' and text()='Free Shipping']]   using safeClick
2026-03-02 06:58:39.258 PM [TestNG-test-Test-1] INFO  [verifyingFreeDeliveryFilterFunctionality] [verifyingFreeDeliveryFilterFunctionality] Within getMoreButtonByFilterTypeAndName method
2026-03-02 06:58:39.260 PM [TestNG-test-Test-1] INFO  [verifyingFreeDeliveryFilterFunctionality] [verifyingFreeDeliveryFilterFunctionality] Capturing screenshot: Filter_Applied_is_Eligible_for_Free_Delivery__2026-03-02_185839.jpg
2026-03-02 06:58:39.464 PM [TestNG-test-Test-1] INFO  [verifyingFreeDeliveryFilterFunctionality] [verifyingFreeDeliveryFilterFunctionality] Screenshot saved at: test-output/screenshots/Run_2026-03-02_18-28-32/verifyingFreeDeliveryFilterFunctionality/Filter_Applied_is_Eligible_for_Free_Delivery__2026-03-02_185839.jpg
2026-03-02 06:58:39.465 PM [TestNG-test-Test-1] INFO  [verifyingFreeDeliveryFilterFunctionality] [verifyingFreeDeliveryFilterFunctionality] Clicked on By.xpath: //span[@class='a-size-base a-color-base puis-bold-weight-text' and text()='Eligible for Free Delivery']/parent::div/following-sibling::ul//span[@class='a-size-base a-color-base' and text()='Free Shipping']
2026-03-02 06:58:39.465 PM [TestNG-test-Test-1] INFO  [verifyingFreeDeliveryFilterFunctionality] [verifyingFreeDeliveryFilterFunctionality] Within safeFindElements 
2026-03-02 06:58:40.327 PM [TestNG-test-Test-1] INFO  [verifyingFreeDeliveryFilterFunctionality] [verifyingFreeDeliveryFilterFunctionality] Returning the  [[[ChromeDriver: chrome on windows (426607f505cf3087bab9b3f66fd5d7bc)] -> xpath: //div[@class='a-section a-spacing-small a-spacing-top-small']], [[ChromeDriver: chrome on windows (426607f505cf3087bab9b3f66fd5d7bc)] -> xpath: //div[@class='a-section a-spacing-small a-spacing-top-small']], [[ChromeDriver: chrome on windows (426607f505cf3087bab9b3f66fd5d7bc)] -> xpath: //div[@class='a-section a-spacing-small a-spacing-top-small']], [[ChromeDriver: chrome on windows (426607f505cf3087bab9b3f66fd5d7bc)] -> xpath: //div[@class='a-section a-spacing-small a-spacing-top-small']], [[ChromeDriver: chrome on windows (426607f505cf3087bab9b3f66fd5d7bc)] -> xpath: //div[@class='a-section a-spacing-small a-spacing-top-small']], [[ChromeDriver: chrome on windows (426607f505cf3087bab9b3f66fd5d7bc)] -> xpath: //div[@class='a-section a-spacing-small a-spacing-top-small']], [[ChromeDriver: chrome on windows (426607f505cf3087bab9b3f66fd5d7bc)] -> xpath: //div[@class='a-section a-spacing-small a-spacing-top-small']], [[ChromeDriver: chrome on windows (426607f505cf3087bab9b3f66fd5d7bc)] -> xpath: //div[@class='a-section a-spacing-small a-spacing-top-small']], [[ChromeDriver: chrome on windows (426607f505cf3087bab9b3f66fd5d7bc)] -> xpath: //div[@class='a-section a-spacing-small a-spacing-top-small']], [[ChromeDriver: chrome on windows (426607f505cf3087bab9b3f66fd5d7bc)] -> xpath: //div[@class='a-section a-spacing-small a-spacing-top-small']], [[ChromeDriver: chrome on windows (426607f505cf3087bab9b3f66fd5d7bc)] -> xpath: //div[@class='a-section a-spacing-small a-spacing-top-small']], [[ChromeDriver: chrome on windows (426607f505cf3087bab9b3f66fd5d7bc)] -> xpath: //div[@class='a-section a-spacing-small a-spacing-top-small']], [[ChromeDriver: chrome on windows (426607f505cf3087bab9b3f66fd5d7bc)] -> xpath: //div[@class='a-section a-spacing-small a-spacing-top-small']], [[ChromeDriver: chrome on windows (426607f505cf3087bab9b3f66fd5d7bc)] -> xpath: //div[@class='a-section a-spacing-small a-spacing-top-small']], [[ChromeDriver: chrome on windows (426607f505cf3087bab9b3f66fd5d7bc)] -> xpath: //div[@class='a-section a-spacing-small a-spacing-top-small']], [[ChromeDriver: chrome on windows (426607f505cf3087bab9b3f66fd5d7bc)] -> xpath: //div[@class='a-section a-spacing-small a-spacing-top-small']], [[ChromeDriver: chrome on windows (426607f505cf3087bab9b3f66fd5d7bc)] -> xpath: //div[@class='a-section a-spacing-small a-spacing-top-small']], [[ChromeDriver: chrome on windows (426607f505cf3087bab9b3f66fd5d7bc)] -> xpath: //div[@class='a-section a-spacing-small a-spacing-top-small']], [[ChromeDriver: chrome on windows (426607f505cf3087bab9b3f66fd5d7bc)] -> xpath: //div[@class='a-section a-spacing-small a-spacing-top-small']], [[ChromeDriver: chrome on windows (426607f505cf3087bab9b3f66fd5d7bc)] -> xpath: //div[@class='a-section a-spacing-small a-spacing-top-small']], [[ChromeDriver: chrome on windows (426607f505cf3087bab9b3f66fd5d7bc)] -> xpath: //div[@class='a-section a-spacing-small a-spacing-top-small']], [[ChromeDriver: chrome on windows (426607f505cf3087bab9b3f66fd5d7bc)] -> xpath: //div[@class='a-section a-spacing-small a-spacing-top-small']]] from the safeFindElements method
2026-03-02 06:58:40.392 PM [TestNG-test-Test-1] INFO  [verifyingFreeDeliveryFilterFunctionality] [verifyingFreeDeliveryFilterFunctionality] Created hashset with required data to assert with Within validateDeliveryFilterOptions method
2026-03-02 06:58:40.392 PM [TestNG-test-Test-1] INFO  [verifyingFreeDeliveryFilterFunctionality] [verifyingFreeDeliveryFilterFunctionality] this is the set  [02, Today, 03, Tue, FREE delivery, Mon, Tomorrow, Mar]
2026-03-02 06:58:40.392 PM [TestNG-test-Test-1] INFO  [verifyingFreeDeliveryFilterFunctionality] [verifyingFreeDeliveryFilterFunctionality] Within deliveryElements loop iterating over the products  Within validateDeliveryFilterOptions method
2026-03-02 06:58:40.494 PM [TestNG-test-Test-1] INFO  [verifyingFreeDeliveryFilterFunctionality] [verifyingFreeDeliveryFilterFunctionality] Checking if the allowedDateParts have the assert text   Within validateDeliveryFilterOptions method
2026-03-02 06:58:40.498 PM [TestNG-test-Test-1] INFO  [verifyingFreeDeliveryFilterFunctionality] [verifyingFreeDeliveryFilterFunctionality] Within deliveryElements loop iterating over the products  Within validateDeliveryFilterOptions method
2026-03-02 06:58:40.606 PM [TestNG-test-Test-1] INFO  [verifyingFreeDeliveryFilterFunctionality] [verifyingFreeDeliveryFilterFunctionality] Checking if the allowedDateParts have the assert text   Within validateDeliveryFilterOptions method
2026-03-02 06:58:40.606 PM [TestNG-test-Test-1] INFO  [verifyingFreeDeliveryFilterFunctionality] [verifyingFreeDeliveryFilterFunctionality] Within deliveryElements loop iterating over the products  Within validateDeliveryFilterOptions method
2026-03-02 06:58:40.653 PM [TestNG-test-Test-1] INFO  [verifyingFreeDeliveryFilterFunctionality] [verifyingFreeDeliveryFilterFunctionality] Checking if the allowedDateParts have the assert text   Within validateDeliveryFilterOptions method
2026-03-02 06:58:40.653 PM [TestNG-test-Test-1] INFO  [verifyingFreeDeliveryFilterFunctionality] [verifyingFreeDeliveryFilterFunctionality] Within deliveryElements loop iterating over the products  Within validateDeliveryFilterOptions method
2026-03-02 06:58:40.680 PM [TestNG-test-Test-1] INFO  [verifyingFreeDeliveryFilterFunctionality] [verifyingFreeDeliveryFilterFunctionality] Checking if the allowedDateParts have the assert text   Within validateDeliveryFilterOptions method
2026-03-02 06:58:40.680 PM [TestNG-test-Test-1] INFO  [verifyingFreeDeliveryFilterFunctionality] [verifyingFreeDeliveryFilterFunctionality] Within deliveryElements loop iterating over the products  Within validateDeliveryFilterOptions method
2026-03-02 06:58:40.718 PM [TestNG-test-Test-1] INFO  [verifyingFreeDeliveryFilterFunctionality] [verifyingFreeDeliveryFilterFunctionality] Checking if the allowedDateParts have the assert text   Within validateDeliveryFilterOptions method
2026-03-02 06:58:40.718 PM [TestNG-test-Test-1] INFO  [verifyingFreeDeliveryFilterFunctionality] [verifyingFreeDeliveryFilterFunctionality] Within deliveryElements loop iterating over the products  Within validateDeliveryFilterOptions method
2026-03-02 06:58:40.747 PM [TestNG-test-Test-1] INFO  [verifyingFreeDeliveryFilterFunctionality] [verifyingFreeDeliveryFilterFunctionality] Checking if the allowedDateParts have the assert text   Within validateDeliveryFilterOptions method
2026-03-02 06:58:40.747 PM [TestNG-test-Test-1] INFO  [verifyingFreeDeliveryFilterFunctionality] [verifyingFreeDeliveryFilterFunctionality] Within deliveryElements loop iterating over the products  Within validateDeliveryFilterOptions method
2026-03-02 06:58:40.786 PM [TestNG-test-Test-1] INFO  [verifyingFreeDeliveryFilterFunctionality] [verifyingFreeDeliveryFilterFunctionality] Checking if the allowedDateParts have the assert text   Within validateDeliveryFilterOptions method
2026-03-02 06:58:40.786 PM [TestNG-test-Test-1] INFO  [verifyingFreeDeliveryFilterFunctionality] [verifyingFreeDeliveryFilterFunctionality] Within deliveryElements loop iterating over the products  Within validateDeliveryFilterOptions method
2026-03-02 06:58:40.828 PM [TestNG-test-Test-1] INFO  [verifyingFreeDeliveryFilterFunctionality] [verifyingFreeDeliveryFilterFunctionality] Checking if the allowedDateParts have the assert text   Within validateDeliveryFilterOptions method
2026-03-02 06:58:40.828 PM [TestNG-test-Test-1] INFO  [verifyingFreeDeliveryFilterFunctionality] [verifyingFreeDeliveryFilterFunctionality] Within deliveryElements loop iterating over the products  Within validateDeliveryFilterOptions method
2026-03-02 06:58:40.858 PM [TestNG-test-Test-1] INFO  [verifyingFreeDeliveryFilterFunctionality] [verifyingFreeDeliveryFilterFunctionality] Checking if the allowedDateParts have the assert text   Within validateDeliveryFilterOptions method
2026-03-02 06:58:40.858 PM [TestNG-test-Test-1] INFO  [verifyingFreeDeliveryFilterFunctionality] [verifyingFreeDeliveryFilterFunctionality] Within deliveryElements loop iterating over the products  Within validateDeliveryFilterOptions method
2026-03-02 06:58:40.891 PM [TestNG-test-Test-1] INFO  [verifyingFreeDeliveryFilterFunctionality] [verifyingFreeDeliveryFilterFunctionality] Checking if the allowedDateParts have the assert text   Within validateDeliveryFilterOptions method
2026-03-02 06:58:40.891 PM [TestNG-test-Test-1] INFO  [verifyingFreeDeliveryFilterFunctionality] [verifyingFreeDeliveryFilterFunctionality] Within deliveryElements loop iterating over the products  Within validateDeliveryFilterOptions method
2026-03-02 06:58:40.929 PM [TestNG-test-Test-1] INFO  [verifyingFreeDeliveryFilterFunctionality] [verifyingFreeDeliveryFilterFunctionality] Checking if the allowedDateParts have the assert text   Within validateDeliveryFilterOptions method
2026-03-02 06:58:40.929 PM [TestNG-test-Test-1] INFO  [verifyingFreeDeliveryFilterFunctionality] [verifyingFreeDeliveryFilterFunctionality] Within deliveryElements loop iterating over the products  Within validateDeliveryFilterOptions method
2026-03-02 06:58:40.962 PM [TestNG-test-Test-1] INFO  [verifyingFreeDeliveryFilterFunctionality] [verifyingFreeDeliveryFilterFunctionality] Checking if the allowedDateParts have the assert text   Within validateDeliveryFilterOptions method
2026-03-02 06:58:40.962 PM [TestNG-test-Test-1] INFO  [verifyingFreeDeliveryFilterFunctionality] [verifyingFreeDeliveryFilterFunctionality] Within deliveryElements loop iterating over the products  Within validateDeliveryFilterOptions method
2026-03-02 06:58:40.995 PM [TestNG-test-Test-1] INFO  [verifyingFreeDeliveryFilterFunctionality] [verifyingFreeDeliveryFilterFunctionality] Checking if the allowedDateParts have the assert text   Within validateDeliveryFilterOptions method
2026-03-02 06:58:40.996 PM [TestNG-test-Test-1] INFO  [verifyingFreeDeliveryFilterFunctionality] [verifyingFreeDeliveryFilterFunctionality] Within deliveryElements loop iterating over the products  Within validateDeliveryFilterOptions method
2026-03-02 06:58:41.028 PM [TestNG-test-Test-1] INFO  [verifyingFreeDeliveryFilterFunctionality] [verifyingFreeDeliveryFilterFunctionality] Checking if the allowedDateParts have the assert text   Within validateDeliveryFilterOptions method
2026-03-02 06:58:41.028 PM [TestNG-test-Test-1] INFO  [verifyingFreeDeliveryFilterFunctionality] [verifyingFreeDeliveryFilterFunctionality] Within deliveryElements loop iterating over the products  Within validateDeliveryFilterOptions method
2026-03-02 06:58:41.054 PM [TestNG-test-Test-1] INFO  [verifyingFreeDeliveryFilterFunctionality] [verifyingFreeDeliveryFilterFunctionality] Checking if the allowedDateParts have the assert text   Within validateDeliveryFilterOptions method
2026-03-02 06:58:41.054 PM [TestNG-test-Test-1] INFO  [verifyingFreeDeliveryFilterFunctionality] [verifyingFreeDeliveryFilterFunctionality] Within deliveryElements loop iterating over the products  Within validateDeliveryFilterOptions method
2026-03-02 06:58:41.086 PM [TestNG-test-Test-1] INFO  [verifyingFreeDeliveryFilterFunctionality] [verifyingFreeDeliveryFilterFunctionality] Checking if the allowedDateParts have the assert text   Within validateDeliveryFilterOptions method
2026-03-02 06:58:41.086 PM [TestNG-test-Test-1] INFO  [verifyingFreeDeliveryFilterFunctionality] [verifyingFreeDeliveryFilterFunctionality] Within deliveryElements loop iterating over the products  Within validateDeliveryFilterOptions method
2026-03-02 06:58:41.115 PM [TestNG-test-Test-1] INFO  [verifyingFreeDeliveryFilterFunctionality] [verifyingFreeDeliveryFilterFunctionality] Checking if the allowedDateParts have the assert text   Within validateDeliveryFilterOptions method
2026-03-02 06:58:41.115 PM [TestNG-test-Test-1] INFO  [verifyingFreeDeliveryFilterFunctionality] [verifyingFreeDeliveryFilterFunctionality] Within deliveryElements loop iterating over the products  Within validateDeliveryFilterOptions method
2026-03-02 06:58:41.142 PM [TestNG-test-Test-1] INFO  [verifyingFreeDeliveryFilterFunctionality] [verifyingFreeDeliveryFilterFunctionality] Checking if the allowedDateParts have the assert text   Within validateDeliveryFilterOptions method
2026-03-02 06:58:41.142 PM [TestNG-test-Test-1] INFO  [verifyingFreeDeliveryFilterFunctionality] [verifyingFreeDeliveryFilterFunctionality] Within deliveryElements loop iterating over the products  Within validateDeliveryFilterOptions method
2026-03-02 06:58:41.175 PM [TestNG-test-Test-1] INFO  [verifyingFreeDeliveryFilterFunctionality] [verifyingFreeDeliveryFilterFunctionality] Checking if the allowedDateParts have the assert text   Within validateDeliveryFilterOptions method
2026-03-02 06:58:41.175 PM [TestNG-test-Test-1] INFO  [verifyingFreeDeliveryFilterFunctionality] [verifyingFreeDeliveryFilterFunctionality] Within deliveryElements loop iterating over the products  Within validateDeliveryFilterOptions method
2026-03-02 06:58:41.217 PM [TestNG-test-Test-1] INFO  [verifyingFreeDeliveryFilterFunctionality] [verifyingFreeDeliveryFilterFunctionality] Checking if the allowedDateParts have the assert text   Within validateDeliveryFilterOptions method
2026-03-02 06:58:41.217 PM [TestNG-test-Test-1] INFO  [verifyingFreeDeliveryFilterFunctionality] [verifyingFreeDeliveryFilterFunctionality] Within deliveryElements loop iterating over the products  Within validateDeliveryFilterOptions method
2026-03-02 06:58:41.246 PM [TestNG-test-Test-1] INFO  [verifyingFreeDeliveryFilterFunctionality] [verifyingFreeDeliveryFilterFunctionality] Checking if the allowedDateParts have the assert text   Within validateDeliveryFilterOptions method
2026-03-02 06:58:41.246 PM [TestNG-test-Test-1] INFO  [verifyingFreeDeliveryFilterFunctionality] [verifyingFreeDeliveryFilterFunctionality] Within deliveryElements loop iterating over the products  Within validateDeliveryFilterOptions method
2026-03-02 06:58:41.275 PM [TestNG-test-Test-1] INFO  [verifyingFreeDeliveryFilterFunctionality] [verifyingFreeDeliveryFilterFunctionality] Checking if the allowedDateParts have the assert text   Within validateDeliveryFilterOptions method
2026-03-02 06:58:41.275 PM [TestNG-test-Test-1] INFO  [verifyingFreeDeliveryFilterFunctionality] [verifyingFreeDeliveryFilterFunctionality] Returning the list with boolean values   Within validateDeliveryFilterOptions method
2026-03-02 06:58:41.275 PM [TestNG-test-Test-1] INFO  [verifyingFreeDeliveryFilterFunctionality] [verifyingFreeDeliveryFilterFunctionality] Asserting delivery filter: isValid=true, index=-1, text=All the things are valid no errors
2026-03-02 06:58:41.283 PM [TestNG-test-Test-1] INFO  [verifyingFreeDeliveryFilterFunctionality] ✅ Finished test method: verifyingFreeDeliveryFilterFunctionality
2026-03-02 06:58:41.631 PM [TestNG-test-Test-1] INFO  [verifyingFreeDeliveryFilterFunctionality] 🔹 Starting test method: verifyingFreeDeliveryFilterFunctionality
2026-03-02 06:58:41.631 PM [TestNG-test-Test-1] INFO  [verifyingFreeDeliveryFilterFunctionality] No existing WebDriver found for current thread. Initializing a new ChromeDriver...
2026-03-02 06:58:41.644 PM [TestNG-test-Test-1] INFO  [verifyingFreeDeliveryFilterFunctionality] WebDriverManager: chromedriver setup OK
2026-03-02 06:58:43.201 PM [TestNG-test-Test-1] INFO  [verifyingFreeDeliveryFilterFunctionality] ChromeDriver initialized successfully for thread: 34
2026-03-02 06:58:43.668 PM [TestNG-test-Test-1] INFO  [verifyingFreeDeliveryFilterFunctionality] [verifyingFreeDeliveryFilterFunctionality] Opening amazon Landing page
2026-03-02 06:58:43.668 PM [TestNG-test-Test-1] INFO  [verifyingFreeDeliveryFilterFunctionality] [verifyingFreeDeliveryFilterFunctionality] Within safeFindElement method
2026-03-02 06:58:47.150 PM [TestNG-test-Test-1] INFO  [verifyingFreeDeliveryFilterFunctionality] [verifyingFreeDeliveryFilterFunctionality]Found the element returning it ,element ->[[ChromeDriver: chrome on windows (4c8ef453faa2058136e056fbf0105ce9)] -> xpath: //a[@id='nav-logo-sprites']]
2026-03-02 06:58:47.973 PM [TestNG-test-Test-1] INFO  [verifyingFreeDeliveryFilterFunctionality] [verifyingFreeDeliveryFilterFunctionality] Giving input within the search bar
2026-03-02 06:58:47.973 PM [TestNG-test-Test-1] INFO  [verifyingFreeDeliveryFilterFunctionality] [verifyingFreeDeliveryFilterFunctionality] Within safeClick method
2026-03-02 06:58:50.320 PM [TestNG-test-Test-1] INFO  [verifyingFreeDeliveryFilterFunctionality] [verifyingFreeDeliveryFilterFunctionality] Clicked the  [[ChromeDriver: chrome on windows (4c8ef453faa2058136e056fbf0105ce9)] -> xpath: //input[@id='nav-search-submit-button']]   using safeClick
2026-03-02 06:58:50.320 PM [TestNG-test-Test-1] INFO  [verifyingFreeDeliveryFilterFunctionality] [verifyingFreeDeliveryFilterFunctionality] Clicking on the submit in the search bar
2026-03-02 06:58:50.680 PM [TestNG-test-Test-1] INFO  [verifyingFreeDeliveryFilterFunctionality] [verifyingFreeDeliveryFilterFunctionality] Waiting until element is visible in viewport
2026-03-02 06:58:50.797 PM [TestNG-test-Test-1] INFO  [verifyingFreeDeliveryFilterFunctionality] [verifyingFreeDeliveryFilterFunctionality] Within validateDeliveryFilterOptionsWithResult method
2026-03-02 06:58:50.797 PM [TestNG-test-Test-1] INFO  [verifyingFreeDeliveryFilterFunctionality] [verifyingFreeDeliveryFilterFunctionality] Within safeClick method
2026-03-02 06:58:51.190 PM [TestNG-test-Test-1] INFO  [verifyingFreeDeliveryFilterFunctionality] [verifyingFreeDeliveryFilterFunctionality] Clicked the  [[ChromeDriver: chrome on windows (4c8ef453faa2058136e056fbf0105ce9)] -> xpath: //span[@class='a-size-base a-color-base puis-bold-weight-text' and text()='Eligible for Free Delivery']/parent::div/following-sibling::ul//span[@class='a-size-base a-color-base' and text()='Free Shipping']]   using safeClick
2026-03-02 06:58:51.190 PM [TestNG-test-Test-1] INFO  [verifyingFreeDeliveryFilterFunctionality] [verifyingFreeDeliveryFilterFunctionality] Within getMoreButtonByFilterTypeAndName method
2026-03-02 06:58:51.191 PM [TestNG-test-Test-1] INFO  [verifyingFreeDeliveryFilterFunctionality] [verifyingFreeDeliveryFilterFunctionality] Capturing screenshot: Filter_Applied_is_Eligible_for_Free_Delivery__2026-03-02_185851.jpg
2026-03-02 06:58:51.431 PM [TestNG-test-Test-1] INFO  [verifyingFreeDeliveryFilterFunctionality] [verifyingFreeDeliveryFilterFunctionality] Screenshot saved at: test-output/screenshots/Run_2026-03-02_18-28-32/verifyingFreeDeliveryFilterFunctionality/Filter_Applied_is_Eligible_for_Free_Delivery__2026-03-02_185851.jpg
2026-03-02 06:58:51.431 PM [TestNG-test-Test-1] INFO  [verifyingFreeDeliveryFilterFunctionality] [verifyingFreeDeliveryFilterFunctionality] Clicked on By.xpath: //span[@class='a-size-base a-color-base puis-bold-weight-text' and text()='Eligible for Free Delivery']/parent::div/following-sibling::ul//span[@class='a-size-base a-color-base' and text()='Free Shipping']
2026-03-02 06:58:51.431 PM [TestNG-test-Test-1] INFO  [verifyingFreeDeliveryFilterFunctionality] [verifyingFreeDeliveryFilterFunctionality] Within safeFindElements 
2026-03-02 06:58:52.104 PM [TestNG-test-Test-1] INFO  [verifyingFreeDeliveryFilterFunctionality] [verifyingFreeDeliveryFilterFunctionality] Returning the  [[[ChromeDriver: chrome on windows (4c8ef453faa2058136e056fbf0105ce9)] -> xpath: //div[@class='a-section a-spacing-small a-spacing-top-small']], [[ChromeDriver: chrome on windows (4c8ef453faa2058136e056fbf0105ce9)] -> xpath: //div[@class='a-section a-spacing-small a-spacing-top-small']], [[ChromeDriver: chrome on windows (4c8ef453faa2058136e056fbf0105ce9)] -> xpath: //div[@class='a-section a-spacing-small a-spacing-top-small']], [[ChromeDriver: chrome on windows (4c8ef453faa2058136e056fbf0105ce9)] -> xpath: //div[@class='a-section a-spacing-small a-spacing-top-small']], [[ChromeDriver: chrome on windows (4c8ef453faa2058136e056fbf0105ce9)] -> xpath: //div[@class='a-section a-spacing-small a-spacing-top-small']], [[ChromeDriver: chrome on windows (4c8ef453faa2058136e056fbf0105ce9)] -> xpath: //div[@class='a-section a-spacing-small a-spacing-top-small']], [[ChromeDriver: chrome on windows (4c8ef453faa2058136e056fbf0105ce9)] -> xpath: //div[@class='a-section a-spacing-small a-spacing-top-small']], [[ChromeDriver: chrome on windows (4c8ef453faa2058136e056fbf0105ce9)] -> xpath: //div[@class='a-section a-spacing-small a-spacing-top-small']], [[ChromeDriver: chrome on windows (4c8ef453faa2058136e056fbf0105ce9)] -> xpath: //div[@class='a-section a-spacing-small a-spacing-top-small']], [[ChromeDriver: chrome on windows (4c8ef453faa2058136e056fbf0105ce9)] -> xpath: //div[@class='a-section a-spacing-small a-spacing-top-small']], [[ChromeDriver: chrome on windows (4c8ef453faa2058136e056fbf0105ce9)] -> xpath: //div[@class='a-section a-spacing-small a-spacing-top-small']], [[ChromeDriver: chrome on windows (4c8ef453faa2058136e056fbf0105ce9)] -> xpath: //div[@class='a-section a-spacing-small a-spacing-top-small']], [[ChromeDriver: chrome on windows (4c8ef453faa2058136e056fbf0105ce9)] -> xpath: //div[@class='a-section a-spacing-small a-spacing-top-small']], [[ChromeDriver: chrome on windows (4c8ef453faa2058136e056fbf0105ce9)] -> xpath: //div[@class='a-section a-spacing-small a-spacing-top-small']], [[ChromeDriver: chrome on windows (4c8ef453faa2058136e056fbf0105ce9)] -> xpath: //div[@class='a-section a-spacing-small a-spacing-top-small']], [[ChromeDriver: chrome on windows (4c8ef453faa2058136e056fbf0105ce9)] -> xpath: //div[@class='a-section a-spacing-small a-spacing-top-small']]] from the safeFindElements method
2026-03-02 06:58:52.104 PM [TestNG-test-Test-1] INFO  [verifyingFreeDeliveryFilterFunctionality] [verifyingFreeDeliveryFilterFunctionality] Created hashset with required data to assert with Within validateDeliveryFilterOptions method
2026-03-02 06:58:52.104 PM [TestNG-test-Test-1] INFO  [verifyingFreeDeliveryFilterFunctionality] [verifyingFreeDeliveryFilterFunctionality] this is the set  [02, Today, 03, Tue, FREE delivery, Mon, Tomorrow, Mar]
2026-03-02 06:58:52.104 PM [TestNG-test-Test-1] INFO  [verifyingFreeDeliveryFilterFunctionality] [verifyingFreeDeliveryFilterFunctionality] Within deliveryElements loop iterating over the products  Within validateDeliveryFilterOptions method
2026-03-02 06:58:52.212 PM [TestNG-test-Test-1] INFO  [verifyingFreeDeliveryFilterFunctionality] [verifyingFreeDeliveryFilterFunctionality] Checking if the allowedDateParts have the assert text   Within validateDeliveryFilterOptions method
2026-03-02 06:58:52.212 PM [TestNG-test-Test-1] INFO  [verifyingFreeDeliveryFilterFunctionality] [verifyingFreeDeliveryFilterFunctionality] Within deliveryElements loop iterating over the products  Within validateDeliveryFilterOptions method
2026-03-02 06:58:52.272 PM [TestNG-test-Test-1] INFO  [verifyingFreeDeliveryFilterFunctionality] [verifyingFreeDeliveryFilterFunctionality] Checking if the allowedDateParts have the assert text   Within validateDeliveryFilterOptions method
2026-03-02 06:58:52.272 PM [TestNG-test-Test-1] INFO  [verifyingFreeDeliveryFilterFunctionality] [verifyingFreeDeliveryFilterFunctionality] Within deliveryElements loop iterating over the products  Within validateDeliveryFilterOptions method
2026-03-02 06:58:52.308 PM [TestNG-test-Test-1] INFO  [verifyingFreeDeliveryFilterFunctionality] [verifyingFreeDeliveryFilterFunctionality] Checking if the allowedDateParts have the assert text   Within validateDeliveryFilterOptions method
2026-03-02 06:58:52.308 PM [TestNG-test-Test-1] INFO  [verifyingFreeDeliveryFilterFunctionality] [verifyingFreeDeliveryFilterFunctionality] Within deliveryElements loop iterating over the products  Within validateDeliveryFilterOptions method
2026-03-02 06:58:52.376 PM [TestNG-test-Test-1] INFO  [verifyingFreeDeliveryFilterFunctionality] [verifyingFreeDeliveryFilterFunctionality] Checking if the allowedDateParts have the assert text   Within validateDeliveryFilterOptions method
2026-03-02 06:58:52.376 PM [TestNG-test-Test-1] INFO  [verifyingFreeDeliveryFilterFunctionality] [verifyingFreeDeliveryFilterFunctionality] Within deliveryElements loop iterating over the products  Within validateDeliveryFilterOptions method
2026-03-02 06:58:52.418 PM [TestNG-test-Test-1] INFO  [verifyingFreeDeliveryFilterFunctionality] [verifyingFreeDeliveryFilterFunctionality] Checking if the allowedDateParts have the assert text   Within validateDeliveryFilterOptions method
2026-03-02 06:58:52.418 PM [TestNG-test-Test-1] INFO  [verifyingFreeDeliveryFilterFunctionality] [verifyingFreeDeliveryFilterFunctionality] Within deliveryElements loop iterating over the products  Within validateDeliveryFilterOptions method
2026-03-02 06:58:52.472 PM [TestNG-test-Test-1] INFO  [verifyingFreeDeliveryFilterFunctionality] [verifyingFreeDeliveryFilterFunctionality] Checking if the allowedDateParts have the assert text   Within validateDeliveryFilterOptions method
2026-03-02 06:58:52.472 PM [TestNG-test-Test-1] INFO  [verifyingFreeDeliveryFilterFunctionality] [verifyingFreeDeliveryFilterFunctionality] Within deliveryElements loop iterating over the products  Within validateDeliveryFilterOptions method
2026-03-02 06:58:52.512 PM [TestNG-test-Test-1] INFO  [verifyingFreeDeliveryFilterFunctionality] [verifyingFreeDeliveryFilterFunctionality] Checking if the allowedDateParts have the assert text   Within validateDeliveryFilterOptions method
2026-03-02 06:58:52.512 PM [TestNG-test-Test-1] INFO  [verifyingFreeDeliveryFilterFunctionality] [verifyingFreeDeliveryFilterFunctionality] Within deliveryElements loop iterating over the products  Within validateDeliveryFilterOptions method
2026-03-02 06:58:52.884 PM [TestNG-test-Test-1] INFO  [verifyingFreeDeliveryFilterFunctionality] [verifyingFreeDeliveryFilterFunctionality] Checking if the allowedDateParts have the assert text   Within validateDeliveryFilterOptions method
2026-03-02 06:58:52.884 PM [TestNG-test-Test-1] INFO  [verifyingFreeDeliveryFilterFunctionality] [verifyingFreeDeliveryFilterFunctionality] Within deliveryElements loop iterating over the products  Within validateDeliveryFilterOptions method
2026-03-02 06:58:52.925 PM [TestNG-test-Test-1] INFO  [verifyingFreeDeliveryFilterFunctionality] [verifyingFreeDeliveryFilterFunctionality] Checking if the allowedDateParts have the assert text   Within validateDeliveryFilterOptions method
2026-03-02 06:58:52.925 PM [TestNG-test-Test-1] INFO  [verifyingFreeDeliveryFilterFunctionality] [verifyingFreeDeliveryFilterFunctionality] Within deliveryElements loop iterating over the products  Within validateDeliveryFilterOptions method
2026-03-02 06:58:52.965 PM [TestNG-test-Test-1] INFO  [verifyingFreeDeliveryFilterFunctionality] [verifyingFreeDeliveryFilterFunctionality] Checking if the allowedDateParts have the assert text   Within validateDeliveryFilterOptions method
2026-03-02 06:58:52.965 PM [TestNG-test-Test-1] INFO  [verifyingFreeDeliveryFilterFunctionality] [verifyingFreeDeliveryFilterFunctionality] Within deliveryElements loop iterating over the products  Within validateDeliveryFilterOptions method
2026-03-02 06:58:52.994 PM [TestNG-test-Test-1] INFO  [verifyingFreeDeliveryFilterFunctionality] [verifyingFreeDeliveryFilterFunctionality] Checking if the allowedDateParts have the assert text   Within validateDeliveryFilterOptions method
2026-03-02 06:58:52.995 PM [TestNG-test-Test-1] INFO  [verifyingFreeDeliveryFilterFunctionality] [verifyingFreeDeliveryFilterFunctionality] Within deliveryElements loop iterating over the products  Within validateDeliveryFilterOptions method
2026-03-02 06:58:53.026 PM [TestNG-test-Test-1] INFO  [verifyingFreeDeliveryFilterFunctionality] [verifyingFreeDeliveryFilterFunctionality] Checking if the allowedDateParts have the assert text   Within validateDeliveryFilterOptions method
2026-03-02 06:58:53.026 PM [TestNG-test-Test-1] INFO  [verifyingFreeDeliveryFilterFunctionality] [verifyingFreeDeliveryFilterFunctionality] Within deliveryElements loop iterating over the products  Within validateDeliveryFilterOptions method
2026-03-02 06:58:53.053 PM [TestNG-test-Test-1] INFO  [verifyingFreeDeliveryFilterFunctionality] [verifyingFreeDeliveryFilterFunctionality] Checking if the allowedDateParts have the assert text   Within validateDeliveryFilterOptions method
2026-03-02 06:58:53.053 PM [TestNG-test-Test-1] INFO  [verifyingFreeDeliveryFilterFunctionality] [verifyingFreeDeliveryFilterFunctionality] Within deliveryElements loop iterating over the products  Within validateDeliveryFilterOptions method
2026-03-02 06:58:53.086 PM [TestNG-test-Test-1] INFO  [verifyingFreeDeliveryFilterFunctionality] [verifyingFreeDeliveryFilterFunctionality] Checking if the allowedDateParts have the assert text   Within validateDeliveryFilterOptions method
2026-03-02 06:58:53.086 PM [TestNG-test-Test-1] INFO  [verifyingFreeDeliveryFilterFunctionality] [verifyingFreeDeliveryFilterFunctionality] Within deliveryElements loop iterating over the products  Within validateDeliveryFilterOptions method
2026-03-02 06:58:53.113 PM [TestNG-test-Test-1] INFO  [verifyingFreeDeliveryFilterFunctionality] [verifyingFreeDeliveryFilterFunctionality] Checking if the allowedDateParts have the assert text   Within validateDeliveryFilterOptions method
2026-03-02 06:58:53.113 PM [TestNG-test-Test-1] INFO  [verifyingFreeDeliveryFilterFunctionality] [verifyingFreeDeliveryFilterFunctionality] Within deliveryElements loop iterating over the products  Within validateDeliveryFilterOptions method
2026-03-02 06:58:53.138 PM [TestNG-test-Test-1] INFO  [verifyingFreeDeliveryFilterFunctionality] [verifyingFreeDeliveryFilterFunctionality] Checking if the allowedDateParts have the assert text   Within validateDeliveryFilterOptions method
2026-03-02 06:58:53.138 PM [TestNG-test-Test-1] INFO  [verifyingFreeDeliveryFilterFunctionality] [verifyingFreeDeliveryFilterFunctionality] Returning the list with boolean values   Within validateDeliveryFilterOptions method
2026-03-02 06:58:53.138 PM [TestNG-test-Test-1] INFO  [verifyingFreeDeliveryFilterFunctionality] [verifyingFreeDeliveryFilterFunctionality] Asserting delivery filter: isValid=true, index=-1, text=All the things are valid no errors
2026-03-02 06:58:53.140 PM [TestNG-test-Test-1] INFO  [verifyingFreeDeliveryFilterFunctionality] ✅ Finished test method: verifyingFreeDeliveryFilterFunctionality
2026-03-02 06:58:54.388 PM [TestNG-test-Test-1] INFO  [verifyingFreeDeliveryFilterFunctionality] 🔹 Starting test method: verifyingFreeDeliveryFilterFunctionality
2026-03-02 06:58:54.388 PM [TestNG-test-Test-1] INFO  [verifyingFreeDeliveryFilterFunctionality] No existing WebDriver found for current thread. Initializing a new ChromeDriver...
2026-03-02 06:58:54.399 PM [TestNG-test-Test-1] INFO  [verifyingFreeDeliveryFilterFunctionality] WebDriverManager: chromedriver setup OK
2026-03-02 06:58:56.135 PM [TestNG-test-Test-1] INFO  [verifyingFreeDeliveryFilterFunctionality] ChromeDriver initialized successfully for thread: 34
2026-03-02 06:58:56.581 PM [TestNG-test-Test-1] INFO  [verifyingFreeDeliveryFilterFunctionality] [verifyingFreeDeliveryFilterFunctionality] Opening amazon Landing page
2026-03-02 06:58:56.581 PM [TestNG-test-Test-1] INFO  [verifyingFreeDeliveryFilterFunctionality] [verifyingFreeDeliveryFilterFunctionality] Within safeFindElement method
2026-03-02 06:59:01.253 PM [TestNG-test-Test-1] INFO  [verifyingFreeDeliveryFilterFunctionality] [verifyingFreeDeliveryFilterFunctionality]Found the element returning it ,element ->[[ChromeDriver: chrome on windows (94004e7ec4c30a6ab9bbf50224a89d1c)] -> xpath: //a[@id='nav-logo-sprites']]
2026-03-02 06:59:02.709 PM [TestNG-test-Test-1] INFO  [verifyingFreeDeliveryFilterFunctionality] [verifyingFreeDeliveryFilterFunctionality] Giving input within the search bar
2026-03-02 06:59:02.709 PM [TestNG-test-Test-1] INFO  [verifyingFreeDeliveryFilterFunctionality] [verifyingFreeDeliveryFilterFunctionality] Within safeClick method
2026-03-02 06:59:06.612 PM [TestNG-test-Test-1] INFO  [verifyingFreeDeliveryFilterFunctionality] [verifyingFreeDeliveryFilterFunctionality] Clicked the  [[ChromeDriver: chrome on windows (94004e7ec4c30a6ab9bbf50224a89d1c)] -> xpath: //input[@id='nav-search-submit-button']]   using safeClick
2026-03-02 06:59:06.612 PM [TestNG-test-Test-1] INFO  [verifyingFreeDeliveryFilterFunctionality] [verifyingFreeDeliveryFilterFunctionality] Clicking on the submit in the search bar
2026-03-02 06:59:06.887 PM [TestNG-test-Test-1] INFO  [verifyingFreeDeliveryFilterFunctionality] [verifyingFreeDeliveryFilterFunctionality] Waiting until element is visible in viewport
2026-03-02 06:59:06.958 PM [TestNG-test-Test-1] INFO  [verifyingFreeDeliveryFilterFunctionality] [verifyingFreeDeliveryFilterFunctionality] Within validateDeliveryFilterOptionsWithResult method
2026-03-02 06:59:06.958 PM [TestNG-test-Test-1] INFO  [verifyingFreeDeliveryFilterFunctionality] [verifyingFreeDeliveryFilterFunctionality] Within safeClick method
2026-03-02 06:59:07.273 PM [TestNG-test-Test-1] INFO  [verifyingFreeDeliveryFilterFunctionality] [verifyingFreeDeliveryFilterFunctionality] Clicked the  [[ChromeDriver: chrome on windows (94004e7ec4c30a6ab9bbf50224a89d1c)] -> xpath: //span[@class='a-size-base a-color-base puis-bold-weight-text' and text()='Eligible for Free Delivery']/parent::div/following-sibling::ul//span[@class='a-size-base a-color-base' and text()='Free Shipping']]   using safeClick
2026-03-02 06:59:07.273 PM [TestNG-test-Test-1] INFO  [verifyingFreeDeliveryFilterFunctionality] [verifyingFreeDeliveryFilterFunctionality] Within getMoreButtonByFilterTypeAndName method
2026-03-02 06:59:07.275 PM [TestNG-test-Test-1] INFO  [verifyingFreeDeliveryFilterFunctionality] [verifyingFreeDeliveryFilterFunctionality] Capturing screenshot: Filter_Applied_is_Eligible_for_Free_Delivery__2026-03-02_185907.jpg
2026-03-02 06:59:07.477 PM [TestNG-test-Test-1] INFO  [verifyingFreeDeliveryFilterFunctionality] [verifyingFreeDeliveryFilterFunctionality] Screenshot saved at: test-output/screenshots/Run_2026-03-02_18-28-32/verifyingFreeDeliveryFilterFunctionality/Filter_Applied_is_Eligible_for_Free_Delivery__2026-03-02_185907.jpg
2026-03-02 06:59:07.477 PM [TestNG-test-Test-1] INFO  [verifyingFreeDeliveryFilterFunctionality] [verifyingFreeDeliveryFilterFunctionality] Clicked on By.xpath: //span[@class='a-size-base a-color-base puis-bold-weight-text' and text()='Eligible for Free Delivery']/parent::div/following-sibling::ul//span[@class='a-size-base a-color-base' and text()='Free Shipping']
2026-03-02 06:59:07.477 PM [TestNG-test-Test-1] INFO  [verifyingFreeDeliveryFilterFunctionality] [verifyingFreeDeliveryFilterFunctionality] Within safeFindElements 
2026-03-02 06:59:08.176 PM [TestNG-test-Test-1] INFO  [verifyingFreeDeliveryFilterFunctionality] [verifyingFreeDeliveryFilterFunctionality] Returning the  [[[ChromeDriver: chrome on windows (94004e7ec4c30a6ab9bbf50224a89d1c)] -> xpath: //div[@class='a-section a-spacing-small a-spacing-top-small']], [[ChromeDriver: chrome on windows (94004e7ec4c30a6ab9bbf50224a89d1c)] -> xpath: //div[@class='a-section a-spacing-small a-spacing-top-small']], [[ChromeDriver: chrome on windows (94004e7ec4c30a6ab9bbf50224a89d1c)] -> xpath: //div[@class='a-section a-spacing-small a-spacing-top-small']], [[ChromeDriver: chrome on windows (94004e7ec4c30a6ab9bbf50224a89d1c)] -> xpath: //div[@class='a-section a-spacing-small a-spacing-top-small']], [[ChromeDriver: chrome on windows (94004e7ec4c30a6ab9bbf50224a89d1c)] -> xpath: //div[@class='a-section a-spacing-small a-spacing-top-small']], [[ChromeDriver: chrome on windows (94004e7ec4c30a6ab9bbf50224a89d1c)] -> xpath: //div[@class='a-section a-spacing-small a-spacing-top-small']], [[ChromeDriver: chrome on windows (94004e7ec4c30a6ab9bbf50224a89d1c)] -> xpath: //div[@class='a-section a-spacing-small a-spacing-top-small']], [[ChromeDriver: chrome on windows (94004e7ec4c30a6ab9bbf50224a89d1c)] -> xpath: //div[@class='a-section a-spacing-small a-spacing-top-small']], [[ChromeDriver: chrome on windows (94004e7ec4c30a6ab9bbf50224a89d1c)] -> xpath: //div[@class='a-section a-spacing-small a-spacing-top-small']], [[ChromeDriver: chrome on windows (94004e7ec4c30a6ab9bbf50224a89d1c)] -> xpath: //div[@class='a-section a-spacing-small a-spacing-top-small']], [[ChromeDriver: chrome on windows (94004e7ec4c30a6ab9bbf50224a89d1c)] -> xpath: //div[@class='a-section a-spacing-small a-spacing-top-small']], [[ChromeDriver: chrome on windows (94004e7ec4c30a6ab9bbf50224a89d1c)] -> xpath: //div[@class='a-section a-spacing-small a-spacing-top-small']], [[ChromeDriver: chrome on windows (94004e7ec4c30a6ab9bbf50224a89d1c)] -> xpath: //div[@class='a-section a-spacing-small a-spacing-top-small']], [[ChromeDriver: chrome on windows (94004e7ec4c30a6ab9bbf50224a89d1c)] -> xpath: //div[@class='a-section a-spacing-small a-spacing-top-small']], [[ChromeDriver: chrome on windows (94004e7ec4c30a6ab9bbf50224a89d1c)] -> xpath: //div[@class='a-section a-spacing-small a-spacing-top-small']], [[ChromeDriver: chrome on windows (94004e7ec4c30a6ab9bbf50224a89d1c)] -> xpath: //div[@class='a-section a-spacing-small a-spacing-top-small']]] from the safeFindElements method
2026-03-02 06:59:08.176 PM [TestNG-test-Test-1] INFO  [verifyingFreeDeliveryFilterFunctionality] [verifyingFreeDeliveryFilterFunctionality] Created hashset with required data to assert with Within validateDeliveryFilterOptions method
2026-03-02 06:59:08.176 PM [TestNG-test-Test-1] INFO  [verifyingFreeDeliveryFilterFunctionality] [verifyingFreeDeliveryFilterFunctionality] this is the set  [02, Today, 03, Tue, FREE delivery, Mon, Tomorrow, Mar]
2026-03-02 06:59:08.176 PM [TestNG-test-Test-1] INFO  [verifyingFreeDeliveryFilterFunctionality] [verifyingFreeDeliveryFilterFunctionality] Within deliveryElements loop iterating over the products  Within validateDeliveryFilterOptions method
2026-03-02 06:59:08.309 PM [TestNG-test-Test-1] INFO  [verifyingFreeDeliveryFilterFunctionality] [verifyingFreeDeliveryFilterFunctionality] Checking if the allowedDateParts have the assert text   Within validateDeliveryFilterOptions method
2026-03-02 06:59:08.310 PM [TestNG-test-Test-1] INFO  [verifyingFreeDeliveryFilterFunctionality] [verifyingFreeDeliveryFilterFunctionality] Within deliveryElements loop iterating over the products  Within validateDeliveryFilterOptions method
2026-03-02 06:59:08.410 PM [TestNG-test-Test-1] INFO  [verifyingFreeDeliveryFilterFunctionality] [verifyingFreeDeliveryFilterFunctionality] Checking if the allowedDateParts have the assert text   Within validateDeliveryFilterOptions method
2026-03-02 06:59:08.410 PM [TestNG-test-Test-1] INFO  [verifyingFreeDeliveryFilterFunctionality] [verifyingFreeDeliveryFilterFunctionality] Within deliveryElements loop iterating over the products  Within validateDeliveryFilterOptions method
2026-03-02 06:59:08.471 PM [TestNG-test-Test-1] INFO  [verifyingFreeDeliveryFilterFunctionality] [verifyingFreeDeliveryFilterFunctionality] Checking if the allowedDateParts have the assert text   Within validateDeliveryFilterOptions method
2026-03-02 06:59:08.471 PM [TestNG-test-Test-1] INFO  [verifyingFreeDeliveryFilterFunctionality] [verifyingFreeDeliveryFilterFunctionality] Within deliveryElements loop iterating over the products  Within validateDeliveryFilterOptions method
2026-03-02 06:59:08.516 PM [TestNG-test-Test-1] INFO  [verifyingFreeDeliveryFilterFunctionality] [verifyingFreeDeliveryFilterFunctionality] Checking if the allowedDateParts have the assert text   Within validateDeliveryFilterOptions method
2026-03-02 06:59:08.516 PM [TestNG-test-Test-1] INFO  [verifyingFreeDeliveryFilterFunctionality] [verifyingFreeDeliveryFilterFunctionality] Within deliveryElements loop iterating over the products  Within validateDeliveryFilterOptions method
2026-03-02 06:59:08.568 PM [TestNG-test-Test-1] INFO  [verifyingFreeDeliveryFilterFunctionality] [verifyingFreeDeliveryFilterFunctionality] Checking if the allowedDateParts have the assert text   Within validateDeliveryFilterOptions method
2026-03-02 06:59:08.568 PM [TestNG-test-Test-1] INFO  [verifyingFreeDeliveryFilterFunctionality] [verifyingFreeDeliveryFilterFunctionality] Within deliveryElements loop iterating over the products  Within validateDeliveryFilterOptions method
2026-03-02 06:59:08.649 PM [TestNG-test-Test-1] INFO  [verifyingFreeDeliveryFilterFunctionality] [verifyingFreeDeliveryFilterFunctionality] Checking if the allowedDateParts have the assert text   Within validateDeliveryFilterOptions method
2026-03-02 06:59:08.650 PM [TestNG-test-Test-1] INFO  [verifyingFreeDeliveryFilterFunctionality] [verifyingFreeDeliveryFilterFunctionality] Within deliveryElements loop iterating over the products  Within validateDeliveryFilterOptions method
2026-03-02 06:59:08.711 PM [TestNG-test-Test-1] INFO  [verifyingFreeDeliveryFilterFunctionality] [verifyingFreeDeliveryFilterFunctionality] Checking if the allowedDateParts have the assert text   Within validateDeliveryFilterOptions method
2026-03-02 06:59:08.711 PM [TestNG-test-Test-1] INFO  [verifyingFreeDeliveryFilterFunctionality] [verifyingFreeDeliveryFilterFunctionality] Within deliveryElements loop iterating over the products  Within validateDeliveryFilterOptions method
2026-03-02 06:59:08.745 PM [TestNG-test-Test-1] INFO  [verifyingFreeDeliveryFilterFunctionality] [verifyingFreeDeliveryFilterFunctionality] Checking if the allowedDateParts have the assert text   Within validateDeliveryFilterOptions method
2026-03-02 06:59:08.746 PM [TestNG-test-Test-1] INFO  [verifyingFreeDeliveryFilterFunctionality] [verifyingFreeDeliveryFilterFunctionality] Within deliveryElements loop iterating over the products  Within validateDeliveryFilterOptions method
2026-03-02 06:59:08.785 PM [TestNG-test-Test-1] INFO  [verifyingFreeDeliveryFilterFunctionality] [verifyingFreeDeliveryFilterFunctionality] Checking if the allowedDateParts have the assert text   Within validateDeliveryFilterOptions method
2026-03-02 06:59:08.785 PM [TestNG-test-Test-1] INFO  [verifyingFreeDeliveryFilterFunctionality] [verifyingFreeDeliveryFilterFunctionality] Within deliveryElements loop iterating over the products  Within validateDeliveryFilterOptions method
2026-03-02 06:59:08.813 PM [TestNG-test-Test-1] INFO  [verifyingFreeDeliveryFilterFunctionality] [verifyingFreeDeliveryFilterFunctionality] Checking if the allowedDateParts have the assert text   Within validateDeliveryFilterOptions method
2026-03-02 06:59:08.814 PM [TestNG-test-Test-1] INFO  [verifyingFreeDeliveryFilterFunctionality] [verifyingFreeDeliveryFilterFunctionality] Within deliveryElements loop iterating over the products  Within validateDeliveryFilterOptions method
2026-03-02 06:59:08.837 PM [TestNG-test-Test-1] INFO  [verifyingFreeDeliveryFilterFunctionality] [verifyingFreeDeliveryFilterFunctionality] Checking if the allowedDateParts have the assert text   Within validateDeliveryFilterOptions method
2026-03-02 06:59:08.837 PM [TestNG-test-Test-1] INFO  [verifyingFreeDeliveryFilterFunctionality] [verifyingFreeDeliveryFilterFunctionality] Within deliveryElements loop iterating over the products  Within validateDeliveryFilterOptions method
2026-03-02 06:59:08.868 PM [TestNG-test-Test-1] INFO  [verifyingFreeDeliveryFilterFunctionality] [verifyingFreeDeliveryFilterFunctionality] Checking if the allowedDateParts have the assert text   Within validateDeliveryFilterOptions method
2026-03-02 06:59:08.868 PM [TestNG-test-Test-1] INFO  [verifyingFreeDeliveryFilterFunctionality] [verifyingFreeDeliveryFilterFunctionality] Within deliveryElements loop iterating over the products  Within validateDeliveryFilterOptions method
2026-03-02 06:59:08.912 PM [TestNG-test-Test-1] INFO  [verifyingFreeDeliveryFilterFunctionality] [verifyingFreeDeliveryFilterFunctionality] Checking if the allowedDateParts have the assert text   Within validateDeliveryFilterOptions method
2026-03-02 06:59:08.912 PM [TestNG-test-Test-1] INFO  [verifyingFreeDeliveryFilterFunctionality] [verifyingFreeDeliveryFilterFunctionality] Within deliveryElements loop iterating over the products  Within validateDeliveryFilterOptions method
2026-03-02 06:59:08.964 PM [TestNG-test-Test-1] INFO  [verifyingFreeDeliveryFilterFunctionality] [verifyingFreeDeliveryFilterFunctionality] Checking if the allowedDateParts have the assert text   Within validateDeliveryFilterOptions method
2026-03-02 06:59:08.964 PM [TestNG-test-Test-1] INFO  [verifyingFreeDeliveryFilterFunctionality] [verifyingFreeDeliveryFilterFunctionality] Within deliveryElements loop iterating over the products  Within validateDeliveryFilterOptions method
2026-03-02 06:59:09.008 PM [TestNG-test-Test-1] INFO  [verifyingFreeDeliveryFilterFunctionality] [verifyingFreeDeliveryFilterFunctionality] Checking if the allowedDateParts have the assert text   Within validateDeliveryFilterOptions method
2026-03-02 06:59:09.008 PM [TestNG-test-Test-1] INFO  [verifyingFreeDeliveryFilterFunctionality] [verifyingFreeDeliveryFilterFunctionality] Within deliveryElements loop iterating over the products  Within validateDeliveryFilterOptions method
2026-03-02 06:59:09.055 PM [TestNG-test-Test-1] INFO  [verifyingFreeDeliveryFilterFunctionality] [verifyingFreeDeliveryFilterFunctionality] Checking if the allowedDateParts have the assert text   Within validateDeliveryFilterOptions method
2026-03-02 06:59:09.056 PM [TestNG-test-Test-1] INFO  [verifyingFreeDeliveryFilterFunctionality] [verifyingFreeDeliveryFilterFunctionality] Returning the list with boolean values   Within validateDeliveryFilterOptions method
2026-03-02 06:59:09.056 PM [TestNG-test-Test-1] INFO  [verifyingFreeDeliveryFilterFunctionality] [verifyingFreeDeliveryFilterFunctionality] Asserting delivery filter: isValid=true, index=-1, text=All the things are valid no errors
2026-03-02 06:59:09.061 PM [TestNG-test-Test-1] INFO  [verifyingFreeDeliveryFilterFunctionality] ✅ Finished test method: verifyingFreeDeliveryFilterFunctionality
