19:42:15 [TestNG-test-Test-3] INFO  verifyingGetItIn2DaysFilterFunctionality_Tablet_19-42-15 - No existing WebDriver found for current thread. Initializing a new ChromeDriver...
19:42:15 [TestNG-test-Test-3] INFO  verifyingGetItIn2DaysFilterFunctionality_Tablet_19-42-15 - WebDriverManager: chromedriver setup OK
19:42:16 [TestNG-test-Test-3] INFO  verifyingGetItIn2DaysFilterFunctionality_Tablet_19-42-15 - ChromeDriver initialized successfully for thread: 36
19:42:17 [TestNG-test-Test-3] INFO  verifyingGetItIn2DaysFilterFunctionality_Tablet_19-42-15 - [verifyingGetItIn2DaysFilterFunctionality_Tablet_19-42-15] Opening amazon Landing page
19:42:17 [TestNG-test-Test-3] INFO  verifyingGetItIn2DaysFilterFunctionality_Tablet_19-42-15 - [verifyingGetItIn2DaysFilterFunctionality_Tablet_19-42-15] Within safeFindElement method
19:42:21 [TestNG-test-Test-3] INFO  verifyingGetItIn2DaysFilterFunctionality_Tablet_19-42-15 - [verifyingGetItIn2DaysFilterFunctionality_Tablet_19-42-15]Found the element returning it ,element ->[[ChromeDriver: chrome on windows (92284fe98b983cebcebfeb9462836efa)] -> xpath: //a[@id='nav-logo-sprites']]
19:42:22 [TestNG-test-Test-3] INFO  verifyingGetItIn2DaysFilterFunctionality_Tablet_19-42-15 - [verifyingGetItIn2DaysFilterFunctionality_Tablet_19-42-15] Giving input within the search bar
19:42:22 [TestNG-test-Test-3] INFO  verifyingGetItIn2DaysFilterFunctionality_Tablet_19-42-15 - [verifyingGetItIn2DaysFilterFunctionality_Tablet_19-42-15] Within safeClick method
19:42:24 [TestNG-test-Test-3] INFO  verifyingGetItIn2DaysFilterFunctionality_Tablet_19-42-15 - [verifyingGetItIn2DaysFilterFunctionality_Tablet_19-42-15] Clicked the  [[ChromeDriver: chrome on windows (92284fe98b983cebcebfeb9462836efa)] -> xpath: //input[@id='nav-search-submit-button']]   using safeClick
19:42:24 [TestNG-test-Test-3] INFO  verifyingGetItIn2DaysFilterFunctionality_Tablet_19-42-15 - [verifyingGetItIn2DaysFilterFunctionality_Tablet_19-42-15] Clicking on the submit in the search bar
19:42:24 [TestNG-test-Test-3] INFO  verifyingGetItIn2DaysFilterFunctionality_Tablet_19-42-15 - [verifyingGetItIn2DaysFilterFunctionality_Tablet_19-42-15] Waiting until element is visible in viewport
19:42:24 [TestNG-test-Test-3] INFO  verifyingGetItIn2DaysFilterFunctionality_Tablet_19-42-15 - [verifyingGetItIn2DaysFilterFunctionality_Tablet_19-42-15] Within validateDeliveryFilterOptionsWithResult method
19:42:24 [TestNG-test-Test-3] INFO  verifyingGetItIn2DaysFilterFunctionality_Tablet_19-42-15 - [verifyingGetItIn2DaysFilterFunctionality_Tablet_19-42-15] Within safeClick method
19:42:24 [TestNG-test-Test-3] INFO  verifyingGetItIn2DaysFilterFunctionality_Tablet_19-42-15 - [verifyingGetItIn2DaysFilterFunctionality_Tablet_19-42-15] Clicked the  [[ChromeDriver: chrome on windows (92284fe98b983cebcebfeb9462836efa)] -> xpath: //span[@class='a-size-base a-color-base puis-bold-weight-text' and text()='Delivery Day']/parent::div/following-sibling::ul//span[@class='a-size-base a-color-base' and text()='Get It in 2 Days']]   using safeClick
19:42:24 [TestNG-test-Test-3] INFO  verifyingGetItIn2DaysFilterFunctionality_Tablet_19-42-15 - [verifyingGetItIn2DaysFilterFunctionality_Tablet_19-42-15] Within getMoreButtonByFilterTypeAndName method
19:42:25 [TestNG-test-Test-3] INFO  verifyingGetItIn2DaysFilterFunctionality_Tablet_19-42-15 - [verifyingGetItIn2DaysFilterFunctionality_Tablet_19-42-15] Clicked on By.xpath: //span[@class='a-size-base a-color-base puis-bold-weight-text' and text()='Delivery Day']/parent::div/following-sibling::ul//span[@class='a-size-base a-color-base' and text()='Get It in 2 Days']
19:42:25 [TestNG-test-Test-3] INFO  verifyingGetItIn2DaysFilterFunctionality_Tablet_19-42-15 - [verifyingGetItIn2DaysFilterFunctionality_Tablet_19-42-15] Within safeFindElements 
19:42:25 [TestNG-test-Test-3] INFO  verifyingGetItIn2DaysFilterFunctionality_Tablet_19-42-15 - [verifyingGetItIn2DaysFilterFunctionality_Tablet_19-42-15] Returning the  [[[ChromeDriver: chrome on windows (92284fe98b983cebcebfeb9462836efa)] -> xpath: //div[@class='a-section a-spacing-small a-spacing-top-small']], [[ChromeDriver: chrome on windows (92284fe98b983cebcebfeb9462836efa)] -> xpath: //div[@class='a-section a-spacing-small a-spacing-top-small']], [[ChromeDriver: chrome on windows (92284fe98b983cebcebfeb9462836efa)] -> xpath: //div[@class='a-section a-spacing-small a-spacing-top-small']], [[ChromeDriver: chrome on windows (92284fe98b983cebcebfeb9462836efa)] -> xpath: //div[@class='a-section a-spacing-small a-spacing-top-small']], [[ChromeDriver: chrome on windows (92284fe98b983cebcebfeb9462836efa)] -> xpath: //div[@class='a-section a-spacing-small a-spacing-top-small']], [[ChromeDriver: chrome on windows (92284fe98b983cebcebfeb9462836efa)] -> xpath: //div[@class='a-section a-spacing-small a-spacing-top-small']], [[ChromeDriver: chrome on windows (92284fe98b983cebcebfeb9462836efa)] -> xpath: //div[@class='a-section a-spacing-small a-spacing-top-small']], [[ChromeDriver: chrome on windows (92284fe98b983cebcebfeb9462836efa)] -> xpath: //div[@class='a-section a-spacing-small a-spacing-top-small']]] from the safeFindElements method
19:42:25 [TestNG-test-Test-3] INFO  verifyingGetItIn2DaysFilterFunctionality_Tablet_19-42-15 - [verifyingGetItIn2DaysFilterFunctionality_Tablet_19-42-15] Created hashset with required data to assert with Within validateDeliveryFilterOptions method
19:42:25 [TestNG-test-Test-3] INFO  verifyingGetItIn2DaysFilterFunctionality_Tablet_19-42-15 - [verifyingGetItIn2DaysFilterFunctionality_Tablet_19-42-15] this is the set  [Jun, Today, FREE delivery, 07, 08, Sun, Mon, Tomorrow]
19:42:25 [TestNG-test-Test-3] INFO  verifyingGetItIn2DaysFilterFunctionality_Tablet_19-42-15 - [verifyingGetItIn2DaysFilterFunctionality_Tablet_19-42-15] Within deliveryElements loop iterating over the products  Within validateDeliveryFilterOptions method
19:42:25 [TestNG-test-Test-3] INFO  verifyingGetItIn2DaysFilterFunctionality_Tablet_19-42-15 - [verifyingGetItIn2DaysFilterFunctionality_Tablet_19-42-15] Checking if the allowedDateParts have the assert text   Within validateDeliveryFilterOptions method
19:42:25 [TestNG-test-Test-3] INFO  verifyingGetItIn2DaysFilterFunctionality_Tablet_19-42-15 - [verifyingGetItIn2DaysFilterFunctionality_Tablet_19-42-15] Within deliveryElements loop iterating over the products  Within validateDeliveryFilterOptions method
19:42:25 [TestNG-test-Test-3] INFO  verifyingGetItIn2DaysFilterFunctionality_Tablet_19-42-15 - [verifyingGetItIn2DaysFilterFunctionality_Tablet_19-42-15] Checking if the allowedDateParts have the assert text   Within validateDeliveryFilterOptions method
19:42:25 [TestNG-test-Test-3] INFO  verifyingGetItIn2DaysFilterFunctionality_Tablet_19-42-15 - [verifyingGetItIn2DaysFilterFunctionality_Tablet_19-42-15] Within deliveryElements loop iterating over the products  Within validateDeliveryFilterOptions method
19:42:26 [TestNG-test-Test-3] INFO  verifyingGetItIn2DaysFilterFunctionality_Tablet_19-42-15 - [verifyingGetItIn2DaysFilterFunctionality_Tablet_19-42-15] Checking if the allowedDateParts have the assert text   Within validateDeliveryFilterOptions method
19:42:26 [TestNG-test-Test-3] INFO  verifyingGetItIn2DaysFilterFunctionality_Tablet_19-42-15 - [verifyingGetItIn2DaysFilterFunctionality_Tablet_19-42-15] Within deliveryElements loop iterating over the products  Within validateDeliveryFilterOptions method
19:42:26 [TestNG-test-Test-3] INFO  verifyingGetItIn2DaysFilterFunctionality_Tablet_19-42-15 - [verifyingGetItIn2DaysFilterFunctionality_Tablet_19-42-15] Checking if the allowedDateParts have the assert text   Within validateDeliveryFilterOptions method
19:42:26 [TestNG-test-Test-3] INFO  verifyingGetItIn2DaysFilterFunctionality_Tablet_19-42-15 - [verifyingGetItIn2DaysFilterFunctionality_Tablet_19-42-15] Within deliveryElements loop iterating over the products  Within validateDeliveryFilterOptions method
19:42:26 [TestNG-test-Test-3] INFO  verifyingGetItIn2DaysFilterFunctionality_Tablet_19-42-15 - [verifyingGetItIn2DaysFilterFunctionality_Tablet_19-42-15] Checking if the allowedDateParts have the assert text   Within validateDeliveryFilterOptions method
19:42:26 [TestNG-test-Test-3] INFO  verifyingGetItIn2DaysFilterFunctionality_Tablet_19-42-15 - [verifyingGetItIn2DaysFilterFunctionality_Tablet_19-42-15] Within deliveryElements loop iterating over the products  Within validateDeliveryFilterOptions method
19:42:26 [TestNG-test-Test-3] INFO  verifyingGetItIn2DaysFilterFunctionality_Tablet_19-42-15 - [verifyingGetItIn2DaysFilterFunctionality_Tablet_19-42-15] Checking if the allowedDateParts have the assert text   Within validateDeliveryFilterOptions method
19:42:26 [TestNG-test-Test-3] INFO  verifyingGetItIn2DaysFilterFunctionality_Tablet_19-42-15 - [verifyingGetItIn2DaysFilterFunctionality_Tablet_19-42-15] Within deliveryElements loop iterating over the products  Within validateDeliveryFilterOptions method
19:42:26 [TestNG-test-Test-3] INFO  verifyingGetItIn2DaysFilterFunctionality_Tablet_19-42-15 - [verifyingGetItIn2DaysFilterFunctionality_Tablet_19-42-15] Checking if the allowedDateParts have the assert text   Within validateDeliveryFilterOptions method
19:42:26 [TestNG-test-Test-3] INFO  verifyingGetItIn2DaysFilterFunctionality_Tablet_19-42-15 - [verifyingGetItIn2DaysFilterFunctionality_Tablet_19-42-15] Within deliveryElements loop iterating over the products  Within validateDeliveryFilterOptions method
19:42:26 [TestNG-test-Test-3] INFO  verifyingGetItIn2DaysFilterFunctionality_Tablet_19-42-15 - [verifyingGetItIn2DaysFilterFunctionality_Tablet_19-42-15] Checking if the allowedDateParts have the assert text   Within validateDeliveryFilterOptions method
19:42:26 [TestNG-test-Test-3] INFO  verifyingGetItIn2DaysFilterFunctionality_Tablet_19-42-15 - [verifyingGetItIn2DaysFilterFunctionality_Tablet_19-42-15] Returning the list with boolean values   Within validateDeliveryFilterOptions method
19:42:26 [TestNG-test-Test-3] INFO  verifyingGetItIn2DaysFilterFunctionality_Tablet_19-42-15 - [verifyingGetItIn2DaysFilterFunctionality_Tablet_19-42-15] Asserting delivery filter: isValid=true, index=-1, text=All the things are valid no errors
