11:02:07 [TestNG-test-Test-3] INFO  verifyingGetItByTomorrowFilterFunctionality_Tablet_11-02-07 - No existing WebDriver found for current thread. Initializing a new ChromeDriver...
11:02:07 [TestNG-test-Test-3] INFO  verifyingGetItByTomorrowFilterFunctionality_Tablet_11-02-07 - WebDriverManager: chromedriver setup OK
11:02:09 [TestNG-test-Test-3] INFO  verifyingGetItByTomorrowFilterFunctionality_Tablet_11-02-07 - ChromeDriver initialized successfully for thread: 36
11:02:09 [TestNG-test-Test-3] INFO  verifyingGetItByTomorrowFilterFunctionality_Tablet_11-02-07 - [verifyingGetItByTomorrowFilterFunctionality_Tablet_11-02-07] Opening amazon Landing page
11:02:09 [TestNG-test-Test-3] INFO  verifyingGetItByTomorrowFilterFunctionality_Tablet_11-02-07 - [verifyingGetItByTomorrowFilterFunctionality_Tablet_11-02-07] Within safeFindElement method
11:02:16 [TestNG-test-Test-3] INFO  verifyingGetItByTomorrowFilterFunctionality_Tablet_11-02-07 - [verifyingGetItByTomorrowFilterFunctionality_Tablet_11-02-07]Found the element returning it ,element ->[[ChromeDriver: chrome on windows (2bb7b7e17bbb3f4d4b2c00a508303a21)] -> xpath: //a[@id='nav-logo-sprites']]
11:02:17 [TestNG-test-Test-3] INFO  verifyingGetItByTomorrowFilterFunctionality_Tablet_11-02-07 - [verifyingGetItByTomorrowFilterFunctionality_Tablet_11-02-07] Giving input within the search bar
11:02:17 [TestNG-test-Test-3] INFO  verifyingGetItByTomorrowFilterFunctionality_Tablet_11-02-07 - [verifyingGetItByTomorrowFilterFunctionality_Tablet_11-02-07] Within safeClick method
11:02:19 [TestNG-test-Test-3] INFO  verifyingGetItByTomorrowFilterFunctionality_Tablet_11-02-07 - [verifyingGetItByTomorrowFilterFunctionality_Tablet_11-02-07] Clicked the  [[ChromeDriver: chrome on windows (2bb7b7e17bbb3f4d4b2c00a508303a21)] -> xpath: //input[@id='nav-search-submit-button']]   using safeClick
11:02:19 [TestNG-test-Test-3] INFO  verifyingGetItByTomorrowFilterFunctionality_Tablet_11-02-07 - [verifyingGetItByTomorrowFilterFunctionality_Tablet_11-02-07] Clicking on the submit in the search bar
11:02:19 [TestNG-test-Test-3] INFO  verifyingGetItByTomorrowFilterFunctionality_Tablet_11-02-07 - [verifyingGetItByTomorrowFilterFunctionality_Tablet_11-02-07] Waiting until element is visible in viewport
11:02:19 [TestNG-test-Test-3] INFO  verifyingGetItByTomorrowFilterFunctionality_Tablet_11-02-07 - [verifyingGetItByTomorrowFilterFunctionality_Tablet_11-02-07] Within validateDeliveryFilterOptionsWithResult method
11:02:19 [TestNG-test-Test-3] INFO  verifyingGetItByTomorrowFilterFunctionality_Tablet_11-02-07 - [verifyingGetItByTomorrowFilterFunctionality_Tablet_11-02-07] Within safeClick method
11:02:21 [TestNG-test-Test-3] INFO  verifyingGetItByTomorrowFilterFunctionality_Tablet_11-02-07 - [verifyingGetItByTomorrowFilterFunctionality_Tablet_11-02-07] Clicked the  [[ChromeDriver: chrome on windows (2bb7b7e17bbb3f4d4b2c00a508303a21)] -> xpath: //span[@class='a-size-base a-color-base puis-bold-weight-text' and text()='Delivery Day']/parent::div/following-sibling::ul//span[@class='a-size-base a-color-base' and text()='Get It by Tomorrow']]   using safeClick
11:02:21 [TestNG-test-Test-3] INFO  verifyingGetItByTomorrowFilterFunctionality_Tablet_11-02-07 - [verifyingGetItByTomorrowFilterFunctionality_Tablet_11-02-07] Within getMoreButtonByFilterTypeAndName method
11:02:21 [TestNG-test-Test-3] INFO  verifyingGetItByTomorrowFilterFunctionality_Tablet_11-02-07 - [verifyingGetItByTomorrowFilterFunctionality_Tablet_11-02-07] Clicked on By.xpath: //span[@class='a-size-base a-color-base puis-bold-weight-text' and text()='Delivery Day']/parent::div/following-sibling::ul//span[@class='a-size-base a-color-base' and text()='Get It by Tomorrow']
11:02:21 [TestNG-test-Test-3] INFO  verifyingGetItByTomorrowFilterFunctionality_Tablet_11-02-07 - [verifyingGetItByTomorrowFilterFunctionality_Tablet_11-02-07] Within safeFindElements 
11:02:21 [TestNG-test-Test-3] INFO  verifyingGetItByTomorrowFilterFunctionality_Tablet_11-02-07 - [verifyingGetItByTomorrowFilterFunctionality_Tablet_11-02-07] Returning the  [[[ChromeDriver: chrome on windows (2bb7b7e17bbb3f4d4b2c00a508303a21)] -> xpath: //div[@class='a-section a-spacing-small a-spacing-top-small']], [[ChromeDriver: chrome on windows (2bb7b7e17bbb3f4d4b2c00a508303a21)] -> xpath: //div[@class='a-section a-spacing-small a-spacing-top-small']], [[ChromeDriver: chrome on windows (2bb7b7e17bbb3f4d4b2c00a508303a21)] -> xpath: //div[@class='a-section a-spacing-small a-spacing-top-small']], [[ChromeDriver: chrome on windows (2bb7b7e17bbb3f4d4b2c00a508303a21)] -> xpath: //div[@class='a-section a-spacing-small a-spacing-top-small']], [[ChromeDriver: chrome on windows (2bb7b7e17bbb3f4d4b2c00a508303a21)] -> xpath: //div[@class='a-section a-spacing-small a-spacing-top-small']], [[ChromeDriver: chrome on windows (2bb7b7e17bbb3f4d4b2c00a508303a21)] -> xpath: //div[@class='a-section a-spacing-small a-spacing-top-small']], [[ChromeDriver: chrome on windows (2bb7b7e17bbb3f4d4b2c00a508303a21)] -> xpath: //div[@class='a-section a-spacing-small a-spacing-top-small']], [[ChromeDriver: chrome on windows (2bb7b7e17bbb3f4d4b2c00a508303a21)] -> xpath: //div[@class='a-section a-spacing-small a-spacing-top-small']], [[ChromeDriver: chrome on windows (2bb7b7e17bbb3f4d4b2c00a508303a21)] -> xpath: //div[@class='a-section a-spacing-small a-spacing-top-small']], [[ChromeDriver: chrome on windows (2bb7b7e17bbb3f4d4b2c00a508303a21)] -> xpath: //div[@class='a-section a-spacing-small a-spacing-top-small']], [[ChromeDriver: chrome on windows (2bb7b7e17bbb3f4d4b2c00a508303a21)] -> xpath: //div[@class='a-section a-spacing-small a-spacing-top-small']], [[ChromeDriver: chrome on windows (2bb7b7e17bbb3f4d4b2c00a508303a21)] -> xpath: //div[@class='a-section a-spacing-small a-spacing-top-small']], [[ChromeDriver: chrome on windows (2bb7b7e17bbb3f4d4b2c00a508303a21)] -> xpath: //div[@class='a-section a-spacing-small a-spacing-top-small']], [[ChromeDriver: chrome on windows (2bb7b7e17bbb3f4d4b2c00a508303a21)] -> xpath: //div[@class='a-section a-spacing-small a-spacing-top-small']], [[ChromeDriver: chrome on windows (2bb7b7e17bbb3f4d4b2c00a508303a21)] -> xpath: //div[@class='a-section a-spacing-small a-spacing-top-small']], [[ChromeDriver: chrome on windows (2bb7b7e17bbb3f4d4b2c00a508303a21)] -> xpath: //div[@class='a-section a-spacing-small a-spacing-top-small']]] from the safeFindElements method
11:02:21 [TestNG-test-Test-3] INFO  verifyingGetItByTomorrowFilterFunctionality_Tablet_11-02-07 - [verifyingGetItByTomorrowFilterFunctionality_Tablet_11-02-07] Created hashset with required data to assert with Within validateDeliveryFilterOptions method
11:02:21 [TestNG-test-Test-3] INFO  verifyingGetItByTomorrowFilterFunctionality_Tablet_11-02-07 - [verifyingGetItByTomorrowFilterFunctionality_Tablet_11-02-07] this is the set  [Apr, Today, 04, 05, FREE delivery, Sat, Sun, Tomorrow]
11:02:21 [TestNG-test-Test-3] INFO  verifyingGetItByTomorrowFilterFunctionality_Tablet_11-02-07 - [verifyingGetItByTomorrowFilterFunctionality_Tablet_11-02-07] Within deliveryElements loop iterating over the products  Within validateDeliveryFilterOptions method
11:02:21 [TestNG-test-Test-3] INFO  verifyingGetItByTomorrowFilterFunctionality_Tablet_11-02-07 - [verifyingGetItByTomorrowFilterFunctionality_Tablet_11-02-07] Checking if the allowedDateParts have the assert text   Within validateDeliveryFilterOptions method
11:02:21 [TestNG-test-Test-3] INFO  verifyingGetItByTomorrowFilterFunctionality_Tablet_11-02-07 - [verifyingGetItByTomorrowFilterFunctionality_Tablet_11-02-07] Within deliveryElements loop iterating over the products  Within validateDeliveryFilterOptions method
11:02:21 [TestNG-test-Test-3] INFO  verifyingGetItByTomorrowFilterFunctionality_Tablet_11-02-07 - [verifyingGetItByTomorrowFilterFunctionality_Tablet_11-02-07] Checking if the allowedDateParts have the assert text   Within validateDeliveryFilterOptions method
11:02:21 [TestNG-test-Test-3] INFO  verifyingGetItByTomorrowFilterFunctionality_Tablet_11-02-07 - [verifyingGetItByTomorrowFilterFunctionality_Tablet_11-02-07] Within deliveryElements loop iterating over the products  Within validateDeliveryFilterOptions method
11:02:22 [TestNG-test-Test-3] INFO  verifyingGetItByTomorrowFilterFunctionality_Tablet_11-02-07 - [verifyingGetItByTomorrowFilterFunctionality_Tablet_11-02-07] Checking if the allowedDateParts have the assert text   Within validateDeliveryFilterOptions method
11:02:22 [TestNG-test-Test-3] INFO  verifyingGetItByTomorrowFilterFunctionality_Tablet_11-02-07 - [verifyingGetItByTomorrowFilterFunctionality_Tablet_11-02-07] Within deliveryElements loop iterating over the products  Within validateDeliveryFilterOptions method
11:02:22 [TestNG-test-Test-3] INFO  verifyingGetItByTomorrowFilterFunctionality_Tablet_11-02-07 - [verifyingGetItByTomorrowFilterFunctionality_Tablet_11-02-07] Checking if the allowedDateParts have the assert text   Within validateDeliveryFilterOptions method
11:02:22 [TestNG-test-Test-3] INFO  verifyingGetItByTomorrowFilterFunctionality_Tablet_11-02-07 - [verifyingGetItByTomorrowFilterFunctionality_Tablet_11-02-07] Within deliveryElements loop iterating over the products  Within validateDeliveryFilterOptions method
11:02:22 [TestNG-test-Test-3] INFO  verifyingGetItByTomorrowFilterFunctionality_Tablet_11-02-07 - [verifyingGetItByTomorrowFilterFunctionality_Tablet_11-02-07] Checking if the allowedDateParts have the assert text   Within validateDeliveryFilterOptions method
11:02:22 [TestNG-test-Test-3] INFO  verifyingGetItByTomorrowFilterFunctionality_Tablet_11-02-07 - [verifyingGetItByTomorrowFilterFunctionality_Tablet_11-02-07] Within deliveryElements loop iterating over the products  Within validateDeliveryFilterOptions method
11:02:22 [TestNG-test-Test-3] INFO  verifyingGetItByTomorrowFilterFunctionality_Tablet_11-02-07 - [verifyingGetItByTomorrowFilterFunctionality_Tablet_11-02-07] Checking if the allowedDateParts have the assert text   Within validateDeliveryFilterOptions method
11:02:22 [TestNG-test-Test-3] INFO  verifyingGetItByTomorrowFilterFunctionality_Tablet_11-02-07 - [verifyingGetItByTomorrowFilterFunctionality_Tablet_11-02-07] Within deliveryElements loop iterating over the products  Within validateDeliveryFilterOptions method
11:02:22 [TestNG-test-Test-3] INFO  verifyingGetItByTomorrowFilterFunctionality_Tablet_11-02-07 - [verifyingGetItByTomorrowFilterFunctionality_Tablet_11-02-07] Checking if the allowedDateParts have the assert text   Within validateDeliveryFilterOptions method
11:02:22 [TestNG-test-Test-3] INFO  verifyingGetItByTomorrowFilterFunctionality_Tablet_11-02-07 - [verifyingGetItByTomorrowFilterFunctionality_Tablet_11-02-07] Within deliveryElements loop iterating over the products  Within validateDeliveryFilterOptions method
11:02:22 [TestNG-test-Test-3] INFO  verifyingGetItByTomorrowFilterFunctionality_Tablet_11-02-07 - [verifyingGetItByTomorrowFilterFunctionality_Tablet_11-02-07] Checking if the allowedDateParts have the assert text   Within validateDeliveryFilterOptions method
11:02:22 [TestNG-test-Test-3] INFO  verifyingGetItByTomorrowFilterFunctionality_Tablet_11-02-07 - [verifyingGetItByTomorrowFilterFunctionality_Tablet_11-02-07] Within deliveryElements loop iterating over the products  Within validateDeliveryFilterOptions method
11:02:22 [TestNG-test-Test-3] INFO  verifyingGetItByTomorrowFilterFunctionality_Tablet_11-02-07 - [verifyingGetItByTomorrowFilterFunctionality_Tablet_11-02-07] Checking if the allowedDateParts have the assert text   Within validateDeliveryFilterOptions method
11:02:22 [TestNG-test-Test-3] INFO  verifyingGetItByTomorrowFilterFunctionality_Tablet_11-02-07 - [verifyingGetItByTomorrowFilterFunctionality_Tablet_11-02-07] Within deliveryElements loop iterating over the products  Within validateDeliveryFilterOptions method
11:02:22 [TestNG-test-Test-3] INFO  verifyingGetItByTomorrowFilterFunctionality_Tablet_11-02-07 - [verifyingGetItByTomorrowFilterFunctionality_Tablet_11-02-07] Checking if the allowedDateParts have the assert text   Within validateDeliveryFilterOptions method
11:02:22 [TestNG-test-Test-3] INFO  verifyingGetItByTomorrowFilterFunctionality_Tablet_11-02-07 - [verifyingGetItByTomorrowFilterFunctionality_Tablet_11-02-07] Within deliveryElements loop iterating over the products  Within validateDeliveryFilterOptions method
11:02:22 [TestNG-test-Test-3] INFO  verifyingGetItByTomorrowFilterFunctionality_Tablet_11-02-07 - [verifyingGetItByTomorrowFilterFunctionality_Tablet_11-02-07] Checking if the allowedDateParts have the assert text   Within validateDeliveryFilterOptions method
11:02:22 [TestNG-test-Test-3] INFO  verifyingGetItByTomorrowFilterFunctionality_Tablet_11-02-07 - [verifyingGetItByTomorrowFilterFunctionality_Tablet_11-02-07] Within deliveryElements loop iterating over the products  Within validateDeliveryFilterOptions method
11:02:22 [TestNG-test-Test-3] INFO  verifyingGetItByTomorrowFilterFunctionality_Tablet_11-02-07 - [verifyingGetItByTomorrowFilterFunctionality_Tablet_11-02-07] Checking if the allowedDateParts have the assert text   Within validateDeliveryFilterOptions method
11:02:22 [TestNG-test-Test-3] INFO  verifyingGetItByTomorrowFilterFunctionality_Tablet_11-02-07 - [verifyingGetItByTomorrowFilterFunctionality_Tablet_11-02-07] Within deliveryElements loop iterating over the products  Within validateDeliveryFilterOptions method
11:02:22 [TestNG-test-Test-3] INFO  verifyingGetItByTomorrowFilterFunctionality_Tablet_11-02-07 - [verifyingGetItByTomorrowFilterFunctionality_Tablet_11-02-07] Checking if the allowedDateParts have the assert text   Within validateDeliveryFilterOptions method
11:02:22 [TestNG-test-Test-3] INFO  verifyingGetItByTomorrowFilterFunctionality_Tablet_11-02-07 - [verifyingGetItByTomorrowFilterFunctionality_Tablet_11-02-07] Within deliveryElements loop iterating over the products  Within validateDeliveryFilterOptions method
11:02:22 [TestNG-test-Test-3] INFO  verifyingGetItByTomorrowFilterFunctionality_Tablet_11-02-07 - [verifyingGetItByTomorrowFilterFunctionality_Tablet_11-02-07] Checking if the allowedDateParts have the assert text   Within validateDeliveryFilterOptions method
11:02:22 [TestNG-test-Test-3] INFO  verifyingGetItByTomorrowFilterFunctionality_Tablet_11-02-07 - [verifyingGetItByTomorrowFilterFunctionality_Tablet_11-02-07] Within deliveryElements loop iterating over the products  Within validateDeliveryFilterOptions method
11:02:22 [TestNG-test-Test-3] INFO  verifyingGetItByTomorrowFilterFunctionality_Tablet_11-02-07 - [verifyingGetItByTomorrowFilterFunctionality_Tablet_11-02-07] Checking if the allowedDateParts have the assert text   Within validateDeliveryFilterOptions method
11:02:22 [TestNG-test-Test-3] INFO  verifyingGetItByTomorrowFilterFunctionality_Tablet_11-02-07 - [verifyingGetItByTomorrowFilterFunctionality_Tablet_11-02-07] Within deliveryElements loop iterating over the products  Within validateDeliveryFilterOptions method
11:02:22 [TestNG-test-Test-3] INFO  verifyingGetItByTomorrowFilterFunctionality_Tablet_11-02-07 - [verifyingGetItByTomorrowFilterFunctionality_Tablet_11-02-07] Checking if the allowedDateParts have the assert text   Within validateDeliveryFilterOptions method
11:02:22 [TestNG-test-Test-3] INFO  verifyingGetItByTomorrowFilterFunctionality_Tablet_11-02-07 - [verifyingGetItByTomorrowFilterFunctionality_Tablet_11-02-07] Returning the list with boolean values   Within validateDeliveryFilterOptions method
11:02:22 [TestNG-test-Test-3] INFO  verifyingGetItByTomorrowFilterFunctionality_Tablet_11-02-07 - [verifyingGetItByTomorrowFilterFunctionality_Tablet_11-02-07] Asserting delivery filter: isValid=true, index=-1, text=All the things are valid no errors
