20:36:10 [TestNG-test-Test-3] INFO  verifyingPriceSilderFunctionality_20-36-10 - No existing WebDriver found for current thread. Initializing a new ChromeDriver...
20:36:10 [TestNG-test-Test-3] INFO  verifyingPriceSilderFunctionality_20-36-10 - WebDriverManager: chromedriver setup OK
20:36:12 [TestNG-test-Test-3] INFO  verifyingPriceSilderFunctionality_20-36-10 - ChromeDriver initialized successfully for thread: 36
20:36:12 [TestNG-test-Test-3] INFO  verifyingPriceSilderFunctionality_20-36-10 - [verifyingPriceSilderFunctionality_20-36-10] Opening amazon Landing page
20:36:12 [TestNG-test-Test-3] INFO  verifyingPriceSilderFunctionality_20-36-10 - [verifyingPriceSilderFunctionality_20-36-10] Within safeFindElement method
20:36:17 [TestNG-test-Test-3] INFO  verifyingPriceSilderFunctionality_20-36-10 - [verifyingPriceSilderFunctionality_20-36-10]Retrying findElement for: ->By.xpath: //a[@id='nav-logo-sprites']
20:36:18 [TestNG-test-Test-3] INFO  verifyingPriceSilderFunctionality_20-36-10 - [verifyingPriceSilderFunctionality_20-36-10]Refrehsing the page , while trying to safely find : ->By.xpath: //a[@id='nav-logo-sprites']
20:36:19 [TestNG-test-Test-3] INFO  verifyingPriceSilderFunctionality_20-36-10 - [verifyingPriceSilderFunctionality_20-36-10]Found the element returning it ,element ->[[ChromeDriver: chrome on windows (1eb2d74f6af178b4a0de61c95b816253)] -> xpath: //a[@id='nav-logo-sprites']]
20:36:19 [TestNG-test-Test-3] INFO  verifyingPriceSilderFunctionality_20-36-10 - [verifyingPriceSilderFunctionality_20-36-10] Giving input within the search bar
20:36:19 [TestNG-test-Test-3] INFO  verifyingPriceSilderFunctionality_20-36-10 - [verifyingPriceSilderFunctionality_20-36-10] Within safeClick method
20:36:22 [TestNG-test-Test-3] INFO  verifyingPriceSilderFunctionality_20-36-10 - [verifyingPriceSilderFunctionality_20-36-10] Clicked the  [[ChromeDriver: chrome on windows (1eb2d74f6af178b4a0de61c95b816253)] -> xpath: //input[@id='nav-search-submit-button']]   using safeClick
20:36:22 [TestNG-test-Test-3] INFO  verifyingPriceSilderFunctionality_20-36-10 - [verifyingPriceSilderFunctionality_20-36-10] Clicking on the submit in the search bar
20:36:22 [TestNG-test-Test-3] INFO  verifyingPriceSilderFunctionality_20-36-10 - [verifyingPriceSilderFunctionality_20-36-10] Within filterCheckUnderList method
20:36:22 [TestNG-test-Test-3] INFO  verifyingPriceSilderFunctionality_20-36-10 - [verifyingPriceSilderFunctionality_20-36-10] Found the Filter within the filter check List
20:36:22 [TestNG-test-Test-3] INFO  verifyingPriceSilderFunctionality_20-36-10 - [verifyingPriceSilderFunctionality_20-36-10] Within applyPriceSliderAndValidateWithResult method
20:36:22 [TestNG-test-Test-3] INFO  verifyingPriceSilderFunctionality_20-36-10 - [verifyingPriceSilderFunctionality_20-36-10] Within smoothScrollToElement method
20:36:22 [TestNG-test-Test-3] INFO  verifyingPriceSilderFunctionality_20-36-10 - [verifyingPriceSilderFunctionality_20-36-10] Within safeFindElement method
20:36:22 [TestNG-test-Test-3] INFO  verifyingPriceSilderFunctionality_20-36-10 - [verifyingPriceSilderFunctionality_20-36-10]Found the element returning it ,element ->[[ChromeDriver: chrome on windows (1eb2d74f6af178b4a0de61c95b816253)] -> id: p_36/range-slider_slider-item_lower-bound-slider]
20:36:22 [TestNG-test-Test-3] INFO  verifyingPriceSilderFunctionality_20-36-10 - [verifyingPriceSilderFunctionality_20-36-10] Successfully scrolled to element: By.id: p_36/range-slider_slider-item_lower-bound-slider
20:36:22 [TestNG-test-Test-3] INFO  verifyingPriceSilderFunctionality_20-36-10 - [verifyingPriceSilderFunctionality_20-36-10] Within safeFindElement method
20:36:22 [TestNG-test-Test-3] INFO  verifyingPriceSilderFunctionality_20-36-10 - [verifyingPriceSilderFunctionality_20-36-10]Found the element returning it ,element ->[[ChromeDriver: chrome on windows (1eb2d74f6af178b4a0de61c95b816253)] -> id: p_36/range-slider_slider-item_lower-bound-slider]
20:36:22 [TestNG-test-Test-3] INFO  verifyingPriceSilderFunctionality_20-36-10 - [verifyingPriceSilderFunctionality_20-36-10] Within safeFindElement method
20:36:22 [TestNG-test-Test-3] INFO  verifyingPriceSilderFunctionality_20-36-10 - [verifyingPriceSilderFunctionality_20-36-10]Found the element returning it ,element ->[[ChromeDriver: chrome on windows (1eb2d74f6af178b4a0de61c95b816253)] -> id: p_36/range-slider_slider-item_upper-bound-slider]
20:36:22 [TestNG-test-Test-3] INFO  verifyingPriceSilderFunctionality_20-36-10 - [verifyingPriceSilderFunctionality_20-36-10] in the setSliderValue method with value 61
20:36:22 [TestNG-test-Test-3] INFO  verifyingPriceSilderFunctionality_20-36-10 - [verifyingPriceSilderFunctionality_20-36-10] in the setSliderValue method with value 81
20:36:22 [TestNG-test-Test-3] INFO  verifyingPriceSilderFunctionality_20-36-10 - [verifyingPriceSilderFunctionality_20-36-10] Within safeFindElement method
20:36:23 [TestNG-test-Test-3] INFO  verifyingPriceSilderFunctionality_20-36-10 - [verifyingPriceSilderFunctionality_20-36-10]Found the element returning it ,element ->[[ChromeDriver: chrome on windows (1eb2d74f6af178b4a0de61c95b816253)] -> xpath: //label[@for='p_36/range-slider_slider-item_upper-bound-slider']]
20:36:23 [TestNG-test-Test-3] INFO  verifyingPriceSilderFunctionality_20-36-10 - [verifyingPriceSilderFunctionality_20-36-10] Within safeFindElement method
20:36:23 [TestNG-test-Test-3] INFO  verifyingPriceSilderFunctionality_20-36-10 - [verifyingPriceSilderFunctionality_20-36-10]Found the element returning it ,element ->[[ChromeDriver: chrome on windows (1eb2d74f6af178b4a0de61c95b816253)] -> xpath: //label[@for='p_36/range-slider_slider-item_lower-bound-slider']]
20:36:23 [TestNG-test-Test-3] INFO  verifyingPriceSilderFunctionality_20-36-10 - [verifyingPriceSilderFunctionality_20-36-10] Within smoothScrollToElement method
20:36:23 [TestNG-test-Test-3] INFO  verifyingPriceSilderFunctionality_20-36-10 - [verifyingPriceSilderFunctionality_20-36-10] Within safeFindElement method
20:36:25 [TestNG-test-Test-3] INFO  verifyingPriceSilderFunctionality_20-36-10 - [verifyingPriceSilderFunctionality_20-36-10]Found the element returning it ,element ->[[ChromeDriver: chrome on windows (1eb2d74f6af178b4a0de61c95b816253)] -> id: p_36/range-slider_slider-item_lower-bound-slider]
20:36:25 [TestNG-test-Test-3] INFO  verifyingPriceSilderFunctionality_20-36-10 - [verifyingPriceSilderFunctionality_20-36-10] Successfully scrolled to element: By.id: p_36/range-slider_slider-item_lower-bound-slider
20:36:25 [TestNG-test-Test-3] INFO  verifyingPriceSilderFunctionality_20-36-10 - [verifyingPriceSilderFunctionality_20-36-10] Adding the data 'min','max','isValid' ,'mismatches' to 'result' Map->81
20:36:25 [TestNG-test-Test-3] INFO  verifyingPriceSilderFunctionality_20-36-10 - [verifyingPriceSilderFunctionality_20-36-10] Adding the 'results'  Map to the master 'allResults' i.e is List of maps->81
20:36:25 [TestNG-test-Test-3] INFO  verifyingPriceSilderFunctionality_20-36-10 - [verifyingPriceSilderFunctionality_20-36-10] in the setSliderValue method with value 91
20:36:25 [TestNG-test-Test-3] INFO  verifyingPriceSilderFunctionality_20-36-10 - [verifyingPriceSilderFunctionality_20-36-10] in the setSliderValue method with value 121
20:36:25 [TestNG-test-Test-3] INFO  verifyingPriceSilderFunctionality_20-36-10 - [verifyingPriceSilderFunctionality_20-36-10] Within safeFindElement method
20:36:25 [TestNG-test-Test-3] INFO  verifyingPriceSilderFunctionality_20-36-10 - [verifyingPriceSilderFunctionality_20-36-10]Found the element returning it ,element ->[[ChromeDriver: chrome on windows (1eb2d74f6af178b4a0de61c95b816253)] -> xpath: //label[@for='p_36/range-slider_slider-item_upper-bound-slider']]
20:36:25 [TestNG-test-Test-3] INFO  verifyingPriceSilderFunctionality_20-36-10 - [verifyingPriceSilderFunctionality_20-36-10] Within safeFindElement method
20:36:25 [TestNG-test-Test-3] INFO  verifyingPriceSilderFunctionality_20-36-10 - [verifyingPriceSilderFunctionality_20-36-10]Found the element returning it ,element ->[[ChromeDriver: chrome on windows (1eb2d74f6af178b4a0de61c95b816253)] -> xpath: //label[@for='p_36/range-slider_slider-item_lower-bound-slider']]
20:36:26 [TestNG-test-Test-3] INFO  verifyingPriceSilderFunctionality_20-36-10 - [verifyingPriceSilderFunctionality_20-36-10] Within smoothScrollToElement method
20:36:26 [TestNG-test-Test-3] INFO  verifyingPriceSilderFunctionality_20-36-10 - [verifyingPriceSilderFunctionality_20-36-10] Within safeFindElement method
20:36:27 [TestNG-test-Test-3] INFO  verifyingPriceSilderFunctionality_20-36-10 - [verifyingPriceSilderFunctionality_20-36-10]Found the element returning it ,element ->[[ChromeDriver: chrome on windows (1eb2d74f6af178b4a0de61c95b816253)] -> id: p_36/range-slider_slider-item_lower-bound-slider]
20:36:27 [TestNG-test-Test-3] INFO  verifyingPriceSilderFunctionality_20-36-10 - [verifyingPriceSilderFunctionality_20-36-10] Successfully scrolled to element: By.id: p_36/range-slider_slider-item_lower-bound-slider
20:36:27 [TestNG-test-Test-3] INFO  verifyingPriceSilderFunctionality_20-36-10 - [verifyingPriceSilderFunctionality_20-36-10] Adding the data 'min','max','isValid' ,'mismatches' to 'result' Map->121
20:36:27 [TestNG-test-Test-3] INFO  verifyingPriceSilderFunctionality_20-36-10 - [verifyingPriceSilderFunctionality_20-36-10] Adding the 'results'  Map to the master 'allResults' i.e is List of maps->121
20:36:27 [TestNG-test-Test-3] INFO  verifyingPriceSilderFunctionality_20-36-10 - [verifyingPriceSilderFunctionality_20-36-10] in the setSliderValue method with value 131
20:36:27 [TestNG-test-Test-3] INFO  verifyingPriceSilderFunctionality_20-36-10 - [verifyingPriceSilderFunctionality_20-36-10] in the setSliderValue method with value 161
20:36:27 [TestNG-test-Test-3] INFO  verifyingPriceSilderFunctionality_20-36-10 - [verifyingPriceSilderFunctionality_20-36-10] Within safeFindElement method
20:36:27 [TestNG-test-Test-3] INFO  verifyingPriceSilderFunctionality_20-36-10 - [verifyingPriceSilderFunctionality_20-36-10]Found the element returning it ,element ->[[ChromeDriver: chrome on windows (1eb2d74f6af178b4a0de61c95b816253)] -> xpath: //label[@for='p_36/range-slider_slider-item_upper-bound-slider']]
20:36:27 [TestNG-test-Test-3] INFO  verifyingPriceSilderFunctionality_20-36-10 - [verifyingPriceSilderFunctionality_20-36-10] Within safeFindElement method
20:36:27 [TestNG-test-Test-3] INFO  verifyingPriceSilderFunctionality_20-36-10 - [verifyingPriceSilderFunctionality_20-36-10]Found the element returning it ,element ->[[ChromeDriver: chrome on windows (1eb2d74f6af178b4a0de61c95b816253)] -> xpath: //label[@for='p_36/range-slider_slider-item_lower-bound-slider']]
20:36:28 [TestNG-test-Test-3] INFO  verifyingPriceSilderFunctionality_20-36-10 - [verifyingPriceSilderFunctionality_20-36-10] Within smoothScrollToElement method
20:36:28 [TestNG-test-Test-3] INFO  verifyingPriceSilderFunctionality_20-36-10 - [verifyingPriceSilderFunctionality_20-36-10] Within safeFindElement method
20:36:29 [TestNG-test-Test-3] INFO  verifyingPriceSilderFunctionality_20-36-10 - [verifyingPriceSilderFunctionality_20-36-10]Found the element returning it ,element ->[[ChromeDriver: chrome on windows (1eb2d74f6af178b4a0de61c95b816253)] -> id: p_36/range-slider_slider-item_lower-bound-slider]
20:36:29 [TestNG-test-Test-3] INFO  verifyingPriceSilderFunctionality_20-36-10 - [verifyingPriceSilderFunctionality_20-36-10] Successfully scrolled to element: By.id: p_36/range-slider_slider-item_lower-bound-slider
20:36:29 [TestNG-test-Test-3] INFO  verifyingPriceSilderFunctionality_20-36-10 - [verifyingPriceSilderFunctionality_20-36-10] Adding the data 'min','max','isValid' ,'mismatches' to 'result' Map->161
20:36:29 [TestNG-test-Test-3] INFO  verifyingPriceSilderFunctionality_20-36-10 - [verifyingPriceSilderFunctionality_20-36-10] Adding the 'results'  Map to the master 'allResults' i.e is List of maps->161
20:36:29 [TestNG-test-Test-3] INFO  verifyingPriceSilderFunctionality_20-36-10 - [verifyingPriceSilderFunctionality_20-36-10] Returning the data here in the end
20:36:29 [TestNG-test-Test-3] INFO  verifyingPriceSilderFunctionality_20-36-10 - [verifyingPriceSilderFunctionality_20-36-10]  Price range validated successfully: 61 - 81
20:36:29 [TestNG-test-Test-3] INFO  verifyingPriceSilderFunctionality_20-36-10 - [verifyingPriceSilderFunctionality_20-36-10] ------------------------------------------------------------
20:36:29 [TestNG-test-Test-3] INFO  verifyingPriceSilderFunctionality_20-36-10 - [verifyingPriceSilderFunctionality_20-36-10]  Price range validated successfully: 91 - 121
20:36:29 [TestNG-test-Test-3] INFO  verifyingPriceSilderFunctionality_20-36-10 - [verifyingPriceSilderFunctionality_20-36-10] ------------------------------------------------------------
20:36:29 [TestNG-test-Test-3] INFO  verifyingPriceSilderFunctionality_20-36-10 - [verifyingPriceSilderFunctionality_20-36-10]  Price range validated successfully: 131 - 161
20:36:29 [TestNG-test-Test-3] INFO  verifyingPriceSilderFunctionality_20-36-10 - [verifyingPriceSilderFunctionality_20-36-10] ------------------------------------------------------------
20:36:29 [TestNG-test-Test-3] INFO  verifyingPriceSilderFunctionality_20-36-10 - [verifyingPriceSilderFunctionality_20-36-10]  Asserting all soft assertions now...
