10:07:19 [TestNG-test-Test-2] INFO  verifyingPriceSilderFunctionality_10-07-19 - No existing WebDriver found for current thread. Initializing a new ChromeDriver...
10:07:19 [TestNG-test-Test-2] INFO  verifyingPriceSilderFunctionality_10-07-19 - WebDriverManager: chromedriver setup OK
10:07:21 [TestNG-test-Test-2] INFO  verifyingPriceSilderFunctionality_10-07-19 - ChromeDriver initialized successfully for thread: 35
10:07:21 [TestNG-test-Test-2] INFO  verifyingPriceSilderFunctionality_10-07-19 - [verifyingPriceSilderFunctionality_10-07-19] Opening amazon Landing page
10:07:21 [TestNG-test-Test-2] INFO  verifyingPriceSilderFunctionality_10-07-19 - [verifyingPriceSilderFunctionality_10-07-19] Within safeFindElement method
10:07:27 [TestNG-test-Test-2] INFO  verifyingPriceSilderFunctionality_10-07-19 - [verifyingPriceSilderFunctionality_10-07-19]Retrying findElement for: ->By.xpath: //a[@id='nav-logo-sprites']
10:07:27 [TestNG-test-Test-2] INFO  verifyingPriceSilderFunctionality_10-07-19 - [verifyingPriceSilderFunctionality_10-07-19]Refrehsing the page , while trying to safely find : ->By.xpath: //a[@id='nav-logo-sprites']
10:07:32 [TestNG-test-Test-2] INFO  verifyingPriceSilderFunctionality_10-07-19 - [verifyingPriceSilderFunctionality_10-07-19]Retrying findElement for: ->By.xpath: //a[@id='nav-logo-sprites']
10:07:32 [TestNG-test-Test-2] INFO  verifyingPriceSilderFunctionality_10-07-19 - [verifyingPriceSilderFunctionality_10-07-19]Refrehsing the page , while trying to safely find : ->By.xpath: //a[@id='nav-logo-sprites']
10:07:32 [TestNG-test-Test-2] INFO  verifyingPriceSilderFunctionality_10-07-19 - [verifyingPriceSilderFunctionality_10-07-19] Skipping action: Element not found after 2   attemps
10:07:37 [TestNG-test-Test-2] INFO  verifyingPriceSilderFunctionality_10-07-19 - [verifyingPriceSilderFunctionality_10-07-19] Giving input within the search bar
10:07:37 [TestNG-test-Test-2] INFO  verifyingPriceSilderFunctionality_10-07-19 - [verifyingPriceSilderFunctionality_10-07-19] Within safeClick method
10:07:39 [TestNG-test-Test-2] INFO  verifyingPriceSilderFunctionality_10-07-19 - [verifyingPriceSilderFunctionality_10-07-19] Clicked the  [[ChromeDriver: chrome on windows (f1b021d9ad8316de9f03dea8a8d2ce18)] -> xpath: //input[@id='nav-search-submit-button']]   using safeClick
10:07:39 [TestNG-test-Test-2] INFO  verifyingPriceSilderFunctionality_10-07-19 - [verifyingPriceSilderFunctionality_10-07-19] Clicking on the submit in the search bar
10:07:39 [TestNG-test-Test-2] INFO  verifyingPriceSilderFunctionality_10-07-19 - [verifyingPriceSilderFunctionality_10-07-19] Within filterCheckUnderList method
10:07:39 [TestNG-test-Test-2] INFO  verifyingPriceSilderFunctionality_10-07-19 - [verifyingPriceSilderFunctionality_10-07-19] Found the Filter within the filter check List
10:07:39 [TestNG-test-Test-2] INFO  verifyingPriceSilderFunctionality_10-07-19 - [verifyingPriceSilderFunctionality_10-07-19] Within applyPriceSliderAndValidateWithResult method
10:07:39 [TestNG-test-Test-2] INFO  verifyingPriceSilderFunctionality_10-07-19 - [verifyingPriceSilderFunctionality_10-07-19] Within smoothScrollToElement method
10:07:39 [TestNG-test-Test-2] INFO  verifyingPriceSilderFunctionality_10-07-19 - [verifyingPriceSilderFunctionality_10-07-19] Within safeFindElement method
10:07:39 [TestNG-test-Test-2] INFO  verifyingPriceSilderFunctionality_10-07-19 - [verifyingPriceSilderFunctionality_10-07-19]Found the element returning it ,element ->[[ChromeDriver: chrome on windows (f1b021d9ad8316de9f03dea8a8d2ce18)] -> id: p_36/range-slider_slider-item_lower-bound-slider]
10:07:39 [TestNG-test-Test-2] INFO  verifyingPriceSilderFunctionality_10-07-19 - [verifyingPriceSilderFunctionality_10-07-19] Successfully scrolled to element: By.id: p_36/range-slider_slider-item_lower-bound-slider
10:07:39 [TestNG-test-Test-2] INFO  verifyingPriceSilderFunctionality_10-07-19 - [verifyingPriceSilderFunctionality_10-07-19] Within safeFindElement method
10:07:39 [TestNG-test-Test-2] INFO  verifyingPriceSilderFunctionality_10-07-19 - [verifyingPriceSilderFunctionality_10-07-19]Found the element returning it ,element ->[[ChromeDriver: chrome on windows (f1b021d9ad8316de9f03dea8a8d2ce18)] -> id: p_36/range-slider_slider-item_lower-bound-slider]
10:07:39 [TestNG-test-Test-2] INFO  verifyingPriceSilderFunctionality_10-07-19 - [verifyingPriceSilderFunctionality_10-07-19] Within safeFindElement method
10:07:39 [TestNG-test-Test-2] INFO  verifyingPriceSilderFunctionality_10-07-19 - [verifyingPriceSilderFunctionality_10-07-19]Found the element returning it ,element ->[[ChromeDriver: chrome on windows (f1b021d9ad8316de9f03dea8a8d2ce18)] -> id: p_36/range-slider_slider-item_upper-bound-slider]
10:07:39 [TestNG-test-Test-2] INFO  verifyingPriceSilderFunctionality_10-07-19 - [verifyingPriceSilderFunctionality_10-07-19] in the setSliderValue method with value 61
10:07:39 [TestNG-test-Test-2] INFO  verifyingPriceSilderFunctionality_10-07-19 - [verifyingPriceSilderFunctionality_10-07-19] in the setSliderValue method with value 81
10:07:39 [TestNG-test-Test-2] INFO  verifyingPriceSilderFunctionality_10-07-19 - [verifyingPriceSilderFunctionality_10-07-19] Within safeFindElement method
10:07:39 [TestNG-test-Test-2] INFO  verifyingPriceSilderFunctionality_10-07-19 - [verifyingPriceSilderFunctionality_10-07-19]Found the element returning it ,element ->[[ChromeDriver: chrome on windows (f1b021d9ad8316de9f03dea8a8d2ce18)] -> xpath: //label[@for='p_36/range-slider_slider-item_upper-bound-slider']]
10:07:39 [TestNG-test-Test-2] INFO  verifyingPriceSilderFunctionality_10-07-19 - [verifyingPriceSilderFunctionality_10-07-19] Within safeFindElement method
10:07:39 [TestNG-test-Test-2] INFO  verifyingPriceSilderFunctionality_10-07-19 - [verifyingPriceSilderFunctionality_10-07-19]Found the element returning it ,element ->[[ChromeDriver: chrome on windows (f1b021d9ad8316de9f03dea8a8d2ce18)] -> xpath: //label[@for='p_36/range-slider_slider-item_lower-bound-slider']]
10:07:40 [TestNG-test-Test-2] INFO  verifyingPriceSilderFunctionality_10-07-19 - [verifyingPriceSilderFunctionality_10-07-19] Within smoothScrollToElement method
10:07:40 [TestNG-test-Test-2] INFO  verifyingPriceSilderFunctionality_10-07-19 - [verifyingPriceSilderFunctionality_10-07-19] Within safeFindElement method
10:07:41 [TestNG-test-Test-2] INFO  verifyingPriceSilderFunctionality_10-07-19 - [verifyingPriceSilderFunctionality_10-07-19]Found the element returning it ,element ->[[ChromeDriver: chrome on windows (f1b021d9ad8316de9f03dea8a8d2ce18)] -> id: p_36/range-slider_slider-item_lower-bound-slider]
10:07:41 [TestNG-test-Test-2] INFO  verifyingPriceSilderFunctionality_10-07-19 - [verifyingPriceSilderFunctionality_10-07-19] Successfully scrolled to element: By.id: p_36/range-slider_slider-item_lower-bound-slider
10:07:42 [TestNG-test-Test-2] INFO  verifyingPriceSilderFunctionality_10-07-19 - [verifyingPriceSilderFunctionality_10-07-19] Adding the data 'min','max','isValid' ,'mismatches' to 'result' Map->81
10:07:42 [TestNG-test-Test-2] INFO  verifyingPriceSilderFunctionality_10-07-19 - [verifyingPriceSilderFunctionality_10-07-19] Adding the 'results'  Map to the master 'allResults' i.e is List of maps->81
10:07:42 [TestNG-test-Test-2] INFO  verifyingPriceSilderFunctionality_10-07-19 - [verifyingPriceSilderFunctionality_10-07-19] in the setSliderValue method with value 91
10:07:42 [TestNG-test-Test-2] INFO  verifyingPriceSilderFunctionality_10-07-19 - [verifyingPriceSilderFunctionality_10-07-19] in the setSliderValue method with value 121
10:07:42 [TestNG-test-Test-2] INFO  verifyingPriceSilderFunctionality_10-07-19 - [verifyingPriceSilderFunctionality_10-07-19] Within safeFindElement method
10:07:42 [TestNG-test-Test-2] INFO  verifyingPriceSilderFunctionality_10-07-19 - [verifyingPriceSilderFunctionality_10-07-19]Found the element returning it ,element ->[[ChromeDriver: chrome on windows (f1b021d9ad8316de9f03dea8a8d2ce18)] -> xpath: //label[@for='p_36/range-slider_slider-item_upper-bound-slider']]
10:07:42 [TestNG-test-Test-2] INFO  verifyingPriceSilderFunctionality_10-07-19 - [verifyingPriceSilderFunctionality_10-07-19] Within safeFindElement method
10:07:42 [TestNG-test-Test-2] INFO  verifyingPriceSilderFunctionality_10-07-19 - [verifyingPriceSilderFunctionality_10-07-19]Found the element returning it ,element ->[[ChromeDriver: chrome on windows (f1b021d9ad8316de9f03dea8a8d2ce18)] -> xpath: //label[@for='p_36/range-slider_slider-item_lower-bound-slider']]
10:07:43 [TestNG-test-Test-2] INFO  verifyingPriceSilderFunctionality_10-07-19 - [verifyingPriceSilderFunctionality_10-07-19] Within smoothScrollToElement method
10:07:43 [TestNG-test-Test-2] INFO  verifyingPriceSilderFunctionality_10-07-19 - [verifyingPriceSilderFunctionality_10-07-19] Within safeFindElement method
10:07:44 [TestNG-test-Test-2] INFO  verifyingPriceSilderFunctionality_10-07-19 - [verifyingPriceSilderFunctionality_10-07-19]Found the element returning it ,element ->[[ChromeDriver: chrome on windows (f1b021d9ad8316de9f03dea8a8d2ce18)] -> id: p_36/range-slider_slider-item_lower-bound-slider]
10:07:44 [TestNG-test-Test-2] INFO  verifyingPriceSilderFunctionality_10-07-19 - [verifyingPriceSilderFunctionality_10-07-19] Successfully scrolled to element: By.id: p_36/range-slider_slider-item_lower-bound-slider
10:07:44 [TestNG-test-Test-2] INFO  verifyingPriceSilderFunctionality_10-07-19 - [verifyingPriceSilderFunctionality_10-07-19] Adding the data 'min','max','isValid' ,'mismatches' to 'result' Map->121
10:07:44 [TestNG-test-Test-2] INFO  verifyingPriceSilderFunctionality_10-07-19 - [verifyingPriceSilderFunctionality_10-07-19] Adding the 'results'  Map to the master 'allResults' i.e is List of maps->121
10:07:44 [TestNG-test-Test-2] INFO  verifyingPriceSilderFunctionality_10-07-19 - [verifyingPriceSilderFunctionality_10-07-19] in the setSliderValue method with value 131
10:07:44 [TestNG-test-Test-2] INFO  verifyingPriceSilderFunctionality_10-07-19 - [verifyingPriceSilderFunctionality_10-07-19] in the setSliderValue method with value 161
10:07:44 [TestNG-test-Test-2] INFO  verifyingPriceSilderFunctionality_10-07-19 - [verifyingPriceSilderFunctionality_10-07-19] Within safeFindElement method
10:07:44 [TestNG-test-Test-2] INFO  verifyingPriceSilderFunctionality_10-07-19 - [verifyingPriceSilderFunctionality_10-07-19]Found the element returning it ,element ->[[ChromeDriver: chrome on windows (f1b021d9ad8316de9f03dea8a8d2ce18)] -> xpath: //label[@for='p_36/range-slider_slider-item_upper-bound-slider']]
10:07:44 [TestNG-test-Test-2] INFO  verifyingPriceSilderFunctionality_10-07-19 - [verifyingPriceSilderFunctionality_10-07-19] Within safeFindElement method
10:07:44 [TestNG-test-Test-2] INFO  verifyingPriceSilderFunctionality_10-07-19 - [verifyingPriceSilderFunctionality_10-07-19]Found the element returning it ,element ->[[ChromeDriver: chrome on windows (f1b021d9ad8316de9f03dea8a8d2ce18)] -> xpath: //label[@for='p_36/range-slider_slider-item_lower-bound-slider']]
10:07:44 [TestNG-test-Test-2] INFO  verifyingPriceSilderFunctionality_10-07-19 - [verifyingPriceSilderFunctionality_10-07-19] Within smoothScrollToElement method
10:07:44 [TestNG-test-Test-2] INFO  verifyingPriceSilderFunctionality_10-07-19 - [verifyingPriceSilderFunctionality_10-07-19] Within safeFindElement method
10:07:46 [TestNG-test-Test-2] INFO  verifyingPriceSilderFunctionality_10-07-19 - [verifyingPriceSilderFunctionality_10-07-19]Found the element returning it ,element ->[[ChromeDriver: chrome on windows (f1b021d9ad8316de9f03dea8a8d2ce18)] -> id: p_36/range-slider_slider-item_lower-bound-slider]
10:07:46 [TestNG-test-Test-2] INFO  verifyingPriceSilderFunctionality_10-07-19 - [verifyingPriceSilderFunctionality_10-07-19] Successfully scrolled to element: By.id: p_36/range-slider_slider-item_lower-bound-slider
10:07:46 [TestNG-test-Test-2] INFO  verifyingPriceSilderFunctionality_10-07-19 - [verifyingPriceSilderFunctionality_10-07-19] Adding the data 'min','max','isValid' ,'mismatches' to 'result' Map->161
10:07:46 [TestNG-test-Test-2] INFO  verifyingPriceSilderFunctionality_10-07-19 - [verifyingPriceSilderFunctionality_10-07-19] Adding the 'results'  Map to the master 'allResults' i.e is List of maps->161
10:07:46 [TestNG-test-Test-2] INFO  verifyingPriceSilderFunctionality_10-07-19 - [verifyingPriceSilderFunctionality_10-07-19] Returning the data here in the end
10:07:46 [TestNG-test-Test-2] INFO  verifyingPriceSilderFunctionality_10-07-19 - [verifyingPriceSilderFunctionality_10-07-19]  Price range validated successfully: 61 - 81
10:07:46 [TestNG-test-Test-2] INFO  verifyingPriceSilderFunctionality_10-07-19 - [verifyingPriceSilderFunctionality_10-07-19] ------------------------------------------------------------
10:07:46 [TestNG-test-Test-2] INFO  verifyingPriceSilderFunctionality_10-07-19 - [verifyingPriceSilderFunctionality_10-07-19]  Price range validated successfully: 91 - 121
10:07:46 [TestNG-test-Test-2] INFO  verifyingPriceSilderFunctionality_10-07-19 - [verifyingPriceSilderFunctionality_10-07-19] ------------------------------------------------------------
10:07:46 [TestNG-test-Test-2] INFO  verifyingPriceSilderFunctionality_10-07-19 - [verifyingPriceSilderFunctionality_10-07-19]  Price range validated successfully: 131 - 161
10:07:46 [TestNG-test-Test-2] INFO  verifyingPriceSilderFunctionality_10-07-19 - [verifyingPriceSilderFunctionality_10-07-19] ------------------------------------------------------------
10:07:46 [TestNG-test-Test-2] INFO  verifyingPriceSilderFunctionality_10-07-19 - [verifyingPriceSilderFunctionality_10-07-19]  Asserting all soft assertions now...
