20:13:57 [TestNG-test-Test-2] INFO  verifyingGetItIn2DaysFilterFunctionality_Tablet_20-13-57 - No existing WebDriver found for current thread. Initializing a new ChromeDriver...
20:13:57 [TestNG-test-Test-2] INFO  verifyingGetItIn2DaysFilterFunctionality_Tablet_20-13-57 - WebDriverManager: chromedriver setup OK
20:13:58 [TestNG-test-Test-2] INFO  verifyingGetItIn2DaysFilterFunctionality_Tablet_20-13-57 - ChromeDriver initialized successfully for thread: 35
20:14:00 [TestNG-test-Test-2] INFO  verifyingGetItIn2DaysFilterFunctionality_Tablet_20-13-57 - [verifyingGetItIn2DaysFilterFunctionality_Tablet_20-13-57] Opening amazon Landing page
20:14:00 [TestNG-test-Test-2] INFO  verifyingGetItIn2DaysFilterFunctionality_Tablet_20-13-57 - [verifyingGetItIn2DaysFilterFunctionality_Tablet_20-13-57] Within safeFindElement method
20:14:01 [TestNG-test-Test-2] INFO  verifyingGetItIn2DaysFilterFunctionality_Tablet_20-13-57 - [verifyingGetItIn2DaysFilterFunctionality_Tablet_20-13-57]Found the element returning it ,element ->[[ChromeDriver: chrome on windows (d2db2b1a6f4f750518245965db7fe2af)] -> xpath: //a[@id='nav-logo-sprites']]
20:14:01 [TestNG-test-Test-2] INFO  verifyingGetItIn2DaysFilterFunctionality_Tablet_20-13-57 - [verifyingGetItIn2DaysFilterFunctionality_Tablet_20-13-57] Giving input within the search bar
20:14:01 [TestNG-test-Test-2] INFO  verifyingGetItIn2DaysFilterFunctionality_Tablet_20-13-57 - [verifyingGetItIn2DaysFilterFunctionality_Tablet_20-13-57] Within safeClick method
20:14:03 [TestNG-test-Test-2] INFO  verifyingGetItIn2DaysFilterFunctionality_Tablet_20-13-57 - [verifyingGetItIn2DaysFilterFunctionality_Tablet_20-13-57] Clicked the  [[ChromeDriver: chrome on windows (d2db2b1a6f4f750518245965db7fe2af)] -> xpath: //input[@id='nav-search-submit-button']]   using safeClick
20:14:03 [TestNG-test-Test-2] INFO  verifyingGetItIn2DaysFilterFunctionality_Tablet_20-13-57 - [verifyingGetItIn2DaysFilterFunctionality_Tablet_20-13-57] Clicking on the submit in the search bar
20:14:03 [TestNG-test-Test-2] INFO  verifyingGetItIn2DaysFilterFunctionality_Tablet_20-13-57 - [verifyingGetItIn2DaysFilterFunctionality_Tablet_20-13-57] Waiting until element is visible in viewport
20:14:04 [TestNG-test-Test-2] INFO  verifyingGetItIn2DaysFilterFunctionality_Tablet_20-13-57 - [verifyingGetItIn2DaysFilterFunctionality_Tablet_20-13-57] Within validateDeliveryFilterOptionsWithResult method
20:14:04 [TestNG-test-Test-2] INFO  verifyingGetItIn2DaysFilterFunctionality_Tablet_20-13-57 - [verifyingGetItIn2DaysFilterFunctionality_Tablet_20-13-57] Within safeClick method
20:14:04 [TestNG-test-Test-2] INFO  verifyingGetItIn2DaysFilterFunctionality_Tablet_20-13-57 - [verifyingGetItIn2DaysFilterFunctionality_Tablet_20-13-57] Clicked the  [[ChromeDriver: chrome on windows (d2db2b1a6f4f750518245965db7fe2af)] -> xpath: //span[@class='a-size-base a-color-base puis-bold-weight-text' and text()='Delivery Day']/parent::div/following-sibling::ul//span[@class='a-size-base a-color-base' and text()='Get It in 2 Days']]   using safeClick
20:14:04 [TestNG-test-Test-2] INFO  verifyingGetItIn2DaysFilterFunctionality_Tablet_20-13-57 - [verifyingGetItIn2DaysFilterFunctionality_Tablet_20-13-57] Within getMoreButtonByFilterTypeAndName method
20:14:04 [TestNG-test-Test-2] INFO  verifyingGetItIn2DaysFilterFunctionality_Tablet_20-13-57 - [verifyingGetItIn2DaysFilterFunctionality_Tablet_20-13-57] Clicked on By.xpath: //span[@class='a-size-base a-color-base puis-bold-weight-text' and text()='Delivery Day']/parent::div/following-sibling::ul//span[@class='a-size-base a-color-base' and text()='Get It in 2 Days']
20:14:04 [TestNG-test-Test-2] INFO  verifyingGetItIn2DaysFilterFunctionality_Tablet_20-13-57 - [verifyingGetItIn2DaysFilterFunctionality_Tablet_20-13-57] Within safeFindElements 
20:14:06 [TestNG-test-Test-2] INFO  verifyingGetItIn2DaysFilterFunctionality_Tablet_20-13-57 - [verifyingGetItIn2DaysFilterFunctionality_Tablet_20-13-57] Returning the  [[[ChromeDriver: chrome on windows (d2db2b1a6f4f750518245965db7fe2af)] -> xpath: //div[@class='a-section a-spacing-small a-spacing-top-small']], [[ChromeDriver: chrome on windows (d2db2b1a6f4f750518245965db7fe2af)] -> xpath: //div[@class='a-section a-spacing-small a-spacing-top-small']], [[ChromeDriver: chrome on windows (d2db2b1a6f4f750518245965db7fe2af)] -> xpath: //div[@class='a-section a-spacing-small a-spacing-top-small']], [[ChromeDriver: chrome on windows (d2db2b1a6f4f750518245965db7fe2af)] -> xpath: //div[@class='a-section a-spacing-small a-spacing-top-small']], [[ChromeDriver: chrome on windows (d2db2b1a6f4f750518245965db7fe2af)] -> xpath: //div[@class='a-section a-spacing-small a-spacing-top-small']], [[ChromeDriver: chrome on windows (d2db2b1a6f4f750518245965db7fe2af)] -> xpath: //div[@class='a-section a-spacing-small a-spacing-top-small']], [[ChromeDriver: chrome on windows (d2db2b1a6f4f750518245965db7fe2af)] -> xpath: //div[@class='a-section a-spacing-small a-spacing-top-small']], [[ChromeDriver: chrome on windows (d2db2b1a6f4f750518245965db7fe2af)] -> xpath: //div[@class='a-section a-spacing-small a-spacing-top-small']], [[ChromeDriver: chrome on windows (d2db2b1a6f4f750518245965db7fe2af)] -> xpath: //div[@class='a-section a-spacing-small a-spacing-top-small']], [[ChromeDriver: chrome on windows (d2db2b1a6f4f750518245965db7fe2af)] -> xpath: //div[@class='a-section a-spacing-small a-spacing-top-small']], [[ChromeDriver: chrome on windows (d2db2b1a6f4f750518245965db7fe2af)] -> xpath: //div[@class='a-section a-spacing-small a-spacing-top-small']], [[ChromeDriver: chrome on windows (d2db2b1a6f4f750518245965db7fe2af)] -> xpath: //div[@class='a-section a-spacing-small a-spacing-top-small']], [[ChromeDriver: chrome on windows (d2db2b1a6f4f750518245965db7fe2af)] -> xpath: //div[@class='a-section a-spacing-small a-spacing-top-small']], [[ChromeDriver: chrome on windows (d2db2b1a6f4f750518245965db7fe2af)] -> xpath: //div[@class='a-section a-spacing-small a-spacing-top-small']], [[ChromeDriver: chrome on windows (d2db2b1a6f4f750518245965db7fe2af)] -> xpath: //div[@class='a-section a-spacing-small a-spacing-top-small']], [[ChromeDriver: chrome on windows (d2db2b1a6f4f750518245965db7fe2af)] -> xpath: //div[@class='a-section a-spacing-small a-spacing-top-small']]] from the safeFindElements method
20:14:06 [TestNG-test-Test-2] INFO  verifyingGetItIn2DaysFilterFunctionality_Tablet_20-13-57 - [verifyingGetItIn2DaysFilterFunctionality_Tablet_20-13-57] Created hashset with required data to assert with Within validateDeliveryFilterOptions method
20:14:06 [TestNG-test-Test-2] INFO  verifyingGetItIn2DaysFilterFunctionality_Tablet_20-13-57 - [verifyingGetItIn2DaysFilterFunctionality_Tablet_20-13-57] this is the set  [Thu, Apr, Today, FREE delivery, Wed, 29, 30, Tomorrow]
20:14:06 [TestNG-test-Test-2] INFO  verifyingGetItIn2DaysFilterFunctionality_Tablet_20-13-57 - [verifyingGetItIn2DaysFilterFunctionality_Tablet_20-13-57] Within deliveryElements loop iterating over the products  Within validateDeliveryFilterOptions method
20:14:06 [TestNG-test-Test-2] INFO  verifyingGetItIn2DaysFilterFunctionality_Tablet_20-13-57 - [verifyingGetItIn2DaysFilterFunctionality_Tablet_20-13-57] Checking if the allowedDateParts have the assert text   Within validateDeliveryFilterOptions method
20:14:06 [TestNG-test-Test-2] INFO  verifyingGetItIn2DaysFilterFunctionality_Tablet_20-13-57 - [verifyingGetItIn2DaysFilterFunctionality_Tablet_20-13-57] Within deliveryElements loop iterating over the products  Within validateDeliveryFilterOptions method
20:14:06 [TestNG-test-Test-2] INFO  verifyingGetItIn2DaysFilterFunctionality_Tablet_20-13-57 - [verifyingGetItIn2DaysFilterFunctionality_Tablet_20-13-57] Checking if the allowedDateParts have the assert text   Within validateDeliveryFilterOptions method
20:14:06 [TestNG-test-Test-2] INFO  verifyingGetItIn2DaysFilterFunctionality_Tablet_20-13-57 - [verifyingGetItIn2DaysFilterFunctionality_Tablet_20-13-57] Within deliveryElements loop iterating over the products  Within validateDeliveryFilterOptions method
20:14:06 [TestNG-test-Test-2] INFO  verifyingGetItIn2DaysFilterFunctionality_Tablet_20-13-57 - [verifyingGetItIn2DaysFilterFunctionality_Tablet_20-13-57] Checking if the allowedDateParts have the assert text   Within validateDeliveryFilterOptions method
20:14:06 [TestNG-test-Test-2] INFO  verifyingGetItIn2DaysFilterFunctionality_Tablet_20-13-57 - [verifyingGetItIn2DaysFilterFunctionality_Tablet_20-13-57] Within deliveryElements loop iterating over the products  Within validateDeliveryFilterOptions method
20:14:06 [TestNG-test-Test-2] INFO  verifyingGetItIn2DaysFilterFunctionality_Tablet_20-13-57 - [verifyingGetItIn2DaysFilterFunctionality_Tablet_20-13-57] Checking if the allowedDateParts have the assert text   Within validateDeliveryFilterOptions method
20:14:06 [TestNG-test-Test-2] INFO  verifyingGetItIn2DaysFilterFunctionality_Tablet_20-13-57 - [verifyingGetItIn2DaysFilterFunctionality_Tablet_20-13-57] Within deliveryElements loop iterating over the products  Within validateDeliveryFilterOptions method
20:14:06 [TestNG-test-Test-2] INFO  verifyingGetItIn2DaysFilterFunctionality_Tablet_20-13-57 - [verifyingGetItIn2DaysFilterFunctionality_Tablet_20-13-57] Checking if the allowedDateParts have the assert text   Within validateDeliveryFilterOptions method
20:14:06 [TestNG-test-Test-2] INFO  verifyingGetItIn2DaysFilterFunctionality_Tablet_20-13-57 - [verifyingGetItIn2DaysFilterFunctionality_Tablet_20-13-57] Within deliveryElements loop iterating over the products  Within validateDeliveryFilterOptions method
20:14:06 [TestNG-test-Test-2] INFO  verifyingGetItIn2DaysFilterFunctionality_Tablet_20-13-57 - [verifyingGetItIn2DaysFilterFunctionality_Tablet_20-13-57] Checking if the allowedDateParts have the assert text   Within validateDeliveryFilterOptions method
20:14:06 [TestNG-test-Test-2] INFO  verifyingGetItIn2DaysFilterFunctionality_Tablet_20-13-57 - [verifyingGetItIn2DaysFilterFunctionality_Tablet_20-13-57] Within deliveryElements loop iterating over the products  Within validateDeliveryFilterOptions method
20:14:06 [TestNG-test-Test-2] INFO  verifyingGetItIn2DaysFilterFunctionality_Tablet_20-13-57 - [verifyingGetItIn2DaysFilterFunctionality_Tablet_20-13-57] Checking if the allowedDateParts have the assert text   Within validateDeliveryFilterOptions method
20:14:06 [TestNG-test-Test-2] INFO  verifyingGetItIn2DaysFilterFunctionality_Tablet_20-13-57 - [verifyingGetItIn2DaysFilterFunctionality_Tablet_20-13-57] Within deliveryElements loop iterating over the products  Within validateDeliveryFilterOptions method
20:14:06 [TestNG-test-Test-2] INFO  verifyingGetItIn2DaysFilterFunctionality_Tablet_20-13-57 - [verifyingGetItIn2DaysFilterFunctionality_Tablet_20-13-57] Checking if the allowedDateParts have the assert text   Within validateDeliveryFilterOptions method
20:14:06 [TestNG-test-Test-2] INFO  verifyingGetItIn2DaysFilterFunctionality_Tablet_20-13-57 - [verifyingGetItIn2DaysFilterFunctionality_Tablet_20-13-57] Within deliveryElements loop iterating over the products  Within validateDeliveryFilterOptions method
20:14:06 [TestNG-test-Test-2] INFO  verifyingGetItIn2DaysFilterFunctionality_Tablet_20-13-57 - [verifyingGetItIn2DaysFilterFunctionality_Tablet_20-13-57] Checking if the allowedDateParts have the assert text   Within validateDeliveryFilterOptions method
20:14:06 [TestNG-test-Test-2] INFO  verifyingGetItIn2DaysFilterFunctionality_Tablet_20-13-57 - [verifyingGetItIn2DaysFilterFunctionality_Tablet_20-13-57] Within deliveryElements loop iterating over the products  Within validateDeliveryFilterOptions method
20:14:06 [TestNG-test-Test-2] INFO  verifyingGetItIn2DaysFilterFunctionality_Tablet_20-13-57 - [verifyingGetItIn2DaysFilterFunctionality_Tablet_20-13-57] Checking if the allowedDateParts have the assert text   Within validateDeliveryFilterOptions method
20:14:06 [TestNG-test-Test-2] INFO  verifyingGetItIn2DaysFilterFunctionality_Tablet_20-13-57 - [verifyingGetItIn2DaysFilterFunctionality_Tablet_20-13-57] Within deliveryElements loop iterating over the products  Within validateDeliveryFilterOptions method
20:14:06 [TestNG-test-Test-2] INFO  verifyingGetItIn2DaysFilterFunctionality_Tablet_20-13-57 - [verifyingGetItIn2DaysFilterFunctionality_Tablet_20-13-57] Checking if the allowedDateParts have the assert text   Within validateDeliveryFilterOptions method
20:14:06 [TestNG-test-Test-2] INFO  verifyingGetItIn2DaysFilterFunctionality_Tablet_20-13-57 - [verifyingGetItIn2DaysFilterFunctionality_Tablet_20-13-57] Within deliveryElements loop iterating over the products  Within validateDeliveryFilterOptions method
20:14:06 [TestNG-test-Test-2] INFO  verifyingGetItIn2DaysFilterFunctionality_Tablet_20-13-57 - [verifyingGetItIn2DaysFilterFunctionality_Tablet_20-13-57] Checking if the allowedDateParts have the assert text   Within validateDeliveryFilterOptions method
20:14:06 [TestNG-test-Test-2] INFO  verifyingGetItIn2DaysFilterFunctionality_Tablet_20-13-57 - [verifyingGetItIn2DaysFilterFunctionality_Tablet_20-13-57] Within deliveryElements loop iterating over the products  Within validateDeliveryFilterOptions method
20:14:06 [TestNG-test-Test-2] INFO  verifyingGetItIn2DaysFilterFunctionality_Tablet_20-13-57 - [verifyingGetItIn2DaysFilterFunctionality_Tablet_20-13-57] Checking if the allowedDateParts have the assert text   Within validateDeliveryFilterOptions method
20:14:06 [TestNG-test-Test-2] INFO  verifyingGetItIn2DaysFilterFunctionality_Tablet_20-13-57 - [verifyingGetItIn2DaysFilterFunctionality_Tablet_20-13-57] Within deliveryElements loop iterating over the products  Within validateDeliveryFilterOptions method
20:14:06 [TestNG-test-Test-2] INFO  verifyingGetItIn2DaysFilterFunctionality_Tablet_20-13-57 - [verifyingGetItIn2DaysFilterFunctionality_Tablet_20-13-57] Checking if the allowedDateParts have the assert text   Within validateDeliveryFilterOptions method
20:14:06 [TestNG-test-Test-2] INFO  verifyingGetItIn2DaysFilterFunctionality_Tablet_20-13-57 - [verifyingGetItIn2DaysFilterFunctionality_Tablet_20-13-57] Within deliveryElements loop iterating over the products  Within validateDeliveryFilterOptions method
20:14:06 [TestNG-test-Test-2] INFO  verifyingGetItIn2DaysFilterFunctionality_Tablet_20-13-57 - [verifyingGetItIn2DaysFilterFunctionality_Tablet_20-13-57] Checking if the allowedDateParts have the assert text   Within validateDeliveryFilterOptions method
20:14:07 [TestNG-test-Test-2] INFO  verifyingGetItIn2DaysFilterFunctionality_Tablet_20-13-57 - [verifyingGetItIn2DaysFilterFunctionality_Tablet_20-13-57] Within deliveryElements loop iterating over the products  Within validateDeliveryFilterOptions method
20:14:07 [TestNG-test-Test-2] INFO  verifyingGetItIn2DaysFilterFunctionality_Tablet_20-13-57 - [verifyingGetItIn2DaysFilterFunctionality_Tablet_20-13-57] Checking if the allowedDateParts have the assert text   Within validateDeliveryFilterOptions method
20:14:07 [TestNG-test-Test-2] INFO  verifyingGetItIn2DaysFilterFunctionality_Tablet_20-13-57 - [verifyingGetItIn2DaysFilterFunctionality_Tablet_20-13-57] Returning the list with boolean values   Within validateDeliveryFilterOptions method
20:14:07 [TestNG-test-Test-2] INFO  verifyingGetItIn2DaysFilterFunctionality_Tablet_20-13-57 - [verifyingGetItIn2DaysFilterFunctionality_Tablet_20-13-57] Asserting delivery filter: isValid=true, index=-1, text=All the things are valid no errors
