2025-12-13 06:34:14.812 PM [TestNG-test-Test-1] INFO  [verifyingDisplaySizeFilterFunctionality] 🔹 Starting test method: verifyingDisplaySizeFilterFunctionality
2025-12-13 06:34:14.818 PM [TestNG-test-Test-1] INFO  [verifyingDisplaySizeFilterFunctionality] No existing WebDriver found for current thread. Initializing a new ChromeDriver...
2025-12-13 06:34:14.833 PM [TestNG-test-Test-1] INFO  [verifyingDisplaySizeFilterFunctionality] WebDriverManager: chromedriver setup OK
2025-12-13 06:34:15.832 PM [TestNG-test-Test-1] INFO  [verifyingDisplaySizeFilterFunctionality] ChromeDriver initialized successfully for thread: 34
2025-12-13 06:34:16.542 PM [TestNG-test-Test-1] INFO  [verifyingDisplaySizeFilterFunctionality] [verifyingDisplaySizeFilterFunctionality] Opening amazon Landing page
2025-12-13 06:34:20.191 PM [TestNG-test-Test-1] INFO  [verifyingDisplaySizeFilterFunctionality] [verifyingDisplaySizeFilterFunctionality] Giving input within the search bar
2025-12-13 06:34:20.192 PM [TestNG-test-Test-1] INFO  [verifyingDisplaySizeFilterFunctionality] [verifyingDisplaySizeFilterFunctionality] Within safeClick method
2025-12-13 06:34:22.073 PM [TestNG-test-Test-1] INFO  [verifyingDisplaySizeFilterFunctionality] [verifyingDisplaySizeFilterFunctionality] Clicked the  [[ChromeDriver: chrome on windows (8875d3988589844885387b94fdd8c660)] -> xpath: //input[@id='nav-search-submit-button']]   using safeClick
2025-12-13 06:34:22.073 PM [TestNG-test-Test-1] INFO  [verifyingDisplaySizeFilterFunctionality] [verifyingDisplaySizeFilterFunctionality] Clicking on the submit in the search bar
2025-12-13 06:34:22.266 PM [TestNG-test-Test-1] INFO  [verifyingDisplaySizeFilterFunctionality] [verifyingDisplaySizeFilterFunctionality] Within filterCheckUnderList method
2025-12-13 06:34:22.784 PM [TestNG-test-Test-1] INFO  [verifyingDisplaySizeFilterFunctionality] [verifyingDisplaySizeFilterFunctionality] Filter option does not exist within the filter check List
2025-12-13 06:34:22.784 PM [TestNG-test-Test-1] WARN  [verifyingDisplaySizeFilterFunctionality] [verifyingDisplaySizeFilterFunctionality]  Filter option 'Display Size' does not exist in the list. Skipping the test.
2025-12-13 06:34:22.789 PM [TestNG-test-Test-1] INFO  [verifyingDisplaySizeFilterFunctionality] ✅ Finished test method: verifyingDisplaySizeFilterFunctionality
2025-12-13 06:34:22.993 PM [TestNG-test-Test-1] INFO  [verifyingDisplaySizeFilterFunctionality] 🔹 Starting test method: verifyingDisplaySizeFilterFunctionality
2025-12-13 06:34:22.993 PM [TestNG-test-Test-1] INFO  [verifyingDisplaySizeFilterFunctionality] No existing WebDriver found for current thread. Initializing a new ChromeDriver...
2025-12-13 06:34:23.010 PM [TestNG-test-Test-1] INFO  [verifyingDisplaySizeFilterFunctionality] WebDriverManager: chromedriver setup OK
2025-12-13 06:34:24.037 PM [TestNG-test-Test-1] INFO  [verifyingDisplaySizeFilterFunctionality] ChromeDriver initialized successfully for thread: 34
2025-12-13 06:34:24.722 PM [TestNG-test-Test-1] INFO  [verifyingDisplaySizeFilterFunctionality] [verifyingDisplaySizeFilterFunctionality] Opening amazon Landing page
2025-12-13 06:34:28.162 PM [TestNG-test-Test-1] INFO  [verifyingDisplaySizeFilterFunctionality] [verifyingDisplaySizeFilterFunctionality] Giving input within the search bar
2025-12-13 06:34:28.163 PM [TestNG-test-Test-1] INFO  [verifyingDisplaySizeFilterFunctionality] [verifyingDisplaySizeFilterFunctionality] Within safeClick method
2025-12-13 06:34:30.077 PM [TestNG-test-Test-1] INFO  [verifyingDisplaySizeFilterFunctionality] [verifyingDisplaySizeFilterFunctionality] Clicked the  [[ChromeDriver: chrome on windows (1696284fbc5ee3b4ef17ca710ce7c375)] -> xpath: //input[@id='nav-search-submit-button']]   using safeClick
2025-12-13 06:34:30.077 PM [TestNG-test-Test-1] INFO  [verifyingDisplaySizeFilterFunctionality] [verifyingDisplaySizeFilterFunctionality] Clicking on the submit in the search bar
2025-12-13 06:34:30.235 PM [TestNG-test-Test-1] INFO  [verifyingDisplaySizeFilterFunctionality] [verifyingDisplaySizeFilterFunctionality] Within filterCheckUnderList method
2025-12-13 06:34:30.310 PM [TestNG-test-Test-1] INFO  [verifyingDisplaySizeFilterFunctionality] [verifyingDisplaySizeFilterFunctionality] Found the Filter within the filter check List
2025-12-13 06:34:30.310 PM [TestNG-test-Test-1] INFO  [verifyingDisplaySizeFilterFunctionality] [verifyingDisplaySizeFilterFunctionality] Within applyFilterAndValidateProductsWithResult method
2025-12-13 06:34:30.310 PM [TestNG-test-Test-1] INFO  [verifyingDisplaySizeFilterFunctionality] [verifyingDisplaySizeFilterFunctionality] Within safeFindElements 
2025-12-13 06:34:30.320 PM [TestNG-test-Test-1] INFO  [verifyingDisplaySizeFilterFunctionality] [verifyingDisplaySizeFilterFunctionality] Returning the  [[[ChromeDriver: chrome on windows (1696284fbc5ee3b4ef17ca710ce7c375)] -> xpath: //span[@class='a-size-base a-color-base puis-bold-weight-text' and text()='Display Size']/parent::div/following-sibling::ul//span[@class='a-size-base a-color-base']], [[ChromeDriver: chrome on windows (1696284fbc5ee3b4ef17ca710ce7c375)] -> xpath: //span[@class='a-size-base a-color-base puis-bold-weight-text' and text()='Display Size']/parent::div/following-sibling::ul//span[@class='a-size-base a-color-base']], [[ChromeDriver: chrome on windows (1696284fbc5ee3b4ef17ca710ce7c375)] -> xpath: //span[@class='a-size-base a-color-base puis-bold-weight-text' and text()='Display Size']/parent::div/following-sibling::ul//span[@class='a-size-base a-color-base']]] from the safeFindElements method
2025-12-13 06:34:30.321 PM [TestNG-test-Test-1] INFO  [verifyingDisplaySizeFilterFunctionality] [verifyingDisplaySizeFilterFunctionality] Within applyFilterAndValidateProductsWithResult filterOptions size is -> 3
2025-12-13 06:34:30.321 PM [TestNG-test-Test-1] INFO  [verifyingDisplaySizeFilterFunctionality] [verifyingDisplaySizeFilterFunctionality] Execution is scheduled type /CRON Job on CI Hence refering to CI keys from UtilData
2025-12-13 06:34:30.321 PM [TestNG-test-Test-1] INFO  [verifyingDisplaySizeFilterFunctionality] [verifyingDisplaySizeFilterFunctionality] Within filterOptions loop in applyFilterAndValidateProductsWithResult
2025-12-13 06:34:30.321 PM [TestNG-test-Test-1] INFO  [verifyingDisplaySizeFilterFunctionality] [verifyingDisplaySizeFilterFunctionality] Within safeFindElements 
2025-12-13 06:34:30.328 PM [TestNG-test-Test-1] INFO  [verifyingDisplaySizeFilterFunctionality] [verifyingDisplaySizeFilterFunctionality] Returning the  [[[ChromeDriver: chrome on windows (1696284fbc5ee3b4ef17ca710ce7c375)] -> xpath: //span[@class='a-size-base a-color-base puis-bold-weight-text' and text()='Display Size']/parent::div/following-sibling::ul//span[@class='a-size-base a-color-base']], [[ChromeDriver: chrome on windows (1696284fbc5ee3b4ef17ca710ce7c375)] -> xpath: //span[@class='a-size-base a-color-base puis-bold-weight-text' and text()='Display Size']/parent::div/following-sibling::ul//span[@class='a-size-base a-color-base']], [[ChromeDriver: chrome on windows (1696284fbc5ee3b4ef17ca710ce7c375)] -> xpath: //span[@class='a-size-base a-color-base puis-bold-weight-text' and text()='Display Size']/parent::div/following-sibling::ul//span[@class='a-size-base a-color-base']]] from the safeFindElements method
2025-12-13 06:34:30.329 PM [TestNG-test-Test-1] INFO  [verifyingDisplaySizeFilterFunctionality] [verifyingDisplaySizeFilterFunctionality] Trying to read filter option 0 (attempt 1/3)
2025-12-13 06:34:30.342 PM [TestNG-test-Test-1] INFO  [verifyingDisplaySizeFilterFunctionality] [verifyingDisplaySizeFilterFunctionality] Successfully read filter option 0 = '13" - 14"'
2025-12-13 06:34:30.342 PM [TestNG-test-Test-1] INFO  [verifyingDisplaySizeFilterFunctionality] [verifyingDisplaySizeFilterFunctionality] Within getfilterByTypeAndName method
2025-12-13 06:34:30.342 PM [TestNG-test-Test-1] INFO  [verifyingDisplaySizeFilterFunctionality] [verifyingDisplaySizeFilterFunctionality] Within safeClickBooleanWithScreenShot method
2025-12-13 06:34:30.343 PM [TestNG-test-Test-1] INFO  [verifyingDisplaySizeFilterFunctionality] [verifyingDisplaySizeFilterFunctionality] Within getAppliedfilterByTypeAndName method
2025-12-13 06:34:30.344 PM [TestNG-test-Test-1] INFO  [verifyingDisplaySizeFilterFunctionality] [verifyingDisplaySizeFilterFunctionality] Within smoothScrollToElement method
2025-12-13 06:34:30.344 PM [TestNG-test-Test-1] INFO  [verifyingDisplaySizeFilterFunctionality] [verifyingDisplaySizeFilterFunctionality] Within safeFindElement method
2025-12-13 06:34:30.368 PM [TestNG-test-Test-1] INFO  [verifyingDisplaySizeFilterFunctionality] [verifyingDisplaySizeFilterFunctionality]Found the element returning it ,element ->[[ChromeDriver: chrome on windows (1696284fbc5ee3b4ef17ca710ce7c375)] -> xpath: //span[@class='a-size-base a-color-base puis-bold-weight-text' and text()='Display Size']]
2025-12-13 06:34:30.375 PM [TestNG-test-Test-1] INFO  [verifyingDisplaySizeFilterFunctionality] [verifyingDisplaySizeFilterFunctionality] Successfully scrolled to element: By.xpath: //span[@class='a-size-base a-color-base puis-bold-weight-text' and text()='Display Size']
2025-12-13 06:34:30.375 PM [TestNG-test-Test-1] INFO  [verifyingDisplaySizeFilterFunctionality] [verifyingDisplaySizeFilterFunctionality] Within getMoreButtonByFilterTypeAndName method
2025-12-13 06:34:30.375 PM [TestNG-test-Test-1] INFO  [verifyingDisplaySizeFilterFunctionality] [verifyingDisplaySizeFilterFunctionality] could not find more button
2025-12-13 06:34:40.697 PM [TestNG-test-Test-1] INFO  [verifyingDisplaySizeFilterFunctionality] [verifyingDisplaySizeFilterFunctionality] Cannot click the button, element ->By.xpath: //ul[@id='filter-p_n_g-1004194492091']//span[@class='a-size-base a-color-base' and text()='13" - 14"']
2025-12-13 06:34:43.241 PM [TestNG-test-Test-1] INFO  [verifyingDisplaySizeFilterFunctionality] [verifyingDisplaySizeFilterFunctionality] Cannot apply filter taking failed screenshot for ->13" - 14"
2025-12-13 06:34:43.241 PM [TestNG-test-Test-1] INFO  [verifyingDisplaySizeFilterFunctionality] [verifyingDisplaySizeFilterFunctionality] Within getAppliedfilterByTypeAndName method
2025-12-13 06:34:43.241 PM [TestNG-test-Test-1] INFO  [verifyingDisplaySizeFilterFunctionality] [verifyingDisplaySizeFilterFunctionality] Within smoothScrollToElement method
2025-12-13 06:34:43.241 PM [TestNG-test-Test-1] INFO  [verifyingDisplaySizeFilterFunctionality] [verifyingDisplaySizeFilterFunctionality] Within safeFindElement method
2025-12-13 06:34:43.255 PM [TestNG-test-Test-1] INFO  [verifyingDisplaySizeFilterFunctionality] [verifyingDisplaySizeFilterFunctionality]Found the element returning it ,element ->[[ChromeDriver: chrome on windows (1696284fbc5ee3b4ef17ca710ce7c375)] -> xpath: //span[@class='a-size-base a-color-base puis-bold-weight-text' and text()='Display Size']]
2025-12-13 06:34:43.260 PM [TestNG-test-Test-1] INFO  [verifyingDisplaySizeFilterFunctionality] [verifyingDisplaySizeFilterFunctionality] Successfully scrolled to element: By.xpath: //span[@class='a-size-base a-color-base puis-bold-weight-text' and text()='Display Size']
2025-12-13 06:34:45.261 PM [TestNG-test-Test-1] INFO  [verifyingDisplaySizeFilterFunctionality] [verifyingDisplaySizeFilterFunctionality] Within getMoreButtonByFilterTypeAndName method
2025-12-13 06:34:45.261 PM [TestNG-test-Test-1] INFO  [verifyingDisplaySizeFilterFunctionality] [verifyingDisplaySizeFilterFunctionality] could not find more button
2025-12-13 06:34:46.262 PM [TestNG-test-Test-1] INFO  [verifyingDisplaySizeFilterFunctionality] [verifyingDisplaySizeFilterFunctionality] Capturing screenshot: failed filter apply screenshot-  Filter Applied is 13" - 14"__2025-12-13_183446.png
2025-12-13 06:34:46.359 PM [TestNG-test-Test-1] ERROR [verifyingDisplaySizeFilterFunctionality] [verifyingDisplaySizeFilterFunctionality] Unexpected exception while capturing screenshot: Illegal char <"> at index 141: test-output\screenshots\Run_2025-12-13_17-57-35\verifyingDisplaySizeFilterFunctionality\failed filter apply screenshot-  Filter Applied is 13" - 14"__2025-12-13_183446.png
2025-12-13 06:34:46.359 PM [TestNG-test-Test-1] INFO  [verifyingDisplaySizeFilterFunctionality] [verifyingDisplaySizeFilterFunctionality] Refrshing the page , while trying to click ->By.xpath: //ul[@id='filter-p_n_g-1004194492091']//span[@class='a-size-base a-color-base' and text()='13" - 14"']
2025-12-13 06:34:47.360 PM [TestNG-test-Test-1] INFO  [verifyingDisplaySizeFilterFunctionality] [verifyingDisplaySizeFilterFunctionality]Skipping click action: Element not clickable after1   attempts
2025-12-13 06:34:47.360 PM [TestNG-test-Test-1] INFO  [verifyingDisplaySizeFilterFunctionality] [verifyingDisplaySizeFilterFunctionality] Within filterOptions loop in applyFilterAndValidateProductsWithResult
2025-12-13 06:34:47.360 PM [TestNG-test-Test-1] INFO  [verifyingDisplaySizeFilterFunctionality] [verifyingDisplaySizeFilterFunctionality] Within safeFindElements 
2025-12-13 06:34:47.369 PM [TestNG-test-Test-1] INFO  [verifyingDisplaySizeFilterFunctionality] [verifyingDisplaySizeFilterFunctionality] Returning the  [[[ChromeDriver: chrome on windows (1696284fbc5ee3b4ef17ca710ce7c375)] -> xpath: //span[@class='a-size-base a-color-base puis-bold-weight-text' and text()='Display Size']/parent::div/following-sibling::ul//span[@class='a-size-base a-color-base']], [[ChromeDriver: chrome on windows (1696284fbc5ee3b4ef17ca710ce7c375)] -> xpath: //span[@class='a-size-base a-color-base puis-bold-weight-text' and text()='Display Size']/parent::div/following-sibling::ul//span[@class='a-size-base a-color-base']], [[ChromeDriver: chrome on windows (1696284fbc5ee3b4ef17ca710ce7c375)] -> xpath: //span[@class='a-size-base a-color-base puis-bold-weight-text' and text()='Display Size']/parent::div/following-sibling::ul//span[@class='a-size-base a-color-base']]] from the safeFindElements method
2025-12-13 06:34:47.369 PM [TestNG-test-Test-1] INFO  [verifyingDisplaySizeFilterFunctionality] [verifyingDisplaySizeFilterFunctionality] Trying to read filter option 1 (attempt 1/3)
2025-12-13 06:34:47.382 PM [TestNG-test-Test-1] INFO  [verifyingDisplaySizeFilterFunctionality] [verifyingDisplaySizeFilterFunctionality] Successfully read filter option 1 = '15" - 16"'
2025-12-13 06:34:47.382 PM [TestNG-test-Test-1] INFO  [verifyingDisplaySizeFilterFunctionality] [verifyingDisplaySizeFilterFunctionality] Within getfilterByTypeAndName method
2025-12-13 06:34:47.382 PM [TestNG-test-Test-1] INFO  [verifyingDisplaySizeFilterFunctionality] [verifyingDisplaySizeFilterFunctionality] Within safeClickBooleanWithScreenShot method
2025-12-13 06:34:47.383 PM [TestNG-test-Test-1] INFO  [verifyingDisplaySizeFilterFunctionality] [verifyingDisplaySizeFilterFunctionality] Within getAppliedfilterByTypeAndName method
2025-12-13 06:34:47.383 PM [TestNG-test-Test-1] INFO  [verifyingDisplaySizeFilterFunctionality] [verifyingDisplaySizeFilterFunctionality] Within smoothScrollToElement method
2025-12-13 06:34:47.383 PM [TestNG-test-Test-1] INFO  [verifyingDisplaySizeFilterFunctionality] [verifyingDisplaySizeFilterFunctionality] Within safeFindElement method
2025-12-13 06:34:47.389 PM [TestNG-test-Test-1] INFO  [verifyingDisplaySizeFilterFunctionality] [verifyingDisplaySizeFilterFunctionality]Found the element returning it ,element ->[[ChromeDriver: chrome on windows (1696284fbc5ee3b4ef17ca710ce7c375)] -> xpath: //span[@class='a-size-base a-color-base puis-bold-weight-text' and text()='Display Size']]
2025-12-13 06:34:47.394 PM [TestNG-test-Test-1] INFO  [verifyingDisplaySizeFilterFunctionality] [verifyingDisplaySizeFilterFunctionality] Successfully scrolled to element: By.xpath: //span[@class='a-size-base a-color-base puis-bold-weight-text' and text()='Display Size']
2025-12-13 06:34:47.394 PM [TestNG-test-Test-1] INFO  [verifyingDisplaySizeFilterFunctionality] [verifyingDisplaySizeFilterFunctionality] Within getMoreButtonByFilterTypeAndName method
2025-12-13 06:34:47.394 PM [TestNG-test-Test-1] INFO  [verifyingDisplaySizeFilterFunctionality] [verifyingDisplaySizeFilterFunctionality] could not find more button
2025-12-13 06:34:57.595 PM [TestNG-test-Test-1] INFO  [verifyingDisplaySizeFilterFunctionality] [verifyingDisplaySizeFilterFunctionality] Cannot click the button, element ->By.xpath: //ul[@id='filter-p_n_g-1004194492091']//span[@class='a-size-base a-color-base' and text()='15" - 16"']
2025-12-13 06:35:00.192 PM [TestNG-test-Test-1] INFO  [verifyingDisplaySizeFilterFunctionality] [verifyingDisplaySizeFilterFunctionality] Cannot apply filter taking failed screenshot for ->15" - 16"
2025-12-13 06:35:00.192 PM [TestNG-test-Test-1] INFO  [verifyingDisplaySizeFilterFunctionality] [verifyingDisplaySizeFilterFunctionality] Within getAppliedfilterByTypeAndName method
2025-12-13 06:35:00.192 PM [TestNG-test-Test-1] INFO  [verifyingDisplaySizeFilterFunctionality] [verifyingDisplaySizeFilterFunctionality] Within smoothScrollToElement method
2025-12-13 06:35:00.192 PM [TestNG-test-Test-1] INFO  [verifyingDisplaySizeFilterFunctionality] [verifyingDisplaySizeFilterFunctionality] Within safeFindElement method
2025-12-13 06:35:00.213 PM [TestNG-test-Test-1] INFO  [verifyingDisplaySizeFilterFunctionality] [verifyingDisplaySizeFilterFunctionality]Found the element returning it ,element ->[[ChromeDriver: chrome on windows (1696284fbc5ee3b4ef17ca710ce7c375)] -> xpath: //span[@class='a-size-base a-color-base puis-bold-weight-text' and text()='Display Size']]
2025-12-13 06:35:00.221 PM [TestNG-test-Test-1] INFO  [verifyingDisplaySizeFilterFunctionality] [verifyingDisplaySizeFilterFunctionality] Successfully scrolled to element: By.xpath: //span[@class='a-size-base a-color-base puis-bold-weight-text' and text()='Display Size']
2025-12-13 06:35:02.222 PM [TestNG-test-Test-1] INFO  [verifyingDisplaySizeFilterFunctionality] [verifyingDisplaySizeFilterFunctionality] Within getMoreButtonByFilterTypeAndName method
2025-12-13 06:35:02.222 PM [TestNG-test-Test-1] INFO  [verifyingDisplaySizeFilterFunctionality] [verifyingDisplaySizeFilterFunctionality] could not find more button
2025-12-13 06:35:03.223 PM [TestNG-test-Test-1] INFO  [verifyingDisplaySizeFilterFunctionality] [verifyingDisplaySizeFilterFunctionality] Capturing screenshot: failed filter apply screenshot-  Filter Applied is 15" - 16"__2025-12-13_183503.png
2025-12-13 06:35:03.330 PM [TestNG-test-Test-1] ERROR [verifyingDisplaySizeFilterFunctionality] [verifyingDisplaySizeFilterFunctionality] Unexpected exception while capturing screenshot: Illegal char <"> at index 141: test-output\screenshots\Run_2025-12-13_17-57-35\verifyingDisplaySizeFilterFunctionality\failed filter apply screenshot-  Filter Applied is 15" - 16"__2025-12-13_183503.png
2025-12-13 06:35:03.330 PM [TestNG-test-Test-1] INFO  [verifyingDisplaySizeFilterFunctionality] [verifyingDisplaySizeFilterFunctionality] Refrshing the page , while trying to click ->By.xpath: //ul[@id='filter-p_n_g-1004194492091']//span[@class='a-size-base a-color-base' and text()='15" - 16"']
2025-12-13 06:35:04.331 PM [TestNG-test-Test-1] INFO  [verifyingDisplaySizeFilterFunctionality] [verifyingDisplaySizeFilterFunctionality]Skipping click action: Element not clickable after1   attempts
2025-12-13 06:35:04.331 PM [TestNG-test-Test-1] INFO  [verifyingDisplaySizeFilterFunctionality] [verifyingDisplaySizeFilterFunctionality] Within filterOptions loop in applyFilterAndValidateProductsWithResult
2025-12-13 06:35:04.331 PM [TestNG-test-Test-1] INFO  [verifyingDisplaySizeFilterFunctionality] [verifyingDisplaySizeFilterFunctionality] Within safeFindElements 
2025-12-13 06:35:04.341 PM [TestNG-test-Test-1] INFO  [verifyingDisplaySizeFilterFunctionality] [verifyingDisplaySizeFilterFunctionality] Returning the  [[[ChromeDriver: chrome on windows (1696284fbc5ee3b4ef17ca710ce7c375)] -> xpath: //span[@class='a-size-base a-color-base puis-bold-weight-text' and text()='Display Size']/parent::div/following-sibling::ul//span[@class='a-size-base a-color-base']], [[ChromeDriver: chrome on windows (1696284fbc5ee3b4ef17ca710ce7c375)] -> xpath: //span[@class='a-size-base a-color-base puis-bold-weight-text' and text()='Display Size']/parent::div/following-sibling::ul//span[@class='a-size-base a-color-base']], [[ChromeDriver: chrome on windows (1696284fbc5ee3b4ef17ca710ce7c375)] -> xpath: //span[@class='a-size-base a-color-base puis-bold-weight-text' and text()='Display Size']/parent::div/following-sibling::ul//span[@class='a-size-base a-color-base']]] from the safeFindElements method
2025-12-13 06:35:04.341 PM [TestNG-test-Test-1] INFO  [verifyingDisplaySizeFilterFunctionality] [verifyingDisplaySizeFilterFunctionality] Trying to read filter option 2 (attempt 1/3)
2025-12-13 06:35:04.356 PM [TestNG-test-Test-1] INFO  [verifyingDisplaySizeFilterFunctionality] [verifyingDisplaySizeFilterFunctionality] Successfully read filter option 2 = '17" & More'
2025-12-13 06:35:04.356 PM [TestNG-test-Test-1] INFO  [verifyingDisplaySizeFilterFunctionality] [verifyingDisplaySizeFilterFunctionality] Within getfilterByTypeAndName method
2025-12-13 06:35:04.356 PM [TestNG-test-Test-1] INFO  [verifyingDisplaySizeFilterFunctionality] [verifyingDisplaySizeFilterFunctionality] Within safeClickBooleanWithScreenShot method
2025-12-13 06:35:04.357 PM [TestNG-test-Test-1] INFO  [verifyingDisplaySizeFilterFunctionality] [verifyingDisplaySizeFilterFunctionality] Within getAppliedfilterByTypeAndName method
2025-12-13 06:35:04.357 PM [TestNG-test-Test-1] INFO  [verifyingDisplaySizeFilterFunctionality] [verifyingDisplaySizeFilterFunctionality] Within smoothScrollToElement method
2025-12-13 06:35:04.357 PM [TestNG-test-Test-1] INFO  [verifyingDisplaySizeFilterFunctionality] [verifyingDisplaySizeFilterFunctionality] Within safeFindElement method
2025-12-13 06:35:04.365 PM [TestNG-test-Test-1] INFO  [verifyingDisplaySizeFilterFunctionality] [verifyingDisplaySizeFilterFunctionality]Found the element returning it ,element ->[[ChromeDriver: chrome on windows (1696284fbc5ee3b4ef17ca710ce7c375)] -> xpath: //span[@class='a-size-base a-color-base puis-bold-weight-text' and text()='Display Size']]
2025-12-13 06:35:04.371 PM [TestNG-test-Test-1] INFO  [verifyingDisplaySizeFilterFunctionality] [verifyingDisplaySizeFilterFunctionality] Successfully scrolled to element: By.xpath: //span[@class='a-size-base a-color-base puis-bold-weight-text' and text()='Display Size']
2025-12-13 06:35:04.371 PM [TestNG-test-Test-1] INFO  [verifyingDisplaySizeFilterFunctionality] [verifyingDisplaySizeFilterFunctionality] Within getMoreButtonByFilterTypeAndName method
2025-12-13 06:35:04.371 PM [TestNG-test-Test-1] INFO  [verifyingDisplaySizeFilterFunctionality] [verifyingDisplaySizeFilterFunctionality] could not find more button
2025-12-13 06:35:14.621 PM [TestNG-test-Test-1] INFO  [verifyingDisplaySizeFilterFunctionality] [verifyingDisplaySizeFilterFunctionality] Cannot click the button, element ->By.xpath: //ul[@id='filter-p_n_g-1004194492091']//span[@class='a-size-base a-color-base' and text()='17" & More']
2025-12-13 06:35:17.023 PM [TestNG-test-Test-1] INFO  [verifyingDisplaySizeFilterFunctionality] [verifyingDisplaySizeFilterFunctionality] Cannot apply filter taking failed screenshot for ->17" & More
2025-12-13 06:35:17.023 PM [TestNG-test-Test-1] INFO  [verifyingDisplaySizeFilterFunctionality] [verifyingDisplaySizeFilterFunctionality] Within getAppliedfilterByTypeAndName method
2025-12-13 06:35:17.023 PM [TestNG-test-Test-1] INFO  [verifyingDisplaySizeFilterFunctionality] [verifyingDisplaySizeFilterFunctionality] Within smoothScrollToElement method
2025-12-13 06:35:17.023 PM [TestNG-test-Test-1] INFO  [verifyingDisplaySizeFilterFunctionality] [verifyingDisplaySizeFilterFunctionality] Within safeFindElement method
2025-12-13 06:35:17.037 PM [TestNG-test-Test-1] INFO  [verifyingDisplaySizeFilterFunctionality] [verifyingDisplaySizeFilterFunctionality]Found the element returning it ,element ->[[ChromeDriver: chrome on windows (1696284fbc5ee3b4ef17ca710ce7c375)] -> xpath: //span[@class='a-size-base a-color-base puis-bold-weight-text' and text()='Display Size']]
2025-12-13 06:35:17.041 PM [TestNG-test-Test-1] INFO  [verifyingDisplaySizeFilterFunctionality] [verifyingDisplaySizeFilterFunctionality] Successfully scrolled to element: By.xpath: //span[@class='a-size-base a-color-base puis-bold-weight-text' and text()='Display Size']
2025-12-13 06:35:19.052 PM [TestNG-test-Test-1] INFO  [verifyingDisplaySizeFilterFunctionality] [verifyingDisplaySizeFilterFunctionality] Within getMoreButtonByFilterTypeAndName method
2025-12-13 06:35:19.052 PM [TestNG-test-Test-1] INFO  [verifyingDisplaySizeFilterFunctionality] [verifyingDisplaySizeFilterFunctionality] could not find more button
2025-12-13 06:35:20.056 PM [TestNG-test-Test-1] INFO  [verifyingDisplaySizeFilterFunctionality] [verifyingDisplaySizeFilterFunctionality] Capturing screenshot: failed filter apply screenshot-  Filter Applied is 17" & More__2025-12-13_183520.png
2025-12-13 06:35:20.157 PM [TestNG-test-Test-1] ERROR [verifyingDisplaySizeFilterFunctionality] [verifyingDisplaySizeFilterFunctionality] Unexpected exception while capturing screenshot: Illegal char <"> at index 141: test-output\screenshots\Run_2025-12-13_17-57-35\verifyingDisplaySizeFilterFunctionality\failed filter apply screenshot-  Filter Applied is 17" & More__2025-12-13_183520.png
2025-12-13 06:35:20.157 PM [TestNG-test-Test-1] INFO  [verifyingDisplaySizeFilterFunctionality] [verifyingDisplaySizeFilterFunctionality] Refrshing the page , while trying to click ->By.xpath: //ul[@id='filter-p_n_g-1004194492091']//span[@class='a-size-base a-color-base' and text()='17" & More']
2025-12-13 06:35:21.161 PM [TestNG-test-Test-1] INFO  [verifyingDisplaySizeFilterFunctionality] [verifyingDisplaySizeFilterFunctionality]Skipping click action: Element not clickable after1   attempts
2025-12-13 06:35:21.161 PM [TestNG-test-Test-1] INFO  [verifyingDisplaySizeFilterFunctionality] [verifyingDisplaySizeFilterFunctionality] returning the 'results' i.e list of Maps
2025-12-13 06:35:21.161 PM [TestNG-test-Test-1] INFO  [verifyingDisplaySizeFilterFunctionality] [verifyingDisplaySizeFilterFunctionality]  Final assertion for display size filter validation starting...
2025-12-13 06:35:21.163 PM [TestNG-test-Test-1] INFO  [verifyingDisplaySizeFilterFunctionality] ✅ Finished test method: verifyingDisplaySizeFilterFunctionality
2025-12-13 06:35:21.408 PM [TestNG-test-Test-1] INFO  [verifyingDisplaySizeFilterFunctionality] 🔹 Starting test method: verifyingDisplaySizeFilterFunctionality
2025-12-13 06:35:21.408 PM [TestNG-test-Test-1] INFO  [verifyingDisplaySizeFilterFunctionality] No existing WebDriver found for current thread. Initializing a new ChromeDriver...
2025-12-13 06:35:21.420 PM [TestNG-test-Test-1] INFO  [verifyingDisplaySizeFilterFunctionality] WebDriverManager: chromedriver setup OK
2025-12-13 06:35:22.573 PM [TestNG-test-Test-1] INFO  [verifyingDisplaySizeFilterFunctionality] ChromeDriver initialized successfully for thread: 34
2025-12-13 06:35:23.483 PM [TestNG-test-Test-1] INFO  [verifyingDisplaySizeFilterFunctionality] [verifyingDisplaySizeFilterFunctionality] Opening amazon Landing page
2025-12-13 06:35:26.922 PM [TestNG-test-Test-1] INFO  [verifyingDisplaySizeFilterFunctionality] [verifyingDisplaySizeFilterFunctionality] Giving input within the search bar
2025-12-13 06:35:26.923 PM [TestNG-test-Test-1] INFO  [verifyingDisplaySizeFilterFunctionality] [verifyingDisplaySizeFilterFunctionality] Within safeClick method
2025-12-13 06:35:29.272 PM [TestNG-test-Test-1] INFO  [verifyingDisplaySizeFilterFunctionality] [verifyingDisplaySizeFilterFunctionality] Clicked the  [[ChromeDriver: chrome on windows (1a085d23cf1d3cb2eb45aa13d360fba1)] -> xpath: //input[@id='nav-search-submit-button']]   using safeClick
2025-12-13 06:35:29.272 PM [TestNG-test-Test-1] INFO  [verifyingDisplaySizeFilterFunctionality] [verifyingDisplaySizeFilterFunctionality] Clicking on the submit in the search bar
2025-12-13 06:35:29.417 PM [TestNG-test-Test-1] INFO  [verifyingDisplaySizeFilterFunctionality] [verifyingDisplaySizeFilterFunctionality] Within filterCheckUnderList method
2025-12-13 06:35:29.612 PM [TestNG-test-Test-1] INFO  [verifyingDisplaySizeFilterFunctionality] [verifyingDisplaySizeFilterFunctionality] Filter option does not exist within the filter check List
2025-12-13 06:35:29.612 PM [TestNG-test-Test-1] WARN  [verifyingDisplaySizeFilterFunctionality] [verifyingDisplaySizeFilterFunctionality]  Filter option 'Display Size' does not exist in the list. Skipping the test.
2025-12-13 06:35:29.617 PM [TestNG-test-Test-1] INFO  [verifyingDisplaySizeFilterFunctionality] ✅ Finished test method: verifyingDisplaySizeFilterFunctionality
