11:25:13 [TestNG-test-Test-3] INFO  verifyingFreeDeliveryFilterFunctionality_Mobile_11-25-13 - No existing WebDriver found for current thread. Initializing a new ChromeDriver...
11:25:13 [TestNG-test-Test-3] INFO  verifyingFreeDeliveryFilterFunctionality_Mobile_11-25-13 - WebDriverManager: chromedriver setup OK
11:25:14 [TestNG-test-Test-3] INFO  verifyingFreeDeliveryFilterFunctionality_Mobile_11-25-13 - ChromeDriver initialized successfully for thread: 36
11:25:15 [TestNG-test-Test-3] INFO  verifyingFreeDeliveryFilterFunctionality_Mobile_11-25-13 - [verifyingFreeDeliveryFilterFunctionality_Mobile_11-25-13] Opening amazon Landing page
11:25:15 [TestNG-test-Test-3] INFO  verifyingFreeDeliveryFilterFunctionality_Mobile_11-25-13 - [verifyingFreeDeliveryFilterFunctionality_Mobile_11-25-13] Within safeFindElement method
11:25:20 [TestNG-test-Test-3] INFO  verifyingFreeDeliveryFilterFunctionality_Mobile_11-25-13 - [verifyingFreeDeliveryFilterFunctionality_Mobile_11-25-13]Retrying findElement for: ->By.xpath: //a[@id='nav-logo-sprites']
11:25:20 [TestNG-test-Test-3] INFO  verifyingFreeDeliveryFilterFunctionality_Mobile_11-25-13 - [verifyingFreeDeliveryFilterFunctionality_Mobile_11-25-13]Refrehsing the page , while trying to safely find : ->By.xpath: //a[@id='nav-logo-sprites']
11:25:26 [TestNG-test-Test-3] INFO  verifyingFreeDeliveryFilterFunctionality_Mobile_11-25-13 - [verifyingFreeDeliveryFilterFunctionality_Mobile_11-25-13]Retrying findElement for: ->By.xpath: //a[@id='nav-logo-sprites']
11:25:26 [TestNG-test-Test-3] INFO  verifyingFreeDeliveryFilterFunctionality_Mobile_11-25-13 - [verifyingFreeDeliveryFilterFunctionality_Mobile_11-25-13]Refrehsing the page , while trying to safely find : ->By.xpath: //a[@id='nav-logo-sprites']
11:25:26 [TestNG-test-Test-3] INFO  verifyingFreeDeliveryFilterFunctionality_Mobile_11-25-13 - [verifyingFreeDeliveryFilterFunctionality_Mobile_11-25-13] Skipping action: Element not found after 2   attemps
11:25:32 [TestNG-test-Test-3] INFO  verifyingFreeDeliveryFilterFunctionality_Mobile_11-25-13 - [verifyingFreeDeliveryFilterFunctionality_Mobile_11-25-13] Giving input within the search bar
11:25:32 [TestNG-test-Test-3] INFO  verifyingFreeDeliveryFilterFunctionality_Mobile_11-25-13 - [verifyingFreeDeliveryFilterFunctionality_Mobile_11-25-13] Within safeClick method
11:25:34 [TestNG-test-Test-3] INFO  verifyingFreeDeliveryFilterFunctionality_Mobile_11-25-13 - [verifyingFreeDeliveryFilterFunctionality_Mobile_11-25-13] Clicked the  [[ChromeDriver: chrome on windows (86f2ff2f2d56d22078a56208a4c3f70d)] -> xpath: //input[@id='nav-search-submit-button']]   using safeClick
11:25:34 [TestNG-test-Test-3] INFO  verifyingFreeDeliveryFilterFunctionality_Mobile_11-25-13 - [verifyingFreeDeliveryFilterFunctionality_Mobile_11-25-13] Clicking on the submit in the search bar
11:25:34 [TestNG-test-Test-3] INFO  verifyingFreeDeliveryFilterFunctionality_Mobile_11-25-13 - [verifyingFreeDeliveryFilterFunctionality_Mobile_11-25-13] Waiting until element is visible in viewport
11:25:34 [TestNG-test-Test-3] INFO  verifyingFreeDeliveryFilterFunctionality_Mobile_11-25-13 - [verifyingFreeDeliveryFilterFunctionality_Mobile_11-25-13] Within validateDeliveryFilterOptionsWithResult method
11:25:34 [TestNG-test-Test-3] INFO  verifyingFreeDeliveryFilterFunctionality_Mobile_11-25-13 - [verifyingFreeDeliveryFilterFunctionality_Mobile_11-25-13] Within safeClick method
11:25:37 [TestNG-test-Test-3] INFO  verifyingFreeDeliveryFilterFunctionality_Mobile_11-25-13 - [verifyingFreeDeliveryFilterFunctionality_Mobile_11-25-13] Clicked the  [[ChromeDriver: chrome on windows (86f2ff2f2d56d22078a56208a4c3f70d)] -> xpath: //span[@class='a-size-base a-color-base puis-bold-weight-text' and text()='Eligible for Free Delivery']/parent::div/following-sibling::ul//span[@class='a-size-base a-color-base' and text()='Free Shipping']]   using safeClick
11:25:37 [TestNG-test-Test-3] INFO  verifyingFreeDeliveryFilterFunctionality_Mobile_11-25-13 - [verifyingFreeDeliveryFilterFunctionality_Mobile_11-25-13] Within getMoreButtonByFilterTypeAndName method
11:25:37 [TestNG-test-Test-3] INFO  verifyingFreeDeliveryFilterFunctionality_Mobile_11-25-13 - [verifyingFreeDeliveryFilterFunctionality_Mobile_11-25-13] Clicked on By.xpath: //span[@class='a-size-base a-color-base puis-bold-weight-text' and text()='Eligible for Free Delivery']/parent::div/following-sibling::ul//span[@class='a-size-base a-color-base' and text()='Free Shipping']
11:25:37 [TestNG-test-Test-3] INFO  verifyingFreeDeliveryFilterFunctionality_Mobile_11-25-13 - [verifyingFreeDeliveryFilterFunctionality_Mobile_11-25-13] Within safeFindElements 
11:25:37 [TestNG-test-Test-3] INFO  verifyingFreeDeliveryFilterFunctionality_Mobile_11-25-13 - [verifyingFreeDeliveryFilterFunctionality_Mobile_11-25-13] Returning the  [[[ChromeDriver: chrome on windows (86f2ff2f2d56d22078a56208a4c3f70d)] -> xpath: //div[@class='a-section a-spacing-small a-spacing-top-small']], [[ChromeDriver: chrome on windows (86f2ff2f2d56d22078a56208a4c3f70d)] -> xpath: //div[@class='a-section a-spacing-small a-spacing-top-small']], [[ChromeDriver: chrome on windows (86f2ff2f2d56d22078a56208a4c3f70d)] -> xpath: //div[@class='a-section a-spacing-small a-spacing-top-small']], [[ChromeDriver: chrome on windows (86f2ff2f2d56d22078a56208a4c3f70d)] -> xpath: //div[@class='a-section a-spacing-small a-spacing-top-small']], [[ChromeDriver: chrome on windows (86f2ff2f2d56d22078a56208a4c3f70d)] -> xpath: //div[@class='a-section a-spacing-small a-spacing-top-small']], [[ChromeDriver: chrome on windows (86f2ff2f2d56d22078a56208a4c3f70d)] -> xpath: //div[@class='a-section a-spacing-small a-spacing-top-small']], [[ChromeDriver: chrome on windows (86f2ff2f2d56d22078a56208a4c3f70d)] -> xpath: //div[@class='a-section a-spacing-small a-spacing-top-small']], [[ChromeDriver: chrome on windows (86f2ff2f2d56d22078a56208a4c3f70d)] -> xpath: //div[@class='a-section a-spacing-small a-spacing-top-small']], [[ChromeDriver: chrome on windows (86f2ff2f2d56d22078a56208a4c3f70d)] -> xpath: //div[@class='a-section a-spacing-small a-spacing-top-small']], [[ChromeDriver: chrome on windows (86f2ff2f2d56d22078a56208a4c3f70d)] -> xpath: //div[@class='a-section a-spacing-small a-spacing-top-small']], [[ChromeDriver: chrome on windows (86f2ff2f2d56d22078a56208a4c3f70d)] -> xpath: //div[@class='a-section a-spacing-small a-spacing-top-small']], [[ChromeDriver: chrome on windows (86f2ff2f2d56d22078a56208a4c3f70d)] -> xpath: //div[@class='a-section a-spacing-small a-spacing-top-small']], [[ChromeDriver: chrome on windows (86f2ff2f2d56d22078a56208a4c3f70d)] -> xpath: //div[@class='a-section a-spacing-small a-spacing-top-small']], [[ChromeDriver: chrome on windows (86f2ff2f2d56d22078a56208a4c3f70d)] -> xpath: //div[@class='a-section a-spacing-small a-spacing-top-small']], [[ChromeDriver: chrome on windows (86f2ff2f2d56d22078a56208a4c3f70d)] -> xpath: //div[@class='a-section a-spacing-small a-spacing-top-small']], [[ChromeDriver: chrome on windows (86f2ff2f2d56d22078a56208a4c3f70d)] -> xpath: //div[@class='a-section a-spacing-small a-spacing-top-small']]] from the safeFindElements method
11:25:37 [TestNG-test-Test-3] INFO  verifyingFreeDeliveryFilterFunctionality_Mobile_11-25-13 - [verifyingFreeDeliveryFilterFunctionality_Mobile_11-25-13] Created hashset with required data to assert with Within validateDeliveryFilterOptions method
11:25:37 [TestNG-test-Test-3] INFO  verifyingFreeDeliveryFilterFunctionality_Mobile_11-25-13 - [verifyingFreeDeliveryFilterFunctionality_Mobile_11-25-13] this is the set  [Apr, Today, 05, FREE delivery, 06, Sun, Mon, Tomorrow]
11:25:37 [TestNG-test-Test-3] INFO  verifyingFreeDeliveryFilterFunctionality_Mobile_11-25-13 - [verifyingFreeDeliveryFilterFunctionality_Mobile_11-25-13] Within deliveryElements loop iterating over the products  Within validateDeliveryFilterOptions method
11:25:37 [TestNG-test-Test-3] INFO  verifyingFreeDeliveryFilterFunctionality_Mobile_11-25-13 - [verifyingFreeDeliveryFilterFunctionality_Mobile_11-25-13] Checking if the allowedDateParts have the assert text   Within validateDeliveryFilterOptions method
11:25:37 [TestNG-test-Test-3] INFO  verifyingFreeDeliveryFilterFunctionality_Mobile_11-25-13 - [verifyingFreeDeliveryFilterFunctionality_Mobile_11-25-13] Within deliveryElements loop iterating over the products  Within validateDeliveryFilterOptions method
11:25:37 [TestNG-test-Test-3] INFO  verifyingFreeDeliveryFilterFunctionality_Mobile_11-25-13 - [verifyingFreeDeliveryFilterFunctionality_Mobile_11-25-13] Checking if the allowedDateParts have the assert text   Within validateDeliveryFilterOptions method
11:25:37 [TestNG-test-Test-3] INFO  verifyingFreeDeliveryFilterFunctionality_Mobile_11-25-13 - [verifyingFreeDeliveryFilterFunctionality_Mobile_11-25-13] Within deliveryElements loop iterating over the products  Within validateDeliveryFilterOptions method
11:25:37 [TestNG-test-Test-3] INFO  verifyingFreeDeliveryFilterFunctionality_Mobile_11-25-13 - [verifyingFreeDeliveryFilterFunctionality_Mobile_11-25-13] Checking if the allowedDateParts have the assert text   Within validateDeliveryFilterOptions method
11:25:37 [TestNG-test-Test-3] INFO  verifyingFreeDeliveryFilterFunctionality_Mobile_11-25-13 - [verifyingFreeDeliveryFilterFunctionality_Mobile_11-25-13] Within deliveryElements loop iterating over the products  Within validateDeliveryFilterOptions method
11:25:38 [TestNG-test-Test-3] INFO  verifyingFreeDeliveryFilterFunctionality_Mobile_11-25-13 - [verifyingFreeDeliveryFilterFunctionality_Mobile_11-25-13] Checking if the allowedDateParts have the assert text   Within validateDeliveryFilterOptions method
11:25:38 [TestNG-test-Test-3] INFO  verifyingFreeDeliveryFilterFunctionality_Mobile_11-25-13 - [verifyingFreeDeliveryFilterFunctionality_Mobile_11-25-13] Within deliveryElements loop iterating over the products  Within validateDeliveryFilterOptions method
11:25:38 [TestNG-test-Test-3] INFO  verifyingFreeDeliveryFilterFunctionality_Mobile_11-25-13 - [verifyingFreeDeliveryFilterFunctionality_Mobile_11-25-13] Checking if the allowedDateParts have the assert text   Within validateDeliveryFilterOptions method
11:25:38 [TestNG-test-Test-3] INFO  verifyingFreeDeliveryFilterFunctionality_Mobile_11-25-13 - [verifyingFreeDeliveryFilterFunctionality_Mobile_11-25-13] Within deliveryElements loop iterating over the products  Within validateDeliveryFilterOptions method
11:25:38 [TestNG-test-Test-3] INFO  verifyingFreeDeliveryFilterFunctionality_Mobile_11-25-13 - [verifyingFreeDeliveryFilterFunctionality_Mobile_11-25-13] Checking if the allowedDateParts have the assert text   Within validateDeliveryFilterOptions method
11:25:38 [TestNG-test-Test-3] INFO  verifyingFreeDeliveryFilterFunctionality_Mobile_11-25-13 - [verifyingFreeDeliveryFilterFunctionality_Mobile_11-25-13] Within deliveryElements loop iterating over the products  Within validateDeliveryFilterOptions method
11:25:38 [TestNG-test-Test-3] INFO  verifyingFreeDeliveryFilterFunctionality_Mobile_11-25-13 - [verifyingFreeDeliveryFilterFunctionality_Mobile_11-25-13] Checking if the allowedDateParts have the assert text   Within validateDeliveryFilterOptions method
11:25:38 [TestNG-test-Test-3] INFO  verifyingFreeDeliveryFilterFunctionality_Mobile_11-25-13 - [verifyingFreeDeliveryFilterFunctionality_Mobile_11-25-13] Within deliveryElements loop iterating over the products  Within validateDeliveryFilterOptions method
11:25:38 [TestNG-test-Test-3] INFO  verifyingFreeDeliveryFilterFunctionality_Mobile_11-25-13 - [verifyingFreeDeliveryFilterFunctionality_Mobile_11-25-13] Checking if the allowedDateParts have the assert text   Within validateDeliveryFilterOptions method
11:25:38 [TestNG-test-Test-3] INFO  verifyingFreeDeliveryFilterFunctionality_Mobile_11-25-13 - [verifyingFreeDeliveryFilterFunctionality_Mobile_11-25-13] Within deliveryElements loop iterating over the products  Within validateDeliveryFilterOptions method
11:25:38 [TestNG-test-Test-3] INFO  verifyingFreeDeliveryFilterFunctionality_Mobile_11-25-13 - [verifyingFreeDeliveryFilterFunctionality_Mobile_11-25-13] Checking if the allowedDateParts have the assert text   Within validateDeliveryFilterOptions method
11:25:38 [TestNG-test-Test-3] INFO  verifyingFreeDeliveryFilterFunctionality_Mobile_11-25-13 - [verifyingFreeDeliveryFilterFunctionality_Mobile_11-25-13] Within deliveryElements loop iterating over the products  Within validateDeliveryFilterOptions method
11:25:38 [TestNG-test-Test-3] INFO  verifyingFreeDeliveryFilterFunctionality_Mobile_11-25-13 - [verifyingFreeDeliveryFilterFunctionality_Mobile_11-25-13] Checking if the allowedDateParts have the assert text   Within validateDeliveryFilterOptions method
11:25:38 [TestNG-test-Test-3] INFO  verifyingFreeDeliveryFilterFunctionality_Mobile_11-25-13 - [verifyingFreeDeliveryFilterFunctionality_Mobile_11-25-13] Within deliveryElements loop iterating over the products  Within validateDeliveryFilterOptions method
11:25:38 [TestNG-test-Test-3] INFO  verifyingFreeDeliveryFilterFunctionality_Mobile_11-25-13 - [verifyingFreeDeliveryFilterFunctionality_Mobile_11-25-13] Checking if the allowedDateParts have the assert text   Within validateDeliveryFilterOptions method
11:25:38 [TestNG-test-Test-3] INFO  verifyingFreeDeliveryFilterFunctionality_Mobile_11-25-13 - [verifyingFreeDeliveryFilterFunctionality_Mobile_11-25-13] Within deliveryElements loop iterating over the products  Within validateDeliveryFilterOptions method
11:25:38 [TestNG-test-Test-3] INFO  verifyingFreeDeliveryFilterFunctionality_Mobile_11-25-13 - [verifyingFreeDeliveryFilterFunctionality_Mobile_11-25-13] Checking if the allowedDateParts have the assert text   Within validateDeliveryFilterOptions method
11:25:38 [TestNG-test-Test-3] INFO  verifyingFreeDeliveryFilterFunctionality_Mobile_11-25-13 - [verifyingFreeDeliveryFilterFunctionality_Mobile_11-25-13] Within deliveryElements loop iterating over the products  Within validateDeliveryFilterOptions method
11:25:38 [TestNG-test-Test-3] INFO  verifyingFreeDeliveryFilterFunctionality_Mobile_11-25-13 - [verifyingFreeDeliveryFilterFunctionality_Mobile_11-25-13] Checking if the allowedDateParts have the assert text   Within validateDeliveryFilterOptions method
11:25:38 [TestNG-test-Test-3] INFO  verifyingFreeDeliveryFilterFunctionality_Mobile_11-25-13 - [verifyingFreeDeliveryFilterFunctionality_Mobile_11-25-13] Within deliveryElements loop iterating over the products  Within validateDeliveryFilterOptions method
11:25:38 [TestNG-test-Test-3] INFO  verifyingFreeDeliveryFilterFunctionality_Mobile_11-25-13 - [verifyingFreeDeliveryFilterFunctionality_Mobile_11-25-13] Checking if the allowedDateParts have the assert text   Within validateDeliveryFilterOptions method
11:25:38 [TestNG-test-Test-3] INFO  verifyingFreeDeliveryFilterFunctionality_Mobile_11-25-13 - [verifyingFreeDeliveryFilterFunctionality_Mobile_11-25-13] Within deliveryElements loop iterating over the products  Within validateDeliveryFilterOptions method
11:25:38 [TestNG-test-Test-3] INFO  verifyingFreeDeliveryFilterFunctionality_Mobile_11-25-13 - [verifyingFreeDeliveryFilterFunctionality_Mobile_11-25-13] Checking if the allowedDateParts have the assert text   Within validateDeliveryFilterOptions method
11:25:38 [TestNG-test-Test-3] INFO  verifyingFreeDeliveryFilterFunctionality_Mobile_11-25-13 - [verifyingFreeDeliveryFilterFunctionality_Mobile_11-25-13] Within deliveryElements loop iterating over the products  Within validateDeliveryFilterOptions method
11:25:38 [TestNG-test-Test-3] INFO  verifyingFreeDeliveryFilterFunctionality_Mobile_11-25-13 - [verifyingFreeDeliveryFilterFunctionality_Mobile_11-25-13] Checking if the allowedDateParts have the assert text   Within validateDeliveryFilterOptions method
11:25:38 [TestNG-test-Test-3] INFO  verifyingFreeDeliveryFilterFunctionality_Mobile_11-25-13 - [verifyingFreeDeliveryFilterFunctionality_Mobile_11-25-13] Returning the list with boolean values   Within validateDeliveryFilterOptions method
11:25:38 [TestNG-test-Test-3] INFO  verifyingFreeDeliveryFilterFunctionality_Mobile_11-25-13 - [verifyingFreeDeliveryFilterFunctionality_Mobile_11-25-13] Asserting delivery filter: isValid=true, index=-1, text=All the things are valid no errors
