20:00:16 [TestNG-test-Test-3] INFO  verifyingGetItIn2DaysFilterFunctionality_Tablet_20-00-16 - No existing WebDriver found for current thread. Initializing a new ChromeDriver...
20:00:16 [TestNG-test-Test-3] INFO  verifyingGetItIn2DaysFilterFunctionality_Tablet_20-00-16 - WebDriverManager: chromedriver setup OK
20:00:17 [TestNG-test-Test-3] INFO  verifyingGetItIn2DaysFilterFunctionality_Tablet_20-00-16 - ChromeDriver initialized successfully for thread: 36
20:00:18 [TestNG-test-Test-3] INFO  verifyingGetItIn2DaysFilterFunctionality_Tablet_20-00-16 - [verifyingGetItIn2DaysFilterFunctionality_Tablet_20-00-16] Opening amazon Landing page
20:00:18 [TestNG-test-Test-3] INFO  verifyingGetItIn2DaysFilterFunctionality_Tablet_20-00-16 - [verifyingGetItIn2DaysFilterFunctionality_Tablet_20-00-16] Within safeFindElement method
20:00:23 [TestNG-test-Test-3] INFO  verifyingGetItIn2DaysFilterFunctionality_Tablet_20-00-16 - [verifyingGetItIn2DaysFilterFunctionality_Tablet_20-00-16]Retrying findElement for: ->By.xpath: //a[@id='nav-logo-sprites']
20:00:23 [TestNG-test-Test-3] INFO  verifyingGetItIn2DaysFilterFunctionality_Tablet_20-00-16 - [verifyingGetItIn2DaysFilterFunctionality_Tablet_20-00-16]Refrehsing the page , while trying to safely find : ->By.xpath: //a[@id='nav-logo-sprites']
20:00:28 [TestNG-test-Test-3] INFO  verifyingGetItIn2DaysFilterFunctionality_Tablet_20-00-16 - [verifyingGetItIn2DaysFilterFunctionality_Tablet_20-00-16]Retrying findElement for: ->By.xpath: //a[@id='nav-logo-sprites']
20:00:29 [TestNG-test-Test-3] INFO  verifyingGetItIn2DaysFilterFunctionality_Tablet_20-00-16 - [verifyingGetItIn2DaysFilterFunctionality_Tablet_20-00-16]Refrehsing the page , while trying to safely find : ->By.xpath: //a[@id='nav-logo-sprites']
20:00:29 [TestNG-test-Test-3] INFO  verifyingGetItIn2DaysFilterFunctionality_Tablet_20-00-16 - [verifyingGetItIn2DaysFilterFunctionality_Tablet_20-00-16] Skipping action: Element not found after 2   attemps
20:00:35 [TestNG-test-Test-3] INFO  verifyingGetItIn2DaysFilterFunctionality_Tablet_20-00-16 - [verifyingGetItIn2DaysFilterFunctionality_Tablet_20-00-16] Giving input within the search bar
20:00:35 [TestNG-test-Test-3] INFO  verifyingGetItIn2DaysFilterFunctionality_Tablet_20-00-16 - [verifyingGetItIn2DaysFilterFunctionality_Tablet_20-00-16] Within safeClick method
20:00:37 [TestNG-test-Test-3] INFO  verifyingGetItIn2DaysFilterFunctionality_Tablet_20-00-16 - [verifyingGetItIn2DaysFilterFunctionality_Tablet_20-00-16] Clicked the  [[ChromeDriver: chrome on windows (aaa6c31beaeec3b5d6b5c2ea54e7650b)] -> xpath: //input[@id='nav-search-submit-button']]   using safeClick
20:00:37 [TestNG-test-Test-3] INFO  verifyingGetItIn2DaysFilterFunctionality_Tablet_20-00-16 - [verifyingGetItIn2DaysFilterFunctionality_Tablet_20-00-16] Clicking on the submit in the search bar
20:00:37 [TestNG-test-Test-3] INFO  verifyingGetItIn2DaysFilterFunctionality_Tablet_20-00-16 - [verifyingGetItIn2DaysFilterFunctionality_Tablet_20-00-16] Waiting until element is visible in viewport
20:00:37 [TestNG-test-Test-3] INFO  verifyingGetItIn2DaysFilterFunctionality_Tablet_20-00-16 - [verifyingGetItIn2DaysFilterFunctionality_Tablet_20-00-16] Within validateDeliveryFilterOptionsWithResult method
20:00:37 [TestNG-test-Test-3] INFO  verifyingGetItIn2DaysFilterFunctionality_Tablet_20-00-16 - [verifyingGetItIn2DaysFilterFunctionality_Tablet_20-00-16] Within safeClick method
20:00:38 [TestNG-test-Test-3] INFO  verifyingGetItIn2DaysFilterFunctionality_Tablet_20-00-16 - [verifyingGetItIn2DaysFilterFunctionality_Tablet_20-00-16] Clicked the  [[ChromeDriver: chrome on windows (aaa6c31beaeec3b5d6b5c2ea54e7650b)] -> xpath: //span[@class='a-size-base a-color-base puis-bold-weight-text' and text()='Delivery Day']/parent::div/following-sibling::ul//span[@class='a-size-base a-color-base' and text()='Get It in 2 Days']]   using safeClick
20:00:38 [TestNG-test-Test-3] INFO  verifyingGetItIn2DaysFilterFunctionality_Tablet_20-00-16 - [verifyingGetItIn2DaysFilterFunctionality_Tablet_20-00-16] Within getMoreButtonByFilterTypeAndName method
20:00:38 [TestNG-test-Test-3] INFO  verifyingGetItIn2DaysFilterFunctionality_Tablet_20-00-16 - [verifyingGetItIn2DaysFilterFunctionality_Tablet_20-00-16] Clicked on By.xpath: //span[@class='a-size-base a-color-base puis-bold-weight-text' and text()='Delivery Day']/parent::div/following-sibling::ul//span[@class='a-size-base a-color-base' and text()='Get It in 2 Days']
20:00:38 [TestNG-test-Test-3] INFO  verifyingGetItIn2DaysFilterFunctionality_Tablet_20-00-16 - [verifyingGetItIn2DaysFilterFunctionality_Tablet_20-00-16] Within safeFindElements 
20:00:39 [TestNG-test-Test-3] INFO  verifyingGetItIn2DaysFilterFunctionality_Tablet_20-00-16 - [verifyingGetItIn2DaysFilterFunctionality_Tablet_20-00-16] Returning the  [[[ChromeDriver: chrome on windows (aaa6c31beaeec3b5d6b5c2ea54e7650b)] -> xpath: //div[@class='a-section a-spacing-small a-spacing-top-small']], [[ChromeDriver: chrome on windows (aaa6c31beaeec3b5d6b5c2ea54e7650b)] -> xpath: //div[@class='a-section a-spacing-small a-spacing-top-small']], [[ChromeDriver: chrome on windows (aaa6c31beaeec3b5d6b5c2ea54e7650b)] -> xpath: //div[@class='a-section a-spacing-small a-spacing-top-small']], [[ChromeDriver: chrome on windows (aaa6c31beaeec3b5d6b5c2ea54e7650b)] -> xpath: //div[@class='a-section a-spacing-small a-spacing-top-small']], [[ChromeDriver: chrome on windows (aaa6c31beaeec3b5d6b5c2ea54e7650b)] -> xpath: //div[@class='a-section a-spacing-small a-spacing-top-small']], [[ChromeDriver: chrome on windows (aaa6c31beaeec3b5d6b5c2ea54e7650b)] -> xpath: //div[@class='a-section a-spacing-small a-spacing-top-small']], [[ChromeDriver: chrome on windows (aaa6c31beaeec3b5d6b5c2ea54e7650b)] -> xpath: //div[@class='a-section a-spacing-small a-spacing-top-small']], [[ChromeDriver: chrome on windows (aaa6c31beaeec3b5d6b5c2ea54e7650b)] -> xpath: //div[@class='a-section a-spacing-small a-spacing-top-small']], [[ChromeDriver: chrome on windows (aaa6c31beaeec3b5d6b5c2ea54e7650b)] -> xpath: //div[@class='a-section a-spacing-small a-spacing-top-small']], [[ChromeDriver: chrome on windows (aaa6c31beaeec3b5d6b5c2ea54e7650b)] -> xpath: //div[@class='a-section a-spacing-small a-spacing-top-small']], [[ChromeDriver: chrome on windows (aaa6c31beaeec3b5d6b5c2ea54e7650b)] -> xpath: //div[@class='a-section a-spacing-small a-spacing-top-small']], [[ChromeDriver: chrome on windows (aaa6c31beaeec3b5d6b5c2ea54e7650b)] -> xpath: //div[@class='a-section a-spacing-small a-spacing-top-small']], [[ChromeDriver: chrome on windows (aaa6c31beaeec3b5d6b5c2ea54e7650b)] -> xpath: //div[@class='a-section a-spacing-small a-spacing-top-small']], [[ChromeDriver: chrome on windows (aaa6c31beaeec3b5d6b5c2ea54e7650b)] -> xpath: //div[@class='a-section a-spacing-small a-spacing-top-small']], [[ChromeDriver: chrome on windows (aaa6c31beaeec3b5d6b5c2ea54e7650b)] -> xpath: //div[@class='a-section a-spacing-small a-spacing-top-small']], [[ChromeDriver: chrome on windows (aaa6c31beaeec3b5d6b5c2ea54e7650b)] -> xpath: //div[@class='a-section a-spacing-small a-spacing-top-small']]] from the safeFindElements method
20:00:39 [TestNG-test-Test-3] INFO  verifyingGetItIn2DaysFilterFunctionality_Tablet_20-00-16 - [verifyingGetItIn2DaysFilterFunctionality_Tablet_20-00-16] Created hashset with required data to assert with Within validateDeliveryFilterOptions method
20:00:39 [TestNG-test-Test-3] INFO  verifyingGetItIn2DaysFilterFunctionality_Tablet_20-00-16 - [verifyingGetItIn2DaysFilterFunctionality_Tablet_20-00-16] this is the set  [Today, 15, May, 16, FREE delivery, Sat, Fri, Tomorrow]
20:00:39 [TestNG-test-Test-3] INFO  verifyingGetItIn2DaysFilterFunctionality_Tablet_20-00-16 - [verifyingGetItIn2DaysFilterFunctionality_Tablet_20-00-16] Within deliveryElements loop iterating over the products  Within validateDeliveryFilterOptions method
20:00:39 [TestNG-test-Test-3] INFO  verifyingGetItIn2DaysFilterFunctionality_Tablet_20-00-16 - [verifyingGetItIn2DaysFilterFunctionality_Tablet_20-00-16] Checking if the allowedDateParts have the assert text   Within validateDeliveryFilterOptions method
20:00:39 [TestNG-test-Test-3] INFO  verifyingGetItIn2DaysFilterFunctionality_Tablet_20-00-16 - [verifyingGetItIn2DaysFilterFunctionality_Tablet_20-00-16] Within deliveryElements loop iterating over the products  Within validateDeliveryFilterOptions method
20:00:39 [TestNG-test-Test-3] INFO  verifyingGetItIn2DaysFilterFunctionality_Tablet_20-00-16 - [verifyingGetItIn2DaysFilterFunctionality_Tablet_20-00-16] Checking if the allowedDateParts have the assert text   Within validateDeliveryFilterOptions method
20:00:39 [TestNG-test-Test-3] INFO  verifyingGetItIn2DaysFilterFunctionality_Tablet_20-00-16 - [verifyingGetItIn2DaysFilterFunctionality_Tablet_20-00-16] Within deliveryElements loop iterating over the products  Within validateDeliveryFilterOptions method
20:00:39 [TestNG-test-Test-3] INFO  verifyingGetItIn2DaysFilterFunctionality_Tablet_20-00-16 - [verifyingGetItIn2DaysFilterFunctionality_Tablet_20-00-16] Checking if the allowedDateParts have the assert text   Within validateDeliveryFilterOptions method
20:00:39 [TestNG-test-Test-3] INFO  verifyingGetItIn2DaysFilterFunctionality_Tablet_20-00-16 - [verifyingGetItIn2DaysFilterFunctionality_Tablet_20-00-16] Within deliveryElements loop iterating over the products  Within validateDeliveryFilterOptions method
20:00:39 [TestNG-test-Test-3] INFO  verifyingGetItIn2DaysFilterFunctionality_Tablet_20-00-16 - [verifyingGetItIn2DaysFilterFunctionality_Tablet_20-00-16] Checking if the allowedDateParts have the assert text   Within validateDeliveryFilterOptions method
20:00:39 [TestNG-test-Test-3] INFO  verifyingGetItIn2DaysFilterFunctionality_Tablet_20-00-16 - [verifyingGetItIn2DaysFilterFunctionality_Tablet_20-00-16] Within deliveryElements loop iterating over the products  Within validateDeliveryFilterOptions method
20:00:39 [TestNG-test-Test-3] INFO  verifyingGetItIn2DaysFilterFunctionality_Tablet_20-00-16 - [verifyingGetItIn2DaysFilterFunctionality_Tablet_20-00-16] Checking if the allowedDateParts have the assert text   Within validateDeliveryFilterOptions method
20:00:39 [TestNG-test-Test-3] INFO  verifyingGetItIn2DaysFilterFunctionality_Tablet_20-00-16 - [verifyingGetItIn2DaysFilterFunctionality_Tablet_20-00-16] Within deliveryElements loop iterating over the products  Within validateDeliveryFilterOptions method
20:00:39 [TestNG-test-Test-3] INFO  verifyingGetItIn2DaysFilterFunctionality_Tablet_20-00-16 - [verifyingGetItIn2DaysFilterFunctionality_Tablet_20-00-16] Checking if the allowedDateParts have the assert text   Within validateDeliveryFilterOptions method
20:00:39 [TestNG-test-Test-3] INFO  verifyingGetItIn2DaysFilterFunctionality_Tablet_20-00-16 - [verifyingGetItIn2DaysFilterFunctionality_Tablet_20-00-16] Within deliveryElements loop iterating over the products  Within validateDeliveryFilterOptions method
20:00:39 [TestNG-test-Test-3] INFO  verifyingGetItIn2DaysFilterFunctionality_Tablet_20-00-16 - [verifyingGetItIn2DaysFilterFunctionality_Tablet_20-00-16] Checking if the allowedDateParts have the assert text   Within validateDeliveryFilterOptions method
20:00:39 [TestNG-test-Test-3] INFO  verifyingGetItIn2DaysFilterFunctionality_Tablet_20-00-16 - [verifyingGetItIn2DaysFilterFunctionality_Tablet_20-00-16] Within deliveryElements loop iterating over the products  Within validateDeliveryFilterOptions method
20:00:39 [TestNG-test-Test-3] INFO  verifyingGetItIn2DaysFilterFunctionality_Tablet_20-00-16 - [verifyingGetItIn2DaysFilterFunctionality_Tablet_20-00-16] Checking if the allowedDateParts have the assert text   Within validateDeliveryFilterOptions method
20:00:39 [TestNG-test-Test-3] INFO  verifyingGetItIn2DaysFilterFunctionality_Tablet_20-00-16 - [verifyingGetItIn2DaysFilterFunctionality_Tablet_20-00-16] Within deliveryElements loop iterating over the products  Within validateDeliveryFilterOptions method
20:00:39 [TestNG-test-Test-3] INFO  verifyingGetItIn2DaysFilterFunctionality_Tablet_20-00-16 - [verifyingGetItIn2DaysFilterFunctionality_Tablet_20-00-16] Checking if the allowedDateParts have the assert text   Within validateDeliveryFilterOptions method
20:00:39 [TestNG-test-Test-3] INFO  verifyingGetItIn2DaysFilterFunctionality_Tablet_20-00-16 - [verifyingGetItIn2DaysFilterFunctionality_Tablet_20-00-16] Within deliveryElements loop iterating over the products  Within validateDeliveryFilterOptions method
20:00:39 [TestNG-test-Test-3] INFO  verifyingGetItIn2DaysFilterFunctionality_Tablet_20-00-16 - [verifyingGetItIn2DaysFilterFunctionality_Tablet_20-00-16] Checking if the allowedDateParts have the assert text   Within validateDeliveryFilterOptions method
20:00:39 [TestNG-test-Test-3] INFO  verifyingGetItIn2DaysFilterFunctionality_Tablet_20-00-16 - [verifyingGetItIn2DaysFilterFunctionality_Tablet_20-00-16] Within deliveryElements loop iterating over the products  Within validateDeliveryFilterOptions method
20:00:39 [TestNG-test-Test-3] INFO  verifyingGetItIn2DaysFilterFunctionality_Tablet_20-00-16 - [verifyingGetItIn2DaysFilterFunctionality_Tablet_20-00-16] Checking if the allowedDateParts have the assert text   Within validateDeliveryFilterOptions method
20:00:39 [TestNG-test-Test-3] INFO  verifyingGetItIn2DaysFilterFunctionality_Tablet_20-00-16 - [verifyingGetItIn2DaysFilterFunctionality_Tablet_20-00-16] Within deliveryElements loop iterating over the products  Within validateDeliveryFilterOptions method
20:00:39 [TestNG-test-Test-3] INFO  verifyingGetItIn2DaysFilterFunctionality_Tablet_20-00-16 - [verifyingGetItIn2DaysFilterFunctionality_Tablet_20-00-16] Checking if the allowedDateParts have the assert text   Within validateDeliveryFilterOptions method
20:00:39 [TestNG-test-Test-3] INFO  verifyingGetItIn2DaysFilterFunctionality_Tablet_20-00-16 - [verifyingGetItIn2DaysFilterFunctionality_Tablet_20-00-16] Within deliveryElements loop iterating over the products  Within validateDeliveryFilterOptions method
20:00:39 [TestNG-test-Test-3] INFO  verifyingGetItIn2DaysFilterFunctionality_Tablet_20-00-16 - [verifyingGetItIn2DaysFilterFunctionality_Tablet_20-00-16] Checking if the allowedDateParts have the assert text   Within validateDeliveryFilterOptions method
20:00:39 [TestNG-test-Test-3] INFO  verifyingGetItIn2DaysFilterFunctionality_Tablet_20-00-16 - [verifyingGetItIn2DaysFilterFunctionality_Tablet_20-00-16] Within deliveryElements loop iterating over the products  Within validateDeliveryFilterOptions method
20:00:39 [TestNG-test-Test-3] INFO  verifyingGetItIn2DaysFilterFunctionality_Tablet_20-00-16 - [verifyingGetItIn2DaysFilterFunctionality_Tablet_20-00-16] Checking if the allowedDateParts have the assert text   Within validateDeliveryFilterOptions method
20:00:39 [TestNG-test-Test-3] INFO  verifyingGetItIn2DaysFilterFunctionality_Tablet_20-00-16 - [verifyingGetItIn2DaysFilterFunctionality_Tablet_20-00-16] Within deliveryElements loop iterating over the products  Within validateDeliveryFilterOptions method
20:00:40 [TestNG-test-Test-3] INFO  verifyingGetItIn2DaysFilterFunctionality_Tablet_20-00-16 - [verifyingGetItIn2DaysFilterFunctionality_Tablet_20-00-16] Checking if the allowedDateParts have the assert text   Within validateDeliveryFilterOptions method
20:00:40 [TestNG-test-Test-3] INFO  verifyingGetItIn2DaysFilterFunctionality_Tablet_20-00-16 - [verifyingGetItIn2DaysFilterFunctionality_Tablet_20-00-16] Within deliveryElements loop iterating over the products  Within validateDeliveryFilterOptions method
20:00:40 [TestNG-test-Test-3] INFO  verifyingGetItIn2DaysFilterFunctionality_Tablet_20-00-16 - [verifyingGetItIn2DaysFilterFunctionality_Tablet_20-00-16] Checking if the allowedDateParts have the assert text   Within validateDeliveryFilterOptions method
20:00:40 [TestNG-test-Test-3] INFO  verifyingGetItIn2DaysFilterFunctionality_Tablet_20-00-16 - [verifyingGetItIn2DaysFilterFunctionality_Tablet_20-00-16] Returning the list with boolean values   Within validateDeliveryFilterOptions method
20:00:40 [TestNG-test-Test-3] INFO  verifyingGetItIn2DaysFilterFunctionality_Tablet_20-00-16 - [verifyingGetItIn2DaysFilterFunctionality_Tablet_20-00-16] Asserting delivery filter: isValid=true, index=-1, text=All the things are valid no errors
