17:48:15 [TestNG-test-Test-2] INFO  verifyingGetItByTomorrowFilterFunctionality_Mobile_17-48-15 - No existing WebDriver found for current thread. Initializing a new ChromeDriver...
17:48:15 [TestNG-test-Test-2] INFO  verifyingGetItByTomorrowFilterFunctionality_Mobile_17-48-15 - WebDriverManager: chromedriver setup OK
17:48:17 [TestNG-test-Test-2] INFO  verifyingGetItByTomorrowFilterFunctionality_Mobile_17-48-15 - ChromeDriver initialized successfully for thread: 35
17:48:17 [TestNG-test-Test-2] INFO  verifyingGetItByTomorrowFilterFunctionality_Mobile_17-48-15 - [verifyingGetItByTomorrowFilterFunctionality_Mobile_17-48-15] Opening amazon Landing page
17:48:17 [TestNG-test-Test-2] INFO  verifyingGetItByTomorrowFilterFunctionality_Mobile_17-48-15 - [verifyingGetItByTomorrowFilterFunctionality_Mobile_17-48-15] Within safeFindElement method
17:48:23 [TestNG-test-Test-2] INFO  verifyingGetItByTomorrowFilterFunctionality_Mobile_17-48-15 - [verifyingGetItByTomorrowFilterFunctionality_Mobile_17-48-15]Retrying findElement for: ->By.xpath: //a[@id='nav-logo-sprites']
17:48:23 [TestNG-test-Test-2] INFO  verifyingGetItByTomorrowFilterFunctionality_Mobile_17-48-15 - [verifyingGetItByTomorrowFilterFunctionality_Mobile_17-48-15]Refrehsing the page , while trying to safely find : ->By.xpath: //a[@id='nav-logo-sprites']
17:48:28 [TestNG-test-Test-2] INFO  verifyingGetItByTomorrowFilterFunctionality_Mobile_17-48-15 - [verifyingGetItByTomorrowFilterFunctionality_Mobile_17-48-15]Retrying findElement for: ->By.xpath: //a[@id='nav-logo-sprites']
17:48:28 [TestNG-test-Test-2] INFO  verifyingGetItByTomorrowFilterFunctionality_Mobile_17-48-15 - [verifyingGetItByTomorrowFilterFunctionality_Mobile_17-48-15]Refrehsing the page , while trying to safely find : ->By.xpath: //a[@id='nav-logo-sprites']
17:48:28 [TestNG-test-Test-2] INFO  verifyingGetItByTomorrowFilterFunctionality_Mobile_17-48-15 - [verifyingGetItByTomorrowFilterFunctionality_Mobile_17-48-15] Skipping action: Element not found after 2   attemps
17:48:31 [TestNG-test-Test-2] INFO  verifyingGetItByTomorrowFilterFunctionality_Mobile_17-48-15 - [verifyingGetItByTomorrowFilterFunctionality_Mobile_17-48-15] Giving input within the search bar
17:48:31 [TestNG-test-Test-2] INFO  verifyingGetItByTomorrowFilterFunctionality_Mobile_17-48-15 - [verifyingGetItByTomorrowFilterFunctionality_Mobile_17-48-15] Within safeClick method
17:48:34 [TestNG-test-Test-2] INFO  verifyingGetItByTomorrowFilterFunctionality_Mobile_17-48-15 - [verifyingGetItByTomorrowFilterFunctionality_Mobile_17-48-15] Clicked the  [[ChromeDriver: chrome on windows (f5121afa4476cbcca632ffaec601a892)] -> xpath: //input[@id='nav-search-submit-button']]   using safeClick
17:48:34 [TestNG-test-Test-2] INFO  verifyingGetItByTomorrowFilterFunctionality_Mobile_17-48-15 - [verifyingGetItByTomorrowFilterFunctionality_Mobile_17-48-15] Clicking on the submit in the search bar
17:48:35 [TestNG-test-Test-2] INFO  verifyingGetItByTomorrowFilterFunctionality_Mobile_17-48-15 - [verifyingGetItByTomorrowFilterFunctionality_Mobile_17-48-15] Waiting until element is visible in viewport
17:48:35 [TestNG-test-Test-2] INFO  verifyingGetItByTomorrowFilterFunctionality_Mobile_17-48-15 - [verifyingGetItByTomorrowFilterFunctionality_Mobile_17-48-15] Within validateDeliveryFilterOptionsWithResult method
17:48:35 [TestNG-test-Test-2] INFO  verifyingGetItByTomorrowFilterFunctionality_Mobile_17-48-15 - [verifyingGetItByTomorrowFilterFunctionality_Mobile_17-48-15] Within safeClick method
17:48:37 [TestNG-test-Test-2] INFO  verifyingGetItByTomorrowFilterFunctionality_Mobile_17-48-15 - [verifyingGetItByTomorrowFilterFunctionality_Mobile_17-48-15] Clicked the  [[ChromeDriver: chrome on windows (f5121afa4476cbcca632ffaec601a892)] -> xpath: //span[@class='a-size-base a-color-base puis-bold-weight-text' and text()='Delivery Day']/parent::div/following-sibling::ul//span[@class='a-size-base a-color-base' and text()='Get It by Tomorrow']]   using safeClick
17:48:37 [TestNG-test-Test-2] INFO  verifyingGetItByTomorrowFilterFunctionality_Mobile_17-48-15 - [verifyingGetItByTomorrowFilterFunctionality_Mobile_17-48-15] Within getMoreButtonByFilterTypeAndName method
17:48:37 [TestNG-test-Test-2] INFO  verifyingGetItByTomorrowFilterFunctionality_Mobile_17-48-15 - [verifyingGetItByTomorrowFilterFunctionality_Mobile_17-48-15] Clicked on By.xpath: //span[@class='a-size-base a-color-base puis-bold-weight-text' and text()='Delivery Day']/parent::div/following-sibling::ul//span[@class='a-size-base a-color-base' and text()='Get It by Tomorrow']
17:48:37 [TestNG-test-Test-2] INFO  verifyingGetItByTomorrowFilterFunctionality_Mobile_17-48-15 - [verifyingGetItByTomorrowFilterFunctionality_Mobile_17-48-15] Within safeFindElements 
17:48:37 [TestNG-test-Test-2] INFO  verifyingGetItByTomorrowFilterFunctionality_Mobile_17-48-15 - [verifyingGetItByTomorrowFilterFunctionality_Mobile_17-48-15] Returning the  [[[ChromeDriver: chrome on windows (f5121afa4476cbcca632ffaec601a892)] -> xpath: //div[@class='a-section a-spacing-small a-spacing-top-small']], [[ChromeDriver: chrome on windows (f5121afa4476cbcca632ffaec601a892)] -> xpath: //div[@class='a-section a-spacing-small a-spacing-top-small']], [[ChromeDriver: chrome on windows (f5121afa4476cbcca632ffaec601a892)] -> xpath: //div[@class='a-section a-spacing-small a-spacing-top-small']], [[ChromeDriver: chrome on windows (f5121afa4476cbcca632ffaec601a892)] -> xpath: //div[@class='a-section a-spacing-small a-spacing-top-small']], [[ChromeDriver: chrome on windows (f5121afa4476cbcca632ffaec601a892)] -> xpath: //div[@class='a-section a-spacing-small a-spacing-top-small']], [[ChromeDriver: chrome on windows (f5121afa4476cbcca632ffaec601a892)] -> xpath: //div[@class='a-section a-spacing-small a-spacing-top-small']], [[ChromeDriver: chrome on windows (f5121afa4476cbcca632ffaec601a892)] -> xpath: //div[@class='a-section a-spacing-small a-spacing-top-small']], [[ChromeDriver: chrome on windows (f5121afa4476cbcca632ffaec601a892)] -> xpath: //div[@class='a-section a-spacing-small a-spacing-top-small']], [[ChromeDriver: chrome on windows (f5121afa4476cbcca632ffaec601a892)] -> xpath: //div[@class='a-section a-spacing-small a-spacing-top-small']], [[ChromeDriver: chrome on windows (f5121afa4476cbcca632ffaec601a892)] -> xpath: //div[@class='a-section a-spacing-small a-spacing-top-small']], [[ChromeDriver: chrome on windows (f5121afa4476cbcca632ffaec601a892)] -> xpath: //div[@class='a-section a-spacing-small a-spacing-top-small']], [[ChromeDriver: chrome on windows (f5121afa4476cbcca632ffaec601a892)] -> xpath: //div[@class='a-section a-spacing-small a-spacing-top-small']], [[ChromeDriver: chrome on windows (f5121afa4476cbcca632ffaec601a892)] -> xpath: //div[@class='a-section a-spacing-small a-spacing-top-small']], [[ChromeDriver: chrome on windows (f5121afa4476cbcca632ffaec601a892)] -> xpath: //div[@class='a-section a-spacing-small a-spacing-top-small']], [[ChromeDriver: chrome on windows (f5121afa4476cbcca632ffaec601a892)] -> xpath: //div[@class='a-section a-spacing-small a-spacing-top-small']], [[ChromeDriver: chrome on windows (f5121afa4476cbcca632ffaec601a892)] -> xpath: //div[@class='a-section a-spacing-small a-spacing-top-small']]] from the safeFindElements method
17:48:37 [TestNG-test-Test-2] INFO  verifyingGetItByTomorrowFilterFunctionality_Mobile_17-48-15 - [verifyingGetItByTomorrowFilterFunctionality_Mobile_17-48-15] Created hashset with required data to assert with Within validateDeliveryFilterOptions method
17:48:37 [TestNG-test-Test-2] INFO  verifyingGetItByTomorrowFilterFunctionality_Mobile_17-48-15 - [verifyingGetItByTomorrowFilterFunctionality_Mobile_17-48-15] this is the set  [Apr, Today, Tue, FREE delivery, Mon, Tomorrow, 20, 21]
17:48:37 [TestNG-test-Test-2] INFO  verifyingGetItByTomorrowFilterFunctionality_Mobile_17-48-15 - [verifyingGetItByTomorrowFilterFunctionality_Mobile_17-48-15] Within deliveryElements loop iterating over the products  Within validateDeliveryFilterOptions method
17:48:37 [TestNG-test-Test-2] INFO  verifyingGetItByTomorrowFilterFunctionality_Mobile_17-48-15 - [verifyingGetItByTomorrowFilterFunctionality_Mobile_17-48-15] Checking if the allowedDateParts have the assert text   Within validateDeliveryFilterOptions method
17:48:37 [TestNG-test-Test-2] INFO  verifyingGetItByTomorrowFilterFunctionality_Mobile_17-48-15 - [verifyingGetItByTomorrowFilterFunctionality_Mobile_17-48-15] Within deliveryElements loop iterating over the products  Within validateDeliveryFilterOptions method
17:48:37 [TestNG-test-Test-2] INFO  verifyingGetItByTomorrowFilterFunctionality_Mobile_17-48-15 - [verifyingGetItByTomorrowFilterFunctionality_Mobile_17-48-15] Checking if the allowedDateParts have the assert text   Within validateDeliveryFilterOptions method
17:48:37 [TestNG-test-Test-2] INFO  verifyingGetItByTomorrowFilterFunctionality_Mobile_17-48-15 - [verifyingGetItByTomorrowFilterFunctionality_Mobile_17-48-15] Within deliveryElements loop iterating over the products  Within validateDeliveryFilterOptions method
17:48:37 [TestNG-test-Test-2] INFO  verifyingGetItByTomorrowFilterFunctionality_Mobile_17-48-15 - [verifyingGetItByTomorrowFilterFunctionality_Mobile_17-48-15] Checking if the allowedDateParts have the assert text   Within validateDeliveryFilterOptions method
17:48:37 [TestNG-test-Test-2] INFO  verifyingGetItByTomorrowFilterFunctionality_Mobile_17-48-15 - [verifyingGetItByTomorrowFilterFunctionality_Mobile_17-48-15] Within deliveryElements loop iterating over the products  Within validateDeliveryFilterOptions method
17:48:37 [TestNG-test-Test-2] INFO  verifyingGetItByTomorrowFilterFunctionality_Mobile_17-48-15 - [verifyingGetItByTomorrowFilterFunctionality_Mobile_17-48-15] Checking if the allowedDateParts have the assert text   Within validateDeliveryFilterOptions method
17:48:37 [TestNG-test-Test-2] INFO  verifyingGetItByTomorrowFilterFunctionality_Mobile_17-48-15 - [verifyingGetItByTomorrowFilterFunctionality_Mobile_17-48-15] Within deliveryElements loop iterating over the products  Within validateDeliveryFilterOptions method
17:48:37 [TestNG-test-Test-2] INFO  verifyingGetItByTomorrowFilterFunctionality_Mobile_17-48-15 - [verifyingGetItByTomorrowFilterFunctionality_Mobile_17-48-15] Checking if the allowedDateParts have the assert text   Within validateDeliveryFilterOptions method
17:48:37 [TestNG-test-Test-2] INFO  verifyingGetItByTomorrowFilterFunctionality_Mobile_17-48-15 - [verifyingGetItByTomorrowFilterFunctionality_Mobile_17-48-15] Within deliveryElements loop iterating over the products  Within validateDeliveryFilterOptions method
17:48:37 [TestNG-test-Test-2] INFO  verifyingGetItByTomorrowFilterFunctionality_Mobile_17-48-15 - [verifyingGetItByTomorrowFilterFunctionality_Mobile_17-48-15] Checking if the allowedDateParts have the assert text   Within validateDeliveryFilterOptions method
17:48:37 [TestNG-test-Test-2] INFO  verifyingGetItByTomorrowFilterFunctionality_Mobile_17-48-15 - [verifyingGetItByTomorrowFilterFunctionality_Mobile_17-48-15] Within deliveryElements loop iterating over the products  Within validateDeliveryFilterOptions method
17:48:37 [TestNG-test-Test-2] INFO  verifyingGetItByTomorrowFilterFunctionality_Mobile_17-48-15 - [verifyingGetItByTomorrowFilterFunctionality_Mobile_17-48-15] Checking if the allowedDateParts have the assert text   Within validateDeliveryFilterOptions method
17:48:37 [TestNG-test-Test-2] INFO  verifyingGetItByTomorrowFilterFunctionality_Mobile_17-48-15 - [verifyingGetItByTomorrowFilterFunctionality_Mobile_17-48-15] Within deliveryElements loop iterating over the products  Within validateDeliveryFilterOptions method
17:48:37 [TestNG-test-Test-2] INFO  verifyingGetItByTomorrowFilterFunctionality_Mobile_17-48-15 - [verifyingGetItByTomorrowFilterFunctionality_Mobile_17-48-15] Checking if the allowedDateParts have the assert text   Within validateDeliveryFilterOptions method
17:48:37 [TestNG-test-Test-2] INFO  verifyingGetItByTomorrowFilterFunctionality_Mobile_17-48-15 - [verifyingGetItByTomorrowFilterFunctionality_Mobile_17-48-15] Within deliveryElements loop iterating over the products  Within validateDeliveryFilterOptions method
17:48:37 [TestNG-test-Test-2] INFO  verifyingGetItByTomorrowFilterFunctionality_Mobile_17-48-15 - [verifyingGetItByTomorrowFilterFunctionality_Mobile_17-48-15] Checking if the allowedDateParts have the assert text   Within validateDeliveryFilterOptions method
17:48:37 [TestNG-test-Test-2] INFO  verifyingGetItByTomorrowFilterFunctionality_Mobile_17-48-15 - [verifyingGetItByTomorrowFilterFunctionality_Mobile_17-48-15] Within deliveryElements loop iterating over the products  Within validateDeliveryFilterOptions method
17:48:37 [TestNG-test-Test-2] INFO  verifyingGetItByTomorrowFilterFunctionality_Mobile_17-48-15 - [verifyingGetItByTomorrowFilterFunctionality_Mobile_17-48-15] Checking if the allowedDateParts have the assert text   Within validateDeliveryFilterOptions method
17:48:37 [TestNG-test-Test-2] INFO  verifyingGetItByTomorrowFilterFunctionality_Mobile_17-48-15 - [verifyingGetItByTomorrowFilterFunctionality_Mobile_17-48-15] Within deliveryElements loop iterating over the products  Within validateDeliveryFilterOptions method
17:48:37 [TestNG-test-Test-2] INFO  verifyingGetItByTomorrowFilterFunctionality_Mobile_17-48-15 - [verifyingGetItByTomorrowFilterFunctionality_Mobile_17-48-15] Checking if the allowedDateParts have the assert text   Within validateDeliveryFilterOptions method
17:48:37 [TestNG-test-Test-2] INFO  verifyingGetItByTomorrowFilterFunctionality_Mobile_17-48-15 - [verifyingGetItByTomorrowFilterFunctionality_Mobile_17-48-15] Within deliveryElements loop iterating over the products  Within validateDeliveryFilterOptions method
17:48:37 [TestNG-test-Test-2] INFO  verifyingGetItByTomorrowFilterFunctionality_Mobile_17-48-15 - [verifyingGetItByTomorrowFilterFunctionality_Mobile_17-48-15] Checking if the allowedDateParts have the assert text   Within validateDeliveryFilterOptions method
17:48:37 [TestNG-test-Test-2] INFO  verifyingGetItByTomorrowFilterFunctionality_Mobile_17-48-15 - [verifyingGetItByTomorrowFilterFunctionality_Mobile_17-48-15] Within deliveryElements loop iterating over the products  Within validateDeliveryFilterOptions method
17:48:38 [TestNG-test-Test-2] INFO  verifyingGetItByTomorrowFilterFunctionality_Mobile_17-48-15 - [verifyingGetItByTomorrowFilterFunctionality_Mobile_17-48-15] Checking if the allowedDateParts have the assert text   Within validateDeliveryFilterOptions method
17:48:38 [TestNG-test-Test-2] INFO  verifyingGetItByTomorrowFilterFunctionality_Mobile_17-48-15 - [verifyingGetItByTomorrowFilterFunctionality_Mobile_17-48-15] Within deliveryElements loop iterating over the products  Within validateDeliveryFilterOptions method
17:48:38 [TestNG-test-Test-2] INFO  verifyingGetItByTomorrowFilterFunctionality_Mobile_17-48-15 - [verifyingGetItByTomorrowFilterFunctionality_Mobile_17-48-15] Checking if the allowedDateParts have the assert text   Within validateDeliveryFilterOptions method
17:48:38 [TestNG-test-Test-2] INFO  verifyingGetItByTomorrowFilterFunctionality_Mobile_17-48-15 - [verifyingGetItByTomorrowFilterFunctionality_Mobile_17-48-15] Within deliveryElements loop iterating over the products  Within validateDeliveryFilterOptions method
17:48:38 [TestNG-test-Test-2] INFO  verifyingGetItByTomorrowFilterFunctionality_Mobile_17-48-15 - [verifyingGetItByTomorrowFilterFunctionality_Mobile_17-48-15] Checking if the allowedDateParts have the assert text   Within validateDeliveryFilterOptions method
17:48:38 [TestNG-test-Test-2] INFO  verifyingGetItByTomorrowFilterFunctionality_Mobile_17-48-15 - [verifyingGetItByTomorrowFilterFunctionality_Mobile_17-48-15] Within deliveryElements loop iterating over the products  Within validateDeliveryFilterOptions method
17:48:38 [TestNG-test-Test-2] INFO  verifyingGetItByTomorrowFilterFunctionality_Mobile_17-48-15 - [verifyingGetItByTomorrowFilterFunctionality_Mobile_17-48-15] Checking if the allowedDateParts have the assert text   Within validateDeliveryFilterOptions method
17:48:38 [TestNG-test-Test-2] INFO  verifyingGetItByTomorrowFilterFunctionality_Mobile_17-48-15 - [verifyingGetItByTomorrowFilterFunctionality_Mobile_17-48-15] Returning the list with boolean values   Within validateDeliveryFilterOptions method
17:48:38 [TestNG-test-Test-2] INFO  verifyingGetItByTomorrowFilterFunctionality_Mobile_17-48-15 - [verifyingGetItByTomorrowFilterFunctionality_Mobile_17-48-15] Asserting delivery filter: isValid=true, index=-1, text=All the things are valid no errors
