20:09:47 [TestNG-test-Test-3] INFO  verifyingFreeDeliveryFilterFunctionality_Mobile_20-09-47 - No existing WebDriver found for current thread. Initializing a new ChromeDriver...
20:09:47 [TestNG-test-Test-3] INFO  verifyingFreeDeliveryFilterFunctionality_Mobile_20-09-47 - WebDriverManager: chromedriver setup OK
20:09:48 [TestNG-test-Test-3] INFO  verifyingFreeDeliveryFilterFunctionality_Mobile_20-09-47 - ChromeDriver initialized successfully for thread: 36
20:09:50 [TestNG-test-Test-3] INFO  verifyingFreeDeliveryFilterFunctionality_Mobile_20-09-47 - [verifyingFreeDeliveryFilterFunctionality_Mobile_20-09-47] Opening amazon Landing page
20:09:50 [TestNG-test-Test-3] INFO  verifyingFreeDeliveryFilterFunctionality_Mobile_20-09-47 - [verifyingFreeDeliveryFilterFunctionality_Mobile_20-09-47] Within safeFindElement method
20:09:50 [TestNG-test-Test-3] INFO  verifyingFreeDeliveryFilterFunctionality_Mobile_20-09-47 - [verifyingFreeDeliveryFilterFunctionality_Mobile_20-09-47]Found the element returning it ,element ->[[ChromeDriver: chrome on windows (48a45dcf392616509184694f840f67dd)] -> xpath: //a[@id='nav-logo-sprites']]
20:09:50 [TestNG-test-Test-3] INFO  verifyingFreeDeliveryFilterFunctionality_Mobile_20-09-47 - [verifyingFreeDeliveryFilterFunctionality_Mobile_20-09-47] Giving input within the search bar
20:09:50 [TestNG-test-Test-3] INFO  verifyingFreeDeliveryFilterFunctionality_Mobile_20-09-47 - [verifyingFreeDeliveryFilterFunctionality_Mobile_20-09-47] Within safeClick method
20:09:51 [TestNG-test-Test-3] INFO  verifyingFreeDeliveryFilterFunctionality_Mobile_20-09-47 - [verifyingFreeDeliveryFilterFunctionality_Mobile_20-09-47] Clicked the  [[ChromeDriver: chrome on windows (48a45dcf392616509184694f840f67dd)] -> xpath: //input[@id='nav-search-submit-button']]   using safeClick
20:09:51 [TestNG-test-Test-3] INFO  verifyingFreeDeliveryFilterFunctionality_Mobile_20-09-47 - [verifyingFreeDeliveryFilterFunctionality_Mobile_20-09-47] Clicking on the submit in the search bar
20:09:53 [TestNG-test-Test-3] INFO  verifyingFreeDeliveryFilterFunctionality_Mobile_20-09-47 - [verifyingFreeDeliveryFilterFunctionality_Mobile_20-09-47] Waiting until element is visible in viewport
20:09:53 [TestNG-test-Test-3] INFO  verifyingFreeDeliveryFilterFunctionality_Mobile_20-09-47 - [verifyingFreeDeliveryFilterFunctionality_Mobile_20-09-47] Within validateDeliveryFilterOptionsWithResult method
20:09:53 [TestNG-test-Test-3] INFO  verifyingFreeDeliveryFilterFunctionality_Mobile_20-09-47 - [verifyingFreeDeliveryFilterFunctionality_Mobile_20-09-47] Within safeClick method
20:09:53 [TestNG-test-Test-3] INFO  verifyingFreeDeliveryFilterFunctionality_Mobile_20-09-47 - [verifyingFreeDeliveryFilterFunctionality_Mobile_20-09-47] Clicked the  [[ChromeDriver: chrome on windows (48a45dcf392616509184694f840f67dd)] -> xpath: //span[@class='a-size-base a-color-base puis-bold-weight-text' and text()='Eligible for Free Delivery']/parent::div/following-sibling::ul//span[@class='a-size-base a-color-base' and text()='Free Shipping']]   using safeClick
20:09:53 [TestNG-test-Test-3] INFO  verifyingFreeDeliveryFilterFunctionality_Mobile_20-09-47 - [verifyingFreeDeliveryFilterFunctionality_Mobile_20-09-47] Within getMoreButtonByFilterTypeAndName method
20:09:53 [TestNG-test-Test-3] INFO  verifyingFreeDeliveryFilterFunctionality_Mobile_20-09-47 - [verifyingFreeDeliveryFilterFunctionality_Mobile_20-09-47] Clicked on By.xpath: //span[@class='a-size-base a-color-base puis-bold-weight-text' and text()='Eligible for Free Delivery']/parent::div/following-sibling::ul//span[@class='a-size-base a-color-base' and text()='Free Shipping']
20:09:53 [TestNG-test-Test-3] INFO  verifyingFreeDeliveryFilterFunctionality_Mobile_20-09-47 - [verifyingFreeDeliveryFilterFunctionality_Mobile_20-09-47] Within safeFindElements 
20:09:54 [TestNG-test-Test-3] INFO  verifyingFreeDeliveryFilterFunctionality_Mobile_20-09-47 - [verifyingFreeDeliveryFilterFunctionality_Mobile_20-09-47] Returning the  [[[ChromeDriver: chrome on windows (48a45dcf392616509184694f840f67dd)] -> xpath: //div[@class='a-section a-spacing-small a-spacing-top-small']], [[ChromeDriver: chrome on windows (48a45dcf392616509184694f840f67dd)] -> xpath: //div[@class='a-section a-spacing-small a-spacing-top-small']], [[ChromeDriver: chrome on windows (48a45dcf392616509184694f840f67dd)] -> xpath: //div[@class='a-section a-spacing-small a-spacing-top-small']], [[ChromeDriver: chrome on windows (48a45dcf392616509184694f840f67dd)] -> xpath: //div[@class='a-section a-spacing-small a-spacing-top-small']], [[ChromeDriver: chrome on windows (48a45dcf392616509184694f840f67dd)] -> xpath: //div[@class='a-section a-spacing-small a-spacing-top-small']], [[ChromeDriver: chrome on windows (48a45dcf392616509184694f840f67dd)] -> xpath: //div[@class='a-section a-spacing-small a-spacing-top-small']], [[ChromeDriver: chrome on windows (48a45dcf392616509184694f840f67dd)] -> xpath: //div[@class='a-section a-spacing-small a-spacing-top-small']], [[ChromeDriver: chrome on windows (48a45dcf392616509184694f840f67dd)] -> xpath: //div[@class='a-section a-spacing-small a-spacing-top-small']], [[ChromeDriver: chrome on windows (48a45dcf392616509184694f840f67dd)] -> xpath: //div[@class='a-section a-spacing-small a-spacing-top-small']], [[ChromeDriver: chrome on windows (48a45dcf392616509184694f840f67dd)] -> xpath: //div[@class='a-section a-spacing-small a-spacing-top-small']], [[ChromeDriver: chrome on windows (48a45dcf392616509184694f840f67dd)] -> xpath: //div[@class='a-section a-spacing-small a-spacing-top-small']], [[ChromeDriver: chrome on windows (48a45dcf392616509184694f840f67dd)] -> xpath: //div[@class='a-section a-spacing-small a-spacing-top-small']], [[ChromeDriver: chrome on windows (48a45dcf392616509184694f840f67dd)] -> xpath: //div[@class='a-section a-spacing-small a-spacing-top-small']], [[ChromeDriver: chrome on windows (48a45dcf392616509184694f840f67dd)] -> xpath: //div[@class='a-section a-spacing-small a-spacing-top-small']], [[ChromeDriver: chrome on windows (48a45dcf392616509184694f840f67dd)] -> xpath: //div[@class='a-section a-spacing-small a-spacing-top-small']], [[ChromeDriver: chrome on windows (48a45dcf392616509184694f840f67dd)] -> xpath: //div[@class='a-section a-spacing-small a-spacing-top-small']]] from the safeFindElements method
20:09:54 [TestNG-test-Test-3] INFO  verifyingFreeDeliveryFilterFunctionality_Mobile_20-09-47 - [verifyingFreeDeliveryFilterFunctionality_Mobile_20-09-47] Created hashset with required data to assert with Within validateDeliveryFilterOptions method
20:09:54 [TestNG-test-Test-3] INFO  verifyingFreeDeliveryFilterFunctionality_Mobile_20-09-47 - [verifyingFreeDeliveryFilterFunctionality_Mobile_20-09-47] this is the set  [11, 12, Today, May, Tue, FREE delivery, Mon, Tomorrow]
20:09:54 [TestNG-test-Test-3] INFO  verifyingFreeDeliveryFilterFunctionality_Mobile_20-09-47 - [verifyingFreeDeliveryFilterFunctionality_Mobile_20-09-47] Within deliveryElements loop iterating over the products  Within validateDeliveryFilterOptions method
20:09:54 [TestNG-test-Test-3] INFO  verifyingFreeDeliveryFilterFunctionality_Mobile_20-09-47 - [verifyingFreeDeliveryFilterFunctionality_Mobile_20-09-47] Checking if the allowedDateParts have the assert text   Within validateDeliveryFilterOptions method
20:09:54 [TestNG-test-Test-3] INFO  verifyingFreeDeliveryFilterFunctionality_Mobile_20-09-47 - [verifyingFreeDeliveryFilterFunctionality_Mobile_20-09-47] Within deliveryElements loop iterating over the products  Within validateDeliveryFilterOptions method
20:09:55 [TestNG-test-Test-3] INFO  verifyingFreeDeliveryFilterFunctionality_Mobile_20-09-47 - [verifyingFreeDeliveryFilterFunctionality_Mobile_20-09-47] Checking if the allowedDateParts have the assert text   Within validateDeliveryFilterOptions method
20:09:55 [TestNG-test-Test-3] INFO  verifyingFreeDeliveryFilterFunctionality_Mobile_20-09-47 - [verifyingFreeDeliveryFilterFunctionality_Mobile_20-09-47] Within deliveryElements loop iterating over the products  Within validateDeliveryFilterOptions method
20:09:55 [TestNG-test-Test-3] INFO  verifyingFreeDeliveryFilterFunctionality_Mobile_20-09-47 - [verifyingFreeDeliveryFilterFunctionality_Mobile_20-09-47] Checking if the allowedDateParts have the assert text   Within validateDeliveryFilterOptions method
20:09:55 [TestNG-test-Test-3] INFO  verifyingFreeDeliveryFilterFunctionality_Mobile_20-09-47 - [verifyingFreeDeliveryFilterFunctionality_Mobile_20-09-47] Within deliveryElements loop iterating over the products  Within validateDeliveryFilterOptions method
20:09:55 [TestNG-test-Test-3] INFO  verifyingFreeDeliveryFilterFunctionality_Mobile_20-09-47 - [verifyingFreeDeliveryFilterFunctionality_Mobile_20-09-47] Checking if the allowedDateParts have the assert text   Within validateDeliveryFilterOptions method
20:09:55 [TestNG-test-Test-3] INFO  verifyingFreeDeliveryFilterFunctionality_Mobile_20-09-47 - [verifyingFreeDeliveryFilterFunctionality_Mobile_20-09-47] Within deliveryElements loop iterating over the products  Within validateDeliveryFilterOptions method
20:09:55 [TestNG-test-Test-3] INFO  verifyingFreeDeliveryFilterFunctionality_Mobile_20-09-47 - [verifyingFreeDeliveryFilterFunctionality_Mobile_20-09-47] Checking if the allowedDateParts have the assert text   Within validateDeliveryFilterOptions method
20:09:55 [TestNG-test-Test-3] INFO  verifyingFreeDeliveryFilterFunctionality_Mobile_20-09-47 - [verifyingFreeDeliveryFilterFunctionality_Mobile_20-09-47] Within deliveryElements loop iterating over the products  Within validateDeliveryFilterOptions method
20:09:55 [TestNG-test-Test-3] INFO  verifyingFreeDeliveryFilterFunctionality_Mobile_20-09-47 - [verifyingFreeDeliveryFilterFunctionality_Mobile_20-09-47] Checking if the allowedDateParts have the assert text   Within validateDeliveryFilterOptions method
20:09:55 [TestNG-test-Test-3] INFO  verifyingFreeDeliveryFilterFunctionality_Mobile_20-09-47 - [verifyingFreeDeliveryFilterFunctionality_Mobile_20-09-47] Within deliveryElements loop iterating over the products  Within validateDeliveryFilterOptions method
20:09:55 [TestNG-test-Test-3] INFO  verifyingFreeDeliveryFilterFunctionality_Mobile_20-09-47 - [verifyingFreeDeliveryFilterFunctionality_Mobile_20-09-47] Checking if the allowedDateParts have the assert text   Within validateDeliveryFilterOptions method
20:09:55 [TestNG-test-Test-3] INFO  verifyingFreeDeliveryFilterFunctionality_Mobile_20-09-47 - [verifyingFreeDeliveryFilterFunctionality_Mobile_20-09-47] Within deliveryElements loop iterating over the products  Within validateDeliveryFilterOptions method
20:09:55 [TestNG-test-Test-3] INFO  verifyingFreeDeliveryFilterFunctionality_Mobile_20-09-47 - [verifyingFreeDeliveryFilterFunctionality_Mobile_20-09-47] Checking if the allowedDateParts have the assert text   Within validateDeliveryFilterOptions method
20:09:55 [TestNG-test-Test-3] INFO  verifyingFreeDeliveryFilterFunctionality_Mobile_20-09-47 - [verifyingFreeDeliveryFilterFunctionality_Mobile_20-09-47] Within deliveryElements loop iterating over the products  Within validateDeliveryFilterOptions method
20:09:55 [TestNG-test-Test-3] INFO  verifyingFreeDeliveryFilterFunctionality_Mobile_20-09-47 - [verifyingFreeDeliveryFilterFunctionality_Mobile_20-09-47] Checking if the allowedDateParts have the assert text   Within validateDeliveryFilterOptions method
20:09:55 [TestNG-test-Test-3] INFO  verifyingFreeDeliveryFilterFunctionality_Mobile_20-09-47 - [verifyingFreeDeliveryFilterFunctionality_Mobile_20-09-47] Within deliveryElements loop iterating over the products  Within validateDeliveryFilterOptions method
20:09:55 [TestNG-test-Test-3] INFO  verifyingFreeDeliveryFilterFunctionality_Mobile_20-09-47 - [verifyingFreeDeliveryFilterFunctionality_Mobile_20-09-47] Checking if the allowedDateParts have the assert text   Within validateDeliveryFilterOptions method
20:09:55 [TestNG-test-Test-3] INFO  verifyingFreeDeliveryFilterFunctionality_Mobile_20-09-47 - [verifyingFreeDeliveryFilterFunctionality_Mobile_20-09-47] Within deliveryElements loop iterating over the products  Within validateDeliveryFilterOptions method
20:09:55 [TestNG-test-Test-3] INFO  verifyingFreeDeliveryFilterFunctionality_Mobile_20-09-47 - [verifyingFreeDeliveryFilterFunctionality_Mobile_20-09-47] Checking if the allowedDateParts have the assert text   Within validateDeliveryFilterOptions method
20:09:55 [TestNG-test-Test-3] INFO  verifyingFreeDeliveryFilterFunctionality_Mobile_20-09-47 - [verifyingFreeDeliveryFilterFunctionality_Mobile_20-09-47] Within deliveryElements loop iterating over the products  Within validateDeliveryFilterOptions method
20:09:55 [TestNG-test-Test-3] INFO  verifyingFreeDeliveryFilterFunctionality_Mobile_20-09-47 - [verifyingFreeDeliveryFilterFunctionality_Mobile_20-09-47] Checking if the allowedDateParts have the assert text   Within validateDeliveryFilterOptions method
20:09:55 [TestNG-test-Test-3] INFO  verifyingFreeDeliveryFilterFunctionality_Mobile_20-09-47 - [verifyingFreeDeliveryFilterFunctionality_Mobile_20-09-47] Within deliveryElements loop iterating over the products  Within validateDeliveryFilterOptions method
20:09:55 [TestNG-test-Test-3] INFO  verifyingFreeDeliveryFilterFunctionality_Mobile_20-09-47 - [verifyingFreeDeliveryFilterFunctionality_Mobile_20-09-47] Checking if the allowedDateParts have the assert text   Within validateDeliveryFilterOptions method
20:09:55 [TestNG-test-Test-3] INFO  verifyingFreeDeliveryFilterFunctionality_Mobile_20-09-47 - [verifyingFreeDeliveryFilterFunctionality_Mobile_20-09-47] Within deliveryElements loop iterating over the products  Within validateDeliveryFilterOptions method
20:09:55 [TestNG-test-Test-3] INFO  verifyingFreeDeliveryFilterFunctionality_Mobile_20-09-47 - [verifyingFreeDeliveryFilterFunctionality_Mobile_20-09-47] Checking if the allowedDateParts have the assert text   Within validateDeliveryFilterOptions method
20:09:55 [TestNG-test-Test-3] INFO  verifyingFreeDeliveryFilterFunctionality_Mobile_20-09-47 - [verifyingFreeDeliveryFilterFunctionality_Mobile_20-09-47] Within deliveryElements loop iterating over the products  Within validateDeliveryFilterOptions method
20:09:55 [TestNG-test-Test-3] INFO  verifyingFreeDeliveryFilterFunctionality_Mobile_20-09-47 - [verifyingFreeDeliveryFilterFunctionality_Mobile_20-09-47] Checking if the allowedDateParts have the assert text   Within validateDeliveryFilterOptions method
20:09:55 [TestNG-test-Test-3] INFO  verifyingFreeDeliveryFilterFunctionality_Mobile_20-09-47 - [verifyingFreeDeliveryFilterFunctionality_Mobile_20-09-47] Within deliveryElements loop iterating over the products  Within validateDeliveryFilterOptions method
20:09:55 [TestNG-test-Test-3] INFO  verifyingFreeDeliveryFilterFunctionality_Mobile_20-09-47 - [verifyingFreeDeliveryFilterFunctionality_Mobile_20-09-47] Checking if the allowedDateParts have the assert text   Within validateDeliveryFilterOptions method
20:09:55 [TestNG-test-Test-3] INFO  verifyingFreeDeliveryFilterFunctionality_Mobile_20-09-47 - [verifyingFreeDeliveryFilterFunctionality_Mobile_20-09-47] Returning the list with boolean values   Within validateDeliveryFilterOptions method
20:09:55 [TestNG-test-Test-3] INFO  verifyingFreeDeliveryFilterFunctionality_Mobile_20-09-47 - [verifyingFreeDeliveryFilterFunctionality_Mobile_20-09-47] Asserting delivery filter: isValid=true, index=-1, text=All the things are valid no errors
