11:26:04 [TestNG-test-Test-3] INFO  verifyingFreeDeliveryFilterFunctionality_Tablet_11-26-04 - No existing WebDriver found for current thread. Initializing a new ChromeDriver...
11:26:04 [TestNG-test-Test-3] INFO  verifyingFreeDeliveryFilterFunctionality_Tablet_11-26-04 - WebDriverManager: chromedriver setup OK
11:26:06 [TestNG-test-Test-3] INFO  verifyingFreeDeliveryFilterFunctionality_Tablet_11-26-04 - ChromeDriver initialized successfully for thread: 36
11:26:07 [TestNG-test-Test-3] INFO  verifyingFreeDeliveryFilterFunctionality_Tablet_11-26-04 - [verifyingFreeDeliveryFilterFunctionality_Tablet_11-26-04] Opening amazon Landing page
11:26:07 [TestNG-test-Test-3] INFO  verifyingFreeDeliveryFilterFunctionality_Tablet_11-26-04 - [verifyingFreeDeliveryFilterFunctionality_Tablet_11-26-04] Within safeFindElement method
11:26:12 [TestNG-test-Test-3] INFO  verifyingFreeDeliveryFilterFunctionality_Tablet_11-26-04 - [verifyingFreeDeliveryFilterFunctionality_Tablet_11-26-04]Retrying findElement for: ->By.xpath: //a[@id='nav-logo-sprites']
11:26:12 [TestNG-test-Test-3] INFO  verifyingFreeDeliveryFilterFunctionality_Tablet_11-26-04 - [verifyingFreeDeliveryFilterFunctionality_Tablet_11-26-04]Refrehsing the page , while trying to safely find : ->By.xpath: //a[@id='nav-logo-sprites']
11:26:17 [TestNG-test-Test-3] INFO  verifyingFreeDeliveryFilterFunctionality_Tablet_11-26-04 - [verifyingFreeDeliveryFilterFunctionality_Tablet_11-26-04]Retrying findElement for: ->By.xpath: //a[@id='nav-logo-sprites']
11:26:18 [TestNG-test-Test-3] INFO  verifyingFreeDeliveryFilterFunctionality_Tablet_11-26-04 - [verifyingFreeDeliveryFilterFunctionality_Tablet_11-26-04]Refrehsing the page , while trying to safely find : ->By.xpath: //a[@id='nav-logo-sprites']
11:26:18 [TestNG-test-Test-3] INFO  verifyingFreeDeliveryFilterFunctionality_Tablet_11-26-04 - [verifyingFreeDeliveryFilterFunctionality_Tablet_11-26-04] Skipping action: Element not found after 2   attemps
11:26:22 [TestNG-test-Test-3] INFO  verifyingFreeDeliveryFilterFunctionality_Tablet_11-26-04 - [verifyingFreeDeliveryFilterFunctionality_Tablet_11-26-04] Giving input within the search bar
11:26:22 [TestNG-test-Test-3] INFO  verifyingFreeDeliveryFilterFunctionality_Tablet_11-26-04 - [verifyingFreeDeliveryFilterFunctionality_Tablet_11-26-04] Within safeClick method
11:26:26 [TestNG-test-Test-3] INFO  verifyingFreeDeliveryFilterFunctionality_Tablet_11-26-04 - [verifyingFreeDeliveryFilterFunctionality_Tablet_11-26-04] Clicked the  [[ChromeDriver: chrome on windows (d529962ec5f10a69ed3a1b1359b5d3bf)] -> xpath: //input[@id='nav-search-submit-button']]   using safeClick
11:26:26 [TestNG-test-Test-3] INFO  verifyingFreeDeliveryFilterFunctionality_Tablet_11-26-04 - [verifyingFreeDeliveryFilterFunctionality_Tablet_11-26-04] Clicking on the submit in the search bar
11:26:27 [TestNG-test-Test-3] INFO  verifyingFreeDeliveryFilterFunctionality_Tablet_11-26-04 - [verifyingFreeDeliveryFilterFunctionality_Tablet_11-26-04] Waiting until element is visible in viewport
11:26:27 [TestNG-test-Test-3] INFO  verifyingFreeDeliveryFilterFunctionality_Tablet_11-26-04 - [verifyingFreeDeliveryFilterFunctionality_Tablet_11-26-04] Within validateDeliveryFilterOptionsWithResult method
11:26:27 [TestNG-test-Test-3] INFO  verifyingFreeDeliveryFilterFunctionality_Tablet_11-26-04 - [verifyingFreeDeliveryFilterFunctionality_Tablet_11-26-04] Within safeClick method
11:26:34 [TestNG-test-Test-3] INFO  verifyingFreeDeliveryFilterFunctionality_Tablet_11-26-04 - [verifyingFreeDeliveryFilterFunctionality_Tablet_11-26-04] Clicked the  [[ChromeDriver: chrome on windows (d529962ec5f10a69ed3a1b1359b5d3bf)] -> xpath: //span[@class='a-size-base a-color-base puis-bold-weight-text' and text()='Eligible for Free Delivery']/parent::div/following-sibling::ul//span[@class='a-size-base a-color-base' and text()='Free Shipping']]   using safeClick
11:26:34 [TestNG-test-Test-3] INFO  verifyingFreeDeliveryFilterFunctionality_Tablet_11-26-04 - [verifyingFreeDeliveryFilterFunctionality_Tablet_11-26-04] Within getMoreButtonByFilterTypeAndName method
11:26:34 [TestNG-test-Test-3] INFO  verifyingFreeDeliveryFilterFunctionality_Tablet_11-26-04 - [verifyingFreeDeliveryFilterFunctionality_Tablet_11-26-04] Clicked on By.xpath: //span[@class='a-size-base a-color-base puis-bold-weight-text' and text()='Eligible for Free Delivery']/parent::div/following-sibling::ul//span[@class='a-size-base a-color-base' and text()='Free Shipping']
11:26:34 [TestNG-test-Test-3] INFO  verifyingFreeDeliveryFilterFunctionality_Tablet_11-26-04 - [verifyingFreeDeliveryFilterFunctionality_Tablet_11-26-04] Within safeFindElements 
11:26:34 [TestNG-test-Test-3] INFO  verifyingFreeDeliveryFilterFunctionality_Tablet_11-26-04 - [verifyingFreeDeliveryFilterFunctionality_Tablet_11-26-04] Returning the  [[[ChromeDriver: chrome on windows (d529962ec5f10a69ed3a1b1359b5d3bf)] -> xpath: //div[@class='a-section a-spacing-small a-spacing-top-small']], [[ChromeDriver: chrome on windows (d529962ec5f10a69ed3a1b1359b5d3bf)] -> xpath: //div[@class='a-section a-spacing-small a-spacing-top-small']], [[ChromeDriver: chrome on windows (d529962ec5f10a69ed3a1b1359b5d3bf)] -> xpath: //div[@class='a-section a-spacing-small a-spacing-top-small']], [[ChromeDriver: chrome on windows (d529962ec5f10a69ed3a1b1359b5d3bf)] -> xpath: //div[@class='a-section a-spacing-small a-spacing-top-small']], [[ChromeDriver: chrome on windows (d529962ec5f10a69ed3a1b1359b5d3bf)] -> xpath: //div[@class='a-section a-spacing-small a-spacing-top-small']], [[ChromeDriver: chrome on windows (d529962ec5f10a69ed3a1b1359b5d3bf)] -> xpath: //div[@class='a-section a-spacing-small a-spacing-top-small']], [[ChromeDriver: chrome on windows (d529962ec5f10a69ed3a1b1359b5d3bf)] -> xpath: //div[@class='a-section a-spacing-small a-spacing-top-small']], [[ChromeDriver: chrome on windows (d529962ec5f10a69ed3a1b1359b5d3bf)] -> xpath: //div[@class='a-section a-spacing-small a-spacing-top-small']], [[ChromeDriver: chrome on windows (d529962ec5f10a69ed3a1b1359b5d3bf)] -> xpath: //div[@class='a-section a-spacing-small a-spacing-top-small']], [[ChromeDriver: chrome on windows (d529962ec5f10a69ed3a1b1359b5d3bf)] -> xpath: //div[@class='a-section a-spacing-small a-spacing-top-small']], [[ChromeDriver: chrome on windows (d529962ec5f10a69ed3a1b1359b5d3bf)] -> xpath: //div[@class='a-section a-spacing-small a-spacing-top-small']], [[ChromeDriver: chrome on windows (d529962ec5f10a69ed3a1b1359b5d3bf)] -> xpath: //div[@class='a-section a-spacing-small a-spacing-top-small']], [[ChromeDriver: chrome on windows (d529962ec5f10a69ed3a1b1359b5d3bf)] -> xpath: //div[@class='a-section a-spacing-small a-spacing-top-small']], [[ChromeDriver: chrome on windows (d529962ec5f10a69ed3a1b1359b5d3bf)] -> xpath: //div[@class='a-section a-spacing-small a-spacing-top-small']], [[ChromeDriver: chrome on windows (d529962ec5f10a69ed3a1b1359b5d3bf)] -> xpath: //div[@class='a-section a-spacing-small a-spacing-top-small']], [[ChromeDriver: chrome on windows (d529962ec5f10a69ed3a1b1359b5d3bf)] -> xpath: //div[@class='a-section a-spacing-small a-spacing-top-small']]] from the safeFindElements method
11:26:34 [TestNG-test-Test-3] INFO  verifyingFreeDeliveryFilterFunctionality_Tablet_11-26-04 - [verifyingFreeDeliveryFilterFunctionality_Tablet_11-26-04] Created hashset with required data to assert with Within validateDeliveryFilterOptions method
11:26:34 [TestNG-test-Test-3] INFO  verifyingFreeDeliveryFilterFunctionality_Tablet_11-26-04 - [verifyingFreeDeliveryFilterFunctionality_Tablet_11-26-04] this is the set  [Apr, Today, 05, FREE delivery, 06, Sun, Mon, Tomorrow]
11:26:34 [TestNG-test-Test-3] INFO  verifyingFreeDeliveryFilterFunctionality_Tablet_11-26-04 - [verifyingFreeDeliveryFilterFunctionality_Tablet_11-26-04] Within deliveryElements loop iterating over the products  Within validateDeliveryFilterOptions method
11:26:34 [TestNG-test-Test-3] INFO  verifyingFreeDeliveryFilterFunctionality_Tablet_11-26-04 - [verifyingFreeDeliveryFilterFunctionality_Tablet_11-26-04] Checking if the allowedDateParts have the assert text   Within validateDeliveryFilterOptions method
11:26:34 [TestNG-test-Test-3] INFO  verifyingFreeDeliveryFilterFunctionality_Tablet_11-26-04 - [verifyingFreeDeliveryFilterFunctionality_Tablet_11-26-04] Within deliveryElements loop iterating over the products  Within validateDeliveryFilterOptions method
11:26:34 [TestNG-test-Test-3] INFO  verifyingFreeDeliveryFilterFunctionality_Tablet_11-26-04 - [verifyingFreeDeliveryFilterFunctionality_Tablet_11-26-04] Checking if the allowedDateParts have the assert text   Within validateDeliveryFilterOptions method
11:26:34 [TestNG-test-Test-3] INFO  verifyingFreeDeliveryFilterFunctionality_Tablet_11-26-04 - [verifyingFreeDeliveryFilterFunctionality_Tablet_11-26-04] Within deliveryElements loop iterating over the products  Within validateDeliveryFilterOptions method
11:26:35 [TestNG-test-Test-3] INFO  verifyingFreeDeliveryFilterFunctionality_Tablet_11-26-04 - [verifyingFreeDeliveryFilterFunctionality_Tablet_11-26-04] Checking if the allowedDateParts have the assert text   Within validateDeliveryFilterOptions method
11:26:35 [TestNG-test-Test-3] INFO  verifyingFreeDeliveryFilterFunctionality_Tablet_11-26-04 - [verifyingFreeDeliveryFilterFunctionality_Tablet_11-26-04] Within deliveryElements loop iterating over the products  Within validateDeliveryFilterOptions method
11:26:35 [TestNG-test-Test-3] INFO  verifyingFreeDeliveryFilterFunctionality_Tablet_11-26-04 - [verifyingFreeDeliveryFilterFunctionality_Tablet_11-26-04] Checking if the allowedDateParts have the assert text   Within validateDeliveryFilterOptions method
11:26:35 [TestNG-test-Test-3] INFO  verifyingFreeDeliveryFilterFunctionality_Tablet_11-26-04 - [verifyingFreeDeliveryFilterFunctionality_Tablet_11-26-04] Within deliveryElements loop iterating over the products  Within validateDeliveryFilterOptions method
11:26:35 [TestNG-test-Test-3] INFO  verifyingFreeDeliveryFilterFunctionality_Tablet_11-26-04 - [verifyingFreeDeliveryFilterFunctionality_Tablet_11-26-04] Checking if the allowedDateParts have the assert text   Within validateDeliveryFilterOptions method
11:26:35 [TestNG-test-Test-3] INFO  verifyingFreeDeliveryFilterFunctionality_Tablet_11-26-04 - [verifyingFreeDeliveryFilterFunctionality_Tablet_11-26-04] Within deliveryElements loop iterating over the products  Within validateDeliveryFilterOptions method
11:26:35 [TestNG-test-Test-3] INFO  verifyingFreeDeliveryFilterFunctionality_Tablet_11-26-04 - [verifyingFreeDeliveryFilterFunctionality_Tablet_11-26-04] Checking if the allowedDateParts have the assert text   Within validateDeliveryFilterOptions method
11:26:35 [TestNG-test-Test-3] INFO  verifyingFreeDeliveryFilterFunctionality_Tablet_11-26-04 - [verifyingFreeDeliveryFilterFunctionality_Tablet_11-26-04] Within deliveryElements loop iterating over the products  Within validateDeliveryFilterOptions method
11:26:35 [TestNG-test-Test-3] INFO  verifyingFreeDeliveryFilterFunctionality_Tablet_11-26-04 - [verifyingFreeDeliveryFilterFunctionality_Tablet_11-26-04] Checking if the allowedDateParts have the assert text   Within validateDeliveryFilterOptions method
11:26:35 [TestNG-test-Test-3] INFO  verifyingFreeDeliveryFilterFunctionality_Tablet_11-26-04 - [verifyingFreeDeliveryFilterFunctionality_Tablet_11-26-04] Within deliveryElements loop iterating over the products  Within validateDeliveryFilterOptions method
11:26:35 [TestNG-test-Test-3] INFO  verifyingFreeDeliveryFilterFunctionality_Tablet_11-26-04 - [verifyingFreeDeliveryFilterFunctionality_Tablet_11-26-04] Checking if the allowedDateParts have the assert text   Within validateDeliveryFilterOptions method
11:26:35 [TestNG-test-Test-3] INFO  verifyingFreeDeliveryFilterFunctionality_Tablet_11-26-04 - [verifyingFreeDeliveryFilterFunctionality_Tablet_11-26-04] Within deliveryElements loop iterating over the products  Within validateDeliveryFilterOptions method
11:26:35 [TestNG-test-Test-3] INFO  verifyingFreeDeliveryFilterFunctionality_Tablet_11-26-04 - [verifyingFreeDeliveryFilterFunctionality_Tablet_11-26-04] Checking if the allowedDateParts have the assert text   Within validateDeliveryFilterOptions method
11:26:35 [TestNG-test-Test-3] INFO  verifyingFreeDeliveryFilterFunctionality_Tablet_11-26-04 - [verifyingFreeDeliveryFilterFunctionality_Tablet_11-26-04] Within deliveryElements loop iterating over the products  Within validateDeliveryFilterOptions method
11:26:35 [TestNG-test-Test-3] INFO  verifyingFreeDeliveryFilterFunctionality_Tablet_11-26-04 - [verifyingFreeDeliveryFilterFunctionality_Tablet_11-26-04] Checking if the allowedDateParts have the assert text   Within validateDeliveryFilterOptions method
11:26:35 [TestNG-test-Test-3] INFO  verifyingFreeDeliveryFilterFunctionality_Tablet_11-26-04 - [verifyingFreeDeliveryFilterFunctionality_Tablet_11-26-04] Within deliveryElements loop iterating over the products  Within validateDeliveryFilterOptions method
11:26:35 [TestNG-test-Test-3] INFO  verifyingFreeDeliveryFilterFunctionality_Tablet_11-26-04 - [verifyingFreeDeliveryFilterFunctionality_Tablet_11-26-04] Checking if the allowedDateParts have the assert text   Within validateDeliveryFilterOptions method
11:26:35 [TestNG-test-Test-3] INFO  verifyingFreeDeliveryFilterFunctionality_Tablet_11-26-04 - [verifyingFreeDeliveryFilterFunctionality_Tablet_11-26-04] Within deliveryElements loop iterating over the products  Within validateDeliveryFilterOptions method
11:26:36 [TestNG-test-Test-3] INFO  verifyingFreeDeliveryFilterFunctionality_Tablet_11-26-04 - [verifyingFreeDeliveryFilterFunctionality_Tablet_11-26-04] Checking if the allowedDateParts have the assert text   Within validateDeliveryFilterOptions method
11:26:36 [TestNG-test-Test-3] INFO  verifyingFreeDeliveryFilterFunctionality_Tablet_11-26-04 - [verifyingFreeDeliveryFilterFunctionality_Tablet_11-26-04] Within deliveryElements loop iterating over the products  Within validateDeliveryFilterOptions method
11:26:36 [TestNG-test-Test-3] INFO  verifyingFreeDeliveryFilterFunctionality_Tablet_11-26-04 - [verifyingFreeDeliveryFilterFunctionality_Tablet_11-26-04] Checking if the allowedDateParts have the assert text   Within validateDeliveryFilterOptions method
11:26:36 [TestNG-test-Test-3] INFO  verifyingFreeDeliveryFilterFunctionality_Tablet_11-26-04 - [verifyingFreeDeliveryFilterFunctionality_Tablet_11-26-04] Within deliveryElements loop iterating over the products  Within validateDeliveryFilterOptions method
11:26:36 [TestNG-test-Test-3] INFO  verifyingFreeDeliveryFilterFunctionality_Tablet_11-26-04 - [verifyingFreeDeliveryFilterFunctionality_Tablet_11-26-04] Checking if the allowedDateParts have the assert text   Within validateDeliveryFilterOptions method
11:26:36 [TestNG-test-Test-3] INFO  verifyingFreeDeliveryFilterFunctionality_Tablet_11-26-04 - [verifyingFreeDeliveryFilterFunctionality_Tablet_11-26-04] Within deliveryElements loop iterating over the products  Within validateDeliveryFilterOptions method
11:26:36 [TestNG-test-Test-3] INFO  verifyingFreeDeliveryFilterFunctionality_Tablet_11-26-04 - [verifyingFreeDeliveryFilterFunctionality_Tablet_11-26-04] Checking if the allowedDateParts have the assert text   Within validateDeliveryFilterOptions method
11:26:36 [TestNG-test-Test-3] INFO  verifyingFreeDeliveryFilterFunctionality_Tablet_11-26-04 - [verifyingFreeDeliveryFilterFunctionality_Tablet_11-26-04] Within deliveryElements loop iterating over the products  Within validateDeliveryFilterOptions method
11:26:36 [TestNG-test-Test-3] INFO  verifyingFreeDeliveryFilterFunctionality_Tablet_11-26-04 - [verifyingFreeDeliveryFilterFunctionality_Tablet_11-26-04] Checking if the allowedDateParts have the assert text   Within validateDeliveryFilterOptions method
11:26:36 [TestNG-test-Test-3] INFO  verifyingFreeDeliveryFilterFunctionality_Tablet_11-26-04 - [verifyingFreeDeliveryFilterFunctionality_Tablet_11-26-04] Returning the list with boolean values   Within validateDeliveryFilterOptions method
11:26:36 [TestNG-test-Test-3] INFO  verifyingFreeDeliveryFilterFunctionality_Tablet_11-26-04 - [verifyingFreeDeliveryFilterFunctionality_Tablet_11-26-04] Asserting delivery filter: isValid=true, index=-1, text=All the things are valid no errors
